/tmp/closure_102_NopolC
export PATH="/home/tdurieux/defects4j/framework/bin:$PATH";export JAVA_TOOL_OPTIONS=-Dfile.encoding=UTF8;export PATH="/usr/lib/jvm/java-1.7.0-openjdk-amd64/bin/:$PATH";cd /home/tdurieux/projects/closure/closure_102;defects4j compile;cp -r /home/tdurieux/projects/closure/closure_102 /tmp/closure_102_NopolC;cd /tmp/closure_102_NopolC;mkdir lib/;cp -r /home/tdurieux/defects4j/framework/projects/lib/* lib/;cp -r /home/tdurieux/defects4j/framework/projects/Closure/lib/* lib/;find . -type f -name "package-info.java" -delete;
cd /tmp/closure_102_NopolC;export JAVA_TOOL_OPTIONS=-Dfile.encoding=UTF8;TZ="America/New_York"; export TZexport PATH="/usr/lib/jvm/java-1.7.0-openjdk-amd64/bin/:$PATH";cp -r /home/tdurieux/defects4j-repair/src/python/core/../../../libs/z3 lib/z3;time java -Xmx4096m -cp /home/tdurieux/defects4j-repair/src/python/core/../../..//libs/nopol.jar:/usr/lib/jvm/java-1.7.0-openjdk-amd64/bin//../lib/tools.jar fr.inria.lille.repair.Main --mode repair --type condition --oracle angelic --synthesis smt --solver z3 --solver-path /home/tdurieux/defects4j-repair/src/python/core/../../..//libs/z3/z3 --complianceLevel 7 --source /tmp/closure_102_NopolC/src/ --classpath /tmp/closure_102_NopolC/build/classes:/tmp/closure_102_NopolC/build/test:/tmp/closure_102_NopolC/lib/ant_deploy.jar:/tmp/closure_102_NopolC/lib/protobuf_deploy.jar:/tmp/closure_102_NopolC/lib/google_common_deploy.jar:/tmp/closure_102_NopolC/lib/hamcrest-core-1.1.jar:/tmp/closure_102_NopolC/lib/junit4-core.jar:/tmp/closure_102_NopolC/lib/junit4-legacy.jar:/tmp/closure_102_NopolC/lib/libtrunk_rhino_parser_jarjared.jar:/home/tdurieux/defects4j-repair/src/python/core/../../..//libs/nopol.jar;echo "

Node: `hostname`
";echo "
Date: `date`
";rm -rf /tmp/closure_102_NopolC;

Nb classes : 312
Nb methods : 3285
Nb statements: 3661
Nb unit tests : 4519
Nb Statements Analyzed : 0
Nb Statements with Angelic Value Found : 0
Nb inputs in SMT : 0
Nb SMT level: 0
Nb variables in SMT : 0
Nb run failing test  : []
Nb run passing test : []
NoPol Execution time : 40019ms


Node: griffon-19.nancy.grid5000.fr


Date: Mon May 16 23:56:47 CEST 2016


