export PATH="/home/tdurieux/defects4j/framework/bin:$PATH";export JAVA_TOOL_OPTIONS=-Dfile.encoding=UTF8;export PATH="/usr/lib/jvm/java-1.7.0-openjdk-amd64/bin/:$PATH";cp -r /home/tdurieux/projects/lang/lang_28 /tmp/lang_28_Genprog;cd /tmp/lang_28_Genprog;defects4j compile;mkdir lib/;cp -r /home/tdurieux/defects4j/framework/projects/lib/* lib/;cp -r /home/tdurieux/defects4j/framework/projects/Lang/lib/* lib/;find . -type f -name "package-info.java" -delete;
/home/tdurieux/defects4j-repair/src/python/core/../../../results/2015-august/Lang/28/Genprog/result
cd /tmp/lang_28_Genprog;export JAVA_TOOL_OPTIONS=-Dfile.encoding=UTF8;TZ="America/New_York"; export TZexport PATH="/usr/lib/jvm/java-1.7.0-openjdk-amd64/bin/:$PATH";time java  -cp /home/tdurieux/defects4j-repair/src/python/core/../../..//libs/astor.jar fr.inria.main.evolution.MainjGenProg -mode statement -location . -dependencies lib/ -failing org.apache.commons.lang3.text.translate.NumericEntityUnescaperTest: -package org.apache.commons -jvm4testexecution /usr/lib/jvm/java-1.7.0-openjdk-amd64/bin/ -javacompliancelevel 5 -maxgen 1000000 -seed 10 -maxtime 60  -scope local  -stopfirst true -flthreshold 0.1 -population 1 -srcjavafolder src/main/java/ -srctestfolder src/test/java/ -binjavafolder target/classes/ -bintestfolder target/test-classes/;echo "

Node: `hostname`
";echo "
Date: `date`
";rm -rf /tmp/lang_28_Genprog;

2015-08-24 23:41:49,152 INFO main - End Repair Loops: NOT Found solution
2015-08-24 23:41:49,152 INFO main - 
Number solutions:0
2015-08-24 23:41:49,152 INFO main - 
All variants:
2015-08-24 23:41:49,153 INFO main - f 1.0, [Variant id: 7931, #gens: 7, #ops: 0, parent:-]
2015-08-24 23:41:49,153 INFO main - --Space: LOCAL
org.apache.commons.lang3.time.FastDateFormat=402|,org.apache.commons.lang3.text.ExtendedMessageFormat=159|,org.apache.commons.lang3.reflect.TypeUtils=38|,org.apache.commons.lang3.Range=73|,org.apache.commons.lang3.time.DateUtils=311|,
2015-08-24 23:41:49,153 INFO main - 
----stats: 
2015-08-24 23:41:49,153 INFO main - 
spaces navigation: [63]: {(CtAssignmentImpl| size: 13| alreadyanalyzed| LOCAL| REPLACE) =5751, (CtReturnImpl| size: 62| notcompiles| LOCAL| REPLACE) =54, (CtInvocationImpl| size: 402| alreadyanalyzed| LOCAL| INSERT_AFTER) =103649, (CtIfImpl| size: 15| compiles| LOCAL| REPLACE) =1, (CtReturnImpl| size: 14| notcompiles| LOCAL| REPLACE) =5, (CtReturnImpl| size: 159| notcompiles| LOCAL| INSERT_BEFORE) =81, (CtInvocationImpl| size: 159| alreadyanalyzed| LOCAL| INSERT_AFTER) =62299, (CtInvocationImpl| size: 159| compiles| LOCAL| INSERT_BEFORE) =51, (CtReturnImpl| size: 159| alreadyanalyzed| LOCAL| INSERT_AFTER) =53805, (CtIfImpl| size: 73| compiles| LOCAL| INSERT_BEFORE) =15, (CtAssignmentImpl| size: 13| compiles| LOCAL| REPLACE) =1, (CtReturnImpl| size: 311| alreadyanalyzed| LOCAL| INSERT_BEFORE) =110989, (CtInvocationImpl| size: 81| alreadyanalyzed| LOCAL| REPLACE) =26884, (CtReturnImpl| size: 14| alreadyanalyzed| LOCAL| REPLACE) =6022, (CtInvocationImpl| size: 402| notcompiles| LOCAL| INSERT_BEFORE) =209, (CtReturnImpl| size: 311| notcompiles| LOCAL| INSERT_BEFORE) =181, (CtReturnImpl| size: 159| alreadyanalyzed| LOCAL| INSERT_BEFORE) =61316, (CtInvocationImpl| size: 159| notcompiles| LOCAL| INSERT_AFTER) =80, (CtReturnImpl| size: 402| notcompiles| LOCAL| INSERT_AFTER) =208, (CtReturnImpl| size: 62| alreadyanalyzed| LOCAL| REPLACE) =28764, (CtInvocationImpl| size: 159| compiles| LOCAL| INSERT_AFTER) =51, (CtInvocationImpl| size: 159| notcompiles| LOCAL| INSERT_BEFORE) =80, (CtReturnImpl| size: 69| compiles| LOCAL| REPLACE) =18, (CtReturnImpl| size: 311| alreadyanalyzed| LOCAL| INSERT_AFTER) =120498, (CtAssignmentImpl| size: 159| alreadyanalyzed| LOCAL| INSERT_BEFORE) =59493, (CtInvocationImpl| size: 40| alreadyanalyzed| LOCAL| REPLACE) =16037, (CtInvocationImpl| size: 402| alreadyanalyzed| LOCAL| INSERT_BEFORE) =113751, (CtInvocationImpl| size: 81| compiles| LOCAL| REPLACE) =2, (CtReturnImpl| size: 311| compiles| LOCAL| INSERT_BEFORE) =59, (CtReturnImpl| size: 14| compiles| LOCAL| REPLACE) =7, (CtInvocationImpl| size: 40| notcompiles| LOCAL| REPLACE) =27, (CtInvocationImpl| size: 40| compiles| LOCAL| REPLACE) =6, (CtReturnImpl| size: 402| notcompiles| LOCAL| INSERT_BEFORE) =208, (CtIfImpl| size: 15| alreadyanalyzed| LOCAL| REPLACE) =4717, (CtReturnImpl| size: 69| notcompiles| LOCAL| REPLACE) =36, (CtAssignmentImpl| size: 159| compiles| LOCAL| INSERT_AFTER) =51, (CtReturnImpl| size: 311| compiles| LOCAL| INSERT_AFTER) =60, (CtReturnImpl| size: 311| notcompiles| LOCAL| INSERT_AFTER) =180, (CtInvocationImpl| size: 402| compiles| LOCAL| INSERT_BEFORE) =84, (CtReturnImpl| size: 159| compiles| LOCAL| INSERT_AFTER) =50, (CtInvocationImpl| size: 402| notcompiles| LOCAL| INSERT_AFTER) =209, (CtReturnImpl| size: 402| compiles| LOCAL| INSERT_BEFORE) =84, (CtReturnImpl| size: 402| compiles| LOCAL| INSERT_AFTER) =84, (CtAssignmentImpl| size: 13| notcompiles| LOCAL| REPLACE) =11, (CtInvocationImpl| size: 159| alreadyanalyzed| LOCAL| INSERT_BEFORE) =66332, (CtAssignmentImpl| size: 159| alreadyanalyzed| LOCAL| INSERT_AFTER) =58807, (CtIfImpl| size: 73| notcompiles| LOCAL| INSERT_BEFORE) =47, (CtReturnImpl| size: 402| alreadyanalyzed| LOCAL| INSERT_AFTER) =122701, (CtIfImpl| size: 73| compiles| LOCAL| INSERT_AFTER) =15, (CtAssignmentImpl| size: 159| notcompiles| LOCAL| INSERT_BEFORE) =80, (CtIfImpl| size: 73| notcompiles| LOCAL| INSERT_AFTER) =47, (CtReturnImpl| size: 159| compiles| LOCAL| INSERT_BEFORE) =50, (CtReturnImpl| size: 62| compiles| LOCAL| REPLACE) =2, (CtAssignmentImpl| size: 159| compiles| LOCAL| INSERT_BEFORE) =51, (CtAssignmentImpl| size: 159| notcompiles| LOCAL| INSERT_AFTER) =80, (CtReturnImpl| size: 69| alreadyanalyzed| LOCAL| REPLACE) =24771, (CtReturnImpl| size: 402| alreadyanalyzed| LOCAL| INSERT_BEFORE) =114977, (CtIfImpl| size: 15| notcompiles| LOCAL| REPLACE) =10, (CtReturnImpl| size: 159| notcompiles| LOCAL| INSERT_AFTER) =81, (CtIfImpl| size: 73| alreadyanalyzed| LOCAL| INSERT_AFTER) =21071, (CtInvocationImpl| size: 402| compiles| LOCAL| INSERT_AFTER) =84, (CtInvocationImpl| size: 81| notcompiles| LOCAL| REPLACE) =39, (CtIfImpl| size: 73| alreadyanalyzed| LOCAL| INSERT_BEFORE) =22026}
#gen: 3965
#patches: 0
#RightCompilation: 2142
#WrongCompilation: 1492
#FailingTestCaseExecution: 2143
#RegressionTestExecution: 0
#TestcasesExecutedval1: 2143
#TestcasesExecutedval2: 0
#FailingTestCase: 1
#RegressionTestCases: 0
#OfAppliedOp: 3634
#NotAppliedOp: 0
#InmutatedGen: 7449
#unfinishValidation: 0
#ing {CtAssignmentImpl=1752, CtReturnImpl=4981, CtInvocationImpl=3097, CtIfImpl=1253}
#untilcompile {1=84, 2=62, 3=56, 4=43, 5=26, 1098=1, 6=31, 7=23, 8=18, 9=13, 10=22, 11=6, 1095=3, 12=12, 1089=1, 13=57, 14=55, 15=37, 17=8, 1117=1, 16=11, 19=10, 1118=1, 18=9, 1112=4, 20=8, 1115=1, 23=4, 22=11, 25=3, 24=4, 27=7, 26=1, 29=10, 28=8, 1104=6, 31=3, 30=5, 34=5, 1135=1, 35=2, 32=2, 33=4, 38=1, 39=1, 36=4, 1128=3, 1129=1, 37=1, 42=1, 1126=3, 43=7, 1127=1, 40=48, 1125=4, 41=4, 1122=5, 47=4, 44=5, 45=4, 1151=5, 51=4, 49=1, 48=1, 55=3, 54=10, 53=9, 1144=2, 58=3, 1141=5, 57=1, 1140=3, 56=1, 63=1, 62=46, 61=1, 60=1, 68=2, 69=32, 70=1, 71=2, 64=3, 65=6, 1037=1, 66=4, 76=2, 1025=3, 77=9, 78=4, 79=2, 1028=1, 72=4, 73=52, 74=2, 75=3, 1031=18, 85=3, 84=4, 87=5, 86=6, 1053=2, 81=30, 80=3, 83=7, 82=9, 1041=4, 93=2, 1040=1, 92=1, 95=3, 94=2, 89=2, 1045=4, 1044=1, 88=1, 91=1, 1046=1, 90=2, 102=3, 1067=1, 100=1, 1065=1, 98=2, 99=5, 1071=4, 1068=2, 96=5, 97=2, 1059=1, 111=1, 108=2, 109=5, 106=2, 104=1, 1083=8, 118=1, 117=2, 116=1, 1080=2, 1086=2, 113=5, 126=1, 124=2, 123=1, 1079=5, 121=3, 1076=1, 137=1, 136=1, 139=1, 138=1, 141=1, 143=7, 142=3, 131=3, 133=2, 1225=5, 1224=2, 135=2, 134=2, 1236=1, 153=1, 154=3, 1239=2, 155=1, 156=1, 157=2, 158=1, 159=203, 144=1, 146=1, 148=1, 149=1, 1242=1, 150=1, 151=1, 1255=3, 171=1, 169=2, 168=1, 175=1, 174=9, 173=11, 172=20, 1263=2, 162=6, 161=2, 160=1, 1259=2, 167=2, 166=1, 165=1, 1270=2, 186=1, 187=3, 1271=7, 184=1, 190=1, 188=2, 189=1, 179=1, 182=1, 1274=4, 183=2, 180=2, 1152=2, 201=1, 1156=1, 203=1, 202=2, 197=2, 199=12, 198=1, 1167=2, 194=1, 220=1, 221=20, 1173=5, 212=3, 213=1, 210=1, 1187=3, 238=1, 1186=7, 1185=1, 1184=1, 236=3, 235=3, 1190=3, 234=3, 233=2, 232=16, 230=2, 228=16, 1199=8, 1198=6, 226=1, 1197=1, 254=1, 1202=1, 255=1, 253=2, 251=3, 248=1, 1205=2, 249=1, 246=1, 247=1, 1209=1, 245=3, 242=1, 243=3, 1212=1, 240=8, 241=2, 1213=10, 1374=5, 279=1, 283=1, 281=2, 280=1, 286=1, 1361=2, 285=1, 1358=7, 1354=1, 263=1, 264=1, 270=2, 1347=1, 1344=5, 268=2, 304=1, 1401=2, 1400=1, 308=2, 311=63, 313=1, 315=4, 314=1, 317=2, 316=2, 319=1, 318=36, 290=2, 293=1, 294=5, 301=2, 302=1, 303=1, 343=1, 341=4, 340=1, 339=1, 338=2, 337=1, 336=2, 351=7, 349=1, 1297=7, 347=2, 346=1, 1301=2, 326=4, 327=2, 1288=1, 324=4, 325=3, 323=1, 321=1, 334=1, 1283=1, 332=4, 333=3, 330=1, 1286=9, 1287=2, 331=2, 329=1, 373=1, 372=1, 375=2, 1343=2, 371=1, 1342=2, 1329=1, 381=1, 380=13, 377=1, 376=1, 1332=10, 356=1, 358=5, 354=1, 364=2, 365=2, 366=3, 1316=3, 360=1, 411=2, 408=1, 409=1, 415=5, 1488=4, 413=1, 402=84, 400=2, 401=1, 407=1, 404=2, 405=2, 394=2, 392=6, 399=4, 398=1, 397=1, 1473=2, 387=5, 385=2, 384=11, 391=10, 442=18, 1520=10, 444=1, 446=1, 447=1, 426=1, 1506=4, 430=1, 417=3, 416=5, 419=1, 1519=8, 420=1, 478=1, 479=1, 476=2, 477=11, 475=10, 472=1, 473=2, 470=43, 471=2, 1433=5, 466=3, 467=3, 464=6, 465=1, 462=1, 461=2, 460=1, 455=2, 453=1, 1416=11, 449=1, 508=1, 510=7, 504=1, 1461=6, 506=1, 1462=4, 502=1, 503=1, 496=1, 497=4, 498=4, 499=1, 492=1, 488=2, 491=2, 485=4, 484=4, 486=1, 483=6, 550=2, 551=4, 548=1, 547=1, 544=1, 558=2, 559=4, 556=4, 557=3, 554=3, 555=1, 552=1, 553=1, 567=1, 566=1, 564=1, 561=45, 575=5, 574=6, 570=1, 569=1, 516=1, 517=1, 518=1, 513=1, 515=1, 524=2, 525=1, 527=1, 523=2, 1607=12, 535=1, 534=2, 528=1, 541=1, 543=3, 537=3, 539=3, 608=1, 612=1, 618=1, 616=1, 617=3, 623=10, 627=1, 624=2, 631=1, 630=3, 629=9, 1592=1, 635=1, 634=7, 633=1, 639=2, 638=3, 637=3, 636=1, 576=9, 579=2, 1546=7, 583=2, 589=2, 591=1, 592=1, 597=2, 596=1, 601=4, 606=1, 684=3, 681=1, 678=2, 677=2, 676=1, 673=1, 672=1, 702=4, 703=2, 698=6, 696=5, 688=1, 648=1, 651=1, 644=1, 647=3, 641=1, 640=1, 643=4, 642=4, 669=1, 670=1, 664=1, 661=2, 663=1, 656=2, 657=1, 658=1, 746=3, 750=1, 749=2, 738=1, 736=1, 743=1, 742=3, 740=1, 762=3, 760=2, 766=1, 765=1, 753=2, 713=8, 715=1, 717=1, 1665=18, 716=2, 719=1, 704=2, 707=2, 710=4, 728=2, 733=6, 734=2, 720=14, 722=1, 723=2, 725=1, 726=8, 727=7, 822=2, 817=1, 816=1, 819=3, 818=4, 804=8, 807=4, 800=4, 801=1, 802=1, 803=2, 813=1, 814=1, 808=1, 810=1, 811=2, 790=1, 789=2, 788=3, 786=2, 785=1, 797=4, 796=1, 795=1, 794=2, 793=6, 792=3, 772=1, 773=1, 782=6, 783=2, 780=1, 778=1, 779=1, 777=1, 880=4, 885=4, 887=3, 886=1, 891=2, 892=2, 895=2, 894=1, 865=5, 866=4, 867=1, 868=2, 869=1, 872=18, 874=1, 875=1, 877=1, 879=4, 855=3, 853=1, 852=3, 857=1, 861=2, 834=3, 833=1, 836=1, 837=2, 840=1, 844=1, 956=2, 958=3, 952=2, 953=4, 948=3, 949=4, 950=1, 945=6, 941=2, 942=1, 937=2, 938=5, 934=4, 922=1, 920=1, 918=1, 919=1, 912=6, 906=1, 902=1, 901=1, 899=2, 1021=1, 1009=2, 1010=2, 1011=7, 1014=2, 1003=1, 1006=2, 993=2, 995=1, 994=1, 998=1, 978=1, 976=2, 983=3, 980=2, 981=1, 972=1, 963=5, 960=1, 967=3, 964=2}
2015-08-24 23:41:49,154 INFO main - Time Evolution(ms): 3660429
2015-08-24 23:41:49,154 INFO fr.inria.main.AbstractMain - Time Total(ms): 3683568


Node: griffon-32.nancy.grid5000.fr


Date: Tue Aug 25 01:41:49 CEST 2015


