export PATH="/home/tdurieux/defects4j/framework/bin:$PATH";export JAVA_TOOL_OPTIONS=-Dfile.encoding=UTF8;export PATH="/usr/lib/jvm/java-1.7.0-openjdk-amd64/bin/:$PATH";cp -r /home/tdurieux/projects/time/time_1 /tmp/time_1_Genprog;cd /tmp/time_1_Genprog;defects4j compile;mkdir lib/;cp -r /home/tdurieux/defects4j/framework/projects/lib/* lib/;cp -r /home/tdurieux/defects4j/framework/projects/Time/lib/* lib/;find . -type f -name "package-info.java" -delete;
/home/tdurieux/defects4j-repair/src/python/core/../../../results/2015-august/Time/1/Genprog/result
cd /tmp/time_1_Genprog;export JAVA_TOOL_OPTIONS=-Dfile.encoding=UTF8;export PATH="/usr/lib/jvm/java-1.7.0-openjdk-amd64/bin/:$PATH";time java  -cp /home/tdurieux/defects4j-repair/src/python/core/../../..//libs/astor.jar fr.inria.main.evolution.MainjGenProg -mode statement -location . -dependencies lib/ -failing org.joda.time.TestPartial_Constructors: -package org.joda -jvm4testexecution /usr/lib/jvm/java-1.7.0-openjdk-amd64/bin/ -javacompliancelevel 5 -maxgen 1000000 -seed 10 -maxtime 60  -scope local  -stopfirst true -flthreshold 0.1 -population 1 -srcjavafolder src/main/java/ -srctestfolder src/test/java/ -binjavafolder target/classes/ -bintestfolder target/test-classes/;echo "

Node: `hostname`
";echo "
Date: `date`
";rm -rf /tmp/time_1_Genprog;

2015-08-24 21:10:44,025 INFO main - End Repair Loops: NOT Found solution
2015-08-24 21:10:44,025 INFO main - 
Number solutions:0
2015-08-24 21:10:44,026 INFO main - 
All variants:
2015-08-24 21:10:44,026 INFO main - f 1.0, [Variant id: 37427, #gens: 9, #ops: 0, parent:-]
2015-08-24 21:10:44,026 INFO main - --Space: LOCAL
org.joda.time.chrono.GJEraDateTimeField=29|,org.joda.time.field.UnsupportedDurationField=44|,org.joda.time.DurationFieldType=54|,org.joda.time.DateTimeFieldType=91|,
2015-08-24 21:10:44,026 INFO main - 
----stats: 
2015-08-24 21:10:44,026 INFO main - 
spaces navigation: [45]: {(CtReturnImpl| size: 29| notcompiles| LOCAL| INSERT_AFTER) =30, (CtReturnImpl| size: 29| alreadyanalyzed| LOCAL| INSERT_BEFORE) =125015, (CtInvocationImpl| size: 44| compiles| LOCAL| INSERT_AFTER) =18, (CtReturnImpl| size: 20| alreadyanalyzed| LOCAL| REPLACE) =84620, (CtIfImpl| size: 44| compiles| LOCAL| INSERT_BEFORE) =18, (CtIfImpl| size: 44| notcompiles| LOCAL| INSERT_AFTER) =11, (CtReturnImpl| size: 91| compiles| LOCAL| INSERT_AFTER) =31, (CtInvocationImpl| size: 44| compiles| LOCAL| INSERT_BEFORE) =18, (CtInvocationImpl| size: 44| notcompiles| LOCAL| INSERT_BEFORE) =11, (CtInvocationImpl| size: 3| alreadyanalyzed| LOCAL| REPLACE) =6402, (CtReturnImpl| size: 29| compiles| LOCAL| INSERT_AFTER) =16, (CtIfImpl| size: 44| compiles| LOCAL| INSERT_AFTER) =18, (CtReturnImpl| size: 91| compiles| LOCAL| INSERT_BEFORE) =31, (CtReturnImpl| size: 91| alreadyanalyzed| LOCAL| INSERT_BEFORE) =123880, (CtReturnImpl| size: 91| notcompiles| LOCAL| INSERT_BEFORE) =36, (CtIfImpl| size: 6| alreadyanalyzed| LOCAL| REPLACE) =12706, (CtInvocationImpl| size: 3| notcompiles| LOCAL| REPLACE) =1, (CtReturnImpl| size: 44| compiles| LOCAL| INSERT_BEFORE) =34, (CtInvocationImpl| size: 44| alreadyanalyzed| LOCAL| INSERT_AFTER) =93082, (CtReturnImpl| size: 44| notcompiles| LOCAL| INSERT_AFTER) =24, (CtIfImpl| size: 6| notcompiles| LOCAL| REPLACE) =4, (CtReturnImpl| size: 44| alreadyanalyzed| LOCAL| INSERT_BEFORE) =158831, (CtReturnImpl| size: 79| alreadyanalyzed| LOCAL| REPLACE) =98306, (CtReturnImpl| size: 44| compiles| LOCAL| INSERT_AFTER) =34, (CtReturnImpl| size: 16| alreadyanalyzed| LOCAL| REPLACE) =56825, (CtInvocationImpl| size: 44| alreadyanalyzed| LOCAL| INSERT_BEFORE) =92439, (CtReturnImpl| size: 79| compiles| LOCAL| REPLACE) =27, (CtReturnImpl| size: 29| notcompiles| LOCAL| INSERT_BEFORE) =30, (CtInvocationImpl| size: 44| notcompiles| LOCAL| INSERT_AFTER) =11, (CtIfImpl| size: 44| alreadyanalyzed| LOCAL| INSERT_BEFORE) =93382, (CtReturnImpl| size: 91| alreadyanalyzed| LOCAL| INSERT_AFTER) =124186, (CtReturnImpl| size: 79| notcompiles| LOCAL| REPLACE) =28, (CtIfImpl| size: 6| compiles| LOCAL| REPLACE) =1, (CtReturnImpl| size: 16| notcompiles| LOCAL| REPLACE) =4, (CtReturnImpl| size: 44| alreadyanalyzed| LOCAL| INSERT_AFTER) =153767, (CtIfImpl| size: 44| alreadyanalyzed| LOCAL| INSERT_AFTER) =93355, (CtReturnImpl| size: 91| notcompiles| LOCAL| INSERT_AFTER) =36, (CtReturnImpl| size: 29| alreadyanalyzed| LOCAL| INSERT_AFTER) =125680, (CtReturnImpl| size: 16| compiles| LOCAL| REPLACE) =20, (CtReturnImpl| size: 29| compiles| LOCAL| INSERT_BEFORE) =16, (CtReturnImpl| size: 20| notcompiles| LOCAL| REPLACE) =18, (CtReturnImpl| size: 44| notcompiles| LOCAL| INSERT_BEFORE) =24, (CtIfImpl| size: 44| notcompiles| LOCAL| INSERT_BEFORE) =11, (CtInvocationImpl| size: 3| compiles| LOCAL| REPLACE) =1, (CtReturnImpl| size: 20| compiles| LOCAL| REPLACE) =10}
#gen: 18713
#patches: 0
#RightCompilation: 10026
#WrongCompilation: 7337
#FailingTestCaseExecution: 10027
#RegressionTestExecution: 1
#TestcasesExecutedval1: 200540
#TestcasesExecutedval2: 4041
#FailingTestCase: 20
#RegressionTestCases: 4041
#OfAppliedOp: 17363
#NotAppliedOp: 0
#InmutatedGen: 50591
#unfinishValidation: 0
#ing {CtReturnImpl=50763, CtInvocationImpl=8582, CtIfImpl=8609}
#untilcompile {1=56, 2=38, 3=248, 4=11, 5=17, 6=231, 7=5, 8=9, 9=27, 10=4, 11=3, 12=3, 13=3, 14=2, 15=2, 17=1, 16=291, 19=28, 18=3, 21=3, 20=416, 23=36, 22=34, 25=3, 24=6, 27=1, 26=43, 29=891, 28=1, 31=3, 30=2, 35=72, 32=99, 33=1, 38=17, 39=10, 36=62, 42=16, 43=2, 40=24, 41=2, 46=7, 47=125, 44=1494, 45=129, 51=21, 50=96, 49=95, 48=23, 55=21, 54=12, 53=12, 52=14, 59=4, 58=105, 57=1, 56=8, 63=14, 62=3, 61=26, 60=162, 68=9, 69=5, 70=44, 71=3, 64=298, 65=20, 66=18, 67=37, 76=78, 77=3, 79=163, 72=1, 73=585, 74=31, 75=1, 85=10, 84=27, 87=4, 86=8, 81=3, 80=73, 83=14, 82=24, 93=120, 92=25, 95=30, 94=44, 89=104, 88=363, 91=216, 90=9, 102=130, 103=4, 100=13, 101=3, 98=4, 99=38, 96=26, 97=23, 110=12, 111=70, 108=183, 109=37, 106=1, 107=31, 104=43, 105=36, 119=3, 118=59, 117=278, 116=2, 115=15, 114=19, 113=2, 112=17, 127=19, 126=19, 125=4, 124=50, 123=103, 121=11, 120=110, 137=93, 136=22, 139=22, 138=27, 141=15, 140=44, 143=58, 142=4, 129=5, 128=35, 131=16, 130=8, 133=65, 132=76, 135=118, 134=21, 152=109, 153=39, 154=9, 155=44, 156=18, 157=7, 158=24, 159=15, 144=14, 145=9, 146=101, 147=6, 148=6, 149=37, 150=7, 151=17, 171=12, 170=22, 169=6, 168=37, 175=15, 174=4, 173=11, 172=34, 163=6, 162=39, 161=89, 160=5, 167=53, 166=5, 165=26, 164=88, 186=6, 187=41, 184=33, 185=7, 190=72, 191=9, 188=14, 189=6, 178=16, 179=42, 176=10, 177=17, 182=9, 183=10, 180=27, 181=75, 205=21, 204=2, 207=14, 206=53, 201=4, 200=20, 203=15, 202=11, 197=29, 196=62, 199=47, 198=3, 193=38, 195=11, 194=6, 221=2, 222=19, 223=17, 216=24, 217=6, 218=29, 219=33, 212=24, 213=4, 214=11, 215=23, 208=38, 209=32, 210=5, 211=21, 239=1, 238=29, 237=53, 235=24, 234=45, 233=1, 232=8, 231=42, 230=1, 229=6, 228=70, 227=6, 226=6, 225=54, 224=23, 254=3, 255=5, 252=29, 253=23, 250=56, 251=12, 248=12, 249=1, 246=25, 247=56, 244=52, 243=30, 240=20, 241=23, 275=63, 272=52, 279=21, 278=41, 276=46, 281=36, 287=56, 285=45, 284=53, 258=4, 259=47, 256=49, 257=13, 263=30, 260=31, 266=29, 267=11, 268=10, 269=43, 304=35, 307=23, 313=47, 316=86, 288=87, 295=8, 296=5, 297=98, 325=87}
2015-08-24 21:10:44,026 INFO main - Time Evolution(ms): 3660198
2015-08-24 21:10:44,026 INFO fr.inria.main.AbstractMain - Time Total(ms): 3699845


Node: graphene-4.nancy.grid5000.fr


Date: Mon Aug 24 23:10:44 CEST 2015


