cd /tmp/closure_76_Brutpol;export JAVA_TOOL_OPTIONS=-Dfile.encoding=UTF8;TZ="America/New_York"; export TZexport PATH="/usr/lib/jvm/java-1.7.0-openjdk-amd64/bin/:$PATH";cp -r /home/tdurieux/dynamoth-experiments/src/python/core/../../../libs/z3 lib/z3;time java -d64 -Xmx4g -Xms1g -XX:MaxPermSize=1024m -XX:+UseConcMarkSweepGC -XX:+CMSPermGenSweepingEnabled -XX:+CMSClassUnloadingEnabled -cp /home/tdurieux/dynamoth-experiments/src/python/core/../../..//libs/nopol.jar:/usr/lib/jvm/java-1.7.0-openjdk-amd64/bin//../lib/tools.jar fr.inria.lille.repair.Main --flocal gzoltar  --maxTime 300  --json  --mode repair --type pre_then_cond --oracle angelic --synthesis dynamoth --solver z3 --solver-path /home/tdurieux/dynamoth-experiments/src/python/core/../../..//libs/z3/z3 --complianceLevel 6 --source /tmp/closure_76_Brutpol/src/ --classpath /tmp/closure_76_Brutpol/build/classes:/tmp/closure_76_Brutpol/build/test:/tmp/closure_76_Brutpol/lib/ant.jar:/tmp/closure_76_Brutpol/lib/ant-launcher.jar:/tmp/closure_76_Brutpol/lib/args4j.jar:/tmp/closure_76_Brutpol/lib/guava.jar:/tmp/closure_76_Brutpol/lib/json.jar:/tmp/closure_76_Brutpol/lib/jsr305.jar:/tmp/closure_76_Brutpol/lib/junit.jar:/tmp/closure_76_Brutpol/lib/caja-r4314.jar:/tmp/closure_76_Brutpol/lib/protobuf-java.jar:/tmp/closure_76_Brutpol/lib/libtrunk_rhino_parser_jarjared.jar:/home/tdurieux/dynamoth-experiments/src/python/core/../../..//libs/nopol.jar;echo "

Node: `hostname`
";echo "
Date: `date`
";

05:18:16.458 [pool-2-thread-1] INFO  fr.inria.lille.repair.nopol.NoPol - Nb classes : 366
05:18:16.459 [pool-2-thread-1] INFO  fr.inria.lille.repair.nopol.NoPol - Nb methods : 4148
05:18:16.459 [pool-2-thread-1] INFO  fr.inria.lille.repair.nopol.NoPol - Nb Statements Analyzed : 1
05:18:16.459 [pool-2-thread-1] INFO  fr.inria.lille.repair.nopol.NoPol - Nb Statements with Angelic Value Found : 1
05:18:16.459 [pool-2-thread-1] INFO  fr.inria.lille.repair.nopol.NoPol - NoPol Execution time : 137692ms
05:18:16.459 [pool-2-thread-1] INFO  fr.inria.lille.repair.nopol.NoPol - ----PATCH FOUND----
05:18:16.459 [pool-2-thread-1] INFO  fr.inria.lille.repair.nopol.NoPol - this.getChildCount() == 0
05:18:18.636 [pool-2-thread-1] INFO  fr.inria.lille.repair.nopol.NoPol - Nb test that executes the patch: 5
05:18:18.637 [pool-2-thread-1] INFO  fr.inria.lille.repair.nopol.NoPol - com.google.javascript.rhino.Node:1369: PRECONDITION
05:18:18.759 [pool-2-thread-1] INFO  fr.inria.lille.repair.nopol.NoPol - --- /tmp/closure_76_Brutpol/src/com/google/javascript/rhino/Node.java
+++ /tmp/closure_76_Brutpol/src/com/google/javascript/rhino/Node.java
@@ -1368,7 +1368,9 @@
       if (diff != null) {
-        return "Node tree inequality:" +
-            "\nTree1:\n" + toStringTree() +
-            "\n\nTree2:\n" + node2.toStringTree() +
-            "\n\nSubtree1: " + diff.nodeA.toStringTree() +
-            "\n\nSubtree2: " + diff.nodeB.toStringTree();
+        if (this.getChildCount() == 0) {
+          return "Node tree inequality:" +
+          "\nTree1:\n" + toStringTree() +
+          "\n\nTree2:\n" + node2.toStringTree() +
+          "\n\nSubtree1: " + diff.nodeA.toStringTree() +
+          "\n\nSubtree2: " + diff.nodeB.toStringTree();
+        }
       }



Node: griffon-2.nancy.grid5000.fr


Date: Sat Mar  4 06:18:21 CET 2017


