export PATH="/home/tdurieux/defects4j/framework/bin:$PATH";export JAVA_TOOL_OPTIONS=-Dfile.encoding=UTF8;export PATH="/usr/lib/jvm/java-1.7.0-openjdk-amd64/bin/:$PATH";cp -r /home/tdurieux/projects/lang/lang_27 /tmp/lang_27_Genprog;cd /tmp/lang_27_Genprog;defects4j compile;mkdir lib/;cp -r /home/tdurieux/defects4j/framework/projects/lib/* lib/;cp -r /home/tdurieux/defects4j/framework/projects/Lang/lib/* lib/;find . -type f -name "package-info.java" -delete;
/home/tdurieux/defects4j-repair/src/python/core/../../../results/2015-august/Lang/27/Genprog/result
cd /tmp/lang_27_Genprog;export JAVA_TOOL_OPTIONS=-Dfile.encoding=UTF8;TZ="America/New_York"; export TZexport PATH="/usr/lib/jvm/java-1.7.0-openjdk-amd64/bin/:$PATH";time java  -cp /home/tdurieux/defects4j-repair/src/python/core/../../..//libs/astor.jar fr.inria.main.evolution.MainjGenProg -mode statement -location . -dependencies lib/ -failing org.apache.commons.lang3.math.NumberUtilsTest: -package org.apache.commons -jvm4testexecution /usr/lib/jvm/java-1.7.0-openjdk-amd64/bin/ -javacompliancelevel 5 -maxgen 1000000 -seed 10 -maxtime 60  -scope local  -stopfirst true -flthreshold 0.1 -population 1 -srcjavafolder src/main/java/ -srctestfolder src/test/java/ -binjavafolder target/classes/ -bintestfolder target/test-classes/;echo "

Node: `hostname`
";echo "
Date: `date`
";rm -rf /tmp/lang_27_Genprog;

2015-08-24 23:43:47,869 INFO main - End Repair Loops: NOT Found solution
2015-08-24 23:43:47,869 INFO main - 
Number solutions:0
2015-08-24 23:43:47,869 INFO main - 
All variants:
2015-08-24 23:43:47,869 INFO main - f 1.0, [Variant id: 7841, #gens: 7, #ops: 0, parent:-]
2015-08-24 23:43:47,869 INFO main - --Space: LOCAL
org.apache.commons.lang3.time.FastDateFormat=402|,org.apache.commons.lang3.text.ExtendedMessageFormat=159|,org.apache.commons.lang3.Range=73|,org.apache.commons.lang3.time.DateUtils=314|,
2015-08-24 23:43:47,869 INFO main - 
----stats: 
2015-08-24 23:43:47,869 INFO main - 
spaces navigation: [63]: {(CtReturnImpl| size: 63| compiles| LOCAL| REPLACE) =2, (CtAssignmentImpl| size: 13| alreadyanalyzed| LOCAL| REPLACE) =5780, (CtInvocationImpl| size: 402| alreadyanalyzed| LOCAL| INSERT_AFTER) =99663, (CtIfImpl| size: 15| compiles| LOCAL| REPLACE) =1, (CtReturnImpl| size: 14| notcompiles| LOCAL| REPLACE) =5, (CtInvocationImpl| size: 159| alreadyanalyzed| LOCAL| INSERT_AFTER) =59156, (CtReturnImpl| size: 159| notcompiles| LOCAL| INSERT_BEFORE) =81, (CtInvocationImpl| size: 159| compiles| LOCAL| INSERT_BEFORE) =51, (CtIfImpl| size: 73| compiles| LOCAL| INSERT_BEFORE) =15, (CtReturnImpl| size: 159| alreadyanalyzed| LOCAL| INSERT_AFTER) =61648, (CtReturnImpl| size: 314| compiles| LOCAL| INSERT_AFTER) =60, (CtAssignmentImpl| size: 13| compiles| LOCAL| REPLACE) =1, (CtInvocationImpl| size: 81| alreadyanalyzed| LOCAL| REPLACE) =26163, (CtReturnImpl| size: 314| compiles| LOCAL| INSERT_BEFORE) =60, (CtReturnImpl| size: 14| alreadyanalyzed| LOCAL| REPLACE) =5519, (CtInvocationImpl| size: 402| notcompiles| LOCAL| INSERT_BEFORE) =209, (CtInvocationImpl| size: 159| notcompiles| LOCAL| INSERT_AFTER) =80, (CtReturnImpl| size: 159| alreadyanalyzed| LOCAL| INSERT_BEFORE) =70478, (CtReturnImpl| size: 402| notcompiles| LOCAL| INSERT_AFTER) =208, (CtInvocationImpl| size: 159| compiles| LOCAL| INSERT_AFTER) =51, (CtInvocationImpl| size: 159| notcompiles| LOCAL| INSERT_BEFORE) =80, (CtReturnImpl| size: 69| compiles| LOCAL| REPLACE) =18, (CtAssignmentImpl| size: 159| alreadyanalyzed| LOCAL| INSERT_BEFORE) =55865, (CtReturnImpl| size: 314| notcompiles| LOCAL| INSERT_BEFORE) =181, (CtInvocationImpl| size: 40| alreadyanalyzed| LOCAL| REPLACE) =17589, (CtInvocationImpl| size: 402| alreadyanalyzed| LOCAL| INSERT_BEFORE) =103841, (CtInvocationImpl| size: 81| compiles| LOCAL| REPLACE) =2, (CtInvocationImpl| size: 40| notcompiles| LOCAL| REPLACE) =27, (CtReturnImpl| size: 14| compiles| LOCAL| REPLACE) =7, (CtInvocationImpl| size: 40| compiles| LOCAL| REPLACE) =6, (CtReturnImpl| size: 402| notcompiles| LOCAL| INSERT_BEFORE) =208, (CtIfImpl| size: 15| alreadyanalyzed| LOCAL| REPLACE) =4687, (CtReturnImpl| size: 69| notcompiles| LOCAL| REPLACE) =36, (CtAssignmentImpl| size: 159| compiles| LOCAL| INSERT_AFTER) =51, (CtInvocationImpl| size: 402| compiles| LOCAL| INSERT_BEFORE) =84, (CtReturnImpl| size: 159| compiles| LOCAL| INSERT_AFTER) =50, (CtInvocationImpl| size: 402| notcompiles| LOCAL| INSERT_AFTER) =209, (CtReturnImpl| size: 402| compiles| LOCAL| INSERT_BEFORE) =84, (CtReturnImpl| size: 402| compiles| LOCAL| INSERT_AFTER) =84, (CtReturnImpl| size: 63| notcompiles| LOCAL| REPLACE) =55, (CtAssignmentImpl| size: 13| notcompiles| LOCAL| REPLACE) =11, (CtInvocationImpl| size: 159| alreadyanalyzed| LOCAL| INSERT_BEFORE) =58574, (CtAssignmentImpl| size: 159| alreadyanalyzed| LOCAL| INSERT_AFTER) =59681, (CtReturnImpl| size: 314| alreadyanalyzed| LOCAL| INSERT_BEFORE) =116830, (CtIfImpl| size: 73| notcompiles| LOCAL| INSERT_BEFORE) =47, (CtReturnImpl| size: 402| alreadyanalyzed| LOCAL| INSERT_AFTER) =115469, (CtIfImpl| size: 73| compiles| LOCAL| INSERT_AFTER) =15, (CtAssignmentImpl| size: 159| notcompiles| LOCAL| INSERT_BEFORE) =80, (CtIfImpl| size: 73| notcompiles| LOCAL| INSERT_AFTER) =47, (CtReturnImpl| size: 159| compiles| LOCAL| INSERT_BEFORE) =50, (CtReturnImpl| size: 63| alreadyanalyzed| LOCAL| REPLACE) =28155, (CtAssignmentImpl| size: 159| compiles| LOCAL| INSERT_BEFORE) =51, (CtAssignmentImpl| size: 159| notcompiles| LOCAL| INSERT_AFTER) =80, (CtReturnImpl| size: 314| notcompiles| LOCAL| INSERT_AFTER) =181, (CtReturnImpl| size: 69| alreadyanalyzed| LOCAL| REPLACE) =25256, (CtReturnImpl| size: 402| alreadyanalyzed| LOCAL| INSERT_BEFORE) =119073, (CtIfImpl| size: 15| notcompiles| LOCAL| REPLACE) =10, (CtReturnImpl| size: 159| notcompiles| LOCAL| INSERT_AFTER) =81, (CtInvocationImpl| size: 402| compiles| LOCAL| INSERT_AFTER) =84, (CtIfImpl| size: 73| alreadyanalyzed| LOCAL| INSERT_AFTER) =23956, (CtInvocationImpl| size: 81| notcompiles| LOCAL| REPLACE) =39, (CtReturnImpl| size: 314| alreadyanalyzed| LOCAL| INSERT_AFTER) =102607, (CtIfImpl| size: 73| alreadyanalyzed| LOCAL| INSERT_BEFORE) =19501}
#gen: 3920
#patches: 0
#RightCompilation: 2146
#WrongCompilation: 1443
#FailingTestCaseExecution: 2147
#RegressionTestExecution: 0
#TestcasesExecutedval1: 109497
#TestcasesExecutedval2: 0
#FailingTestCase: 51
#RegressionTestCases: 0
#OfAppliedOp: 3589
#NotAppliedOp: 0
#InmutatedGen: 7367
#unfinishValidation: 0
#ing {CtAssignmentImpl=1697, CtReturnImpl=4940, CtInvocationImpl=3051, CtIfImpl=1268}
#untilcompile {1=87, 2=71, 1103=1, 3=46, 4=46, 1096=7, 5=24, 6=41, 7=31, 8=13, 9=18, 1094=2, 10=16, 11=11, 1095=2, 12=5, 1089=1, 13=56, 14=40, 15=35, 1117=1, 17=10, 1116=2, 16=17, 19=10, 1118=5, 18=5, 1113=1, 21=8, 1112=1, 20=8, 1115=1, 23=4, 22=5, 25=8, 24=6, 27=11, 26=4, 29=4, 28=5, 1107=4, 31=3, 30=3, 34=3, 35=1, 32=1, 1132=3, 1133=1, 33=4, 1131=3, 39=3, 1128=1, 37=2, 1126=1, 42=4, 43=1, 40=61, 41=7, 1122=5, 46=2, 44=2, 1120=2, 45=2, 51=1, 49=1, 48=3, 55=5, 1147=4, 54=7, 53=6, 1145=1, 1144=5, 52=1, 1143=3, 59=1, 58=2, 57=1, 56=1, 1139=1, 63=39, 1137=1, 61=1, 60=3, 68=2, 69=26, 70=3, 1034=6, 71=4, 1036=1, 64=3, 65=4, 66=2, 1038=4, 67=2, 76=5, 1024=4, 1025=2, 77=8, 78=7, 79=3, 72=4, 73=37, 74=3, 75=2, 85=2, 84=2, 1048=2, 87=10, 86=1, 81=24, 80=1, 83=4, 82=8, 1041=1, 93=1, 92=2, 1043=1, 95=3, 94=5, 89=2, 1044=1, 88=1, 1047=3, 90=2, 102=1, 103=8, 100=1, 101=1, 98=2, 1070=2, 99=1, 1071=3, 1068=1, 96=6, 97=2, 110=1, 108=2, 109=2, 1062=1, 106=3, 107=1, 104=1, 105=1, 119=2, 1083=3, 118=1, 1082=1, 117=1, 1080=1, 116=2, 115=1, 113=5, 1084=9, 112=3, 127=2, 1074=2, 125=2, 1079=1, 123=1, 122=1, 121=5, 1076=1, 137=1, 136=4, 139=1, 1216=7, 140=1, 142=2, 1228=2, 131=1, 133=1, 1225=1, 132=4, 135=1, 134=1, 154=2, 155=1, 157=2, 1235=1, 159=202, 144=1, 146=2, 147=2, 1240=2, 149=3, 150=2, 171=1, 169=1, 168=2, 175=1, 174=5, 173=16, 172=12, 163=2, 162=3, 161=1, 160=3, 1258=5, 165=5, 164=3, 186=2, 1271=9, 187=3, 185=1, 1266=2, 190=2, 188=2, 189=2, 178=1, 176=1, 1277=6, 1274=1, 183=3, 1272=9, 181=2, 1153=1, 205=1, 1152=2, 1155=1, 207=2, 1158=2, 1160=1, 196=1, 199=16, 195=1, 194=1, 221=1, 1170=2, 222=18, 1171=1, 223=2, 218=1, 1176=2, 212=2, 214=3, 1185=1, 237=4, 236=4, 235=1, 1190=3, 234=1, 1189=5, 233=2, 1188=1, 232=15, 1193=2, 228=14, 1198=1, 226=2, 225=1, 1202=3, 255=4, 252=1, 1200=1, 253=1, 1201=5, 251=1, 249=2, 246=1, 1208=3, 244=1, 245=3, 242=1, 1214=8, 243=1, 240=11, 241=3, 275=2, 273=1, 272=5, 279=1, 276=1, 280=1, 1363=3, 284=1, 258=1, 1359=6, 256=1, 257=1, 1354=2, 1350=1, 265=1, 270=1, 1346=3, 271=1, 1347=7, 268=4, 1345=3, 1404=1, 304=1, 306=1, 309=4, 308=2, 1403=3, 313=5, 315=2, 314=65, 316=1, 319=1, 318=38, 291=1, 293=1, 295=6, 1377=2, 301=3, 303=3, 343=2, 342=2, 341=1, 1304=1, 350=1, 1298=3, 349=1, 346=2, 345=2, 344=2, 1290=1, 327=8, 1289=4, 322=2, 323=2, 320=3, 321=3, 335=1, 332=1, 333=2, 330=2, 331=3, 328=8, 329=4, 373=2, 369=1, 368=1, 381=6, 383=5, 377=1, 376=1, 1335=6, 378=1, 358=1, 359=1, 352=1, 353=2, 354=4, 364=1, 367=2, 360=1, 1317=1, 362=1, 1319=1, 363=1, 410=1, 408=1, 415=7, 1491=4, 412=2, 402=67, 400=3, 401=2, 404=1, 395=4, 394=3, 1476=2, 392=1, 399=6, 397=1, 396=2, 387=14, 391=9, 440=2, 442=11, 1522=7, 1523=9, 436=1, 437=1, 1509=2, 429=3, 417=4, 416=7, 478=2, 477=4, 475=5, 472=2, 473=34, 470=1, 471=2, 469=1, 1436=2, 464=1, 465=8, 463=1, 461=2, 460=1, 457=1, 456=2, 455=3, 454=2, 1417=11, 451=1, 450=1, 511=1, 505=1, 500=1, 1464=4, 501=1, 1465=5, 502=2, 496=2, 497=1, 498=2, 493=1, 494=1, 489=2, 488=6, 485=1, 1449=4, 1451=3, 487=5, 486=1, 1450=2, 483=1, 482=2, 550=2, 551=1, 546=9, 547=1, 544=1, 559=4, 556=3, 557=1, 554=1, 555=2, 552=2, 567=2, 566=1, 564=1, 561=34, 560=2, 575=4, 574=6, 571=1, 1610=14, 513=7, 515=1, 526=2, 527=2, 523=4, 528=1, 531=2, 541=1, 540=3, 542=9, 537=3, 536=1, 538=1, 615=4, 613=1, 618=2, 617=2, 623=1, 621=1, 627=1, 625=1, 624=9, 1595=3, 630=5, 634=3, 632=18, 639=2, 638=3, 637=4, 636=1, 576=6, 577=1, 1549=10, 586=1, 590=1, 595=1, 601=5, 607=1, 687=1, 686=1, 683=1, 682=2, 678=1, 677=1, 674=4, 672=3, 701=3, 694=1, 693=1, 652=1, 654=1, 648=2, 651=2, 645=3, 644=4, 647=2, 646=1, 643=3, 642=3, 668=1, 669=1, 670=1, 671=1, 664=2, 665=2, 667=1, 660=1, 661=2, 656=1, 657=2, 658=1, 747=2, 744=3, 750=2, 749=1, 737=2, 743=1, 742=1, 763=3, 760=1, 761=1, 753=2, 759=1, 756=1, 713=1, 1668=23, 715=3, 714=1, 716=19, 719=1, 718=1, 705=12, 709=1, 711=1, 710=3, 728=3, 729=3, 730=2, 732=1, 733=3, 734=1, 735=1, 720=17, 723=1, 724=1, 726=1, 820=2, 823=2, 822=1, 816=1, 819=1, 818=1, 829=1, 831=2, 825=1, 826=4, 804=1, 805=1, 801=1, 802=1, 803=4, 812=1, 814=1, 811=1, 791=3, 789=4, 786=2, 798=3, 797=2, 796=3, 793=8, 774=2, 775=1, 770=1, 769=1, 782=1, 783=7, 781=1, 778=1, 887=2, 889=3, 888=2, 890=1, 892=2, 895=4, 894=1, 864=1, 865=1, 868=6, 869=7, 875=12, 879=5, 855=1, 852=2, 856=3, 863=1, 860=2, 832=1, 833=2, 842=1, 843=3, 956=3, 957=4, 958=1, 959=1, 952=3, 948=8, 949=1, 950=4, 951=3, 944=4, 945=2, 941=2, 943=1, 942=4, 937=4, 939=4, 938=1, 933=1, 929=2, 923=1, 919=2, 917=1, 902=3, 896=1, 1016=1, 1017=2, 1010=1, 1013=2, 1014=5, 1015=2, 1001=1, 1003=4, 997=1, 996=1, 998=1, 984=1, 978=1, 976=2, 977=4, 975=2, 963=4, 961=4, 965=3}
2015-08-24 23:43:47,870 INFO main - Time Evolution(ms): 3660505
2015-08-24 23:43:47,870 INFO fr.inria.main.AbstractMain - Time Total(ms): 3684416


Node: griffon-30.nancy.grid5000.fr


Date: Tue Aug 25 01:43:48 CEST 2015


