/tmp/math_96_BrutpolC
export PATH="/home/tdurieux/defects4j/framework/bin:$PATH";export JAVA_TOOL_OPTIONS=-Dfile.encoding=UTF8;export PATH="/usr/lib/jvm/java-1.7.0-openjdk-amd64/bin/:$PATH";cd /home/tdurieux/projects/math/math_96;defects4j compile;cp -r /home/tdurieux/projects/math/math_96 /tmp/math_96_BrutpolC;cd /tmp/math_96_BrutpolC;mkdir lib/;cp -r /home/tdurieux/defects4j/framework/projects/lib/* lib/;cp -r /home/tdurieux/defects4j/framework/projects/Math/lib/* lib/;find . -type f -name "package-info.java" -delete;
cd /tmp/math_96_BrutpolC;export JAVA_TOOL_OPTIONS=-Dfile.encoding=UTF8;export PATH="/usr/lib/jvm/java-1.7.0-openjdk-amd64/bin/:$PATH";TZ="America/New_York"; export TZ;cp -r /home/tdurieux/defects4j-repair/src/python/core/../../../libs/z3 lib/z3;time java  -cp /home/tdurieux/defects4j-repair/src/python/core/../../..//libs/nopol.jar:/usr/lib/jvm/java-1.7.0-openjdk-amd64/bin//../lib/tools.jar fr.inria.lille.repair.Main --mode repair --type condition --oracle angelic --synthesis brutpol --solver z3 --solver-path /home/tdurieux/defects4j-repair/src/python/core/../../..//libs/z3/z3 --complianceLevel 6 --source src/java/ --classpath target/classes/:target/test-classes/:lib/commons-discovery-0.5.jar:/home/tdurieux/defects4j-repair/src/python/core/../../..//libs/nopol.jar;echo "

Node: `hostname`
";echo "
Date: `date`
";rm -rf /tmp/math_96_BrutpolC;

Nb classes : 247
Nb methods : 1617
Nb statement executed by the passing tests of the patched line: 0
Nb statement executed by the failing tests of the patched line: 0
Nb statements: 8169
Nb unit tests : 1272
Nb Statements Analyzed : 100
Nb Statements with Angelic Value Found : 1
Nb run failing test  : [2, 2, 2, 2, 2, 1]
Nb run passing test : [1, 1, 1, 1, 1, 42]
NoPol Execution time : 1717011ms
----PATCH FOUND----
org.apache.commons.math.complex.Complex:248: CONDITIONAL this.real == (this.abs() - 1)


Node: griffon-13.nancy.grid5000.fr


Date: Sun May  8 17:47:30 EDT 2016


