export PATH="/home/tdurieux/defects4j/framework/bin:$PATH";export JAVA_TOOL_OPTIONS=-Dfile.encoding=UTF8;export PATH="/usr/lib/jvm/java-1.7.0-openjdk-amd64/bin/:$PATH";cp -r /home/tdurieux/projects/math/math_40 /tmp/math_40_Genprog;cd /tmp/math_40_Genprog;defects4j compile;mkdir lib/;cp -r /home/tdurieux/defects4j/framework/projects/lib/* lib/;cp -r /home/tdurieux/defects4j/framework/projects/Math/lib/* lib/;find . -type f -name "package-info.java" -delete;
/home/tdurieux/defects4j-repair/src/python/core/../../../results/2015-august/Math/40/Genprog/result
cd /tmp/math_40_Genprog;export JAVA_TOOL_OPTIONS=-Dfile.encoding=UTF8;export PATH="/usr/lib/jvm/java-1.7.0-openjdk-amd64/bin/:$PATH";time java  -cp /home/tdurieux/defects4j-repair/src/python/core/../../..//libs/astor.jar fr.inria.main.evolution.MainjGenProg -mode statement -location . -dependencies lib/ -failing org.apache.commons.math.analysis.solvers.BracketingNthOrderBrentSolverTest: -package org.apache.commons -jvm4testexecution /usr/lib/jvm/java-1.7.0-openjdk-amd64/bin/ -javacompliancelevel 5 -maxgen 1000000 -seed 10 -maxtime 60  -scope local  -stopfirst true -flthreshold 0.1 -population 1 -srcjavafolder src/main/java/ -srctestfolder src/test/java/ -binjavafolder target/classes/ -bintestfolder target/test-classes/;echo "

Node: `hostname`
";echo "
Date: `date`
";rm -rf /tmp/math_40_Genprog;

2015-08-24 21:46:56,334 INFO main - End Repair Loops: Found solution
2015-08-24 21:46:56,334 INFO main - Solution stored at: ./outputMutation//MainjGenProg-.//src/
2015-08-24 21:46:56,335 INFO main - 
Number solutions:1
2015-08-24 21:46:56,335 INFO main - f (sol): 0.0, [Variant id: 578 (SOL) , #gens: 91, #ops: 1, parent:577]
2015-08-24 21:46:56,335 INFO main - 
All variants:
2015-08-24 21:46:56,335 INFO main - f 1.0, [Variant id: 579, #gens: 90, #ops: 0, parent:-]
2015-08-24 21:46:56,335 INFO main - 
Solution details
2015-08-24 21:46:56,335 INFO main - 
 --SOLUTIONS DESCRIPTION--

 ----
ProgramVariant 578
 
operation: INSERT_AFTER
location= org.apache.commons.math.analysis.solvers.BracketingNthOrderBrentSolver
line= 247
original statement= int end = nbPoints
fixed statement= signChangeIndex = 2
generation= 289
ingredientScope= LOCAL
 
2015-08-24 21:46:56,335 INFO main - --Space: LOCAL
org.apache.commons.math.analysis.solvers.BaseAbstractUnivariateRealSolver=34|,org.apache.commons.math.analysis.solvers.BracketingNthOrderBrentSolver=130|,org.apache.commons.math.exception.util.ExceptionContext=70|,org.apache.commons.math.exception.util.LocalizedFormats=6|,org.apache.commons.math.util.Incrementor=16|,
2015-08-24 21:46:56,335 INFO main - 
----stats: 
2015-08-24 21:46:56,335 INFO main - 
spaces navigation: [90]: {(CtIfImpl| size: 19| alreadyanalyzed| LOCAL| REPLACE) =2, (CtReturnImpl| size: 130| alreadyanalyzed| LOCAL| INSERT_BEFORE) =1, (CtReturnImpl| size: 70| alreadyanalyzed| LOCAL| INSERT_AFTER) =1, (CtReturnImpl| size: 130| notcompiles| LOCAL| INSERT_AFTER) =2, (CtLocalVariableImpl| size: 130| compiles| LOCAL| INSERT_BEFORE) =13, (CtIfImpl| size: 130| alreadyanalyzed| LOCAL| INSERT_AFTER) =1, (CtInvocationImpl| size: 17| compiles| LOCAL| REPLACE) =9, (CtReturnImpl| size: 6| alreadyanalyzed| LOCAL| INSERT_BEFORE) =4, (CtForImpl| size: 6| notcompiles| LOCAL| REPLACE) =3, (CtForImpl| size: 70| notcompiles| LOCAL| INSERT_AFTER) =4, (CtAssignmentImpl| size: 39| compiles| LOCAL| REPLACE) =15, (CtReturnImpl| size: 3| alreadyanalyzed| LOCAL| REPLACE) =5, (CtLocalVariableImpl| size: 21| alreadyanalyzed| LOCAL| REPLACE) =1, (CtIfImpl| size: 130| notcompiles| LOCAL| INSERT_AFTER) =7, (CtInvocationImpl| size: 70| notcompiles| LOCAL| INSERT_AFTER) =2, (CtReturnImpl| size: 70| alreadyanalyzed| LOCAL| INSERT_BEFORE) =2, (CtReturnImpl| size: 13| notcompiles| LOCAL| REPLACE) =8, (CtIfImpl| size: 130| compiles| LOCAL| INSERT_AFTER) =5, (CtLocalVariableImpl| size: 130| alreadyanalyzed| LOCAL| INSERT_AFTER) =1, (CtLocalVariableImpl| size: 19| compiles| LOCAL| REPLACE) =7, (CtUnaryOperatorImpl| size: 130| compiles| LOCAL| INSERT_BEFORE) =5, (CtForImpl| size: 3| notcompiles| LOCAL| REPLACE) =2, (CtReturnImpl| size: 6| notcompiles| LOCAL| INSERT_AFTER) =2, (CtInvocationImpl| size: 130| notcompiles| LOCAL| INSERT_BEFORE) =2, (CtInvocationImpl| size: 17| notcompiles| LOCAL| REPLACE) =19, (CtInvocationImpl| size: 23| compiles| LOCAL| REPLACE) =3, (CtIfImpl| size: 70| notcompiles| LOCAL| INSERT_BEFORE) =2, (CtThrowImpl| size: 34| compiles| LOCAL| INSERT_BEFORE) =2, (CtForImpl| size: 70| alreadyanalyzed| LOCAL| INSERT_AFTER) =1, (CtReturnImpl| size: 9| compiles| LOCAL| REPLACE) =4, (CtLocalVariableImpl| size: 70| notcompiles| LOCAL| INSERT_AFTER) =10, (CtForImpl| size: 3| alreadyanalyzed| LOCAL| REPLACE) =1, (CtForImpl| size: 6| alreadyanalyzed| LOCAL| REPLACE) =3, (CtReturnImpl| size: 6| notcompiles| LOCAL| INSERT_BEFORE) =2, (CtUnaryOperatorImpl| size: 9| compiles| LOCAL| REPLACE) =5, (CtInvocationImpl| size: 70| compiles| LOCAL| INSERT_AFTER) =2, (CtLocalVariableImpl| size: 70| notcompiles| LOCAL| INSERT_BEFORE) =1, (CtReturnImpl| size: 70| compiles| LOCAL| INSERT_BEFORE) =7, (CtReturnImpl| size: 6| compiles| LOCAL| INSERT_AFTER) =1, (CtAssignmentImpl| size: 130| notcompiles| LOCAL| INSERT_AFTER) =8, (CtIfImpl| size: 19| compiles| LOCAL| REPLACE) =11, (CtReturnImpl| size: 70| notcompiles| LOCAL| INSERT_BEFORE) =13, (CtLocalVariableImpl| size: 130| compiles| LOCAL| INSERT_AFTER) =12, (CtReturnImpl| size: 3| notcompiles| LOCAL| REPLACE) =1, (CtAssignmentImpl| size: 130| alreadyanalyzed| LOCAL| INSERT_BEFORE) =1, (CtInvocationImpl| size: 23| alreadyanalyzed| LOCAL| REPLACE) =5, (CtIfImpl| size: 70| compiles| LOCAL| INSERT_BEFORE) =2, (CtForImpl| size: 130| compiles| LOCAL| INSERT_AFTER) =2, (CtThrowImpl| size: 34| compiles| LOCAL| INSERT_AFTER) =1, (CtReturnImpl| size: 70| compiles| LOCAL| INSERT_AFTER) =8, (CtReturnImpl| size: 6| alreadyanalyzed| LOCAL| INSERT_AFTER) =5, (CtIfImpl| size: 130| notcompiles| LOCAL| INSERT_BEFORE) =10, (CtAssignmentImpl| size: 130| compiles| LOCAL| INSERT_BEFORE) =15, (CtLocalVariableImpl| size: 130| notcompiles| LOCAL| INSERT_AFTER) =17, (CtInvocationImpl| size: 23| notcompiles| LOCAL| REPLACE) =10, (CtReturnImpl| size: 13| compiles| LOCAL| REPLACE) =4, (CtReturnImpl| size: 13| alreadyanalyzed| LOCAL| REPLACE) =56, (CtAssignmentImpl| size: 39| notcompiles| LOCAL| REPLACE) =53, (CtLocalVariableImpl| size: 6| compiles| LOCAL| INSERT_AFTER) =1, (CtInvocationImpl| size: 70| notcompiles| LOCAL| INSERT_BEFORE) =1, (CtAssignmentImpl| size: 130| notcompiles| LOCAL| INSERT_BEFORE) =6, (CtLocalVariableImpl| size: 21| compiles| LOCAL| REPLACE) =11, (CtLocalVariableImpl| size: 1| alreadyanalyzed| LOCAL| REPLACE) =3, (CtLocalVariableImpl| size: 70| alreadyanalyzed| LOCAL| INSERT_BEFORE) =1, (CtInvocationImpl| size: 130| compiles| LOCAL| INSERT_AFTER) =6, (CtLocalVariableImpl| size: 19| alreadyanalyzed| LOCAL| REPLACE) =2, (CtForImpl| size: 70| compiles| LOCAL| INSERT_AFTER) =1, (CtForImpl| size: 130| notcompiles| LOCAL| INSERT_BEFORE) =1, (CtLocalVariableImpl| size: 70| compiles| LOCAL| INSERT_AFTER) =15, (CtReturnImpl| size: 9| notcompiles| LOCAL| REPLACE) =6, (CtReturnImpl| size: 130| notcompiles| LOCAL| INSERT_BEFORE) =1, (CtInvocationImpl| size: 130| compiles| LOCAL| INSERT_BEFORE) =3, (CtUnaryOperatorImpl| size: 130| notcompiles| LOCAL| INSERT_BEFORE) =3, (CtReturnImpl| size: 70| notcompiles| LOCAL| INSERT_AFTER) =15, (CtIfImpl| size: 130| compiles| LOCAL| INSERT_BEFORE) =11, (CtForImpl| size: 130| compiles| LOCAL| INSERT_BEFORE) =1, (CtThrowImpl| size: 34| notcompiles| LOCAL| INSERT_BEFORE) =5, (CtInvocationImpl| size: 70| compiles| LOCAL| INSERT_BEFORE) =3, (CtAssignmentImpl| size: 39| alreadyanalyzed| LOCAL| REPLACE) =62, (CtForImpl| size: 130| notcompiles| LOCAL| INSERT_AFTER) =6, (CtReturnImpl| size: 130| compiles| LOCAL| INSERT_BEFORE) =2, (CtReturnImpl| size: 130| compiles| LOCAL| INSERT_AFTER) =3, (CtLocalVariableImpl| size: 130| notcompiles| LOCAL| INSERT_BEFORE) =11, (CtUnaryOperatorImpl| size: 130| compiles| LOCAL| INSERT_AFTER) =2, (CtIfImpl| size: 19| notcompiles| LOCAL| REPLACE) =2, (CtThrowImpl| size: 1| alreadyanalyzed| LOCAL| REPLACE) =1, (CtLocalVariableImpl| size: 70| compiles| LOCAL| INSERT_BEFORE) =5, (CtAssignmentImpl| size: 130| compiles| LOCAL| INSERT_AFTER) =14, (CtInvocationImpl| size: 17| alreadyanalyzed| LOCAL| REPLACE) =20, (CtReturnImpl| size: 9| alreadyanalyzed| LOCAL| REPLACE) =13}
#gen: 289
#patches: 1
#RightCompilation: 127
#WrongCompilation: 162
#FailingTestCaseExecution: 128
#RegressionTestExecution: 4
#TestcasesExecutedval1: 1830
#TestcasesExecutedval2: 9108
#FailingTestCase: 15
#RegressionTestCases: 3036
#OfAppliedOp: 289
#NotAppliedOp: 0
#InmutatedGen: 18
#unfinishValidation: 1
#ing {CtLocalVariableImpl=92, CtForImpl=8, CtReturnImpl=46, CtAssignmentImpl=62, CtInvocationImpl=37, CtThrowImpl=7, CtIfImpl=40, CtUnaryOperatorImpl=15}
#untilcompile {17=1, 1=106, 2=39, 18=1, 3=23, 4=13, 5=9, 6=4, 7=7, 8=2, 9=2, 40=2, 12=2, 13=1, 14=1, 15=1}
2015-08-24 21:46:56,335 INFO main - Time Evolution(ms): 1840768
2015-08-24 21:46:56,335 INFO fr.inria.main.AbstractMain - Time Total(ms): 2100521


Node: graphene-53.nancy.grid5000.fr


Date: Mon Aug 24 23:46:56 CEST 2015


