Running ant (compile)...................................................... OK
Running ant (compile.tests)................................................ OK
Picked up JAVA_TOOL_OPTIONS: -Dfile.encoding=UTF8
Exception in thread "Thread-3" java.lang.NullPointerException
	at org.joda.time.tz.ZoneInfoCompiler.verbose(ZoneInfoCompiler.java:78)
	at org.joda.time.tz.DateTimeZoneBuilder$PrecalculatedZone.create(DateTimeZoneBuilder.java:1460)
	at org.joda.time.tz.DateTimeZoneBuilder.toDateTimeZone(DateTimeZoneBuilder.java:396)
	at org.joda.time.tz.TestCompiler$1.run(TestCompiler.java:94)
	at java.lang.Thread.run(Thread.java:745)
Exception in thread "Thread-5" java.lang.NullPointerException
	at org.joda.time.tz.ZoneInfoCompiler.verbose(ZoneInfoCompiler.java:78)
	at org.joda.time.tz.DateTimeZoneBuilder$PrecalculatedZone.create(DateTimeZoneBuilder.java:979)
	at org.joda.time.tz.DateTimeZoneBuilder.toDateTimeZone(DateTimeZoneBuilder.java:176)
	at org.joda.time.tz.TestCompiler$1.run(TestCompiler.java:94)
	at java.lang.Thread.run(Thread.java:745)
Exception in thread "Thread-8" java.lang.NullPointerException
	at org.joda.time.tz.ZoneInfoCompiler.verbose(ZoneInfoCompiler.java:78)
	at org.joda.time.tz.DateTimeZoneBuilder$PrecalculatedZone.create(DateTimeZoneBuilder.java:1460)
	at org.joda.time.tz.DateTimeZoneBuilder.toDateTimeZone(DateTimeZoneBuilder.java:396)
	at org.joda.time.tz.TestCompiler$1.run(TestCompiler.java:94)
	at java.lang.Thread.run(Thread.java:745)
Exception in thread "Thread-10" java.lang.NullPointerException
	at org.joda.time.tz.ZoneInfoCompiler.verbose(ZoneInfoCompiler.java:78)
	at org.joda.time.tz.DateTimeZoneBuilder$PrecalculatedZone.create(DateTimeZoneBuilder.java:979)
	at org.joda.time.tz.DateTimeZoneBuilder.toDateTimeZone(DateTimeZoneBuilder.java:176)
	at org.joda.time.tz.TestCompiler$1.run(TestCompiler.java:94)
	at java.lang.Thread.run(Thread.java:745)
Exception in thread "Thread-13" java.lang.NullPointerException
	at org.joda.time.tz.ZoneInfoCompiler.verbose(ZoneInfoCompiler.java:78)
	at org.joda.time.tz.DateTimeZoneBuilder$PrecalculatedZone.create(DateTimeZoneBuilder.java:1460)
	at org.joda.time.tz.DateTimeZoneBuilder.toDateTimeZone(DateTimeZoneBuilder.java:396)
	at org.joda.time.tz.TestCompiler$1.run(TestCompiler.java:94)
	at java.lang.Thread.run(Thread.java:745)
Exception in thread "Thread-15" java.lang.NullPointerException
	at org.joda.time.tz.ZoneInfoCompiler.verbose(ZoneInfoCompiler.java:78)
	at org.joda.time.tz.DateTimeZoneBuilder$PrecalculatedZone.create(DateTimeZoneBuilder.java:1004)
	at org.joda.time.tz.DateTimeZoneBuilder.toDateTimeZone(DateTimeZoneBuilder.java:176)
	at org.joda.time.tz.TestCompiler$1.run(TestCompiler.java:94)
	at java.lang.Thread.run(Thread.java:745)
Exception in thread "Thread-22" java.lang.NullPointerException
	at org.joda.time.tz.ZoneInfoCompiler.verbose(ZoneInfoCompiler.java:78)
	at org.joda.time.tz.DateTimeZoneBuilder$PrecalculatedZone.create(DateTimeZoneBuilder.java:1460)
	at org.joda.time.tz.DateTimeZoneBuilder.toDateTimeZone(DateTimeZoneBuilder.java:396)
	at org.joda.time.tz.TestCompiler$1.run(TestCompiler.java:94)
	at java.lang.Thread.run(Thread.java:745)
Exception in thread "Thread-24" java.lang.NullPointerException
	at org.joda.time.tz.ZoneInfoCompiler.verbose(ZoneInfoCompiler.java:78)
	at org.joda.time.tz.DateTimeZoneBuilder$PrecalculatedZone.create(DateTimeZoneBuilder.java:998)
	at org.joda.time.tz.DateTimeZoneBuilder.toDateTimeZone(DateTimeZoneBuilder.java:176)
	at org.joda.time.tz.TestCompiler$1.run(TestCompiler.java:94)
	at java.lang.Thread.run(Thread.java:745)
Exception in thread "Thread-27" java.lang.NullPointerException
	at org.joda.time.tz.ZoneInfoCompiler.verbose(ZoneInfoCompiler.java:78)
	at org.joda.time.tz.DateTimeZoneBuilder$PrecalculatedZone.create(DateTimeZoneBuilder.java:1460)
	at org.joda.time.tz.DateTimeZoneBuilder.toDateTimeZone(DateTimeZoneBuilder.java:396)
	at org.joda.time.tz.TestCompiler$1.run(TestCompiler.java:94)
	at java.lang.Thread.run(Thread.java:745)
Exception in thread "Thread-29" java.lang.NullPointerException
	at org.joda.time.tz.ZoneInfoCompiler.verbose(ZoneInfoCompiler.java:78)
	at org.joda.time.tz.DateTimeZoneBuilder$PrecalculatedZone.create(DateTimeZoneBuilder.java:999)
	at org.joda.time.tz.DateTimeZoneBuilder.toDateTimeZone(DateTimeZoneBuilder.java:196)
	at org.joda.time.tz.TestCompiler$1.run(TestCompiler.java:94)
	at java.lang.Thread.run(Thread.java:745)
Exception in thread "Thread-32" java.lang.NullPointerException
	at org.joda.time.tz.ZoneInfoCompiler.verbose(ZoneInfoCompiler.java:78)
	at org.joda.time.tz.DateTimeZoneBuilder$PrecalculatedZone.create(DateTimeZoneBuilder.java:1460)
	at org.joda.time.tz.DateTimeZoneBuilder.toDateTimeZone(DateTimeZoneBuilder.java:396)
	at org.joda.time.tz.TestCompiler$1.run(TestCompiler.java:94)
	at java.lang.Thread.run(Thread.java:745)
Exception in thread "Thread-34" java.lang.NullPointerException
	at org.joda.time.tz.ZoneInfoCompiler.verbose(ZoneInfoCompiler.java:78)
	at org.joda.time.tz.DateTimeZoneBuilder$PrecalculatedZone.create(DateTimeZoneBuilder.java:979)
	at org.joda.time.tz.DateTimeZoneBuilder.toDateTimeZone(DateTimeZoneBuilder.java:176)
	at org.joda.time.tz.TestCompiler$1.run(TestCompiler.java:94)
	at java.lang.Thread.run(Thread.java:745)
Exception in thread "Thread-37" java.lang.NullPointerException
	at org.joda.time.tz.ZoneInfoCompiler.verbose(ZoneInfoCompiler.java:78)
	at org.joda.time.tz.DateTimeZoneBuilder$PrecalculatedZone.create(DateTimeZoneBuilder.java:1460)
	at org.joda.time.tz.DateTimeZoneBuilder.toDateTimeZone(DateTimeZoneBuilder.java:396)
	at org.joda.time.tz.TestCompiler$1.run(TestCompiler.java:94)
	at java.lang.Thread.run(Thread.java:745)
Exception in thread "Thread-39" java.lang.NullPointerException
	at org.joda.time.tz.ZoneInfoCompiler.verbose(ZoneInfoCompiler.java:78)
	at org.joda.time.tz.DateTimeZoneBuilder$PrecalculatedZone.create(DateTimeZoneBuilder.java:1004)
	at org.joda.time.tz.DateTimeZoneBuilder.toDateTimeZone(DateTimeZoneBuilder.java:176)
	at org.joda.time.tz.TestCompiler$1.run(TestCompiler.java:94)
	at java.lang.Thread.run(Thread.java:745)
xxl.java.compiler.DynamicCompilationException: Aborting: dynamic compilation failed
	at xxl.java.compiler.DynamicClassCompiler.runCompilationTask(DynamicClassCompiler.java:88)
	at xxl.java.compiler.DynamicClassCompiler.javaBytecodeFor(DynamicClassCompiler.java:56)
	at fr.inria.lille.commons.spoon.SpoonedFile.compilationFor(SpoonedFile.java:177)
	at fr.inria.lille.commons.spoon.SpoonedFile.compileModelledClasses(SpoonedFile.java:154)
	at fr.inria.lille.commons.spoon.SpoonedFile.processModelledClasses(SpoonedFile.java:138)
	at fr.inria.lille.commons.spoon.SpoonedFile.process(SpoonedFile.java:128)
	at fr.inria.lille.commons.spoon.SpoonedFile.process(SpoonedFile.java:124)
	at fr.inria.lille.repair.nopol.synth.DefaultSynthesizer.buildPatch(DefaultSynthesizer.java:94)
	at fr.inria.lille.repair.nopol.NoPol.solveWithMultipleBuild(NoPol.java:185)
	at fr.inria.lille.repair.nopol.NoPol.build(NoPol.java:119)
	at fr.inria.lille.repair.nopol.NoPol.build(NoPol.java:89)
	at fr.inria.lille.repair.nopol.NoPolLauncher.launch(NoPolLauncher.java:84)
	at fr.inria.lille.repair.Main.main(Main.java:61)
Exception in thread "Thread-61" java.lang.NullPointerException
	at org.joda.time.tz.ZoneInfoCompiler.verbose(ZoneInfoCompiler.java:78)
	at org.joda.time.tz.DateTimeZoneBuilder$PrecalculatedZone.create(DateTimeZoneBuilder.java:1460)
	at org.joda.time.tz.DateTimeZoneBuilder.toDateTimeZone(DateTimeZoneBuilder.java:396)
	at org.joda.time.tz.TestCompiler$1.run(TestCompiler.java:94)
	at java.lang.Thread.run(Thread.java:745)
Exception in thread "Thread-65" java.lang.NullPointerException
	at org.joda.time.tz.ZoneInfoCompiler.verbose(ZoneInfoCompiler.java:78)
	at org.joda.time.tz.DateTimeZoneBuilder$PrecalculatedZone.create(DateTimeZoneBuilder.java:993)
	at org.joda.time.tz.DateTimeZoneBuilder.toDateTimeZone(DateTimeZoneBuilder.java:176)
	at org.joda.time.tz.TestCompiler$1.run(TestCompiler.java:94)
	at java.lang.Thread.run(Thread.java:745)
xxl.java.compiler.DynamicCompilationException: Aborting: dynamic compilation failed
	at xxl.java.compiler.DynamicClassCompiler.runCompilationTask(DynamicClassCompiler.java:88)
	at xxl.java.compiler.DynamicClassCompiler.javaBytecodeFor(DynamicClassCompiler.java:56)
	at fr.inria.lille.commons.spoon.SpoonedFile.compilationFor(SpoonedFile.java:177)
	at fr.inria.lille.commons.spoon.SpoonedFile.compileModelledClasses(SpoonedFile.java:154)
	at fr.inria.lille.commons.spoon.SpoonedFile.processModelledClasses(SpoonedFile.java:138)
	at fr.inria.lille.commons.spoon.SpoonedFile.process(SpoonedFile.java:128)
	at fr.inria.lille.commons.spoon.SpoonedFile.process(SpoonedFile.java:124)
	at fr.inria.lille.repair.nopol.synth.DefaultSynthesizer.buildPatch(DefaultSynthesizer.java:94)
	at fr.inria.lille.repair.nopol.NoPol.solveWithMultipleBuild(NoPol.java:185)
	at fr.inria.lille.repair.nopol.NoPol.build(NoPol.java:119)
	at fr.inria.lille.repair.nopol.NoPol.build(NoPol.java:89)
	at fr.inria.lille.repair.nopol.NoPolLauncher.launch(NoPolLauncher.java:84)
	at fr.inria.lille.repair.Main.main(Main.java:61)
Exception in thread "Thread-85" java.lang.NullPointerException
	at org.joda.time.tz.ZoneInfoCompiler.verbose(ZoneInfoCompiler.java:78)
	at org.joda.time.tz.DateTimeZoneBuilder$PrecalculatedZone.create(DateTimeZoneBuilder.java:1460)
	at org.joda.time.tz.DateTimeZoneBuilder.toDateTimeZone(DateTimeZoneBuilder.java:396)
	at org.joda.time.tz.TestCompiler$1.run(TestCompiler.java:94)
	at java.lang.Thread.run(Thread.java:745)
Exception in thread "Thread-87" java.lang.NullPointerException
	at org.joda.time.tz.ZoneInfoCompiler.verbose(ZoneInfoCompiler.java:78)
	at org.joda.time.tz.DateTimeZoneBuilder$PrecalculatedZone.create(DateTimeZoneBuilder.java:1002)
	at org.joda.time.tz.DateTimeZoneBuilder.toDateTimeZone(DateTimeZoneBuilder.java:176)
	at org.joda.time.tz.TestCompiler$1.run(TestCompiler.java:94)
	at java.lang.Thread.run(Thread.java:745)
Exception in thread "Thread-90" java.lang.NullPointerException
	at org.joda.time.tz.ZoneInfoCompiler.verbose(ZoneInfoCompiler.java:78)
	at org.joda.time.tz.DateTimeZoneBuilder$PrecalculatedZone.create(DateTimeZoneBuilder.java:1460)
	at org.joda.time.tz.DateTimeZoneBuilder.toDateTimeZone(DateTimeZoneBuilder.java:396)
	at org.joda.time.tz.TestCompiler$1.run(TestCompiler.java:94)
	at java.lang.Thread.run(Thread.java:745)
Exception in thread "Thread-92" java.lang.NullPointerException
	at org.joda.time.tz.ZoneInfoCompiler.verbose(ZoneInfoCompiler.java:78)
	at org.joda.time.tz.DateTimeZoneBuilder$PrecalculatedZone.create(DateTimeZoneBuilder.java:1002)
	at org.joda.time.tz.DateTimeZoneBuilder.toDateTimeZone(DateTimeZoneBuilder.java:176)
	at org.joda.time.tz.TestCompiler$1.run(TestCompiler.java:94)
	at java.lang.Thread.run(Thread.java:745)
Exception in thread "Thread-95" java.lang.NullPointerException
	at org.joda.time.tz.ZoneInfoCompiler.verbose(ZoneInfoCompiler.java:78)
	at org.joda.time.tz.DateTimeZoneBuilder$PrecalculatedZone.create(DateTimeZoneBuilder.java:1460)
	at org.joda.time.tz.DateTimeZoneBuilder.toDateTimeZone(DateTimeZoneBuilder.java:396)
	at org.joda.time.tz.TestCompiler$1.run(TestCompiler.java:94)
	at java.lang.Thread.run(Thread.java:745)
Exception in thread "Thread-97" java.lang.NullPointerException
	at org.joda.time.tz.ZoneInfoCompiler.verbose(ZoneInfoCompiler.java:78)
	at org.joda.time.tz.DateTimeZoneBuilder$PrecalculatedZone.create(DateTimeZoneBuilder.java:1003)
	at org.joda.time.tz.DateTimeZoneBuilder.toDateTimeZone(DateTimeZoneBuilder.java:176)
	at org.joda.time.tz.TestCompiler$1.run(TestCompiler.java:94)
	at java.lang.Thread.run(Thread.java:745)
Exception in thread "Thread-100" java.lang.NullPointerException
	at org.joda.time.tz.ZoneInfoCompiler.verbose(ZoneInfoCompiler.java:78)
	at org.joda.time.tz.DateTimeZoneBuilder$PrecalculatedZone.create(DateTimeZoneBuilder.java:1460)
	at org.joda.time.tz.DateTimeZoneBuilder.toDateTimeZone(DateTimeZoneBuilder.java:396)
	at org.joda.time.tz.TestCompiler$1.run(TestCompiler.java:94)
	at java.lang.Thread.run(Thread.java:745)
Exception in thread "Thread-102" java.lang.NullPointerException
	at org.joda.time.tz.ZoneInfoCompiler.verbose(ZoneInfoCompiler.java:78)
	at org.joda.time.tz.DateTimeZoneBuilder$PrecalculatedZone.create(DateTimeZoneBuilder.java:999)
	at org.joda.time.tz.DateTimeZoneBuilder.toDateTimeZone(DateTimeZoneBuilder.java:176)
	at org.joda.time.tz.TestCompiler$1.run(TestCompiler.java:94)
	at java.lang.Thread.run(Thread.java:745)
Exception in thread "Thread-105" java.lang.NullPointerException
	at org.joda.time.tz.ZoneInfoCompiler.verbose(ZoneInfoCompiler.java:78)
	at org.joda.time.tz.DateTimeZoneBuilder$PrecalculatedZone.create(DateTimeZoneBuilder.java:1460)
	at org.joda.time.tz.DateTimeZoneBuilder.toDateTimeZone(DateTimeZoneBuilder.java:396)
	at org.joda.time.tz.TestCompiler$1.run(TestCompiler.java:94)
	at java.lang.Thread.run(Thread.java:745)
Exception in thread "Thread-107" java.lang.NullPointerException
	at org.joda.time.tz.ZoneInfoCompiler.verbose(ZoneInfoCompiler.java:78)
	at org.joda.time.tz.DateTimeZoneBuilder$PrecalculatedZone.create(DateTimeZoneBuilder.java:1001)
	at org.joda.time.tz.DateTimeZoneBuilder.toDateTimeZone(DateTimeZoneBuilder.java:176)
	at org.joda.time.tz.TestCompiler$1.run(TestCompiler.java:94)
	at java.lang.Thread.run(Thread.java:745)
Exception in thread "Thread-110" java.lang.NullPointerException
	at org.joda.time.tz.ZoneInfoCompiler.verbose(ZoneInfoCompiler.java:78)
	at org.joda.time.tz.DateTimeZoneBuilder$PrecalculatedZone.create(DateTimeZoneBuilder.java:1460)
	at org.joda.time.tz.DateTimeZoneBuilder.toDateTimeZone(DateTimeZoneBuilder.java:396)
	at org.joda.time.tz.TestCompiler$1.run(TestCompiler.java:94)
	at java.lang.Thread.run(Thread.java:745)
Exception in thread "Thread-112" java.lang.NullPointerException
	at org.joda.time.tz.ZoneInfoCompiler.verbose(ZoneInfoCompiler.java:78)
	at org.joda.time.tz.DateTimeZoneBuilder$PrecalculatedZone.create(DateTimeZoneBuilder.java:998)
	at org.joda.time.tz.DateTimeZoneBuilder.toDateTimeZone(DateTimeZoneBuilder.java:176)
	at org.joda.time.tz.TestCompiler$1.run(TestCompiler.java:94)
	at java.lang.Thread.run(Thread.java:745)
Exception in thread "Thread-115" java.lang.NullPointerException
	at org.joda.time.tz.ZoneInfoCompiler.verbose(ZoneInfoCompiler.java:78)
	at org.joda.time.tz.DateTimeZoneBuilder$PrecalculatedZone.create(DateTimeZoneBuilder.java:1460)
	at org.joda.time.tz.DateTimeZoneBuilder.toDateTimeZone(DateTimeZoneBuilder.java:396)
	at org.joda.time.tz.TestCompiler$1.run(TestCompiler.java:94)
	at java.lang.Thread.run(Thread.java:745)
Exception in thread "Thread-117" java.lang.NullPointerException
	at org.joda.time.tz.ZoneInfoCompiler.verbose(ZoneInfoCompiler.java:78)
	at org.joda.time.tz.DateTimeZoneBuilder$PrecalculatedZone.create(DateTimeZoneBuilder.java:998)
	at org.joda.time.tz.DateTimeZoneBuilder.toDateTimeZone(DateTimeZoneBuilder.java:176)
	at org.joda.time.tz.TestCompiler$1.run(TestCompiler.java:94)
	at java.lang.Thread.run(Thread.java:745)
Exception in thread "Thread-120" java.lang.NullPointerException
	at org.joda.time.tz.ZoneInfoCompiler.verbose(ZoneInfoCompiler.java:78)
	at org.joda.time.tz.DateTimeZoneBuilder$PrecalculatedZone.create(DateTimeZoneBuilder.java:1460)
	at org.joda.time.tz.DateTimeZoneBuilder.toDateTimeZone(DateTimeZoneBuilder.java:396)
	at org.joda.time.tz.TestCompiler$1.run(TestCompiler.java:94)
	at java.lang.Thread.run(Thread.java:745)
Exception in thread "Thread-124" java.lang.NullPointerException
	at org.joda.time.tz.ZoneInfoCompiler.verbose(ZoneInfoCompiler.java:78)
	at org.joda.time.tz.DateTimeZoneBuilder$PrecalculatedZone.create(DateTimeZoneBuilder.java:999)
	at org.joda.time.tz.DateTimeZoneBuilder.toDateTimeZone(DateTimeZoneBuilder.java:196)
	at org.joda.time.tz.TestCompiler$1.run(TestCompiler.java:94)
	at java.lang.Thread.run(Thread.java:745)

real	3m40.138s
user	4m27.344s
sys	0m3.316s
