export PATH="/home/tdurieux/defects4j/framework/bin:$PATH";export JAVA_TOOL_OPTIONS=-Dfile.encoding=UTF8;export PATH="/usr/lib/jvm/java-1.7.0-openjdk-amd64/bin/:$PATH";cp -r /home/tdurieux/projects/lang/lang_23 /tmp/lang_23_Genprog;cd /tmp/lang_23_Genprog;defects4j compile;mkdir lib/;cp -r /home/tdurieux/defects4j/framework/projects/lib/* lib/;cp -r /home/tdurieux/defects4j/framework/projects/Lang/lib/* lib/;find . -type f -name "package-info.java" -delete;
/home/tdurieux/defects4j-repair/src/python/core/../../../results/2015-august/Lang/23/Genprog/result
cd /tmp/lang_23_Genprog;export JAVA_TOOL_OPTIONS=-Dfile.encoding=UTF8;TZ="America/New_York"; export TZexport PATH="/usr/lib/jvm/java-1.7.0-openjdk-amd64/bin/:$PATH";time java  -cp /home/tdurieux/defects4j-repair/src/python/core/../../..//libs/astor.jar fr.inria.main.evolution.MainjGenProg -mode statement -location . -dependencies lib/ -failing org.apache.commons.lang3.text.ExtendedMessageFormatTest: -package org.apache.commons -jvm4testexecution /usr/lib/jvm/java-1.7.0-openjdk-amd64/bin/ -javacompliancelevel 5 -maxgen 1000000 -seed 10 -maxtime 60  -scope local  -stopfirst true -flthreshold 0.1 -population 1 -srcjavafolder src/main/java/ -srctestfolder src/test/java/ -binjavafolder target/classes/ -bintestfolder target/test-classes/;echo "

Node: `hostname`
";echo "
Date: `date`
";rm -rf /tmp/lang_23_Genprog;

2015-08-25 00:19:45,167 INFO main - End Repair Loops: NOT Found solution
2015-08-25 00:19:45,167 INFO main - 
Number solutions:0
2015-08-25 00:19:45,167 INFO main - 
All variants:
2015-08-25 00:19:45,167 INFO main - f 6.0, [Variant id: 7139, #gens: 104, #ops: 0, parent:-]
2015-08-25 00:19:45,168 INFO main - --Space: LOCAL
org.apache.commons.lang3.text.ExtendedMessageFormat=159|,org.apache.commons.lang3.text.StrMatcher=45|,
2015-08-25 00:19:45,168 INFO main - 
----stats: 
2015-08-25 00:19:45,168 INFO main - 
spaces navigation: [86]: {(CtAssignmentImpl| size: 13| alreadyanalyzed| LOCAL| REPLACE) =702, (CtUnaryOperatorImpl| size: 159| compiles| LOCAL| INSERT_AFTER) =62, (CtIfImpl| size: 159| notcompiles| LOCAL| INSERT_BEFORE) =160, (CtReturnImpl| size: 14| notcompiles| LOCAL| REPLACE) =28, (CtInvocationImpl| size: 159| alreadyanalyzed| LOCAL| INSERT_AFTER) =72, (CtReturnImpl| size: 159| notcompiles| LOCAL| INSERT_BEFORE) =74, (CtInvocationImpl| size: 159| compiles| LOCAL| INSERT_BEFORE) =213, (CtForImpl| size: 5| notcompiles| LOCAL| REPLACE) =13, (CtReturnImpl| size: 159| alreadyanalyzed| LOCAL| INSERT_AFTER) =18, (CtWhileImpl| size: 159| compiles| LOCAL| INSERT_BEFORE) =14, (CtLocalVariableImpl| size: 159| compiles| LOCAL| INSERT_AFTER) =343, (CtForImpl| size: 5| alreadyanalyzed| LOCAL| REPLACE) =133, (CtAssignmentImpl| size: 13| compiles| LOCAL| REPLACE) =9, (CtLocalVariableImpl| size: 159| notcompiles| LOCAL| INSERT_BEFORE) =338, (CtWhileImpl| size: 159| alreadyanalyzed| LOCAL| INSERT_BEFORE) =1, (CtReturnImpl| size: 14| alreadyanalyzed| LOCAL| REPLACE) =425, (CtIfImpl| size: 21| notcompiles| LOCAL| REPLACE) =277, (CtWhileImpl| size: 159| notcompiles| LOCAL| INSERT_AFTER) =18, (CtSwitchImpl| size: 4| alreadyanalyzed| LOCAL| REPLACE) =128, (CtUnaryOperatorImpl| size: 7| compiles| LOCAL| REPLACE) =8, (CtUnaryOperatorImpl| size: 7| notcompiles| LOCAL| REPLACE) =12, (CtReturnImpl| size: 159| alreadyanalyzed| LOCAL| INSERT_BEFORE) =18, (CtInvocationImpl| size: 159| notcompiles| LOCAL| INSERT_AFTER) =177, (CtLocalVariableImpl| size: 35| alreadyanalyzed| LOCAL| REPLACE) =206, (CtLocalVariableImpl| size: 35| compiles| LOCAL| REPLACE) =296, (CtUnaryOperatorImpl| size: 159| notcompiles| LOCAL| INSERT_BEFORE) =55, (CtSwitchImpl| size: 159| compiles| LOCAL| INSERT_AFTER) =40, (CtReturnImpl| size: 26| alreadyanalyzed| LOCAL| REPLACE) =4, (CtReturnImpl| size: 26| notcompiles| LOCAL| REPLACE) =2, (CtInvocationImpl| size: 159| notcompiles| LOCAL| INSERT_BEFORE) =165, (CtInvocationImpl| size: 159| compiles| LOCAL| INSERT_AFTER) =239, (CtIfImpl| size: 159| compiles| LOCAL| INSERT_BEFORE) =170, (CtSwitchImpl| size: 159| compiles| LOCAL| INSERT_BEFORE) =31, (CtAssignmentImpl| size: 159| alreadyanalyzed| LOCAL| INSERT_BEFORE) =14, (CtWhileImpl| size: 159| notcompiles| LOCAL| INSERT_BEFORE) =8, (CtLocalVariableImpl| size: 159| compiles| LOCAL| INSERT_BEFORE) =288, (CtInvocationImpl| size: 40| alreadyanalyzed| LOCAL| REPLACE) =2880, (CtForImpl| size: 159| alreadyanalyzed| LOCAL| INSERT_AFTER) =6, (CtReturnImpl| size: 45| compiles| LOCAL| INSERT_BEFORE) =9, (CtReturnImpl| size: 26| compiles| LOCAL| REPLACE) =10, (CtReturnImpl| size: 14| compiles| LOCAL| REPLACE) =53, (CtInvocationImpl| size: 40| notcompiles| LOCAL| REPLACE) =285, (CtInvocationImpl| size: 40| compiles| LOCAL| REPLACE) =153, (CtSwitchImpl| size: 159| alreadyanalyzed| LOCAL| INSERT_AFTER) =10, (CtIfImpl| size: 159| alreadyanalyzed| LOCAL| INSERT_BEFORE) =52, (CtAssignmentImpl| size: 159| compiles| LOCAL| INSERT_AFTER) =66, (CtUnaryOperatorImpl| size: 7| alreadyanalyzed| LOCAL| REPLACE) =398, (CtForImpl| size: 159| compiles| LOCAL| INSERT_AFTER) =44, (CtReturnImpl| size: 159| compiles| LOCAL| INSERT_AFTER) =62, (CtUnaryOperatorImpl| size: 159| alreadyanalyzed| LOCAL| INSERT_BEFORE) =20, (CtForImpl| size: 159| notcompiles| LOCAL| INSERT_AFTER) =33, (CtReturnImpl| size: 45| compiles| LOCAL| INSERT_AFTER) =8, (CtUnaryOperatorImpl| size: 159| compiles| LOCAL| INSERT_BEFORE) =68, (CtUnaryOperatorImpl| size: 159| notcompiles| LOCAL| INSERT_AFTER) =52, (CtAssignmentImpl| size: 13| notcompiles| LOCAL| REPLACE) =74, (CtWhileImpl| size: 2| compiles| LOCAL| REPLACE) =2, (CtIfImpl| size: 159| alreadyanalyzed| LOCAL| INSERT_AFTER) =20, (CtInvocationImpl| size: 159| alreadyanalyzed| LOCAL| INSERT_BEFORE) =61, (CtAssignmentImpl| size: 159| alreadyanalyzed| LOCAL| INSERT_AFTER) =17, (CtWhileImpl| size: 2| alreadyanalyzed| LOCAL| REPLACE) =31, (CtAssignmentImpl| size: 159| notcompiles| LOCAL| INSERT_BEFORE) =61, (CtWhileImpl| size: 159| alreadyanalyzed| LOCAL| INSERT_AFTER) =11, (CtReturnImpl| size: 159| compiles| LOCAL| INSERT_BEFORE) =62, (CtIfImpl| size: 159| notcompiles| LOCAL| INSERT_AFTER) =121, (CtWhileImpl| size: 159| compiles| LOCAL| INSERT_AFTER) =27, (CtForImpl| size: 159| alreadyanalyzed| LOCAL| INSERT_BEFORE) =10, (CtLocalVariableImpl| size: 159| notcompiles| LOCAL| INSERT_AFTER) =347, (CtAssignmentImpl| size: 159| compiles| LOCAL| INSERT_BEFORE) =62, (CtIfImpl| size: 21| compiles| LOCAL| REPLACE) =62, (CtReturnImpl| size: 45| notcompiles| LOCAL| INSERT_BEFORE) =7, (CtReturnImpl| size: 45| notcompiles| LOCAL| INSERT_AFTER) =5, (CtForImpl| size: 159| notcompiles| LOCAL| INSERT_BEFORE) =20, (CtReturnImpl| size: 45| alreadyanalyzed| LOCAL| INSERT_AFTER) =3, (CtSwitchImpl| size: 159| notcompiles| LOCAL| INSERT_BEFORE) =20, (CtAssignmentImpl| size: 159| notcompiles| LOCAL| INSERT_AFTER) =58, (CtLocalVariableImpl| size: 159| alreadyanalyzed| LOCAL| INSERT_BEFORE) =120, (CtUnaryOperatorImpl| size: 159| alreadyanalyzed| LOCAL| INSERT_AFTER) =17, (CtSwitchImpl| size: 4| compiles| LOCAL| REPLACE) =9, (CtLocalVariableImpl| size: 159| alreadyanalyzed| LOCAL| INSERT_AFTER) =129, (CtIfImpl| size: 21| alreadyanalyzed| LOCAL| REPLACE) =2366, (CtReturnImpl| size: 159| notcompiles| LOCAL| INSERT_AFTER) =75, (CtIfImpl| size: 159| compiles| LOCAL| INSERT_AFTER) =138, (CtSwitchImpl| size: 159| alreadyanalyzed| LOCAL| INSERT_BEFORE) =3, (CtForImpl| size: 5| compiles| LOCAL| REPLACE) =3, (CtSwitchImpl| size: 159| notcompiles| LOCAL| INSERT_AFTER) =29, (CtForImpl| size: 159| compiles| LOCAL| INSERT_BEFORE) =40}
#gen: 3569
#patches: 0
#RightCompilation: 1934
#WrongCompilation: 1635
#FailingTestCaseExecution: 1935
#RegressionTestExecution: 0
#TestcasesExecutedval1: 15160
#TestcasesExecutedval2: 0
#FailingTestCase: 8
#RegressionTestCases: 0
#OfAppliedOp: 3569
#NotAppliedOp: 0
#InmutatedGen: 387
#unfinishValidation: 0
#ing {CtLocalVariableImpl=1231, CtForImpl=139, CtSwitchImpl=132, CtReturnImpl=310, CtAssignmentImpl=267, CtInvocationImpl=896, CtIfImpl=641, CtWhileImpl=88, CtUnaryOperatorImpl=252}
#untilcompile {1=1146, 2=497, 3=267, 4=158, 5=103, 6=67, 7=47, 8=47, 9=27, 10=25, 11=10, 12=12, 13=22, 14=25, 15=17, 17=6, 16=4, 19=7, 18=8, 21=23, 20=2, 23=17, 22=32, 25=9, 24=7, 27=6, 26=6, 29=2, 28=4, 31=1, 34=1, 35=2, 32=1, 33=3, 36=2, 42=7, 43=4, 40=8, 41=19, 46=3, 47=2, 44=5, 45=2, 49=1, 48=1, 52=1, 59=1, 63=1, 62=1, 64=1, 77=1, 83=1, 103=1, 100=1}
2015-08-25 00:19:45,168 INFO main - Time Evolution(ms): 3699721
2015-08-25 00:19:45,168 INFO fr.inria.main.AbstractMain - Time Total(ms): 3725030


Node: griffon-33.nancy.grid5000.fr


Date: Tue Aug 25 02:19:45 CEST 2015


