Picked up JAVA_TOOL_OPTIONS: -Dfile.encoding=UTF8
xxl.java.compiler.DynamicCompilationException: Aborting: dynamic compilation failed
	at xxl.java.compiler.DynamicClassCompiler.runCompilationTask(DynamicClassCompiler.java:95)
	at xxl.java.compiler.DynamicClassCompiler.javaBytecodeFor(DynamicClassCompiler.java:63)
	at fr.inria.lille.commons.spoon.SpoonedFile.compilationFor(SpoonedFile.java:177)
	at fr.inria.lille.commons.spoon.SpoonedFile.compileModelledClasses(SpoonedFile.java:154)
	at fr.inria.lille.commons.spoon.SpoonedFile.processModelledClasses(SpoonedFile.java:138)
	at fr.inria.lille.commons.spoon.SpoonedFile.process(SpoonedFile.java:128)
	at fr.inria.lille.commons.spoon.SpoonedFile.processedAndDumpedToClassLoader(SpoonedFile.java:119)
	at fr.inria.lille.commons.spoon.SpoonedFile.processedAndDumpedToClassLoader(SpoonedFile.java:115)
	at fr.inria.lille.repair.nopol.synth.brutpol.BrutSynthesizer.buildPatch(BrutSynthesizer.java:74)
	at fr.inria.lille.repair.nopol.NoPol.solveWithMultipleBuild(NoPol.java:185)
	at fr.inria.lille.repair.nopol.NoPol.build(NoPol.java:123)
	at fr.inria.lille.repair.nopol.NoPol.build(NoPol.java:93)
	at fr.inria.lille.repair.nopol.NoPolLauncher.launch(NoPolLauncher.java:85)
	at fr.inria.lille.repair.Main.main(Main.java:59)
xxl.java.compiler.DynamicCompilationException: Aborting: dynamic compilation failed
	at xxl.java.compiler.DynamicClassCompiler.runCompilationTask(DynamicClassCompiler.java:95)
	at xxl.java.compiler.DynamicClassCompiler.javaBytecodeFor(DynamicClassCompiler.java:63)
	at fr.inria.lille.commons.spoon.SpoonedFile.compilationFor(SpoonedFile.java:177)
	at fr.inria.lille.commons.spoon.SpoonedFile.compileModelledClasses(SpoonedFile.java:154)
	at fr.inria.lille.commons.spoon.SpoonedFile.processModelledClasses(SpoonedFile.java:138)
	at fr.inria.lille.commons.spoon.SpoonedFile.process(SpoonedFile.java:128)
	at fr.inria.lille.commons.spoon.SpoonedFile.processedAndDumpedToClassLoader(SpoonedFile.java:119)
	at fr.inria.lille.commons.spoon.SpoonedFile.processedAndDumpedToClassLoader(SpoonedFile.java:115)
	at fr.inria.lille.repair.nopol.synth.brutpol.BrutSynthesizer.buildPatch(BrutSynthesizer.java:74)
	at fr.inria.lille.repair.nopol.NoPol.solveWithMultipleBuild(NoPol.java:185)
	at fr.inria.lille.repair.nopol.NoPol.build(NoPol.java:123)
	at fr.inria.lille.repair.nopol.NoPol.build(NoPol.java:93)
	at fr.inria.lille.repair.nopol.NoPolLauncher.launch(NoPolLauncher.java:85)
	at fr.inria.lille.repair.Main.main(Main.java:59)
xxl.java.compiler.DynamicCompilationException: Aborting: dynamic compilation failed
	at xxl.java.compiler.DynamicClassCompiler.runCompilationTask(DynamicClassCompiler.java:95)
	at xxl.java.compiler.DynamicClassCompiler.javaBytecodeFor(DynamicClassCompiler.java:63)
	at fr.inria.lille.commons.spoon.SpoonedFile.compilationFor(SpoonedFile.java:177)
	at fr.inria.lille.commons.spoon.SpoonedFile.compileModelledClasses(SpoonedFile.java:154)
	at fr.inria.lille.commons.spoon.SpoonedFile.processModelledClasses(SpoonedFile.java:138)
	at fr.inria.lille.commons.spoon.SpoonedFile.process(SpoonedFile.java:128)
	at fr.inria.lille.commons.spoon.SpoonedFile.processedAndDumpedToClassLoader(SpoonedFile.java:119)
	at fr.inria.lille.commons.spoon.SpoonedFile.processedAndDumpedToClassLoader(SpoonedFile.java:115)
	at fr.inria.lille.repair.nopol.synth.brutpol.BrutSynthesizer.buildPatch(BrutSynthesizer.java:74)
	at fr.inria.lille.repair.nopol.NoPol.solveWithMultipleBuild(NoPol.java:185)
	at fr.inria.lille.repair.nopol.NoPol.build(NoPol.java:123)
	at fr.inria.lille.repair.nopol.NoPol.build(NoPol.java:93)
	at fr.inria.lille.repair.nopol.NoPolLauncher.launch(NoPolLauncher.java:85)
	at fr.inria.lille.repair.Main.main(Main.java:59)
xxl.java.compiler.DynamicCompilationException: Aborting: dynamic compilation failed
	at xxl.java.compiler.DynamicClassCompiler.runCompilationTask(DynamicClassCompiler.java:95)
	at xxl.java.compiler.DynamicClassCompiler.javaBytecodeFor(DynamicClassCompiler.java:63)
	at fr.inria.lille.commons.spoon.SpoonedFile.compilationFor(SpoonedFile.java:177)
	at fr.inria.lille.commons.spoon.SpoonedFile.compileModelledClasses(SpoonedFile.java:154)
	at fr.inria.lille.commons.spoon.SpoonedFile.processModelledClasses(SpoonedFile.java:138)
	at fr.inria.lille.commons.spoon.SpoonedFile.process(SpoonedFile.java:128)
	at fr.inria.lille.commons.spoon.SpoonedFile.processedAndDumpedToClassLoader(SpoonedFile.java:119)
	at fr.inria.lille.commons.spoon.SpoonedFile.processedAndDumpedToClassLoader(SpoonedFile.java:115)
	at fr.inria.lille.repair.nopol.synth.ConstraintModelBuilder.<init>(ConstraintModelBuilder.java:59)
	at fr.inria.lille.repair.nopol.synth.SynthesizerFactory.getFor(SynthesizerFactory.java:125)
	at fr.inria.lille.repair.nopol.NoPol.solveWithMultipleBuild(NoPol.java:164)
	at fr.inria.lille.repair.nopol.NoPol.build(NoPol.java:123)
	at fr.inria.lille.repair.nopol.NoPol.build(NoPol.java:93)
	at fr.inria.lille.repair.nopol.NoPolLauncher.launch(NoPolLauncher.java:85)
	at fr.inria.lille.repair.Main.main(Main.java:59)
xxl.java.compiler.DynamicCompilationException: Aborting: dynamic compilation failed
	at xxl.java.compiler.DynamicClassCompiler.runCompilationTask(DynamicClassCompiler.java:95)
	at xxl.java.compiler.DynamicClassCompiler.javaBytecodeFor(DynamicClassCompiler.java:63)
	at fr.inria.lille.commons.spoon.SpoonedFile.compilationFor(SpoonedFile.java:177)
	at fr.inria.lille.commons.spoon.SpoonedFile.compileModelledClasses(SpoonedFile.java:154)
	at fr.inria.lille.commons.spoon.SpoonedFile.processModelledClasses(SpoonedFile.java:138)
	at fr.inria.lille.commons.spoon.SpoonedFile.process(SpoonedFile.java:128)
	at fr.inria.lille.commons.spoon.SpoonedFile.processedAndDumpedToClassLoader(SpoonedFile.java:119)
	at fr.inria.lille.commons.spoon.SpoonedFile.processedAndDumpedToClassLoader(SpoonedFile.java:115)
	at fr.inria.lille.repair.nopol.synth.brutpol.BrutSynthesizer.buildPatch(BrutSynthesizer.java:74)
	at fr.inria.lille.repair.nopol.NoPol.solveWithMultipleBuild(NoPol.java:185)
	at fr.inria.lille.repair.nopol.NoPol.build(NoPol.java:123)
	at fr.inria.lille.repair.nopol.NoPol.build(NoPol.java:93)
	at fr.inria.lille.repair.nopol.NoPolLauncher.launch(NoPolLauncher.java:85)
	at fr.inria.lille.repair.Main.main(Main.java:59)
xxl.java.compiler.DynamicCompilationException: Aborting: dynamic compilation failed
	at xxl.java.compiler.DynamicClassCompiler.runCompilationTask(DynamicClassCompiler.java:95)
	at xxl.java.compiler.DynamicClassCompiler.javaBytecodeFor(DynamicClassCompiler.java:63)
	at fr.inria.lille.commons.spoon.SpoonedFile.compilationFor(SpoonedFile.java:177)
	at fr.inria.lille.commons.spoon.SpoonedFile.compileModelledClasses(SpoonedFile.java:154)
	at fr.inria.lille.commons.spoon.SpoonedFile.processModelledClasses(SpoonedFile.java:138)
	at fr.inria.lille.commons.spoon.SpoonedFile.process(SpoonedFile.java:128)
	at fr.inria.lille.commons.spoon.SpoonedFile.processedAndDumpedToClassLoader(SpoonedFile.java:119)
	at fr.inria.lille.commons.spoon.SpoonedFile.processedAndDumpedToClassLoader(SpoonedFile.java:115)
	at fr.inria.lille.repair.nopol.synth.brutpol.BrutSynthesizer.buildPatch(BrutSynthesizer.java:74)
	at fr.inria.lille.repair.nopol.NoPol.solveWithMultipleBuild(NoPol.java:185)
	at fr.inria.lille.repair.nopol.NoPol.build(NoPol.java:123)
	at fr.inria.lille.repair.nopol.NoPol.build(NoPol.java:93)
	at fr.inria.lille.repair.nopol.NoPolLauncher.launch(NoPolLauncher.java:85)
	at fr.inria.lille.repair.Main.main(Main.java:59)
xxl.java.compiler.DynamicCompilationException: Aborting: dynamic compilation failed
	at xxl.java.compiler.DynamicClassCompiler.runCompilationTask(DynamicClassCompiler.java:95)
	at xxl.java.compiler.DynamicClassCompiler.javaBytecodeFor(DynamicClassCompiler.java:63)
	at fr.inria.lille.commons.spoon.SpoonedFile.compilationFor(SpoonedFile.java:177)
	at fr.inria.lille.commons.spoon.SpoonedFile.compileModelledClasses(SpoonedFile.java:154)
	at fr.inria.lille.commons.spoon.SpoonedFile.processModelledClasses(SpoonedFile.java:138)
	at fr.inria.lille.commons.spoon.SpoonedFile.process(SpoonedFile.java:128)
	at fr.inria.lille.commons.spoon.SpoonedFile.processedAndDumpedToClassLoader(SpoonedFile.java:119)
	at fr.inria.lille.commons.spoon.SpoonedFile.processedAndDumpedToClassLoader(SpoonedFile.java:115)
	at fr.inria.lille.repair.nopol.synth.brutpol.BrutSynthesizer.buildPatch(BrutSynthesizer.java:74)
	at fr.inria.lille.repair.nopol.NoPol.solveWithMultipleBuild(NoPol.java:185)
	at fr.inria.lille.repair.nopol.NoPol.build(NoPol.java:123)
	at fr.inria.lille.repair.nopol.NoPol.build(NoPol.java:93)
	at fr.inria.lille.repair.nopol.NoPolLauncher.launch(NoPolLauncher.java:85)
	at fr.inria.lille.repair.Main.main(Main.java:59)
xxl.java.compiler.DynamicCompilationException: Aborting: dynamic compilation failed
	at xxl.java.compiler.DynamicClassCompiler.runCompilationTask(DynamicClassCompiler.java:95)
	at xxl.java.compiler.DynamicClassCompiler.javaBytecodeFor(DynamicClassCompiler.java:63)
	at fr.inria.lille.commons.spoon.SpoonedFile.compilationFor(SpoonedFile.java:177)
	at fr.inria.lille.commons.spoon.SpoonedFile.compileModelledClasses(SpoonedFile.java:154)
	at fr.inria.lille.commons.spoon.SpoonedFile.processModelledClasses(SpoonedFile.java:138)
	at fr.inria.lille.commons.spoon.SpoonedFile.process(SpoonedFile.java:128)
	at fr.inria.lille.commons.spoon.SpoonedFile.processedAndDumpedToClassLoader(SpoonedFile.java:119)
	at fr.inria.lille.commons.spoon.SpoonedFile.processedAndDumpedToClassLoader(SpoonedFile.java:115)
	at fr.inria.lille.repair.nopol.synth.brutpol.BrutSynthesizer.buildPatch(BrutSynthesizer.java:74)
	at fr.inria.lille.repair.nopol.NoPol.solveWithMultipleBuild(NoPol.java:185)
	at fr.inria.lille.repair.nopol.NoPol.build(NoPol.java:123)
	at fr.inria.lille.repair.nopol.NoPol.build(NoPol.java:93)
	at fr.inria.lille.repair.nopol.NoPolLauncher.launch(NoPolLauncher.java:85)
	at fr.inria.lille.repair.Main.main(Main.java:59)
xxl.java.compiler.DynamicCompilationException: Aborting: dynamic compilation failed
	at xxl.java.compiler.DynamicClassCompiler.runCompilationTask(DynamicClassCompiler.java:95)
	at xxl.java.compiler.DynamicClassCompiler.javaBytecodeFor(DynamicClassCompiler.java:63)
	at fr.inria.lille.commons.spoon.SpoonedFile.compilationFor(SpoonedFile.java:177)
	at fr.inria.lille.commons.spoon.SpoonedFile.compileModelledClasses(SpoonedFile.java:154)
	at fr.inria.lille.commons.spoon.SpoonedFile.processModelledClasses(SpoonedFile.java:138)
	at fr.inria.lille.commons.spoon.SpoonedFile.process(SpoonedFile.java:128)
	at fr.inria.lille.commons.spoon.SpoonedFile.processedAndDumpedToClassLoader(SpoonedFile.java:119)
	at fr.inria.lille.commons.spoon.SpoonedFile.processedAndDumpedToClassLoader(SpoonedFile.java:115)
	at fr.inria.lille.repair.nopol.synth.brutpol.BrutSynthesizer.buildPatch(BrutSynthesizer.java:74)
	at fr.inria.lille.repair.nopol.NoPol.solveWithMultipleBuild(NoPol.java:185)
	at fr.inria.lille.repair.nopol.NoPol.build(NoPol.java:123)
	at fr.inria.lille.repair.nopol.NoPol.build(NoPol.java:93)
	at fr.inria.lille.repair.nopol.NoPolLauncher.launch(NoPolLauncher.java:85)
	at fr.inria.lille.repair.Main.main(Main.java:59)
xxl.java.compiler.DynamicCompilationException: Aborting: dynamic compilation failed
	at xxl.java.compiler.DynamicClassCompiler.runCompilationTask(DynamicClassCompiler.java:95)
	at xxl.java.compiler.DynamicClassCompiler.javaBytecodeFor(DynamicClassCompiler.java:63)
	at fr.inria.lille.commons.spoon.SpoonedFile.compilationFor(SpoonedFile.java:177)
	at fr.inria.lille.commons.spoon.SpoonedFile.compileModelledClasses(SpoonedFile.java:154)
	at fr.inria.lille.commons.spoon.SpoonedFile.processModelledClasses(SpoonedFile.java:138)
	at fr.inria.lille.commons.spoon.SpoonedFile.process(SpoonedFile.java:128)
	at fr.inria.lille.commons.spoon.SpoonedFile.processedAndDumpedToClassLoader(SpoonedFile.java:119)
	at fr.inria.lille.commons.spoon.SpoonedFile.processedAndDumpedToClassLoader(SpoonedFile.java:115)
	at fr.inria.lille.repair.nopol.synth.brutpol.BrutSynthesizer.buildPatch(BrutSynthesizer.java:74)
	at fr.inria.lille.repair.nopol.NoPol.solveWithMultipleBuild(NoPol.java:185)
	at fr.inria.lille.repair.nopol.NoPol.build(NoPol.java:123)
	at fr.inria.lille.repair.nopol.NoPol.build(NoPol.java:93)
	at fr.inria.lille.repair.nopol.NoPolLauncher.launch(NoPolLauncher.java:85)
	at fr.inria.lille.repair.Main.main(Main.java:59)
xxl.java.compiler.DynamicCompilationException: Aborting: dynamic compilation failed
	at xxl.java.compiler.DynamicClassCompiler.runCompilationTask(DynamicClassCompiler.java:95)
	at xxl.java.compiler.DynamicClassCompiler.javaBytecodeFor(DynamicClassCompiler.java:63)
	at fr.inria.lille.commons.spoon.SpoonedFile.compilationFor(SpoonedFile.java:177)
	at fr.inria.lille.commons.spoon.SpoonedFile.compileModelledClasses(SpoonedFile.java:154)
	at fr.inria.lille.commons.spoon.SpoonedFile.processModelledClasses(SpoonedFile.java:138)
	at fr.inria.lille.commons.spoon.SpoonedFile.process(SpoonedFile.java:128)
	at fr.inria.lille.commons.spoon.SpoonedFile.processedAndDumpedToClassLoader(SpoonedFile.java:119)
	at fr.inria.lille.commons.spoon.SpoonedFile.processedAndDumpedToClassLoader(SpoonedFile.java:115)
	at fr.inria.lille.repair.nopol.synth.brutpol.BrutSynthesizer.buildPatch(BrutSynthesizer.java:74)
	at fr.inria.lille.repair.nopol.NoPol.solveWithMultipleBuild(NoPol.java:185)
	at fr.inria.lille.repair.nopol.NoPol.build(NoPol.java:123)
	at fr.inria.lille.repair.nopol.NoPol.build(NoPol.java:93)
	at fr.inria.lille.repair.nopol.NoPolLauncher.launch(NoPolLauncher.java:85)
	at fr.inria.lille.repair.Main.main(Main.java:59)
xxl.java.compiler.DynamicCompilationException: Aborting: dynamic compilation failed
	at xxl.java.compiler.DynamicClassCompiler.runCompilationTask(DynamicClassCompiler.java:95)
	at xxl.java.compiler.DynamicClassCompiler.javaBytecodeFor(DynamicClassCompiler.java:63)
	at fr.inria.lille.commons.spoon.SpoonedFile.compilationFor(SpoonedFile.java:177)
	at fr.inria.lille.commons.spoon.SpoonedFile.compileModelledClasses(SpoonedFile.java:154)
	at fr.inria.lille.commons.spoon.SpoonedFile.processModelledClasses(SpoonedFile.java:138)
	at fr.inria.lille.commons.spoon.SpoonedFile.process(SpoonedFile.java:128)
	at fr.inria.lille.commons.spoon.SpoonedFile.processedAndDumpedToClassLoader(SpoonedFile.java:119)
	at fr.inria.lille.commons.spoon.SpoonedFile.processedAndDumpedToClassLoader(SpoonedFile.java:115)
	at fr.inria.lille.repair.nopol.synth.brutpol.BrutSynthesizer.buildPatch(BrutSynthesizer.java:74)
	at fr.inria.lille.repair.nopol.NoPol.solveWithMultipleBuild(NoPol.java:185)
	at fr.inria.lille.repair.nopol.NoPol.build(NoPol.java:123)
	at fr.inria.lille.repair.nopol.NoPol.build(NoPol.java:93)
	at fr.inria.lille.repair.nopol.NoPolLauncher.launch(NoPolLauncher.java:85)
	at fr.inria.lille.repair.Main.main(Main.java:59)
xxl.java.compiler.DynamicCompilationException: Aborting: dynamic compilation failed
	at xxl.java.compiler.DynamicClassCompiler.runCompilationTask(DynamicClassCompiler.java:95)
	at xxl.java.compiler.DynamicClassCompiler.javaBytecodeFor(DynamicClassCompiler.java:63)
	at fr.inria.lille.commons.spoon.SpoonedFile.compilationFor(SpoonedFile.java:177)
	at fr.inria.lille.commons.spoon.SpoonedFile.compileModelledClasses(SpoonedFile.java:154)
	at fr.inria.lille.commons.spoon.SpoonedFile.processModelledClasses(SpoonedFile.java:138)
	at fr.inria.lille.commons.spoon.SpoonedFile.process(SpoonedFile.java:128)
	at fr.inria.lille.commons.spoon.SpoonedFile.processedAndDumpedToClassLoader(SpoonedFile.java:119)
	at fr.inria.lille.commons.spoon.SpoonedFile.processedAndDumpedToClassLoader(SpoonedFile.java:115)
	at fr.inria.lille.repair.nopol.synth.brutpol.BrutSynthesizer.buildPatch(BrutSynthesizer.java:74)
	at fr.inria.lille.repair.nopol.NoPol.solveWithMultipleBuild(NoPol.java:185)
	at fr.inria.lille.repair.nopol.NoPol.build(NoPol.java:123)
	at fr.inria.lille.repair.nopol.NoPol.build(NoPol.java:93)
	at fr.inria.lille.repair.nopol.NoPolLauncher.launch(NoPolLauncher.java:85)
	at fr.inria.lille.repair.Main.main(Main.java:59)
xxl.java.compiler.DynamicCompilationException: Aborting: dynamic compilation failed
	at xxl.java.compiler.DynamicClassCompiler.runCompilationTask(DynamicClassCompiler.java:95)
	at xxl.java.compiler.DynamicClassCompiler.javaBytecodeFor(DynamicClassCompiler.java:63)
	at fr.inria.lille.commons.spoon.SpoonedFile.compilationFor(SpoonedFile.java:177)
	at fr.inria.lille.commons.spoon.SpoonedFile.compileModelledClasses(SpoonedFile.java:154)
	at fr.inria.lille.commons.spoon.SpoonedFile.processModelledClasses(SpoonedFile.java:138)
	at fr.inria.lille.commons.spoon.SpoonedFile.process(SpoonedFile.java:128)
	at fr.inria.lille.commons.spoon.SpoonedFile.processedAndDumpedToClassLoader(SpoonedFile.java:119)
	at fr.inria.lille.commons.spoon.SpoonedFile.processedAndDumpedToClassLoader(SpoonedFile.java:115)
	at fr.inria.lille.repair.nopol.synth.brutpol.BrutSynthesizer.buildPatch(BrutSynthesizer.java:74)
	at fr.inria.lille.repair.nopol.NoPol.solveWithMultipleBuild(NoPol.java:185)
	at fr.inria.lille.repair.nopol.NoPol.build(NoPol.java:123)
	at fr.inria.lille.repair.nopol.NoPol.build(NoPol.java:93)
	at fr.inria.lille.repair.nopol.NoPolLauncher.launch(NoPolLauncher.java:85)
	at fr.inria.lille.repair.Main.main(Main.java:59)
xxl.java.compiler.DynamicCompilationException: Aborting: dynamic compilation failed
	at xxl.java.compiler.DynamicClassCompiler.runCompilationTask(DynamicClassCompiler.java:95)
	at xxl.java.compiler.DynamicClassCompiler.javaBytecodeFor(DynamicClassCompiler.java:63)
	at fr.inria.lille.commons.spoon.SpoonedFile.compilationFor(SpoonedFile.java:177)
	at fr.inria.lille.commons.spoon.SpoonedFile.compileModelledClasses(SpoonedFile.java:154)
	at fr.inria.lille.commons.spoon.SpoonedFile.processModelledClasses(SpoonedFile.java:138)
	at fr.inria.lille.commons.spoon.SpoonedFile.process(SpoonedFile.java:128)
	at fr.inria.lille.commons.spoon.SpoonedFile.processedAndDumpedToClassLoader(SpoonedFile.java:119)
	at fr.inria.lille.commons.spoon.SpoonedFile.processedAndDumpedToClassLoader(SpoonedFile.java:115)
	at fr.inria.lille.repair.nopol.synth.brutpol.BrutSynthesizer.buildPatch(BrutSynthesizer.java:74)
	at fr.inria.lille.repair.nopol.NoPol.solveWithMultipleBuild(NoPol.java:185)
	at fr.inria.lille.repair.nopol.NoPol.build(NoPol.java:123)
	at fr.inria.lille.repair.nopol.NoPol.build(NoPol.java:93)
	at fr.inria.lille.repair.nopol.NoPolLauncher.launch(NoPolLauncher.java:85)
	at fr.inria.lille.repair.Main.main(Main.java:59)
xxl.java.compiler.DynamicCompilationException: Aborting: dynamic compilation failed
	at xxl.java.compiler.DynamicClassCompiler.runCompilationTask(DynamicClassCompiler.java:95)
	at xxl.java.compiler.DynamicClassCompiler.javaBytecodeFor(DynamicClassCompiler.java:63)
	at fr.inria.lille.commons.spoon.SpoonedFile.compilationFor(SpoonedFile.java:177)
	at fr.inria.lille.commons.spoon.SpoonedFile.compileModelledClasses(SpoonedFile.java:154)
	at fr.inria.lille.commons.spoon.SpoonedFile.processModelledClasses(SpoonedFile.java:138)
	at fr.inria.lille.commons.spoon.SpoonedFile.process(SpoonedFile.java:128)
	at fr.inria.lille.commons.spoon.SpoonedFile.processedAndDumpedToClassLoader(SpoonedFile.java:119)
	at fr.inria.lille.commons.spoon.SpoonedFile.processedAndDumpedToClassLoader(SpoonedFile.java:115)
	at fr.inria.lille.repair.nopol.synth.brutpol.BrutSynthesizer.buildPatch(BrutSynthesizer.java:74)
	at fr.inria.lille.repair.nopol.NoPol.solveWithMultipleBuild(NoPol.java:185)
	at fr.inria.lille.repair.nopol.NoPol.build(NoPol.java:123)
	at fr.inria.lille.repair.nopol.NoPol.build(NoPol.java:93)
	at fr.inria.lille.repair.nopol.NoPolLauncher.launch(NoPolLauncher.java:85)
	at fr.inria.lille.repair.Main.main(Main.java:59)
java.lang.RuntimeException: java.util.concurrent.TimeoutException
	at xxl.java.junit.TestSuiteExecution.executionResult(TestSuiteExecution.java:101)
	at xxl.java.junit.TestSuiteExecution.runTestCase(TestSuiteExecution.java:42)
	at xxl.java.junit.TestSuiteExecution.runTestCases(TestSuiteExecution.java:85)
	at fr.inria.lille.repair.nopol.synth.ConstraintModelBuilder.buildFor(ConstraintModelBuilder.java:84)
	at fr.inria.lille.repair.nopol.synth.brutpol.BrutSynthesizer.buildPatch(BrutSynthesizer.java:64)
	at fr.inria.lille.repair.nopol.NoPol.solveWithMultipleBuild(NoPol.java:185)
	at fr.inria.lille.repair.nopol.NoPol.build(NoPol.java:123)
	at fr.inria.lille.repair.nopol.NoPol.build(NoPol.java:93)
	at fr.inria.lille.repair.nopol.NoPolLauncher.launch(NoPolLauncher.java:85)
	at fr.inria.lille.repair.Main.main(Main.java:59)
Caused by: java.util.concurrent.TimeoutException
	at java.util.concurrent.FutureTask.get(FutureTask.java:201)
	at xxl.java.junit.TestSuiteExecution.executionResult(TestSuiteExecution.java:94)
	... 9 more


The system is out of resources.
Consult the following stack trace for details.
java.lang.OutOfMemoryError: GC overhead limit exceeded
	at com.sun.tools.javac.util.List.of(List.java:89)
	at com.sun.tools.javac.jvm.ClassReader.sigToTypes(ClassReader.java:797)
	at com.sun.tools.javac.jvm.ClassReader.sigToType(ClassReader.java:666)
	at com.sun.tools.javac.jvm.ClassReader.sigToType(ClassReader.java:589)
	at com.sun.tools.javac.jvm.ClassReader.readType(ClassReader.java:533)
	at com.sun.tools.javac.jvm.ClassReader.readMethod(ClassReader.java:1731)
	at com.sun.tools.javac.jvm.ClassReader.readClass(ClassReader.java:1948)
	at com.sun.tools.javac.jvm.ClassReader.readClassFile(ClassReader.java:2020)
	at com.sun.tools.javac.jvm.ClassReader.fillIn(ClassReader.java:2208)
	at com.sun.tools.javac.jvm.ClassReader.complete(ClassReader.java:2139)
	at com.sun.tools.javac.code.Symbol.complete(Symbol.java:421)
	at com.sun.tools.javac.code.Symbol$ClassSymbol.complete(Symbol.java:821)
	at com.sun.tools.javac.code.Symbol$ClassSymbol.getSuperclass(Symbol.java:845)
	at com.sun.tools.javac.code.Types$19.visitClassType(Types.java:1764)
	at com.sun.tools.javac.code.Types$19.visitClassType(Types.java:1753)
	at com.sun.tools.javac.code.Type$ClassType.accept(Type.java:583)
	at com.sun.tools.javac.code.Types$UnaryVisitor.visit(Types.java:3803)
	at com.sun.tools.javac.code.Types.supertype(Types.java:1750)
	at com.sun.tools.javac.code.Types$14.visitClassType(Types.java:1412)
	at com.sun.tools.javac.code.Types$14.visitClassType(Types.java:1401)
	at com.sun.tools.javac.code.Type$ClassType.accept(Type.java:583)
	at com.sun.tools.javac.code.Types$DefaultTypeVisitor.visit(Types.java:3724)
	at com.sun.tools.javac.code.Types.asSuper(Types.java:1398)
	at com.sun.tools.javac.code.Types$14.visitClassType(Types.java:1414)
	at com.sun.tools.javac.code.Types$14.visitClassType(Types.java:1401)
	at com.sun.tools.javac.code.Type$ClassType.accept(Type.java:583)
	at com.sun.tools.javac.code.Types$DefaultTypeVisitor.visit(Types.java:3724)
	at com.sun.tools.javac.code.Types.asSuper(Types.java:1398)
	at com.sun.tools.javac.code.Types$14.visitClassType(Types.java:1414)
	at com.sun.tools.javac.code.Types$14.visitClassType(Types.java:1401)
	at com.sun.tools.javac.code.Type$ClassType.accept(Type.java:583)
	at com.sun.tools.javac.code.Types$DefaultTypeVisitor.visit(Types.java:3724)
xxl.java.compiler.DynamicCompilationException: Aborting: dynamic compilation failed
	at xxl.java.compiler.DynamicClassCompiler.runCompilationTask(DynamicClassCompiler.java:95)
	at xxl.java.compiler.DynamicClassCompiler.javaBytecodeFor(DynamicClassCompiler.java:63)
	at fr.inria.lille.commons.spoon.SpoonedFile.compilationFor(SpoonedFile.java:177)
	at fr.inria.lille.commons.spoon.SpoonedFile.compileModelledClasses(SpoonedFile.java:154)
	at fr.inria.lille.commons.spoon.SpoonedFile.processModelledClasses(SpoonedFile.java:138)
	at fr.inria.lille.commons.spoon.SpoonedFile.process(SpoonedFile.java:128)
	at fr.inria.lille.commons.spoon.SpoonedFile.process(SpoonedFile.java:124)
	at fr.inria.lille.repair.nopol.synth.SynthesizerFactory.getFor(SynthesizerFactory.java:76)
	at fr.inria.lille.repair.nopol.NoPol.solveWithMultipleBuild(NoPol.java:164)
	at fr.inria.lille.repair.nopol.NoPol.build(NoPol.java:123)
	at fr.inria.lille.repair.nopol.NoPol.build(NoPol.java:93)
	at fr.inria.lille.repair.nopol.NoPolLauncher.launch(NoPolLauncher.java:85)
	at fr.inria.lille.repair.Main.main(Main.java:59)
Exception in thread "main" java.lang.OutOfMemoryError: GC overhead limit exceeded
	at java.util.zip.ZipFile.getEntryBytes(Native Method)
	at java.util.zip.ZipFile.getZipEntry(ZipFile.java:527)
	at java.util.zip.ZipFile.access$900(ZipFile.java:56)
	at java.util.zip.ZipFile$1.nextElement(ZipFile.java:513)
	at java.util.zip.ZipFile$1.nextElement(ZipFile.java:483)
	at org.eclipse.jdt.internal.compiler.batch.ClasspathJar.isPackage(ClasspathJar.java:155)
	at org.eclipse.jdt.internal.compiler.batch.ClasspathJar.findClass(ClasspathJar.java:94)
	at org.eclipse.jdt.internal.compiler.batch.FileSystem.findClass(FileSystem.java:262)
	at org.eclipse.jdt.internal.compiler.batch.FileSystem.findType(FileSystem.java:354)
	at org.eclipse.jdt.internal.compiler.lookup.LookupEnvironment.createPackage(LookupEnvironment.java:755)
	at org.eclipse.jdt.internal.compiler.lookup.CompilationUnitScope.buildTypeBindings(CompilationUnitScope.java:107)
	at org.eclipse.jdt.internal.compiler.lookup.LookupEnvironment.buildTypeBindings(LookupEnvironment.java:188)
	at org.eclipse.jdt.internal.compiler.Compiler.internalBeginToCompile(Compiler.java:723)
	at org.eclipse.jdt.internal.compiler.Compiler.beginToCompile(Compiler.java:383)
	at spoon.support.compiler.jdt.TreeBuilderCompiler.buildUnits(TreeBuilderCompiler.java:36)
	at spoon.support.compiler.jdt.JDTBatchCompiler.getUnits(JDTBatchCompiler.java:121)
	at spoon.support.compiler.jdt.JDTBasedSpoonCompiler.buildSources(JDTBasedSpoonCompiler.java:224)
	at spoon.support.compiler.jdt.JDTBasedSpoonCompiler.build(JDTBasedSpoonCompiler.java:505)
	at fr.inria.lille.commons.spoon.util.SpoonModelLibrary.modelFor(SpoonModelLibrary.java:56)
	at fr.inria.lille.commons.spoon.SpoonedFile.<init>(SpoonedFile.java:50)
	at fr.inria.lille.commons.spoon.SpoonedClass.<init>(SpoonedClass.java:13)
	at fr.inria.lille.commons.spoon.SpoonedProject.forked(SpoonedProject.java:42)
	at fr.inria.lille.repair.nopol.synth.SynthesizerFactory.getFor(SynthesizerFactory.java:68)
	at fr.inria.lille.repair.nopol.NoPol.solveWithMultipleBuild(NoPol.java:164)
	at fr.inria.lille.repair.nopol.NoPol.build(NoPol.java:123)
	at fr.inria.lille.repair.nopol.NoPol.build(NoPol.java:93)
	at fr.inria.lille.repair.nopol.NoPolLauncher.launch(NoPolLauncher.java:85)
	at fr.inria.lille.repair.Main.main(Main.java:59)

real	12m24.610s
user	45m13.530s
sys	0m10.457s
