cd /tmp/math_33_Brutpol;export JAVA_TOOL_OPTIONS=-Dfile.encoding=UTF8;TZ="America/New_York"; export TZexport PATH="/usr/lib/jvm/java-1.7.0-openjdk-amd64/bin/:$PATH";cp -r /home/tdurieux/dynamoth-experiments/src/python/core/../../../libs/z3 lib/z3;time java -d64 -Xmx4g -Xms1g -XX:MaxPermSize=1024m -XX:+UseConcMarkSweepGC -XX:+CMSPermGenSweepingEnabled -XX:+CMSClassUnloadingEnabled -cp /home/tdurieux/dynamoth-experiments/src/python/core/../../..//libs/nopol.jar:/usr/lib/jvm/java-1.7.0-openjdk-amd64/bin//../lib/tools.jar fr.inria.lille.repair.Main --flocal gzoltar  --maxTime 300  --json  --mode repair --type pre_then_cond --oracle angelic --synthesis dynamoth --solver z3 --solver-path /home/tdurieux/dynamoth-experiments/src/python/core/../../..//libs/z3/z3 --complianceLevel 5 --source /tmp/math_33_Brutpol/src/main/java/ --classpath /tmp/math_33_Brutpol/target/classes/:/tmp/math_33_Brutpol/target/test-classes/:/tmp/math_33_Brutpol/lib/commons-discovery-0.5.jar:/home/tdurieux/dynamoth-experiments/src/python/core/../../..//libs/nopol.jar;echo "

Node: `hostname`
";echo "
Date: `date`
";

18:14:21.086 [pool-2-thread-1] INFO  fr.inria.lille.repair.nopol.NoPol - Nb classes : 574
18:14:21.086 [pool-2-thread-1] INFO  fr.inria.lille.repair.nopol.NoPol - Nb methods : 3747
18:14:21.086 [pool-2-thread-1] INFO  fr.inria.lille.repair.nopol.NoPol - Nb Statements Analyzed : 3
18:14:21.086 [pool-2-thread-1] INFO  fr.inria.lille.repair.nopol.NoPol - Nb Statements with Angelic Value Found : 1
18:14:21.086 [pool-2-thread-1] INFO  fr.inria.lille.repair.nopol.NoPol - NoPol Execution time : 582048ms
18:14:21.086 [pool-2-thread-1] INFO  fr.inria.lille.repair.nopol.NoPol - ----PATCH FOUND----
18:14:21.086 [pool-2-thread-1] INFO  fr.inria.lille.repair.nopol.NoPol - this.restrictToNonNegative == this.isOptimal()
18:14:21.284 [pool-2-thread-1] INFO  fr.inria.lille.repair.nopol.NoPol - Nb test that executes the patch: 5
18:14:21.285 [pool-2-thread-1] INFO  fr.inria.lille.repair.nopol.NoPol - org.apache.commons.math3.optimization.linear.SimplexTableau:339: PRECONDITION
18:14:21.321 [pool-2-thread-1] INFO  fr.inria.lille.repair.nopol.NoPol - --- /tmp/math_33_Brutpol/src/main/java/org/apache/commons/math3/optimization/linear/SimplexTableau.java
+++ /tmp/math_33_Brutpol/src/main/java/org/apache/commons/math3/optimization/linear/SimplexTableau.java
@@ -338,3 +338,5 @@
             if (Precision.compareTo(entry, 0d, maxUlps) > 0) {
-                columnsToDrop.add(i);
+                if (this.restrictToNonNegative == this.isOptimal()) {
+                    columnsToDrop.add(i);
+                }
             }



Node: griffon-11.nancy.grid5000.fr


Date: Sat Mar  4 19:14:21 CET 2017


