/tmp/closure_75_NopolPC
export PATH="/home/tdurieux/defects4j/framework/bin:$PATH";export JAVA_TOOL_OPTIONS=-Dfile.encoding=UTF8;export PATH="/usr/lib/jvm/java-1.7.0-openjdk-amd64/bin/:$PATH";cd /home/tdurieux/projects/closure/closure_75;defects4j compile;cp -r /home/tdurieux/projects/closure/closure_75 /tmp/closure_75_NopolPC;cd /tmp/closure_75_NopolPC;mkdir lib/;cp -r /home/tdurieux/defects4j/framework/projects/lib/* lib/;cp -r /home/tdurieux/defects4j/framework/projects/Closure/lib/* lib/;find . -type f -name "package-info.java" -delete;
cd /tmp/closure_75_NopolPC;export JAVA_TOOL_OPTIONS=-Dfile.encoding=UTF8;TZ="America/New_York"; export TZexport PATH="/usr/lib/jvm/java-1.7.0-openjdk-amd64/bin/:$PATH";cp -r /home/tdurieux/defects4j-repair/src/python/core/../../../libs/z3 lib/z3;time java -Xmx4096m -cp /home/tdurieux/defects4j-repair/src/python/core/../../..//libs/nopol.jar:/usr/lib/jvm/java-1.7.0-openjdk-amd64/bin//../lib/tools.jar fr.inria.lille.repair.Main --mode repair --type precondition --oracle angelic --synthesis smt --solver z3 --solver-path /home/tdurieux/defects4j-repair/src/python/core/../../..//libs/z3/z3 --complianceLevel 6 --source /tmp/closure_75_NopolPC/src/ --classpath /tmp/closure_75_NopolPC/build/classes:/tmp/closure_75_NopolPC/build/test:/tmp/closure_75_NopolPC/lib/ant.jar:/tmp/closure_75_NopolPC/lib/ant-launcher.jar:/tmp/closure_75_NopolPC/lib/args4j.jar:/tmp/closure_75_NopolPC/lib/guava.jar:/tmp/closure_75_NopolPC/lib/json.jar:/tmp/closure_75_NopolPC/lib/jsr305.jar:/tmp/closure_75_NopolPC/lib/junit.jar:/tmp/closure_75_NopolPC/lib/caja-r4314.jar:/tmp/closure_75_NopolPC/lib/protobuf-java.jar:/tmp/closure_75_NopolPC/lib/libtrunk_rhino_parser_jarjared.jar:/home/tdurieux/defects4j-repair/src/python/core/../../..//libs/nopol.jar;echo "

Node: `hostname`
";echo "
Date: `date`
";rm -rf /tmp/closure_75_NopolPC;

Nb classes : 380
Nb methods : 4231
Nb statement executed by the passing tests of the patched line: 0
Nb statement executed by the failing tests of the patched line: 0
Nb statements: 37178
Nb unit tests : 6832
Nb Statements Analyzed : 7
Nb Statements with Angelic Value Found : 1
Nb inputs in SMT : 2
Nb SMT level: 2
Nb SMT components: [4] [== of arity: 2, != of arity: 2, < of arity: 2, <= of arity: 2]
                  class java.lang.Boolean: 4
Nb variables in SMT : 112
Nb run failing test  : [2, 2]
Nb run passing test : [1, 5]
NoPol Execution time : 510595ms
----PATCH FOUND----
com.google.javascript.rhino.Node:1371: PRECONDITION com.google.javascript.rhino.Node.ATTRIBUTE_FLAG == node2.type


Node: griffon-7.nancy.grid5000.fr


Date: Tue May 17 00:21:13 CEST 2016


