Running ant (compile)...................................................... OK
Running ant (compile.tests)................................................ OK
mkdir: cannot create directory ‘lib/’: File exists
cp: cannot stat ‘/home/tdurieux/defects4j/framework/projects/Closure/lib/*’: No such file or directory
Picked up JAVA_TOOL_OPTIONS: -Dfile.encoding=UTF8
java.lang.RuntimeException: java.util.concurrent.TimeoutException
	at xxl.java.junit.TestSuiteExecution.executionResult(TestSuiteExecution.java:97)
	at xxl.java.junit.TestSuiteExecution.runTestCase(TestSuiteExecution.java:36)
	at xxl.java.junit.TestSuiteExecution.runTestCases(TestSuiteExecution.java:81)
	at fr.inria.lille.repair.nopol.synth.ConstraintModelBuilder.buildFor(ConstraintModelBuilder.java:82)
	at fr.inria.lille.repair.nopol.synth.DefaultSynthesizer.buildPatch(DefaultSynthesizer.java:67)
	at fr.inria.lille.repair.nopol.NoPol.solveWithMultipleBuild(NoPol.java:185)
	at fr.inria.lille.repair.nopol.NoPol.build(NoPol.java:119)
	at fr.inria.lille.repair.nopol.NoPol.build(NoPol.java:89)
	at fr.inria.lille.repair.nopol.NoPolLauncher.launch(NoPolLauncher.java:84)
	at fr.inria.lille.repair.Main.main(Main.java:61)
Caused by: java.util.concurrent.TimeoutException
	at java.util.concurrent.FutureTask.get(FutureTask.java:201)
	at xxl.java.junit.TestSuiteExecution.executionResult(TestSuiteExecution.java:90)
	... 9 more
java.lang.NullPointerException
	at com.google.javascript.rhino.Node.removeProp(Node.java:736)
	at com.google.javascript.rhino.Node.removeProp(Node.java:705)
	at com.google.javascript.rhino.Node.putProp(Node.java:889)
	at com.google.javascript.jscomp.parsing.IRFactory.createTemplateNode(IRFactory.java:150)
	at com.google.javascript.jscomp.parsing.IRFactory.<init>(IRFactory.java:126)
	at com.google.javascript.jscomp.parsing.IRFactory.transformTree(IRFactory.java:158)
	at com.google.javascript.jscomp.parsing.ParserRunner.parse(ParserRunner.java:127)
	at com.google.javascript.jscomp.JsAst.parse(JsAst.java:88)
	at com.google.javascript.jscomp.JsAst.createAst(JsAst.java:77)
	at com.google.javascript.jscomp.JsAst.getAstRoot(JsAst.java:50)
	at com.google.javascript.jscomp.CompilerInput.getAstRoot(CompilerInput.java:102)
	at com.google.javascript.jscomp.Compiler.parseTestCode(Compiler.java:1243)
	at com.google.javascript.jscomp.CodePrinterTest.parse(CodePrinterTest.java:36)
	at com.google.javascript.jscomp.CodePrinterTest.parse(CodePrinterTest.java:27)
	at com.google.javascript.jscomp.CodePrinterTest.assertPrint(CodePrinterTest.java:385)
	at com.google.javascript.jscomp.CodePrinterTest.testZero(CodePrinterTest.java:1179)
	at sun.reflect.NativeMethodAccessorImpl.invoke0(Native Method)
	at sun.reflect.NativeMethodAccessorImpl.invoke(NativeMethodAccessorImpl.java:57)
	at sun.reflect.DelegatingMethodAccessorImpl.invoke(DelegatingMethodAccessorImpl.java:43)
	at java.lang.reflect.Method.invoke(Method.java:606)
	at junit.framework.TestCase.runTest(TestCase.java:176)
	at junit.framework.TestCase.runBare(TestCase.java:141)
	at junit.framework.TestResult$1.protect(TestResult.java:122)
	at junit.framework.TestResult.runProtected(TestResult.java:142)
	at junit.framework.TestResult.run(TestResult.java:125)
	at junit.framework.TestCase.run(TestCase.java:129)
	at junit.framework.TestSuite.runTest(TestSuite.java:255)
	at junit.framework.TestSuite.run(TestSuite.java:250)
	at org.junit.internal.runners.JUnit38ClassRunner.run(JUnit38ClassRunner.java:84)
	at org.junit.runner.JUnitCore.run(JUnitCore.java:160)
	at org.junit.runner.JUnitCore.run(JUnitCore.java:138)
	at xxl.java.junit.JUnitSingleTestRunner.call(JUnitSingleTestRunner.java:23)
	at xxl.java.junit.JUnitSingleTestRunner.call(JUnitSingleTestRunner.java:10)
	at java.util.concurrent.FutureTask.run(FutureTask.java:262)
	at java.util.concurrent.ThreadPoolExecutor.runWorker(ThreadPoolExecutor.java:1145)
	at java.util.concurrent.ThreadPoolExecutor$Worker.run(ThreadPoolExecutor.java:615)
	at java.lang.Thread.run(Thread.java:745)
java.lang.NullPointerException
	at com.google.javascript.rhino.Node.removeProp(Node.java:784)
	at com.google.javascript.rhino.Node.removeProp(Node.java:705)
	at com.google.javascript.rhino.Node.putProp(Node.java:889)
	at com.google.javascript.jscomp.parsing.IRFactory.createTemplateNode(IRFactory.java:150)
	at com.google.javascript.jscomp.parsing.IRFactory.<init>(IRFactory.java:126)
	at com.google.javascript.jscomp.parsing.IRFactory.transformTree(IRFactory.java:158)
	at com.google.javascript.jscomp.parsing.ParserRunner.parse(ParserRunner.java:127)
	at com.google.javascript.jscomp.JsAst.parse(JsAst.java:88)
	at com.google.javascript.jscomp.JsAst.createAst(JsAst.java:77)
	at com.google.javascript.jscomp.JsAst.getAstRoot(JsAst.java:50)
	at com.google.javascript.jscomp.CompilerInput.getAstRoot(CompilerInput.java:102)
	at com.google.javascript.jscomp.Compiler.parseTestCode(Compiler.java:1243)
	at com.google.javascript.jscomp.CodePrinterTest.parse(CodePrinterTest.java:36)
	at com.google.javascript.jscomp.CodePrinterTest.parse(CodePrinterTest.java:27)
	at com.google.javascript.jscomp.CodePrinterTest.assertPrint(CodePrinterTest.java:385)
	at com.google.javascript.jscomp.CodePrinterTest.testZero(CodePrinterTest.java:1179)
	at sun.reflect.NativeMethodAccessorImpl.invoke0(Native Method)
	at sun.reflect.NativeMethodAccessorImpl.invoke(NativeMethodAccessorImpl.java:57)
	at sun.reflect.DelegatingMethodAccessorImpl.invoke(DelegatingMethodAccessorImpl.java:43)
	at java.lang.reflect.Method.invoke(Method.java:606)
	at junit.framework.TestCase.runTest(TestCase.java:176)
	at junit.framework.TestCase.runBare(TestCase.java:141)
	at junit.framework.TestResult$1.protect(TestResult.java:122)
	at junit.framework.TestResult.runProtected(TestResult.java:142)
	at junit.framework.TestResult.run(TestResult.java:125)
	at junit.framework.TestCase.run(TestCase.java:129)
	at junit.framework.TestSuite.runTest(TestSuite.java:255)
	at junit.framework.TestSuite.run(TestSuite.java:250)
	at org.junit.internal.runners.JUnit38ClassRunner.run(JUnit38ClassRunner.java:84)
	at org.junit.runner.JUnitCore.run(JUnitCore.java:160)
	at org.junit.runner.JUnitCore.run(JUnitCore.java:138)
	at xxl.java.junit.JUnitSingleTestRunner.call(JUnitSingleTestRunner.java:23)
	at xxl.java.junit.JUnitSingleTestRunner.call(JUnitSingleTestRunner.java:10)
	at java.util.concurrent.FutureTask.run(FutureTask.java:262)
	at java.util.concurrent.ThreadPoolExecutor.runWorker(ThreadPoolExecutor.java:1145)
	at java.util.concurrent.ThreadPoolExecutor$Worker.run(ThreadPoolExecutor.java:615)
	at java.lang.Thread.run(Thread.java:745)
java.lang.NullPointerException
	at com.google.javascript.rhino.Node.removeProp(Node.java:797)
	at com.google.javascript.rhino.Node.removeProp(Node.java:705)
	at com.google.javascript.rhino.Node.putProp(Node.java:889)
	at com.google.javascript.jscomp.parsing.IRFactory.createTemplateNode(IRFactory.java:150)
	at com.google.javascript.jscomp.parsing.IRFactory.<init>(IRFactory.java:126)
	at com.google.javascript.jscomp.parsing.IRFactory.transformTree(IRFactory.java:158)
	at com.google.javascript.jscomp.parsing.ParserRunner.parse(ParserRunner.java:127)
	at com.google.javascript.jscomp.JsAst.parse(JsAst.java:88)
	at com.google.javascript.jscomp.JsAst.createAst(JsAst.java:77)
	at com.google.javascript.jscomp.JsAst.getAstRoot(JsAst.java:50)
	at com.google.javascript.jscomp.CompilerInput.getAstRoot(CompilerInput.java:102)
	at com.google.javascript.jscomp.Compiler.parseTestCode(Compiler.java:1243)
	at com.google.javascript.jscomp.CodePrinterTest.parse(CodePrinterTest.java:36)
	at com.google.javascript.jscomp.CodePrinterTest.parse(CodePrinterTest.java:27)
	at com.google.javascript.jscomp.CodePrinterTest.assertPrint(CodePrinterTest.java:385)
	at com.google.javascript.jscomp.CodePrinterTest.testZero(CodePrinterTest.java:1179)
	at sun.reflect.NativeMethodAccessorImpl.invoke0(Native Method)
	at sun.reflect.NativeMethodAccessorImpl.invoke(NativeMethodAccessorImpl.java:57)
	at sun.reflect.DelegatingMethodAccessorImpl.invoke(DelegatingMethodAccessorImpl.java:43)
	at java.lang.reflect.Method.invoke(Method.java:606)
	at junit.framework.TestCase.runTest(TestCase.java:176)
	at junit.framework.TestCase.runBare(TestCase.java:141)
	at junit.framework.TestResult$1.protect(TestResult.java:122)
	at junit.framework.TestResult.runProtected(TestResult.java:142)
	at junit.framework.TestResult.run(TestResult.java:125)
	at junit.framework.TestCase.run(TestCase.java:129)
	at junit.framework.TestSuite.runTest(TestSuite.java:255)
	at junit.framework.TestSuite.run(TestSuite.java:250)
	at org.junit.internal.runners.JUnit38ClassRunner.run(JUnit38ClassRunner.java:84)
	at org.junit.runner.JUnitCore.run(JUnitCore.java:160)
	at org.junit.runner.JUnitCore.run(JUnitCore.java:138)
	at xxl.java.junit.JUnitSingleTestRunner.call(JUnitSingleTestRunner.java:23)
	at xxl.java.junit.JUnitSingleTestRunner.call(JUnitSingleTestRunner.java:10)
	at java.util.concurrent.FutureTask.run(FutureTask.java:262)
	at java.util.concurrent.ThreadPoolExecutor.runWorker(ThreadPoolExecutor.java:1145)
	at java.util.concurrent.ThreadPoolExecutor$Worker.run(ThreadPoolExecutor.java:615)
	at java.lang.Thread.run(Thread.java:745)
java.lang.NullPointerException
	at com.google.javascript.rhino.Node.removeProp(Node.java:799)
	at com.google.javascript.rhino.Node.removeProp(Node.java:705)
	at com.google.javascript.rhino.Node.putProp(Node.java:889)
	at com.google.javascript.jscomp.parsing.IRFactory.createTemplateNode(IRFactory.java:150)
	at com.google.javascript.jscomp.parsing.IRFactory.<init>(IRFactory.java:126)
	at com.google.javascript.jscomp.parsing.IRFactory.transformTree(IRFactory.java:158)
	at com.google.javascript.jscomp.parsing.ParserRunner.parse(ParserRunner.java:127)
	at com.google.javascript.jscomp.JsAst.parse(JsAst.java:88)
	at com.google.javascript.jscomp.JsAst.createAst(JsAst.java:77)
	at com.google.javascript.jscomp.JsAst.getAstRoot(JsAst.java:50)
	at com.google.javascript.jscomp.CompilerInput.getAstRoot(CompilerInput.java:102)
	at com.google.javascript.jscomp.Compiler.parseTestCode(Compiler.java:1243)
	at com.google.javascript.jscomp.CodePrinterTest.parse(CodePrinterTest.java:36)
	at com.google.javascript.jscomp.CodePrinterTest.parse(CodePrinterTest.java:27)
	at com.google.javascript.jscomp.CodePrinterTest.assertPrint(CodePrinterTest.java:385)
	at com.google.javascript.jscomp.CodePrinterTest.testZero(CodePrinterTest.java:1179)
	at sun.reflect.NativeMethodAccessorImpl.invoke0(Native Method)
	at sun.reflect.NativeMethodAccessorImpl.invoke(NativeMethodAccessorImpl.java:57)
	at sun.reflect.DelegatingMethodAccessorImpl.invoke(DelegatingMethodAccessorImpl.java:43)
	at java.lang.reflect.Method.invoke(Method.java:606)
	at junit.framework.TestCase.runTest(TestCase.java:176)
	at junit.framework.TestCase.runBare(TestCase.java:141)
	at junit.framework.TestResult$1.protect(TestResult.java:122)
	at junit.framework.TestResult.runProtected(TestResult.java:142)
	at junit.framework.TestResult.run(TestResult.java:125)
	at junit.framework.TestCase.run(TestCase.java:129)
	at junit.framework.TestSuite.runTest(TestSuite.java:255)
	at junit.framework.TestSuite.run(TestSuite.java:250)
	at org.junit.internal.runners.JUnit38ClassRunner.run(JUnit38ClassRunner.java:84)
	at org.junit.runner.JUnitCore.run(JUnitCore.java:160)
	at org.junit.runner.JUnitCore.run(JUnitCore.java:138)
	at xxl.java.junit.JUnitSingleTestRunner.call(JUnitSingleTestRunner.java:23)
	at xxl.java.junit.JUnitSingleTestRunner.call(JUnitSingleTestRunner.java:10)
	at java.util.concurrent.FutureTask.run(FutureTask.java:262)
	at java.util.concurrent.ThreadPoolExecutor.runWorker(ThreadPoolExecutor.java:1145)
	at java.util.concurrent.ThreadPoolExecutor$Worker.run(ThreadPoolExecutor.java:615)
	at java.lang.Thread.run(Thread.java:745)
java.lang.NullPointerException
	at com.google.javascript.rhino.Node.removeProp(Node.java:736)
	at com.google.javascript.rhino.Node.removeProp(Node.java:705)
	at com.google.javascript.rhino.Node.putIntProp(Node.java:900)
	at com.google.javascript.rhino.Node.putBooleanProp(Node.java:896)
	at com.google.javascript.rhino.Node.setIsSyntheticBlock(Node.java:1922)
	at com.google.javascript.jscomp.parsing.ParserRunner.parse(ParserRunner.java:129)
	at com.google.javascript.jscomp.JsAst.parse(JsAst.java:88)
	at com.google.javascript.jscomp.JsAst.createAst(JsAst.java:77)
	at com.google.javascript.jscomp.JsAst.getAstRoot(JsAst.java:50)
	at com.google.javascript.jscomp.CompilerInput.getAstRoot(CompilerInput.java:102)
	at com.google.javascript.jscomp.Compiler.parseTestCode(Compiler.java:1243)
	at com.google.javascript.jscomp.CodePrinterTest.parse(CodePrinterTest.java:36)
	at com.google.javascript.jscomp.CodePrinterTest.parse(CodePrinterTest.java:27)
	at com.google.javascript.jscomp.CodePrinterTest.assertPrint(CodePrinterTest.java:385)
	at com.google.javascript.jscomp.CodePrinterTest.testZero(CodePrinterTest.java:1179)
	at sun.reflect.NativeMethodAccessorImpl.invoke0(Native Method)
	at sun.reflect.NativeMethodAccessorImpl.invoke(NativeMethodAccessorImpl.java:57)
	at sun.reflect.DelegatingMethodAccessorImpl.invoke(DelegatingMethodAccessorImpl.java:43)
	at java.lang.reflect.Method.invoke(Method.java:606)
	at junit.framework.TestCase.runTest(TestCase.java:176)
	at junit.framework.TestCase.runBare(TestCase.java:141)
	at junit.framework.TestResult$1.protect(TestResult.java:122)
	at junit.framework.TestResult.runProtected(TestResult.java:142)
	at junit.framework.TestResult.run(TestResult.java:125)
	at junit.framework.TestCase.run(TestCase.java:129)
	at junit.framework.TestSuite.runTest(TestSuite.java:255)
	at junit.framework.TestSuite.run(TestSuite.java:250)
	at org.junit.internal.runners.JUnit38ClassRunner.run(JUnit38ClassRunner.java:84)
	at org.junit.runner.JUnitCore.run(JUnitCore.java:160)
	at org.junit.runner.JUnitCore.run(JUnitCore.java:138)
	at xxl.java.junit.JUnitSingleTestRunner.call(JUnitSingleTestRunner.java:23)
	at xxl.java.junit.JUnitSingleTestRunner.call(JUnitSingleTestRunner.java:10)
	at java.util.concurrent.FutureTask.run(FutureTask.java:262)
	at java.util.concurrent.ThreadPoolExecutor.runWorker(ThreadPoolExecutor.java:1145)
	at java.util.concurrent.ThreadPoolExecutor$Worker.run(ThreadPoolExecutor.java:615)
	at java.lang.Thread.run(Thread.java:745)
java.lang.NullPointerException
	at com.google.javascript.rhino.Node.removeProp(Node.java:784)
	at com.google.javascript.rhino.Node.removeProp(Node.java:705)
	at com.google.javascript.rhino.Node.putIntProp(Node.java:900)
	at com.google.javascript.rhino.Node.putBooleanProp(Node.java:896)
	at com.google.javascript.rhino.Node.setIsSyntheticBlock(Node.java:1922)
	at com.google.javascript.jscomp.parsing.ParserRunner.parse(ParserRunner.java:129)
	at com.google.javascript.jscomp.JsAst.parse(JsAst.java:88)
	at com.google.javascript.jscomp.JsAst.createAst(JsAst.java:77)
	at com.google.javascript.jscomp.JsAst.getAstRoot(JsAst.java:50)
	at com.google.javascript.jscomp.CompilerInput.getAstRoot(CompilerInput.java:102)
	at com.google.javascript.jscomp.Compiler.parseTestCode(Compiler.java:1243)
	at com.google.javascript.jscomp.CodePrinterTest.parse(CodePrinterTest.java:36)
	at com.google.javascript.jscomp.CodePrinterTest.parse(CodePrinterTest.java:27)
	at com.google.javascript.jscomp.CodePrinterTest.assertPrint(CodePrinterTest.java:385)
	at com.google.javascript.jscomp.CodePrinterTest.testZero(CodePrinterTest.java:1179)
	at sun.reflect.NativeMethodAccessorImpl.invoke0(Native Method)
	at sun.reflect.NativeMethodAccessorImpl.invoke(NativeMethodAccessorImpl.java:57)
	at sun.reflect.DelegatingMethodAccessorImpl.invoke(DelegatingMethodAccessorImpl.java:43)
	at java.lang.reflect.Method.invoke(Method.java:606)
	at junit.framework.TestCase.runTest(TestCase.java:176)
	at junit.framework.TestCase.runBare(TestCase.java:141)
	at junit.framework.TestResult$1.protect(TestResult.java:122)
	at junit.framework.TestResult.runProtected(TestResult.java:142)
	at junit.framework.TestResult.run(TestResult.java:125)
	at junit.framework.TestCase.run(TestCase.java:129)
	at junit.framework.TestSuite.runTest(TestSuite.java:255)
	at junit.framework.TestSuite.run(TestSuite.java:250)
	at org.junit.internal.runners.JUnit38ClassRunner.run(JUnit38ClassRunner.java:84)
	at org.junit.runner.JUnitCore.run(JUnitCore.java:160)
	at org.junit.runner.JUnitCore.run(JUnitCore.java:138)
	at xxl.java.junit.JUnitSingleTestRunner.call(JUnitSingleTestRunner.java:23)
	at xxl.java.junit.JUnitSingleTestRunner.call(JUnitSingleTestRunner.java:10)
	at java.util.concurrent.FutureTask.run(FutureTask.java:262)
	at java.util.concurrent.ThreadPoolExecutor.runWorker(ThreadPoolExecutor.java:1145)
	at java.util.concurrent.ThreadPoolExecutor$Worker.run(ThreadPoolExecutor.java:615)
	at java.lang.Thread.run(Thread.java:745)
java.lang.NullPointerException
	at com.google.javascript.rhino.Node.removeProp(Node.java:797)
	at com.google.javascript.rhino.Node.removeProp(Node.java:705)
	at com.google.javascript.rhino.Node.putIntProp(Node.java:900)
	at com.google.javascript.rhino.Node.putBooleanProp(Node.java:896)
	at com.google.javascript.rhino.Node.setIsSyntheticBlock(Node.java:1922)
	at com.google.javascript.jscomp.parsing.ParserRunner.parse(ParserRunner.java:129)
	at com.google.javascript.jscomp.JsAst.parse(JsAst.java:88)
	at com.google.javascript.jscomp.JsAst.createAst(JsAst.java:77)
	at com.google.javascript.jscomp.JsAst.getAstRoot(JsAst.java:50)
	at com.google.javascript.jscomp.CompilerInput.getAstRoot(CompilerInput.java:102)
	at com.google.javascript.jscomp.Compiler.parseTestCode(Compiler.java:1243)
	at com.google.javascript.jscomp.CodePrinterTest.parse(CodePrinterTest.java:36)
	at com.google.javascript.jscomp.CodePrinterTest.parse(CodePrinterTest.java:27)
	at com.google.javascript.jscomp.CodePrinterTest.assertPrint(CodePrinterTest.java:385)
	at com.google.javascript.jscomp.CodePrinterTest.testZero(CodePrinterTest.java:1179)
	at sun.reflect.NativeMethodAccessorImpl.invoke0(Native Method)
	at sun.reflect.NativeMethodAccessorImpl.invoke(NativeMethodAccessorImpl.java:57)
	at sun.reflect.DelegatingMethodAccessorImpl.invoke(DelegatingMethodAccessorImpl.java:43)
	at java.lang.reflect.Method.invoke(Method.java:606)
	at junit.framework.TestCase.runTest(TestCase.java:176)
	at junit.framework.TestCase.runBare(TestCase.java:141)
	at junit.framework.TestResult$1.protect(TestResult.java:122)
	at junit.framework.TestResult.runProtected(TestResult.java:142)
	at junit.framework.TestResult.run(TestResult.java:125)
	at junit.framework.TestCase.run(TestCase.java:129)
	at junit.framework.TestSuite.runTest(TestSuite.java:255)
	at junit.framework.TestSuite.run(TestSuite.java:250)
	at org.junit.internal.runners.JUnit38ClassRunner.run(JUnit38ClassRunner.java:84)
	at org.junit.runner.JUnitCore.run(JUnitCore.java:160)
	at org.junit.runner.JUnitCore.run(JUnitCore.java:138)
	at xxl.java.junit.JUnitSingleTestRunner.call(JUnitSingleTestRunner.java:23)
	at xxl.java.junit.JUnitSingleTestRunner.call(JUnitSingleTestRunner.java:10)
	at java.util.concurrent.FutureTask.run(FutureTask.java:262)
	at java.util.concurrent.ThreadPoolExecutor.runWorker(ThreadPoolExecutor.java:1145)
	at java.util.concurrent.ThreadPoolExecutor$Worker.run(ThreadPoolExecutor.java:615)
	at java.lang.Thread.run(Thread.java:745)
java.lang.NullPointerException
	at com.google.javascript.rhino.Node.removeProp(Node.java:799)
	at com.google.javascript.rhino.Node.removeProp(Node.java:705)
	at com.google.javascript.rhino.Node.putIntProp(Node.java:900)
	at com.google.javascript.rhino.Node.putBooleanProp(Node.java:896)
	at com.google.javascript.rhino.Node.setIsSyntheticBlock(Node.java:1922)
	at com.google.javascript.jscomp.parsing.ParserRunner.parse(ParserRunner.java:129)
	at com.google.javascript.jscomp.JsAst.parse(JsAst.java:88)
	at com.google.javascript.jscomp.JsAst.createAst(JsAst.java:77)
	at com.google.javascript.jscomp.JsAst.getAstRoot(JsAst.java:50)
	at com.google.javascript.jscomp.CompilerInput.getAstRoot(CompilerInput.java:102)
	at com.google.javascript.jscomp.Compiler.parseTestCode(Compiler.java:1243)
	at com.google.javascript.jscomp.CodePrinterTest.parse(CodePrinterTest.java:36)
	at com.google.javascript.jscomp.CodePrinterTest.parse(CodePrinterTest.java:27)
	at com.google.javascript.jscomp.CodePrinterTest.assertPrint(CodePrinterTest.java:385)
	at com.google.javascript.jscomp.CodePrinterTest.testZero(CodePrinterTest.java:1179)
	at sun.reflect.NativeMethodAccessorImpl.invoke0(Native Method)
	at sun.reflect.NativeMethodAccessorImpl.invoke(NativeMethodAccessorImpl.java:57)
	at sun.reflect.DelegatingMethodAccessorImpl.invoke(DelegatingMethodAccessorImpl.java:43)
	at java.lang.reflect.Method.invoke(Method.java:606)
	at junit.framework.TestCase.runTest(TestCase.java:176)
	at junit.framework.TestCase.runBare(TestCase.java:141)
	at junit.framework.TestResult$1.protect(TestResult.java:122)
	at junit.framework.TestResult.runProtected(TestResult.java:142)
	at junit.framework.TestResult.run(TestResult.java:125)
	at junit.framework.TestCase.run(TestCase.java:129)
	at junit.framework.TestSuite.runTest(TestSuite.java:255)
	at junit.framework.TestSuite.run(TestSuite.java:250)
	at org.junit.internal.runners.JUnit38ClassRunner.run(JUnit38ClassRunner.java:84)
	at org.junit.runner.JUnitCore.run(JUnitCore.java:160)
	at org.junit.runner.JUnitCore.run(JUnitCore.java:138)
	at xxl.java.junit.JUnitSingleTestRunner.call(JUnitSingleTestRunner.java:23)
	at xxl.java.junit.JUnitSingleTestRunner.call(JUnitSingleTestRunner.java:10)
	at java.util.concurrent.FutureTask.run(FutureTask.java:262)
	at java.util.concurrent.ThreadPoolExecutor.runWorker(ThreadPoolExecutor.java:1145)
	at java.util.concurrent.ThreadPoolExecutor$Worker.run(ThreadPoolExecutor.java:615)
	at java.lang.Thread.run(Thread.java:745)
java.lang.NullPointerException
	at com.google.javascript.rhino.Node.removeProp(Node.java:736)
	at com.google.javascript.rhino.Node.removeProp(Node.java:705)
	at com.google.javascript.rhino.Node.putProp(Node.java:889)
	at com.google.javascript.jscomp.parsing.IRFactory.createTemplateNode(IRFactory.java:150)
	at com.google.javascript.jscomp.parsing.IRFactory.<init>(IRFactory.java:126)
	at com.google.javascript.jscomp.parsing.IRFactory.transformTree(IRFactory.java:158)
	at com.google.javascript.jscomp.parsing.ParserRunner.parse(ParserRunner.java:127)
	at com.google.javascript.jscomp.JsAst.parse(JsAst.java:88)
	at com.google.javascript.jscomp.JsAst.createAst(JsAst.java:77)
	at com.google.javascript.jscomp.JsAst.getAstRoot(JsAst.java:50)
	at com.google.javascript.jscomp.CompilerInput.getAstRoot(CompilerInput.java:102)
	at com.google.javascript.jscomp.Compiler.parseTestCode(Compiler.java:1243)
	at com.google.javascript.jscomp.CodePrinterTest.parse(CodePrinterTest.java:36)
	at com.google.javascript.jscomp.CodePrinterTest.parse(CodePrinterTest.java:27)
	at com.google.javascript.jscomp.CodePrinterTest.parsePrint(CodePrinterTest.java:69)
	at com.google.javascript.jscomp.CodePrinterTest.assertPrint(CodePrinterTest.java:386)
	at com.google.javascript.jscomp.CodePrinterTest.testZero(CodePrinterTest.java:1179)
	at sun.reflect.NativeMethodAccessorImpl.invoke0(Native Method)
	at sun.reflect.NativeMethodAccessorImpl.invoke(NativeMethodAccessorImpl.java:57)
	at sun.reflect.DelegatingMethodAccessorImpl.invoke(DelegatingMethodAccessorImpl.java:43)
	at java.lang.reflect.Method.invoke(Method.java:606)
	at junit.framework.TestCase.runTest(TestCase.java:176)
	at junit.framework.TestCase.runBare(TestCase.java:141)
	at junit.framework.TestResult$1.protect(TestResult.java:122)
	at junit.framework.TestResult.runProtected(TestResult.java:142)
	at junit.framework.TestResult.run(TestResult.java:125)
	at junit.framework.TestCase.run(TestCase.java:129)
	at junit.framework.TestSuite.runTest(TestSuite.java:255)
	at junit.framework.TestSuite.run(TestSuite.java:250)
	at org.junit.internal.runners.JUnit38ClassRunner.run(JUnit38ClassRunner.java:84)
	at org.junit.runner.JUnitCore.run(JUnitCore.java:160)
	at org.junit.runner.JUnitCore.run(JUnitCore.java:138)
	at xxl.java.junit.JUnitSingleTestRunner.call(JUnitSingleTestRunner.java:23)
	at xxl.java.junit.JUnitSingleTestRunner.call(JUnitSingleTestRunner.java:10)
	at java.util.concurrent.FutureTask.run(FutureTask.java:262)
	at java.util.concurrent.ThreadPoolExecutor.runWorker(ThreadPoolExecutor.java:1145)
	at java.util.concurrent.ThreadPoolExecutor$Worker.run(ThreadPoolExecutor.java:615)
	at java.lang.Thread.run(Thread.java:745)
java.lang.NullPointerException
	at com.google.javascript.rhino.Node.removeProp(Node.java:784)
	at com.google.javascript.rhino.Node.removeProp(Node.java:705)
	at com.google.javascript.rhino.Node.putProp(Node.java:889)
	at com.google.javascript.jscomp.parsing.IRFactory.createTemplateNode(IRFactory.java:150)
	at com.google.javascript.jscomp.parsing.IRFactory.<init>(IRFactory.java:126)
	at com.google.javascript.jscomp.parsing.IRFactory.transformTree(IRFactory.java:158)
	at com.google.javascript.jscomp.parsing.ParserRunner.parse(ParserRunner.java:127)
	at com.google.javascript.jscomp.JsAst.parse(JsAst.java:88)
	at com.google.javascript.jscomp.JsAst.createAst(JsAst.java:77)
	at com.google.javascript.jscomp.JsAst.getAstRoot(JsAst.java:50)
	at com.google.javascript.jscomp.CompilerInput.getAstRoot(CompilerInput.java:102)
	at com.google.javascript.jscomp.Compiler.parseTestCode(Compiler.java:1243)
	at com.google.javascript.jscomp.CodePrinterTest.parse(CodePrinterTest.java:36)
	at com.google.javascript.jscomp.CodePrinterTest.parse(CodePrinterTest.java:27)
	at com.google.javascript.jscomp.CodePrinterTest.parsePrint(CodePrinterTest.java:69)
	at com.google.javascript.jscomp.CodePrinterTest.assertPrint(CodePrinterTest.java:386)
	at com.google.javascript.jscomp.CodePrinterTest.testZero(CodePrinterTest.java:1179)
	at sun.reflect.NativeMethodAccessorImpl.invoke0(Native Method)
	at sun.reflect.NativeMethodAccessorImpl.invoke(NativeMethodAccessorImpl.java:57)
	at sun.reflect.DelegatingMethodAccessorImpl.invoke(DelegatingMethodAccessorImpl.java:43)
	at java.lang.reflect.Method.invoke(Method.java:606)
	at junit.framework.TestCase.runTest(TestCase.java:176)
	at junit.framework.TestCase.runBare(TestCase.java:141)
	at junit.framework.TestResult$1.protect(TestResult.java:122)
	at junit.framework.TestResult.runProtected(TestResult.java:142)
	at junit.framework.TestResult.run(TestResult.java:125)
	at junit.framework.TestCase.run(TestCase.java:129)
	at junit.framework.TestSuite.runTest(TestSuite.java:255)
	at junit.framework.TestSuite.run(TestSuite.java:250)
	at org.junit.internal.runners.JUnit38ClassRunner.run(JUnit38ClassRunner.java:84)
	at org.junit.runner.JUnitCore.run(JUnitCore.java:160)
	at org.junit.runner.JUnitCore.run(JUnitCore.java:138)
	at xxl.java.junit.JUnitSingleTestRunner.call(JUnitSingleTestRunner.java:23)
	at xxl.java.junit.JUnitSingleTestRunner.call(JUnitSingleTestRunner.java:10)
	at java.util.concurrent.FutureTask.run(FutureTask.java:262)
	at java.util.concurrent.ThreadPoolExecutor.runWorker(ThreadPoolExecutor.java:1145)
	at java.util.concurrent.ThreadPoolExecutor$Worker.run(ThreadPoolExecutor.java:615)
	at java.lang.Thread.run(Thread.java:745)
java.lang.NullPointerException
	at com.google.javascript.rhino.Node.removeProp(Node.java:797)
	at com.google.javascript.rhino.Node.removeProp(Node.java:705)
	at com.google.javascript.rhino.Node.putProp(Node.java:889)
	at com.google.javascript.jscomp.parsing.IRFactory.createTemplateNode(IRFactory.java:150)
	at com.google.javascript.jscomp.parsing.IRFactory.<init>(IRFactory.java:126)
	at com.google.javascript.jscomp.parsing.IRFactory.transformTree(IRFactory.java:158)
	at com.google.javascript.jscomp.parsing.ParserRunner.parse(ParserRunner.java:127)
	at com.google.javascript.jscomp.JsAst.parse(JsAst.java:88)
	at com.google.javascript.jscomp.JsAst.createAst(JsAst.java:77)
	at com.google.javascript.jscomp.JsAst.getAstRoot(JsAst.java:50)
	at com.google.javascript.jscomp.CompilerInput.getAstRoot(CompilerInput.java:102)
	at com.google.javascript.jscomp.Compiler.parseTestCode(Compiler.java:1243)
	at com.google.javascript.jscomp.CodePrinterTest.parse(CodePrinterTest.java:36)
	at com.google.javascript.jscomp.CodePrinterTest.parse(CodePrinterTest.java:27)
	at com.google.javascript.jscomp.CodePrinterTest.parsePrint(CodePrinterTest.java:69)
	at com.google.javascript.jscomp.CodePrinterTest.assertPrint(CodePrinterTest.java:386)
	at com.google.javascript.jscomp.CodePrinterTest.testZero(CodePrinterTest.java:1179)
	at sun.reflect.NativeMethodAccessorImpl.invoke0(Native Method)
	at sun.reflect.NativeMethodAccessorImpl.invoke(NativeMethodAccessorImpl.java:57)
	at sun.reflect.DelegatingMethodAccessorImpl.invoke(DelegatingMethodAccessorImpl.java:43)
	at java.lang.reflect.Method.invoke(Method.java:606)
	at junit.framework.TestCase.runTest(TestCase.java:176)
	at junit.framework.TestCase.runBare(TestCase.java:141)
	at junit.framework.TestResult$1.protect(TestResult.java:122)
	at junit.framework.TestResult.runProtected(TestResult.java:142)
	at junit.framework.TestResult.run(TestResult.java:125)
	at junit.framework.TestCase.run(TestCase.java:129)
	at junit.framework.TestSuite.runTest(TestSuite.java:255)
	at junit.framework.TestSuite.run(TestSuite.java:250)
	at org.junit.internal.runners.JUnit38ClassRunner.run(JUnit38ClassRunner.java:84)
	at org.junit.runner.JUnitCore.run(JUnitCore.java:160)
	at org.junit.runner.JUnitCore.run(JUnitCore.java:138)
	at xxl.java.junit.JUnitSingleTestRunner.call(JUnitSingleTestRunner.java:23)
	at xxl.java.junit.JUnitSingleTestRunner.call(JUnitSingleTestRunner.java:10)
	at java.util.concurrent.FutureTask.run(FutureTask.java:262)
	at java.util.concurrent.ThreadPoolExecutor.runWorker(ThreadPoolExecutor.java:1145)
	at java.util.concurrent.ThreadPoolExecutor$Worker.run(ThreadPoolExecutor.java:615)
	at java.lang.Thread.run(Thread.java:745)
java.lang.NullPointerException
	at com.google.javascript.rhino.Node.removeProp(Node.java:799)
	at com.google.javascript.rhino.Node.removeProp(Node.java:705)
	at com.google.javascript.rhino.Node.putProp(Node.java:889)
	at com.google.javascript.jscomp.parsing.IRFactory.createTemplateNode(IRFactory.java:150)
	at com.google.javascript.jscomp.parsing.IRFactory.<init>(IRFactory.java:126)
	at com.google.javascript.jscomp.parsing.IRFactory.transformTree(IRFactory.java:158)
	at com.google.javascript.jscomp.parsing.ParserRunner.parse(ParserRunner.java:127)
	at com.google.javascript.jscomp.JsAst.parse(JsAst.java:88)
	at com.google.javascript.jscomp.JsAst.createAst(JsAst.java:77)
	at com.google.javascript.jscomp.JsAst.getAstRoot(JsAst.java:50)
	at com.google.javascript.jscomp.CompilerInput.getAstRoot(CompilerInput.java:102)
	at com.google.javascript.jscomp.Compiler.parseTestCode(Compiler.java:1243)
	at com.google.javascript.jscomp.CodePrinterTest.parse(CodePrinterTest.java:36)
	at com.google.javascript.jscomp.CodePrinterTest.parse(CodePrinterTest.java:27)
	at com.google.javascript.jscomp.CodePrinterTest.parsePrint(CodePrinterTest.java:69)
	at com.google.javascript.jscomp.CodePrinterTest.assertPrint(CodePrinterTest.java:386)
	at com.google.javascript.jscomp.CodePrinterTest.testZero(CodePrinterTest.java:1179)
	at sun.reflect.NativeMethodAccessorImpl.invoke0(Native Method)
	at sun.reflect.NativeMethodAccessorImpl.invoke(NativeMethodAccessorImpl.java:57)
	at sun.reflect.DelegatingMethodAccessorImpl.invoke(DelegatingMethodAccessorImpl.java:43)
	at java.lang.reflect.Method.invoke(Method.java:606)
	at junit.framework.TestCase.runTest(TestCase.java:176)
	at junit.framework.TestCase.runBare(TestCase.java:141)
	at junit.framework.TestResult$1.protect(TestResult.java:122)
	at junit.framework.TestResult.runProtected(TestResult.java:142)
	at junit.framework.TestResult.run(TestResult.java:125)
	at junit.framework.TestCase.run(TestCase.java:129)
	at junit.framework.TestSuite.runTest(TestSuite.java:255)
	at junit.framework.TestSuite.run(TestSuite.java:250)
	at org.junit.internal.runners.JUnit38ClassRunner.run(JUnit38ClassRunner.java:84)
	at org.junit.runner.JUnitCore.run(JUnitCore.java:160)
	at org.junit.runner.JUnitCore.run(JUnitCore.java:138)
	at xxl.java.junit.JUnitSingleTestRunner.call(JUnitSingleTestRunner.java:23)
	at xxl.java.junit.JUnitSingleTestRunner.call(JUnitSingleTestRunner.java:10)
	at java.util.concurrent.FutureTask.run(FutureTask.java:262)
	at java.util.concurrent.ThreadPoolExecutor.runWorker(ThreadPoolExecutor.java:1145)
	at java.util.concurrent.ThreadPoolExecutor$Worker.run(ThreadPoolExecutor.java:615)
	at java.lang.Thread.run(Thread.java:745)
java.lang.NullPointerException
	at com.google.javascript.rhino.Node.removeProp(Node.java:736)
	at com.google.javascript.rhino.Node.removeProp(Node.java:705)
	at com.google.javascript.rhino.Node.putIntProp(Node.java:900)
	at com.google.javascript.rhino.Node.putBooleanProp(Node.java:896)
	at com.google.javascript.rhino.Node.setIsSyntheticBlock(Node.java:1922)
	at com.google.javascript.jscomp.parsing.ParserRunner.parse(ParserRunner.java:129)
	at com.google.javascript.jscomp.JsAst.parse(JsAst.java:88)
	at com.google.javascript.jscomp.JsAst.createAst(JsAst.java:77)
	at com.google.javascript.jscomp.JsAst.getAstRoot(JsAst.java:50)
	at com.google.javascript.jscomp.CompilerInput.getAstRoot(CompilerInput.java:102)
	at com.google.javascript.jscomp.Compiler.parseTestCode(Compiler.java:1243)
	at com.google.javascript.jscomp.CodePrinterTest.parse(CodePrinterTest.java:36)
	at com.google.javascript.jscomp.CodePrinterTest.parse(CodePrinterTest.java:27)
	at com.google.javascript.jscomp.CodePrinterTest.parsePrint(CodePrinterTest.java:69)
	at com.google.javascript.jscomp.CodePrinterTest.assertPrint(CodePrinterTest.java:386)
	at com.google.javascript.jscomp.CodePrinterTest.testZero(CodePrinterTest.java:1179)
	at sun.reflect.NativeMethodAccessorImpl.invoke0(Native Method)
	at sun.reflect.NativeMethodAccessorImpl.invoke(NativeMethodAccessorImpl.java:57)
	at sun.reflect.DelegatingMethodAccessorImpl.invoke(DelegatingMethodAccessorImpl.java:43)
	at java.lang.reflect.Method.invoke(Method.java:606)
	at junit.framework.TestCase.runTest(TestCase.java:176)
	at junit.framework.TestCase.runBare(TestCase.java:141)
	at junit.framework.TestResult$1.protect(TestResult.java:122)
	at junit.framework.TestResult.runProtected(TestResult.java:142)
	at junit.framework.TestResult.run(TestResult.java:125)
	at junit.framework.TestCase.run(TestCase.java:129)
	at junit.framework.TestSuite.runTest(TestSuite.java:255)
	at junit.framework.TestSuite.run(TestSuite.java:250)
	at org.junit.internal.runners.JUnit38ClassRunner.run(JUnit38ClassRunner.java:84)
	at org.junit.runner.JUnitCore.run(JUnitCore.java:160)
	at org.junit.runner.JUnitCore.run(JUnitCore.java:138)
	at xxl.java.junit.JUnitSingleTestRunner.call(JUnitSingleTestRunner.java:23)
	at xxl.java.junit.JUnitSingleTestRunner.call(JUnitSingleTestRunner.java:10)
	at java.util.concurrent.FutureTask.run(FutureTask.java:262)
	at java.util.concurrent.ThreadPoolExecutor.runWorker(ThreadPoolExecutor.java:1145)
	at java.util.concurrent.ThreadPoolExecutor$Worker.run(ThreadPoolExecutor.java:615)
	at java.lang.Thread.run(Thread.java:745)
java.lang.NullPointerException
	at com.google.javascript.rhino.Node.removeProp(Node.java:784)
	at com.google.javascript.rhino.Node.removeProp(Node.java:705)
	at com.google.javascript.rhino.Node.putIntProp(Node.java:900)
	at com.google.javascript.rhino.Node.putBooleanProp(Node.java:896)
	at com.google.javascript.rhino.Node.setIsSyntheticBlock(Node.java:1922)
	at com.google.javascript.jscomp.parsing.ParserRunner.parse(ParserRunner.java:129)
	at com.google.javascript.jscomp.JsAst.parse(JsAst.java:88)
	at com.google.javascript.jscomp.JsAst.createAst(JsAst.java:77)
	at com.google.javascript.jscomp.JsAst.getAstRoot(JsAst.java:50)
	at com.google.javascript.jscomp.CompilerInput.getAstRoot(CompilerInput.java:102)
	at com.google.javascript.jscomp.Compiler.parseTestCode(Compiler.java:1243)
	at com.google.javascript.jscomp.CodePrinterTest.parse(CodePrinterTest.java:36)
	at com.google.javascript.jscomp.CodePrinterTest.parse(CodePrinterTest.java:27)
	at com.google.javascript.jscomp.CodePrinterTest.parsePrint(CodePrinterTest.java:69)
	at com.google.javascript.jscomp.CodePrinterTest.assertPrint(CodePrinterTest.java:386)
	at com.google.javascript.jscomp.CodePrinterTest.testZero(CodePrinterTest.java:1179)
	at sun.reflect.NativeMethodAccessorImpl.invoke0(Native Method)
	at sun.reflect.NativeMethodAccessorImpl.invoke(NativeMethodAccessorImpl.java:57)
	at sun.reflect.DelegatingMethodAccessorImpl.invoke(DelegatingMethodAccessorImpl.java:43)
	at java.lang.reflect.Method.invoke(Method.java:606)
	at junit.framework.TestCase.runTest(TestCase.java:176)
	at junit.framework.TestCase.runBare(TestCase.java:141)
	at junit.framework.TestResult$1.protect(TestResult.java:122)
	at junit.framework.TestResult.runProtected(TestResult.java:142)
	at junit.framework.TestResult.run(TestResult.java:125)
	at junit.framework.TestCase.run(TestCase.java:129)
	at junit.framework.TestSuite.runTest(TestSuite.java:255)
	at junit.framework.TestSuite.run(TestSuite.java:250)
	at org.junit.internal.runners.JUnit38ClassRunner.run(JUnit38ClassRunner.java:84)
	at org.junit.runner.JUnitCore.run(JUnitCore.java:160)
	at org.junit.runner.JUnitCore.run(JUnitCore.java:138)
	at xxl.java.junit.JUnitSingleTestRunner.call(JUnitSingleTestRunner.java:23)
	at xxl.java.junit.JUnitSingleTestRunner.call(JUnitSingleTestRunner.java:10)
	at java.util.concurrent.FutureTask.run(FutureTask.java:262)
	at java.util.concurrent.ThreadPoolExecutor.runWorker(ThreadPoolExecutor.java:1145)
	at java.util.concurrent.ThreadPoolExecutor$Worker.run(ThreadPoolExecutor.java:615)
	at java.lang.Thread.run(Thread.java:745)
java.lang.NullPointerException
	at com.google.javascript.rhino.Node.removeProp(Node.java:797)
	at com.google.javascript.rhino.Node.removeProp(Node.java:705)
	at com.google.javascript.rhino.Node.putIntProp(Node.java:900)
	at com.google.javascript.rhino.Node.putBooleanProp(Node.java:896)
	at com.google.javascript.rhino.Node.setIsSyntheticBlock(Node.java:1922)
	at com.google.javascript.jscomp.parsing.ParserRunner.parse(ParserRunner.java:129)
	at com.google.javascript.jscomp.JsAst.parse(JsAst.java:88)
	at com.google.javascript.jscomp.JsAst.createAst(JsAst.java:77)
	at com.google.javascript.jscomp.JsAst.getAstRoot(JsAst.java:50)
	at com.google.javascript.jscomp.CompilerInput.getAstRoot(CompilerInput.java:102)
	at com.google.javascript.jscomp.Compiler.parseTestCode(Compiler.java:1243)
	at com.google.javascript.jscomp.CodePrinterTest.parse(CodePrinterTest.java:36)
	at com.google.javascript.jscomp.CodePrinterTest.parse(CodePrinterTest.java:27)
	at com.google.javascript.jscomp.CodePrinterTest.parsePrint(CodePrinterTest.java:69)
	at com.google.javascript.jscomp.CodePrinterTest.assertPrint(CodePrinterTest.java:386)
	at com.google.javascript.jscomp.CodePrinterTest.testZero(CodePrinterTest.java:1179)
	at sun.reflect.NativeMethodAccessorImpl.invoke0(Native Method)
	at sun.reflect.NativeMethodAccessorImpl.invoke(NativeMethodAccessorImpl.java:57)
	at sun.reflect.DelegatingMethodAccessorImpl.invoke(DelegatingMethodAccessorImpl.java:43)
	at java.lang.reflect.Method.invoke(Method.java:606)
	at junit.framework.TestCase.runTest(TestCase.java:176)
	at junit.framework.TestCase.runBare(TestCase.java:141)
	at junit.framework.TestResult$1.protect(TestResult.java:122)
	at junit.framework.TestResult.runProtected(TestResult.java:142)
	at junit.framework.TestResult.run(TestResult.java:125)
	at junit.framework.TestCase.run(TestCase.java:129)
	at junit.framework.TestSuite.runTest(TestSuite.java:255)
	at junit.framework.TestSuite.run(TestSuite.java:250)
	at org.junit.internal.runners.JUnit38ClassRunner.run(JUnit38ClassRunner.java:84)
	at org.junit.runner.JUnitCore.run(JUnitCore.java:160)
	at org.junit.runner.JUnitCore.run(JUnitCore.java:138)
	at xxl.java.junit.JUnitSingleTestRunner.call(JUnitSingleTestRunner.java:23)
	at xxl.java.junit.JUnitSingleTestRunner.call(JUnitSingleTestRunner.java:10)
	at java.util.concurrent.FutureTask.run(FutureTask.java:262)
	at java.util.concurrent.ThreadPoolExecutor.runWorker(ThreadPoolExecutor.java:1145)
	at java.util.concurrent.ThreadPoolExecutor$Worker.run(ThreadPoolExecutor.java:615)
	at java.lang.Thread.run(Thread.java:745)
java.lang.NullPointerException
	at com.google.javascript.rhino.Node.removeProp(Node.java:799)
	at com.google.javascript.rhino.Node.removeProp(Node.java:705)
	at com.google.javascript.rhino.Node.putIntProp(Node.java:900)
	at com.google.javascript.rhino.Node.putBooleanProp(Node.java:896)
	at com.google.javascript.rhino.Node.setIsSyntheticBlock(Node.java:1922)
	at com.google.javascript.jscomp.parsing.ParserRunner.parse(ParserRunner.java:129)
	at com.google.javascript.jscomp.JsAst.parse(JsAst.java:88)
	at com.google.javascript.jscomp.JsAst.createAst(JsAst.java:77)
	at com.google.javascript.jscomp.JsAst.getAstRoot(JsAst.java:50)
	at com.google.javascript.jscomp.CompilerInput.getAstRoot(CompilerInput.java:102)
	at com.google.javascript.jscomp.Compiler.parseTestCode(Compiler.java:1243)
	at com.google.javascript.jscomp.CodePrinterTest.parse(CodePrinterTest.java:36)
	at com.google.javascript.jscomp.CodePrinterTest.parse(CodePrinterTest.java:27)
	at com.google.javascript.jscomp.CodePrinterTest.parsePrint(CodePrinterTest.java:69)
	at com.google.javascript.jscomp.CodePrinterTest.assertPrint(CodePrinterTest.java:386)
	at com.google.javascript.jscomp.CodePrinterTest.testZero(CodePrinterTest.java:1179)
	at sun.reflect.NativeMethodAccessorImpl.invoke0(Native Method)
	at sun.reflect.NativeMethodAccessorImpl.invoke(NativeMethodAccessorImpl.java:57)
	at sun.reflect.DelegatingMethodAccessorImpl.invoke(DelegatingMethodAccessorImpl.java:43)
	at java.lang.reflect.Method.invoke(Method.java:606)
	at junit.framework.TestCase.runTest(TestCase.java:176)
	at junit.framework.TestCase.runBare(TestCase.java:141)
	at junit.framework.TestResult$1.protect(TestResult.java:122)
	at junit.framework.TestResult.runProtected(TestResult.java:142)
	at junit.framework.TestResult.run(TestResult.java:125)
	at junit.framework.TestCase.run(TestCase.java:129)
	at junit.framework.TestSuite.runTest(TestSuite.java:255)
	at junit.framework.TestSuite.run(TestSuite.java:250)
	at org.junit.internal.runners.JUnit38ClassRunner.run(JUnit38ClassRunner.java:84)
	at org.junit.runner.JUnitCore.run(JUnitCore.java:160)
	at org.junit.runner.JUnitCore.run(JUnitCore.java:138)
	at xxl.java.junit.JUnitSingleTestRunner.call(JUnitSingleTestRunner.java:23)
	at xxl.java.junit.JUnitSingleTestRunner.call(JUnitSingleTestRunner.java:10)
	at java.util.concurrent.FutureTask.run(FutureTask.java:262)
	at java.util.concurrent.ThreadPoolExecutor.runWorker(ThreadPoolExecutor.java:1145)
	at java.util.concurrent.ThreadPoolExecutor$Worker.run(ThreadPoolExecutor.java:615)
	at java.lang.Thread.run(Thread.java:745)
java.lang.NullPointerException
	at com.google.javascript.rhino.Node.removeProp(Node.java:736)
	at com.google.javascript.rhino.Node.removeProp(Node.java:705)
	at com.google.javascript.rhino.Node.putProp(Node.java:889)
	at com.google.javascript.jscomp.parsing.IRFactory.createTemplateNode(IRFactory.java:150)
	at com.google.javascript.jscomp.parsing.IRFactory.<init>(IRFactory.java:126)
	at com.google.javascript.jscomp.parsing.IRFactory.transformTree(IRFactory.java:158)
	at com.google.javascript.jscomp.parsing.ParserRunner.parse(ParserRunner.java:127)
	at com.google.javascript.jscomp.JsAst.parse(JsAst.java:88)
	at com.google.javascript.jscomp.JsAst.createAst(JsAst.java:77)
	at com.google.javascript.jscomp.JsAst.getAstRoot(JsAst.java:50)
	at com.google.javascript.jscomp.CompilerInput.getAstRoot(CompilerInput.java:102)
	at com.google.javascript.jscomp.Compiler.parseTestCode(Compiler.java:1243)
	at com.google.javascript.jscomp.CodePrinterTest.parse(CodePrinterTest.java:36)
	at com.google.javascript.jscomp.CodePrinterTest.parse(CodePrinterTest.java:27)
	at com.google.javascript.jscomp.CodePrinterTest.assertPrint(CodePrinterTest.java:385)
	at com.google.javascript.jscomp.CodePrinterTest.testZero(CodePrinterTest.java:1179)
	at sun.reflect.NativeMethodAccessorImpl.invoke0(Native Method)
	at sun.reflect.NativeMethodAccessorImpl.invoke(NativeMethodAccessorImpl.java:57)
	at sun.reflect.DelegatingMethodAccessorImpl.invoke(DelegatingMethodAccessorImpl.java:43)
	at java.lang.reflect.Method.invoke(Method.java:606)
	at junit.framework.TestCase.runTest(TestCase.java:176)
	at junit.framework.TestCase.runBare(TestCase.java:141)
	at junit.framework.TestResult$1.protect(TestResult.java:122)
	at junit.framework.TestResult.runProtected(TestResult.java:142)
	at junit.framework.TestResult.run(TestResult.java:125)
	at junit.framework.TestCase.run(TestCase.java:129)
	at junit.framework.TestSuite.runTest(TestSuite.java:255)
	at junit.framework.TestSuite.run(TestSuite.java:250)
	at org.junit.internal.runners.JUnit38ClassRunner.run(JUnit38ClassRunner.java:84)
	at org.junit.runner.JUnitCore.run(JUnitCore.java:160)
	at org.junit.runner.JUnitCore.run(JUnitCore.java:138)
	at xxl.java.junit.JUnitSingleTestRunner.call(JUnitSingleTestRunner.java:23)
	at xxl.java.junit.JUnitSingleTestRunner.call(JUnitSingleTestRunner.java:10)
	at java.util.concurrent.FutureTask.run(FutureTask.java:262)
	at java.util.concurrent.ThreadPoolExecutor.runWorker(ThreadPoolExecutor.java:1145)
	at java.util.concurrent.ThreadPoolExecutor$Worker.run(ThreadPoolExecutor.java:615)
	at java.lang.Thread.run(Thread.java:745)
java.lang.NullPointerException
	at com.google.javascript.rhino.Node.removeProp(Node.java:784)
	at com.google.javascript.rhino.Node.removeProp(Node.java:705)
	at com.google.javascript.rhino.Node.putProp(Node.java:889)
	at com.google.javascript.jscomp.parsing.IRFactory.createTemplateNode(IRFactory.java:150)
	at com.google.javascript.jscomp.parsing.IRFactory.<init>(IRFactory.java:126)
	at com.google.javascript.jscomp.parsing.IRFactory.transformTree(IRFactory.java:158)
	at com.google.javascript.jscomp.parsing.ParserRunner.parse(ParserRunner.java:127)
	at com.google.javascript.jscomp.JsAst.parse(JsAst.java:88)
	at com.google.javascript.jscomp.JsAst.createAst(JsAst.java:77)
	at com.google.javascript.jscomp.JsAst.getAstRoot(JsAst.java:50)
	at com.google.javascript.jscomp.CompilerInput.getAstRoot(CompilerInput.java:102)
	at com.google.javascript.jscomp.Compiler.parseTestCode(Compiler.java:1243)
	at com.google.javascript.jscomp.CodePrinterTest.parse(CodePrinterTest.java:36)
	at com.google.javascript.jscomp.CodePrinterTest.parse(CodePrinterTest.java:27)
	at com.google.javascript.jscomp.CodePrinterTest.assertPrint(CodePrinterTest.java:385)
	at com.google.javascript.jscomp.CodePrinterTest.testZero(CodePrinterTest.java:1179)
	at sun.reflect.NativeMethodAccessorImpl.invoke0(Native Method)
	at sun.reflect.NativeMethodAccessorImpl.invoke(NativeMethodAccessorImpl.java:57)
	at sun.reflect.DelegatingMethodAccessorImpl.invoke(DelegatingMethodAccessorImpl.java:43)
	at java.lang.reflect.Method.invoke(Method.java:606)
	at junit.framework.TestCase.runTest(TestCase.java:176)
	at junit.framework.TestCase.runBare(TestCase.java:141)
	at junit.framework.TestResult$1.protect(TestResult.java:122)
	at junit.framework.TestResult.runProtected(TestResult.java:142)
	at junit.framework.TestResult.run(TestResult.java:125)
	at junit.framework.TestCase.run(TestCase.java:129)
	at junit.framework.TestSuite.runTest(TestSuite.java:255)
	at junit.framework.TestSuite.run(TestSuite.java:250)
	at org.junit.internal.runners.JUnit38ClassRunner.run(JUnit38ClassRunner.java:84)
	at org.junit.runner.JUnitCore.run(JUnitCore.java:160)
	at org.junit.runner.JUnitCore.run(JUnitCore.java:138)
	at xxl.java.junit.JUnitSingleTestRunner.call(JUnitSingleTestRunner.java:23)
	at xxl.java.junit.JUnitSingleTestRunner.call(JUnitSingleTestRunner.java:10)
	at java.util.concurrent.FutureTask.run(FutureTask.java:262)
	at java.util.concurrent.ThreadPoolExecutor.runWorker(ThreadPoolExecutor.java:1145)
	at java.util.concurrent.ThreadPoolExecutor$Worker.run(ThreadPoolExecutor.java:615)
	at java.lang.Thread.run(Thread.java:745)
java.lang.NullPointerException
	at com.google.javascript.rhino.Node.removeProp(Node.java:797)
	at com.google.javascript.rhino.Node.removeProp(Node.java:705)
	at com.google.javascript.rhino.Node.putProp(Node.java:889)
	at com.google.javascript.jscomp.parsing.IRFactory.createTemplateNode(IRFactory.java:150)
	at com.google.javascript.jscomp.parsing.IRFactory.<init>(IRFactory.java:126)
	at com.google.javascript.jscomp.parsing.IRFactory.transformTree(IRFactory.java:158)
	at com.google.javascript.jscomp.parsing.ParserRunner.parse(ParserRunner.java:127)
	at com.google.javascript.jscomp.JsAst.parse(JsAst.java:88)
	at com.google.javascript.jscomp.JsAst.createAst(JsAst.java:77)
	at com.google.javascript.jscomp.JsAst.getAstRoot(JsAst.java:50)
	at com.google.javascript.jscomp.CompilerInput.getAstRoot(CompilerInput.java:102)
	at com.google.javascript.jscomp.Compiler.parseTestCode(Compiler.java:1243)
	at com.google.javascript.jscomp.CodePrinterTest.parse(CodePrinterTest.java:36)
	at com.google.javascript.jscomp.CodePrinterTest.parse(CodePrinterTest.java:27)
	at com.google.javascript.jscomp.CodePrinterTest.assertPrint(CodePrinterTest.java:385)
	at com.google.javascript.jscomp.CodePrinterTest.testZero(CodePrinterTest.java:1179)
	at sun.reflect.NativeMethodAccessorImpl.invoke0(Native Method)
	at sun.reflect.NativeMethodAccessorImpl.invoke(NativeMethodAccessorImpl.java:57)
	at sun.reflect.DelegatingMethodAccessorImpl.invoke(DelegatingMethodAccessorImpl.java:43)
	at java.lang.reflect.Method.invoke(Method.java:606)
	at junit.framework.TestCase.runTest(TestCase.java:176)
	at junit.framework.TestCase.runBare(TestCase.java:141)
	at junit.framework.TestResult$1.protect(TestResult.java:122)
	at junit.framework.TestResult.runProtected(TestResult.java:142)
	at junit.framework.TestResult.run(TestResult.java:125)
	at junit.framework.TestCase.run(TestCase.java:129)
	at junit.framework.TestSuite.runTest(TestSuite.java:255)
	at junit.framework.TestSuite.run(TestSuite.java:250)
	at org.junit.internal.runners.JUnit38ClassRunner.run(JUnit38ClassRunner.java:84)
	at org.junit.runner.JUnitCore.run(JUnitCore.java:160)
	at org.junit.runner.JUnitCore.run(JUnitCore.java:138)
	at xxl.java.junit.JUnitSingleTestRunner.call(JUnitSingleTestRunner.java:23)
	at xxl.java.junit.JUnitSingleTestRunner.call(JUnitSingleTestRunner.java:10)
	at java.util.concurrent.FutureTask.run(FutureTask.java:262)
	at java.util.concurrent.ThreadPoolExecutor.runWorker(ThreadPoolExecutor.java:1145)
	at java.util.concurrent.ThreadPoolExecutor$Worker.run(ThreadPoolExecutor.java:615)
	at java.lang.Thread.run(Thread.java:745)
java.lang.NullPointerException
	at com.google.javascript.rhino.Node.removeProp(Node.java:799)
	at com.google.javascript.rhino.Node.removeProp(Node.java:705)
	at com.google.javascript.rhino.Node.putProp(Node.java:889)
	at com.google.javascript.jscomp.parsing.IRFactory.createTemplateNode(IRFactory.java:150)
	at com.google.javascript.jscomp.parsing.IRFactory.<init>(IRFactory.java:126)
	at com.google.javascript.jscomp.parsing.IRFactory.transformTree(IRFactory.java:158)
	at com.google.javascript.jscomp.parsing.ParserRunner.parse(ParserRunner.java:127)
	at com.google.javascript.jscomp.JsAst.parse(JsAst.java:88)
	at com.google.javascript.jscomp.JsAst.createAst(JsAst.java:77)
	at com.google.javascript.jscomp.JsAst.getAstRoot(JsAst.java:50)
	at com.google.javascript.jscomp.CompilerInput.getAstRoot(CompilerInput.java:102)
	at com.google.javascript.jscomp.Compiler.parseTestCode(Compiler.java:1243)
	at com.google.javascript.jscomp.CodePrinterTest.parse(CodePrinterTest.java:36)
	at com.google.javascript.jscomp.CodePrinterTest.parse(CodePrinterTest.java:27)
	at com.google.javascript.jscomp.CodePrinterTest.assertPrint(CodePrinterTest.java:385)
	at com.google.javascript.jscomp.CodePrinterTest.testZero(CodePrinterTest.java:1179)
	at sun.reflect.NativeMethodAccessorImpl.invoke0(Native Method)
	at sun.reflect.NativeMethodAccessorImpl.invoke(NativeMethodAccessorImpl.java:57)
	at sun.reflect.DelegatingMethodAccessorImpl.invoke(DelegatingMethodAccessorImpl.java:43)
	at java.lang.reflect.Method.invoke(Method.java:606)
	at junit.framework.TestCase.runTest(TestCase.java:176)
	at junit.framework.TestCase.runBare(TestCase.java:141)
	at junit.framework.TestResult$1.protect(TestResult.java:122)
	at junit.framework.TestResult.runProtected(TestResult.java:142)
	at junit.framework.TestResult.run(TestResult.java:125)
	at junit.framework.TestCase.run(TestCase.java:129)
	at junit.framework.TestSuite.runTest(TestSuite.java:255)
	at junit.framework.TestSuite.run(TestSuite.java:250)
	at org.junit.internal.runners.JUnit38ClassRunner.run(JUnit38ClassRunner.java:84)
	at org.junit.runner.JUnitCore.run(JUnitCore.java:160)
	at org.junit.runner.JUnitCore.run(JUnitCore.java:138)
	at xxl.java.junit.JUnitSingleTestRunner.call(JUnitSingleTestRunner.java:23)
	at xxl.java.junit.JUnitSingleTestRunner.call(JUnitSingleTestRunner.java:10)
	at java.util.concurrent.FutureTask.run(FutureTask.java:262)
	at java.util.concurrent.ThreadPoolExecutor.runWorker(ThreadPoolExecutor.java:1145)
	at java.util.concurrent.ThreadPoolExecutor$Worker.run(ThreadPoolExecutor.java:615)
	at java.lang.Thread.run(Thread.java:745)

real	11m43.323s
user	19m27.452s
sys	0m16.828s
