export PATH="/home/tdurieux/defects4j/framework/bin:$PATH";export JAVA_TOOL_OPTIONS=-Dfile.encoding=UTF8;export PATH="/usr/lib/jvm/java-1.7.0-openjdk-amd64/bin/:$PATH";cp -r /home/tdurieux/projects/lang/lang_18 /tmp/lang_18_Genprog;cd /tmp/lang_18_Genprog;defects4j compile;mkdir lib/;cp -r /home/tdurieux/defects4j/framework/projects/lib/* lib/;cp -r /home/tdurieux/defects4j/framework/projects/Lang/lib/* lib/;find . -type f -name "package-info.java" -delete;
/home/tdurieux/defects4j-repair/src/python/core/../../../results/2015-august/Lang/18/Genprog/result
cd /tmp/lang_18_Genprog;export JAVA_TOOL_OPTIONS=-Dfile.encoding=UTF8;TZ="America/New_York"; export TZexport PATH="/usr/lib/jvm/java-1.7.0-openjdk-amd64/bin/:$PATH";time java  -cp /home/tdurieux/defects4j-repair/src/python/core/../../..//libs/astor.jar fr.inria.main.evolution.MainjGenProg -mode statement -location . -dependencies lib/ -failing org.apache.commons.lang3.time.FastDateFormatTest: -package org.apache.commons -jvm4testexecution /usr/lib/jvm/java-1.7.0-openjdk-amd64/bin/ -javacompliancelevel 5 -maxgen 1000000 -seed 10 -maxtime 60  -scope local  -stopfirst true -flthreshold 0.1 -population 1 -srcjavafolder src/main/java/ -srctestfolder src/test/java/ -binjavafolder target/classes/ -bintestfolder target/tests/;echo "

Node: `hostname`
";echo "
Date: `date`
";rm -rf /tmp/lang_18_Genprog;

2015-08-25 00:19:38,059 INFO main - End Repair Loops: NOT Found solution
2015-08-25 00:19:38,059 INFO main - 
Number solutions:0
2015-08-25 00:19:38,059 INFO main - 
All variants:
2015-08-25 00:19:38,059 INFO main - f 30.0, [Variant id: 1601, #gens: 19, #ops: 0, parent:-]
2015-08-25 00:19:38,059 INFO main - --Space: LOCAL
org.apache.commons.lang3.concurrent.ConcurrentUtils=45|,org.apache.commons.lang3.event.EventListenerSupport=35|,
2015-08-25 00:19:38,059 INFO main - 
----stats: 
2015-08-25 00:19:38,059 INFO main - 
spaces navigation: [51]: {(CtAssignmentImpl| size: 4| notcompiles| LOCAL| REPLACE) =12, (CtReturnImpl| size: 6| notcompiles| LOCAL| REPLACE) =2, (CtInvocationImpl| size: 35| notcompiles| LOCAL| INSERT_AFTER) =125, (CtReturnImpl| size: 35| notcompiles| LOCAL| INSERT_BEFORE) =20, (CtReturnImpl| size: 19| compiles| LOCAL| REPLACE) =5, (CtReturnImpl| size: 35| notcompiles| LOCAL| INSERT_AFTER) =15, (CtInvocationImpl| size: 35| notcompiles| LOCAL| INSERT_BEFORE) =117, (CtForEachImpl| size: 35| alreadyanalyzed| LOCAL| INSERT_AFTER) =333, (CtAssignmentImpl| size: 35| notcompiles| LOCAL| INSERT_AFTER) =51, (CtReturnImpl| size: 45| alreadyanalyzed| LOCAL| INSERT_BEFORE) =276, (CtReturnImpl| size: 35| compiles| LOCAL| INSERT_AFTER) =8, (CtForEachImpl| size: 2| compiles| LOCAL| REPLACE) =1, (CtLocalVariableImpl| size: 35| notcompiles| LOCAL| INSERT_BEFORE) =86, (CtInvocationImpl| size: 35| compiles| LOCAL| INSERT_AFTER) =90, (CtAssignmentImpl| size: 35| compiles| LOCAL| INSERT_AFTER) =49, (CtReturnImpl| size: 35| compiles| LOCAL| INSERT_BEFORE) =11, (CtForEachImpl| size: 35| compiles| LOCAL| INSERT_BEFORE) =11, (CtAssignmentImpl| size: 35| compiles| LOCAL| INSERT_BEFORE) =47, (CtReturnImpl| size: 6| alreadyanalyzed| LOCAL| REPLACE) =69, (CtInvocationImpl| size: 18| compiles| LOCAL| REPLACE) =24, (CtAssignmentImpl| size: 35| alreadyanalyzed| LOCAL| INSERT_BEFORE) =565, (CtForEachImpl| size: 35| compiles| LOCAL| INSERT_AFTER) =11, (CtAssignmentImpl| size: 35| alreadyanalyzed| LOCAL| INSERT_AFTER) =1047, (CtLocalVariableImpl| size: 35| compiles| LOCAL| INSERT_BEFORE) =48, (CtReturnImpl| size: 35| alreadyanalyzed| LOCAL| INSERT_BEFORE) =238, (CtReturnImpl| size: 45| compiles| LOCAL| INSERT_BEFORE) =12, (CtLocalVariableImpl| size: 5| compiles| LOCAL| REPLACE) =20, (CtLocalVariableImpl| size: 35| compiles| LOCAL| INSERT_AFTER) =50, (CtAssignmentImpl| size: 35| notcompiles| LOCAL| INSERT_BEFORE) =52, (CtInvocationImpl| size: 18| notcompiles| LOCAL| REPLACE) =84, (CtInvocationImpl| size: 35| compiles| LOCAL| INSERT_BEFORE) =81, (CtAssignmentImpl| size: 4| alreadyanalyzed| LOCAL| REPLACE) =312, (CtReturnImpl| size: 45| compiles| LOCAL| INSERT_AFTER) =10, (CtInvocationImpl| size: 35| alreadyanalyzed| LOCAL| INSERT_AFTER) =2124, (CtLocalVariableImpl| size: 5| alreadyanalyzed| LOCAL| REPLACE) =408, (CtForEachImpl| size: 2| alreadyanalyzed| LOCAL| REPLACE) =44, (CtReturnImpl| size: 6| compiles| LOCAL| REPLACE) =3, (CtReturnImpl| size: 19| notcompiles| LOCAL| REPLACE) =7, (CtForEachImpl| size: 35| notcompiles| LOCAL| INSERT_AFTER) =20, (CtInvocationImpl| size: 35| alreadyanalyzed| LOCAL| INSERT_BEFORE) =1934, (CtForEachImpl| size: 35| notcompiles| LOCAL| INSERT_BEFORE) =20, (CtReturnImpl| size: 45| notcompiles| LOCAL| INSERT_BEFORE) =22, (CtReturnImpl| size: 45| notcompiles| LOCAL| INSERT_AFTER) =22, (CtReturnImpl| size: 45| alreadyanalyzed| LOCAL| INSERT_AFTER) =134, (CtReturnImpl| size: 35| alreadyanalyzed| LOCAL| INSERT_AFTER) =29, (CtLocalVariableImpl| size: 35| notcompiles| LOCAL| INSERT_AFTER) =96, (CtLocalVariableImpl| size: 35| alreadyanalyzed| LOCAL| INSERT_AFTER) =1876, (CtReturnImpl| size: 19| alreadyanalyzed| LOCAL| REPLACE) =263, (CtInvocationImpl| size: 18| alreadyanalyzed| LOCAL| REPLACE) =1793, (CtForEachImpl| size: 35| alreadyanalyzed| LOCAL| INSERT_BEFORE) =517, (CtLocalVariableImpl| size: 35| alreadyanalyzed| LOCAL| INSERT_BEFORE) =2031}
#gen: 800
#patches: 0
#RightCompilation: 336
#WrongCompilation: 464
#FailingTestCaseExecution: 337
#RegressionTestExecution: 337
#TestcasesExecutedval1: 5055
#TestcasesExecutedval2: 640974
#FailingTestCase: 15
#RegressionTestCases: 1902
#OfAppliedOp: 800
#NotAppliedOp: 0
#InmutatedGen: 574
#unfinishValidation: 0
#ing {CtLocalVariableImpl=397, CtForEachImpl=83, CtAssignmentImpl=267, CtReturnImpl=115, CtInvocationImpl=512}
#untilcompile {1=102, 2=64, 3=39, 4=35, 5=32, 6=16, 7=16, 276=1, 8=17, 9=7, 10=8, 11=5, 12=8, 13=8, 14=7, 15=4, 17=8, 16=2, 19=11, 18=10, 21=4, 20=6, 23=7, 22=4, 25=4, 24=3, 27=1, 26=2, 29=3, 28=4, 31=2, 30=1, 34=2, 35=31, 32=3, 33=2, 38=4, 39=3, 36=10, 37=8, 42=3, 43=1, 40=8, 41=3, 46=3, 47=1, 44=4, 45=3, 51=1, 50=2, 49=1, 48=2, 54=5, 53=2, 52=3, 59=1, 58=1, 57=3, 61=1, 70=9, 71=1, 66=2, 76=1, 77=2, 72=1, 74=2, 75=3, 86=1, 80=2, 92=1, 88=3, 102=1, 110=1, 108=1, 109=1, 107=1, 104=1, 105=3, 119=1, 115=2, 114=1, 112=1, 123=5, 128=1, 132=1, 158=1, 159=1, 145=1, 171=1, 169=1, 168=1, 164=1, 180=1, 204=1, 201=1, 200=1, 222=1, 214=1, 230=1, 225=1}
2015-08-25 00:19:38,060 INFO main - Time Evolution(ms): 3667191
2015-08-25 00:19:38,060 INFO fr.inria.main.AbstractMain - Time Total(ms): 3702898


Node: griffon-17.nancy.grid5000.fr


Date: Tue Aug 25 02:19:38 CEST 2015


