export PATH="/home/tdurieux/defects4j/framework/bin:$PATH";export JAVA_TOOL_OPTIONS=-Dfile.encoding=UTF8;export PATH="/usr/lib/jvm/java-1.7.0-openjdk-amd64/bin/:$PATH";cp -r /home/tdurieux/projects/lang/lang_17 /tmp/lang_17_Genprog;cd /tmp/lang_17_Genprog;defects4j compile;mkdir lib/;cp -r /home/tdurieux/defects4j/framework/projects/lib/* lib/;cp -r /home/tdurieux/defects4j/framework/projects/Lang/lib/* lib/;find . -type f -name "package-info.java" -delete;
/home/tdurieux/defects4j-repair/src/python/core/../../../results/2015-august/Lang/17/Genprog/result
cd /tmp/lang_17_Genprog;export JAVA_TOOL_OPTIONS=-Dfile.encoding=UTF8;TZ="America/New_York"; export TZexport PATH="/usr/lib/jvm/java-1.7.0-openjdk-amd64/bin/:$PATH";time java  -cp /home/tdurieux/defects4j-repair/src/python/core/../../..//libs/astor.jar fr.inria.main.evolution.MainjGenProg -mode statement -location . -dependencies lib/ -failing org.apache.commons.lang3.StringEscapeUtilsTest: -package org.apache.commons -jvm4testexecution /usr/lib/jvm/java-1.7.0-openjdk-amd64/bin/ -javacompliancelevel 5 -maxgen 1000000 -seed 10 -maxtime 60  -scope local  -stopfirst true -flthreshold 0.1 -population 1 -srcjavafolder src/main/java/ -srctestfolder src/test/java/ -binjavafolder target/classes/ -bintestfolder target/tests/;echo "

Node: `hostname`
";echo "
Date: `date`
";rm -rf /tmp/lang_17_Genprog;

2015-08-25 00:19:34,486 INFO main - End Repair Loops: NOT Found solution
2015-08-25 00:19:34,486 INFO main - 
Number solutions:0
2015-08-25 00:19:34,486 INFO main - 
All variants:
2015-08-25 00:19:34,486 INFO main - f 2.0, [Variant id: 1553, #gens: 19, #ops: 0, parent:-]
2015-08-25 00:19:34,486 INFO main - --Space: LOCAL
org.apache.commons.lang3.concurrent.ConcurrentUtils=45|,org.apache.commons.lang3.event.EventListenerSupport=35|,
2015-08-25 00:19:34,486 INFO main - 
----stats: 
2015-08-25 00:19:34,486 INFO main - 
spaces navigation: [51]: {(CtAssignmentImpl| size: 4| notcompiles| LOCAL| REPLACE) =12, (CtReturnImpl| size: 6| notcompiles| LOCAL| REPLACE) =2, (CtInvocationImpl| size: 35| notcompiles| LOCAL| INSERT_AFTER) =124, (CtReturnImpl| size: 35| notcompiles| LOCAL| INSERT_BEFORE) =20, (CtReturnImpl| size: 19| compiles| LOCAL| REPLACE) =5, (CtReturnImpl| size: 35| notcompiles| LOCAL| INSERT_AFTER) =15, (CtInvocationImpl| size: 35| notcompiles| LOCAL| INSERT_BEFORE) =117, (CtForEachImpl| size: 35| alreadyanalyzed| LOCAL| INSERT_AFTER) =298, (CtAssignmentImpl| size: 35| notcompiles| LOCAL| INSERT_AFTER) =51, (CtReturnImpl| size: 45| alreadyanalyzed| LOCAL| INSERT_BEFORE) =276, (CtReturnImpl| size: 35| compiles| LOCAL| INSERT_AFTER) =8, (CtForEachImpl| size: 2| compiles| LOCAL| REPLACE) =1, (CtLocalVariableImpl| size: 35| notcompiles| LOCAL| INSERT_BEFORE) =86, (CtInvocationImpl| size: 35| compiles| LOCAL| INSERT_AFTER) =89, (CtAssignmentImpl| size: 35| compiles| LOCAL| INSERT_AFTER) =48, (CtReturnImpl| size: 35| compiles| LOCAL| INSERT_BEFORE) =11, (CtForEachImpl| size: 35| compiles| LOCAL| INSERT_BEFORE) =11, (CtAssignmentImpl| size: 35| compiles| LOCAL| INSERT_BEFORE) =44, (CtReturnImpl| size: 6| alreadyanalyzed| LOCAL| REPLACE) =69, (CtInvocationImpl| size: 18| compiles| LOCAL| REPLACE) =24, (CtAssignmentImpl| size: 35| alreadyanalyzed| LOCAL| INSERT_BEFORE) =528, (CtForEachImpl| size: 35| compiles| LOCAL| INSERT_AFTER) =11, (CtAssignmentImpl| size: 35| alreadyanalyzed| LOCAL| INSERT_AFTER) =976, (CtLocalVariableImpl| size: 35| compiles| LOCAL| INSERT_BEFORE) =48, (CtReturnImpl| size: 35| alreadyanalyzed| LOCAL| INSERT_BEFORE) =238, (CtReturnImpl| size: 45| compiles| LOCAL| INSERT_BEFORE) =12, (CtLocalVariableImpl| size: 5| compiles| LOCAL| REPLACE) =20, (CtLocalVariableImpl| size: 35| compiles| LOCAL| INSERT_AFTER) =50, (CtAssignmentImpl| size: 35| notcompiles| LOCAL| INSERT_BEFORE) =48, (CtInvocationImpl| size: 18| notcompiles| LOCAL| REPLACE) =84, (CtInvocationImpl| size: 35| compiles| LOCAL| INSERT_BEFORE) =81, (CtAssignmentImpl| size: 4| alreadyanalyzed| LOCAL| REPLACE) =300, (CtReturnImpl| size: 45| compiles| LOCAL| INSERT_AFTER) =10, (CtInvocationImpl| size: 35| alreadyanalyzed| LOCAL| INSERT_AFTER) =2015, (CtLocalVariableImpl| size: 5| alreadyanalyzed| LOCAL| REPLACE) =378, (CtForEachImpl| size: 2| alreadyanalyzed| LOCAL| REPLACE) =44, (CtReturnImpl| size: 6| compiles| LOCAL| REPLACE) =3, (CtReturnImpl| size: 19| notcompiles| LOCAL| REPLACE) =7, (CtForEachImpl| size: 35| notcompiles| LOCAL| INSERT_AFTER) =20, (CtInvocationImpl| size: 35| alreadyanalyzed| LOCAL| INSERT_BEFORE) =1829, (CtForEachImpl| size: 35| notcompiles| LOCAL| INSERT_BEFORE) =20, (CtReturnImpl| size: 45| notcompiles| LOCAL| INSERT_BEFORE) =22, (CtReturnImpl| size: 45| notcompiles| LOCAL| INSERT_AFTER) =22, (CtReturnImpl| size: 45| alreadyanalyzed| LOCAL| INSERT_AFTER) =89, (CtReturnImpl| size: 35| alreadyanalyzed| LOCAL| INSERT_AFTER) =29, (CtLocalVariableImpl| size: 35| notcompiles| LOCAL| INSERT_AFTER) =96, (CtLocalVariableImpl| size: 35| alreadyanalyzed| LOCAL| INSERT_AFTER) =1771, (CtReturnImpl| size: 19| alreadyanalyzed| LOCAL| REPLACE) =263, (CtInvocationImpl| size: 18| alreadyanalyzed| LOCAL| REPLACE) =1703, (CtForEachImpl| size: 35| alreadyanalyzed| LOCAL| INSERT_BEFORE) =482, (CtLocalVariableImpl| size: 35| alreadyanalyzed| LOCAL| INSERT_BEFORE) =1926}
#gen: 776
#patches: 0
#RightCompilation: 325
#WrongCompilation: 451
#FailingTestCaseExecution: 326
#RegressionTestExecution: 326
#TestcasesExecutedval1: 6520
#TestcasesExecutedval2: 620378
#FailingTestCase: 20
#RegressionTestCases: 1903
#OfAppliedOp: 776
#NotAppliedOp: 0
#InmutatedGen: 542
#unfinishValidation: 0
#ing {CtLocalVariableImpl=379, CtForEachImpl=81, CtAssignmentImpl=255, CtReturnImpl=112, CtInvocationImpl=491}
#untilcompile {1=102, 2=63, 3=39, 4=35, 5=32, 6=15, 276=1, 7=16, 8=17, 128=1, 9=7, 10=8, 11=5, 12=8, 132=1, 13=8, 14=7, 15=4, 17=8, 16=2, 19=10, 18=10, 21=4, 20=6, 158=1, 23=7, 159=1, 22=4, 25=4, 24=3, 27=1, 26=2, 29=3, 28=4, 31=2, 30=1, 34=2, 35=29, 169=1, 32=3, 168=1, 33=2, 38=4, 39=3, 36=9, 37=7, 42=3, 43=1, 40=6, 41=3, 46=3, 47=1, 44=3, 164=1, 45=3, 51=1, 50=1, 49=1, 48=2, 54=5, 53=2, 52=3, 58=1, 57=3, 180=1, 61=1, 204=1, 70=8, 71=1, 201=1, 200=1, 66=2, 76=1, 77=2, 72=1, 74=2, 75=3, 222=1, 86=1, 80=2, 92=1, 214=1, 88=3, 102=1, 110=1, 230=1, 108=1, 109=1, 107=1, 104=1, 225=1, 105=3, 119=1, 115=2, 114=1, 112=1, 123=5}
2015-08-25 00:19:34,487 INFO main - Time Evolution(ms): 3663328
2015-08-25 00:19:34,487 INFO fr.inria.main.AbstractMain - Time Total(ms): 3699377


Node: griffon-14.nancy.grid5000.fr


Date: Tue Aug 25 02:19:34 CEST 2015


