Running ant (compile)...................................................... OK
Running ant (compile.tests)................................................ OK
mkdir: cannot create directory ‘lib/’: File exists
cp: cannot stat ‘/home/tdurieux/defects4j/framework/projects/Closure/lib/*’: No such file or directory
Picked up JAVA_TOOL_OPTIONS: -Dfile.encoding=UTF8
xxl.java.compiler.DynamicCompilationException: Aborting: dynamic compilation failed
	at xxl.java.compiler.DynamicClassCompiler.runCompilationTask(DynamicClassCompiler.java:88)
	at xxl.java.compiler.DynamicClassCompiler.javaBytecodeFor(DynamicClassCompiler.java:56)
	at fr.inria.lille.commons.spoon.SpoonedFile.compilationFor(SpoonedFile.java:177)
	at fr.inria.lille.commons.spoon.SpoonedFile.compileModelledClasses(SpoonedFile.java:154)
	at fr.inria.lille.commons.spoon.SpoonedFile.processModelledClasses(SpoonedFile.java:138)
	at fr.inria.lille.commons.spoon.SpoonedFile.process(SpoonedFile.java:128)
	at fr.inria.lille.commons.spoon.SpoonedFile.processedAndDumpedToClassLoader(SpoonedFile.java:119)
	at fr.inria.lille.commons.spoon.SpoonedFile.processedAndDumpedToClassLoader(SpoonedFile.java:115)
	at fr.inria.lille.repair.nopol.synth.brutpol.BrutSynthesizer.buildPatch(BrutSynthesizer.java:73)
	at fr.inria.lille.repair.nopol.NoPol.solveWithMultipleBuild(NoPol.java:185)
	at fr.inria.lille.repair.nopol.NoPol.build(NoPol.java:119)
	at fr.inria.lille.repair.nopol.NoPol.build(NoPol.java:89)
	at fr.inria.lille.repair.nopol.NoPolLauncher.launch(NoPolLauncher.java:84)
	at fr.inria.lille.repair.Main.main(Main.java:61)
May 16, 2016 7:33:20 PM com.google.javascript.jscomp.LoggerErrorManager println
SEVERE: i0:1: ERROR - Parse error. missing { before function body
var foo = {bar: function(e) }
                            ^

May 16, 2016 7:33:20 PM com.google.javascript.jscomp.LoggerErrorManager println
SEVERE: i0:1: ERROR - Parse error. missing } after property list
var foo = {bar: function(e) }
                            ^

May 16, 2016 7:33:20 PM com.google.javascript.jscomp.LoggerErrorManager printSummary
WARNING: 2 error(s), 0 warning(s)
May 16, 2016 7:33:30 PM com.google.javascript.jscomp.LoggerErrorManager println
WARNING: testcode:2: WARNING - assignment to property A of enum{E}
found   : number
required: string
 @export */ var E = {A:8, B:9};goog.exportSymbol('E', E);
                     ^

May 16, 2016 7:33:30 PM com.google.javascript.jscomp.LoggerErrorManager println
WARNING: testcode:2: WARNING - assignment to property B of enum{E}
found   : number
required: string
 @export */ var E = {A:8, B:9};goog.exportSymbol('E', E);
                          ^

May 16, 2016 7:33:30 PM com.google.javascript.jscomp.LoggerErrorManager printSummary
WARNING: 0 error(s), 2 warning(s), 100% typed
May 16, 2016 7:33:41 PM com.google.javascript.jscomp.LoggerErrorManager println
WARNING: testcode:2: WARNING - assignment to property A of enum{E}
found   : number
required: string
 @export */ var E = {A:8, B:9};goog.exportSymbol('E', E);
                     ^

May 16, 2016 7:33:41 PM com.google.javascript.jscomp.LoggerErrorManager println
WARNING: testcode:2: WARNING - assignment to property B of enum{E}
found   : number
required: string
 @export */ var E = {A:8, B:9};goog.exportSymbol('E', E);
                          ^

May 16, 2016 7:33:41 PM com.google.javascript.jscomp.LoggerErrorManager printSummary
WARNING: 0 error(s), 2 warning(s), 100% typed
May 16, 2016 7:33:42 PM com.google.javascript.jscomp.LoggerErrorManager println
SEVERE: i0:1: ERROR - Parse error. missing { before function body
var foo = {bar: function(e) }
                            ^

May 16, 2016 7:33:42 PM com.google.javascript.jscomp.LoggerErrorManager println
SEVERE: i0:1: ERROR - Parse error. missing } after property list
var foo = {bar: function(e) }
                            ^

May 16, 2016 7:33:42 PM com.google.javascript.jscomp.LoggerErrorManager printSummary
WARNING: 2 error(s), 0 warning(s)
## OAR [2016-05-16 22:24:31] Job 991117 KILLED ##
