export PATH="/home/tdurieux/defects4j/framework/bin:$PATH";export JAVA_TOOL_OPTIONS=-Dfile.encoding=UTF8;export PATH="/usr/lib/jvm/java-1.7.0-openjdk-amd64/bin/:$PATH";cp -r /home/tdurieux/projects/math/math_81 /tmp/math_81_Genprog;cd /tmp/math_81_Genprog;defects4j compile;mkdir lib/;cp -r /home/tdurieux/defects4j/framework/projects/lib/* lib/;cp -r /home/tdurieux/defects4j/framework/projects/Math/lib/* lib/;find . -type f -name "package-info.java" -delete;
/home/tdurieux/defects4j-repair/src/python/core/../../../results/2015-august/Math/81/Genprog/result
cd /tmp/math_81_Genprog;export JAVA_TOOL_OPTIONS=-Dfile.encoding=UTF8;export PATH="/usr/lib/jvm/java-1.7.0-openjdk-amd64/bin/:$PATH";time java  -cp /home/tdurieux/defects4j-repair/src/python/core/../../..//libs/astor.jar fr.inria.main.evolution.MainjGenProg -mode statement -location . -dependencies lib/ -failing org.apache.commons.math.linear.EigenDecompositionImplTest: -package org.apache.commons -jvm4testexecution /usr/lib/jvm/java-1.7.0-openjdk-amd64/bin/ -javacompliancelevel 5 -maxgen 1000000 -seed 10 -maxtime 60  -scope local  -stopfirst true -flthreshold 0.1 -population 1 -srcjavafolder src/main/java/ -srctestfolder src/test/java/ -binjavafolder target/classes/ -bintestfolder target/test-classes/;echo "

Node: `hostname`
";echo "
Date: `date`
";rm -rf /tmp/math_81_Genprog;

2015-08-24 20:11:43,138 INFO main - End Repair Loops: Found solution
2015-08-24 20:11:43,138 INFO main - Solution stored at: ./outputMutation//MainjGenProg-.//src/
2015-08-24 20:11:43,138 INFO main - 
Number solutions:1
2015-08-24 20:11:43,138 INFO main - f (sol): 0.0, [Variant id: 60 (SOL) , #gens: 365, #ops: 1, parent:59]
2015-08-24 20:11:43,138 INFO main - 
All variants:
2015-08-24 20:11:43,138 INFO main - f 1.0, [Variant id: 61, #gens: 365, #ops: 0, parent:-]
2015-08-24 20:11:43,138 INFO main - 
Solution details
2015-08-24 20:11:43,139 INFO main - 
 --SOLUTIONS DESCRIPTION--

 ----
ProgramVariant 60
 
operation: REPLACE
location= org.apache.commons.math.linear.EigenDecompositionImpl
line= 1481
original statement= b2 = (work[(nn - 5)]) / (work[(nn - 7)])
fixed statement= b2 = b2 + b1
generation= 30
ingredientScope= LOCAL
 
2015-08-24 20:11:43,139 INFO main - --Space: LOCAL
org.apache.commons.math.linear.AbstractRealMatrix=365|,org.apache.commons.math.linear.Array2DRowRealMatrix=185|,org.apache.commons.math.linear.EigenDecompositionImpl=810|,org.apache.commons.math.linear.MatrixUtils=172|,org.apache.commons.math.linear.DefaultRealMatrixPreservingVisitor=2|,
2015-08-24 20:11:43,139 INFO main - 
----stats: 
2015-08-24 20:11:43,139 INFO main - 
spaces navigation: [24]: {(CtLocalVariableImpl| size: 810| alreadyanalyzed| LOCAL| INSERT_AFTER) =1, (CtInvocationImpl| size: 810| notcompiles| LOCAL| INSERT_AFTER) =3, (CtIfImpl| size: 810| notcompiles| LOCAL| INSERT_BEFORE) =2, (CtLocalVariableImpl| size: 810| compiles| LOCAL| INSERT_AFTER) =3, (CtLocalVariableImpl| size: 205| compiles| LOCAL| REPLACE) =2, (CtSwitchImpl| size: 810| compiles| LOCAL| INSERT_AFTER) =1, (CtReturnImpl| size: 27| notcompiles| LOCAL| REPLACE) =3, (CtOperatorAssignmentImpl| size: 810| compiles| LOCAL| INSERT_AFTER) =1, (CtLocalVariableImpl| size: 810| compiles| LOCAL| INSERT_BEFORE) =2, (CtLocalVariableImpl| size: 810| notcompiles| LOCAL| INSERT_AFTER) =8, (CtAssignmentImpl| size: 301| compiles| LOCAL| REPLACE) =2, (CtAssignmentImpl| size: 301| notcompiles| LOCAL| REPLACE) =3, (CtInvocationImpl| size: 810| compiles| LOCAL| INSERT_BEFORE) =1, (CtAssignmentImpl| size: 810| compiles| LOCAL| INSERT_BEFORE) =2, (CtIfImpl| size: 810| compiles| LOCAL| INSERT_BEFORE) =1, (CtInvocationImpl| size: 810| compiles| LOCAL| INSERT_AFTER) =2, (CtSwitchImpl| size: 810| notcompiles| LOCAL| INSERT_AFTER) =1, (CtReturnImpl| size: 27| compiles| LOCAL| REPLACE) =1, (CtIfImpl| size: 102| compiles| LOCAL| REPLACE) =1, (CtAssignmentImpl| size: 810| notcompiles| LOCAL| INSERT_AFTER) =3, (CtAssignmentImpl| size: 810| notcompiles| LOCAL| INSERT_BEFORE) =1, (CtReturnImpl| size: 27| alreadyanalyzed| LOCAL| REPLACE) =6, (CtAssignmentImpl| size: 810| compiles| LOCAL| INSERT_AFTER) =4, (CtOperatorAssignmentImpl| size: 810| compiles| LOCAL| INSERT_BEFORE) =1}
#gen: 30
#patches: 1
#RightCompilation: 14
#WrongCompilation: 16
#FailingTestCaseExecution: 15
#RegressionTestExecution: 1
#TestcasesExecutedval1: 255
#TestcasesExecutedval2: 1993
#FailingTestCase: 17
#RegressionTestCases: 1993
#OfAppliedOp: 30
#NotAppliedOp: 0
#InmutatedGen: 0
#unfinishValidation: 0
#ing {CtLocalVariableImpl=8, CtSwitchImpl=1, CtAssignmentImpl=11, CtReturnImpl=1, CtOperatorAssignmentImpl=2, CtInvocationImpl=3, CtBreakImpl=1, CtIfImpl=3}
#untilcompile {1=14, 2=3, 3=2, 4=2, 5=1, 6=1, 10=1}
2015-08-24 20:11:43,139 INFO main - Time Evolution(ms): 25318
2015-08-24 20:11:43,139 INFO fr.inria.main.AbstractMain - Time Total(ms): 62489


Node: griffon-58.nancy.grid5000.fr


Date: Mon Aug 24 22:11:43 CEST 2015


