cd /tmp/time_14_Brutpol;export JAVA_TOOL_OPTIONS=-Dfile.encoding=UTF8;TZ="America/New_York"; export TZexport PATH="/usr/lib/jvm/java-1.7.0-openjdk-amd64/bin/:$PATH";cp -r /home/tdurieux/dynamoth-experiments/src/python/core/../../../libs/z3 lib/z3;time java -d64 -Xmx4g -Xms1g -XX:MaxPermSize=1024m -XX:+UseConcMarkSweepGC -XX:+CMSPermGenSweepingEnabled -XX:+CMSClassUnloadingEnabled -cp /home/tdurieux/dynamoth-experiments/src/python/core/../../..//libs/nopol.jar:/usr/lib/jvm/java-1.7.0-openjdk-amd64/bin//../lib/tools.jar fr.inria.lille.repair.Main --flocal gzoltar  --maxTime 300  --json  --mode repair --type pre_then_cond --oracle angelic --synthesis dynamoth --solver z3 --solver-path /home/tdurieux/dynamoth-experiments/src/python/core/../../..//libs/z3/z3 --complianceLevel 5 --source /tmp/time_14_Brutpol/src/main/java/ --classpath /tmp/time_14_Brutpol/build/classes/:/tmp/time_14_Brutpol/build/tests/:/tmp/time_14_Brutpol/lib/joda-convert-1.2.jar:/home/tdurieux/dynamoth-experiments/src/python/core/../../..//libs/nopol.jar;echo "

Node: `hostname`
";echo "
Date: `date`
";

12:55:31.123 [pool-2-thread-1] INFO  fr.inria.lille.repair.nopol.NoPol - Nb classes : 156
12:55:31.124 [pool-2-thread-1] INFO  fr.inria.lille.repair.nopol.NoPol - Nb methods : 2872
12:55:31.124 [pool-2-thread-1] INFO  fr.inria.lille.repair.nopol.NoPol - Nb Statements Analyzed : 4
12:55:31.124 [pool-2-thread-1] INFO  fr.inria.lille.repair.nopol.NoPol - Nb Statements with Angelic Value Found : 1
12:55:31.124 [pool-2-thread-1] INFO  fr.inria.lille.repair.nopol.NoPol - NoPol Execution time : 60924ms
12:55:31.124 [pool-2-thread-1] INFO  fr.inria.lille.repair.nopol.NoPol - ----PATCH FOUND----
12:55:31.124 [pool-2-thread-1] INFO  fr.inria.lille.repair.nopol.NoPol - partial.getValue((int) 1) <= this.iMax
12:55:31.518 [pool-2-thread-1] INFO  fr.inria.lille.repair.nopol.NoPol - Nb test that executes the patch: 63
12:55:31.519 [pool-2-thread-1] INFO  fr.inria.lille.repair.nopol.NoPol - org.joda.time.chrono.BasicMonthOfYearDateTimeField:210: CONDITIONAL
12:55:31.539 [pool-2-thread-1] INFO  fr.inria.lille.repair.nopol.NoPol - --- /tmp/time_14_Brutpol/src/main/java/org/joda/time/chrono/BasicMonthOfYearDateTimeField.java
+++ /tmp/time_14_Brutpol/src/main/java/org/joda/time/chrono/BasicMonthOfYearDateTimeField.java
@@ -209,3 +209,3 @@
             // month is largest field and being added to, such as month-day
-        if (DateTimeUtils.isContiguous(partial)) {
+        if (partial.getValue((int) 1) <= this.iMax) {
             long instant = 0L;



Node: griffon-22.nancy.grid5000.fr


Date: Sat Mar  4 13:55:32 CET 2017


