Running ant (compile)...................................................... OK
Running ant (compile.tests)................................................ OK
Picked up JAVA_TOOL_OPTIONS: -Dfile.encoding=UTF8
java.lang.RuntimeException: java.util.concurrent.TimeoutException
	at xxl.java.junit.TestSuiteExecution.executionResult(TestSuiteExecution.java:97)
	at xxl.java.junit.TestSuiteExecution.runTestCase(TestSuiteExecution.java:36)
	at xxl.java.junit.TestSuiteExecution.runTestCases(TestSuiteExecution.java:81)
	at fr.inria.lille.repair.nopol.synth.ConstraintModelBuilder.buildFor(ConstraintModelBuilder.java:82)
	at fr.inria.lille.repair.nopol.synth.DefaultSynthesizer.buildPatch(DefaultSynthesizer.java:67)
	at fr.inria.lille.repair.nopol.NoPol.solveWithMultipleBuild(NoPol.java:185)
	at fr.inria.lille.repair.nopol.NoPol.build(NoPol.java:119)
	at fr.inria.lille.repair.nopol.NoPol.build(NoPol.java:89)
	at fr.inria.lille.repair.nopol.NoPolLauncher.launch(NoPolLauncher.java:84)
	at fr.inria.lille.repair.Main.main(Main.java:61)
Caused by: java.util.concurrent.TimeoutException
	at java.util.concurrent.FutureTask.get(FutureTask.java:201)
	at xxl.java.junit.TestSuiteExecution.executionResult(TestSuiteExecution.java:90)
	... 9 more
Exception in thread "main" java.lang.OutOfMemoryError: GC overhead limit exceeded
	at java.util.Arrays.copyOf(Arrays.java:2367)
	at java.lang.AbstractStringBuilder.expandCapacity(AbstractStringBuilder.java:130)
	at java.lang.AbstractStringBuilder.ensureCapacityInternal(AbstractStringBuilder.java:114)
	at java.lang.AbstractStringBuilder.append(AbstractStringBuilder.java:415)
	at java.lang.StringBuilder.append(StringBuilder.java:132)
	at spoon.support.reflect.reference.CtTypeReferenceImpl.getQualifiedName(CtTypeReferenceImpl.java:181)
	at spoon.support.visitor.SignaturePrinter.visitCtMethod(SignaturePrinter.java:129)
	at spoon.support.visitor.EqualVisitor.visitCtMethod(EqualVisitor.java:434)
	at spoon.support.reflect.declaration.CtMethodImpl.accept(CtMethodImpl.java:60)
	at spoon.reflect.visitor.CtScanner.scan(CtScanner.java:146)
	at spoon.support.reflect.declaration.CtElementImpl.getDeepRepresentation(CtElementImpl.java:188)
	at spoon.support.reflect.declaration.CtElementImpl.equals(CtElementImpl.java:200)
	at spoon.support.reflect.declaration.CtTypeImpl.addMethod(CtTypeImpl.java:429)
	at spoon.support.compiler.jdt.ParentExiter.scanCtType(ParentExiter.java:151)
	at spoon.reflect.visitor.CtInheritanceScanner.visitCtClass(CtInheritanceScanner.java:456)
	at spoon.support.compiler.jdt.ParentExiter.visitCtClass(ParentExiter.java:297)
	at spoon.support.reflect.declaration.CtClassImpl.accept(CtClassImpl.java:58)
	at spoon.reflect.visitor.CtInheritanceScanner.scan(CtInheritanceScanner.java:167)
	at spoon.support.compiler.jdt.JDTTreeBuilder$BuilderContext.exit(JDTTreeBuilder.java:372)
	at spoon.support.compiler.jdt.JDTTreeBuilder.endVisit(JDTTreeBuilder.java:1719)
	at org.eclipse.jdt.internal.compiler.ast.MethodDeclaration.traverse(MethodDeclaration.java:360)
	at spoon.support.compiler.jdt.JDTTreeBuilder.visit(JDTTreeBuilder.java:3800)
	at org.eclipse.jdt.internal.compiler.ast.TypeDeclaration.traverse(TypeDeclaration.java:1319)
	at org.eclipse.jdt.internal.compiler.ast.CompilationUnitDeclaration.traverse(CompilationUnitDeclaration.java:748)
	at org.eclipse.jdt.internal.compiler.ast.CompilationUnitDeclaration.traverse(CompilationUnitDeclaration.java:709)
	at spoon.support.compiler.jdt.JDTBasedSpoonCompiler.buildSources(JDTBasedSpoonCompiler.java:436)
	at spoon.support.compiler.jdt.JDTBasedSpoonCompiler.build(JDTBasedSpoonCompiler.java:124)
	at spoon.support.compiler.jdt.JDTBasedSpoonCompiler.build(JDTBasedSpoonCompiler.java:107)
	at fr.inria.lille.commons.spoon.util.SpoonModelLibrary.modelFor(SpoonModelLibrary.java:44)
	at fr.inria.lille.commons.spoon.SpoonedFile.<init>(SpoonedFile.java:50)
	at fr.inria.lille.commons.spoon.SpoonedClass.<init>(SpoonedClass.java:13)
	at fr.inria.lille.commons.spoon.SpoonedProject.forked(SpoonedProject.java:42)

real	39m5.074s
user	289m2.340s
sys	0m56.828s
