cd /tmp/math_57_Brutpol;export JAVA_TOOL_OPTIONS=-Dfile.encoding=UTF8;TZ="America/New_York"; export TZexport PATH="/usr/lib/jvm/java-1.7.0-openjdk-amd64/bin/:$PATH";cp -r /home/tdurieux/dynamoth-experiments/src/python/core/../../../libs/z3 lib/z3;time java -d64 -Xmx4g -Xms1g -XX:MaxPermSize=1024m -XX:+UseConcMarkSweepGC -XX:+CMSPermGenSweepingEnabled -XX:+CMSClassUnloadingEnabled -cp /home/tdurieux/dynamoth-experiments/src/python/core/../../..//libs/nopol.jar:/usr/lib/jvm/java-1.7.0-openjdk-amd64/bin//../lib/tools.jar fr.inria.lille.repair.Main --flocal gzoltar  --maxTime 300  --json  --mode repair --type pre_then_cond --oracle angelic --synthesis dynamoth --solver z3 --solver-path /home/tdurieux/dynamoth-experiments/src/python/core/../../..//libs/z3/z3 --complianceLevel 5 --source /tmp/math_57_Brutpol/src/main/java/ --classpath /tmp/math_57_Brutpol/target/classes/:/tmp/math_57_Brutpol/target/test-classes/:/tmp/math_57_Brutpol/lib/commons-discovery-0.5.jar:/home/tdurieux/dynamoth-experiments/src/python/core/../../..//libs/nopol.jar;echo "

Node: `hostname`
";echo "
Date: `date`
";

16:28:22.784 [pool-2-thread-1] INFO  fr.inria.lille.repair.nopol.NoPol - Nb classes : 500
16:28:22.785 [pool-2-thread-1] INFO  fr.inria.lille.repair.nopol.NoPol - Nb methods : 3199
16:28:22.785 [pool-2-thread-1] INFO  fr.inria.lille.repair.nopol.NoPol - Nb Statements Analyzed : 21
16:28:22.785 [pool-2-thread-1] INFO  fr.inria.lille.repair.nopol.NoPol - Nb Statements with Angelic Value Found : 2
16:28:22.785 [pool-2-thread-1] INFO  fr.inria.lille.repair.nopol.NoPol - NoPol Execution time : 253132ms
16:28:22.785 [pool-2-thread-1] INFO  fr.inria.lille.repair.nopol.NoPol - ----PATCH FOUND----
16:28:22.785 [pool-2-thread-1] INFO  fr.inria.lille.repair.nopol.NoPol - otherPoint.length != 1
16:28:22.889 [pool-2-thread-1] INFO  fr.inria.lille.repair.nopol.NoPol - Nb test that executes the patch: 5
16:28:22.889 [pool-2-thread-1] INFO  fr.inria.lille.repair.nopol.NoPol - org.apache.commons.math.stat.clustering.EuclideanIntegerPoint:85: PRECONDITION
16:28:22.902 [pool-2-thread-1] INFO  fr.inria.lille.repair.nopol.NoPol - --- /tmp/math_57_Brutpol/src/main/java/org/apache/commons/math/stat/clustering/EuclideanIntegerPoint.java
+++ /tmp/math_57_Brutpol/src/main/java/org/apache/commons/math/stat/clustering/EuclideanIntegerPoint.java
@@ -84,4 +84,6 @@
         for (int i = 0; i < point.length; i++) {
-            if (point[i] != otherPoint[i]) {
-                return false;
+            if (otherPoint.length != 1) {
+                if (point[i] != otherPoint[i]) {
+                    return false;
+                }
             }



Node: griffon-19.nancy.grid5000.fr


Date: Sat Mar  4 17:28:23 CET 2017


