/tmp/closure_117_NopolPC
export PATH="/home/tdurieux/defects4j/framework/bin:$PATH";export JAVA_TOOL_OPTIONS=-Dfile.encoding=UTF8;export PATH="/usr/lib/jvm/java-1.7.0-openjdk-amd64/bin/:$PATH";cd /home/tdurieux/projects/closure/closure_117;defects4j compile;cp -r /home/tdurieux/projects/closure/closure_117 /tmp/closure_117_NopolPC;cd /tmp/closure_117_NopolPC;mkdir lib/;cp -r /home/tdurieux/defects4j/framework/projects/lib/* lib/;cp -r /home/tdurieux/defects4j/framework/projects/Closure/lib/* lib/;find . -type f -name "package-info.java" -delete;
cd /tmp/closure_117_NopolPC;export JAVA_TOOL_OPTIONS=-Dfile.encoding=UTF8;export PATH="/usr/lib/jvm/java-1.7.0-openjdk-amd64/bin/:$PATH";cp -r /home/tdurieux/defects4j-repair/src/python/core/../../../libs/z3 lib/z3;time java -Xmx4096m -cp /home/tdurieux/defects4j-repair/src/python/core/../../..//libs/nopol.jar:/usr/lib/jvm/java-1.7.0-openjdk-amd64/bin//../lib/tools.jar fr.inria.lille.repair.Main --mode repair --type precondition --oracle angelic --synthesis smt --solver z3 --solver-path /home/tdurieux/defects4j-repair/src/python/core/../../..//libs/z3/z3 --complianceLevel 6 --source /tmp/closure_117_NopolPC/src/ --classpath /tmp/closure_117_NopolPC/build/classes:/tmp/closure_117_NopolPC/build/test:/tmp/closure_117_NopolPC/build/lib/rhino.jar:/tmp/closure_117_NopolPC/lib/ant.jar:/tmp/closure_117_NopolPC/lib/ant-launcher.jar:/tmp/closure_117_NopolPC/lib/args4j.jar:/tmp/closure_117_NopolPC/lib/guava.jar:/tmp/closure_117_NopolPC/lib/jarjar.jar:/tmp/closure_117_NopolPC/lib/json.jar:/tmp/closure_117_NopolPC/lib/jsr305.jar:/tmp/closure_117_NopolPC/lib/junit.jar:/tmp/closure_117_NopolPC/lib/caja-r4314.jar:/tmp/closure_117_NopolPC/lib/protobuf-java.jar:/home/tdurieux/defects4j-repair/src/python/core/../../..//libs/nopol.jar;echo "

Node: `hostname`
";echo "
Date: `date`
";rm -rf /tmp/closure_117_NopolPC;

Nb classes : 429
Nb methods : 5060
Nb statement executed by the passing tests of the patched line: 0
Nb statement executed by the failing tests of the patched line: 0
Nb statements: 45576
Nb unit tests : 8278
Nb Statements Analyzed : 3
Nb Statements with Angelic Value Found : 0
Nb inputs in SMT : 0
Nb SMT level: 0
Nb variables in SMT : 0
Nb run failing test  : []
Nb run passing test : []
NoPol Execution time : 827436ms


Node: grisou-2.nancy.grid5000.fr


Date: Mon May 16 20:53:58 CEST 2016


