export PATH="/home/tdurieux/defects4j/framework/bin:$PATH";export JAVA_TOOL_OPTIONS=-Dfile.encoding=UTF8;export PATH="/usr/lib/jvm/java-1.7.0-openjdk-amd64/bin/:$PATH";cp -r /home/tdurieux/projects/math/math_71 /tmp/math_71_Genprog;cd /tmp/math_71_Genprog;defects4j compile;mkdir lib/;cp -r /home/tdurieux/defects4j/framework/projects/lib/* lib/;cp -r /home/tdurieux/defects4j/framework/projects/Math/lib/* lib/;find . -type f -name "package-info.java" -delete;
/home/tdurieux/defects4j-repair/src/python/core/../../../results/2015-august/Math/71/Genprog/result
cd /tmp/math_71_Genprog;export JAVA_TOOL_OPTIONS=-Dfile.encoding=UTF8;export PATH="/usr/lib/jvm/java-1.7.0-openjdk-amd64/bin/:$PATH";time java  -cp /home/tdurieux/defects4j-repair/src/python/core/../../..//libs/astor.jar fr.inria.main.evolution.MainjGenProg -mode statement -location . -dependencies lib/ -failing org.apache.commons.math.ode.nonstiff.ClassicalRungeKuttaIntegratorTest:org.apache.commons.math.ode.nonstiff.DormandPrince853IntegratorTest: -package org.apache.commons -jvm4testexecution /usr/lib/jvm/java-1.7.0-openjdk-amd64/bin/ -javacompliancelevel 5 -maxgen 1000000 -seed 10 -maxtime 60  -scope local  -stopfirst true -flthreshold 0.1 -population 1 -srcjavafolder src/main/java/ -srctestfolder src/test/java/ -binjavafolder target/classes/ -bintestfolder target/test-classes/;echo "

Node: `hostname`
";echo "
Date: `date`
";rm -rf /tmp/math_71_Genprog;

2015-08-24 21:12:40,982 INFO main - End Repair Loops: Found solution
2015-08-24 21:12:40,982 INFO main - Solution stored at: ./outputMutation//MainjGenProg-.//src/
2015-08-24 21:12:40,982 INFO main - 
Number solutions:1
2015-08-24 21:12:40,982 INFO main - f (sol): 0.0, [Variant id: 16 (SOL) , #gens: 290, #ops: 1, parent:15]
2015-08-24 21:12:40,982 INFO main - 
All variants:
2015-08-24 21:12:40,982 INFO main - f 2.0, [Variant id: 17, #gens: 289, #ops: 0, parent:-]
2015-08-24 21:12:40,982 INFO main - 
Solution details
2015-08-24 21:12:40,982 INFO main - 
 --SOLUTIONS DESCRIPTION--

 ----
ProgramVariant 16
 
operation: INSERT_AFTER
location= org.apache.commons.math.ode.events.EventState
line= 214
original statement= final org.apache.commons.math.analysis.UnivariateRealFunction f = new org.apache.commons.math.analysis.UnivariateRealFunction() {
	public double value(final double t) throws org.apache.commons.math.FunctionEvaluationException {
		try {
			interpolator.setInterpolatedTime(t);
			return handler.g(t, interpolator.getInterpolatedState());
		} catch (org.apache.commons.math.ode.DerivativeException e) {
			throw new org.apache.commons.math.FunctionEvaluationException(e , t);
		} catch (org.apache.commons.math.ode.events.EventException e) {
			throw new org.apache.commons.math.FunctionEvaluationException(e , t);
		}
	}
}
fixed statement= if ((pendingEvent) && ((java.lang.Math.abs((t1 - (pendingEventTime)))) <= (convergence))) {
	return false;
} 
generation= 8
ingredientScope= LOCAL
 
2015-08-24 21:12:40,982 INFO main - --Space: LOCAL
org.apache.commons.math.ode.sampling.AbstractStepInterpolator=105|,org.apache.commons.math.ode.nonstiff.DormandPrince853Integrator=18|,org.apache.commons.math.ode.nonstiff.EmbeddedRungeKuttaIntegrator=113|,org.apache.commons.math.ConvergingAlgorithmImpl=18|,org.apache.commons.math.ode.nonstiff.RungeKuttaIntegrator=70|,org.apache.commons.math.analysis.solvers.UnivariateRealSolverImpl=41|,org.apache.commons.math.analysis.solvers.BrentSolver=102|,org.apache.commons.math.ode.nonstiff.AdaptiveStepsizeIntegrator=75|,org.apache.commons.math.ode.sampling.DummyStepInterpolator=20|,org.apache.commons.math.ode.AbstractIntegrator=46|,org.apache.commons.math.ode.events.CombinedEventsManager=54|,org.apache.commons.math.ode.events.EventState=89|,
2015-08-24 21:12:40,982 INFO main - 
----stats: 
2015-08-24 21:12:40,982 INFO main - 
spaces navigation: [13]: {(CtAssignmentImpl| size: 105| notcompiles| LOCAL| INSERT_BEFORE) =1, (CtLocalVariableImpl| size: 18| compiles| LOCAL| INSERT_AFTER) =1, (CtAssignmentImpl| size: 102| notcompiles| LOCAL| INSERT_BEFORE) =4, (CtLocalVariableImpl| size: 18| notcompiles| LOCAL| INSERT_AFTER) =1, (CtIfImpl| size: 22| notcompiles| LOCAL| REPLACE) =14, (CtIfImpl| size: 102| notcompiles| LOCAL| INSERT_BEFORE) =1, (CtAssignmentImpl| size: 102| compiles| LOCAL| INSERT_BEFORE) =2, (CtAssignmentImpl| size: 33| compiles| LOCAL| REPLACE) =1, (CtAssignmentImpl| size: 105| compiles| LOCAL| INSERT_BEFORE) =1, (CtIfImpl| size: 22| alreadyanalyzed| LOCAL| REPLACE) =8, (CtLocalVariableImpl| size: 89| compiles| LOCAL| INSERT_AFTER) =1, (CtLocalVariableImpl| size: 18| alreadyanalyzed| LOCAL| INSERT_AFTER) =1, (CtIfImpl| size: 102| compiles| LOCAL| INSERT_BEFORE) =1}
#gen: 8
#patches: 1
#RightCompilation: 6
#WrongCompilation: 2
#FailingTestCaseExecution: 7
#RegressionTestExecution: 1
#TestcasesExecutedval1: 114
#TestcasesExecutedval2: 2059
#FailingTestCase: 19
#RegressionTestCases: 2059
#OfAppliedOp: 8
#NotAppliedOp: 0
#InmutatedGen: 2
#unfinishValidation: 0
#ing {CtLocalVariableImpl=2, CtForEachImpl=1, CtReturnImpl=1, CtAssignmentImpl=4, CtIfImpl=2}
#untilcompile {1=2, 2=2, 3=3, 22=1}
2015-08-24 21:12:40,982 INFO main - Time Evolution(ms): 78834
2015-08-24 21:12:40,982 INFO fr.inria.main.AbstractMain - Time Total(ms): 116783


Node: griffon-77.nancy.grid5000.fr


Date: Mon Aug 24 23:12:41 CEST 2015


