/tmp/lang_46_NopolPC
export PATH="/home/tdurieux/defects4j/framework/bin:$PATH";export JAVA_TOOL_OPTIONS=-Dfile.encoding=UTF8;export PATH="/usr/lib/jvm/java-1.7.0-openjdk-amd64/bin/:$PATH";cd /home/tdurieux/projects/lang/lang_46;defects4j compile;cp -r /home/tdurieux/projects/lang/lang_46 /tmp/lang_46_NopolPC;cd /tmp/lang_46_NopolPC;mkdir lib/;cp -r /home/tdurieux/defects4j/framework/projects/lib/* lib/;cp -r /home/tdurieux/defects4j/framework/projects/Lang/lib/* lib/;find . -type f -name "package-info.java" -delete;
cd /tmp/lang_46_NopolPC;export JAVA_TOOL_OPTIONS=-Dfile.encoding=UTF8;export PATH="/usr/lib/jvm/java-1.7.0-openjdk-amd64/bin/:$PATH";TZ="America/New_York"; export TZ;cp -r /home/tdurieux/defects4j-repair/src/python/core/../../../libs/z3 lib/z3;time java -Xmx8192m -cp /home/tdurieux/defects4j-repair/src/python/core/../../..//libs/nopol.jar:/usr/lib/jvm/java-1.7.0-openjdk-amd64/bin//../lib/tools.jar fr.inria.lille.repair.Main --mode repair --type precondition --oracle angelic --synthesis smt --solver z3 --solver-path /home/tdurieux/defects4j-repair/src/python/core/../../..//libs/z3/z3 --complianceLevel 3 --source src/java/ --classpath target/classes/:target/tests/:lib/asm.jar:lib/cglib.jar:lib/commons-io.jar:lib/easymock.jar:/home/tdurieux/defects4j-repair/src/python/core/../../..//libs/nopol.jar;echo "

Node: `hostname`
";echo "
Date: `date`
";rm -rf /tmp/lang_46_NopolPC;

Nb classes : 80
Nb methods : 1817
Nb statement executed by the passing tests of the patched line: 0
Nb statement executed by the failing tests of the patched line: 0
Nb statements: 8970
Nb unit tests : 1829
Nb Statements Analyzed : 3
Nb Statements with Angelic Value Found : 1
Nb inputs in SMT : 2
Nb SMT level: 1
Nb SMT components: [0] []
Nb variables in SMT : 17
Nb run failing test  : [2, 2, 1]
Nb run passing test : [1, 1, 6]
NoPol Execution time : 55031ms
----PATCH FOUND----
org.apache.commons.lang.StringEscapeUtils:244: PRECONDITION escapeSingleQuote


Node: griffon-18.nancy.grid5000.fr


Date: Mon May  9 23:31:54 EDT 2016


