export PATH="/home/tdurieux/defects4j/framework/bin:$PATH";export JAVA_TOOL_OPTIONS=-Dfile.encoding=UTF8;export PATH="/usr/lib/jvm/java-1.7.0-openjdk-amd64/bin/:$PATH";cp -r /home/tdurieux/projects/math/math_53 /tmp/math_53_Genprog;cd /tmp/math_53_Genprog;defects4j compile;mkdir lib/;cp -r /home/tdurieux/defects4j/framework/projects/lib/* lib/;cp -r /home/tdurieux/defects4j/framework/projects/Math/lib/* lib/;find . -type f -name "package-info.java" -delete;
/home/tdurieux/defects4j-repair/src/python/core/../../../results/2015-august/Math/53/Genprog/result
cd /tmp/math_53_Genprog;export JAVA_TOOL_OPTIONS=-Dfile.encoding=UTF8;export PATH="/usr/lib/jvm/java-1.7.0-openjdk-amd64/bin/:$PATH";time java  -cp /home/tdurieux/defects4j-repair/src/python/core/../../..//libs/astor.jar fr.inria.main.evolution.MainjGenProg -mode statement -location . -dependencies lib/ -failing org.apache.commons.math.complex.ComplexTest: -package org.apache.commons -jvm4testexecution /usr/lib/jvm/java-1.7.0-openjdk-amd64/bin/ -javacompliancelevel 5 -maxgen 1000000 -seed 10 -maxtime 60  -scope local  -stopfirst true -flthreshold 0.1 -population 1 -srcjavafolder src/main/java/ -srctestfolder src/test/java/ -binjavafolder target/classes/ -bintestfolder target/test-classes/;echo "

Node: `hostname`
";echo "
Date: `date`
";rm -rf /tmp/math_53_Genprog;

2015-08-24 21:16:15,621 INFO main - End Repair Loops: Found solution
2015-08-24 21:16:15,621 INFO main - Solution stored at: ./outputMutation//MainjGenProg-.//src/
2015-08-24 21:16:15,621 INFO main - 
Number solutions:1
2015-08-24 21:16:15,621 INFO main - f (sol): 0.0, [Variant id: 384 (SOL) , #gens: 5, #ops: 1, parent:383]
2015-08-24 21:16:15,621 INFO main - 
All variants:
2015-08-24 21:16:15,621 INFO main - f 1.0, [Variant id: 385, #gens: 4, #ops: 0, parent:-]
2015-08-24 21:16:15,621 INFO main - 
Solution details
2015-08-24 21:16:15,621 INFO main - 
 --SOLUTIONS DESCRIPTION--

 ----
ProgramVariant 384
 
operation: INSERT_BEFORE
location= org.apache.commons.math.complex.Complex
line= 153
original statement= return createComplex(((real) + (rhs.getReal())), ((imaginary) + (rhs.getImaginary())))
fixed statement= if ((isNaN) || (rhs.isNaN)) {
	return org.apache.commons.math.complex.Complex.NaN;
} 
generation= 192
ingredientScope= LOCAL
 
2015-08-24 21:16:15,621 INFO main - --Space: LOCAL
org.apache.commons.math.complex.Complex=149|,
2015-08-24 21:16:15,621 INFO main - 
----stats: 
2015-08-24 21:16:15,621 INFO main - 
spaces navigation: [17]: {(CtInvocationImpl| size: 149| compiles| LOCAL| INSERT_BEFORE) =11, (CtInvocationImpl| size: 149| compiles| LOCAL| INSERT_AFTER) =13, (CtReturnImpl| size: 149| notcompiles| LOCAL| INSERT_BEFORE) =9, (CtInvocationImpl| size: 11| compiles| LOCAL| REPLACE) =2, (CtInvocationImpl| size: 149| notcompiles| LOCAL| INSERT_BEFORE) =2, (CtReturnImpl| size: 149| alreadyanalyzed| LOCAL| INSERT_BEFORE) =7, (CtReturnImpl| size: 149| compiles| LOCAL| INSERT_AFTER) =42, (CtReturnImpl| size: 149| compiles| LOCAL| INSERT_BEFORE) =37, (CtReturnImpl| size: 70| alreadyanalyzed| LOCAL| REPLACE) =18, (CtInvocationImpl| size: 149| notcompiles| LOCAL| INSERT_AFTER) =2, (CtReturnImpl| size: 70| compiles| LOCAL| REPLACE) =34, (CtInvocationImpl| size: 11| notcompiles| LOCAL| REPLACE) =4, (CtReturnImpl| size: 70| notcompiles| LOCAL| REPLACE) =13, (CtReturnImpl| size: 149| notcompiles| LOCAL| INSERT_AFTER) =16, (CtReturnImpl| size: 149| alreadyanalyzed| LOCAL| INSERT_AFTER) =14, (CtInvocationImpl| size: 149| alreadyanalyzed| LOCAL| INSERT_AFTER) =4, (CtInvocationImpl| size: 11| alreadyanalyzed| LOCAL| REPLACE) =167}
#gen: 192
#patches: 1
#RightCompilation: 38
#WrongCompilation: 154
#FailingTestCaseExecution: 39
#RegressionTestExecution: 1
#TestcasesExecutedval1: 3822
#TestcasesExecutedval2: 2362
#FailingTestCase: 98
#RegressionTestCases: 2362
#OfAppliedOp: 192
#NotAppliedOp: 0
#InmutatedGen: 15
#unfinishValidation: 0
#ing {CtReturnImpl=151, CtInvocationImpl=56}
#untilcompile {1=80, 2=27, 3=9, 4=7, 5=1, 6=1, 7=1, 8=1, 11=3, 12=9, 13=3}
2015-08-24 21:16:15,621 INFO main - Time Evolution(ms): 143697
2015-08-24 21:16:15,621 INFO fr.inria.main.AbstractMain - Time Total(ms): 301166


Node: griffon-15.nancy.grid5000.fr


Date: Mon Aug 24 23:16:16 CEST 2015


