Running ant (compile)...................................................... OK
Running ant (compile.tests)................................................ OK
Picked up JAVA_TOOL_OPTIONS: -Dfile.encoding=UTF8
java.lang.RuntimeException: java.util.concurrent.TimeoutException
	at xxl.java.junit.TestSuiteExecution.executionResult(TestSuiteExecution.java:97)
	at xxl.java.junit.TestSuiteExecution.runTestCase(TestSuiteExecution.java:36)
	at xxl.java.junit.TestSuiteExecution.runTestCases(TestSuiteExecution.java:81)
	at fr.inria.lille.repair.nopol.synth.ConstraintModelBuilder.buildFor(ConstraintModelBuilder.java:78)
	at fr.inria.lille.repair.nopol.synth.DefaultSynthesizer.buildPatch(DefaultSynthesizer.java:67)
	at fr.inria.lille.repair.nopol.NoPol.solveWithMultipleBuild(NoPol.java:185)
	at fr.inria.lille.repair.nopol.NoPol.build(NoPol.java:119)
	at fr.inria.lille.repair.nopol.NoPol.build(NoPol.java:89)
	at fr.inria.lille.repair.nopol.NoPolLauncher.launch(NoPolLauncher.java:84)
	at fr.inria.lille.repair.Main.main(Main.java:61)
Caused by: java.util.concurrent.TimeoutException
	at java.util.concurrent.FutureTask.get(FutureTask.java:201)
	at xxl.java.junit.TestSuiteExecution.executionResult(TestSuiteExecution.java:90)
	... 9 more
java.lang.RuntimeException: java.lang.OutOfMemoryError: GC overhead limit exceeded
	at com.sun.tools.javac.main.Main.compile(Main.java:475)
	at com.sun.tools.javac.api.JavacTaskImpl.call(JavacTaskImpl.java:132)
	at xxl.java.compiler.DynamicClassCompiler.runCompilationTask(DynamicClassCompiler.java:81)
	at xxl.java.compiler.DynamicClassCompiler.javaBytecodeFor(DynamicClassCompiler.java:56)
	at fr.inria.lille.commons.spoon.SpoonedFile.compilationFor(SpoonedFile.java:177)
	at fr.inria.lille.commons.spoon.SpoonedFile.compileModelledClasses(SpoonedFile.java:154)
	at fr.inria.lille.commons.spoon.SpoonedFile.processModelledClasses(SpoonedFile.java:138)
	at fr.inria.lille.commons.spoon.SpoonedFile.process(SpoonedFile.java:128)
	at fr.inria.lille.commons.spoon.SpoonedFile.process(SpoonedFile.java:124)
	at fr.inria.lille.repair.nopol.synth.SynthesizerFactory.getFor(SynthesizerFactory.java:73)
	at fr.inria.lille.repair.nopol.NoPol.solveWithMultipleBuild(NoPol.java:164)
	at fr.inria.lille.repair.nopol.NoPol.build(NoPol.java:119)
	at fr.inria.lille.repair.nopol.NoPol.build(NoPol.java:89)
	at fr.inria.lille.repair.nopol.NoPolLauncher.launch(NoPolLauncher.java:84)
	at fr.inria.lille.repair.Main.main(Main.java:61)
Caused by: java.lang.OutOfMemoryError: GC overhead limit exceeded
	at java.io.UnixFileSystem.resolve(UnixFileSystem.java:108)
	at java.io.File.<init>(File.java:262)
	at java.io.File.listFiles(File.java:1206)
	at com.sun.tools.javac.file.JavacFileManager.listDirectory(JavacFileManager.java:286)
	at com.sun.tools.javac.file.JavacFileManager.listContainer(JavacFileManager.java:358)
	at com.sun.tools.javac.file.JavacFileManager.list(JavacFileManager.java:644)
	at javax.tools.ForwardingJavaFileManager.list(ForwardingJavaFileManager.java:77)
	at xxl.java.compiler.VirtualFileObjectManager.list(VirtualFileObjectManager.java:51)
	at com.sun.tools.javac.api.ClientCodeWrapper$WrappedJavaFileManager.list(ClientCodeWrapper.java:212)
	at com.sun.tools.javac.jvm.ClassReader.fillIn(ClassReader.java:2494)
	at com.sun.tools.javac.jvm.ClassReader.complete(ClassReader.java:2145)
	at com.sun.tools.javac.code.Symbol.complete(Symbol.java:421)
	at com.sun.tools.javac.comp.Enter.visitTopLevel(Enter.java:298)
	at com.sun.tools.javac.tree.JCTree$JCCompilationUnit.accept(JCTree.java:459)
	at com.sun.tools.javac.comp.Enter.classEnter(Enter.java:258)
	at com.sun.tools.javac.comp.Enter.classEnter(Enter.java:272)
	at com.sun.tools.javac.comp.Enter.complete(Enter.java:484)
	at com.sun.tools.javac.comp.Enter.main(Enter.java:469)
	at com.sun.tools.javac.main.JavaCompiler.enterTrees(JavaCompiler.java:929)
	at com.sun.tools.javac.main.JavaCompiler.compile(JavaCompiler.java:824)
	at com.sun.tools.javac.main.Main.compile(Main.java:439)
	at com.sun.tools.javac.api.JavacTaskImpl.call(JavacTaskImpl.java:132)
	at xxl.java.compiler.DynamicClassCompiler.runCompilationTask(DynamicClassCompiler.java:81)
	at xxl.java.compiler.DynamicClassCompiler.javaBytecodeFor(DynamicClassCompiler.java:56)
	at fr.inria.lille.commons.spoon.SpoonedFile.compilationFor(SpoonedFile.java:177)
	at fr.inria.lille.commons.spoon.SpoonedFile.compileModelledClasses(SpoonedFile.java:154)
	at fr.inria.lille.commons.spoon.SpoonedFile.processModelledClasses(SpoonedFile.java:138)
	at fr.inria.lille.commons.spoon.SpoonedFile.process(SpoonedFile.java:128)
	at fr.inria.lille.commons.spoon.SpoonedFile.process(SpoonedFile.java:124)
	at fr.inria.lille.repair.nopol.synth.SynthesizerFactory.getFor(SynthesizerFactory.java:73)
	at fr.inria.lille.repair.nopol.NoPol.solveWithMultipleBuild(NoPol.java:164)
	at fr.inria.lille.repair.nopol.NoPol.build(NoPol.java:119)
Exception in thread "main" java.lang.OutOfMemoryError: GC overhead limit exceeded
	at java.util.Collections$UnmodifiableCollection.iterator(Collections.java:1063)
	at spoon.reflect.visitor.CtScanner.scan(CtScanner.java:134)
	at spoon.reflect.visitor.CtScanner.visitCtTypeReference(CtScanner.java:731)
	at spoon.support.reflect.reference.CtTypeReferenceImpl.accept(CtTypeReferenceImpl.java:66)
	at spoon.reflect.visitor.CtScanner.scan(CtScanner.java:146)
	at spoon.reflect.visitor.QueryVisitor.scan(QueryVisitor.java:67)
	at spoon.reflect.visitor.CtScanner.visitCtParameterReference(CtScanner.java:640)
	at spoon.support.reflect.reference.CtParameterReferenceImpl.accept(CtParameterReferenceImpl.java:39)
	at spoon.reflect.visitor.CtScanner.scan(CtScanner.java:146)
	at spoon.reflect.visitor.QueryVisitor.scan(QueryVisitor.java:67)
	at spoon.reflect.visitor.CtScanner.visitCtVariableRead(CtScanner.java:774)
	at spoon.support.reflect.code.CtVariableReadImpl.accept(CtVariableReadImpl.java:26)
	at spoon.reflect.visitor.CtScanner.scan(CtScanner.java:146)
	at spoon.reflect.visitor.QueryVisitor.scan(QueryVisitor.java:67)
	at spoon.reflect.visitor.CtScanner.visitCtReturn(CtScanner.java:648)
	at spoon.support.reflect.code.CtReturnImpl.accept(CtReturnImpl.java:32)
	at spoon.reflect.visitor.CtScanner.scan(CtScanner.java:146)
	at spoon.reflect.visitor.QueryVisitor.scan(QueryVisitor.java:67)
	at spoon.reflect.visitor.CtScanner.scan(CtScanner.java:135)
	at spoon.reflect.visitor.CtScanner.visitCtBlock(CtScanner.java:280)
	at spoon.support.reflect.code.CtBlockImpl.accept(CtBlockImpl.java:46)
	at spoon.reflect.visitor.CtScanner.scan(CtScanner.java:146)
	at spoon.reflect.visitor.QueryVisitor.scan(QueryVisitor.java:67)
	at spoon.reflect.visitor.CtScanner.visitCtIf(CtScanner.java:461)
	at spoon.support.reflect.code.CtIfImpl.accept(CtIfImpl.java:37)
	at spoon.reflect.visitor.CtScanner.scan(CtScanner.java:146)
	at spoon.reflect.visitor.QueryVisitor.scan(QueryVisitor.java:67)
	at spoon.reflect.visitor.CtScanner.scan(CtScanner.java:135)
	at spoon.reflect.visitor.CtScanner.visitCtBlock(CtScanner.java:280)
	at spoon.support.reflect.code.CtBlockImpl.accept(CtBlockImpl.java:46)
	at spoon.reflect.visitor.CtScanner.scan(CtScanner.java:146)
	at spoon.reflect.visitor.QueryVisitor.scan(QueryVisitor.java:67)

real	30m50.192s
user	228m44.472s
sys	0m47.772s
