/tmp/math_71_NopolC
export PATH="/home/tdurieux/defects4j/framework/bin:$PATH";export JAVA_TOOL_OPTIONS=-Dfile.encoding=UTF8;export PATH="/usr/lib/jvm/java-1.7.0-openjdk-amd64/bin/:$PATH";cd /home/tdurieux/projects/math/math_71;defects4j compile;cp -r /home/tdurieux/projects/math/math_71 /tmp/math_71_NopolC;cd /tmp/math_71_NopolC;mkdir lib/;cp -r /home/tdurieux/defects4j/framework/projects/lib/* lib/;cp -r /home/tdurieux/defects4j/framework/projects/Math/lib/* lib/;find . -type f -name "package-info.java" -delete;
cd /tmp/math_71_NopolC;export JAVA_TOOL_OPTIONS=-Dfile.encoding=UTF8;export PATH="/usr/lib/jvm/java-1.7.0-openjdk-amd64/bin/:$PATH";TZ="America/New_York"; export TZ;cp -r /home/tdurieux/defects4j-repair/src/python/core/../../../libs/z3 lib/z3;time java  -cp /home/tdurieux/defects4j-repair/src/python/core/../../..//libs/nopol.jar:/usr/lib/jvm/java-1.7.0-openjdk-amd64/bin//../lib/tools.jar fr.inria.lille.repair.Main --mode repair --type condition --oracle angelic --synthesis smt --solver z3 --solver-path /home/tdurieux/defects4j-repair/src/python/core/../../..//libs/z3/z3 --complianceLevel 5 --source src/main/java/ --classpath target/classes/:target/test-classes/:lib/commons-discovery-0.5.jar:/home/tdurieux/defects4j-repair/src/python/core/../../..//libs/nopol.jar;echo "

Node: `hostname`
";echo "
Date: `date`
";rm -rf /tmp/math_71_NopolC;

Nb classes : 409
Nb methods : 2990
Nb statement executed by the passing tests of the patched line: 0
Nb statement executed by the failing tests of the patched line: 0
Nb statements: 16335
Nb unit tests : 2169
Nb Statements Analyzed : 102
Nb Statements with Angelic Value Found : 2
Nb inputs in SMT : 1777
Nb SMT level: 3
Nb SMT components: [7] [== of arity: 2, != of arity: 2, < of arity: 2, <= of arity: 2, ! of arity: 1, || of arity: 2, && of arity: 2]
                  class java.lang.Boolean: 7
Nb variables in SMT : 23
Nb run failing test  : [2, 2, 2, 2, 2, 2, 1]
Nb run passing test : [5, 4, 4, 4, 4, 4, 108]
NoPol Execution time : 2732650ms
----PATCH FOUND----
org.apache.commons.math.analysis.solvers.BrentSolver:334: CONDITIONAL (org.apache.commons.math.analysis.solvers.BrentSolver.DEFAULT_ABSOLUTE_ACCURACY < tolerance) || (!(delta <= 0.0))


Node: graphene-1.nancy.grid5000.fr


Date: Sun May  8 13:59:54 EDT 2016


