cd /tmp/closure_55_Brutpol;export JAVA_TOOL_OPTIONS=-Dfile.encoding=UTF8;TZ="America/New_York"; export TZexport PATH="/usr/lib/jvm/java-1.7.0-openjdk-amd64/bin/:$PATH";cp -r /home/tdurieux/dynamoth-experiments/src/python/core/../../../libs/z3 lib/z3;time java -d64 -Xmx4g -Xms1g -XX:MaxPermSize=1024m -XX:+UseConcMarkSweepGC -XX:+CMSPermGenSweepingEnabled -XX:+CMSClassUnloadingEnabled -cp /home/tdurieux/dynamoth-experiments/src/python/core/../../..//libs/nopol.jar:/usr/lib/jvm/java-1.7.0-openjdk-amd64/bin//../lib/tools.jar fr.inria.lille.repair.Main --flocal gzoltar  --maxTime 300  --json  --mode repair --type pre_then_cond --oracle angelic --synthesis dynamoth --solver z3 --solver-path /home/tdurieux/dynamoth-experiments/src/python/core/../../..//libs/z3/z3 --complianceLevel 6 --source /tmp/closure_55_Brutpol/src/ --classpath /tmp/closure_55_Brutpol/build/classes:/tmp/closure_55_Brutpol/build/test:/tmp/closure_55_Brutpol/build/lib/rhino.jar:/tmp/closure_55_Brutpol/lib/ant.jar:/tmp/closure_55_Brutpol/lib/ant-launcher.jar:/tmp/closure_55_Brutpol/lib/args4j.jar:/tmp/closure_55_Brutpol/lib/guava.jar:/tmp/closure_55_Brutpol/lib/jarjar.jar:/tmp/closure_55_Brutpol/lib/json.jar:/tmp/closure_55_Brutpol/lib/jsr305.jar:/tmp/closure_55_Brutpol/lib/junit.jar:/tmp/closure_55_Brutpol/lib/caja-r4314.jar:/tmp/closure_55_Brutpol/lib/protobuf-java.jar:/home/tdurieux/dynamoth-experiments/src/python/core/../../..//libs/nopol.jar;echo "

Node: `hostname`
";echo "
Date: `date`
";

06:12:23.002 [pool-2-thread-1] INFO  fr.inria.lille.repair.nopol.NoPol - Nb classes : 405
06:12:23.002 [pool-2-thread-1] INFO  fr.inria.lille.repair.nopol.NoPol - Nb methods : 4642
06:12:23.002 [pool-2-thread-1] INFO  fr.inria.lille.repair.nopol.NoPol - Nb Statements Analyzed : 2
06:12:23.002 [pool-2-thread-1] INFO  fr.inria.lille.repair.nopol.NoPol - Nb Statements with Angelic Value Found : 1
06:12:23.002 [pool-2-thread-1] INFO  fr.inria.lille.repair.nopol.NoPol - NoPol Execution time : 148810ms
06:12:23.002 [pool-2-thread-1] INFO  fr.inria.lille.repair.nopol.NoPol - ----PATCH FOUND----
06:12:23.002 [pool-2-thread-1] INFO  fr.inria.lille.repair.nopol.NoPol - functionNode.getLineno() == 1
06:12:25.657 [pool-2-thread-1] INFO  fr.inria.lille.repair.nopol.NoPol - Nb test that executes the patch: 2
06:12:25.658 [pool-2-thread-1] INFO  fr.inria.lille.repair.nopol.NoPol - com.google.javascript.jscomp.FunctionRewriter$GetterReducer:451: PRECONDITION
06:12:25.694 [pool-2-thread-1] INFO  fr.inria.lille.repair.nopol.NoPol - --- /tmp/closure_55_Brutpol/src/com/google/javascript/jscomp/FunctionRewriter.java
+++ /tmp/closure_55_Brutpol/src/com/google/javascript/jscomp/FunctionRewriter.java
@@ -450,3 +450,5 @@
           NodeUtil.isThis(value.getFirstChild())) {
-        return value.getLastChild();
+        if (functionNode.getLineno() == 1) {
+          return value.getLastChild();
+        }
       }



Node: griffon-12.nancy.grid5000.fr


Date: Sat Mar  4 07:12:29 CET 2017


