/tmp/closure_33_NopolC
export PATH="/home/tdurieux/defects4j/framework/bin:$PATH";export JAVA_TOOL_OPTIONS=-Dfile.encoding=UTF8;export PATH="/usr/lib/jvm/java-1.7.0-openjdk-amd64/bin/:$PATH";cd /home/tdurieux/projects/closure/closure_33;defects4j compile;cp -r /home/tdurieux/projects/closure/closure_33 /tmp/closure_33_NopolC;cd /tmp/closure_33_NopolC;mkdir lib/;cp -r /home/tdurieux/defects4j/framework/projects/lib/* lib/;cp -r /home/tdurieux/defects4j/framework/projects/Closure/lib/* lib/;find . -type f -name "package-info.java" -delete;
cd /tmp/closure_33_NopolC;export JAVA_TOOL_OPTIONS=-Dfile.encoding=UTF8;export PATH="/usr/lib/jvm/java-1.7.0-openjdk-amd64/bin/:$PATH";cp -r /home/tdurieux/defects4j-repair/src/python/core/../../../libs/z3 lib/z3;time java -Xmx4096m -cp /home/tdurieux/defects4j-repair/src/python/core/../../..//libs/nopol.jar:/usr/lib/jvm/java-1.7.0-openjdk-amd64/bin//../lib/tools.jar fr.inria.lille.repair.Main --mode repair --type condition --oracle angelic --synthesis smt --solver z3 --solver-path /home/tdurieux/defects4j-repair/src/python/core/../../..//libs/z3/z3 --complianceLevel 6 --source /tmp/closure_33_NopolC/src/ --classpath /tmp/closure_33_NopolC/build/classes:/tmp/closure_33_NopolC/build/test:/tmp/closure_33_NopolC/build/lib/rhino.jar:/tmp/closure_33_NopolC/lib/ant.jar:/tmp/closure_33_NopolC/lib/ant-launcher.jar:/tmp/closure_33_NopolC/lib/args4j.jar:/tmp/closure_33_NopolC/lib/guava.jar:/tmp/closure_33_NopolC/lib/jarjar.jar:/tmp/closure_33_NopolC/lib/json.jar:/tmp/closure_33_NopolC/lib/jsr305.jar:/tmp/closure_33_NopolC/lib/junit.jar:/tmp/closure_33_NopolC/lib/caja-r4314.jar:/tmp/closure_33_NopolC/lib/protobuf-java.jar:/home/tdurieux/defects4j-repair/src/python/core/../../..//libs/nopol.jar;echo "

Node: `hostname`
";echo "
Date: `date`
";rm -rf /tmp/closure_33_NopolC;

Nb classes : 163
Nb methods : 1435
Nb statement executed by the passing tests of the patched line: 0
Nb statement executed by the failing tests of the patched line: 0
Nb statements: 41633
Nb unit tests : 7434
Nb Statements Analyzed : 28
Nb Statements with Angelic Value Found : 1
Nb inputs in SMT : 12
Nb SMT level: 4
Nb SMT components: [9] [== of arity: 2, != of arity: 2, < of arity: 2, <= of arity: 2, ! of arity: 1, || of arity: 2, && of arity: 2, + of arity: 2, - of arity: 2]
                  class java.lang.Boolean: 7
                  class java.lang.Number: 2
Nb variables in SMT : 55
Nb run failing test  : [0]
Nb run passing test : [29]
NoPol Execution time : 218078ms
----PATCH FOUND----
com.google.javascript.jscomp.TypeCheck:405: CONDITIONAL !(((0) != (com.google.javascript.jscomp.TypeCheck.this.noTypeCheckSection)) && ((com.google.javascript.jscomp.TypeCheck.this.typedCount + com.google.javascript.jscomp.TypeCheck.this.typedCount <= (com.google.javascript.jscomp.TypeCheck.OVERRIDING_PROTOTYPE_WITH_NON_OBJECT.length()) - (com.google.javascript.jscomp.TypeCheck.this.typedCount + com.google.javascript.jscomp.TypeCheck.this.typedCount)) || (-1 == com.google.javascript.jscomp.TypeCheck.this.noTypeCheckSection)))


Node: grimoire-3.nancy.grid5000.fr


Date: Mon May 16 20:16:01 CEST 2016


