export PATH="/home/tdurieux/defects4j/framework/bin:$PATH";export JAVA_TOOL_OPTIONS=-Dfile.encoding=UTF8;export PATH="/usr/lib/jvm/java-1.7.0-openjdk-amd64/bin/:$PATH";cp -r /home/tdurieux/projects/math/math_25 /tmp/math_25_Genprog;cd /tmp/math_25_Genprog;defects4j compile;mkdir lib/;cp -r /home/tdurieux/defects4j/framework/projects/lib/* lib/;cp -r /home/tdurieux/defects4j/framework/projects/Math/lib/* lib/;find . -type f -name "package-info.java" -delete;
/home/tdurieux/defects4j-repair/src/python/core/../../../results/2015-august/Math/25/Genprog/result
cd /tmp/math_25_Genprog;export JAVA_TOOL_OPTIONS=-Dfile.encoding=UTF8;export PATH="/usr/lib/jvm/java-1.7.0-openjdk-amd64/bin/:$PATH";time java  -cp /home/tdurieux/defects4j-repair/src/python/core/../../..//libs/astor.jar fr.inria.main.evolution.MainjGenProg -mode statement -location . -dependencies lib/ -failing org.apache.commons.math3.optimization.fitting.HarmonicFitterTest: -package org.apache.commons -jvm4testexecution /usr/lib/jvm/java-1.7.0-openjdk-amd64/bin/ -javacompliancelevel 5 -maxgen 1000000 -seed 10 -maxtime 60  -scope local  -stopfirst true -flthreshold 0.1 -population 1 -srcjavafolder src/main/java/ -srctestfolder src/test/java/ -binjavafolder target/classes/ -bintestfolder target/test-classes/;echo "

Node: `hostname`
";echo "
Date: `date`
";rm -rf /tmp/math_25_Genprog;

2015-08-24 22:26:15,541 INFO main - End Repair Loops: NOT Found solution
2015-08-24 22:26:15,541 INFO main - 
Number solutions:0
2015-08-24 22:26:15,541 INFO main - 
All variants:
2015-08-24 22:26:15,541 INFO main - f 1.0, [Variant id: 23995, #gens: 71, #ops: 0, parent:-]
2015-08-24 22:26:15,541 INFO main - --Space: LOCAL
org.apache.commons.math3.optimization.fitting.WeightedObservedPoint=7|,org.apache.commons.math3.util.FastMath=1526|,org.apache.commons.math3.optimization.fitting.HarmonicFitter=87|,
2015-08-24 22:26:15,541 INFO main - 
----stats: 
2015-08-24 22:26:15,541 INFO main - 
spaces navigation: [32]: {(CtReturnImpl| size: 1526| notcompiles| LOCAL| INSERT_AFTER) =182, (CtReturnImpl| size: 241| notcompiles| LOCAL| REPLACE) =97, (CtLocalVariableImpl| size: 420| alreadyanalyzed| LOCAL| REPLACE) =37, (CtIfImpl| size: 1526| compiles| LOCAL| INSERT_BEFORE) =278, (CtIfImpl| size: 1526| compiles| LOCAL| INSERT_AFTER) =235, (CtIfImpl| size: 246| compiles| LOCAL| REPLACE) =251, (CtReturnImpl| size: 1526| notcompiles| LOCAL| INSERT_BEFORE) =158, (CtReturnImpl| size: 241| compiles| LOCAL| REPLACE) =96, (CtLocalVariableImpl| size: 1526| notcompiles| LOCAL| INSERT_BEFORE) =364, (CtReturnImpl| size: 3| alreadyanalyzed| LOCAL| REPLACE) =429, (CtLocalVariableImpl| size: 1526| notcompiles| LOCAL| INSERT_AFTER) =298, (CtReturnImpl| size: 1526| compiles| LOCAL| INSERT_BEFORE) =117, (CtReturnImpl| size: 7| compiles| LOCAL| INSERT_BEFORE) =12, (CtIfImpl| size: 1526| alreadyanalyzed| LOCAL| INSERT_AFTER) =71, (CtReturnImpl| size: 7| alreadyanalyzed| LOCAL| INSERT_AFTER) =1025, (CtLocalVariableImpl| size: 1526| alreadyanalyzed| LOCAL| INSERT_AFTER) =50, (CtReturnImpl| size: 1526| alreadyanalyzed| LOCAL| INSERT_BEFORE) =52, (CtIfImpl| size: 1526| notcompiles| LOCAL| INSERT_AFTER) =324, (CtLocalVariableImpl| size: 420| compiles| LOCAL| REPLACE) =215, (CtIfImpl| size: 246| notcompiles| LOCAL| REPLACE) =499, (CtReturnImpl| size: 7| compiles| LOCAL| INSERT_AFTER) =12, (CtReturnImpl| size: 1526| compiles| LOCAL| INSERT_AFTER) =121, (CtIfImpl| size: 246| alreadyanalyzed| LOCAL| REPLACE) =1008, (CtReturnImpl| size: 241| alreadyanalyzed| LOCAL| REPLACE) =6578, (CtLocalVariableImpl| size: 1526| compiles| LOCAL| INSERT_AFTER) =205, (CtLocalVariableImpl| size: 1526| alreadyanalyzed| LOCAL| INSERT_BEFORE) =97, (CtLocalVariableImpl| size: 1526| compiles| LOCAL| INSERT_BEFORE) =245, (CtReturnImpl| size: 3| compiles| LOCAL| REPLACE) =4, (CtReturnImpl| size: 7| alreadyanalyzed| LOCAL| INSERT_BEFORE) =984, (CtIfImpl| size: 1526| alreadyanalyzed| LOCAL| INSERT_BEFORE) =86, (CtIfImpl| size: 1526| notcompiles| LOCAL| INSERT_BEFORE) =379, (CtReturnImpl| size: 1526| alreadyanalyzed| LOCAL| INSERT_AFTER) =50}
#gen: 11997
#patches: 0
#RightCompilation: 4974
#WrongCompilation: 7023
#FailingTestCaseExecution: 4975
#RegressionTestExecution: 0
#TestcasesExecutedval1: 34825
#TestcasesExecutedval2: 0
#FailingTestCase: 7
#RegressionTestCases: 0
#OfAppliedOp: 11997
#NotAppliedOp: 0
#InmutatedGen: 29250
#unfinishValidation: 0
#ing {CtLocalVariableImpl=22057, CtForImpl=1924, CtReturnImpl=1728, CtAssignmentImpl=5365, CtOperatorAssignmentImpl=5882, CtInvocationImpl=2003, CtIfImpl=2288}
#untilcompile {69=1, 1=661, 2=340, 71=1, 3=316, 64=1, 4=160, 5=105, 6=68, 7=273, 8=46, 9=33, 10=25, 11=18, 12=16, 13=12, 14=8, 15=3, 17=7, 16=3, 19=5, 262=1, 21=3, 20=4, 22=1, 25=2, 24=1, 27=1, 26=1, 28=2, 34=1, 35=1, 32=2, 172=1, 108=1, 47=1, 44=1, 248=4, 244=1, 245=1, 242=3, 63=1, 243=2, 241=11, 181=1}
2015-08-24 22:26:15,541 INFO main - Time Evolution(ms): 3660115
2015-08-24 22:26:15,541 INFO fr.inria.main.AbstractMain - Time Total(ms): 4217272


Node: graphene-37.nancy.grid5000.fr


Date: Tue Aug 25 00:26:16 CEST 2015


