/tmp/math_79_NopolPC
export PATH="/home/tdurieux/defects4j/framework/bin:$PATH";export JAVA_TOOL_OPTIONS=-Dfile.encoding=UTF8;export PATH="/usr/lib/jvm/java-1.7.0-openjdk-amd64/bin/:$PATH";cd /home/tdurieux/projects/math/math_79;defects4j compile;cp -r /home/tdurieux/projects/math/math_79 /tmp/math_79_NopolPC;cd /tmp/math_79_NopolPC;mkdir lib/;cp -r /home/tdurieux/defects4j/framework/projects/lib/* lib/;cp -r /home/tdurieux/defects4j/framework/projects/Math/lib/* lib/;find . -type f -name "package-info.java" -delete;
cd /tmp/math_79_NopolPC;export JAVA_TOOL_OPTIONS=-Dfile.encoding=UTF8;export PATH="/usr/lib/jvm/java-1.7.0-openjdk-amd64/bin/:$PATH";TZ="America/New_York"; export TZ;cp -r /home/tdurieux/defects4j-repair/src/python/core/../../../libs/z3 lib/z3;time java -Xmx8192m -cp /home/tdurieux/defects4j-repair/src/python/core/../../..//libs/nopol.jar:/usr/lib/jvm/java-1.7.0-openjdk-amd64/bin//../lib/tools.jar fr.inria.lille.repair.Main --mode repair --type precondition --oracle angelic --synthesis smt --solver z3 --solver-path /home/tdurieux/defects4j-repair/src/python/core/../../..//libs/z3/z3 --complianceLevel 5 --source src/main/java/ --classpath target/classes/:target/test-classes/:lib/commons-discovery-0.5.jar:/home/tdurieux/defects4j-repair/src/python/core/../../..//libs/nopol.jar;echo "

Node: `hostname`
";echo "
Date: `date`
";rm -rf /tmp/math_79_NopolPC;

Nb classes : 394
Nb methods : 2901
Nb statement executed by the passing tests of the patched line: 0
Nb statement executed by the failing tests of the patched line: 0
Nb statements: 16692
Nb unit tests : 2104
Nb Statements Analyzed : 24
Nb Statements with Angelic Value Found : 1
Nb inputs in SMT : 118
Nb SMT level: 4
Nb SMT components: [9] [== of arity: 2, != of arity: 2, < of arity: 2, <= of arity: 2, ! of arity: 1, || of arity: 2, && of arity: 2, + of arity: 2, - of arity: 2]
                  class java.lang.Number: 2
                  class java.lang.Boolean: 7
Nb variables in SMT : 23
Nb run failing test  : [2, 2, 2, 2, 2, 2, 2, 1]
Nb run passing test : [1, 1, 1, 1, 1, 1, 1, 8]
NoPol Execution time : 2396775ms
----PATCH FOUND----
org.apache.commons.math.util.MathUtils:1627: PRECONDITION ((org.apache.commons.math.util.MathUtils.NS) - (dp) < org.apache.commons.math.util.MathUtils.FACTORIALS.length + org.apache.commons.math.util.MathUtils.FACTORIALS.length) && (!(org.apache.commons.math.util.MathUtils.FACTORIALS.length + org.apache.commons.math.util.MathUtils.FACTORIALS.length <= dp))


Node: griffon-20.nancy.grid5000.fr


Date: Mon May  9 22:16:58 EDT 2016


