mkdir: cannot create directory ‘lib/’: File exists
cp: cannot stat ‘/home/tdurieux/defects4j/framework/projects/Closure/lib/*’: No such file or directory
Running ant (compile)...................................................... OK
Running ant (compile.tests)................................................ OK
Picked up JAVA_TOOL_OPTIONS: -Dfile.encoding=UTF8
Please use CMSClassUnloadingEnabled in place of CMSPermGenSweepingEnabled in the future
Mar 04, 2017 9:50:15 AM com.google.javascript.jscomp.LoggerErrorManager println
WARNING: in1:2: WARNING - goog.dom.Foo defined before its owner. goog.dom is defined at in1:3
/** @constructor */ goog.dom.Foo = function() {};
                    ^

Mar 04, 2017 9:50:15 AM com.google.javascript.jscomp.LoggerErrorManager printSummary
WARNING: 0 error(s), 1 warning(s), 100% typed
Mar 04, 2017 9:50:15 AM com.google.javascript.jscomp.LoggerErrorManager println
WARNING: in1:2: WARNING - attempted re-definition of type goog.dom.Foo
found   : function (new:goog.dom.Foo): ?
expected: function (new:goog.dom.Foo): undefined
/** @constructor */ goog.dom.Foo = function() {};
                    ^

Mar 04, 2017 9:50:15 AM com.google.javascript.jscomp.LoggerErrorManager println
WARNING: in1:2: WARNING - goog.dom.Foo defined before its owner. goog.dom is defined at in1:3
/** @constructor */ goog.dom.Foo = function() {};
                    ^

Mar 04, 2017 9:50:15 AM com.google.javascript.jscomp.LoggerErrorManager printSummary
WARNING: 0 error(s), 2 warning(s), 100% typed
Mar 04, 2017 9:50:46 AM com.google.javascript.jscomp.LoggerErrorManager println
WARNING: in1:2: WARNING - attempted re-definition of type goog.dom.Foo
found   : function (new:goog.dom.Foo): ?
expected: function (new:goog.dom.Foo): undefined
/** @constructor */ goog.dom.Foo = function() {};
                    ^

Mar 04, 2017 9:50:46 AM com.google.javascript.jscomp.LoggerErrorManager println
WARNING: in1:2: WARNING - goog.dom.Foo defined before its owner. goog.dom is defined at in1:3
/** @constructor */ goog.dom.Foo = function() {};
                    ^

Mar 04, 2017 9:50:46 AM com.google.javascript.jscomp.LoggerErrorManager printSummary
WARNING: 0 error(s), 2 warning(s), 100% typed
Mar 04, 2017 9:50:54 AM com.google.javascript.jscomp.LoggerErrorManager println
WARNING: in1:2: WARNING - goog.dom.Foo defined before its owner. goog.dom is defined at in1:3
/** @constructor */ goog.dom.Foo = function() {};
                    ^

Mar 04, 2017 9:50:54 AM com.google.javascript.jscomp.LoggerErrorManager printSummary
WARNING: 0 error(s), 1 warning(s), 100% typed
Mar 04, 2017 9:50:54 AM com.google.javascript.jscomp.LoggerErrorManager println
WARNING: in1:2: WARNING - goog.dom.Foo defined before its owner. goog.dom is defined at in1:3
/** @constructor */ goog.dom.Foo = function() {};
                    ^

Mar 04, 2017 9:50:54 AM com.google.javascript.jscomp.LoggerErrorManager printSummary
WARNING: 0 error(s), 1 warning(s), 100% typed
Mar 04, 2017 9:51:17 AM com.google.javascript.jscomp.LoggerErrorManager println
WARNING: in1:2: WARNING - goog.dom.Foo defined before its owner. goog.dom is defined at in1:3
/** @constructor */ goog.dom.Foo = function() {};
                    ^

Mar 04, 2017 9:51:17 AM com.google.javascript.jscomp.LoggerErrorManager printSummary
WARNING: 0 error(s), 1 warning(s), 100% typed
Mar 04, 2017 9:51:24 AM com.google.javascript.jscomp.LoggerErrorManager println
WARNING: in1:2: WARNING - goog.dom.Foo defined before its owner. goog.dom is defined at in1:3
/** @constructor */ goog.dom.Foo = function() {};
                    ^

Mar 04, 2017 9:51:24 AM com.google.javascript.jscomp.LoggerErrorManager printSummary
WARNING: 0 error(s), 1 warning(s), 100% typed
Mar 04, 2017 9:51:25 AM com.google.javascript.jscomp.LoggerErrorManager println
WARNING: in1:2: WARNING - goog.dom.Foo defined before its owner. goog.dom is defined at in1:3
/** @constructor */ goog.dom.Foo = function() {};
                    ^

Mar 04, 2017 9:51:25 AM com.google.javascript.jscomp.LoggerErrorManager printSummary
WARNING: 0 error(s), 1 warning(s), 100% typed
Mar 04, 2017 9:51:54 AM com.google.javascript.jscomp.LoggerErrorManager println
WARNING: in1:2: WARNING - goog.dom.Foo defined before its owner. goog.dom is defined at in1:3
/** @constructor */ goog.dom.Foo = function() {};
                    ^

Mar 04, 2017 9:51:54 AM com.google.javascript.jscomp.LoggerErrorManager printSummary
WARNING: 0 error(s), 1 warning(s), 100% typed
677.89user 16.21system 4:20.48elapsed 266%CPU (0avgtext+0avgdata 4378376maxresident)k
0inputs+10256outputs (0major+2150054minor)pagefaults 0swaps
