cd /tmp/closure_17_Brutpol;export JAVA_TOOL_OPTIONS=-Dfile.encoding=UTF8;TZ="America/New_York"; export TZexport PATH="/usr/lib/jvm/java-1.7.0-openjdk-amd64/bin/:$PATH";cp -r /home/tdurieux/dynamoth-experiments/src/python/core/../../../libs/z3 lib/z3;time java -d64 -Xmx4g -Xms1g -XX:MaxPermSize=1024m -XX:+UseConcMarkSweepGC -XX:+CMSPermGenSweepingEnabled -XX:+CMSClassUnloadingEnabled -cp /home/tdurieux/dynamoth-experiments/src/python/core/../../..//libs/nopol.jar:/usr/lib/jvm/java-1.7.0-openjdk-amd64/bin//../lib/tools.jar fr.inria.lille.repair.Main --flocal gzoltar  --maxTime 300  --json  --mode repair --type pre_then_cond --oracle angelic --synthesis dynamoth --solver z3 --solver-path /home/tdurieux/dynamoth-experiments/src/python/core/../../..//libs/z3/z3 --complianceLevel 6 --source /tmp/closure_17_Brutpol/src/ --classpath /tmp/closure_17_Brutpol/build/classes:/tmp/closure_17_Brutpol/build/test:/tmp/closure_17_Brutpol/build/lib/rhino.jar:/tmp/closure_17_Brutpol/lib/ant.jar:/tmp/closure_17_Brutpol/lib/ant-launcher.jar:/tmp/closure_17_Brutpol/lib/args4j.jar:/tmp/closure_17_Brutpol/lib/guava.jar:/tmp/closure_17_Brutpol/lib/jarjar.jar:/tmp/closure_17_Brutpol/lib/json.jar:/tmp/closure_17_Brutpol/lib/jsr305.jar:/tmp/closure_17_Brutpol/lib/junit.jar:/tmp/closure_17_Brutpol/lib/caja-r4314.jar:/tmp/closure_17_Brutpol/lib/protobuf-java.jar:/home/tdurieux/dynamoth-experiments/src/python/core/../../..//libs/nopol.jar;echo "

Node: `hostname`
";echo "
Date: `date`
";

09:51:55.285 [pool-2-thread-1] INFO  fr.inria.lille.repair.nopol.NoPol - Nb classes : 403
09:51:55.285 [pool-2-thread-1] INFO  fr.inria.lille.repair.nopol.NoPol - Nb methods : 4723
09:51:55.285 [pool-2-thread-1] INFO  fr.inria.lille.repair.nopol.NoPol - Nb Statements Analyzed : 5
09:51:55.285 [pool-2-thread-1] INFO  fr.inria.lille.repair.nopol.NoPol - Nb Statements with Angelic Value Found : 3
09:51:55.285 [pool-2-thread-1] INFO  fr.inria.lille.repair.nopol.NoPol - NoPol Execution time : 249632ms
09:51:55.285 [pool-2-thread-1] INFO  fr.inria.lille.repair.nopol.NoPol - ----PATCH FOUND----
09:51:55.285 [pool-2-thread-1] INFO  fr.inria.lille.repair.nopol.NoPol - lValue.getIndexOfChild((com.google.javascript.rhino.Node) rValue) == rValue.getChildCount()
09:51:58.573 [pool-2-thread-1] INFO  fr.inria.lille.repair.nopol.NoPol - Nb test that executes the patch: 29
09:51:58.574 [pool-2-thread-1] INFO  fr.inria.lille.repair.nopol.NoPol - com.google.javascript.jscomp.TypedScopeCreator$AbstractScopeBuilder:1291: CONDITIONAL
09:51:58.698 [pool-2-thread-1] INFO  fr.inria.lille.repair.nopol.NoPol - --- /tmp/closure_17_Brutpol/src/com/google/javascript/jscomp/TypedScopeCreator.java
+++ /tmp/closure_17_Brutpol/src/com/google/javascript/jscomp/TypedScopeCreator.java
@@ -1290,3 +1290,3 @@
             if (rValue != null) {
-              if (rValue.getJSType() != null && !rValue.getJSType().isUnknownType()) {
+              if (lValue.getIndexOfChild((com.google.javascript.rhino.Node) rValue) == rValue.getChildCount()) {
                 // If rValue has a type-cast, we use the type in the type-cast.
@@ -1303,6 +1303,6 @@
                 boolean namesMatch = firstClause.isName()
-                    && lValue.isName()
-                    && firstClause.getString().equals(lValue.getString());
+                && lValue.isName()
+                && firstClause.getString().equals(lValue.getString());
                 if (namesMatch && secondClause.getJSType() != null
-                    && !secondClause.getJSType().isUnknownType()) {
+                && !secondClause.getJSType().isUnknownType()) {
                   return secondClause.getJSType();



Node: griffon-22.nancy.grid5000.fr


Date: Sat Mar  4 10:52:04 CET 2017


