cd /tmp/math_49_Brutpol;export JAVA_TOOL_OPTIONS=-Dfile.encoding=UTF8;TZ="America/New_York"; export TZexport PATH="/usr/lib/jvm/java-1.7.0-openjdk-amd64/bin/:$PATH";cp -r /home/tdurieux/dynamoth-experiments/src/python/core/../../../libs/z3 lib/z3;time java -d64 -Xmx4g -Xms1g -XX:MaxPermSize=1024m -XX:+UseConcMarkSweepGC -XX:+CMSPermGenSweepingEnabled -XX:+CMSClassUnloadingEnabled -cp /home/tdurieux/dynamoth-experiments/src/python/core/../../..//libs/nopol.jar:/usr/lib/jvm/java-1.7.0-openjdk-amd64/bin//../lib/tools.jar fr.inria.lille.repair.Main --flocal gzoltar  --maxTime 300  --json  --mode repair --type pre_then_cond --oracle angelic --synthesis dynamoth --solver z3 --solver-path /home/tdurieux/dynamoth-experiments/src/python/core/../../..//libs/z3/z3 --complianceLevel 5 --source /tmp/math_49_Brutpol/src/main/java/ --classpath /tmp/math_49_Brutpol/target/classes/:/tmp/math_49_Brutpol/target/test-classes/:/tmp/math_49_Brutpol/lib/commons-discovery-0.5.jar:/home/tdurieux/dynamoth-experiments/src/python/core/../../..//libs/nopol.jar;echo "

Node: `hostname`
";echo "
Date: `date`
";

17:09:24.331 [pool-2-thread-1] INFO  fr.inria.lille.repair.nopol.NoPol - Nb classes : 569
17:09:24.331 [pool-2-thread-1] INFO  fr.inria.lille.repair.nopol.NoPol - Nb methods : 3620
17:09:24.331 [pool-2-thread-1] INFO  fr.inria.lille.repair.nopol.NoPol - Nb Statements Analyzed : 1
17:09:24.332 [pool-2-thread-1] INFO  fr.inria.lille.repair.nopol.NoPol - Nb Statements with Angelic Value Found : 1
17:09:24.332 [pool-2-thread-1] INFO  fr.inria.lille.repair.nopol.NoPol - NoPol Execution time : 243605ms
17:09:24.332 [pool-2-thread-1] INFO  fr.inria.lille.repair.nopol.NoPol - ----PATCH FOUND----
17:09:24.332 [pool-2-thread-1] INFO  fr.inria.lille.repair.nopol.NoPol - this.next == 0
17:09:24.506 [pool-2-thread-1] INFO  fr.inria.lille.repair.nopol.NoPol - Nb test that executes the patch: 2
17:09:24.507 [pool-2-thread-1] INFO  fr.inria.lille.repair.nopol.NoPol - org.apache.commons.math.util.OpenIntToDoubleHashMap$Iterator:564: PRECONDITION
17:09:24.550 [pool-2-thread-1] INFO  fr.inria.lille.repair.nopol.NoPol - --- /tmp/math_49_Brutpol/src/main/java/org/apache/commons/math/util/OpenIntToDoubleHashMap.java
+++ /tmp/math_49_Brutpol/src/main/java/org/apache/commons/math/util/OpenIntToDoubleHashMap.java
@@ -563,3 +563,5 @@
             if (referenceCount != count) {
-                throw MathRuntimeException.createConcurrentModificationException(LocalizedFormats.MAP_MODIFIED_WHILE_ITERATING);
+                if (this.next == 0) {
+                    throw MathRuntimeException.createConcurrentModificationException(LocalizedFormats.MAP_MODIFIED_WHILE_ITERATING);
+                }
             }



Node: griffon-12.nancy.grid5000.fr


Date: Sat Mar  4 18:09:25 CET 2017


