cd /tmp/closure_21_Brutpol;export JAVA_TOOL_OPTIONS=-Dfile.encoding=UTF8;TZ="America/New_York"; export TZexport PATH="/usr/lib/jvm/java-1.7.0-openjdk-amd64/bin/:$PATH";cp -r /home/tdurieux/dynamoth-experiments/src/python/core/../../../libs/z3 lib/z3;time java -d64 -Xmx4g -Xms1g -XX:MaxPermSize=1024m -XX:+UseConcMarkSweepGC -XX:+CMSPermGenSweepingEnabled -XX:+CMSClassUnloadingEnabled -cp /home/tdurieux/dynamoth-experiments/src/python/core/../../..//libs/nopol.jar:/usr/lib/jvm/java-1.7.0-openjdk-amd64/bin//../lib/tools.jar fr.inria.lille.repair.Main --flocal gzoltar  --maxTime 300  --json  --mode repair --type pre_then_cond --oracle angelic --synthesis dynamoth --solver z3 --solver-path /home/tdurieux/dynamoth-experiments/src/python/core/../../..//libs/z3/z3 --complianceLevel 6 --source /tmp/closure_21_Brutpol/src/ --classpath /tmp/closure_21_Brutpol/build/classes:/tmp/closure_21_Brutpol/build/test:/tmp/closure_21_Brutpol/build/lib/rhino.jar:/tmp/closure_21_Brutpol/lib/ant.jar:/tmp/closure_21_Brutpol/lib/ant-launcher.jar:/tmp/closure_21_Brutpol/lib/args4j.jar:/tmp/closure_21_Brutpol/lib/guava.jar:/tmp/closure_21_Brutpol/lib/jarjar.jar:/tmp/closure_21_Brutpol/lib/json.jar:/tmp/closure_21_Brutpol/lib/jsr305.jar:/tmp/closure_21_Brutpol/lib/junit.jar:/tmp/closure_21_Brutpol/lib/caja-r4314.jar:/tmp/closure_21_Brutpol/lib/protobuf-java.jar:/home/tdurieux/dynamoth-experiments/src/python/core/../../..//libs/nopol.jar;echo "

Node: `hostname`
";echo "
Date: `date`
";

09:35:13.131 [pool-2-thread-1] INFO  fr.inria.lille.repair.nopol.NoPol - Nb classes : 403
09:35:13.131 [pool-2-thread-1] INFO  fr.inria.lille.repair.nopol.NoPol - Nb methods : 4723
09:35:13.131 [pool-2-thread-1] INFO  fr.inria.lille.repair.nopol.NoPol - Nb Statements Analyzed : 3
09:35:13.131 [pool-2-thread-1] INFO  fr.inria.lille.repair.nopol.NoPol - Nb Statements with Angelic Value Found : 1
09:35:13.131 [pool-2-thread-1] INFO  fr.inria.lille.repair.nopol.NoPol - NoPol Execution time : 159477ms
09:35:13.131 [pool-2-thread-1] INFO  fr.inria.lille.repair.nopol.NoPol - ----PATCH FOUND----
09:35:13.132 [pool-2-thread-1] INFO  fr.inria.lille.repair.nopol.NoPol - isResultUsed
09:35:16.285 [pool-2-thread-1] INFO  fr.inria.lille.repair.nopol.NoPol - Nb test that executes the patch: 2
09:35:16.285 [pool-2-thread-1] INFO  fr.inria.lille.repair.nopol.NoPol - com.google.javascript.jscomp.CheckSideEffects:118: PRECONDITION
09:35:16.300 [pool-2-thread-1] INFO  fr.inria.lille.repair.nopol.NoPol - --- /tmp/closure_21_Brutpol/src/com/google/javascript/jscomp/CheckSideEffects.java
+++ /tmp/closure_21_Brutpol/src/com/google/javascript/jscomp/CheckSideEffects.java
@@ -117,7 +117,9 @@
       if (n == parent.getLastChild()) {
-        for (Node an : parent.getAncestors()) {
-          int ancestorType = an.getType();
-          if (ancestorType == Token.COMMA) continue;
-          if (ancestorType != Token.EXPR_RESULT && ancestorType != Token.BLOCK) return;
-          else break;
+        if (isResultUsed) {
+          for (Node an : parent.getAncestors()) {
+            int ancestorType = an.getType();
+            if (ancestorType == Token.COMMA) continue;
+            if (ancestorType != Token.EXPR_RESULT && ancestorType != Token.BLOCK) return;
+            else break;
+          }
         }



Node: griffon-12.nancy.grid5000.fr


Date: Sat Mar  4 10:35:19 CET 2017


