export PATH="/home/tdurieux/defects4j/framework/bin:$PATH";export JAVA_TOOL_OPTIONS=-Dfile.encoding=UTF8;export PATH="/usr/lib/jvm/java-1.7.0-openjdk-amd64/bin/:$PATH";cp -r /home/tdurieux/projects/time/time_22 /tmp/time_22_Kali;cd /tmp/time_22_Kali;defects4j compile;mkdir lib/;cp -r /home/tdurieux/defects4j/framework/projects/lib/* lib/;cp -r /home/tdurieux/defects4j/framework/projects/Time/lib/* lib/;find . -type f -name "package-info.java" -delete;
/home/tdurieux/defects4j-repair/src/python/core/../../../results/2015-august/Time/22/Kali/result
cd /tmp/time_22_Kali;export JAVA_TOOL_OPTIONS=-Dfile.encoding=UTF8;TZ="America/New_York"; export TZexport PATH="/usr/lib/jvm/java-1.7.0-openjdk-amd64/bin/:$PATH";time java  -cp /home/tdurieux/defects4j-repair/src/python/core/../../..//libs/astor.jar fr.inria.main.evolution.MainjGenProg -mode statement-remove -location . -dependencies lib/ -failing org.joda.time.TestDuration_Basics:org.joda.time.TestPeriod_Constructors: -package org.joda -jvm4testexecution /usr/lib/jvm/java-1.7.0-openjdk-amd64/bin/ -javacompliancelevel 5 -maxgen 1000000 -seed 10 -maxtime 60  -scope local  -stopfirst false -flthreshold 0 -population 1 -srcjavafolder src/main/java/ -srctestfolder src/test/java/ -binjavafolder build/classes/ -bintestfolder build/tests/;echo "

Node: `hostname`
";echo "
Date: `date`
";rm -rf /tmp/time_22_Kali;

2015-08-25 18:30:56,318 INFO main - End Repair Loops: NOT Found solution
2015-08-25 18:30:56,318 INFO main - 
Number solutions:0
2015-08-25 18:30:56,318 INFO main - 
All variants:
2015-08-25 18:30:56,318 INFO main - f 2.0, [Variant id: 1, #gens: 952, #ops: 0, parent:-]
2015-08-25 18:30:56,318 INFO main - 
----stats: 
2015-08-25 18:30:56,318 INFO main - 
spaces navigation: [0]: {}
#gen: 0
#patches: 0
#RightCompilation: 1796
#WrongCompilation: 480
#FailingTestCaseExecution: 1797
#RegressionTestExecution: 1
#TestcasesExecutedval1: 241425
#TestcasesExecutedval2: 3870
#FailingTestCase: 145
#RegressionTestCases: 3870
#OfAppliedOp: 0
#NotAppliedOp: 0
#InmutatedGen: 0
#unfinishValidation: 0
#ing {}
#untilcompile {}
2015-08-25 18:30:56,318 INFO fr.inria.main.AbstractMain - Time Total(ms): 4348636


Node: graphene-21.nancy.grid5000.fr


Date: Tue Aug 25 20:30:56 CEST 2015


