cd /tmp/closure_7_Nopol;export JAVA_TOOL_OPTIONS=-Dfile.encoding=UTF8;TZ="America/New_York"; export TZexport PATH="/usr/lib/jvm/java-1.7.0-openjdk-amd64/bin/:$PATH";cp -r /home/tdurieux/dynamoth-experiments/src/python/core/../../../libs/z3 lib/z3;time java -d64 -Xmx4g -Xms1g -XX:MaxPermSize=1024m -XX:+UseConcMarkSweepGC -XX:+CMSPermGenSweepingEnabled -XX:+CMSClassUnloadingEnabled -cp /home/tdurieux/dynamoth-experiments/src/python/core/../../..//libs/nopol.jar:/usr/lib/jvm/java-1.7.0-openjdk-amd64/bin//../lib/tools.jar fr.inria.lille.repair.Main --flocal gzoltar  --maxTime 300  --json  --mode repair --type pre_then_cond --oracle angelic --synthesis smt --solver z3 --solver-path /home/tdurieux/dynamoth-experiments/src/python/core/../../..//libs/z3/z3 --complianceLevel 6 --source /tmp/closure_7_Nopol/src/ --classpath /tmp/closure_7_Nopol/build/classes:/tmp/closure_7_Nopol/build/test:/tmp/closure_7_Nopol/build/lib/rhino.jar:/tmp/closure_7_Nopol/lib/ant.jar:/tmp/closure_7_Nopol/lib/ant-launcher.jar:/tmp/closure_7_Nopol/lib/args4j.jar:/tmp/closure_7_Nopol/lib/guava.jar:/tmp/closure_7_Nopol/lib/jarjar.jar:/tmp/closure_7_Nopol/lib/json.jar:/tmp/closure_7_Nopol/lib/jsr305.jar:/tmp/closure_7_Nopol/lib/junit.jar:/tmp/closure_7_Nopol/lib/caja-r4314.jar:/tmp/closure_7_Nopol/lib/protobuf-java.jar:/home/tdurieux/dynamoth-experiments/src/python/core/../../..//libs/nopol.jar;echo "

Node: `hostname`
";echo "
Date: `date`
";

13:33:25.612 [pool-2-thread-1] INFO  fr.inria.lille.repair.nopol.NoPol - Nb classes : 408
13:33:25.612 [pool-2-thread-1] INFO  fr.inria.lille.repair.nopol.NoPol - Nb methods : 4794
13:33:25.612 [pool-2-thread-1] INFO  fr.inria.lille.repair.nopol.NoPol - Nb Statements Analyzed : 58
13:33:25.612 [pool-2-thread-1] INFO  fr.inria.lille.repair.nopol.NoPol - Nb Statements with Angelic Value Found : 2
13:33:25.612 [pool-2-thread-1] INFO  fr.inria.lille.repair.nopol.NoPol - Nb inputs in SMT : 3
13:33:25.612 [pool-2-thread-1] INFO  fr.inria.lille.repair.nopol.NoPol - Nb SMT level: 1
13:33:25.612 [pool-2-thread-1] INFO  fr.inria.lille.repair.nopol.NoPol - Nb SMT components: [0] []
13:33:25.612 [pool-2-thread-1] INFO  fr.inria.lille.repair.nopol.NoPol - Nb variables in SMT : 11
13:33:25.613 [pool-2-thread-1] INFO  fr.inria.lille.repair.nopol.NoPol - NoPol Execution time : 539201ms
13:33:25.613 [pool-2-thread-1] INFO  fr.inria.lille.repair.nopol.NoPol - ----PATCH FOUND----
13:33:25.613 [pool-2-thread-1] INFO  fr.inria.lille.repair.nopol.NoPol - message!=null
13:33:28.899 [pool-2-thread-1] INFO  fr.inria.lille.repair.nopol.NoPol - Nb test that executes the patch: 358
13:33:28.899 [pool-2-thread-1] INFO  fr.inria.lille.repair.nopol.NoPol - com.google.javascript.rhino.testing.Asserts:103: CONDITIONAL
13:33:28.918 [pool-2-thread-1] INFO  fr.inria.lille.repair.nopol.NoPol - --- /tmp/closure_7_Nopol/src/com/google/javascript/rhino/testing/Asserts.java
+++ /tmp/closure_7_Nopol/src/com/google/javascript/rhino/testing/Asserts.java
@@ -102,3 +102,3 @@
         (a == null) == (b == null));
-    if (a == null) {
+    if (message!=null) {
       return;

PATCH


Node: griffon-7.nancy.grid5000.fr


Date: Thu Mar  9 14:33:33 CET 2017


