export PATH="/home/tdurieux/defects4j/framework/bin:$PATH";export JAVA_TOOL_OPTIONS=-Dfile.encoding=UTF8;export PATH="/usr/lib/jvm/java-1.7.0-openjdk-amd64/bin/:$PATH";cp -r /home/tdurieux/projects/math/math_9 /tmp/math_9_Genprog;cd /tmp/math_9_Genprog;defects4j compile;mkdir lib/;cp -r /home/tdurieux/defects4j/framework/projects/lib/* lib/;cp -r /home/tdurieux/defects4j/framework/projects/Math/lib/* lib/;find . -type f -name "package-info.java" -delete;
/home/tdurieux/defects4j-repair/src/python/core/../../../results/2015-august/Math/9/Genprog/result
cd /tmp/math_9_Genprog;export JAVA_TOOL_OPTIONS=-Dfile.encoding=UTF8;TZ="America/New_York"; export TZexport PATH="/usr/lib/jvm/java-1.7.0-openjdk-amd64/bin/:$PATH";time java  -cp /home/tdurieux/defects4j-repair/src/python/core/../../..//libs/astor.jar fr.inria.main.evolution.MainjGenProg -mode statement -location . -dependencies lib/ -failing org.apache.commons.math3.geometry.euclidean.threed.LineTest: -package org.apache.commons -jvm4testexecution /usr/lib/jvm/java-1.7.0-openjdk-amd64/bin/ -javacompliancelevel 5 -maxgen 1000000 -seed 10 -maxtime 60  -scope local  -stopfirst true -flthreshold 0 -population 1 -srcjavafolder src/main/java/ -srctestfolder src/test/java/ -binjavafolder target/classes/ -bintestfolder target/test-classes/;echo "

Node: `hostname`
";echo "
Date: `date`
";rm -rf /tmp/math_9_Genprog;

2015-08-25 07:17:34,581 INFO main - End Repair Loops: NOT Found solution
2015-08-25 07:17:34,581 INFO main - 
Number solutions:0
2015-08-25 07:17:34,581 INFO main - 
All variants:
2015-08-25 07:17:34,581 INFO main - f 1.0, [Variant id: 9177, #gens: 954, #ops: 0, parent:-]
2015-08-25 07:17:34,581 INFO main - --Space: LOCAL
org.apache.commons.math3.util.ArithmeticUtils=317|,org.apache.commons.math3.util.OpenIntToFieldHashMap=184|,org.apache.commons.math3.util.MathArrays=403|,org.apache.commons.math3.util.FastMath=1538|,org.apache.commons.math3.ode.sampling.StepNormalizer=52|,org.apache.commons.math3.util.FastMathLiteralArrays=6|,org.apache.commons.math3.ode.ExpandableStatefulODE=64|,org.apache.commons.math3.fraction.Fraction=151|,org.apache.commons.math3.fraction.FractionField=7|,org.apache.commons.math3.ode.AbstractIntegrator=108|,org.apache.commons.math3.util.Incrementor=18|,org.apache.commons.math3.ode.EquationsMapper=11|,org.apache.commons.math3.util.Precision=97|,org.apache.commons.math3.ode.sampling.StepNormalizerOutputTestBase=50|,org.apache.commons.math3.ode.nonstiff.AdaptiveStepsizeIntegrator=78|,org.apache.commons.math3.geometry.euclidean.threed.Vector3D=124|,org.apache.commons.math3.ode.sampling.AbstractStepInterpolator=170|,org.apache.commons.math3.geometry.euclidean.threed.Line=41|,org.apache.commons.math3.ode.nonstiff.GraggBulirschStoerStepInterpolator=128|,org.apache.commons.math3.ode.sampling.StepNormalizerBounds=2|,org.apache.commons.math3.ode.nonstiff.GraggBulirschStoerIntegrator=305|,
2015-08-25 07:17:34,581 INFO main - 
----stats: 
2015-08-25 07:17:34,581 INFO main - 
spaces navigation: [89]: {(CtLocalVariableImpl| size: 31| alreadyanalyzed| LOCAL| REPLACE) =569, (CtReturnImpl| size: 47| alreadyanalyzed| LOCAL| REPLACE) =6571, (CtLocalVariableImpl| size: 14| compiles| LOCAL| REPLACE) =26, (CtInvocationImpl| size: 403| compiles| LOCAL| INSERT_AFTER) =23, (CtLocalVariableImpl| size: 124| notcompiles| LOCAL| INSERT_BEFORE) =38, (CtReturnImpl| size: 245| notcompiles| LOCAL| REPLACE) =9, (CtIfImpl| size: 41| notcompiles| LOCAL| INSERT_BEFORE) =12, (CtLocalVariableImpl| size: 124| notcompiles| LOCAL| INSERT_AFTER) =38, (CtLocalVariableImpl| size: 14| alreadyanalyzed| LOCAL| REPLACE) =454, (CtInvocationImpl| size: 403| notcompiles| LOCAL| INSERT_AFTER) =28, (CtReturnImpl| size: 41| notcompiles| LOCAL| INSERT_AFTER) =32, (CtReturnImpl| size: 41| alreadyanalyzed| LOCAL| INSERT_BEFORE) =4317, (CtInvocationImpl| size: 403| notcompiles| LOCAL| INSERT_BEFORE) =27, (CtInvocationImpl| size: 403| alreadyanalyzed| LOCAL| INSERT_AFTER) =15, (CtAssignmentImpl| size: 41| alreadyanalyzed| LOCAL| INSERT_AFTER) =85, (CtReturnImpl| size: 403| compiles| LOCAL| INSERT_AFTER) =26, (CtLocalVariableImpl| size: 124| compiles| LOCAL| INSERT_BEFORE) =38, (CtIfImpl| size: 403| notcompiles| LOCAL| INSERT_BEFORE) =23, (CtLocalVariableImpl| size: 124| alreadyanalyzed| LOCAL| INSERT_AFTER) =70, (CtLocalVariableImpl| size: 41| alreadyanalyzed| LOCAL| INSERT_AFTER) =257, (CtLocalVariableImpl| size: 124| compiles| LOCAL| INSERT_AFTER) =36, (CtIfImpl| size: 41| alreadyanalyzed| LOCAL| INSERT_BEFORE) =63, (CtReturnImpl| size: 41| compiles| LOCAL| INSERT_AFTER) =44, (CtReturnImpl| size: 16| alreadyanalyzed| LOCAL| REPLACE) =2588, (CtReturnImpl| size: 403| notcompiles| LOCAL| INSERT_BEFORE) =21, (CtAssignmentImpl| size: 4| compiles| LOCAL| REPLACE) =6, (CtReturnImpl| size: 1538| notcompiles| LOCAL| INSERT_AFTER) =1, (CtReturnImpl| size: 124| alreadyanalyzed| LOCAL| INSERT_AFTER) =6547, (CtAssignmentImpl| size: 41| compiles| LOCAL| INSERT_BEFORE) =47, (CtInvocationImpl| size: 403| alreadyanalyzed| LOCAL| INSERT_BEFORE) =3, (CtIfImpl| size: 403| compiles| LOCAL| INSERT_BEFORE) =27, (CtLocalVariableImpl| size: 403| notcompiles| LOCAL| INSERT_AFTER) =894, (CtReturnImpl| size: 1538| compiles| LOCAL| INSERT_BEFORE) =6, (CtLocalVariableImpl| size: 403| alreadyanalyzed| LOCAL| INSERT_BEFORE) =313, (CtReturnImpl| size: 41| compiles| LOCAL| INSERT_BEFORE) =44, (CtReturnImpl| size: 16| compiles| LOCAL| REPLACE) =10, (CtIfImpl| size: 41| notcompiles| LOCAL| INSERT_AFTER) =9, (CtLocalVariableImpl| size: 403| notcompiles| LOCAL| INSERT_BEFORE) =765, (CtReturnImpl| size: 1538| compiles| LOCAL| INSERT_AFTER) =1, (CtReturnImpl| size: 47| notcompiles| LOCAL| REPLACE) =83, (CtLocalVariableImpl| size: 163| compiles| LOCAL| REPLACE) =767, (CtReturnImpl| size: 403| notcompiles| LOCAL| INSERT_AFTER) =36, (CtReturnImpl| size: 124| alreadyanalyzed| LOCAL| INSERT_BEFORE) =5328, (CtLocalVariableImpl| size: 41| notcompiles| LOCAL| INSERT_AFTER) =30, (CtIfImpl| size: 57| notcompiles| LOCAL| REPLACE) =78, (CtLocalVariableImpl| size: 124| alreadyanalyzed| LOCAL| INSERT_BEFORE) =66, (CtReturnImpl| size: 245| alreadyanalyzed| LOCAL| REPLACE) =1, (CtIfImpl| size: 41| compiles| LOCAL| INSERT_BEFORE) =26, (CtLocalVariableImpl| size: 31| compiles| LOCAL| REPLACE) =16, (CtInvocationImpl| size: 20| notcompiles| LOCAL| REPLACE) =13, (CtIfImpl| size: 57| compiles| LOCAL| REPLACE) =6, (CtLocalVariableImpl| size: 163| alreadyanalyzed| LOCAL| REPLACE) =182, (CtAssignmentImpl| size: 41| alreadyanalyzed| LOCAL| INSERT_BEFORE) =112, (CtReturnImpl| size: 403| compiles| LOCAL| INSERT_BEFORE) =24, (CtLocalVariableImpl| size: 41| compiles| LOCAL| INSERT_BEFORE) =35, (CtInvocationImpl| size: 403| compiles| LOCAL| INSERT_BEFORE) =30, (CtLocalVariableImpl| size: 403| alreadyanalyzed| LOCAL| INSERT_AFTER) =332, (CtAssignmentImpl| size: 41| compiles| LOCAL| INSERT_AFTER) =44, (CtReturnImpl| size: 124| notcompiles| LOCAL| INSERT_BEFORE) =181, (CtIfImpl| size: 3| notcompiles| LOCAL| REPLACE) =2, (CtAssignmentImpl| size: 4| alreadyanalyzed| LOCAL| REPLACE) =174, (CtReturnImpl| size: 245| compiles| LOCAL| REPLACE) =6, (CtReturnImpl| size: 403| alreadyanalyzed| LOCAL| INSERT_AFTER) =15, (CtLocalVariableImpl| size: 41| compiles| LOCAL| INSERT_AFTER) =43, (CtIfImpl| size: 403| compiles| LOCAL| INSERT_AFTER) =26, (CtIfImpl| size: 403| alreadyanalyzed| LOCAL| INSERT_BEFORE) =1, (CtReturnImpl| size: 41| alreadyanalyzed| LOCAL| INSERT_AFTER) =4037, (CtReturnImpl| size: 124| compiles| LOCAL| INSERT_BEFORE) =158, (CtIfImpl| size: 41| compiles| LOCAL| INSERT_AFTER) =21, (CtReturnImpl| size: 403| alreadyanalyzed| LOCAL| INSERT_BEFORE) =8, (CtIfImpl| size: 41| alreadyanalyzed| LOCAL| INSERT_AFTER) =40, (CtReturnImpl| size: 41| notcompiles| LOCAL| INSERT_BEFORE) =32, (CtReturnImpl| size: 124| notcompiles| LOCAL| INSERT_AFTER) =154, (CtReturnImpl| size: 47| compiles| LOCAL| REPLACE) =100, (CtLocalVariableImpl| size: 403| compiles| LOCAL| INSERT_AFTER) =763, (CtIfImpl| size: 3| alreadyanalyzed| LOCAL| REPLACE) =52, (CtReturnImpl| size: 16| notcompiles| LOCAL| REPLACE) =18, (CtReturnImpl| size: 1538| notcompiles| LOCAL| INSERT_BEFORE) =9, (CtLocalVariableImpl| size: 41| notcompiles| LOCAL| INSERT_BEFORE) =21, (CtIfImpl| size: 403| notcompiles| LOCAL| INSERT_AFTER) =26, (CtInvocationImpl| size: 20| compiles| LOCAL| REPLACE) =1, (CtIfImpl| size: 403| alreadyanalyzed| LOCAL| INSERT_AFTER) =6, (CtAssignmentImpl| size: 41| notcompiles| LOCAL| INSERT_BEFORE) =22, (CtIfImpl| size: 57| alreadyanalyzed| LOCAL| REPLACE) =859, (CtLocalVariableImpl| size: 41| alreadyanalyzed| LOCAL| INSERT_BEFORE) =450, (CtLocalVariableImpl| size: 403| compiles| LOCAL| INSERT_BEFORE) =721, (CtAssignmentImpl| size: 41| notcompiles| LOCAL| INSERT_AFTER) =21, (CtReturnImpl| size: 124| compiles| LOCAL| INSERT_AFTER) =150, (CtInvocationImpl| size: 20| alreadyanalyzed| LOCAL| REPLACE) =389}
#gen: 4588
#patches: 0
#RightCompilation: 464
#WrongCompilation: 4124
#FailingTestCaseExecution: 465
#RegressionTestExecution: 0
#TestcasesExecutedval1: 3255
#TestcasesExecutedval2: 0
#FailingTestCase: 7
#RegressionTestCases: 0
#OfAppliedOp: 4588
#NotAppliedOp: 0
#InmutatedGen: 722
#unfinishValidation: 0
#ing {CtLocalVariableImpl=3318, CtAssignmentImpl=179, CtReturnImpl=1529, CtInvocationImpl=97, CtIfImpl=187}
#untilcompile {1=1359, 2=579, 3=297, 4=182, 5=142, 6=80, 7=56, 8=33, 9=30, 10=23, 11=13, 12=8, 13=8, 14=10, 15=14, 17=41, 16=51, 19=10, 18=23, 21=11, 20=18, 23=7, 22=12, 25=5, 24=4, 27=2, 26=3, 29=1, 31=5, 30=3, 34=2, 35=2, 32=3, 39=3, 36=3, 37=1, 42=48, 43=20, 40=1, 41=39, 46=12, 47=37, 44=14, 45=7, 51=6, 50=9, 49=15, 48=26, 55=1, 54=2, 53=3, 52=7, 59=5, 58=7, 57=2, 56=1, 63=6, 61=2, 60=1, 68=1, 71=1, 64=3, 65=1, 66=3, 67=2, 76=1, 77=1, 72=3, 73=2, 74=1, 84=1, 83=2, 93=3, 92=2, 95=1, 89=3, 88=2, 91=1, 90=4, 102=1, 100=1, 99=1, 110=1, 105=1, 113=1, 127=4, 126=6, 125=24, 124=16, 120=1, 137=1, 139=1, 141=1, 140=2, 142=3, 128=5, 131=2, 130=3, 135=2, 134=2, 155=1, 171=1, 170=1, 169=1, 168=2, 166=2, 165=4, 188=1, 182=1, 216=1, 226=1}
2015-08-25 07:17:34,582 INFO main - Time Evolution(ms): 3660199
2015-08-25 07:17:34,582 INFO fr.inria.main.AbstractMain - Time Total(ms): 4629685


Node: griffon-57.nancy.grid5000.fr


Date: Tue Aug 25 09:17:35 CEST 2015


