export PATH="/home/tdurieux/defects4j/framework/bin:$PATH";export JAVA_TOOL_OPTIONS=-Dfile.encoding=UTF8;export PATH="/usr/lib/jvm/java-1.7.0-openjdk-amd64/bin/:$PATH";cp -r /home/tdurieux/projects/lang/lang_23 /tmp/lang_23_NopolC;cd /tmp/lang_23_NopolC;defects4j compile;mkdir lib/;cp -r /home/tdurieux/defects4j/framework/projects/lib/* lib/;cp -r /home/tdurieux/defects4j/framework/projects/Lang/lib/* lib/;find . -type f -name "package-info.java" -delete;
cd /tmp/lang_23_NopolC;export JAVA_TOOL_OPTIONS=-Dfile.encoding=UTF8;export PATH="/usr/lib/jvm/java-1.7.0-openjdk-amd64/bin/:$PATH";cp -r /home/tdurieux/defects4j-repair/src/python/core/../../../libs/z3 lib/z3;time java  -cp /home/tdurieux/defects4j-repair/src/python/core/../../..//libs/nopol.jar:/usr/lib/jvm/java-1.7.0-openjdk-amd64/bin//../lib/tools.jar fr.inria.lille.repair.Main --mode repair --type condition --oracle angelic --synthesis smt --solver z3 --solver-path /home/tdurieux/defects4j-repair/src/python/core/../../..//libs/z3/z3 --complianceLevel 5 --source src/main/java/ --classpath target/classes/:target/test-classes/:lib/asm.jar:lib/cglib.jar:lib/commons-io.jar:lib/easymock.jar:/home/tdurieux/defects4j-repair/src/python/core/../../..//libs/nopol.jar;echo "

Node: `hostname`
";echo "
Date: `date`
";rm -rf /tmp/lang_23_NopolC;

Nb classes : 93
Nb methods : 1845
Nb statements: 9670
Nb statement executed by the passing tests of the patched line: 0
Nb statement executed by the failing tests of the patched line: 0
Nb unit tests : 1825
Nb Statements Analyzed : 26
Nb Statements with Angelic Value Found : 0
Nb inputs in SMT : 0
Nb SMT level: 0
Nb variables in SMT : 0
Nb run failing test  : [2, 2, 2]
Nb run passing test : [1, 1, 1]
NoPol Execution time : 817024ms


Node: griffon-77.nancy.grid5000.fr


Date: Fri Aug 21 00:54:27 CEST 2015


