Picked up JAVA_TOOL_OPTIONS: -Dfile.encoding=UTF8
xxl.java.compiler.DynamicCompilationException: Aborting: dynamic compilation failed
	at xxl.java.compiler.DynamicClassCompiler.runCompilationTask(DynamicClassCompiler.java:95)
	at xxl.java.compiler.DynamicClassCompiler.javaBytecodeFor(DynamicClassCompiler.java:63)
	at fr.inria.lille.commons.spoon.SpoonedFile.compilationFor(SpoonedFile.java:177)
	at fr.inria.lille.commons.spoon.SpoonedFile.compileModelledClasses(SpoonedFile.java:154)
	at fr.inria.lille.commons.spoon.SpoonedFile.processModelledClasses(SpoonedFile.java:138)
	at fr.inria.lille.commons.spoon.SpoonedFile.process(SpoonedFile.java:128)
	at fr.inria.lille.commons.spoon.SpoonedFile.processedAndDumpedToClassLoader(SpoonedFile.java:119)
	at fr.inria.lille.commons.spoon.SpoonedFile.processedAndDumpedToClassLoader(SpoonedFile.java:115)
	at fr.inria.lille.repair.nopol.patch.TestPatch.passesAllTests(TestPatch.java:61)
	at fr.inria.lille.repair.nopol.NoPol.isOk(NoPol.java:214)
	at fr.inria.lille.repair.nopol.NoPol.solveWithMultipleBuild(NoPol.java:186)
	at fr.inria.lille.repair.nopol.NoPol.build(NoPol.java:123)
	at fr.inria.lille.repair.nopol.NoPol.build(NoPol.java:93)
	at fr.inria.lille.repair.nopol.NoPolLauncher.launch(NoPolLauncher.java:85)
	at fr.inria.lille.repair.Main.main(Main.java:59)
Exception in thread "main" java.lang.OutOfMemoryError: unable to create new native thread
	at java.lang.Thread.start0(Native Method)
	at java.lang.Thread.start(Thread.java:714)
	at java.util.concurrent.ThreadPoolExecutor.addWorker(ThreadPoolExecutor.java:949)
	at java.util.concurrent.ThreadPoolExecutor.execute(ThreadPoolExecutor.java:1360)
	at java.util.concurrent.AbstractExecutorService.submit(AbstractExecutorService.java:132)
	at java.util.concurrent.Executors$DelegatedExecutorService.submit(Executors.java:641)
	at fr.inria.lille.spirals.repair.synthesizer.collect.DataCollector.callMethod(DataCollector.java:424)
	at fr.inria.lille.spirals.repair.synthesizer.collect.DataCollector.callMethods(DataCollector.java:376)
	at fr.inria.lille.spirals.repair.synthesizer.collect.DataCollector.collectMethods(DataCollector.java:258)
	at fr.inria.lille.spirals.repair.synthesizer.collect.DataCollector.collect(DataCollector.java:158)
	at fr.inria.lille.spirals.repair.synthesizer.collect.DataCollector.collect(DataCollector.java:114)
	at fr.inria.lille.spirals.repair.synthesizer.SynthesizerImpl.collectValues(SynthesizerImpl.java:363)
	at fr.inria.lille.spirals.repair.synthesizer.SynthesizerImpl.processBreakPointEvents(SynthesizerImpl.java:254)
	at fr.inria.lille.spirals.repair.synthesizer.SynthesizerImpl.processVMEvents(SynthesizerImpl.java:157)
	at fr.inria.lille.spirals.repair.synthesizer.SynthesizerImpl.run(SynthesizerImpl.java:130)
	at fr.inria.lille.repair.nopol.synth.brutpol.BrutSynthesizer.buildPatch(BrutSynthesizer.java:136)
	at fr.inria.lille.repair.nopol.NoPol.solveWithMultipleBuild(NoPol.java:185)
	at fr.inria.lille.repair.nopol.NoPol.build(NoPol.java:123)
	at fr.inria.lille.repair.nopol.NoPol.build(NoPol.java:93)
	at fr.inria.lille.repair.nopol.NoPolLauncher.launch(NoPolLauncher.java:85)
	at fr.inria.lille.repair.Main.main(Main.java:59)
