/tmp/time_16_NopolC
export PATH="/home/tdurieux/defects4j/framework/bin:$PATH";export JAVA_TOOL_OPTIONS=-Dfile.encoding=UTF8;export PATH="/usr/lib/jvm/java-1.7.0-openjdk-amd64/bin/:$PATH";cd /home/tdurieux/projects/time/time_16;defects4j compile;cp -r /home/tdurieux/projects/time/time_16 /tmp/time_16_NopolC;cd /tmp/time_16_NopolC;mkdir lib/;cp -r /home/tdurieux/defects4j/framework/projects/lib/* lib/;cp -r /home/tdurieux/defects4j/framework/projects/Time/lib/* lib/;find . -type f -name "package-info.java" -delete;
cd /tmp/time_16_NopolC;export JAVA_TOOL_OPTIONS=-Dfile.encoding=UTF8;export PATH="/usr/lib/jvm/java-1.7.0-openjdk-amd64/bin/:$PATH";TZ="America/New_York"; export TZ;cp -r /home/tdurieux/defects4j-repair/src/python/core/../../../libs/z3 lib/z3;time java -Xmx8192m -cp /home/tdurieux/defects4j-repair/src/python/core/../../..//libs/nopol.jar:/usr/lib/jvm/java-1.7.0-openjdk-amd64/bin//../lib/tools.jar fr.inria.lille.repair.Main --mode repair --type condition --oracle angelic --synthesis smt --solver z3 --solver-path /home/tdurieux/defects4j-repair/src/python/core/../../..//libs/z3/z3 --complianceLevel 5 --source src/main/java/ --classpath build/classes/:build/tests/:lib/joda-convert-1.2.jar:/home/tdurieux/defects4j-repair/src/python/core/../../..//libs/nopol.jar;echo "

Node: `hostname`
";echo "
Date: `date`
";rm -rf /tmp/time_16_NopolC;

Nb classes : 157
Nb methods : 2915
Nb statement executed by the passing tests of the patched line: 0
Nb statement executed by the failing tests of the patched line: 0
Nb statements: 10342
Nb unit tests : 11684
Nb Statements Analyzed : 165
Nb Statements with Angelic Value Found : 2
Nb inputs in SMT : 189
Nb SMT level: 3
Nb SMT components: [7] [== of arity: 2, != of arity: 2, < of arity: 2, <= of arity: 2, ! of arity: 1, || of arity: 2, && of arity: 2]
                  class java.lang.Boolean: 7
Nb variables in SMT : 24
Nb run failing test  : [2, 2, 2, 2, 2, 2, 2, 2, 2, 2, 2, 2, 2, 2, 2, 2, 2, 2, 2, 2, 2, 2, 2, 2, 2, 2, 2, 2, 2, 2, 2, 2, 2, 1, 1, 2, 2, 2, 2, 2, 1]
Nb run passing test : [19, 19, 19, 19, 19, 19, 19, 19, 19, 19, 19, 19, 19, 19, 19, 19, 19, 19, 19, 19, 19, 19, 19, 19, 19, 19, 19, 19, 19, 19, 19, 19, 19, 883, 892, 19, 19, 19, 19, 19, 929]
NoPol Execution time : 503062ms
----PATCH FOUND----
org.joda.time.format.DateTimeParserBucket:351: CONDITIONAL !((0 == org.joda.time.format.DateTimeParserBucket.this.iSavedFieldsCount) || ((text.length() < savedFields.length) && ((0) != (org.joda.time.format.DateTimeParserBucket.this.iMillis))))


Node: griffon-11.nancy.grid5000.fr


Date: Mon May  9 18:42:08 EDT 2016


