export PATH="/home/tdurieux/defects4j/framework/bin:$PATH";export JAVA_TOOL_OPTIONS=-Dfile.encoding=UTF8;export PATH="/usr/lib/jvm/java-1.7.0-openjdk-amd64/bin/:$PATH";cp -r /home/tdurieux/projects/chart/chart_20 /tmp/chart_20_Genprog;cd /tmp/chart_20_Genprog;defects4j compile;mkdir lib/;cp -r /home/tdurieux/defects4j/framework/projects/lib/* lib/;cp -r /home/tdurieux/defects4j/framework/projects/Chart/lib/* lib/;find . -type f -name "package-info.java" -delete;
/home/tdurieux/defects4j-repair/src/python/core/../../../results/2015-august/Chart/20/Genprog/result
cd /tmp/chart_20_Genprog;export JAVA_TOOL_OPTIONS=-Dfile.encoding=UTF8;TZ="America/New_York"; export TZexport PATH="/usr/lib/jvm/java-1.7.0-openjdk-amd64/bin/:$PATH";time java  -cp /home/tdurieux/defects4j-repair/src/python/core/../../..//libs/astor.jar fr.inria.main.evolution.MainjGenProg -mode statement -location . -dependencies lib/ -failing org.jfree.chart.plot.junit.ValueMarkerTests: -package org.jfree -jvm4testexecution /usr/lib/jvm/java-1.7.0-openjdk-amd64/bin/ -javacompliancelevel 4 -maxgen 1000000 -seed 10 -maxtime 60  -scope local  -stopfirst true -flthreshold 0.1 -population 1 -srcjavafolder source/ -srctestfolder tests/ -binjavafolder build/ -bintestfolder build-tests/;echo "

Node: `hostname`
";echo "
Date: `date`
";rm -rf /tmp/chart_20_Genprog;

2015-08-25 00:32:08,712 INFO main - End Repair Loops: NOT Found solution
2015-08-25 00:32:08,712 INFO main - 
Number solutions:0
2015-08-25 00:32:08,712 INFO main - 
All variants:
2015-08-25 00:32:08,712 INFO main - f 1.0, [Variant id: 56805, #gens: 4, #ops: 0, parent:-]
2015-08-25 00:32:08,712 INFO main - --Space: LOCAL
org.jfree.chart.plot.Marker=136|,org.jfree.chart.plot.ValueMarker=20|,
2015-08-25 00:32:08,713 INFO main - 
----stats: 
2015-08-25 00:32:08,713 INFO main - 
spaces navigation: [17]: {(CtReturnImpl| size: 20| alreadyanalyzed| LOCAL| INSERT_AFTER) =90006, (CtReturnImpl| size: 20| alreadyanalyzed| LOCAL| INSERT_BEFORE) =87271, (CtReturnImpl| size: 136| compiles| LOCAL| INSERT_AFTER) =177, (CtReturnImpl| size: 136| notcompiles| LOCAL| INSERT_BEFORE) =114, (CtReturnImpl| size: 6| alreadyanalyzed| LOCAL| REPLACE) =27040, (CtReturnImpl| size: 20| compiles| LOCAL| INSERT_AFTER) =7, (CtReturnImpl| size: 29| alreadyanalyzed| LOCAL| REPLACE) =425421, (CtReturnImpl| size: 6| compiles| LOCAL| REPLACE) =2, (CtReturnImpl| size: 20| notcompiles| LOCAL| INSERT_AFTER) =7, (CtReturnImpl| size: 20| notcompiles| LOCAL| INSERT_BEFORE) =7, (CtReturnImpl| size: 29| notcompiles| LOCAL| REPLACE) =6, (CtReturnImpl| size: 136| alreadyanalyzed| LOCAL| INSERT_BEFORE) =1978490, (CtReturnImpl| size: 136| compiles| LOCAL| INSERT_BEFORE) =177, (CtReturnImpl| size: 136| alreadyanalyzed| LOCAL| INSERT_AFTER) =1973101, (CtReturnImpl| size: 20| compiles| LOCAL| INSERT_BEFORE) =7, (CtReturnImpl| size: 29| compiles| LOCAL| REPLACE) =39, (CtReturnImpl| size: 136| notcompiles| LOCAL| INSERT_AFTER) =114}
#gen: 28402
#patches: 0
#RightCompilation: 61
#WrongCompilation: 19562
#FailingTestCaseExecution: 62
#RegressionTestExecution: 0
#TestcasesExecutedval1: 372
#TestcasesExecutedval2: 0
#FailingTestCase: 6
#RegressionTestCases: 0
#OfAppliedOp: 19623
#NotAppliedOp: 0
#InmutatedGen: 57070
#unfinishValidation: 0
#ing {CtReturnImpl=76693}
#untilcompile {1=89, 2=41, 272=1046, 3=45, 4=19, 278=265, 5=15, 6=349, 7=8, 8=10, 9=5, 10=4, 11=5, 12=3, 13=3, 14=5, 15=1, 16=1, 19=1, 18=1, 21=3, 20=674, 22=3, 25=4, 27=2, 26=1, 29=1407, 31=4, 30=10, 34=2, 35=178, 32=8, 307=1346, 33=4, 38=1, 39=2, 36=2, 37=2, 43=1, 40=1, 46=1, 44=2, 51=5, 50=3, 49=301, 292=590, 52=1, 59=2, 58=217, 57=1, 56=2, 301=420, 62=2, 60=4, 70=1, 64=78, 78=143, 79=1, 87=37, 81=3, 80=2, 83=1, 321=2526, 93=111, 94=1, 100=1, 96=1, 110=1, 111=1, 107=234, 137=3, 136=2859, 408=268, 139=2, 414=898, 141=1, 140=2, 143=2, 142=340, 132=1, 152=1, 155=1, 156=718, 158=1, 159=1, 144=1, 145=1, 146=2, 147=2, 148=2, 171=282, 170=1, 169=1, 168=1, 162=3, 161=1, 167=1, 165=1047, 185=631, 190=1, 428=1674, 191=1, 189=1, 179=1, 176=1, 177=1, 181=1, 206=1, 200=657, 202=1, 196=1, 194=225, 214=1333, 245=1}
2015-08-25 00:32:08,713 INFO main - Time Evolution(ms): 3660022
2015-08-25 00:32:08,713 INFO fr.inria.main.AbstractMain - Time Total(ms): 3702141


Node: griffon-56.nancy.grid5000.fr


Date: Tue Aug 25 02:32:09 CEST 2015


