Picked up JAVA_TOOL_OPTIONS: -Dfile.encoding=UTF8
java.lang.RuntimeException: java.util.concurrent.TimeoutException
	at xxl.java.junit.TestSuiteExecution.executionResult(TestSuiteExecution.java:101)
	at xxl.java.junit.TestSuiteExecution.runTestCase(TestSuiteExecution.java:42)
	at xxl.java.junit.TestSuiteExecution.runTestCases(TestSuiteExecution.java:85)
	at fr.inria.lille.repair.nopol.synth.ConstraintModelBuilder.buildFor(ConstraintModelBuilder.java:80)
	at fr.inria.lille.repair.nopol.synth.DefaultSynthesizer.buildPatch(DefaultSynthesizer.java:69)
	at fr.inria.lille.repair.nopol.NoPol.solveWithMultipleBuild(NoPol.java:185)
	at fr.inria.lille.repair.nopol.NoPol.build(NoPol.java:123)
	at fr.inria.lille.repair.nopol.NoPol.build(NoPol.java:93)
	at fr.inria.lille.repair.nopol.NoPolLauncher.launch(NoPolLauncher.java:85)
	at fr.inria.lille.repair.Main.main(Main.java:59)
Caused by: java.util.concurrent.TimeoutException
	at java.util.concurrent.FutureTask.get(FutureTask.java:201)
	at xxl.java.junit.TestSuiteExecution.executionResult(TestSuiteExecution.java:94)
	... 9 more
java.lang.RuntimeException: java.util.concurrent.TimeoutException
	at xxl.java.junit.TestSuiteExecution.executionResult(TestSuiteExecution.java:101)
	at xxl.java.junit.TestSuiteExecution.runTestCase(TestSuiteExecution.java:42)
	at xxl.java.junit.TestSuiteExecution.runTestCases(TestSuiteExecution.java:85)
	at fr.inria.lille.repair.nopol.synth.ConstraintModelBuilder.buildFor(ConstraintModelBuilder.java:80)
	at fr.inria.lille.repair.nopol.synth.DefaultSynthesizer.buildPatch(DefaultSynthesizer.java:69)
	at fr.inria.lille.repair.nopol.NoPol.solveWithMultipleBuild(NoPol.java:185)
	at fr.inria.lille.repair.nopol.NoPol.build(NoPol.java:123)
	at fr.inria.lille.repair.nopol.NoPol.build(NoPol.java:93)
	at fr.inria.lille.repair.nopol.NoPolLauncher.launch(NoPolLauncher.java:85)
	at fr.inria.lille.repair.Main.main(Main.java:59)
Caused by: java.util.concurrent.TimeoutException
	at java.util.concurrent.FutureTask.get(FutureTask.java:201)
	at xxl.java.junit.TestSuiteExecution.executionResult(TestSuiteExecution.java:94)
	... 9 more
java.lang.RuntimeException: java.util.concurrent.TimeoutException
	at xxl.java.junit.TestSuiteExecution.executionResult(TestSuiteExecution.java:101)
	at xxl.java.junit.TestSuiteExecution.runTestCase(TestSuiteExecution.java:42)
	at xxl.java.junit.TestSuiteExecution.runTestCases(TestSuiteExecution.java:85)
	at fr.inria.lille.repair.nopol.synth.ConstraintModelBuilder.buildFor(ConstraintModelBuilder.java:80)
	at fr.inria.lille.repair.nopol.synth.DefaultSynthesizer.buildPatch(DefaultSynthesizer.java:69)
	at fr.inria.lille.repair.nopol.NoPol.solveWithMultipleBuild(NoPol.java:185)
	at fr.inria.lille.repair.nopol.NoPol.build(NoPol.java:123)
	at fr.inria.lille.repair.nopol.NoPol.build(NoPol.java:93)
	at fr.inria.lille.repair.nopol.NoPolLauncher.launch(NoPolLauncher.java:85)
	at fr.inria.lille.repair.Main.main(Main.java:59)
Caused by: java.util.concurrent.TimeoutException
	at java.util.concurrent.FutureTask.get(FutureTask.java:201)
	at xxl.java.junit.TestSuiteExecution.executionResult(TestSuiteExecution.java:94)
	... 9 more
java.lang.ClassCastException: spoon.support.reflect.code.CtInvocationImpl cannot be cast to spoon.reflect.code.CtBlock
	at spoon.support.reflect.code.CtStatementImpl.insertBefore(CtStatementImpl.java:163)
	at spoon.support.reflect.code.CtStatementImpl.insertBefore(CtStatementImpl.java:80)
	at spoon.support.reflect.code.CtInvocationImpl.insertBefore(CtInvocationImpl.java:96)
	at fr.inria.lille.commons.spoon.util.SpoonStatementLibrary.insertBeforeUnderSameParent(SpoonStatementLibrary.java:40)
	at fr.inria.lille.repair.nopol.spoon.ConditionalLoggingInstrumenter.process(ConditionalLoggingInstrumenter.java:35)
	at fr.inria.lille.repair.nopol.spoon.ConditionalLoggingInstrumenter.process(ConditionalLoggingInstrumenter.java:18)
	at spoon.support.visitor.ProcessingVisitor.scan(ProcessingVisitor.java:94)
	at spoon.reflect.visitor.CtScanner.visitCtInvocation(CtScanner.java:454)
	at spoon.support.reflect.code.CtInvocationImpl.accept(CtInvocationImpl.java:51)
	at spoon.reflect.visitor.CtScanner.scan(CtScanner.java:153)
	at spoon.support.visitor.ProcessingVisitor.scan(ProcessingVisitor.java:90)
	at spoon.support.visitor.ProcessingVisitor.scan(ProcessingVisitor.java:66)
	at spoon.reflect.visitor.CtScanner.visitCtBlock(CtScanner.java:283)
	at spoon.support.reflect.code.CtBlockImpl.accept(CtBlockImpl.java:45)
	at spoon.reflect.visitor.CtScanner.scan(CtScanner.java:153)
	at spoon.support.visitor.ProcessingVisitor.scan(ProcessingVisitor.java:90)
	at spoon.reflect.visitor.CtScanner.visitCtIf(CtScanner.java:433)
	at spoon.support.reflect.code.CtIfImpl.accept(CtIfImpl.java:37)
	at spoon.reflect.visitor.CtScanner.scan(CtScanner.java:153)
	at spoon.support.visitor.ProcessingVisitor.scan(ProcessingVisitor.java:90)
	at spoon.support.visitor.ProcessingVisitor.scan(ProcessingVisitor.java:66)
	at spoon.reflect.visitor.CtScanner.visitCtBlock(CtScanner.java:283)
	at spoon.support.reflect.code.CtBlockImpl.accept(CtBlockImpl.java:45)
	at spoon.reflect.visitor.CtScanner.scan(CtScanner.java:153)
	at spoon.support.visitor.ProcessingVisitor.scan(ProcessingVisitor.java:90)
	at spoon.reflect.visitor.CtScanner.visitCtIf(CtScanner.java:433)
	at spoon.support.reflect.code.CtIfImpl.accept(CtIfImpl.java:37)
	at spoon.reflect.visitor.CtScanner.scan(CtScanner.java:153)
	at spoon.support.visitor.ProcessingVisitor.scan(ProcessingVisitor.java:90)
	at spoon.support.visitor.ProcessingVisitor.scan(ProcessingVisitor.java:66)
	at spoon.reflect.visitor.CtScanner.visitCtCase(CtScanner.java:297)
	at spoon.support.reflect.code.CtCaseImpl.accept(CtCaseImpl.java:40)
	at spoon.reflect.visitor.CtScanner.scan(CtScanner.java:153)
	at spoon.support.visitor.ProcessingVisitor.scan(ProcessingVisitor.java:90)
	at spoon.support.visitor.ProcessingVisitor.scan(ProcessingVisitor.java:66)
	at spoon.reflect.visitor.CtScanner.visitCtSwitch(CtScanner.java:618)
	at spoon.support.reflect.code.CtSwitchImpl.accept(CtSwitchImpl.java:39)
	at spoon.reflect.visitor.CtScanner.scan(CtScanner.java:153)
	at spoon.support.visitor.ProcessingVisitor.scan(ProcessingVisitor.java:90)
	at spoon.support.visitor.ProcessingVisitor.scan(ProcessingVisitor.java:66)
	at spoon.reflect.visitor.CtScanner.visitCtBlock(CtScanner.java:283)
	at spoon.support.reflect.code.CtBlockImpl.accept(CtBlockImpl.java:45)
	at spoon.reflect.visitor.CtScanner.scan(CtScanner.java:153)
	at spoon.support.visitor.ProcessingVisitor.scan(ProcessingVisitor.java:90)
	at spoon.reflect.visitor.CtScanner.visitCtWhile(CtScanner.java:722)
	at spoon.support.reflect.code.CtWhileImpl.accept(CtWhileImpl.java:30)
	at spoon.reflect.visitor.CtScanner.scan(CtScanner.java:153)
	at spoon.support.visitor.ProcessingVisitor.scan(ProcessingVisitor.java:90)
	at spoon.support.visitor.ProcessingVisitor.scan(ProcessingVisitor.java:66)
	at spoon.reflect.visitor.CtScanner.visitCtBlock(CtScanner.java:283)
	at spoon.support.reflect.code.CtBlockImpl.accept(CtBlockImpl.java:45)
	at spoon.reflect.visitor.CtScanner.scan(CtScanner.java:153)
	at spoon.support.visitor.ProcessingVisitor.scan(ProcessingVisitor.java:90)
	at spoon.reflect.visitor.CtScanner.visitCtMethod(CtScanner.java:503)
	at spoon.support.reflect.declaration.CtMethodImpl.accept(CtMethodImpl.java:51)
	at spoon.reflect.visitor.CtScanner.scan(CtScanner.java:153)
	at spoon.support.visitor.ProcessingVisitor.scan(ProcessingVisitor.java:90)
	at spoon.support.visitor.ProcessingVisitor.scan(ProcessingVisitor.java:66)
	at spoon.reflect.visitor.CtScanner.visitCtClass(CtScanner.java:319)
	at spoon.support.reflect.declaration.CtClassImpl.accept(CtClassImpl.java:59)
	at spoon.reflect.visitor.CtScanner.scan(CtScanner.java:153)
	at spoon.support.visitor.ProcessingVisitor.scan(ProcessingVisitor.java:90)
	at spoon.support.RuntimeProcessingManager.process(RuntimeProcessingManager.java:174)
	at spoon.support.RuntimeProcessingManager.process(RuntimeProcessingManager.java:156)
	at fr.inria.lille.commons.spoon.SpoonedFile.processModelledClasses(SpoonedFile.java:136)
	at fr.inria.lille.commons.spoon.SpoonedFile.process(SpoonedFile.java:128)
	at fr.inria.lille.commons.spoon.SpoonedFile.processedAndDumpedToClassLoader(SpoonedFile.java:119)
	at fr.inria.lille.commons.spoon.SpoonedFile.processedAndDumpedToClassLoader(SpoonedFile.java:115)
	at fr.inria.lille.repair.nopol.synth.ConstraintModelBuilder.<init>(ConstraintModelBuilder.java:59)
	at fr.inria.lille.repair.nopol.synth.SynthesizerFactory.getFor(SynthesizerFactory.java:125)
	at fr.inria.lille.repair.nopol.NoPol.solveWithMultipleBuild(NoPol.java:164)
	at fr.inria.lille.repair.nopol.NoPol.build(NoPol.java:123)
	at fr.inria.lille.repair.nopol.NoPol.build(NoPol.java:93)
	at fr.inria.lille.repair.nopol.NoPolLauncher.launch(NoPolLauncher.java:85)
	at fr.inria.lille.repair.Main.main(Main.java:59)
java.lang.ClassCastException: spoon.support.reflect.code.CtInvocationImpl cannot be cast to spoon.reflect.code.CtBlock
	at spoon.support.reflect.code.CtStatementImpl.insertBefore(CtStatementImpl.java:163)
	at spoon.support.reflect.code.CtStatementImpl.insertBefore(CtStatementImpl.java:80)
	at spoon.support.reflect.code.CtInvocationImpl.insertBefore(CtInvocationImpl.java:96)
	at fr.inria.lille.commons.spoon.util.SpoonStatementLibrary.insertBeforeUnderSameParent(SpoonStatementLibrary.java:40)
	at fr.inria.lille.repair.nopol.spoon.ConditionalLoggingInstrumenter.process(ConditionalLoggingInstrumenter.java:35)
	at fr.inria.lille.repair.nopol.spoon.ConditionalLoggingInstrumenter.process(ConditionalLoggingInstrumenter.java:18)
	at spoon.support.visitor.ProcessingVisitor.scan(ProcessingVisitor.java:94)
	at spoon.reflect.visitor.CtScanner.visitCtInvocation(CtScanner.java:454)
	at spoon.support.reflect.code.CtInvocationImpl.accept(CtInvocationImpl.java:51)
	at spoon.reflect.visitor.CtScanner.scan(CtScanner.java:153)
	at spoon.support.visitor.ProcessingVisitor.scan(ProcessingVisitor.java:90)
	at spoon.support.visitor.ProcessingVisitor.scan(ProcessingVisitor.java:66)
	at spoon.reflect.visitor.CtScanner.visitCtBlock(CtScanner.java:283)
	at spoon.support.reflect.code.CtBlockImpl.accept(CtBlockImpl.java:45)
	at spoon.reflect.visitor.CtScanner.scan(CtScanner.java:153)
	at spoon.support.visitor.ProcessingVisitor.scan(ProcessingVisitor.java:90)
	at spoon.reflect.visitor.CtScanner.visitCtIf(CtScanner.java:433)
	at spoon.support.reflect.code.CtIfImpl.accept(CtIfImpl.java:37)
	at spoon.reflect.visitor.CtScanner.scan(CtScanner.java:153)
	at spoon.support.visitor.ProcessingVisitor.scan(ProcessingVisitor.java:90)
	at spoon.support.visitor.ProcessingVisitor.scan(ProcessingVisitor.java:66)
	at spoon.reflect.visitor.CtScanner.visitCtCase(CtScanner.java:297)
	at spoon.support.reflect.code.CtCaseImpl.accept(CtCaseImpl.java:40)
	at spoon.reflect.visitor.CtScanner.scan(CtScanner.java:153)
	at spoon.support.visitor.ProcessingVisitor.scan(ProcessingVisitor.java:90)
	at spoon.support.visitor.ProcessingVisitor.scan(ProcessingVisitor.java:66)
	at spoon.reflect.visitor.CtScanner.visitCtSwitch(CtScanner.java:618)
	at spoon.support.reflect.code.CtSwitchImpl.accept(CtSwitchImpl.java:39)
	at spoon.reflect.visitor.CtScanner.scan(CtScanner.java:153)
	at spoon.support.visitor.ProcessingVisitor.scan(ProcessingVisitor.java:90)
	at spoon.support.visitor.ProcessingVisitor.scan(ProcessingVisitor.java:66)
	at spoon.reflect.visitor.CtScanner.visitCtBlock(CtScanner.java:283)
	at spoon.support.reflect.code.CtBlockImpl.accept(CtBlockImpl.java:45)
	at spoon.reflect.visitor.CtScanner.scan(CtScanner.java:153)
	at spoon.support.visitor.ProcessingVisitor.scan(ProcessingVisitor.java:90)
	at spoon.reflect.visitor.CtScanner.visitCtWhile(CtScanner.java:722)
	at spoon.support.reflect.code.CtWhileImpl.accept(CtWhileImpl.java:30)
	at spoon.reflect.visitor.CtScanner.scan(CtScanner.java:153)
	at spoon.support.visitor.ProcessingVisitor.scan(ProcessingVisitor.java:90)
	at spoon.support.visitor.ProcessingVisitor.scan(ProcessingVisitor.java:66)
	at spoon.reflect.visitor.CtScanner.visitCtBlock(CtScanner.java:283)
	at spoon.support.reflect.code.CtBlockImpl.accept(CtBlockImpl.java:45)
	at spoon.reflect.visitor.CtScanner.scan(CtScanner.java:153)
	at spoon.support.visitor.ProcessingVisitor.scan(ProcessingVisitor.java:90)
	at spoon.reflect.visitor.CtScanner.visitCtMethod(CtScanner.java:503)
	at spoon.support.reflect.declaration.CtMethodImpl.accept(CtMethodImpl.java:51)
	at spoon.reflect.visitor.CtScanner.scan(CtScanner.java:153)
	at spoon.support.visitor.ProcessingVisitor.scan(ProcessingVisitor.java:90)
	at spoon.support.visitor.ProcessingVisitor.scan(ProcessingVisitor.java:66)
	at spoon.reflect.visitor.CtScanner.visitCtClass(CtScanner.java:319)
	at spoon.support.reflect.declaration.CtClassImpl.accept(CtClassImpl.java:59)
	at spoon.reflect.visitor.CtScanner.scan(CtScanner.java:153)
	at spoon.support.visitor.ProcessingVisitor.scan(ProcessingVisitor.java:90)
	at spoon.support.RuntimeProcessingManager.process(RuntimeProcessingManager.java:174)
	at spoon.support.RuntimeProcessingManager.process(RuntimeProcessingManager.java:156)
	at fr.inria.lille.commons.spoon.SpoonedFile.processModelledClasses(SpoonedFile.java:136)
	at fr.inria.lille.commons.spoon.SpoonedFile.process(SpoonedFile.java:128)
	at fr.inria.lille.commons.spoon.SpoonedFile.processedAndDumpedToClassLoader(SpoonedFile.java:119)
	at fr.inria.lille.commons.spoon.SpoonedFile.processedAndDumpedToClassLoader(SpoonedFile.java:115)
	at fr.inria.lille.repair.nopol.synth.ConstraintModelBuilder.<init>(ConstraintModelBuilder.java:59)
	at fr.inria.lille.repair.nopol.synth.SynthesizerFactory.getFor(SynthesizerFactory.java:125)
	at fr.inria.lille.repair.nopol.NoPol.solveWithMultipleBuild(NoPol.java:164)
	at fr.inria.lille.repair.nopol.NoPol.build(NoPol.java:123)
	at fr.inria.lille.repair.nopol.NoPol.build(NoPol.java:93)
	at fr.inria.lille.repair.nopol.NoPolLauncher.launch(NoPolLauncher.java:85)
	at fr.inria.lille.repair.Main.main(Main.java:59)
Exception in thread "main" java.lang.OutOfMemoryError: GC overhead limit exceeded
	at java.util.Formatter$FormatSpecifier.print(Formatter.java:3040)
	at java.util.Formatter$FormatSpecifier.printInteger(Formatter.java:2744)
	at java.util.Formatter$FormatSpecifier.print(Formatter.java:2702)
	at java.util.Formatter.format(Formatter.java:2488)
	at java.util.Formatter.format(Formatter.java:2423)
	at java.lang.String.format(String.java:2790)
	at xxl.java.junit.TestSuiteExecution.executionResult(TestSuiteExecution.java:100)
	at xxl.java.junit.TestSuiteExecution.runTestCase(TestSuiteExecution.java:42)
	at xxl.java.junit.TestSuiteExecution.runTestCases(TestSuiteExecution.java:85)
	at fr.inria.lille.repair.nopol.synth.ConstraintModelBuilder.buildFor(ConstraintModelBuilder.java:80)
	at fr.inria.lille.repair.nopol.synth.DefaultSynthesizer.buildPatch(DefaultSynthesizer.java:69)
	at fr.inria.lille.repair.nopol.NoPol.solveWithMultipleBuild(NoPol.java:185)
	at fr.inria.lille.repair.nopol.NoPol.build(NoPol.java:123)
	at fr.inria.lille.repair.nopol.NoPol.build(NoPol.java:93)
	at fr.inria.lille.repair.nopol.NoPolLauncher.launch(NoPolLauncher.java:85)
	at fr.inria.lille.repair.Main.main(Main.java:59)

real	29m46.940s
user	157m40.439s
sys	0m39.006s
