cd /tmp/closure_14_Nopol;export JAVA_TOOL_OPTIONS=-Dfile.encoding=UTF8;TZ="America/New_York"; export TZexport PATH="/usr/lib/jvm/java-1.7.0-openjdk-amd64/bin/:$PATH";cp -r /home/tdurieux/dynamoth-experiments/src/python/core/../../../libs/z3 lib/z3;time java -d64 -Xmx4g -Xms1g -XX:MaxPermSize=1024m -XX:+UseConcMarkSweepGC -XX:+CMSPermGenSweepingEnabled -XX:+CMSClassUnloadingEnabled -cp /home/tdurieux/dynamoth-experiments/src/python/core/../../..//libs/nopol.jar:/usr/lib/jvm/java-1.7.0-openjdk-amd64/bin//../lib/tools.jar fr.inria.lille.repair.Main --flocal gzoltar  --maxTime 300  --json  --mode repair --type pre_then_cond --oracle angelic --synthesis smt --solver z3 --solver-path /home/tdurieux/dynamoth-experiments/src/python/core/../../..//libs/z3/z3 --complianceLevel 6 --source /tmp/closure_14_Nopol/src/ --classpath /tmp/closure_14_Nopol/build/classes:/tmp/closure_14_Nopol/build/test:/tmp/closure_14_Nopol/build/lib/rhino.jar:/tmp/closure_14_Nopol/lib/ant.jar:/tmp/closure_14_Nopol/lib/ant-launcher.jar:/tmp/closure_14_Nopol/lib/args4j.jar:/tmp/closure_14_Nopol/lib/guava.jar:/tmp/closure_14_Nopol/lib/jarjar.jar:/tmp/closure_14_Nopol/lib/json.jar:/tmp/closure_14_Nopol/lib/jsr305.jar:/tmp/closure_14_Nopol/lib/junit.jar:/tmp/closure_14_Nopol/lib/caja-r4314.jar:/tmp/closure_14_Nopol/lib/protobuf-java.jar:/home/tdurieux/dynamoth-experiments/src/python/core/../../..//libs/nopol.jar;echo "

Node: `hostname`
";echo "
Date: `date`
";

13:27:43.136 [pool-2-thread-1] INFO  fr.inria.lille.repair.nopol.NoPol - Nb classes : 403
13:27:43.136 [pool-2-thread-1] INFO  fr.inria.lille.repair.nopol.NoPol - Nb methods : 4722
13:27:43.136 [pool-2-thread-1] INFO  fr.inria.lille.repair.nopol.NoPol - Nb Statements Analyzed : 35
13:27:43.136 [pool-2-thread-1] INFO  fr.inria.lille.repair.nopol.NoPol - Nb Statements with Angelic Value Found : 1
13:27:43.137 [pool-2-thread-1] INFO  fr.inria.lille.repair.nopol.NoPol - Nb inputs in SMT : 3
13:27:43.137 [pool-2-thread-1] INFO  fr.inria.lille.repair.nopol.NoPol - Nb SMT level: 1
13:27:43.137 [pool-2-thread-1] INFO  fr.inria.lille.repair.nopol.NoPol - Nb SMT components: [0] []
13:27:43.137 [pool-2-thread-1] INFO  fr.inria.lille.repair.nopol.NoPol - Nb variables in SMT : 27
13:27:43.137 [pool-2-thread-1] INFO  fr.inria.lille.repair.nopol.NoPol - NoPol Execution time : 203835ms
13:27:43.137 [pool-2-thread-1] INFO  fr.inria.lille.repair.nopol.NoPol - ----PATCH FOUND----
13:27:43.137 [pool-2-thread-1] INFO  fr.inria.lille.repair.nopol.NoPol - com.google.javascript.jscomp.ControlFlowAnalysis.this.shouldTraverseFunctions
13:27:47.376 [pool-2-thread-1] INFO  fr.inria.lille.repair.nopol.NoPol - Nb test that executes the patch: 7
13:27:47.377 [pool-2-thread-1] INFO  fr.inria.lille.repair.nopol.NoPol - com.google.javascript.jscomp.ControlFlowAnalysis:664: PRECONDITION
13:27:47.443 [pool-2-thread-1] INFO  fr.inria.lille.repair.nopol.NoPol - --- /tmp/closure_14_Nopol/src/com/google/javascript/jscomp/ControlFlowAnalysis.java
+++ /tmp/closure_14_Nopol/src/com/google/javascript/jscomp/ControlFlowAnalysis.java
@@ -663,3 +663,5 @@
     } else {
-      finallyMap.put(lastJump, null);
+      if (com.google.javascript.jscomp.ControlFlowAnalysis.this.shouldTraverseFunctions) {
+        finallyMap.put(lastJump, null);
+      }
     }

PATCH


Node: griffon-29.nancy.grid5000.fr


Date: Thu Mar  9 14:27:51 CET 2017


