cd /tmp/chart_4_Brutpol;export JAVA_TOOL_OPTIONS=-Dfile.encoding=UTF8;TZ="America/New_York"; export TZexport PATH="/usr/lib/jvm/java-1.7.0-openjdk-amd64/bin/:$PATH";cp -r /home/tdurieux/dynamoth-experiments/src/python/core/../../../libs/z3 lib/z3;time java -d64 -Xmx4g -Xms1g -XX:MaxPermSize=1024m -XX:+UseConcMarkSweepGC -XX:+CMSPermGenSweepingEnabled -XX:+CMSClassUnloadingEnabled -cp /home/tdurieux/dynamoth-experiments/src/python/core/../../..//libs/nopol.jar:/usr/lib/jvm/java-1.7.0-openjdk-amd64/bin//../lib/tools.jar fr.inria.lille.repair.Main --flocal gzoltar  --maxTime 300  --json  --mode repair --type pre_then_cond --oracle angelic --synthesis dynamoth --solver z3 --solver-path /home/tdurieux/dynamoth-experiments/src/python/core/../../..//libs/z3/z3 --complianceLevel 4 --source /tmp/chart_4_Brutpol/source/ --classpath /tmp/chart_4_Brutpol/build/:/tmp/chart_4_Brutpol/build-tests/:/tmp/chart_4_Brutpol/lib/cobertura-lib/servlet-api-2.5-6.1.14.jar:/tmp/chart_4_Brutpol/lib/servlet.jar:/home/tdurieux/dynamoth-experiments/src/python/core/../../..//libs/nopol.jar;echo "

Node: `hostname`
";echo "
Date: `date`
";

06:11:17.366 [pool-2-thread-1] INFO  fr.inria.lille.repair.nopol.NoPol - Nb classes : 635
06:11:17.366 [pool-2-thread-1] INFO  fr.inria.lille.repair.nopol.NoPol - Nb methods : 7103
06:11:17.366 [pool-2-thread-1] INFO  fr.inria.lille.repair.nopol.NoPol - Nb Statements Analyzed : 449
06:11:17.366 [pool-2-thread-1] INFO  fr.inria.lille.repair.nopol.NoPol - Nb Statements with Angelic Value Found : 1
06:11:17.366 [pool-2-thread-1] INFO  fr.inria.lille.repair.nopol.NoPol - NoPol Execution time : 682471ms
06:11:17.366 [pool-2-thread-1] INFO  fr.inria.lille.repair.nopol.NoPol - ----PATCH FOUND----
06:11:17.366 [pool-2-thread-1] INFO  fr.inria.lille.repair.nopol.NoPol - renderer != null
06:11:17.540 [pool-2-thread-1] INFO  fr.inria.lille.repair.nopol.NoPol - Nb test that executes the patch: 18
06:11:17.540 [pool-2-thread-1] INFO  fr.inria.lille.repair.nopol.NoPol - org.jfree.chart.plot.XYPlot:1607: PRECONDITION
06:11:17.700 [pool-2-thread-1] INFO  fr.inria.lille.repair.nopol.NoPol - --- /tmp/chart_4_Brutpol/source/org/jfree/chart/plot/XYPlot.java
+++ /tmp/chart_4_Brutpol/source/org/jfree/chart/plot/XYPlot.java
@@ -1606,3 +1606,5 @@
     public void setRenderer(XYItemRenderer renderer) {
-        setRenderer(0, renderer);
+        if (renderer != null) {
+            setRenderer(0, renderer);
+        }
     }



Node: griffon-11.nancy.grid5000.fr


Date: Sun Mar  5 07:11:18 CET 2017


