/tmp/math_40_NopolC
export PATH="/home/tdurieux/defects4j/framework/bin:$PATH";export JAVA_TOOL_OPTIONS=-Dfile.encoding=UTF8;export PATH="/usr/lib/jvm/java-1.7.0-openjdk-amd64/bin/:$PATH";cd /home/tdurieux/projects/math/math_40;defects4j compile;cp -r /home/tdurieux/projects/math/math_40 /tmp/math_40_NopolC;cd /tmp/math_40_NopolC;mkdir lib/;cp -r /home/tdurieux/defects4j/framework/projects/lib/* lib/;cp -r /home/tdurieux/defects4j/framework/projects/Math/lib/* lib/;find . -type f -name "package-info.java" -delete;
cd /tmp/math_40_NopolC;export JAVA_TOOL_OPTIONS=-Dfile.encoding=UTF8;export PATH="/usr/lib/jvm/java-1.7.0-openjdk-amd64/bin/:$PATH";TZ="America/New_York"; export TZ;cp -r /home/tdurieux/defects4j-repair/src/python/core/../../../libs/z3 lib/z3;time java  -cp /home/tdurieux/defects4j-repair/src/python/core/../../..//libs/nopol.jar:/usr/lib/jvm/java-1.7.0-openjdk-amd64/bin//../lib/tools.jar fr.inria.lille.repair.Main --mode repair --type condition --oracle angelic --synthesis smt --solver z3 --solver-path /home/tdurieux/defects4j-repair/src/python/core/../../..//libs/z3/z3 --complianceLevel 5 --source src/main/java/ --classpath target/classes/:target/test-classes/:lib/commons-discovery-0.5.jar:/home/tdurieux/defects4j-repair/src/python/core/../../..//libs/nopol.jar;echo "

Node: `hostname`
";echo "
Date: `date`
";rm -rf /tmp/math_40_NopolC;

Nb classes : 580
Nb methods : 3885
Nb statement executed by the passing tests of the patched line: 0
Nb statement executed by the failing tests of the patched line: 0
Nb statements: 24361
Nb unit tests : 3199
Nb Statements Analyzed : 46
Nb Statements with Angelic Value Found : 1
Nb inputs in SMT : 697
Nb SMT level: 3
Nb SMT components: [7] [== of arity: 2, != of arity: 2, < of arity: 2, <= of arity: 2, ! of arity: 1, || of arity: 2, && of arity: 2]
                  class java.lang.Boolean: 7
Nb variables in SMT : 31
Nb run failing test  : [2, 2, 2, 2, 1]
Nb run passing test : [1, 1, 1, 1, 23]
NoPol Execution time : 1077799ms
----PATCH FOUND----
org.apache.commons.math.analysis.solvers.BracketingNthOrderBrentSolver:260: CONDITIONAL (xA <= org.apache.commons.math.analysis.solvers.BracketingNthOrderBrentSolver.REDUCTION_FACTOR) || ((signChangeIndex - start) >= (end - signChangeIndex))


Node: griffon-17.nancy.grid5000.fr


Date: Sun May  8 13:47:33 EDT 2016


