cd /tmp/math_101_Brutpol;export JAVA_TOOL_OPTIONS=-Dfile.encoding=UTF8;TZ="America/New_York"; export TZexport PATH="/usr/lib/jvm/java-1.7.0-openjdk-amd64/bin/:$PATH";cp -r /home/tdurieux/dynamoth-experiments/src/python/core/../../../libs/z3 lib/z3;time java -d64 -Xmx4g -Xms1g -XX:MaxPermSize=1024m -XX:+UseConcMarkSweepGC -XX:+CMSPermGenSweepingEnabled -XX:+CMSClassUnloadingEnabled -cp /home/tdurieux/dynamoth-experiments/src/python/core/../../..//libs/nopol.jar:/usr/lib/jvm/java-1.7.0-openjdk-amd64/bin//../lib/tools.jar fr.inria.lille.repair.Main --flocal gzoltar  --maxTime 300  --json  --mode repair --type pre_then_cond --oracle angelic --synthesis dynamoth --solver z3 --solver-path /home/tdurieux/dynamoth-experiments/src/python/core/../../..//libs/z3/z3 --complianceLevel 7 --source /tmp/math_101_Brutpol/src/java/ --classpath /tmp/math_101_Brutpol/target/classes/:/tmp/math_101_Brutpol/target/test-classes/:/tmp/math_101_Brutpol/lib/commons-discovery-0.5.jar:/home/tdurieux/dynamoth-experiments/src/python/core/../../..//libs/nopol.jar;echo "

Node: `hostname`
";echo "
Date: `date`
";

14:02:24.762 [pool-2-thread-1] INFO  fr.inria.lille.repair.nopol.NoPol - Nb classes : 223
14:02:24.762 [pool-2-thread-1] INFO  fr.inria.lille.repair.nopol.NoPol - Nb methods : 1419
14:02:24.763 [pool-2-thread-1] INFO  fr.inria.lille.repair.nopol.NoPol - Nb Statements Analyzed : 33
14:02:24.763 [pool-2-thread-1] INFO  fr.inria.lille.repair.nopol.NoPol - Nb Statements with Angelic Value Found : 1
14:02:24.763 [pool-2-thread-1] INFO  fr.inria.lille.repair.nopol.NoPol - NoPol Execution time : 40406ms
14:02:24.763 [pool-2-thread-1] INFO  fr.inria.lille.repair.nopol.NoPol - ----PATCH FOUND----
14:02:24.763 [pool-2-thread-1] INFO  fr.inria.lille.repair.nopol.NoPol - startIndex == source.length()
14:02:24.822 [pool-2-thread-1] INFO  fr.inria.lille.repair.nopol.NoPol - Nb test that executes the patch: 24
14:02:24.822 [pool-2-thread-1] INFO  fr.inria.lille.repair.nopol.NoPol - org.apache.commons.math.complex.ComplexFormat:377: CONDITIONAL
14:02:24.851 [pool-2-thread-1] INFO  fr.inria.lille.repair.nopol.NoPol - --- /tmp/math_101_Brutpol/src/java/org/apache/commons/math/complex/ComplexFormat.java
+++ /tmp/math_101_Brutpol/src/java/org/apache/commons/math/complex/ComplexFormat.java
@@ -377,4 +377,3 @@
         if (
-            source.substring(startIndex, endIndex).compareTo(
-            getImaginaryCharacter()) != 0) {
+            startIndex == source.length()) {
             // set index back to initial, error index should be the start index



Node: griffon-11.nancy.grid5000.fr


Date: Sat Mar  4 15:02:25 CET 2017


