export PATH="/home/tdurieux/defects4j/framework/bin:$PATH";export JAVA_TOOL_OPTIONS=-Dfile.encoding=UTF8;export PATH="/usr/lib/jvm/java-1.7.0-openjdk-amd64/bin/:$PATH";cp -r /home/tdurieux/projects/math/math_56 /tmp/math_56_NopolPC;cd /tmp/math_56_NopolPC;defects4j compile;mkdir lib/;cp -r /home/tdurieux/defects4j/framework/projects/lib/* lib/;cp -r /home/tdurieux/defects4j/framework/projects/Math/lib/* lib/;find . -type f -name "package-info.java" -delete;
cd /tmp/math_56_NopolPC;export JAVA_TOOL_OPTIONS=-Dfile.encoding=UTF8;export PATH="/usr/lib/jvm/java-1.7.0-openjdk-amd64/bin/:$PATH";cp -r /home/tdurieux/defects4j-repair/src/python/core/../../../libs/z3 lib/z3;time java  -cp /home/tdurieux/defects4j-repair/src/python/core/../../..//libs/nopol.jar:/usr/lib/jvm/java-1.7.0-openjdk-amd64/bin//../lib/tools.jar fr.inria.lille.repair.Main --mode repair --type precondition --oracle angelic --synthesis smt --solver z3 --solver-path /home/tdurieux/defects4j-repair/src/python/core/../../..//libs/z3/z3 --complianceLevel 5 --source src/main/java/ --classpath target/classes/:target/test-classes/:lib/commons-discovery-0.5.jar:/home/tdurieux/defects4j-repair/src/python/core/../../..//libs/nopol.jar;echo "

Node: `hostname`
";echo "
Date: `date`
";rm -rf /tmp/math_56_NopolPC;

22:04:54.183 [Thread-12] DEBUG f.i.l.c.t.SpecificationTestCasesListener - [#1. FAILED]
22:04:54.184 [Thread-12] DEBUG f.i.l.c.t.SpecificationTestCasesListener - Tests run finished (3476866 ms)
<> Total tests run: 1
<> Ignored tests: 0
<> Failed tests: 1
~ testIterationConsistency(org.apache.commons.math.util.MultidimensionalCounterTest)
[Java heap space]
java.lang.OutOfMemoryError: Java heap space
    at java.util.AbstractList.iterator(AbstractList.java:288)
    at fr.inria.lille.commons.trace.collector.ValueCollector.collectWith(ValueCollector.java:30)
    at fr.inria.lille.commons.trace.collector.ValueCollector.collectFrom(ValueCollector.java:17)
    at fr.inria.lille.commons.trace.RuntimeValues.collectInput(RuntimeValues.java:64)
    at org.apache.commons.math.util.MultidimensionalCounter.getCounts(MultidimensionalCounter.java:117)
    at org.apache.commons.math.util.MultidimensionalCounterTest.testIterationConsistency(MultidimensionalCounterTest.java:170)
Nb classes : 499
Nb methods : 3184
Nb statements: 19668
Nb statement executed by the passing tests of the patched line: 0
Nb statement executed by the failing tests of the patched line: 0
Nb unit tests : 2400
Nb Statements Analyzed : 8
Nb Statements with Angelic Value Found : 0
Nb inputs in SMT : 0
Nb SMT level: 0
Nb variables in SMT : 0
Nb run failing test  : [2, 2, 2]
Nb run passing test : [1, 1, 1]
NoPol Execution time : 3635269ms


Node: griffon-74.nancy.grid5000.fr


Date: Fri Aug 21 00:05:07 CEST 2015


