export PATH="/home/tdurieux/defects4j/framework/bin:$PATH";export JAVA_TOOL_OPTIONS=-Dfile.encoding=UTF8;export PATH="/usr/lib/jvm/java-1.7.0-openjdk-amd64/bin/:$PATH";cp -r /home/tdurieux/projects/math/math_12 /tmp/math_12_Kali;cd /tmp/math_12_Kali;defects4j compile;mkdir lib/;cp -r /home/tdurieux/defects4j/framework/projects/lib/* lib/;cp -r /home/tdurieux/defects4j/framework/projects/Math/lib/* lib/;find . -type f -name "package-info.java" -delete;
/home/tdurieux/defects4j-repair/src/python/core/../../../results/2015-august/Math/12/Kali/result
cd /tmp/math_12_Kali;export JAVA_TOOL_OPTIONS=-Dfile.encoding=UTF8;TZ="America/New_York"; export TZexport PATH="/usr/lib/jvm/java-1.7.0-openjdk-amd64/bin/:$PATH";time java  -cp /home/tdurieux/defects4j-repair/src/python/core/../../..//libs/astor.jar fr.inria.main.evolution.MainjGenProg -mode statement-remove -location . -dependencies lib/ -failing org.apache.commons.math3.distribution.GammaDistributionTest:org.apache.commons.math3.distribution.LogNormalDistributionTest:org.apache.commons.math3.distribution.NormalDistributionTest: -package org.apache.commons -jvm4testexecution /usr/lib/jvm/java-1.7.0-openjdk-amd64/bin/ -javacompliancelevel 5 -maxgen 1000000 -seed 10 -maxtime 60  -scope local  -stopfirst false -flthreshold 0 -population 1 -srcjavafolder src/main/java/ -srctestfolder src/test/java/ -binjavafolder target/classes/ -bintestfolder target/test-classes/;echo "

Node: `hostname`
";echo "
Date: `date`
";rm -rf /tmp/math_12_Kali;

2015-08-25 21:40:05,217 INFO main - End Repair Loops: NOT Found solution
2015-08-25 21:40:05,217 INFO main - 
Number solutions:0
2015-08-25 21:40:05,217 INFO main - 
All variants:
2015-08-25 21:40:05,217 INFO main - f 3.0, [Variant id: 1, #gens: 962, #ops: 0, parent:-]
2015-08-25 21:40:05,217 INFO main - 
----stats: 
2015-08-25 21:40:05,217 INFO main - 
spaces navigation: [0]: {}
#gen: 0
#patches: 0
#RightCompilation: 1781
#WrongCompilation: 441
#FailingTestCaseExecution: 1782
#RegressionTestExecution: 3
#TestcasesExecutedval1: 104520
#TestcasesExecutedval2: 8790
#FailingTestCase: 60
#RegressionTestCases: 4395
#OfAppliedOp: 0
#NotAppliedOp: 0
#InmutatedGen: 0
#unfinishValidation: 1
#ing {}
#untilcompile {}
2015-08-25 21:40:05,217 INFO fr.inria.main.AbstractMain - Time Total(ms): 6698649


Node: graphene-62.nancy.grid5000.fr


Date: Tue Aug 25 23:40:05 CEST 2015


