cd /tmp/math_41_Brutpol;export JAVA_TOOL_OPTIONS=-Dfile.encoding=UTF8;TZ="America/New_York"; export TZexport PATH="/usr/lib/jvm/java-1.7.0-openjdk-amd64/bin/:$PATH";cp -r /home/tdurieux/dynamoth-experiments/src/python/core/../../../libs/z3 lib/z3;time java -d64 -Xmx4g -Xms1g -XX:MaxPermSize=1024m -XX:+UseConcMarkSweepGC -XX:+CMSPermGenSweepingEnabled -XX:+CMSClassUnloadingEnabled -cp /home/tdurieux/dynamoth-experiments/src/python/core/../../..//libs/nopol.jar:/usr/lib/jvm/java-1.7.0-openjdk-amd64/bin//../lib/tools.jar fr.inria.lille.repair.Main --flocal gzoltar  --maxTime 300  --json  --mode repair --type pre_then_cond --oracle angelic --synthesis dynamoth --solver z3 --solver-path /home/tdurieux/dynamoth-experiments/src/python/core/../../..//libs/z3/z3 --complianceLevel 5 --source /tmp/math_41_Brutpol/src/main/java/ --classpath /tmp/math_41_Brutpol/target/classes/:/tmp/math_41_Brutpol/target/test-classes/:/tmp/math_41_Brutpol/lib/commons-discovery-0.5.jar:/home/tdurieux/dynamoth-experiments/src/python/core/../../..//libs/nopol.jar;echo "

Node: `hostname`
";echo "
Date: `date`
";

17:35:05.033 [pool-2-thread-1] INFO  fr.inria.lille.repair.nopol.NoPol - Nb classes : 578
17:35:05.034 [pool-2-thread-1] INFO  fr.inria.lille.repair.nopol.NoPol - Nb methods : 3768
17:35:05.034 [pool-2-thread-1] INFO  fr.inria.lille.repair.nopol.NoPol - Nb Statements Analyzed : 4
17:35:05.034 [pool-2-thread-1] INFO  fr.inria.lille.repair.nopol.NoPol - Nb Statements with Angelic Value Found : 3
17:35:05.034 [pool-2-thread-1] INFO  fr.inria.lille.repair.nopol.NoPol - NoPol Execution time : 299115ms
17:35:05.034 [pool-2-thread-1] INFO  fr.inria.lille.repair.nopol.NoPol - ----PATCH FOUND----
17:35:05.034 [pool-2-thread-1] INFO  fr.inria.lille.repair.nopol.NoPol - mean <= length
17:35:05.210 [pool-2-thread-1] INFO  fr.inria.lille.repair.nopol.NoPol - Nb test that executes the patch: 3
17:35:05.211 [pool-2-thread-1] INFO  fr.inria.lille.repair.nopol.NoPol - org.apache.commons.math.stat.descriptive.moment.Variance:521: PRECONDITION
17:35:05.243 [pool-2-thread-1] INFO  fr.inria.lille.repair.nopol.NoPol - --- /tmp/math_41_Brutpol/src/main/java/org/apache/commons/math/stat/descriptive/moment/Variance.java
+++ /tmp/math_41_Brutpol/src/main/java/org/apache/commons/math/stat/descriptive/moment/Variance.java
@@ -520,3 +520,5 @@
                 for (int i = 0; i < weights.length; i++) {
-                    sumWts += weights[i];
+                    if (mean <= length) {
+                        sumWts += weights[i];
+                    }
                 }



Node: griffon-15.nancy.grid5000.fr


Date: Sat Mar  4 18:35:05 CET 2017


