export PATH="/home/tdurieux/defects4j/framework/bin:$PATH";export JAVA_TOOL_OPTIONS=-Dfile.encoding=UTF8;export PATH="/usr/lib/jvm/java-1.7.0-openjdk-amd64/bin/:$PATH";cp -r /home/tdurieux/projects/math/math_2 /tmp/math_2_Genprog;cd /tmp/math_2_Genprog;defects4j compile;mkdir lib/;cp -r /home/tdurieux/defects4j/framework/projects/lib/* lib/;cp -r /home/tdurieux/defects4j/framework/projects/Math/lib/* lib/;find . -type f -name "package-info.java" -delete;
/home/tdurieux/defects4j-repair/src/python/core/../../../results/2015-august/Math/2/Genprog/result
cd /tmp/math_2_Genprog;export JAVA_TOOL_OPTIONS=-Dfile.encoding=UTF8;TZ="America/New_York"; export TZexport PATH="/usr/lib/jvm/java-1.7.0-openjdk-amd64/bin/:$PATH";time java  -cp /home/tdurieux/defects4j-repair/src/python/core/../../..//libs/astor.jar fr.inria.main.evolution.MainjGenProg -mode statement -location . -dependencies lib/ -failing org.apache.commons.math3.distribution.HypergeometricDistributionTest: -package org.apache.commons -jvm4testexecution /usr/lib/jvm/java-1.7.0-openjdk-amd64/bin/ -javacompliancelevel 5 -maxgen 1000000 -seed 10 -maxtime 60  -scope local  -stopfirst true -flthreshold 0.1 -population 1 -srcjavafolder src/main/java/ -srctestfolder src/test/java/ -binjavafolder target/classes/ -bintestfolder target/test-classes/;echo "

Node: `hostname`
";echo "
Date: `date`
";rm -rf /tmp/math_2_Genprog;

2015-08-24 22:27:58,516 INFO main - End Repair Loops: Found solution
2015-08-24 22:27:58,516 INFO main - Solution stored at: ./outputMutation//MainjGenProg-.//src/
2015-08-24 22:27:58,516 INFO main - 
Number solutions:1
2015-08-24 22:27:58,516 INFO main - f (sol): 0.0, [Variant id: 2 (SOL) , #gens: 36, #ops: 1, parent:1]
2015-08-24 22:27:58,516 INFO main - 
All variants:
2015-08-24 22:27:58,516 INFO main - f 1.0, [Variant id: 3, #gens: 37, #ops: 0, parent:-]
2015-08-24 22:27:58,516 INFO main - 
Solution details
2015-08-24 22:27:58,516 INFO main - 
 --SOLUTIONS DESCRIPTION--

 ----
ProgramVariant 2
 
operation: DELETE
location= org.apache.commons.math3.distribution.AbstractIntegerDistribution
line= 138
original statement= upper = ((int)(java.lang.Math.ceil(tmp))) - 1
fixed statement= upper = ((int)(java.lang.Math.ceil(tmp))) - 1
generation= 1
ingredientScope= -
 
2015-08-24 22:27:58,516 INFO main - --Space: LOCAL
org.apache.commons.math3.distribution.HypergeometricDistribution=66|,org.apache.commons.math3.distribution.AbstractIntegerDistribution=56|,
2015-08-24 22:27:58,516 INFO main - 
----stats: 
2015-08-24 22:27:58,516 INFO main - 
spaces navigation: [0]: {}
#gen: 1
#patches: 1
#RightCompilation: 1
#WrongCompilation: 0
#FailingTestCaseExecution: 2
#RegressionTestExecution: 1
#TestcasesExecutedval1: 32
#TestcasesExecutedval2: 5014
#FailingTestCase: 16
#RegressionTestCases: 5014
#OfAppliedOp: 1
#NotAppliedOp: 0
#InmutatedGen: 0
#unfinishValidation: 0
#ing {CtAssignmentImpl=1}
#untilcompile {}
2015-08-24 22:27:58,516 INFO main - Time Evolution(ms): 279832
2015-08-24 22:27:58,517 INFO fr.inria.main.AbstractMain - Time Total(ms): 722087


Node: griffon-56.nancy.grid5000.fr


Date: Tue Aug 25 00:27:58 CEST 2015


