Running ant (compile)...................................................... OK
Running ant (compile.tests)................................................ OK
Picked up JAVA_TOOL_OPTIONS: -Dfile.encoding=UTF8
java.lang.NullPointerException
	at org.apache.commons.lang3.StringUtils.replaceEach(StringUtils.java:1130)
	at org.apache.commons.lang3.StringUtils.replaceEach(StringUtils.java:1112)
	at org.apache.commons.lang3.StringUtilsTest.testReplace_StringStringArrayStringArray(StringUtilsTest.java:1015)
	at sun.reflect.NativeMethodAccessorImpl.invoke0(Native Method)
	at sun.reflect.NativeMethodAccessorImpl.invoke(NativeMethodAccessorImpl.java:57)
	at sun.reflect.DelegatingMethodAccessorImpl.invoke(DelegatingMethodAccessorImpl.java:43)
	at java.lang.reflect.Method.invoke(Method.java:606)
	at junit.framework.TestCase.runTest(TestCase.java:176)
	at junit.framework.TestCase.runBare(TestCase.java:141)
	at junit.framework.TestResult$1.protect(TestResult.java:122)
	at junit.framework.TestResult.runProtected(TestResult.java:142)
	at junit.framework.TestResult.run(TestResult.java:125)
	at junit.framework.TestCase.run(TestCase.java:129)
	at junit.framework.TestSuite.runTest(TestSuite.java:255)
	at junit.framework.TestSuite.run(TestSuite.java:250)
	at org.junit.internal.runners.JUnit38ClassRunner.run(JUnit38ClassRunner.java:84)
	at org.junit.runner.JUnitCore.run(JUnitCore.java:160)
	at org.junit.runner.JUnitCore.run(JUnitCore.java:138)
	at xxl.java.junit.JUnitSingleTestRunner.call(JUnitSingleTestRunner.java:23)
	at xxl.java.junit.JUnitSingleTestRunner.call(JUnitSingleTestRunner.java:10)
	at java.util.concurrent.FutureTask.run(FutureTask.java:262)
	at java.util.concurrent.ThreadPoolExecutor.runWorker(ThreadPoolExecutor.java:1145)
	at java.util.concurrent.ThreadPoolExecutor$Worker.run(ThreadPoolExecutor.java:615)
	at java.lang.Thread.run(Thread.java:745)
java.lang.NullPointerException
	at org.apache.commons.lang3.StringUtils.replaceEach(StringUtils.java:1132)
	at org.apache.commons.lang3.StringUtils.replaceEach(StringUtils.java:1112)
	at org.apache.commons.lang3.StringUtilsTest.testReplace_StringStringArrayStringArray(StringUtilsTest.java:1015)
	at sun.reflect.NativeMethodAccessorImpl.invoke0(Native Method)
	at sun.reflect.NativeMethodAccessorImpl.invoke(NativeMethodAccessorImpl.java:57)
	at sun.reflect.DelegatingMethodAccessorImpl.invoke(DelegatingMethodAccessorImpl.java:43)
	at java.lang.reflect.Method.invoke(Method.java:606)
	at junit.framework.TestCase.runTest(TestCase.java:176)
	at junit.framework.TestCase.runBare(TestCase.java:141)
	at junit.framework.TestResult$1.protect(TestResult.java:122)
	at junit.framework.TestResult.runProtected(TestResult.java:142)
	at junit.framework.TestResult.run(TestResult.java:125)
	at junit.framework.TestCase.run(TestCase.java:129)
	at junit.framework.TestSuite.runTest(TestSuite.java:255)
	at junit.framework.TestSuite.run(TestSuite.java:250)
	at org.junit.internal.runners.JUnit38ClassRunner.run(JUnit38ClassRunner.java:84)
	at org.junit.runner.JUnitCore.run(JUnitCore.java:160)
	at org.junit.runner.JUnitCore.run(JUnitCore.java:138)
	at xxl.java.junit.JUnitSingleTestRunner.call(JUnitSingleTestRunner.java:23)
	at xxl.java.junit.JUnitSingleTestRunner.call(JUnitSingleTestRunner.java:10)
	at java.util.concurrent.FutureTask.run(FutureTask.java:262)
	at java.util.concurrent.ThreadPoolExecutor.runWorker(ThreadPoolExecutor.java:1145)
	at java.util.concurrent.ThreadPoolExecutor$Worker.run(ThreadPoolExecutor.java:615)
	at java.lang.Thread.run(Thread.java:745)
java.lang.NullPointerException
	at org.apache.commons.lang3.StringUtils.replaceEach(StringUtils.java:1130)
	at org.apache.commons.lang3.StringUtils.replaceEach(StringUtils.java:1112)
	at org.apache.commons.lang3.StringUtilsTest.testReplace_StringStringArrayStringArray(StringUtilsTest.java:1016)
	at sun.reflect.NativeMethodAccessorImpl.invoke0(Native Method)
	at sun.reflect.NativeMethodAccessorImpl.invoke(NativeMethodAccessorImpl.java:57)
	at sun.reflect.DelegatingMethodAccessorImpl.invoke(DelegatingMethodAccessorImpl.java:43)
	at java.lang.reflect.Method.invoke(Method.java:606)
	at junit.framework.TestCase.runTest(TestCase.java:176)
	at junit.framework.TestCase.runBare(TestCase.java:141)
	at junit.framework.TestResult$1.protect(TestResult.java:122)
	at junit.framework.TestResult.runProtected(TestResult.java:142)
	at junit.framework.TestResult.run(TestResult.java:125)
	at junit.framework.TestCase.run(TestCase.java:129)
	at junit.framework.TestSuite.runTest(TestSuite.java:255)
	at junit.framework.TestSuite.run(TestSuite.java:250)
	at org.junit.internal.runners.JUnit38ClassRunner.run(JUnit38ClassRunner.java:84)
	at org.junit.runner.JUnitCore.run(JUnitCore.java:160)
	at org.junit.runner.JUnitCore.run(JUnitCore.java:138)
	at xxl.java.junit.JUnitSingleTestRunner.call(JUnitSingleTestRunner.java:23)
	at xxl.java.junit.JUnitSingleTestRunner.call(JUnitSingleTestRunner.java:10)
	at java.util.concurrent.FutureTask.run(FutureTask.java:262)
	at java.util.concurrent.ThreadPoolExecutor.runWorker(ThreadPoolExecutor.java:1145)
	at java.util.concurrent.ThreadPoolExecutor$Worker.run(ThreadPoolExecutor.java:615)
	at java.lang.Thread.run(Thread.java:745)
java.lang.NullPointerException
	at org.apache.commons.lang3.StringUtils.replaceEach(StringUtils.java:1132)
	at org.apache.commons.lang3.StringUtils.replaceEach(StringUtils.java:1112)
	at org.apache.commons.lang3.StringUtilsTest.testReplace_StringStringArrayStringArray(StringUtilsTest.java:1017)
	at sun.reflect.NativeMethodAccessorImpl.invoke0(Native Method)
	at sun.reflect.NativeMethodAccessorImpl.invoke(NativeMethodAccessorImpl.java:57)
	at sun.reflect.DelegatingMethodAccessorImpl.invoke(DelegatingMethodAccessorImpl.java:43)
	at java.lang.reflect.Method.invoke(Method.java:606)
	at junit.framework.TestCase.runTest(TestCase.java:176)
	at junit.framework.TestCase.runBare(TestCase.java:141)
	at junit.framework.TestResult$1.protect(TestResult.java:122)
	at junit.framework.TestResult.runProtected(TestResult.java:142)
	at junit.framework.TestResult.run(TestResult.java:125)
	at junit.framework.TestCase.run(TestCase.java:129)
	at junit.framework.TestSuite.runTest(TestSuite.java:255)
	at junit.framework.TestSuite.run(TestSuite.java:250)
	at org.junit.internal.runners.JUnit38ClassRunner.run(JUnit38ClassRunner.java:84)
	at org.junit.runner.JUnitCore.run(JUnitCore.java:160)
	at org.junit.runner.JUnitCore.run(JUnitCore.java:138)
	at xxl.java.junit.JUnitSingleTestRunner.call(JUnitSingleTestRunner.java:23)
	at xxl.java.junit.JUnitSingleTestRunner.call(JUnitSingleTestRunner.java:10)
	at java.util.concurrent.FutureTask.run(FutureTask.java:262)
	at java.util.concurrent.ThreadPoolExecutor.runWorker(ThreadPoolExecutor.java:1145)
	at java.util.concurrent.ThreadPoolExecutor$Worker.run(ThreadPoolExecutor.java:615)
	at java.lang.Thread.run(Thread.java:745)
java.lang.NullPointerException
	at org.apache.commons.lang3.StringUtils.replaceEach(StringUtils.java:1130)
	at org.apache.commons.lang3.StringUtils.replaceEach(StringUtils.java:1112)
	at org.apache.commons.lang3.StringUtilsTest.testReplace_StringStringArrayStringArray(StringUtilsTest.java:1018)
	at sun.reflect.NativeMethodAccessorImpl.invoke0(Native Method)
	at sun.reflect.NativeMethodAccessorImpl.invoke(NativeMethodAccessorImpl.java:57)
	at sun.reflect.DelegatingMethodAccessorImpl.invoke(DelegatingMethodAccessorImpl.java:43)
	at java.lang.reflect.Method.invoke(Method.java:606)
	at junit.framework.TestCase.runTest(TestCase.java:176)
	at junit.framework.TestCase.runBare(TestCase.java:141)
	at junit.framework.TestResult$1.protect(TestResult.java:122)
	at junit.framework.TestResult.runProtected(TestResult.java:142)
	at junit.framework.TestResult.run(TestResult.java:125)
	at junit.framework.TestCase.run(TestCase.java:129)
	at junit.framework.TestSuite.runTest(TestSuite.java:255)
	at junit.framework.TestSuite.run(TestSuite.java:250)
	at org.junit.internal.runners.JUnit38ClassRunner.run(JUnit38ClassRunner.java:84)
	at org.junit.runner.JUnitCore.run(JUnitCore.java:160)
	at org.junit.runner.JUnitCore.run(JUnitCore.java:138)
	at xxl.java.junit.JUnitSingleTestRunner.call(JUnitSingleTestRunner.java:23)
	at xxl.java.junit.JUnitSingleTestRunner.call(JUnitSingleTestRunner.java:10)
	at java.util.concurrent.FutureTask.run(FutureTask.java:262)
	at java.util.concurrent.ThreadPoolExecutor.runWorker(ThreadPoolExecutor.java:1145)
	at java.util.concurrent.ThreadPoolExecutor$Worker.run(ThreadPoolExecutor.java:615)
	at java.lang.Thread.run(Thread.java:745)

real	1m22.669s
user	1m55.608s
sys	0m2.436s
