cd /tmp/closure_46_Brutpol;export JAVA_TOOL_OPTIONS=-Dfile.encoding=UTF8;TZ="America/New_York"; export TZexport PATH="/usr/lib/jvm/java-1.7.0-openjdk-amd64/bin/:$PATH";cp -r /home/tdurieux/dynamoth-experiments/src/python/core/../../../libs/z3 lib/z3;time java -d64 -Xmx4g -Xms1g -XX:MaxPermSize=1024m -XX:+UseConcMarkSweepGC -XX:+CMSPermGenSweepingEnabled -XX:+CMSClassUnloadingEnabled -cp /home/tdurieux/dynamoth-experiments/src/python/core/../../..//libs/nopol.jar:/usr/lib/jvm/java-1.7.0-openjdk-amd64/bin//../lib/tools.jar fr.inria.lille.repair.Main --flocal gzoltar  --maxTime 300  --json  --mode repair --type pre_then_cond --oracle angelic --synthesis dynamoth --solver z3 --solver-path /home/tdurieux/dynamoth-experiments/src/python/core/../../..//libs/z3/z3 --complianceLevel 6 --source /tmp/closure_46_Brutpol/src/ --classpath /tmp/closure_46_Brutpol/build/classes:/tmp/closure_46_Brutpol/build/test:/tmp/closure_46_Brutpol/build/lib/rhino.jar:/tmp/closure_46_Brutpol/lib/ant.jar:/tmp/closure_46_Brutpol/lib/ant-launcher.jar:/tmp/closure_46_Brutpol/lib/args4j.jar:/tmp/closure_46_Brutpol/lib/guava.jar:/tmp/closure_46_Brutpol/lib/jarjar.jar:/tmp/closure_46_Brutpol/lib/json.jar:/tmp/closure_46_Brutpol/lib/jsr305.jar:/tmp/closure_46_Brutpol/lib/junit.jar:/tmp/closure_46_Brutpol/lib/caja-r4314.jar:/tmp/closure_46_Brutpol/lib/protobuf-java.jar:/home/tdurieux/dynamoth-experiments/src/python/core/../../..//libs/nopol.jar;echo "

Node: `hostname`
";echo "
Date: `date`
";

08:23:40.990 [pool-2-thread-1] INFO  fr.inria.lille.repair.nopol.NoPol - Nb classes : 394
08:23:40.990 [pool-2-thread-1] INFO  fr.inria.lille.repair.nopol.NoPol - Nb methods : 4402
08:23:40.990 [pool-2-thread-1] INFO  fr.inria.lille.repair.nopol.NoPol - Nb Statements Analyzed : 61
08:23:40.990 [pool-2-thread-1] INFO  fr.inria.lille.repair.nopol.NoPol - Nb Statements with Angelic Value Found : 2
08:23:40.990 [pool-2-thread-1] INFO  fr.inria.lille.repair.nopol.NoPol - NoPol Execution time : 435499ms
08:23:40.990 [pool-2-thread-1] INFO  fr.inria.lille.repair.nopol.NoPol - ----PATCH FOUND----
08:23:40.990 [pool-2-thread-1] INFO  fr.inria.lille.repair.nopol.NoPol - a.differsFrom((com.google.javascript.rhino.jstype.JSType) a)
08:23:43.948 [pool-2-thread-1] INFO  fr.inria.lille.repair.nopol.NoPol - Nb test that executes the patch: 87
08:23:43.948 [pool-2-thread-1] INFO  fr.inria.lille.repair.nopol.NoPol - com.google.javascript.rhino.testing.Asserts:95: PRECONDITION
08:23:43.965 [pool-2-thread-1] INFO  fr.inria.lille.repair.nopol.NoPol - --- /tmp/closure_46_Brutpol/src/com/google/javascript/rhino/testing/Asserts.java
+++ /tmp/closure_46_Brutpol/src/com/google/javascript/rhino/testing/Asserts.java
@@ -94,3 +94,5 @@
   public static void assertTypeEquals(JSType a, JSType b) {
-    assertTypeEquals("", a, b);
+    if (a.differsFrom((com.google.javascript.rhino.jstype.JSType) a)) {
+      assertTypeEquals("", a, b);
+    }
   }



Node: griffon-17.nancy.grid5000.fr


Date: Sat Mar  4 09:23:47 CET 2017


