/tmp/lang_41_NopolC
export PATH="/home/tdurieux/defects4j/framework/bin:$PATH";export JAVA_TOOL_OPTIONS=-Dfile.encoding=UTF8;export PATH="/usr/lib/jvm/java-1.7.0-openjdk-amd64/bin/:$PATH";cd /home/tdurieux/projects/lang/lang_41;defects4j compile;cp -r /home/tdurieux/projects/lang/lang_41 /tmp/lang_41_NopolC;cd /tmp/lang_41_NopolC;mkdir lib/;cp -r /home/tdurieux/defects4j/framework/projects/lib/* lib/;cp -r /home/tdurieux/defects4j/framework/projects/Lang/lib/* lib/;find . -type f -name "package-info.java" -delete;
cd /tmp/lang_41_NopolC;export JAVA_TOOL_OPTIONS=-Dfile.encoding=UTF8;export PATH="/usr/lib/jvm/java-1.7.0-openjdk-amd64/bin/:$PATH";TZ="America/New_York"; export TZ;cp -r /home/tdurieux/defects4j-repair/src/python/core/../../../libs/z3 lib/z3;time java -Xmx8192m -cp /home/tdurieux/defects4j-repair/src/python/core/../../..//libs/nopol.jar:/usr/lib/jvm/java-1.7.0-openjdk-amd64/bin//../lib/tools.jar fr.inria.lille.repair.Main --mode repair --type condition --oracle angelic --synthesis smt --solver z3 --solver-path /home/tdurieux/defects4j-repair/src/python/core/../../..//libs/z3/z3 --complianceLevel 5 --source src/java/ --classpath target/classes/:target/test-classes/:lib/asm.jar:lib/cglib.jar:lib/commons-io.jar:lib/easymock.jar:/home/tdurieux/defects4j-repair/src/python/core/../../..//libs/nopol.jar;echo "

Node: `hostname`
";echo "
Date: `date`
";rm -rf /tmp/lang_41_NopolC;

Nb classes : 82
Nb methods : 1750
Nb statement executed by the passing tests of the patched line: 0
Nb statement executed by the failing tests of the patched line: 0
Nb statements: 8179
Nb unit tests : 1624
Nb Statements Analyzed : 18
Nb Statements with Angelic Value Found : 0
Nb inputs in SMT : 0
Nb SMT level: 0
Nb variables in SMT : 0
Nb run failing test  : [2, 2, 2, 2, 2, 2, 2]
Nb run passing test : [4, 4, 4, 4, 4, 4, 4]
NoPol Execution time : 32854ms


Node: griffon-19.nancy.grid5000.fr


Date: Mon May  9 23:11:59 EDT 2016


