Running ant (compile)...................................................... OK
Running ant (compile.tests)................................................ OK
Picked up JAVA_TOOL_OPTIONS: -Dfile.encoding=UTF8
OpenJDK 64-Bit Server VM warning: ignoring option MaxPermSize=1024m; support was removed in 8.0
com.sun.jdi.IncompatibleThreadStateException
	at com.sun.tools.jdi.ThreadReferenceImpl.privateFrames(ThreadReferenceImpl.java:436)
	at com.sun.tools.jdi.ThreadReferenceImpl.frames(ThreadReferenceImpl.java:351)
	at fr.inria.lille.repair.synthesis.DynamothCodeGenesisImpl.getCurrentTest(DynamothCodeGenesisImpl.java:302)
	at fr.inria.lille.repair.synthesis.DynamothCodeGenesisImpl.processBreakPointEvents(DynamothCodeGenesisImpl.java:269)
	at fr.inria.lille.repair.synthesis.DynamothCodeGenesisImpl.processVMEvents(DynamothCodeGenesisImpl.java:187)
	at fr.inria.lille.repair.synthesis.DynamothCodeGenesisImpl.run(DynamothCodeGenesisImpl.java:156)
	at fr.inria.lille.repair.nopol.synth.dynamoth.DynamothSynthesizer.buildPatch(DynamothSynthesizer.java:150)
	at fr.inria.lille.repair.nopol.NoPol.runNopolProcessor(NoPol.java:287)
	at fr.inria.lille.repair.nopol.NoPol.access$000(NoPol.java:90)
	at fr.inria.lille.repair.nopol.NoPol$1.call(NoPol.java:254)
	at java.util.concurrent.FutureTask.run(FutureTask.java:266)
	at java.util.concurrent.ThreadPoolExecutor.runWorker(ThreadPoolExecutor.java:1149)
	at java.util.concurrent.ThreadPoolExecutor$Worker.run(ThreadPoolExecutor.java:624)
	at java.lang.Thread.run(Thread.java:748)
Command exited with non-zero status 255
7925.57user 986.42system 2:03:50elapsed 119%CPU (0avgtext+0avgdata 4507064maxresident)k
102880inputs+152312outputs (44major+123090361minor)pagefaults 0swaps
