export PATH="/home/tdurieux/defects4j/framework/bin:$PATH";export JAVA_TOOL_OPTIONS=-Dfile.encoding=UTF8;export PATH="/usr/lib/jvm/java-1.7.0-openjdk-amd64/bin/:$PATH";cp -r /home/tdurieux/projects/math/math_17 /tmp/math_17_Kali;cd /tmp/math_17_Kali;defects4j compile;mkdir lib/;cp -r /home/tdurieux/defects4j/framework/projects/lib/* lib/;cp -r /home/tdurieux/defects4j/framework/projects/Math/lib/* lib/;find . -type f -name "package-info.java" -delete;
/home/tdurieux/defects4j-repair/src/python/core/../../../results/2015-august/Math/17/Kali/result
cd /tmp/math_17_Kali;export JAVA_TOOL_OPTIONS=-Dfile.encoding=UTF8;TZ="America/New_York"; export TZexport PATH="/usr/lib/jvm/java-1.7.0-openjdk-amd64/bin/:$PATH";time java  -cp /home/tdurieux/defects4j-repair/src/python/core/../../..//libs/astor.jar fr.inria.main.evolution.MainjGenProg -mode statement-remove -location . -dependencies lib/ -failing org.apache.commons.math3.dfp.DfpTest: -package org.apache.commons -jvm4testexecution /usr/lib/jvm/java-1.7.0-openjdk-amd64/bin/ -javacompliancelevel 5 -maxgen 1000000 -seed 10 -maxtime 60  -scope local  -stopfirst false -flthreshold 0 -population 1 -srcjavafolder src/main/java/ -srctestfolder src/test/java/ -binjavafolder target/classes/ -bintestfolder target/test-classes/;echo "

Node: `hostname`
";echo "
Date: `date`
";rm -rf /tmp/math_17_Kali;

2015-08-25 19:19:13,780 INFO main - End Repair Loops: NOT Found solution
2015-08-25 19:19:13,780 INFO main - 
Number solutions:0
2015-08-25 19:19:13,780 INFO main - 
All variants:
2015-08-25 19:19:13,780 INFO main - f 1.0, [Variant id: 1, #gens: 967, #ops: 0, parent:-]
2015-08-25 19:19:13,780 INFO main - 
----stats: 
2015-08-25 19:19:13,780 INFO main - 
spaces navigation: [0]: {}
#gen: 0
#patches: 0
#RightCompilation: 1861
#WrongCompilation: 373
#FailingTestCaseExecution: 1862
#RegressionTestExecution: 0
#TestcasesExecutedval1: 47788
#TestcasesExecutedval2: 0
#FailingTestCase: 26
#RegressionTestCases: 0
#OfAppliedOp: 0
#NotAppliedOp: 0
#InmutatedGen: 0
#unfinishValidation: 0
#ing {}
#untilcompile {}
2015-08-25 19:19:13,781 INFO fr.inria.main.AbstractMain - Time Total(ms): 4024100


Node: graphene-95.nancy.grid5000.fr


Date: Tue Aug 25 21:19:14 CEST 2015


