/tmp/math_49_NopolC
export PATH="/home/tdurieux/defects4j/framework/bin:$PATH";export JAVA_TOOL_OPTIONS=-Dfile.encoding=UTF8;export PATH="/usr/lib/jvm/java-1.7.0-openjdk-amd64/bin/:$PATH";cd /home/tdurieux/projects/math/math_49;defects4j compile;cp -r /home/tdurieux/projects/math/math_49 /tmp/math_49_NopolC;cd /tmp/math_49_NopolC;mkdir lib/;cp -r /home/tdurieux/defects4j/framework/projects/lib/* lib/;cp -r /home/tdurieux/defects4j/framework/projects/Math/lib/* lib/;find . -type f -name "package-info.java" -delete;
cd /tmp/math_49_NopolC;export JAVA_TOOL_OPTIONS=-Dfile.encoding=UTF8;export PATH="/usr/lib/jvm/java-1.7.0-openjdk-amd64/bin/:$PATH";TZ="America/New_York"; export TZ;cp -r /home/tdurieux/defects4j-repair/src/python/core/../../../libs/z3 lib/z3;time java -Xmx8192m -cp /home/tdurieux/defects4j-repair/src/python/core/../../..//libs/nopol.jar:/usr/lib/jvm/java-1.7.0-openjdk-amd64/bin//../lib/tools.jar fr.inria.lille.repair.Main --mode repair --type condition --oracle angelic --synthesis smt --solver z3 --solver-path /home/tdurieux/defects4j-repair/src/python/core/../../..//libs/z3/z3 --complianceLevel 5 --source src/main/java/ --classpath target/classes/:target/test-classes/:lib/commons-discovery-0.5.jar:/home/tdurieux/defects4j-repair/src/python/core/../../..//libs/nopol.jar;echo "

Node: `hostname`
";echo "
Date: `date`
";rm -rf /tmp/math_49_NopolC;

Nb classes : 570
Nb methods : 3620
Nb statement executed by the passing tests of the patched line: 0
Nb statement executed by the failing tests of the patched line: 0
Nb statements: 23405
Nb unit tests : 2954
Nb Statements Analyzed : 15
Nb Statements with Angelic Value Found : 1
Nb inputs in SMT : 9
Nb SMT level: 2
Nb SMT components: [4] [== of arity: 2, != of arity: 2, < of arity: 2, <= of arity: 2]
                  class java.lang.Boolean: 4
Nb variables in SMT : 10
Nb run failing test  : [1]
Nb run passing test : [7]
NoPol Execution time : 350637ms
----PATCH FOUND----
org.apache.commons.math.linear.OpenMapRealVector:666: CONDITIONAL org.apache.commons.math.linear.OpenMapRealVector.DEFAULT_ZERO_TOLERANCE == org.apache.commons.math.linear.OpenMapRealVector.this.epsilon


Node: graphene-57.nancy.grid5000.fr


Date: Mon May  9 20:18:44 EDT 2016


