/tmp/closure_131_NopolC
export PATH="/home/tdurieux/defects4j/framework/bin:$PATH";export JAVA_TOOL_OPTIONS=-Dfile.encoding=UTF8;export PATH="/usr/lib/jvm/java-1.7.0-openjdk-amd64/bin/:$PATH";cd /home/tdurieux/projects/closure/closure_131;defects4j compile;cp -r /home/tdurieux/projects/closure/closure_131 /tmp/closure_131_NopolC;cd /tmp/closure_131_NopolC;mkdir lib/;cp -r /home/tdurieux/defects4j/framework/projects/lib/* lib/;cp -r /home/tdurieux/defects4j/framework/projects/Closure/lib/* lib/;find . -type f -name "package-info.java" -delete;
cd /tmp/closure_131_NopolC;export JAVA_TOOL_OPTIONS=-Dfile.encoding=UTF8;export PATH="/usr/lib/jvm/java-1.7.0-openjdk-amd64/bin/:$PATH";cp -r /home/tdurieux/defects4j-repair/src/python/core/../../../libs/z3 lib/z3;time java -Xmx4096m -cp /home/tdurieux/defects4j-repair/src/python/core/../../..//libs/nopol.jar:/usr/lib/jvm/java-1.7.0-openjdk-amd64/bin//../lib/tools.jar fr.inria.lille.repair.Main --mode repair --type condition --oracle angelic --synthesis smt --solver z3 --solver-path /home/tdurieux/defects4j-repair/src/python/core/../../..//libs/z3/z3 --complianceLevel 6 --source /tmp/closure_131_NopolC/src/ --classpath /tmp/closure_131_NopolC/build/classes:/tmp/closure_131_NopolC/build/test:/tmp/closure_131_NopolC/build/lib/rhino.jar:/tmp/closure_131_NopolC/lib/ant.jar:/tmp/closure_131_NopolC/lib/ant-launcher.jar:/tmp/closure_131_NopolC/lib/args4j.jar:/tmp/closure_131_NopolC/lib/guava.jar:/tmp/closure_131_NopolC/lib/jarjar.jar:/tmp/closure_131_NopolC/lib/json.jar:/tmp/closure_131_NopolC/lib/jsr305.jar:/tmp/closure_131_NopolC/lib/junit.jar:/tmp/closure_131_NopolC/lib/caja-r4314.jar:/tmp/closure_131_NopolC/lib/protobuf-java.jar:/home/tdurieux/defects4j-repair/src/python/core/../../..//libs/nopol.jar;echo "

Node: `hostname`
";echo "
Date: `date`
";rm -rf /tmp/closure_131_NopolC;

Nb classes : 230
Nb methods : 2931
Nb statement executed by the passing tests of the patched line: 0
Nb statement executed by the failing tests of the patched line: 0
Nb statements: 44082
Nb unit tests : 7943
Nb Statements Analyzed : 370
Nb Statements with Angelic Value Found : 3
Nb inputs in SMT : 151
Nb SMT level: 3
Nb SMT components: [7] [== of arity: 2, != of arity: 2, < of arity: 2, <= of arity: 2, ! of arity: 1, || of arity: 2, && of arity: 2]
                  class java.lang.Boolean: 7
Nb variables in SMT : 75
Nb run failing test  : [2, 2, 2, 2, 2, 2, 2, 2, 2, 2, 1, 2, 1, 2, 2, 2, 2, 2, 2, 2, 2, 2, 2, 2, 2, 2, 2, 2, 2, 2, 1]
Nb run passing test : [4, 4, 4, 4, 4, 4, 4, 4, 4, 4, 334, 4, 621, 4, 4, 4, 4, 4, 4, 4, 4, 4, 4, 4, 4, 4, 4, 4, 4, 4, 3753]
NoPol Execution time : 1979121ms
----PATCH FOUND----
com.google.javascript.rhino.Node:1416: CONDITIONAL ((!(node2.sourcePosition <= com.google.javascript.rhino.Node.FLAG_ARGUMENTS_UNMODIFIED)) || (node2.type < com.google.javascript.rhino.Node.EMPTY_BLOCK)) && (diff!=null)


Node: griffon-24.nancy.grid5000.fr


Date: Mon May 16 20:35:41 CEST 2016


