cd /tmp/chart_15_Brutpol;export JAVA_TOOL_OPTIONS=-Dfile.encoding=UTF8;TZ="America/New_York"; export TZexport PATH="/usr/lib/jvm/java-1.7.0-openjdk-amd64/bin/:$PATH";cp -r /home/tdurieux/dynamoth-experiments/src/python/core/../../../libs/z3 lib/z3;time java -d64 -Xmx4g -Xms1g -XX:MaxPermSize=1024m -XX:+UseConcMarkSweepGC -XX:+CMSPermGenSweepingEnabled -XX:+CMSClassUnloadingEnabled -cp /home/tdurieux/dynamoth-experiments/src/python/core/../../..//libs/nopol.jar:/usr/lib/jvm/java-1.7.0-openjdk-amd64/bin//../lib/tools.jar fr.inria.lille.repair.Main --flocal gzoltar  --maxTime 300  --json  --mode repair --type pre_then_cond --oracle angelic --synthesis dynamoth --solver z3 --solver-path /home/tdurieux/dynamoth-experiments/src/python/core/../../..//libs/z3/z3 --complianceLevel 4 --source /tmp/chart_15_Brutpol/source/ --classpath /tmp/chart_15_Brutpol/build/:/tmp/chart_15_Brutpol/build-tests/:/tmp/chart_15_Brutpol/lib/cobertura-lib/servlet-api-2.5-6.1.14.jar:/tmp/chart_15_Brutpol/lib/servlet.jar:/home/tdurieux/dynamoth-experiments/src/python/core/../../..//libs/nopol.jar;echo "

Node: `hostname`
";echo "
Date: `date`
";

04:08:37.776 [pool-2-thread-1] INFO  fr.inria.lille.repair.nopol.NoPol - Nb classes : 579
04:08:37.777 [pool-2-thread-1] INFO  fr.inria.lille.repair.nopol.NoPol - Nb methods : 6245
04:08:37.777 [pool-2-thread-1] INFO  fr.inria.lille.repair.nopol.NoPol - Nb Statements Analyzed : 290
04:08:37.777 [pool-2-thread-1] INFO  fr.inria.lille.repair.nopol.NoPol - Nb Statements with Angelic Value Found : 1
04:08:37.777 [pool-2-thread-1] INFO  fr.inria.lille.repair.nopol.NoPol - NoPol Execution time : 278801ms
04:08:37.777 [pool-2-thread-1] INFO  fr.inria.lille.repair.nopol.NoPol - ----PATCH FOUND----
04:08:37.777 [pool-2-thread-1] INFO  fr.inria.lille.repair.nopol.NoPol - this.borderVisible
04:08:38.126 [pool-2-thread-1] INFO  fr.inria.lille.repair.nopol.NoPol - Nb test that executes the patch: 128
04:08:38.127 [pool-2-thread-1] INFO  fr.inria.lille.repair.nopol.NoPol - org.jfree.chart.JFreeChart:1219: PRECONDITION
04:08:38.252 [pool-2-thread-1] INFO  fr.inria.lille.repair.nopol.NoPol - --- /tmp/chart_15_Brutpol/source/org/jfree/chart/JFreeChart.java
+++ /tmp/chart_15_Brutpol/source/org/jfree/chart/JFreeChart.java
@@ -1218,3 +1218,5 @@
         }
-        this.plot.draw(g2, plotArea, anchor, null, plotInfo);
+        if (this.borderVisible) {
+            this.plot.draw(g2, plotArea, anchor, null, plotInfo);
+        }
 



Node: griffon-19.nancy.grid5000.fr


Date: Sun Mar  5 05:08:38 CET 2017


