Running ant (compile)...................................................... OK
Running ant (compile.tests)................................................ OK
Picked up JAVA_TOOL_OPTIONS: -Dfile.encoding=UTF8
OpenJDK 64-Bit Server VM warning: ignoring option MaxPermSize=1024m; support was removed in 8.0
java.util.concurrent.ExecutionException: java.lang.OutOfMemoryError: Java heap space
	at java.util.concurrent.FutureTask.report(FutureTask.java:122)
	at java.util.concurrent.FutureTask.get(FutureTask.java:206)
	at fr.inria.lille.repair.Main.main(Main.java:102)
Caused by: java.lang.OutOfMemoryError: Java heap space
	at java.lang.StringCoding$StringEncoder.encode(StringCoding.java:300)
	at java.lang.StringCoding.encode(StringCoding.java:344)
	at java.lang.String.getBytes(String.java:918)
	at java.io.UnixFileSystem.canonicalize0(Native Method)
	at java.io.UnixFileSystem.canonicalize(UnixFileSystem.java:172)
	at java.io.File.getCanonicalPath(File.java:618)
	at java.io.File.getCanonicalFile(File.java:643)
	at spoon.support.compiler.FileSystemFile.<init>(FileSystemFile.java:43)
	at spoon.support.compiler.FileSystemFolder.getFiles(FileSystemFolder.java:63)
	at spoon.support.compiler.FileSystemFolder.getAllJavaFiles(FileSystemFolder.java:108)
	at spoon.support.compiler.FileSystemFolder.getAllJavaFiles(FileSystemFolder.java:114)
	at spoon.support.compiler.FileSystemFolder.getAllJavaFiles(FileSystemFolder.java:114)
	at spoon.support.compiler.FileSystemFolder.getAllJavaFiles(FileSystemFolder.java:114)
	at spoon.support.compiler.FileSystemFolder.getAllJavaFiles(FileSystemFolder.java:114)
	at spoon.support.compiler.FileSystemFolder.getAllJavaFiles(FileSystemFolder.java:114)
	at spoon.support.StandardEnvironment.verifySourceClasspath(StandardEnvironment.java:424)
	at spoon.support.StandardEnvironment.setSourceClasspath(StandardEnvironment.java:408)
	at spoon.support.compiler.jdt.JDTBasedSpoonCompiler.setSourceClasspath(JDTBasedSpoonCompiler.java:307)
	at fr.inria.lille.commons.spoon.util.SpoonModelLibrary.modelFor(SpoonModelLibrary.java:47)
	at fr.inria.lille.commons.spoon.SpoonedFile.<init>(SpoonedFile.java:62)
	at fr.inria.lille.commons.spoon.SpoonedClass.<init>(SpoonedClass.java:14)
	at fr.inria.lille.commons.spoon.SpoonedProject.forked(SpoonedProject.java:47)
	at fr.inria.lille.repair.nopol.NoPol.runOnStatement(NoPol.java:218)
	at fr.inria.lille.repair.nopol.NoPol.solveWithMultipleBuild(NoPol.java:209)
	at fr.inria.lille.repair.nopol.NoPol.build(NoPol.java:162)
	at fr.inria.lille.repair.Main$1.call(Main.java:97)
	at java.util.concurrent.FutureTask.run(FutureTask.java:266)
	at java.util.concurrent.ThreadPoolExecutor.runWorker(ThreadPoolExecutor.java:1149)
	at java.util.concurrent.ThreadPoolExecutor$Worker.run(ThreadPoolExecutor.java:624)
	at java.lang.Thread.run(Thread.java:748)

Usage: java -jar nopol.jar
                          [(-m|--mode) <repair|ranking>] [(-e|--type) <pre_then_cond|loop|condition|precondition|arithmetic>] [(-o|--oracle) <angelic|symbolic>] [(-y|--synthesis) <smt|dynamoth>] [(-l|--solver) <z3|cvc4>] [(-p|--solver-path) <solverPath>] (-s|--source) source1:source2:...:sourceN  (-c|--classpath) <classpath> [(-t|--test) test1:test2:...:testN ] [--complianceLevel <complianceLevel>] [--maxTime <maxTime>] [--maxTimeType <maxTimeType>] [(-z|--flocal) < ochiai|dumb|gzoltar>] [--output <outputFolder>] [--json[:<outputJson>]]

  [(-m|--mode) <repair|ranking>]
        Define the mode of execution. (default: repair)

  [(-e|--type) <pre_then_cond|loop|condition|precondition|arithmetic>]
        The type of statement to analyze (only used with repair mode). (default:
        pre_then_cond)

  [(-o|--oracle) <angelic|symbolic>]
        Define the oracle (only used with repair mode). (default: angelic)

  [(-y|--synthesis) <smt|dynamoth>]
        Define the patch synthesis. (default: smt)

  [(-l|--solver) <z3|cvc4>]
        Define the solver (only used with smt synthesis). (default: z3)

  [(-p|--solver-path) <solverPath>]
        Define the solver binary path (only used with smt synthesis).

  (-s|--source) source1:source2:...:sourceN 
        Define the path to the source code of the project.

  (-c|--classpath) <classpath>
        Define the classpath of the project.

  [(-t|--test) test1:test2:...:testN ]
        Define the tests of the project.

  [--complianceLevel <complianceLevel>]
        The compliance level of the project. (default: 7)

  [--maxTime <maxTime>]
        The maximum time execution in minute for the whole execution of
        Nopol.(default: 10)

  [--maxTimeType <maxTimeType>]
        The maximum time execution in minute for one type of patch. (default: 5)

  [(-z|--flocal) < ochiai|dumb|gzoltar>]
        Define the fault localizer to be used. (default: ochiai)

  [--output <outputFolder>]
        Define the location where the patches will be saved. (default: .)

  [--json[:<outputJson>]]
        Output a json file in the current working directory.

Command exited with non-zero status 255
1942.30user 3.94system 30:32.74elapsed 106%CPU (0avgtext+0avgdata 4686720maxresident)k
103104inputs+7912outputs (44major+1405037minor)pagefaults 0swaps
