cd /tmp/mockito_29_Brutpol;export JAVA_TOOL_OPTIONS=-Dfile.encoding=UTF8;TZ="America/New_York"; export TZexport PATH="/usr/lib/jvm/java-1.7.0-openjdk-amd64/bin/:$PATH";cp -r /home/tdurieux/dynamoth-experiments/src/python/core/../../../libs/z3 lib/z3;time java -d64 -Xmx4g -Xms1g -XX:MaxPermSize=1024m -XX:+UseConcMarkSweepGC -XX:+CMSPermGenSweepingEnabled -XX:+CMSClassUnloadingEnabled -cp /home/tdurieux/dynamoth-experiments/src/python/core/../../..//libs/nopol.jar:/usr/lib/jvm/java-1.7.0-openjdk-amd64/bin//../lib/tools.jar fr.inria.lille.repair.Main --flocal gzoltar  --maxTime 300  --json  --mode repair --type pre_then_cond --oracle angelic --synthesis dynamoth --solver z3 --solver-path /home/tdurieux/dynamoth-experiments/src/python/core/../../..//libs/z3/z3 --complianceLevel 5 --source /tmp/mockito_29_Brutpol/src --classpath /tmp/mockito_29_Brutpol/target/classes:/tmp/mockito_29_Brutpol/target/test-classes:/tmp/mockito_29_Brutpol/lib/asm-all-5.0.4.jar:/tmp/mockito_29_Brutpol/lib/cglib-and-asm-1.0.jar:/tmp/mockito_29_Brutpol/lib/fest-assert-1.3.jar:/tmp/mockito_29_Brutpol/lib/hamcrest-all-1.3.jar:/tmp/mockito_29_Brutpol/lib/objenesis-2.1.jar:/tmp/mockito_29_Brutpol/lib/powermock-reflect-1.2.5.jar:/tmp/mockito_29_Brutpol/lib/assertj-core-2.1.0.jar:/tmp/mockito_29_Brutpol/lib/cobertura-2.0.3.jar:/tmp/mockito_29_Brutpol/lib/fest-util-1.1.4.jar:/tmp/mockito_29_Brutpol/lib/objenesis-2.2.jar:/home/tdurieux/dynamoth-experiments/src/python/core/../../..//libs/nopol.jar;echo "

Node: `hostname`
";echo "
Date: `date`
";

23:07:13.703 [pool-2-thread-1] INFO  fr.inria.lille.repair.nopol.NoPol - Nb classes : 240
23:07:13.704 [pool-2-thread-1] INFO  fr.inria.lille.repair.nopol.NoPol - Nb methods : 789
23:07:13.704 [pool-2-thread-1] INFO  fr.inria.lille.repair.nopol.NoPol - Nb Statements Analyzed : 7
23:07:13.704 [pool-2-thread-1] INFO  fr.inria.lille.repair.nopol.NoPol - Nb Statements with Angelic Value Found : 1
23:07:13.704 [pool-2-thread-1] INFO  fr.inria.lille.repair.nopol.NoPol - NoPol Execution time : 24910ms
23:07:13.704 [pool-2-thread-1] INFO  fr.inria.lille.repair.nopol.NoPol - ----PATCH FOUND----
23:07:13.704 [pool-2-thread-1] INFO  fr.inria.lille.repair.nopol.NoPol - this.wanted != null
23:07:13.834 [pool-2-thread-1] INFO  fr.inria.lille.repair.nopol.NoPol - Nb test that executes the patch: 5
23:07:13.835 [pool-2-thread-1] INFO  fr.inria.lille.repair.nopol.NoPol - org.mockito.internal.matchers.Same:29: PRECONDITION
23:07:13.845 [pool-2-thread-1] INFO  fr.inria.lille.repair.nopol.NoPol - --- /tmp/mockito_29_Brutpol/src/org/mockito/internal/matchers/Same.java
+++ /tmp/mockito_29_Brutpol/src/org/mockito/internal/matchers/Same.java
@@ -28,3 +28,5 @@
         appendQuoting(description);
-        description.appendText(wanted.toString());
+        if (this.wanted != null) {
+            description.appendText(wanted.toString());
+        }
         appendQuoting(description);



Node: griffon-12.nancy.grid5000.fr


Date: Sat Mar  4 00:07:14 CET 2017


