cd /tmp/math_28_Brutpol;export JAVA_TOOL_OPTIONS=-Dfile.encoding=UTF8;TZ="America/New_York"; export TZexport PATH="/usr/lib/jvm/java-1.7.0-openjdk-amd64/bin/:$PATH";cp -r /home/tdurieux/dynamoth-experiments/src/python/core/../../../libs/z3 lib/z3;time java -d64 -Xmx4g -Xms1g -XX:MaxPermSize=1024m -XX:+UseConcMarkSweepGC -XX:+CMSPermGenSweepingEnabled -XX:+CMSClassUnloadingEnabled -cp /home/tdurieux/dynamoth-experiments/src/python/core/../../..//libs/nopol.jar:/usr/lib/jvm/java-1.7.0-openjdk-amd64/bin//../lib/tools.jar fr.inria.lille.repair.Main --flocal gzoltar  --maxTime 300  --json  --mode repair --type pre_then_cond --oracle angelic --synthesis dynamoth --solver z3 --solver-path /home/tdurieux/dynamoth-experiments/src/python/core/../../..//libs/z3/z3 --complianceLevel 5 --source /tmp/math_28_Brutpol/src/main/java/ --classpath /tmp/math_28_Brutpol/target/classes/:/tmp/math_28_Brutpol/target/test-classes/:/tmp/math_28_Brutpol/lib/commons-discovery-0.5.jar:/home/tdurieux/dynamoth-experiments/src/python/core/../../..//libs/nopol.jar;echo "

Node: `hostname`
";echo "
Date: `date`
";

19:11:40.254 [pool-2-thread-1] INFO  fr.inria.lille.repair.nopol.NoPol - Nb classes : 587
19:11:40.255 [pool-2-thread-1] INFO  fr.inria.lille.repair.nopol.NoPol - Nb methods : 3829
19:11:40.255 [pool-2-thread-1] INFO  fr.inria.lille.repair.nopol.NoPol - Nb Statements Analyzed : 3
19:11:40.255 [pool-2-thread-1] INFO  fr.inria.lille.repair.nopol.NoPol - Nb Statements with Angelic Value Found : 1
19:11:40.255 [pool-2-thread-1] INFO  fr.inria.lille.repair.nopol.NoPol - NoPol Execution time : 591231ms
19:11:40.255 [pool-2-thread-1] INFO  fr.inria.lille.repair.nopol.NoPol - ----PATCH FOUND----
19:11:40.255 [pool-2-thread-1] INFO  fr.inria.lille.repair.nopol.NoPol - tableau.equals((java.lang.Object) this)
19:11:40.453 [pool-2-thread-1] INFO  fr.inria.lille.repair.nopol.NoPol - Nb test that executes the patch: 4
19:11:40.453 [pool-2-thread-1] INFO  fr.inria.lille.repair.nopol.NoPol - org.apache.commons.math3.optimization.linear.SimplexSolver:151: PRECONDITION
19:11:40.470 [pool-2-thread-1] INFO  fr.inria.lille.repair.nopol.NoPol - --- /tmp/math_28_Brutpol/src/main/java/org/apache/commons/math3/optimization/linear/SimplexSolver.java
+++ /tmp/math_28_Brutpol/src/main/java/org/apache/commons/math3/optimization/linear/SimplexSolver.java
@@ -150,3 +150,5 @@
                 }
-                return minRow;
+                if (tableau.equals((java.lang.Object) this)) {
+                    return minRow;
+                }
         }



Node: griffon-18.nancy.grid5000.fr


Date: Sat Mar  4 20:11:40 CET 2017


