export PATH="/home/tdurieux/defects4j/framework/bin:$PATH";export JAVA_TOOL_OPTIONS=-Dfile.encoding=UTF8;export PATH="/usr/lib/jvm/java-1.7.0-openjdk-amd64/bin/:$PATH";cp -r /home/tdurieux/projects/math/math_47 /tmp/math_47_Genprog;cd /tmp/math_47_Genprog;defects4j compile;mkdir lib/;cp -r /home/tdurieux/defects4j/framework/projects/lib/* lib/;cp -r /home/tdurieux/defects4j/framework/projects/Math/lib/* lib/;find . -type f -name "package-info.java" -delete;
/home/tdurieux/defects4j-repair/src/python/core/../../../results/2015-august/Math/47/Genprog/result
cd /tmp/math_47_Genprog;export JAVA_TOOL_OPTIONS=-Dfile.encoding=UTF8;export PATH="/usr/lib/jvm/java-1.7.0-openjdk-amd64/bin/:$PATH";time java  -cp /home/tdurieux/defects4j-repair/src/python/core/../../..//libs/astor.jar fr.inria.main.evolution.MainjGenProg -mode statement -location . -dependencies lib/ -failing org.apache.commons.math.complex.ComplexTest:org.apache.commons.math.complex.ComplexTest: -package org.apache.commons -jvm4testexecution /usr/lib/jvm/java-1.7.0-openjdk-amd64/bin/ -javacompliancelevel 5 -maxgen 1000000 -seed 10 -maxtime 60  -scope local  -stopfirst true -flthreshold 0.1 -population 1 -srcjavafolder src/main/java/ -srctestfolder src/test/java/ -binjavafolder target/classes/ -bintestfolder target/test-classes/;echo "

Node: `hostname`
";echo "
Date: `date`
";rm -rf /tmp/math_47_Genprog;

2015-08-24 22:15:41,327 INFO main - End Repair Loops: NOT Found solution
2015-08-24 22:15:41,327 INFO main - 
Number solutions:0
2015-08-24 22:15:41,327 INFO main - 
All variants:
2015-08-24 22:15:41,327 INFO main - f 4.0, [Variant id: 24419, #gens: 53, #ops: 0, parent:-]
2015-08-24 22:15:41,327 INFO main - --Space: LOCAL
org.apache.commons.math.complex.Complex=174|,org.apache.commons.math.util.FastMath=1741|,
2015-08-24 22:15:41,327 INFO main - 
----stats: 
2015-08-24 22:15:41,327 INFO main - 
spaces navigation: [61]: {(CtReturnImpl| size: 241| notcompiles| LOCAL| REPLACE) =95, (CtLocalVariableImpl| size: 24| alreadyanalyzed| LOCAL| REPLACE) =18091, (CtReturnImpl| size: 1741| alreadyanalyzed| LOCAL| INSERT_AFTER) =151, (CtIfImpl| size: 1741| alreadyanalyzed| LOCAL| INSERT_AFTER) =36, (CtLocalVariableImpl| size: 443| alreadyanalyzed| LOCAL| REPLACE) =26, (CtInvocationImpl| size: 174| compiles| LOCAL| INSERT_BEFORE) =312, (CtIfImpl| size: 257| notcompiles| LOCAL| REPLACE) =336, (CtIfImpl| size: 174| alreadyanalyzed| LOCAL| INSERT_BEFORE) =53388, (CtLocalVariableImpl| size: 1741| alreadyanalyzed| LOCAL| INSERT_AFTER) =52, (CtReturnImpl| size: 84| alreadyanalyzed| LOCAL| REPLACE) =107527, (CtIfImpl| size: 45| notcompiles| LOCAL| REPLACE) =211, (CtIfImpl| size: 1741| compiles| LOCAL| INSERT_BEFORE) =128, (CtInvocationImpl| size: 14| alreadyanalyzed| LOCAL| REPLACE) =4982, (CtIfImpl| size: 45| alreadyanalyzed| LOCAL| REPLACE) =42200, (CtReturnImpl| size: 84| notcompiles| LOCAL| REPLACE) =281, (CtIfImpl| size: 1741| alreadyanalyzed| LOCAL| INSERT_BEFORE) =30, (CtLocalVariableImpl| size: 174| notcompiles| LOCAL| INSERT_AFTER) =353, (CtReturnImpl| size: 174| notcompiles| LOCAL| INSERT_BEFORE) =524, (CtReturnImpl| size: 84| compiles| LOCAL| REPLACE) =443, (CtReturnImpl| size: 241| alreadyanalyzed| LOCAL| REPLACE) =19934, (CtReturnImpl| size: 1741| notcompiles| LOCAL| INSERT_AFTER) =309, (CtInvocationImpl| size: 174| notcompiles| LOCAL| INSERT_AFTER) =162, (CtIfImpl| size: 174| compiles| LOCAL| INSERT_AFTER) =931, (CtLocalVariableImpl| size: 174| notcompiles| LOCAL| INSERT_BEFORE) =336, (CtInvocationImpl| size: 174| alreadyanalyzed| LOCAL| INSERT_BEFORE) =11656, (CtInvocationImpl| size: 14| notcompiles| LOCAL| REPLACE) =46, (CtReturnImpl| size: 174| compiles| LOCAL| INSERT_AFTER) =914, (CtLocalVariableImpl| size: 1741| notcompiles| LOCAL| INSERT_AFTER) =217, (CtInvocationImpl| size: 174| compiles| LOCAL| INSERT_AFTER) =277, (CtInvocationImpl| size: 174| alreadyanalyzed| LOCAL| INSERT_AFTER) =16840, (CtReturnImpl| size: 1741| alreadyanalyzed| LOCAL| INSERT_BEFORE) =82, (CtReturnImpl| size: 174| alreadyanalyzed| LOCAL| INSERT_BEFORE) =142489, (CtLocalVariableImpl| size: 174| alreadyanalyzed| LOCAL| INSERT_AFTER) =55775, (CtLocalVariableImpl| size: 1741| notcompiles| LOCAL| INSERT_BEFORE) =226, (CtLocalVariableImpl| size: 1741| alreadyanalyzed| LOCAL| INSERT_BEFORE) =39, (CtIfImpl| size: 257| compiles| LOCAL| REPLACE) =165, (CtIfImpl| size: 45| compiles| LOCAL| REPLACE) =242, (CtIfImpl| size: 1741| notcompiles| LOCAL| INSERT_BEFORE) =170, (CtInvocationImpl| size: 14| compiles| LOCAL| REPLACE) =15, (CtReturnImpl| size: 241| compiles| LOCAL| REPLACE) =98, (CtIfImpl| size: 1741| compiles| LOCAL| INSERT_AFTER) =157, (CtLocalVariableImpl| size: 174| alreadyanalyzed| LOCAL| INSERT_BEFORE) =49660, (CtReturnImpl| size: 1741| notcompiles| LOCAL| INSERT_BEFORE) =242, (CtLocalVariableImpl| size: 1741| compiles| LOCAL| INSERT_AFTER) =144, (CtReturnImpl| size: 1741| compiles| LOCAL| INSERT_BEFORE) =163, (CtReturnImpl| size: 174| compiles| LOCAL| INSERT_BEFORE) =916, (CtIfImpl| size: 174| alreadyanalyzed| LOCAL| INSERT_AFTER) =59463, (CtLocalVariableImpl| size: 1741| compiles| LOCAL| INSERT_BEFORE) =151, (CtLocalVariableImpl| size: 443| compiles| LOCAL| REPLACE) =140, (CtIfImpl| size: 1741| notcompiles| LOCAL| INSERT_AFTER) =253, (CtIfImpl| size: 257| alreadyanalyzed| LOCAL| REPLACE) =728, (CtReturnImpl| size: 1741| compiles| LOCAL| INSERT_AFTER) =219, (CtIfImpl| size: 174| compiles| LOCAL| INSERT_BEFORE) =871, (CtIfImpl| size: 174| notcompiles| LOCAL| INSERT_AFTER) =569, (CtReturnImpl| size: 174| notcompiles| LOCAL| INSERT_AFTER) =553, (CtIfImpl| size: 174| notcompiles| LOCAL| INSERT_BEFORE) =524, (CtLocalVariableImpl| size: 174| compiles| LOCAL| INSERT_AFTER) =593, (CtReturnImpl| size: 174| alreadyanalyzed| LOCAL| INSERT_AFTER) =146187, (CtInvocationImpl| size: 174| notcompiles| LOCAL| INSERT_BEFORE) =193, (CtLocalVariableImpl| size: 174| compiles| LOCAL| INSERT_BEFORE) =576, (CtLocalVariableImpl| size: 24| compiles| LOCAL| REPLACE) =153}
#gen: 12209
#patches: 0
#RightCompilation: 3641
#WrongCompilation: 8568
#FailingTestCaseExecution: 3642
#RegressionTestExecution: 0
#TestcasesExecutedval1: 844944
#TestcasesExecutedval2: 0
#FailingTestCase: 232
#RegressionTestCases: 0
#OfAppliedOp: 12209
#NotAppliedOp: 0
#InmutatedGen: 6247
#unfinishValidation: 0
#ing {CtLocalVariableImpl=4057, CtReturnImpl=7589, CtInvocationImpl=1480, CtIfImpl=5330}
#untilcompile {1=1764, 2=990, 3=612, 4=456, 5=295, 6=232, 7=154, 8=128, 9=108, 10=89, 11=62, 12=66, 13=37, 1090=1, 14=95, 15=54, 17=40, 16=44, 19=25, 1118=2, 18=33, 21=17, 20=16, 23=13, 22=16, 25=58, 24=116, 27=30, 26=37, 29=17, 28=25, 31=14, 30=22, 34=10, 35=8, 32=6, 33=8, 38=13, 39=6, 1128=1, 36=10, 37=5, 42=5, 43=2, 40=7, 41=4, 46=55, 47=33, 44=2, 45=138, 51=17, 50=11, 49=20, 48=36, 55=5, 54=7, 53=7, 52=8, 59=6, 58=5, 57=4, 56=11, 63=5, 62=6, 61=2, 60=3, 68=1, 1033=1, 69=20, 70=11, 71=6, 64=4, 65=2, 1038=1, 66=3, 67=5, 76=1, 77=4, 78=2, 79=1, 72=5, 73=4, 74=4, 75=3, 85=83, 84=215, 87=33, 86=43, 81=1, 80=3, 83=1, 82=1, 93=11, 92=8, 95=11, 94=8, 89=21, 88=28, 1044=1, 91=16, 90=19, 102=1, 103=4, 100=6, 101=5, 98=11, 99=11, 1068=1, 96=4, 97=7, 110=5, 111=6, 108=26, 109=9, 106=3, 107=3, 104=3, 105=1, 119=2, 118=3, 117=5, 116=3, 114=2, 113=2, 112=2, 127=1, 126=3, 125=2, 123=1, 122=3, 121=1, 120=1, 137=1, 136=1, 139=2, 141=1, 140=3, 143=1, 129=19, 131=5, 130=6, 133=2, 132=6, 135=3, 134=5, 153=3, 154=2, 156=1, 158=1, 144=1, 145=1, 146=1, 147=2, 149=2, 151=1, 171=3, 170=2, 169=5, 168=18, 175=129, 174=453, 173=3, 172=1, 160=1, 167=1, 165=1, 186=8, 187=3, 184=16, 185=9, 190=9, 191=3, 188=29, 189=11, 178=50, 179=43, 176=99, 177=69, 182=14, 183=16, 180=30, 181=27, 205=6, 204=4, 207=4, 206=5, 201=6, 200=19, 203=7, 202=8, 197=1, 196=1, 199=17, 198=52, 193=8, 192=5, 195=1, 194=6, 220=25, 221=5, 222=12, 223=9, 216=3, 1173=1, 217=2, 218=2, 219=77, 212=4, 213=5, 214=2, 215=2, 208=6, 209=4, 210=4, 211=4, 239=2, 238=1, 237=4, 235=1, 234=5, 233=5, 232=1, 230=5, 229=2, 228=3, 227=4, 226=2, 225=3, 224=2, 254=2, 255=1, 252=2, 253=1, 250=3, 251=2, 248=2, 249=3, 246=1, 247=2, 244=4, 242=5, 1214=1, 243=7, 1212=1, 240=1, 241=15, 275=2, 274=3, 273=2, 272=1, 279=4, 278=2, 277=1, 276=1, 283=2, 282=9, 287=3, 286=4, 285=4, 284=2, 258=70, 259=19, 257=3, 262=9, 263=6, 260=14, 261=18, 266=8, 267=3, 264=6, 265=6, 270=3, 271=1, 268=4, 269=2, 305=1, 304=5, 307=1, 306=4, 308=1, 311=1, 310=2, 313=1, 317=1, 288=1, 291=1, 294=1, 299=1, 302=1, 303=16, 343=2, 342=6, 341=1, 336=1, 351=14, 350=19, 349=28, 348=87, 347=2, 346=1, 327=2, 322=1, 323=1, 320=1, 333=1, 330=2, 331=2, 373=2, 372=13, 375=1, 374=2, 369=1, 370=2, 377=1, 376=3, 356=7, 357=3, 358=2, 359=3, 352=10, 353=7, 354=3, 355=9, 365=4, 366=4, 360=5, 361=2, 362=3, 363=2, 409=1, 415=4, 402=2, 400=1, 406=2, 404=1, 395=5, 394=8, 393=14, 392=1, 398=4, 397=3, 396=3, 387=4, 386=1, 384=1, 391=1, 388=2, 440=2, 441=2, 443=1, 444=1, 447=3, 432=17, 433=9, 434=5, 435=3, 436=2, 437=2, 438=3, 439=2, 424=1, 426=1, 431=1, 417=5, 416=2, 419=2, 418=3, 421=1, 420=1, 423=2, 477=4, 472=1, 470=2, 471=2, 468=1, 469=1, 465=1, 461=1, 460=4, 458=1, 457=2, 456=5, 452=1, 448=1, 511=1, 505=1, 506=1, 501=3, 502=4, 496=1, 499=4, 493=1, 495=1, 494=1, 489=1, 488=1, 480=2, 550=1, 548=2, 546=2, 545=1, 555=1, 567=6, 566=1, 561=3, 573=1, 572=2, 569=1, 514=1, 524=2, 526=1, 527=3, 520=1, 521=1, 522=14, 523=3, 533=1, 532=1, 535=1, 529=3, 528=2, 530=1, 543=1, 542=1, 536=1, 610=1, 608=3, 609=1, 614=2, 612=1, 620=1, 625=2, 630=2, 638=1, 637=1, 636=1, 587=1, 591=2, 593=1, 592=2, 595=1, 606=5, 681=1, 680=1, 679=1, 675=1, 700=1, 701=1, 699=1, 696=5, 697=1, 692=1, 693=1, 690=1, 691=1, 653=1, 654=1, 648=1, 651=3, 644=1, 658=1, 746=1, 744=1, 741=1, 763=2, 765=1, 755=1, 713=1, 720=3, 722=3, 726=1, 827=1, 804=1, 808=1, 788=2, 785=1, 770=1, 780=1, 884=1, 894=1, 865=1, 870=1, 875=1, 849=1, 837=1, 846=1, 946=1, 916=1, 898=1, 1016=1, 1017=1, 1003=1}
2015-08-24 22:15:41,328 INFO main - Time Evolution(ms): 3660395
2015-08-24 22:15:41,328 INFO fr.inria.main.AbstractMain - Time Total(ms): 3843668


Node: graphene-9.nancy.grid5000.fr


Date: Tue Aug 25 00:15:41 CEST 2015


