Running ant (compile)...................................................... OK
Running ant (compile.tests)................................................ OK
Picked up JAVA_TOOL_OPTIONS: -Dfile.encoding=UTF8
Exception in thread "main" java.lang.OutOfMemoryError: Java heap space
	at java.util.Arrays.copyOfRange(Arrays.java:2694)
	at java.lang.String.<init>(String.java:203)
	at java.lang.StringBuilder.toString(StringBuilder.java:405)
	at fr.inria.lille.spirals.repair.expressionV2.combination.binary.BinaryExpressionImpl.asPatch(BinaryExpressionImpl.java:293)
	at fr.inria.lille.spirals.repair.expressionV2.combination.binary.BinaryExpressionImpl.toString(BinaryExpressionImpl.java:263)
	at fr.inria.lille.spirals.repair.synthesizer.SynthesizerImpl.checkExpression(SynthesizerImpl.java:556)
	at fr.inria.lille.spirals.repair.synthesizer.SynthesizerImpl.access$100(SynthesizerImpl.java:33)
	at fr.inria.lille.spirals.repair.synthesizer.SynthesizerImpl$2.check(SynthesizerImpl.java:528)
	at fr.inria.lille.spirals.repair.synthesizer.collect.DataCombiner.callListener(DataCombiner.java:325)
	at fr.inria.lille.spirals.repair.synthesizer.collect.DataCombiner.newCombiner(DataCombiner.java:137)
	at fr.inria.lille.spirals.repair.synthesizer.collect.DataCombiner.combine(DataCombiner.java:52)
	at fr.inria.lille.spirals.repair.synthesizer.SynthesizerImpl.combineValues(SynthesizerImpl.java:538)
	at fr.inria.lille.spirals.repair.synthesizer.SynthesizerImpl.run(SynthesizerImpl.java:156)
	at fr.inria.lille.repair.nopol.synth.brutpol.BrutSynthesizer.buildPatch(BrutSynthesizer.java:134)
	at fr.inria.lille.repair.nopol.NoPol.solveWithMultipleBuild(NoPol.java:185)
	at fr.inria.lille.repair.nopol.NoPol.build(NoPol.java:119)
	at fr.inria.lille.repair.nopol.NoPol.build(NoPol.java:89)
	at fr.inria.lille.repair.nopol.NoPolLauncher.launch(NoPolLauncher.java:84)
	at fr.inria.lille.repair.Main.main(Main.java:61)

real	44m46.270s
user	237m32.032s
sys	2m13.700s
