export PATH="/home/tdurieux/defects4j/framework/bin:$PATH";export JAVA_TOOL_OPTIONS=-Dfile.encoding=UTF8;export PATH="/usr/lib/jvm/java-1.7.0-openjdk-amd64/bin/:$PATH";cp -r /home/tdurieux/projects/math/math_2 /tmp/math_2_Kali;cd /tmp/math_2_Kali;defects4j compile;mkdir lib/;cp -r /home/tdurieux/defects4j/framework/projects/lib/* lib/;cp -r /home/tdurieux/defects4j/framework/projects/Math/lib/* lib/;find . -type f -name "package-info.java" -delete;
/home/tdurieux/defects4j-repair/src/python/core/../../../results/2015-august/Math/2/Kali/result
cd /tmp/math_2_Kali;export JAVA_TOOL_OPTIONS=-Dfile.encoding=UTF8;TZ="America/New_York"; export TZexport PATH="/usr/lib/jvm/java-1.7.0-openjdk-amd64/bin/:$PATH";time java  -cp /home/tdurieux/defects4j-repair/src/python/core/../../..//libs/astor.jar fr.inria.main.evolution.MainjGenProg -mode statement-remove -location . -dependencies lib/ -failing org.apache.commons.math3.distribution.HypergeometricDistributionTest: -package org.apache.commons -jvm4testexecution /usr/lib/jvm/java-1.7.0-openjdk-amd64/bin/ -javacompliancelevel 5 -maxgen 1000000 -seed 10 -maxtime 60  -scope local  -stopfirst false -flthreshold 0 -population 1 -srcjavafolder src/main/java/ -srctestfolder src/test/java/ -binjavafolder target/classes/ -bintestfolder target/test-classes/;echo "

Node: `hostname`
";echo "
Date: `date`
";rm -rf /tmp/math_2_Kali;

2015-08-25 19:25:39,990 INFO main - End Repair Loops: Found solution
2015-08-25 19:25:39,990 INFO main - Solution stored at: ./outputMutation//MainjGenProg-.//src/
2015-08-25 19:25:39,990 INFO main - 
Number solutions:5
2015-08-25 19:25:39,990 INFO main - f (sol): 0.0, [Variant id: 48 (SOL) , #gens: 942, #ops: 1, parent:1]
2015-08-25 19:25:39,991 INFO main - f (sol): 0.0, [Variant id: 51 (SOL) , #gens: 942, #ops: 1, parent:1]
2015-08-25 19:25:39,991 INFO main - f (sol): 0.0, [Variant id: 52 (SOL) , #gens: 942, #ops: 1, parent:1]
2015-08-25 19:25:39,991 INFO main - f (sol): 0.0, [Variant id: 60 (SOL) , #gens: 942, #ops: 1, parent:1]
2015-08-25 19:25:39,991 INFO main - f (sol): 0.0, [Variant id: 63 (SOL) , #gens: 942, #ops: 1, parent:1]
2015-08-25 19:25:39,991 INFO main - 
All variants:
2015-08-25 19:25:39,991 INFO main - f 1.0, [Variant id: 1, #gens: 942, #ops: 0, parent:-]
2015-08-25 19:25:39,991 INFO main - 
Solution details
2015-08-25 19:25:39,991 WARN spoon.support.StandardEnvironment - warning: ignoring inconsistent parent for CtCodeSnippetExpressionImpl (CtIfImpl != RootElement)null
2015-08-25 19:25:39,991 WARN spoon.support.StandardEnvironment - warning: ignoring inconsistent parent for CtCodeSnippetExpressionImpl (CtIfImpl != RootElement)null
2015-08-25 19:25:39,991 INFO main - 
 --SOLUTIONS DESCRIPTION--

 ----
ProgramVariant 48
 
operation: DELETE
location= org.apache.commons.math3.distribution.AbstractIntegerDistribution
line= 137
original statement= if (tmp < upper) {
	upper = ((int)(java.lang.Math.ceil(tmp))) - 1;
} 
fixed statement= if (tmp < upper) {
	upper = ((int)(java.lang.Math.ceil(tmp))) - 1;
} 
generation= 1
ingredientScope= -
 
 ----
ProgramVariant 51
 
operation: REPLACE
location= org.apache.commons.math3.distribution.AbstractIntegerDistribution
line= 137
original statement= if (tmp < upper) {
	upper = ((int)(java.lang.Math.ceil(tmp))) - 1;
} 
fixed statement= if (false) {
	upper = ((int)(java.lang.Math.ceil(tmp))) - 1;
} 
generation= 1
ingredientScope= -
 
 ----
ProgramVariant 52
 
operation: DELETE
location= org.apache.commons.math3.distribution.AbstractIntegerDistribution
line= 138
original statement= upper = ((int)(java.lang.Math.ceil(tmp))) - 1
fixed statement= upper = ((int)(java.lang.Math.ceil(tmp))) - 1
generation= 1
ingredientScope= -
 
 ----
ProgramVariant 60
 
operation: DELETE
location= org.apache.commons.math3.distribution.AbstractIntegerDistribution
line= 129
original statement= if (chebyshevApplies) {
	double k = org.apache.commons.math3.util.FastMath.sqrt(((1.0 - p) / p));
	double tmp = mu - (k * sigma);
	if (tmp > lower) {
		lower = ((int)(java.lang.Math.ceil(tmp))) - 1;
	} 
	k = 1.0 / k;
	tmp = mu + (k * sigma);
	if (tmp < upper) {
		upper = ((int)(java.lang.Math.ceil(tmp))) - 1;
	} 
} 
fixed statement= if (chebyshevApplies) {
	double k = org.apache.commons.math3.util.FastMath.sqrt(((1.0 - p) / p));
	double tmp = mu - (k * sigma);
	if (tmp > lower) {
		lower = ((int)(java.lang.Math.ceil(tmp))) - 1;
	} 
	k = 1.0 / k;
	tmp = mu + (k * sigma);
	if (tmp < upper) {
		upper = ((int)(java.lang.Math.ceil(tmp))) - 1;
	} 
} 
generation= 1
ingredientScope= -
 
 ----
ProgramVariant 63
 
operation: REPLACE
location= org.apache.commons.math3.distribution.AbstractIntegerDistribution
line= 129
original statement= if (chebyshevApplies) {
	double k = org.apache.commons.math3.util.FastMath.sqrt(((1.0 - p) / p));
	double tmp = mu - (k * sigma);
	if (tmp > lower) {
		lower = ((int)(java.lang.Math.ceil(tmp))) - 1;
	} 
	k = 1.0 / k;
	tmp = mu + (k * sigma);
	if (tmp < upper) {
		upper = ((int)(java.lang.Math.ceil(tmp))) - 1;
	} 
} 
fixed statement= if (false) {
	double k = org.apache.commons.math3.util.FastMath.sqrt(((1.0 - p) / p));
	double tmp = mu - (k * sigma);
	if (tmp > lower) {
		lower = ((int)(java.lang.Math.ceil(tmp))) - 1;
	} 
	k = 1.0 / k;
	tmp = mu + (k * sigma);
	if (tmp < upper) {
		upper = ((int)(java.lang.Math.ceil(tmp))) - 1;
	} 
} 
generation= 1
ingredientScope= -
 
2015-08-25 19:25:39,991 INFO main - 
----stats: 
2015-08-25 19:25:39,991 INFO main - 
spaces navigation: [0]: {}
#gen: 0
#patches: 5
#RightCompilation: 1827
#WrongCompilation: 343
#FailingTestCaseExecution: 1828
#RegressionTestExecution: 8
#TestcasesExecutedval1: 29232
#TestcasesExecutedval2: 35098
#FailingTestCase: 16
#RegressionTestCases: 5014
#OfAppliedOp: 0
#NotAppliedOp: 0
#InmutatedGen: 0
#unfinishValidation: 1
#ing {}
#untilcompile {}
2015-08-25 19:25:39,991 INFO fr.inria.main.AbstractMain - Time Total(ms): 3811614


Node: graphene-90.nancy.grid5000.fr


Date: Tue Aug 25 21:25:40 CEST 2015


