export PATH="/home/tdurieux/defects4j/framework/bin:$PATH";export JAVA_TOOL_OPTIONS=-Dfile.encoding=UTF8;export PATH="/usr/lib/jvm/java-1.7.0-openjdk-amd64/bin/:$PATH";cp -r /home/tdurieux/projects/chart/chart_4 /tmp/chart_4_Kali;cd /tmp/chart_4_Kali;defects4j compile;mkdir lib/;cp -r /home/tdurieux/defects4j/framework/projects/lib/* lib/;cp -r /home/tdurieux/defects4j/framework/projects/Chart/lib/* lib/;find . -type f -name "package-info.java" -delete;
/home/tdurieux/defects4j-repair/src/python/core/../../../results/2015-august/Chart/4/Kali/result
cd /tmp/chart_4_Kali;export JAVA_TOOL_OPTIONS=-Dfile.encoding=UTF8;TZ="America/New_York"; export TZexport PATH="/usr/lib/jvm/java-1.7.0-openjdk-amd64/bin/:$PATH";time java  -cp /home/tdurieux/defects4j-repair/src/python/core/../../..//libs/astor.jar fr.inria.main.evolution.MainjGenProg -mode statement-remove -location . -dependencies lib/ -failing org.jfree.chart.axis.junit.LogAxisTests:org.jfree.chart.axis.junit.LogAxisTests:org.jfree.chart.axis.junit.NumberAxisTests:org.jfree.chart.axis.junit.NumberAxisTests:org.jfree.chart.axis.junit.ValueAxisTests:org.jfree.chart.junit.JFreeChartTests:org.jfree.chart.junit.ScatterPlotTests:org.jfree.chart.junit.ScatterPlotTests:org.jfree.chart.junit.ScatterPlotTests:org.jfree.chart.junit.TimeSeriesChartTests:org.jfree.chart.junit.TimeSeriesChartTests:org.jfree.chart.junit.TimeSeriesChartTests:org.jfree.chart.junit.XYAreaChartTests:org.jfree.chart.junit.XYAreaChartTests:org.jfree.chart.junit.XYAreaChartTests:org.jfree.chart.junit.XYStepAreaChartTests:org.jfree.chart.junit.XYStepAreaChartTests:org.jfree.chart.junit.XYStepAreaChartTests:org.jfree.chart.junit.XYStepChartTests:org.jfree.chart.junit.XYStepChartTests:org.jfree.chart.junit.XYStepChartTests:org.jfree.chart.plot.junit.XYPlotTests: -package org.jfree -jvm4testexecution /usr/lib/jvm/java-1.7.0-openjdk-amd64/bin/ -javacompliancelevel 4 -maxgen 1000000 -seed 10 -maxtime 60  -scope local  -stopfirst false -flthreshold 0 -population 1 -srcjavafolder source/ -srctestfolder tests/ -binjavafolder build/ -bintestfolder build-tests/;echo "

Node: `hostname`
";echo "
Date: `date`
";rm -rf /tmp/chart_4_Kali;

2015-08-25 20:04:41,265 INFO main - End Repair Loops: NOT Found solution
2015-08-25 20:04:41,265 INFO main - 
Number solutions:0
2015-08-25 20:04:41,265 INFO main - 
All variants:
2015-08-25 20:04:41,265 INFO main - f 56.0, [Variant id: 1, #gens: 939, #ops: 0, parent:-]
2015-08-25 20:04:41,265 INFO main - 
----stats: 
2015-08-25 20:04:41,265 INFO main - 
spaces navigation: [0]: {}
#gen: 0
#patches: 0
#RightCompilation: 2023
#WrongCompilation: 301
#FailingTestCaseExecution: 2024
#RegressionTestExecution: 0
#TestcasesExecutedval1: 267168
#TestcasesExecutedval2: 0
#FailingTestCase: 132
#RegressionTestCases: 0
#OfAppliedOp: 0
#NotAppliedOp: 0
#InmutatedGen: 0
#unfinishValidation: 0
#ing {}
#untilcompile {}
2015-08-25 20:04:41,265 INFO fr.inria.main.AbstractMain - Time Total(ms): 3328610


Node: graphene-24.nancy.grid5000.fr


Date: Tue Aug 25 22:04:41 CEST 2015


