cd /tmp/lang_58_Brutpol;export JAVA_TOOL_OPTIONS=-Dfile.encoding=UTF8;TZ="America/New_York"; export TZexport PATH="/usr/lib/jvm/java-1.7.0-openjdk-amd64/bin/:$PATH";cp -r /home/tdurieux/dynamoth-experiments/src/python/core/../../../libs/z3 lib/z3;time java -d64 -Xmx4g -Xms1g -XX:MaxPermSize=1024m -XX:+UseConcMarkSweepGC -XX:+CMSPermGenSweepingEnabled -XX:+CMSClassUnloadingEnabled -cp /home/tdurieux/dynamoth-experiments/src/python/core/../../..//libs/nopol.jar:/usr/lib/jvm/java-1.7.0-openjdk-amd64/bin//../lib/tools.jar fr.inria.lille.repair.Main --flocal gzoltar  --maxTime 300  --json  --mode repair --type pre_then_cond --oracle angelic --synthesis dynamoth --solver z3 --solver-path /home/tdurieux/dynamoth-experiments/src/python/core/../../..//libs/z3/z3 --complianceLevel 3 --source /tmp/lang_58_Brutpol/src/java/ --classpath /tmp/lang_58_Brutpol/target/classes/:/tmp/lang_58_Brutpol/target/tests/:/tmp/lang_58_Brutpol/lib/asm.jar:/tmp/lang_58_Brutpol/lib/cglib.jar:/tmp/lang_58_Brutpol/lib/commons-io.jar:/tmp/lang_58_Brutpol/lib/easymock.jar:/home/tdurieux/dynamoth-experiments/src/python/core/../../..//libs/nopol.jar;echo "

Node: `hostname`
";echo "
Date: `date`
";

12:16:32.584 [pool-2-thread-1] INFO  fr.inria.lille.repair.nopol.NoPol - Nb classes : 77
12:16:32.584 [pool-2-thread-1] INFO  fr.inria.lille.repair.nopol.NoPol - Nb methods : 1700
12:16:32.584 [pool-2-thread-1] INFO  fr.inria.lille.repair.nopol.NoPol - Nb Statements Analyzed : 8
12:16:32.585 [pool-2-thread-1] INFO  fr.inria.lille.repair.nopol.NoPol - Nb Statements with Angelic Value Found : 3
12:16:32.585 [pool-2-thread-1] INFO  fr.inria.lille.repair.nopol.NoPol - NoPol Execution time : 45370ms
12:16:32.585 [pool-2-thread-1] INFO  fr.inria.lille.repair.nopol.NoPol - ----PATCH FOUND----
12:16:32.585 [pool-2-thread-1] INFO  fr.inria.lille.repair.nopol.NoPol - exp == dec
12:16:32.629 [pool-2-thread-1] INFO  fr.inria.lille.repair.nopol.NoPol - Nb test that executes the patch: 3
12:16:32.629 [pool-2-thread-1] INFO  fr.inria.lille.repair.nopol.NoPol - org.apache.commons.lang.math.NumberUtils:452: CONDITIONAL
12:16:32.732 [pool-2-thread-1] INFO  fr.inria.lille.repair.nopol.NoPol - --- /tmp/lang_58_Brutpol/src/java/org/apache/commons/lang/math/NumberUtils.java
+++ /tmp/lang_58_Brutpol/src/java/org/apache/commons/lang/math/NumberUtils.java
@@ -451,6 +451,3 @@
                 case 'L' :
-                    if (dec == null
-                        && exp == null
-                        && isDigits(numeric.substring(1))
-                        && (numeric.charAt(0) == '-' || Character.isDigit(numeric.charAt(0)))) {
+                    if (exp == dec) {
                         try {
@@ -461,3 +458,3 @@
                         return createBigInteger(numeric);
-
+                        
                     }

PATCH


Node: griffon-26.nancy.grid5000.fr


Date: Fri Mar 10 13:16:33 CET 2017


