/tmp/closure_35_NopolPC
export PATH="/home/tdurieux/defects4j/framework/bin:$PATH";export JAVA_TOOL_OPTIONS=-Dfile.encoding=UTF8;export PATH="/usr/lib/jvm/java-1.7.0-openjdk-amd64/bin/:$PATH";cd /home/tdurieux/projects/closure/closure_35;defects4j compile;cp -r /home/tdurieux/projects/closure/closure_35 /tmp/closure_35_NopolPC;cd /tmp/closure_35_NopolPC;mkdir lib/;cp -r /home/tdurieux/defects4j/framework/projects/lib/* lib/;cp -r /home/tdurieux/defects4j/framework/projects/Closure/lib/* lib/;find . -type f -name "package-info.java" -delete;
cd /tmp/closure_35_NopolPC;export JAVA_TOOL_OPTIONS=-Dfile.encoding=UTF8;TZ="America/New_York"; export TZexport PATH="/usr/lib/jvm/java-1.7.0-openjdk-amd64/bin/:$PATH";cp -r /home/tdurieux/defects4j-repair/src/python/core/../../../libs/z3 lib/z3;time java -Xmx4096m -cp /home/tdurieux/defects4j-repair/src/python/core/../../..//libs/nopol.jar:/usr/lib/jvm/java-1.7.0-openjdk-amd64/bin//../lib/tools.jar fr.inria.lille.repair.Main --mode repair --type precondition --oracle angelic --synthesis smt --solver z3 --solver-path /home/tdurieux/defects4j-repair/src/python/core/../../..//libs/z3/z3 --complianceLevel 6 --source /tmp/closure_35_NopolPC/src/ --classpath /tmp/closure_35_NopolPC/build/classes:/tmp/closure_35_NopolPC/build/test:/tmp/closure_35_NopolPC/build/lib/rhino.jar:/tmp/closure_35_NopolPC/lib/ant.jar:/tmp/closure_35_NopolPC/lib/ant-launcher.jar:/tmp/closure_35_NopolPC/lib/args4j.jar:/tmp/closure_35_NopolPC/lib/guava.jar:/tmp/closure_35_NopolPC/lib/jarjar.jar:/tmp/closure_35_NopolPC/lib/json.jar:/tmp/closure_35_NopolPC/lib/jsr305.jar:/tmp/closure_35_NopolPC/lib/junit.jar:/tmp/closure_35_NopolPC/lib/caja-r4314.jar:/tmp/closure_35_NopolPC/lib/protobuf-java.jar:/home/tdurieux/defects4j-repair/src/python/core/../../..//libs/nopol.jar;echo "

Node: `hostname`
";echo "
Date: `date`
";rm -rf /tmp/closure_35_NopolPC;

Nb classes : 401
Nb methods : 4623
Nb statement executed by the passing tests of the patched line: 0
Nb statement executed by the failing tests of the patched line: 0
Nb statements: 41409
Nb unit tests : 7395
Nb Statements Analyzed : 14
Nb Statements with Angelic Value Found : 1
Nb inputs in SMT : 28
Nb SMT level: 4
Nb SMT components: [9] [== of arity: 2, != of arity: 2, < of arity: 2, <= of arity: 2, ! of arity: 1, || of arity: 2, && of arity: 2, + of arity: 2, - of arity: 2]
                  class java.lang.Number: 2
                  class java.lang.Boolean: 7
Nb variables in SMT : 50
Nb run failing test  : [2, 2, 2, 2, 2, 2, 2, 1]
Nb run passing test : [1, 1, 1, 1, 1, 1, 1, 30]
NoPol Execution time : 260681ms
----PATCH FOUND----
com.google.javascript.rhino.jstype.JSTypeRegistry:1655: PRECONDITION (!(fieldName.length() == (sourceName.length()) - (fieldName.length()))) || (com.google.javascript.rhino.jstype.JSTypeRegistry.this.namesToTypes.size() < sourceName.length() + sourceName.length())


Node: grisou-38.nancy.grid5000.fr


Date: Mon May 16 21:05:24 CEST 2016


