export PATH="/home/tdurieux/defects4j/framework/bin:$PATH";export JAVA_TOOL_OPTIONS=-Dfile.encoding=UTF8;export PATH="/usr/lib/jvm/java-1.7.0-openjdk-amd64/bin/:$PATH";cp -r /home/tdurieux/projects/math/math_75 /tmp/math_75_Genprog;cd /tmp/math_75_Genprog;defects4j compile;mkdir lib/;cp -r /home/tdurieux/defects4j/framework/projects/lib/* lib/;cp -r /home/tdurieux/defects4j/framework/projects/Math/lib/* lib/;find . -type f -name "package-info.java" -delete;
/home/tdurieux/defects4j-repair/src/python/core/../../../results/2015-august/Math/75/Genprog/result
cd /tmp/math_75_Genprog;export JAVA_TOOL_OPTIONS=-Dfile.encoding=UTF8;export PATH="/usr/lib/jvm/java-1.7.0-openjdk-amd64/bin/:$PATH";time java  -cp /home/tdurieux/defects4j-repair/src/python/core/../../..//libs/astor.jar fr.inria.main.evolution.MainjGenProg -mode statement -location . -dependencies lib/ -failing org.apache.commons.math.stat.FrequencyTest: -package org.apache.commons -jvm4testexecution /usr/lib/jvm/java-1.7.0-openjdk-amd64/bin/ -javacompliancelevel 5 -maxgen 1000000 -seed 10 -maxtime 60  -scope local  -stopfirst true -flthreshold 0.1 -population 1 -srcjavafolder src/main/java/ -srctestfolder src/test/java/ -binjavafolder target/classes/ -bintestfolder target/test-classes/;echo "

Node: `hostname`
";echo "
Date: `date`
";rm -rf /tmp/math_75_Genprog;

2015-08-24 22:12:12,742 INFO main - End Repair Loops: NOT Found solution
2015-08-24 22:12:12,742 INFO main - 
Number solutions:0
2015-08-24 22:12:12,742 INFO main - 
All variants:
2015-08-24 22:12:12,742 INFO main - f 1.0, [Variant id: 9955, #gens: 45, #ops: 0, parent:-]
2015-08-24 22:12:12,742 INFO main - --Space: LOCAL
org.apache.commons.math.stat.Frequency=119|,
2015-08-24 22:12:12,742 INFO main - 
----stats: 
2015-08-24 22:12:12,742 INFO main - 
spaces navigation: [60]: {(CtOperatorAssignmentImpl| size: 119| notcompiles| LOCAL| INSERT_BEFORE) =60, (CtLocalVariableImpl| size: 119| notcompiles| LOCAL| INSERT_AFTER) =333, (CtIfImpl| size: 119| alreadyanalyzed| LOCAL| INSERT_AFTER) =18342, (CtWhileImpl| size: 119| alreadyanalyzed| LOCAL| INSERT_AFTER) =362, (CtIfImpl| size: 119| compiles| LOCAL| INSERT_AFTER) =398, (CtOperatorAssignmentImpl| size: 119| alreadyanalyzed| LOCAL| INSERT_AFTER) =1566, (CtReturnImpl| size: 119| alreadyanalyzed| LOCAL| INSERT_AFTER) =49919, (CtReturnImpl| size: 40| notcompiles| LOCAL| REPLACE) =117, (CtWhileImpl| size: 3| notcompiles| LOCAL| REPLACE) =2, (CtAssignmentImpl| size: 119| notcompiles| LOCAL| INSERT_BEFORE) =110, (CtOperatorAssignmentImpl| size: 119| compiles| LOCAL| INSERT_BEFORE) =33, (CtOperatorAssignmentImpl| size: 119| notcompiles| LOCAL| INSERT_AFTER) =60, (CtOperatorAssignmentImpl| size: 119| alreadyanalyzed| LOCAL| INSERT_BEFORE) =2581, (CtIfImpl| size: 20| compiles| LOCAL| REPLACE) =101, (CtAssignmentImpl| size: 119| notcompiles| LOCAL| INSERT_AFTER) =119, (CtWhileImpl| size: 119| notcompiles| LOCAL| INSERT_BEFORE) =60, (CtLocalVariableImpl| size: 119| alreadyanalyzed| LOCAL| INSERT_BEFORE) =27703, (CtLocalVariableImpl| size: 119| notcompiles| LOCAL| INSERT_BEFORE) =367, (CtIfImpl| size: 119| compiles| LOCAL| INSERT_BEFORE) =395, (CtInvocationImpl| size: 23| compiles| LOCAL| REPLACE) =12, (CtIfImpl| size: 20| alreadyanalyzed| LOCAL| REPLACE) =8679, (CtInvocationImpl| size: 119| notcompiles| LOCAL| INSERT_BEFORE) =164, (CtWhileImpl| size: 119| compiles| LOCAL| INSERT_BEFORE) =33, (CtAssignmentImpl| size: 7| compiles| LOCAL| REPLACE) =4, (CtAssignmentImpl| size: 119| alreadyanalyzed| LOCAL| INSERT_BEFORE) =3597, (CtReturnImpl| size: 119| notcompiles| LOCAL| INSERT_AFTER) =439, (CtInvocationImpl| size: 119| compiles| LOCAL| INSERT_AFTER) =100, (CtInvocationImpl| size: 119| compiles| LOCAL| INSERT_BEFORE) =117, (CtIfImpl| size: 119| notcompiles| LOCAL| INSERT_BEFORE) =418, (CtInvocationImpl| size: 23| alreadyanalyzed| LOCAL| REPLACE) =2786, (CtInvocationImpl| size: 119| alreadyanalyzed| LOCAL| INSERT_BEFORE) =5762, (CtLocalVariableImpl| size: 20| alreadyanalyzed| LOCAL| REPLACE) =6448, (CtOperatorAssignmentImpl| size: 2| notcompiles| LOCAL| REPLACE) =1, (CtInvocationImpl| size: 23| notcompiles| LOCAL| REPLACE) =54, (CtReturnImpl| size: 40| alreadyanalyzed| LOCAL| REPLACE) =24556, (CtAssignmentImpl| size: 119| compiles| LOCAL| INSERT_BEFORE) =116, (CtInvocationImpl| size: 119| alreadyanalyzed| LOCAL| INSERT_AFTER) =5268, (CtOperatorAssignmentImpl| size: 2| alreadyanalyzed| LOCAL| REPLACE) =85, (CtIfImpl| size: 119| notcompiles| LOCAL| INSERT_AFTER) =422, (CtAssignmentImpl| size: 119| alreadyanalyzed| LOCAL| INSERT_AFTER) =4378, (CtReturnImpl| size: 119| alreadyanalyzed| LOCAL| INSERT_BEFORE) =45217, (CtReturnImpl| size: 119| compiles| LOCAL| INSERT_BEFORE) =308, (CtIfImpl| size: 119| alreadyanalyzed| LOCAL| INSERT_BEFORE) =16113, (CtAssignmentImpl| size: 7| notcompiles| LOCAL| REPLACE) =12, (CtLocalVariableImpl| size: 119| alreadyanalyzed| LOCAL| INSERT_AFTER) =20376, (CtReturnImpl| size: 40| compiles| LOCAL| REPLACE) =68, (CtWhileImpl| size: 3| alreadyanalyzed| LOCAL| REPLACE) =124, (CtIfImpl| size: 20| notcompiles| LOCAL| REPLACE) =97, (CtInvocationImpl| size: 119| notcompiles| LOCAL| INSERT_AFTER) =142, (CtWhileImpl| size: 119| alreadyanalyzed| LOCAL| INSERT_BEFORE) =932, (CtLocalVariableImpl| size: 119| compiles| LOCAL| INSERT_AFTER) =258, (CtWhileImpl| size: 119| notcompiles| LOCAL| INSERT_AFTER) =60, (CtLocalVariableImpl| size: 20| compiles| LOCAL| REPLACE) =124, (CtAssignmentImpl| size: 7| alreadyanalyzed| LOCAL| REPLACE) =894, (CtReturnImpl| size: 119| notcompiles| LOCAL| INSERT_BEFORE) =438, (CtReturnImpl| size: 119| compiles| LOCAL| INSERT_AFTER) =306, (CtLocalVariableImpl| size: 119| compiles| LOCAL| INSERT_BEFORE) =260, (CtAssignmentImpl| size: 119| compiles| LOCAL| INSERT_AFTER) =119, (CtOperatorAssignmentImpl| size: 119| compiles| LOCAL| INSERT_AFTER) =33, (CtWhileImpl| size: 119| compiles| LOCAL| INSERT_AFTER) =32}
#gen: 4977
#patches: 0
#RightCompilation: 2186
#WrongCompilation: 2791
#FailingTestCaseExecution: 2187
#RegressionTestExecution: 0
#TestcasesExecutedval1: 17104
#TestcasesExecutedval2: 0
#FailingTestCase: 8
#RegressionTestCases: 0
#OfAppliedOp: 4977
#NotAppliedOp: 0
#InmutatedGen: 3566
#unfinishValidation: 0
#ing {CtLocalVariableImpl=1780, CtReturnImpl=2963, CtAssignmentImpl=552, CtOperatorAssignmentImpl=188, CtInvocationImpl=810, CtIfImpl=2094, CtWhileImpl=156}
#untilcompile {1=505, 2=347, 3=256, 4=162, 5=124, 6=88, 7=94, 8=71, 559=1, 9=45, 556=1, 10=37, 11=31, 12=30, 13=23, 14=26, 15=19, 17=12, 16=6, 19=7, 18=23, 564=1, 21=32, 20=106, 23=33, 22=24, 25=15, 24=19, 27=19, 26=13, 29=5, 28=15, 31=7, 30=7, 516=2, 34=4, 35=8, 32=13, 33=8, 38=3, 39=4, 36=8, 42=37, 43=30, 526=1, 40=124, 41=34, 46=5, 521=1, 47=17, 44=16, 523=1, 45=13, 51=6, 50=5, 49=2, 48=10, 55=4, 54=2, 53=2, 52=3, 59=5, 58=3, 56=2, 537=1, 63=8, 536=1, 62=4, 539=1, 61=2, 60=14, 68=6, 69=2, 70=4, 71=2, 64=8, 615=2, 65=1, 66=6, 67=4, 618=1, 76=1, 77=2, 78=3, 79=2, 73=5, 620=1, 75=2, 85=1, 84=3, 87=1, 81=1, 80=7, 83=4, 82=1, 92=1, 95=2, 94=1, 89=2, 88=3, 90=3, 102=1, 578=1, 100=2, 101=2, 581=1, 96=1, 97=1, 109=1, 106=1, 107=1, 105=1, 119=204, 118=2, 595=3, 117=1, 127=15, 126=13, 1073=1, 125=9, 124=8, 123=10, 122=20, 121=21, 120=35, 137=2, 136=6, 685=1, 139=37, 138=2, 141=7, 140=11, 143=6, 142=17, 129=10, 128=5, 131=2, 130=4, 133=5, 132=2, 135=1, 134=1, 152=4, 153=1, 155=4, 156=2, 157=1, 158=1, 159=51, 144=8, 145=5, 146=5, 147=4, 148=2, 149=6, 150=1, 151=5, 171=1, 170=2, 169=1, 168=1, 175=1, 172=3, 163=3, 162=6, 161=10, 160=9, 167=1, 166=6, 165=1, 164=3, 187=2, 184=2, 185=1, 190=1, 191=1, 189=2, 179=15, 176=1, 182=1, 183=2, 180=3, 181=2, 205=1, 204=2, 206=2, 200=2, 203=2, 202=2, 737=1, 199=9, 192=1, 220=1, 222=1, 216=2, 217=1, 219=4, 754=1, 213=1, 215=2, 209=1, 756=1, 210=1, 239=4, 238=46, 234=1, 233=1, 232=1, 231=1, 707=1, 252=2, 253=1, 250=2, 734=2, 248=1, 249=2, 246=2, 247=3, 244=2, 245=2, 242=5, 243=4, 240=3, 727=1, 241=4, 275=1, 817=1, 279=3, 278=18, 281=2, 280=1, 287=1, 285=2, 258=25, 259=1, 806=1, 262=1, 263=1, 260=3, 261=4, 267=1, 265=2, 271=1, 268=1, 269=2, 305=2, 307=1, 308=1, 1393=1, 794=1, 319=2, 318=3, 774=1, 292=1, 298=7, 299=1, 300=1, 301=1, 303=1, 342=1, 341=1, 338=1, 336=1, 351=1, 349=1, 326=1, 327=1, 324=1, 322=1, 321=1, 334=2, 873=1, 335=1, 333=1, 879=1, 369=1, 370=1, 381=2, 380=3, 377=5, 376=1, 379=3, 378=2, 1320=1, 357=18, 358=1, 359=1, 364=1, 366=1, 360=1, 361=1, 1488=1, 400=1, 407=1, 940=1, 399=1, 397=8, 396=1, 384=1, 442=1, 447=1, 436=1, 424=1, 427=1, 426=1, 417=4, 421=2, 420=3, 478=1, 476=11, 470=1, 465=1, 452=1, 450=1, 508=1, 507=1, 503=1, 496=4, 497=1, 498=1, 480=1, 483=1}
2015-08-24 22:12:12,742 INFO main - Time Evolution(ms): 3660121
2015-08-24 22:12:12,743 INFO fr.inria.main.AbstractMain - Time Total(ms): 3697326


Node: griffon-92.nancy.grid5000.fr


Date: Tue Aug 25 00:12:13 CEST 2015


