/tmp/chart_9_NopolC
export PATH="/home/tdurieux/defects4j/framework/bin:$PATH";export JAVA_TOOL_OPTIONS=-Dfile.encoding=UTF8;export PATH="/usr/lib/jvm/java-1.7.0-openjdk-amd64/bin/:$PATH";cd /home/tdurieux/projects/chart/chart_9;defects4j compile;cp -r /home/tdurieux/projects/chart/chart_9 /tmp/chart_9_NopolC;cd /tmp/chart_9_NopolC;mkdir lib/;cp -r /home/tdurieux/defects4j/framework/projects/lib/* lib/;cp -r /home/tdurieux/defects4j/framework/projects/Chart/lib/* lib/;find . -type f -name "package-info.java" -delete;
cd /tmp/chart_9_NopolC;export JAVA_TOOL_OPTIONS=-Dfile.encoding=UTF8;export PATH="/usr/lib/jvm/java-1.7.0-openjdk-amd64/bin/:$PATH";TZ="America/New_York"; export TZ;cp -r /home/tdurieux/defects4j-repair/src/python/core/../../../libs/z3 lib/z3;time java -Xmx8192m -cp /home/tdurieux/defects4j-repair/src/python/core/../../..//libs/nopol.jar:/usr/lib/jvm/java-1.7.0-openjdk-amd64/bin//../lib/tools.jar fr.inria.lille.repair.Main --mode repair --type condition --oracle angelic --synthesis smt --solver z3 --solver-path /home/tdurieux/defects4j-repair/src/python/core/../../..//libs/z3/z3 --complianceLevel 4 --source source/ --classpath build/:build-tests/:lib/cobertura-lib/servlet-api-2.5-6.1.14.jar:lib/servlet.jar:/home/tdurieux/defects4j-repair/src/python/core/../../..//libs/nopol.jar;echo "

Node: `hostname`
";echo "
Date: `date`
";rm -rf /tmp/chart_9_NopolC;

Nb classes : 583
Nb methods : 6298
Nb statement executed by the passing tests of the patched line: 0
Nb statement executed by the failing tests of the patched line: 0
Nb statements: 22092
Nb unit tests : 3641
Nb Statements Analyzed : 3
Nb Statements with Angelic Value Found : 1
Nb inputs in SMT : 8
Nb SMT level: 2
Nb SMT components: [4] [== of arity: 2, != of arity: 2, < of arity: 2, <= of arity: 2]
                  class java.lang.Boolean: 4
Nb variables in SMT : 27
Nb run failing test  : [2]
Nb run passing test : [7]
NoPol Execution time : 79050ms
----PATCH FOUND----
org.jfree.data.time.TimeSeries:947: CONDITIONAL endIndex < startIndex


Node: griffon-24.nancy.grid5000.fr


Date: Tue May 10 00:08:36 EDT 2016


