Picked up JAVA_TOOL_OPTIONS: -Dfile.encoding=UTF8
xxl.java.compiler.DynamicCompilationException: Aborting: dynamic compilation failed
	at xxl.java.compiler.DynamicClassCompiler.runCompilationTask(DynamicClassCompiler.java:95)
	at xxl.java.compiler.DynamicClassCompiler.javaBytecodeFor(DynamicClassCompiler.java:63)
	at fr.inria.lille.commons.spoon.SpoonedFile.compilationFor(SpoonedFile.java:177)
	at fr.inria.lille.commons.spoon.SpoonedFile.compileModelledClasses(SpoonedFile.java:154)
	at fr.inria.lille.commons.spoon.SpoonedFile.processModelledClasses(SpoonedFile.java:138)
	at fr.inria.lille.commons.spoon.SpoonedFile.process(SpoonedFile.java:128)
	at fr.inria.lille.commons.spoon.SpoonedFile.processedAndDumpedToClassLoader(SpoonedFile.java:119)
	at fr.inria.lille.commons.spoon.SpoonedFile.processedAndDumpedToClassLoader(SpoonedFile.java:115)
	at fr.inria.lille.repair.nopol.synth.brutpol.BrutSynthesizer.buildPatch(BrutSynthesizer.java:74)
	at fr.inria.lille.repair.nopol.NoPol.solveWithMultipleBuild(NoPol.java:185)
	at fr.inria.lille.repair.nopol.NoPol.build(NoPol.java:123)
	at fr.inria.lille.repair.nopol.NoPol.build(NoPol.java:93)
	at fr.inria.lille.repair.nopol.NoPolLauncher.launch(NoPolLauncher.java:85)
	at fr.inria.lille.repair.Main.main(Main.java:59)
xxl.java.compiler.DynamicCompilationException: Aborting: dynamic compilation failed
	at xxl.java.compiler.DynamicClassCompiler.runCompilationTask(DynamicClassCompiler.java:95)
	at xxl.java.compiler.DynamicClassCompiler.javaBytecodeFor(DynamicClassCompiler.java:63)
	at fr.inria.lille.commons.spoon.SpoonedFile.compilationFor(SpoonedFile.java:177)
	at fr.inria.lille.commons.spoon.SpoonedFile.compileModelledClasses(SpoonedFile.java:154)
	at fr.inria.lille.commons.spoon.SpoonedFile.processModelledClasses(SpoonedFile.java:138)
	at fr.inria.lille.commons.spoon.SpoonedFile.process(SpoonedFile.java:128)
	at fr.inria.lille.commons.spoon.SpoonedFile.processedAndDumpedToClassLoader(SpoonedFile.java:119)
	at fr.inria.lille.commons.spoon.SpoonedFile.processedAndDumpedToClassLoader(SpoonedFile.java:115)
	at fr.inria.lille.repair.nopol.synth.brutpol.BrutSynthesizer.buildPatch(BrutSynthesizer.java:74)
	at fr.inria.lille.repair.nopol.NoPol.solveWithMultipleBuild(NoPol.java:185)
	at fr.inria.lille.repair.nopol.NoPol.build(NoPol.java:123)
	at fr.inria.lille.repair.nopol.NoPol.build(NoPol.java:93)
	at fr.inria.lille.repair.nopol.NoPolLauncher.launch(NoPolLauncher.java:85)
	at fr.inria.lille.repair.Main.main(Main.java:59)
xxl.java.compiler.DynamicCompilationException: Aborting: dynamic compilation failed
	at xxl.java.compiler.DynamicClassCompiler.runCompilationTask(DynamicClassCompiler.java:95)
	at xxl.java.compiler.DynamicClassCompiler.javaBytecodeFor(DynamicClassCompiler.java:63)
	at fr.inria.lille.commons.spoon.SpoonedFile.compilationFor(SpoonedFile.java:177)
	at fr.inria.lille.commons.spoon.SpoonedFile.compileModelledClasses(SpoonedFile.java:154)
	at fr.inria.lille.commons.spoon.SpoonedFile.processModelledClasses(SpoonedFile.java:138)
	at fr.inria.lille.commons.spoon.SpoonedFile.process(SpoonedFile.java:128)
	at fr.inria.lille.commons.spoon.SpoonedFile.processedAndDumpedToClassLoader(SpoonedFile.java:119)
	at fr.inria.lille.commons.spoon.SpoonedFile.processedAndDumpedToClassLoader(SpoonedFile.java:115)
	at fr.inria.lille.repair.nopol.synth.brutpol.BrutSynthesizer.buildPatch(BrutSynthesizer.java:74)
	at fr.inria.lille.repair.nopol.NoPol.solveWithMultipleBuild(NoPol.java:185)
	at fr.inria.lille.repair.nopol.NoPol.build(NoPol.java:123)
	at fr.inria.lille.repair.nopol.NoPol.build(NoPol.java:93)
	at fr.inria.lille.repair.nopol.NoPolLauncher.launch(NoPolLauncher.java:85)
	at fr.inria.lille.repair.Main.main(Main.java:59)
xxl.java.compiler.DynamicCompilationException: Aborting: dynamic compilation failed
	at xxl.java.compiler.DynamicClassCompiler.runCompilationTask(DynamicClassCompiler.java:95)
	at xxl.java.compiler.DynamicClassCompiler.javaBytecodeFor(DynamicClassCompiler.java:63)
	at fr.inria.lille.commons.spoon.SpoonedFile.compilationFor(SpoonedFile.java:177)
	at fr.inria.lille.commons.spoon.SpoonedFile.compileModelledClasses(SpoonedFile.java:154)
	at fr.inria.lille.commons.spoon.SpoonedFile.processModelledClasses(SpoonedFile.java:138)
	at fr.inria.lille.commons.spoon.SpoonedFile.process(SpoonedFile.java:128)
	at fr.inria.lille.commons.spoon.SpoonedFile.processedAndDumpedToClassLoader(SpoonedFile.java:119)
	at fr.inria.lille.commons.spoon.SpoonedFile.processedAndDumpedToClassLoader(SpoonedFile.java:115)
	at fr.inria.lille.repair.nopol.synth.brutpol.BrutSynthesizer.buildPatch(BrutSynthesizer.java:74)
	at fr.inria.lille.repair.nopol.NoPol.solveWithMultipleBuild(NoPol.java:185)
	at fr.inria.lille.repair.nopol.NoPol.build(NoPol.java:123)
	at fr.inria.lille.repair.nopol.NoPol.build(NoPol.java:93)
	at fr.inria.lille.repair.nopol.NoPolLauncher.launch(NoPolLauncher.java:85)
	at fr.inria.lille.repair.Main.main(Main.java:59)
java.lang.RuntimeException: java.util.concurrent.TimeoutException
	at xxl.java.junit.TestSuiteExecution.executionResult(TestSuiteExecution.java:101)
	at xxl.java.junit.TestSuiteExecution.runTestCase(TestSuiteExecution.java:42)
	at xxl.java.junit.TestSuiteExecution.runTestCases(TestSuiteExecution.java:85)
	at fr.inria.lille.repair.nopol.synth.ConstraintModelBuilder.buildFor(ConstraintModelBuilder.java:84)
	at fr.inria.lille.repair.nopol.synth.brutpol.BrutSynthesizer.buildPatch(BrutSynthesizer.java:64)
	at fr.inria.lille.repair.nopol.NoPol.solveWithMultipleBuild(NoPol.java:185)
	at fr.inria.lille.repair.nopol.NoPol.build(NoPol.java:123)
	at fr.inria.lille.repair.nopol.NoPol.build(NoPol.java:93)
	at fr.inria.lille.repair.nopol.NoPolLauncher.launch(NoPolLauncher.java:85)
	at fr.inria.lille.repair.Main.main(Main.java:59)
Caused by: java.util.concurrent.TimeoutException
	at java.util.concurrent.FutureTask.get(FutureTask.java:201)
	at xxl.java.junit.TestSuiteExecution.executionResult(TestSuiteExecution.java:94)
	... 9 more


The system is out of resources.
Consult the following stack trace for details.
java.lang.OutOfMemoryError: GC overhead limit exceeded
	at com.sun.tools.javac.util.Name.append(Name.java:88)
	at com.sun.tools.javac.code.Symbol$TypeSymbol.formFullName(Symbol.java:533)
	at com.sun.tools.javac.code.Symbol$ClassSymbol.<init>(Symbol.java:741)
	at com.sun.tools.javac.code.Symbol$ClassSymbol.<init>(Symbol.java:749)
	at com.sun.tools.javac.jvm.ClassReader.defineClass(ClassReader.java:2054)
	at com.sun.tools.javac.jvm.ClassReader.enterClass(ClassReader.java:2068)
	at com.sun.tools.javac.jvm.ClassReader.includeClassFile(ClassReader.java:2383)
	at com.sun.tools.javac.jvm.ClassReader.fillIn(ClassReader.java:2528)
	at com.sun.tools.javac.jvm.ClassReader.fillIn(ClassReader.java:2446)
	at com.sun.tools.javac.jvm.ClassReader.complete(ClassReader.java:2143)
	at com.sun.tools.javac.code.Symbol.complete(Symbol.java:421)
	at com.sun.tools.javac.code.Symbol$PackageSymbol.flags(Symbol.java:662)
	at com.sun.tools.javac.comp.Attr.visitSelect(Attr.java:2343)
	at com.sun.tools.javac.tree.JCTree$JCFieldAccess.accept(JCTree.java:1677)
	at com.sun.tools.javac.comp.Attr.attribTree(Attr.java:431)
	at com.sun.tools.javac.comp.Attr.attribTree(Attr.java:418)
	at com.sun.tools.javac.comp.Attr.visitSelect(Attr.java:2247)
	at com.sun.tools.javac.tree.JCTree$JCFieldAccess.accept(JCTree.java:1677)
	at com.sun.tools.javac.comp.Attr.attribTree(Attr.java:431)
	at com.sun.tools.javac.comp.Attr.attribTree(Attr.java:418)
	at com.sun.tools.javac.comp.Attr.attribType(Attr.java:473)
	at com.sun.tools.javac.comp.Attr.attribType(Attr.java:466)
	at com.sun.tools.javac.comp.Attr.visitTypeApply(Attr.java:2885)
	at com.sun.tools.javac.tree.JCTree$JCTypeApply.accept(JCTree.java:1866)
	at com.sun.tools.javac.comp.Attr.attribTree(Attr.java:431)
	at com.sun.tools.javac.comp.Attr.attribTree(Attr.java:418)
	at com.sun.tools.javac.comp.Attr.attribType(Attr.java:473)
	at com.sun.tools.javac.comp.Attr.attribType(Attr.java:466)
	at com.sun.tools.javac.comp.MemberEnter.visitVarDef(MemberEnter.java:631)
	at com.sun.tools.javac.tree.JCTree$JCVariableDecl.accept(JCTree.java:725)
	at com.sun.tools.javac.comp.MemberEnter.memberEnter(MemberEnter.java:401)
	at com.sun.tools.javac.comp.MemberEnter.memberEnter(MemberEnter.java:413)
xxl.java.compiler.DynamicCompilationException: Aborting: dynamic compilation failed
	at xxl.java.compiler.DynamicClassCompiler.runCompilationTask(DynamicClassCompiler.java:95)
	at xxl.java.compiler.DynamicClassCompiler.javaBytecodeFor(DynamicClassCompiler.java:63)
	at fr.inria.lille.commons.spoon.SpoonedFile.compilationFor(SpoonedFile.java:177)
	at fr.inria.lille.commons.spoon.SpoonedFile.compileModelledClasses(SpoonedFile.java:154)
	at fr.inria.lille.commons.spoon.SpoonedFile.processModelledClasses(SpoonedFile.java:138)
	at fr.inria.lille.commons.spoon.SpoonedFile.process(SpoonedFile.java:128)
	at fr.inria.lille.commons.spoon.SpoonedFile.process(SpoonedFile.java:124)
	at fr.inria.lille.repair.nopol.synth.SynthesizerFactory.getFor(SynthesizerFactory.java:76)
	at fr.inria.lille.repair.nopol.NoPol.solveWithMultipleBuild(NoPol.java:164)
	at fr.inria.lille.repair.nopol.NoPol.build(NoPol.java:123)
	at fr.inria.lille.repair.nopol.NoPol.build(NoPol.java:93)
	at fr.inria.lille.repair.nopol.NoPolLauncher.launch(NoPolLauncher.java:85)
	at fr.inria.lille.repair.Main.main(Main.java:59)
Exception in thread "main" java.lang.OutOfMemoryError: GC overhead limit exceeded
	at java.lang.String.toCharArray(String.java:2746)
	at java.util.zip.ZipCoder.getBytes(ZipCoder.java:78)
	at java.util.zip.ZipFile.getEntry(ZipFile.java:306)
	at org.eclipse.jdt.internal.compiler.classfmt.ClassFileReader.read(ClassFileReader.java:112)
	at org.eclipse.jdt.internal.compiler.classfmt.ClassFileReader.read(ClassFileReader.java:104)
	at org.eclipse.jdt.internal.compiler.batch.ClasspathJar.findClass(ClasspathJar.java:98)
	at org.eclipse.jdt.internal.compiler.batch.FileSystem.findClass(FileSystem.java:262)
	at org.eclipse.jdt.internal.compiler.batch.FileSystem.findType(FileSystem.java:296)
	at org.eclipse.jdt.internal.compiler.lookup.LookupEnvironment.askForType(LookupEnvironment.java:134)
	at org.eclipse.jdt.internal.compiler.lookup.UnresolvedReferenceBinding.resolve(UnresolvedReferenceBinding.java:99)
	at org.eclipse.jdt.internal.compiler.lookup.BinaryTypeBinding.resolveType(BinaryTypeBinding.java:179)
	at org.eclipse.jdt.internal.compiler.lookup.LookupEnvironment.getType(LookupEnvironment.java:1155)
	at org.eclipse.jdt.internal.compiler.lookup.LookupEnvironment.computeBoxingType(LookupEnvironment.java:374)
	at org.eclipse.jdt.internal.compiler.lookup.Scope.parameterCompatibilityLevel(Scope.java:4841)
	at org.eclipse.jdt.internal.compiler.lookup.Scope.parameterCompatibilityLevel(Scope.java:4796)
	at org.eclipse.jdt.internal.compiler.lookup.Scope.parameterCompatibilityLevel18(Scope.java:805)
	at org.eclipse.jdt.internal.compiler.lookup.Scope.computeCompatibleMethod(Scope.java:756)
	at org.eclipse.jdt.internal.compiler.lookup.Scope.computeCompatibleMethod(Scope.java:695)
	at org.eclipse.jdt.internal.compiler.lookup.Scope.findMethod0(Scope.java:1761)
	at org.eclipse.jdt.internal.compiler.lookup.Scope.findMethod(Scope.java:1662)
	at org.eclipse.jdt.internal.compiler.lookup.Scope.getMethod(Scope.java:2936)
	at org.eclipse.jdt.internal.compiler.ast.MessageSend.findMethodBinding(MessageSend.java:867)
	at org.eclipse.jdt.internal.compiler.ast.MessageSend.resolveType(MessageSend.java:698)
	at org.eclipse.jdt.internal.compiler.ast.Expression.resolve(Expression.java:1020)
	at org.eclipse.jdt.internal.compiler.ast.AbstractMethodDeclaration.resolveStatements(AbstractMethodDeclaration.java:619)
	at org.eclipse.jdt.internal.compiler.ast.MethodDeclaration.resolveStatements(MethodDeclaration.java:299)
	at org.eclipse.jdt.internal.compiler.ast.AbstractMethodDeclaration.resolve(AbstractMethodDeclaration.java:529)
	at org.eclipse.jdt.internal.compiler.ast.TypeDeclaration.resolve(TypeDeclaration.java:1207)
	at org.eclipse.jdt.internal.compiler.ast.TypeDeclaration.resolve(TypeDeclaration.java:1311)
	at org.eclipse.jdt.internal.compiler.ast.TypeDeclaration.resolve(TypeDeclaration.java:1106)
	at org.eclipse.jdt.internal.compiler.ast.TypeDeclaration.resolve(TypeDeclaration.java:1320)
	at org.eclipse.jdt.internal.compiler.ast.CompilationUnitDeclaration.resolve(CompilationUnitDeclaration.java:587)

real	11m51.115s
user	43m24.147s
sys	0m9.033s
