/tmp/chart_13_BrutpolC
export PATH="/home/tdurieux/defects4j/framework/bin:$PATH";export JAVA_TOOL_OPTIONS=-Dfile.encoding=UTF8;export PATH="/usr/lib/jvm/java-1.7.0-openjdk-amd64/bin/:$PATH";cd /home/tdurieux/projects/chart/chart_13;defects4j compile;cp -r /home/tdurieux/projects/chart/chart_13 /tmp/chart_13_BrutpolC;cd /tmp/chart_13_BrutpolC;mkdir lib/;cp -r /home/tdurieux/defects4j/framework/projects/lib/* lib/;cp -r /home/tdurieux/defects4j/framework/projects/Chart/lib/* lib/;find . -type f -name "package-info.java" -delete;
cd /tmp/chart_13_BrutpolC;export JAVA_TOOL_OPTIONS=-Dfile.encoding=UTF8;export PATH="/usr/lib/jvm/java-1.7.0-openjdk-amd64/bin/:$PATH";TZ="America/New_York"; export TZ;cp -r /home/tdurieux/defects4j-repair/src/python/core/../../../libs/z3 lib/z3;time java -Xmx4096m -cp /home/tdurieux/defects4j-repair/src/python/core/../../..//libs/nopol.jar:/usr/lib/jvm/java-1.7.0-openjdk-amd64/bin//../lib/tools.jar fr.inria.lille.repair.Main --mode repair --type condition --oracle angelic --synthesis brutpol --solver z3 --solver-path /home/tdurieux/defects4j-repair/src/python/core/../../..//libs/z3/z3 --complianceLevel 4 --source source/ --classpath build/:build-tests/:lib/cobertura-lib/servlet-api-2.5-6.1.14.jar:lib/servlet.jar:/home/tdurieux/defects4j-repair/src/python/core/../../..//libs/nopol.jar;echo "

Node: `hostname`
";echo "
Date: `date`
";rm -rf /tmp/chart_13_BrutpolC;

Nb classes : 582
Nb methods : 6277
Nb statement executed by the passing tests of the patched line: 0
Nb statement executed by the failing tests of the patched line: 0
Nb statements: 21936
Nb unit tests : 3597
Nb Statements Analyzed : 21
Nb Statements with Angelic Value Found : 1
Nb run failing test  : [2, 2, 2, 2, 2, 2, 2]
Nb run passing test : [1, 1, 1, 1, 1, 1, 5]
NoPol Execution time : 57307ms
----PATCH FOUND----
org.jfree.chart.block.BorderArrangement:453: CONDITIONAL this.equals((java.lang.Object) container)


Node: grisou-6.nancy.grid5000.fr


Date: Mon May  9 02:31:14 EDT 2016


