Running ant (compile)...................................................... OK
Running ant (compile.tests)................................................ OK
mkdir: cannot create directory ‘lib/’: File exists
cp: cannot stat ‘/home/tdurieux/defects4j/framework/projects/Closure/lib/*’: No such file or directory
Picked up JAVA_TOOL_OPTIONS: -Dfile.encoding=UTF8
xxl.java.compiler.DynamicCompilationException: Aborting: dynamic compilation failed
	at xxl.java.compiler.DynamicClassCompiler.runCompilationTask(DynamicClassCompiler.java:88)
	at xxl.java.compiler.DynamicClassCompiler.javaBytecodeFor(DynamicClassCompiler.java:56)
	at fr.inria.lille.commons.spoon.SpoonedFile.compilationFor(SpoonedFile.java:177)
	at fr.inria.lille.commons.spoon.SpoonedFile.compileModelledClasses(SpoonedFile.java:154)
	at fr.inria.lille.commons.spoon.SpoonedFile.processModelledClasses(SpoonedFile.java:138)
	at fr.inria.lille.commons.spoon.SpoonedFile.process(SpoonedFile.java:128)
	at fr.inria.lille.commons.spoon.SpoonedFile.processedAndDumpedToClassLoader(SpoonedFile.java:119)
	at fr.inria.lille.commons.spoon.SpoonedFile.processedAndDumpedToClassLoader(SpoonedFile.java:115)
	at fr.inria.lille.repair.nopol.synth.ConstraintModelBuilder.<init>(ConstraintModelBuilder.java:57)
	at fr.inria.lille.repair.nopol.synth.SynthesizerFactory.getFor(SynthesizerFactory.java:122)
	at fr.inria.lille.repair.nopol.NoPol.solveWithMultipleBuild(NoPol.java:164)
	at fr.inria.lille.repair.nopol.NoPol.build(NoPol.java:119)
	at fr.inria.lille.repair.nopol.NoPol.build(NoPol.java:89)
	at fr.inria.lille.repair.nopol.NoPolLauncher.launch(NoPolLauncher.java:84)
	at fr.inria.lille.repair.Main.main(Main.java:61)
java.lang.RuntimeException: java.util.concurrent.TimeoutException
	at xxl.java.junit.TestSuiteExecution.executionResult(TestSuiteExecution.java:97)
	at xxl.java.junit.TestSuiteExecution.runCasesIn(TestSuiteExecution.java:28)
	at fr.inria.lille.repair.nopol.NoPol.failingTests(NoPol.java:230)
	at fr.inria.lille.repair.nopol.NoPol.solveWithMultipleBuild(NoPol.java:180)
	at fr.inria.lille.repair.nopol.NoPol.build(NoPol.java:119)
	at fr.inria.lille.repair.nopol.NoPol.build(NoPol.java:89)
	at fr.inria.lille.repair.nopol.NoPolLauncher.launch(NoPolLauncher.java:84)
	at fr.inria.lille.repair.Main.main(Main.java:61)
Caused by: java.util.concurrent.TimeoutException
	at java.util.concurrent.FutureTask.get(FutureTask.java:201)
	at xxl.java.junit.TestSuiteExecution.executionResult(TestSuiteExecution.java:90)
	... 7 more
Exception in thread "main" java.lang.OutOfMemoryError: Java heap space
	at org.eclipse.jdt.core.compiler.CharOperation.splitOn(CharOperation.java:3541)
	at org.eclipse.jdt.internal.compiler.lookup.LookupEnvironment.getTypeFromConstantPoolName(LookupEnvironment.java:1288)
	at org.eclipse.jdt.internal.compiler.lookup.LookupEnvironment.getTypeFromConstantPoolName(LookupEnvironment.java:1306)
	at org.eclipse.jdt.internal.compiler.lookup.LookupEnvironment.getTypeFromSignature(LookupEnvironment.java:1376)
	at org.eclipse.jdt.internal.compiler.lookup.BinaryTypeBinding.createMethod(BinaryTypeBinding.java:690)
	at org.eclipse.jdt.internal.compiler.lookup.BinaryTypeBinding.createMethods(BinaryTypeBinding.java:871)
	at org.eclipse.jdt.internal.compiler.lookup.BinaryTypeBinding.cachePartsFrom(BinaryTypeBinding.java:484)
	at org.eclipse.jdt.internal.compiler.lookup.LookupEnvironment.createBinaryTypeFrom(LookupEnvironment.java:710)
	at org.eclipse.jdt.internal.compiler.lookup.LookupEnvironment.createBinaryTypeFrom(LookupEnvironment.java:693)
	at org.eclipse.jdt.internal.compiler.Compiler.accept(Compiler.java:301)
	at org.eclipse.jdt.internal.compiler.lookup.LookupEnvironment.askForType(LookupEnvironment.java:178)
	at org.eclipse.jdt.internal.compiler.lookup.PackageBinding.getTypeOrPackage(PackageBinding.java:201)
	at org.eclipse.jdt.internal.compiler.lookup.Scope.getTypeOrPackage(Scope.java:3216)
	at org.eclipse.jdt.internal.compiler.lookup.Scope.getPackage(Scope.java:2851)
	at org.eclipse.jdt.internal.compiler.ast.QualifiedTypeReference.getTypeBinding(QualifiedTypeReference.java:97)
	at org.eclipse.jdt.internal.compiler.ast.TypeReference.internalResolveType(TypeReference.java:495)
	at org.eclipse.jdt.internal.compiler.ast.TypeReference.resolveType(TypeReference.java:586)
	at org.eclipse.jdt.internal.compiler.ast.TypeReference.resolveType(TypeReference.java:582)
	at org.eclipse.jdt.internal.compiler.ast.AllocationExpression.resolveType(AllocationExpression.java:339)
	at org.eclipse.jdt.internal.compiler.ast.ExplicitConstructorCall.resolve(ExplicitConstructorCall.java:390)
	at org.eclipse.jdt.internal.compiler.ast.ConstructorDeclaration.resolveStatements(ConstructorDeclaration.java:595)
	at org.eclipse.jdt.internal.compiler.ast.AbstractMethodDeclaration.resolve(AbstractMethodDeclaration.java:551)
	at org.eclipse.jdt.internal.compiler.ast.TypeDeclaration.resolve(TypeDeclaration.java:1188)
	at org.eclipse.jdt.internal.compiler.ast.TypeDeclaration.resolve(TypeDeclaration.java:1301)
	at org.eclipse.jdt.internal.compiler.ast.CompilationUnitDeclaration.resolve(CompilationUnitDeclaration.java:590)
	at spoon.support.compiler.jdt.TreeBuilderCompiler.buildUnits(TreeBuilderCompiler.java:67)
	at spoon.support.compiler.jdt.JDTBatchCompiler.getUnits(JDTBatchCompiler.java:198)
	at spoon.support.compiler.jdt.JDTBasedSpoonCompiler.buildSources(JDTBasedSpoonCompiler.java:437)
	at spoon.support.compiler.jdt.JDTBasedSpoonCompiler.build(JDTBasedSpoonCompiler.java:125)
	at spoon.support.compiler.jdt.JDTBasedSpoonCompiler.build(JDTBasedSpoonCompiler.java:108)
	at fr.inria.lille.commons.spoon.util.SpoonModelLibrary.modelFor(SpoonModelLibrary.java:44)
	at fr.inria.lille.commons.spoon.SpoonedFile.<init>(SpoonedFile.java:50)

real	34m27.911s
user	246m20.808s
sys	0m22.732s
