/tmp/closure_13_BrutpolPC
export PATH="/home/tdurieux/defects4j/framework/bin:$PATH";export JAVA_TOOL_OPTIONS=-Dfile.encoding=UTF8;export PATH="/usr/lib/jvm/java-1.7.0-openjdk-amd64/bin/:$PATH";cd /home/tdurieux/projects/closure/closure_13;defects4j compile;cp -r /home/tdurieux/projects/closure/closure_13 /tmp/closure_13_BrutpolPC;cd /tmp/closure_13_BrutpolPC;mkdir lib/;cp -r /home/tdurieux/defects4j/framework/projects/lib/* lib/;cp -r /home/tdurieux/defects4j/framework/projects/Closure/lib/* lib/;find . -type f -name "package-info.java" -delete;
cd /tmp/closure_13_BrutpolPC;export JAVA_TOOL_OPTIONS=-Dfile.encoding=UTF8;TZ="America/New_York"; export TZexport PATH="/usr/lib/jvm/java-1.7.0-openjdk-amd64/bin/:$PATH";cp -r /home/tdurieux/defects4j-repair/src/python/core/../../../libs/z3 lib/z3;time java -Xmx4096m -cp /home/tdurieux/defects4j-repair/src/python/core/../../..//libs/nopol.jar:/usr/lib/jvm/java-1.7.0-openjdk-amd64/bin//../lib/tools.jar fr.inria.lille.repair.Main --mode repair --type precondition --oracle angelic --synthesis brutpol --solver z3 --solver-path /home/tdurieux/defects4j-repair/src/python/core/../../..//libs/z3/z3 --complianceLevel 6 --source /tmp/closure_13_BrutpolPC/src/ --classpath /tmp/closure_13_BrutpolPC/build/classes:/tmp/closure_13_BrutpolPC/build/test:/tmp/closure_13_BrutpolPC/build/lib/rhino.jar:/tmp/closure_13_BrutpolPC/lib/ant.jar:/tmp/closure_13_BrutpolPC/lib/ant-launcher.jar:/tmp/closure_13_BrutpolPC/lib/args4j.jar:/tmp/closure_13_BrutpolPC/lib/guava.jar:/tmp/closure_13_BrutpolPC/lib/jarjar.jar:/tmp/closure_13_BrutpolPC/lib/json.jar:/tmp/closure_13_BrutpolPC/lib/jsr305.jar:/tmp/closure_13_BrutpolPC/lib/junit.jar:/tmp/closure_13_BrutpolPC/lib/caja-r4314.jar:/tmp/closure_13_BrutpolPC/lib/protobuf-java.jar:/home/tdurieux/defects4j-repair/src/python/core/../../..//libs/nopol.jar;echo "

Node: `hostname`
";echo "
Date: `date`
";rm -rf /tmp/closure_13_BrutpolPC;

Nb classes : 408
Nb methods : 4764
Nb statement executed by the passing tests of the patched line: 0
Nb statement executed by the failing tests of the patched line: 0
Nb statements: 42533
Nb unit tests : 7584
Nb Statements Analyzed : 30
Nb Statements with Angelic Value Found : 1
Nb run failing test  : []
Nb run passing test : []
NoPol Execution time : 498604ms
----PATCH FOUND----
com.google.javascript.rhino.Node:1430: PRECONDITION this.isAdd()


Node: graphene-100.nancy.grid5000.fr


Date: Mon May 16 23:27:52 CEST 2016


