cd /tmp/lang_63_Brutpol;export JAVA_TOOL_OPTIONS=-Dfile.encoding=UTF8;TZ="America/New_York"; export TZexport PATH="/usr/lib/jvm/java-1.7.0-openjdk-amd64/bin/:$PATH";cp -r /home/tdurieux/dynamoth-experiments/src/python/core/../../../libs/z3 lib/z3;time java -d64 -Xmx4g -Xms1g -XX:MaxPermSize=1024m -XX:+UseConcMarkSweepGC -XX:+CMSPermGenSweepingEnabled -XX:+CMSClassUnloadingEnabled -cp /home/tdurieux/dynamoth-experiments/src/python/core/../../..//libs/nopol.jar:/usr/lib/jvm/java-1.7.0-openjdk-amd64/bin//../lib/tools.jar fr.inria.lille.repair.Main --flocal gzoltar  --maxTime 300  --json  --mode repair --type pre_then_cond --oracle angelic --synthesis dynamoth --solver z3 --solver-path /home/tdurieux/dynamoth-experiments/src/python/core/../../..//libs/z3/z3 --complianceLevel 3 --source /tmp/lang_63_Brutpol/src/java/ --classpath /tmp/lang_63_Brutpol/target/classes/:/tmp/lang_63_Brutpol/target/tests/:/tmp/lang_63_Brutpol/lib/asm.jar:/tmp/lang_63_Brutpol/lib/cglib.jar:/tmp/lang_63_Brutpol/lib/commons-io.jar:/tmp/lang_63_Brutpol/lib/easymock.jar:/home/tdurieux/dynamoth-experiments/src/python/core/../../..//libs/nopol.jar;echo "

Node: `hostname`
";echo "
Date: `date`
";

09:50:30.475 [pool-2-thread-1] INFO  fr.inria.lille.repair.nopol.NoPol - Nb classes : 77
09:50:30.476 [pool-2-thread-1] INFO  fr.inria.lille.repair.nopol.NoPol - Nb methods : 1691
09:50:30.476 [pool-2-thread-1] INFO  fr.inria.lille.repair.nopol.NoPol - Nb Statements Analyzed : 1
09:50:30.476 [pool-2-thread-1] INFO  fr.inria.lille.repair.nopol.NoPol - Nb Statements with Angelic Value Found : 1
09:50:30.476 [pool-2-thread-1] INFO  fr.inria.lille.repair.nopol.NoPol - NoPol Execution time : 33922ms
09:50:30.476 [pool-2-thread-1] INFO  fr.inria.lille.repair.nopol.NoPol - ----PATCH FOUND----
09:50:30.476 [pool-2-thread-1] INFO  fr.inria.lille.repair.nopol.NoPol - newdiff == 0
09:50:30.525 [pool-2-thread-1] INFO  fr.inria.lille.repair.nopol.NoPol - Nb test that executes the patch: 1
09:50:30.525 [pool-2-thread-1] INFO  fr.inria.lille.repair.nopol.NoPol - org.apache.commons.lang.time.DurationFormatUtils:438: PRECONDITION
09:50:30.567 [pool-2-thread-1] INFO  fr.inria.lille.repair.nopol.NoPol - --- /tmp/lang_63_Brutpol/src/java/org/apache/commons/lang/time/DurationFormatUtils.java
+++ /tmp/lang_63_Brutpol/src/java/org/apache/commons/lang/time/DurationFormatUtils.java
@@ -437,3 +437,5 @@
             int newdiff = startValue - endValue;
-            end.add( field, newdiff );
+            if (newdiff == 0) {
+                end.add( field, newdiff );
+            }
             return newdiff;

PATCH


Node: griffon-25.nancy.grid5000.fr


Date: Fri Mar 10 10:50:30 CET 2017


