Picked up JAVA_TOOL_OPTIONS: -Dfile.encoding=UTF8
xxl.java.compiler.DynamicCompilationException: Aborting: dynamic compilation failed
	at xxl.java.compiler.DynamicClassCompiler.runCompilationTask(DynamicClassCompiler.java:95)
	at xxl.java.compiler.DynamicClassCompiler.javaBytecodeFor(DynamicClassCompiler.java:63)
	at fr.inria.lille.commons.spoon.SpoonedFile.compilationFor(SpoonedFile.java:177)
	at fr.inria.lille.commons.spoon.SpoonedFile.compileModelledClasses(SpoonedFile.java:154)
	at fr.inria.lille.commons.spoon.SpoonedFile.processModelledClasses(SpoonedFile.java:138)
	at fr.inria.lille.commons.spoon.SpoonedFile.process(SpoonedFile.java:128)
	at fr.inria.lille.commons.spoon.SpoonedFile.processedAndDumpedToClassLoader(SpoonedFile.java:119)
	at fr.inria.lille.commons.spoon.SpoonedFile.processedAndDumpedToClassLoader(SpoonedFile.java:115)
	at fr.inria.lille.repair.nopol.synth.ConstraintModelBuilder.<init>(ConstraintModelBuilder.java:59)
	at fr.inria.lille.repair.nopol.synth.SynthesizerFactory.getFor(SynthesizerFactory.java:125)
	at fr.inria.lille.repair.nopol.NoPol.solveWithMultipleBuild(NoPol.java:164)
	at fr.inria.lille.repair.nopol.NoPol.build(NoPol.java:123)
	at fr.inria.lille.repair.nopol.NoPol.build(NoPol.java:93)
	at fr.inria.lille.repair.nopol.NoPolLauncher.launch(NoPolLauncher.java:85)
	at fr.inria.lille.repair.Main.main(Main.java:59)
xxl.java.compiler.DynamicCompilationException: Aborting: dynamic compilation failed
	at xxl.java.compiler.DynamicClassCompiler.runCompilationTask(DynamicClassCompiler.java:95)
	at xxl.java.compiler.DynamicClassCompiler.javaBytecodeFor(DynamicClassCompiler.java:63)
	at fr.inria.lille.commons.spoon.SpoonedFile.compilationFor(SpoonedFile.java:177)
	at fr.inria.lille.commons.spoon.SpoonedFile.compileModelledClasses(SpoonedFile.java:154)
	at fr.inria.lille.commons.spoon.SpoonedFile.processModelledClasses(SpoonedFile.java:138)
	at fr.inria.lille.commons.spoon.SpoonedFile.process(SpoonedFile.java:128)
	at fr.inria.lille.commons.spoon.SpoonedFile.processedAndDumpedToClassLoader(SpoonedFile.java:119)
	at fr.inria.lille.commons.spoon.SpoonedFile.processedAndDumpedToClassLoader(SpoonedFile.java:115)
	at fr.inria.lille.repair.nopol.synth.ConstraintModelBuilder.<init>(ConstraintModelBuilder.java:59)
	at fr.inria.lille.repair.nopol.synth.SynthesizerFactory.getFor(SynthesizerFactory.java:125)
	at fr.inria.lille.repair.nopol.NoPol.solveWithMultipleBuild(NoPol.java:164)
	at fr.inria.lille.repair.nopol.NoPol.build(NoPol.java:123)
	at fr.inria.lille.repair.nopol.NoPol.build(NoPol.java:93)
	at fr.inria.lille.repair.nopol.NoPolLauncher.launch(NoPolLauncher.java:85)
	at fr.inria.lille.repair.Main.main(Main.java:59)
xxl.java.compiler.DynamicCompilationException: Aborting: dynamic compilation failed
	at xxl.java.compiler.DynamicClassCompiler.runCompilationTask(DynamicClassCompiler.java:95)
	at xxl.java.compiler.DynamicClassCompiler.javaBytecodeFor(DynamicClassCompiler.java:63)
	at fr.inria.lille.commons.spoon.SpoonedFile.compilationFor(SpoonedFile.java:177)
	at fr.inria.lille.commons.spoon.SpoonedFile.compileModelledClasses(SpoonedFile.java:154)
	at fr.inria.lille.commons.spoon.SpoonedFile.processModelledClasses(SpoonedFile.java:138)
	at fr.inria.lille.commons.spoon.SpoonedFile.process(SpoonedFile.java:128)
	at fr.inria.lille.commons.spoon.SpoonedFile.processedAndDumpedToClassLoader(SpoonedFile.java:119)
	at fr.inria.lille.commons.spoon.SpoonedFile.processedAndDumpedToClassLoader(SpoonedFile.java:115)
	at fr.inria.lille.repair.nopol.synth.ConstraintModelBuilder.<init>(ConstraintModelBuilder.java:59)
	at fr.inria.lille.repair.nopol.synth.SynthesizerFactory.getFor(SynthesizerFactory.java:125)
	at fr.inria.lille.repair.nopol.NoPol.solveWithMultipleBuild(NoPol.java:164)
	at fr.inria.lille.repair.nopol.NoPol.build(NoPol.java:123)
	at fr.inria.lille.repair.nopol.NoPol.build(NoPol.java:93)
	at fr.inria.lille.repair.nopol.NoPolLauncher.launch(NoPolLauncher.java:85)
	at fr.inria.lille.repair.Main.main(Main.java:59)
xxl.java.compiler.DynamicCompilationException: Aborting: dynamic compilation failed
	at xxl.java.compiler.DynamicClassCompiler.runCompilationTask(DynamicClassCompiler.java:95)
	at xxl.java.compiler.DynamicClassCompiler.javaBytecodeFor(DynamicClassCompiler.java:63)
	at fr.inria.lille.commons.spoon.SpoonedFile.compilationFor(SpoonedFile.java:177)
	at fr.inria.lille.commons.spoon.SpoonedFile.compileModelledClasses(SpoonedFile.java:154)
	at fr.inria.lille.commons.spoon.SpoonedFile.processModelledClasses(SpoonedFile.java:138)
	at fr.inria.lille.commons.spoon.SpoonedFile.process(SpoonedFile.java:128)
	at fr.inria.lille.commons.spoon.SpoonedFile.processedAndDumpedToClassLoader(SpoonedFile.java:119)
	at fr.inria.lille.commons.spoon.SpoonedFile.processedAndDumpedToClassLoader(SpoonedFile.java:115)
	at fr.inria.lille.repair.nopol.synth.ConstraintModelBuilder.<init>(ConstraintModelBuilder.java:59)
	at fr.inria.lille.repair.nopol.synth.SynthesizerFactory.getFor(SynthesizerFactory.java:125)
	at fr.inria.lille.repair.nopol.NoPol.solveWithMultipleBuild(NoPol.java:164)
	at fr.inria.lille.repair.nopol.NoPol.build(NoPol.java:123)
	at fr.inria.lille.repair.nopol.NoPol.build(NoPol.java:93)
	at fr.inria.lille.repair.nopol.NoPolLauncher.launch(NoPolLauncher.java:85)
	at fr.inria.lille.repair.Main.main(Main.java:59)
xxl.java.compiler.DynamicCompilationException: Aborting: dynamic compilation failed
	at xxl.java.compiler.DynamicClassCompiler.runCompilationTask(DynamicClassCompiler.java:95)
	at xxl.java.compiler.DynamicClassCompiler.javaBytecodeFor(DynamicClassCompiler.java:63)
	at fr.inria.lille.commons.spoon.SpoonedFile.compilationFor(SpoonedFile.java:177)
	at fr.inria.lille.commons.spoon.SpoonedFile.compileModelledClasses(SpoonedFile.java:154)
	at fr.inria.lille.commons.spoon.SpoonedFile.processModelledClasses(SpoonedFile.java:138)
	at fr.inria.lille.commons.spoon.SpoonedFile.process(SpoonedFile.java:128)
	at fr.inria.lille.commons.spoon.SpoonedFile.processedAndDumpedToClassLoader(SpoonedFile.java:119)
	at fr.inria.lille.commons.spoon.SpoonedFile.processedAndDumpedToClassLoader(SpoonedFile.java:115)
	at fr.inria.lille.repair.nopol.synth.ConstraintModelBuilder.<init>(ConstraintModelBuilder.java:59)
	at fr.inria.lille.repair.nopol.synth.SynthesizerFactory.getFor(SynthesizerFactory.java:125)
	at fr.inria.lille.repair.nopol.NoPol.solveWithMultipleBuild(NoPol.java:164)
	at fr.inria.lille.repair.nopol.NoPol.build(NoPol.java:123)
	at fr.inria.lille.repair.nopol.NoPol.build(NoPol.java:93)
	at fr.inria.lille.repair.nopol.NoPolLauncher.launch(NoPolLauncher.java:85)
	at fr.inria.lille.repair.Main.main(Main.java:59)
xxl.java.compiler.DynamicCompilationException: Aborting: dynamic compilation failed
	at xxl.java.compiler.DynamicClassCompiler.runCompilationTask(DynamicClassCompiler.java:95)
	at xxl.java.compiler.DynamicClassCompiler.javaBytecodeFor(DynamicClassCompiler.java:63)
	at fr.inria.lille.commons.spoon.SpoonedFile.compilationFor(SpoonedFile.java:177)
	at fr.inria.lille.commons.spoon.SpoonedFile.compileModelledClasses(SpoonedFile.java:154)
	at fr.inria.lille.commons.spoon.SpoonedFile.processModelledClasses(SpoonedFile.java:138)
	at fr.inria.lille.commons.spoon.SpoonedFile.process(SpoonedFile.java:128)
	at fr.inria.lille.commons.spoon.SpoonedFile.processedAndDumpedToClassLoader(SpoonedFile.java:119)
	at fr.inria.lille.commons.spoon.SpoonedFile.processedAndDumpedToClassLoader(SpoonedFile.java:115)
	at fr.inria.lille.repair.nopol.synth.ConstraintModelBuilder.<init>(ConstraintModelBuilder.java:59)
	at fr.inria.lille.repair.nopol.synth.SynthesizerFactory.getFor(SynthesizerFactory.java:125)
	at fr.inria.lille.repair.nopol.NoPol.solveWithMultipleBuild(NoPol.java:164)
	at fr.inria.lille.repair.nopol.NoPol.build(NoPol.java:123)
	at fr.inria.lille.repair.nopol.NoPol.build(NoPol.java:93)
	at fr.inria.lille.repair.nopol.NoPolLauncher.launch(NoPolLauncher.java:85)
	at fr.inria.lille.repair.Main.main(Main.java:59)
xxl.java.compiler.DynamicCompilationException: Aborting: dynamic compilation failed
	at xxl.java.compiler.DynamicClassCompiler.runCompilationTask(DynamicClassCompiler.java:95)
	at xxl.java.compiler.DynamicClassCompiler.javaBytecodeFor(DynamicClassCompiler.java:63)
	at fr.inria.lille.commons.spoon.SpoonedFile.compilationFor(SpoonedFile.java:177)
	at fr.inria.lille.commons.spoon.SpoonedFile.compileModelledClasses(SpoonedFile.java:154)
	at fr.inria.lille.commons.spoon.SpoonedFile.processModelledClasses(SpoonedFile.java:138)
	at fr.inria.lille.commons.spoon.SpoonedFile.process(SpoonedFile.java:128)
	at fr.inria.lille.commons.spoon.SpoonedFile.processedAndDumpedToClassLoader(SpoonedFile.java:119)
	at fr.inria.lille.commons.spoon.SpoonedFile.processedAndDumpedToClassLoader(SpoonedFile.java:115)
	at fr.inria.lille.repair.nopol.synth.ConstraintModelBuilder.<init>(ConstraintModelBuilder.java:59)
	at fr.inria.lille.repair.nopol.synth.SynthesizerFactory.getFor(SynthesizerFactory.java:125)
	at fr.inria.lille.repair.nopol.NoPol.solveWithMultipleBuild(NoPol.java:164)
	at fr.inria.lille.repair.nopol.NoPol.build(NoPol.java:123)
	at fr.inria.lille.repair.nopol.NoPol.build(NoPol.java:93)
	at fr.inria.lille.repair.nopol.NoPolLauncher.launch(NoPolLauncher.java:85)
	at fr.inria.lille.repair.Main.main(Main.java:59)
xxl.java.compiler.DynamicCompilationException: Aborting: dynamic compilation failed
	at xxl.java.compiler.DynamicClassCompiler.runCompilationTask(DynamicClassCompiler.java:95)
	at xxl.java.compiler.DynamicClassCompiler.javaBytecodeFor(DynamicClassCompiler.java:63)
	at fr.inria.lille.commons.spoon.SpoonedFile.compilationFor(SpoonedFile.java:177)
	at fr.inria.lille.commons.spoon.SpoonedFile.compileModelledClasses(SpoonedFile.java:154)
	at fr.inria.lille.commons.spoon.SpoonedFile.processModelledClasses(SpoonedFile.java:138)
	at fr.inria.lille.commons.spoon.SpoonedFile.process(SpoonedFile.java:128)
	at fr.inria.lille.commons.spoon.SpoonedFile.processedAndDumpedToClassLoader(SpoonedFile.java:119)
	at fr.inria.lille.commons.spoon.SpoonedFile.processedAndDumpedToClassLoader(SpoonedFile.java:115)
	at fr.inria.lille.repair.nopol.synth.ConstraintModelBuilder.<init>(ConstraintModelBuilder.java:59)
	at fr.inria.lille.repair.nopol.synth.SynthesizerFactory.getFor(SynthesizerFactory.java:125)
	at fr.inria.lille.repair.nopol.NoPol.solveWithMultipleBuild(NoPol.java:164)
	at fr.inria.lille.repair.nopol.NoPol.build(NoPol.java:123)
	at fr.inria.lille.repair.nopol.NoPol.build(NoPol.java:93)
	at fr.inria.lille.repair.nopol.NoPolLauncher.launch(NoPolLauncher.java:85)
	at fr.inria.lille.repair.Main.main(Main.java:59)
xxl.java.compiler.DynamicCompilationException: Aborting: dynamic compilation failed
	at xxl.java.compiler.DynamicClassCompiler.runCompilationTask(DynamicClassCompiler.java:95)
	at xxl.java.compiler.DynamicClassCompiler.javaBytecodeFor(DynamicClassCompiler.java:63)
	at fr.inria.lille.commons.spoon.SpoonedFile.compilationFor(SpoonedFile.java:177)
	at fr.inria.lille.commons.spoon.SpoonedFile.compileModelledClasses(SpoonedFile.java:154)
	at fr.inria.lille.commons.spoon.SpoonedFile.processModelledClasses(SpoonedFile.java:138)
	at fr.inria.lille.commons.spoon.SpoonedFile.process(SpoonedFile.java:128)
	at fr.inria.lille.commons.spoon.SpoonedFile.processedAndDumpedToClassLoader(SpoonedFile.java:119)
	at fr.inria.lille.commons.spoon.SpoonedFile.processedAndDumpedToClassLoader(SpoonedFile.java:115)
	at fr.inria.lille.repair.nopol.synth.ConstraintModelBuilder.<init>(ConstraintModelBuilder.java:59)
	at fr.inria.lille.repair.nopol.synth.SynthesizerFactory.getFor(SynthesizerFactory.java:125)
	at fr.inria.lille.repair.nopol.NoPol.solveWithMultipleBuild(NoPol.java:164)
	at fr.inria.lille.repair.nopol.NoPol.build(NoPol.java:123)
	at fr.inria.lille.repair.nopol.NoPol.build(NoPol.java:93)
	at fr.inria.lille.repair.nopol.NoPolLauncher.launch(NoPolLauncher.java:85)
	at fr.inria.lille.repair.Main.main(Main.java:59)
java.lang.RuntimeException: java.util.concurrent.TimeoutException
	at xxl.java.junit.TestSuiteExecution.executionResult(TestSuiteExecution.java:101)
	at xxl.java.junit.TestSuiteExecution.runTestCase(TestSuiteExecution.java:42)
	at xxl.java.junit.TestSuiteExecution.runTestCases(TestSuiteExecution.java:85)
	at fr.inria.lille.repair.nopol.synth.ConstraintModelBuilder.buildFor(ConstraintModelBuilder.java:80)
	at fr.inria.lille.repair.nopol.synth.DefaultSynthesizer.buildPatch(DefaultSynthesizer.java:69)
	at fr.inria.lille.repair.nopol.NoPol.solveWithMultipleBuild(NoPol.java:185)
	at fr.inria.lille.repair.nopol.NoPol.build(NoPol.java:123)
	at fr.inria.lille.repair.nopol.NoPol.build(NoPol.java:93)
	at fr.inria.lille.repair.nopol.NoPolLauncher.launch(NoPolLauncher.java:85)
	at fr.inria.lille.repair.Main.main(Main.java:59)
Caused by: java.util.concurrent.TimeoutException
	at java.util.concurrent.FutureTask.get(FutureTask.java:201)
	at xxl.java.junit.TestSuiteExecution.executionResult(TestSuiteExecution.java:94)
	... 9 more
xxl.java.compiler.DynamicCompilationException: Aborting: dynamic compilation failed
	at xxl.java.compiler.DynamicClassCompiler.runCompilationTask(DynamicClassCompiler.java:95)
	at xxl.java.compiler.DynamicClassCompiler.javaBytecodeFor(DynamicClassCompiler.java:63)
	at fr.inria.lille.commons.spoon.SpoonedFile.compilationFor(SpoonedFile.java:177)
	at fr.inria.lille.commons.spoon.SpoonedFile.compileModelledClasses(SpoonedFile.java:154)
	at fr.inria.lille.commons.spoon.SpoonedFile.processModelledClasses(SpoonedFile.java:138)
	at fr.inria.lille.commons.spoon.SpoonedFile.process(SpoonedFile.java:128)
	at fr.inria.lille.commons.spoon.SpoonedFile.processedAndDumpedToClassLoader(SpoonedFile.java:119)
	at fr.inria.lille.commons.spoon.SpoonedFile.processedAndDumpedToClassLoader(SpoonedFile.java:115)
	at fr.inria.lille.repair.nopol.synth.ConstraintModelBuilder.<init>(ConstraintModelBuilder.java:59)
	at fr.inria.lille.repair.nopol.synth.SynthesizerFactory.getFor(SynthesizerFactory.java:125)
	at fr.inria.lille.repair.nopol.NoPol.solveWithMultipleBuild(NoPol.java:164)
	at fr.inria.lille.repair.nopol.NoPol.build(NoPol.java:123)
	at fr.inria.lille.repair.nopol.NoPol.build(NoPol.java:93)
	at fr.inria.lille.repair.nopol.NoPolLauncher.launch(NoPolLauncher.java:85)
	at fr.inria.lille.repair.Main.main(Main.java:59)
xxl.java.compiler.DynamicCompilationException: Aborting: dynamic compilation failed
	at xxl.java.compiler.DynamicClassCompiler.runCompilationTask(DynamicClassCompiler.java:95)
	at xxl.java.compiler.DynamicClassCompiler.javaBytecodeFor(DynamicClassCompiler.java:63)
	at fr.inria.lille.commons.spoon.SpoonedFile.compilationFor(SpoonedFile.java:177)
	at fr.inria.lille.commons.spoon.SpoonedFile.compileModelledClasses(SpoonedFile.java:154)
	at fr.inria.lille.commons.spoon.SpoonedFile.processModelledClasses(SpoonedFile.java:138)
	at fr.inria.lille.commons.spoon.SpoonedFile.process(SpoonedFile.java:128)
	at fr.inria.lille.commons.spoon.SpoonedFile.processedAndDumpedToClassLoader(SpoonedFile.java:119)
	at fr.inria.lille.commons.spoon.SpoonedFile.processedAndDumpedToClassLoader(SpoonedFile.java:115)
	at fr.inria.lille.repair.nopol.synth.ConstraintModelBuilder.<init>(ConstraintModelBuilder.java:59)
	at fr.inria.lille.repair.nopol.synth.SynthesizerFactory.getFor(SynthesizerFactory.java:125)
	at fr.inria.lille.repair.nopol.NoPol.solveWithMultipleBuild(NoPol.java:164)
	at fr.inria.lille.repair.nopol.NoPol.build(NoPol.java:123)
	at fr.inria.lille.repair.nopol.NoPol.build(NoPol.java:93)
	at fr.inria.lille.repair.nopol.NoPolLauncher.launch(NoPolLauncher.java:85)
	at fr.inria.lille.repair.Main.main(Main.java:59)
java.lang.RuntimeException: java.util.concurrent.TimeoutException
	at xxl.java.junit.TestSuiteExecution.executionResult(TestSuiteExecution.java:101)
	at xxl.java.junit.TestSuiteExecution.runTestCase(TestSuiteExecution.java:42)
	at xxl.java.junit.TestSuiteExecution.runTestCases(TestSuiteExecution.java:85)
	at fr.inria.lille.repair.nopol.synth.ConstraintModelBuilder.buildFor(ConstraintModelBuilder.java:84)
	at fr.inria.lille.repair.nopol.synth.DefaultSynthesizer.buildPatch(DefaultSynthesizer.java:69)
	at fr.inria.lille.repair.nopol.NoPol.solveWithMultipleBuild(NoPol.java:185)
	at fr.inria.lille.repair.nopol.NoPol.build(NoPol.java:123)
	at fr.inria.lille.repair.nopol.NoPol.build(NoPol.java:93)
	at fr.inria.lille.repair.nopol.NoPolLauncher.launch(NoPolLauncher.java:85)
	at fr.inria.lille.repair.Main.main(Main.java:59)
Caused by: java.util.concurrent.TimeoutException
	at java.util.concurrent.FutureTask.get(FutureTask.java:201)
	at xxl.java.junit.TestSuiteExecution.executionResult(TestSuiteExecution.java:94)
	... 9 more
java.lang.RuntimeException: java.util.concurrent.TimeoutException
	at xxl.java.junit.TestSuiteExecution.executionResult(TestSuiteExecution.java:101)
	at xxl.java.junit.TestSuiteExecution.runTestCase(TestSuiteExecution.java:42)
	at xxl.java.junit.TestSuiteExecution.runTestCases(TestSuiteExecution.java:85)
	at fr.inria.lille.repair.nopol.synth.ConstraintModelBuilder.buildFor(ConstraintModelBuilder.java:84)
	at fr.inria.lille.repair.nopol.synth.DefaultSynthesizer.buildPatch(DefaultSynthesizer.java:69)
	at fr.inria.lille.repair.nopol.NoPol.solveWithMultipleBuild(NoPol.java:185)
	at fr.inria.lille.repair.nopol.NoPol.build(NoPol.java:123)
	at fr.inria.lille.repair.nopol.NoPol.build(NoPol.java:93)
	at fr.inria.lille.repair.nopol.NoPolLauncher.launch(NoPolLauncher.java:85)
	at fr.inria.lille.repair.Main.main(Main.java:59)
Caused by: java.util.concurrent.TimeoutException
	at java.util.concurrent.FutureTask.get(FutureTask.java:201)
	at xxl.java.junit.TestSuiteExecution.executionResult(TestSuiteExecution.java:94)
	... 9 more


The system is out of resources.
Consult the following stack trace for details.
java.lang.OutOfMemoryError: GC overhead limit exceeded
	at com.sun.tools.javac.jvm.ClassReader.readField(ClassReader.java:1721)
	at com.sun.tools.javac.jvm.ClassReader.readClass(ClassReader.java:1946)
	at com.sun.tools.javac.jvm.ClassReader.readClassFile(ClassReader.java:2020)
	at com.sun.tools.javac.jvm.ClassReader.fillIn(ClassReader.java:2208)
	at com.sun.tools.javac.jvm.ClassReader.complete(ClassReader.java:2139)
	at com.sun.tools.javac.code.Symbol.complete(Symbol.java:421)
	at com.sun.tools.javac.code.Symbol$ClassSymbol.complete(Symbol.java:821)
	at com.sun.tools.javac.jvm.ClassReader.loadClass(ClassReader.java:2320)
	at com.sun.tools.javac.comp.Resolve.loadClass(Resolve.java:1062)
	at com.sun.tools.javac.comp.Resolve.findIdentInPackage(Resolve.java:1227)
	at com.sun.tools.javac.comp.Attr.selectSym(Attr.java:2392)
	at com.sun.tools.javac.comp.Attr.visitSelect(Attr.java:2283)
	at com.sun.tools.javac.tree.JCTree$JCFieldAccess.accept(JCTree.java:1677)
	at com.sun.tools.javac.comp.Attr.attribTree(Attr.java:431)
	at com.sun.tools.javac.comp.Attr.attribTree(Attr.java:418)
	at com.sun.tools.javac.comp.Attr.visitSelect(Attr.java:2247)
	at com.sun.tools.javac.tree.JCTree$JCFieldAccess.accept(JCTree.java:1677)
	at com.sun.tools.javac.comp.Attr.attribTree(Attr.java:431)
	at com.sun.tools.javac.comp.Attr.attribTree(Attr.java:418)
	at com.sun.tools.javac.comp.Attr.attribExpr(Attr.java:449)
	at com.sun.tools.javac.comp.Attr.visitApply(Attr.java:1521)
	at com.sun.tools.javac.tree.JCTree$JCMethodInvocation.accept(JCTree.java:1321)
	at com.sun.tools.javac.comp.Attr.attribTree(Attr.java:431)
	at com.sun.tools.javac.comp.Attr.attribTree(Attr.java:418)
	at com.sun.tools.javac.comp.Attr.attribExpr(Attr.java:449)
	at com.sun.tools.javac.comp.Attr.visitAssign(Attr.java:1993)
	at com.sun.tools.javac.tree.JCTree$JCAssign.accept(JCTree.java:1466)
	at com.sun.tools.javac.comp.Attr.attribTree(Attr.java:431)
	at com.sun.tools.javac.comp.Attr.attribTree(Attr.java:418)
	at com.sun.tools.javac.comp.Attr.attribExpr(Attr.java:460)
	at com.sun.tools.javac.comp.Attr.visitExec(Attr.java:1294)
	at com.sun.tools.javac.tree.JCTree$JCExpressionStatement.accept(JCTree.java:1167)
Exception in thread "main" java.lang.OutOfMemoryError: GC overhead limit exceeded
	at java.util.Collections$UnmodifiableCollection.iterator(Collections.java:1063)
	at spoon.reflect.visitor.CtScanner.scan(CtScanner.java:141)
	at spoon.reflect.visitor.CtScanner.visitCtBlock(CtScanner.java:282)
	at spoon.support.reflect.code.CtBlockImpl.accept(CtBlockImpl.java:45)
	at spoon.reflect.visitor.CtScanner.scan(CtScanner.java:153)
	at spoon.reflect.visitor.CtScanner.visitCtIf(CtScanner.java:433)
	at spoon.support.reflect.code.CtIfImpl.accept(CtIfImpl.java:37)
	at spoon.reflect.visitor.CtScanner.scan(CtScanner.java:153)
	at spoon.reflect.visitor.CtScanner.scan(CtScanner.java:142)
	at spoon.reflect.visitor.CtScanner.visitCtBlock(CtScanner.java:283)
	at spoon.support.reflect.code.CtBlockImpl.accept(CtBlockImpl.java:45)
	at spoon.reflect.visitor.CtScanner.scan(CtScanner.java:153)
	at spoon.reflect.visitor.CtScanner.visitCtIf(CtScanner.java:434)
	at spoon.support.reflect.code.CtIfImpl.accept(CtIfImpl.java:37)
	at spoon.reflect.visitor.CtScanner.scan(CtScanner.java:153)
	at spoon.reflect.visitor.CtScanner.scan(CtScanner.java:142)
	at spoon.reflect.visitor.CtScanner.visitCtBlock(CtScanner.java:283)
	at spoon.support.reflect.code.CtBlockImpl.accept(CtBlockImpl.java:45)
	at spoon.reflect.visitor.CtScanner.scan(CtScanner.java:153)
	at spoon.reflect.visitor.CtScanner.visitCtMethod(CtScanner.java:503)
	at spoon.support.reflect.declaration.CtMethodImpl.accept(CtMethodImpl.java:51)
	at spoon.reflect.visitor.CtScanner.scan(CtScanner.java:153)
	at spoon.reflect.visitor.CtScanner.scan(CtScanner.java:142)
	at spoon.support.reflect.declaration.CtTypeImpl$1NestedTypeScanner.visitCtClass(CtTypeImpl.java:192)
	at spoon.support.reflect.declaration.CtClassImpl.accept(CtClassImpl.java:59)
	at spoon.reflect.visitor.CtScanner.scan(CtScanner.java:153)
	at spoon.reflect.visitor.CtScanner.scan(CtScanner.java:142)
	at spoon.support.reflect.declaration.CtTypeImpl$1NestedTypeScanner.visitCtClass(CtTypeImpl.java:190)
	at spoon.support.reflect.declaration.CtClassImpl.accept(CtClassImpl.java:59)
	at spoon.reflect.visitor.CtScanner.scan(CtScanner.java:153)
	at spoon.support.reflect.declaration.CtTypeImpl.getNestedType(CtTypeImpl.java:229)
	at spoon.reflect.factory.TypeFactory.get(TypeFactory.java:197)

real	23m22.191s
user	57m29.292s
sys	0m15.069s
