export PATH="/home/tdurieux/defects4j/framework/bin:$PATH";export JAVA_TOOL_OPTIONS=-Dfile.encoding=UTF8;export PATH="/usr/lib/jvm/java-1.7.0-openjdk-amd64/bin/:$PATH";cp -r /home/tdurieux/projects/lang/lang_21 /tmp/lang_21_Genprog;cd /tmp/lang_21_Genprog;defects4j compile;mkdir lib/;cp -r /home/tdurieux/defects4j/framework/projects/lib/* lib/;cp -r /home/tdurieux/defects4j/framework/projects/Lang/lib/* lib/;find . -type f -name "package-info.java" -delete;
/home/tdurieux/defects4j-repair/src/python/core/../../../results/2015-august/Lang/21/Genprog/result
cd /tmp/lang_21_Genprog;export JAVA_TOOL_OPTIONS=-Dfile.encoding=UTF8;TZ="America/New_York"; export TZexport PATH="/usr/lib/jvm/java-1.7.0-openjdk-amd64/bin/:$PATH";time java  -cp /home/tdurieux/defects4j-repair/src/python/core/../../..//libs/astor.jar fr.inria.main.evolution.MainjGenProg -mode statement -location . -dependencies lib/ -failing org.apache.commons.lang3.time.DateUtilsTest: -package org.apache.commons -jvm4testexecution /usr/lib/jvm/java-1.7.0-openjdk-amd64/bin/ -javacompliancelevel 5 -maxgen 1000000 -seed 10 -maxtime 60  -scope local  -stopfirst true -flthreshold 0.1 -population 1 -srcjavafolder src/main/java/ -srctestfolder src/test/java/ -binjavafolder target/classes/ -bintestfolder target/test-classes/;echo "

Node: `hostname`
";echo "
Date: `date`
";rm -rf /tmp/lang_21_Genprog;

2015-08-25 00:19:21,449 INFO main - End Repair Loops: NOT Found solution
2015-08-25 00:19:21,449 INFO main - 
Number solutions:0
2015-08-25 00:19:21,449 INFO main - 
All variants:
2015-08-25 00:19:21,449 INFO main - f 121.0, [Variant id: 2379, #gens: 2, #ops: 0, parent:-]
2015-08-25 00:19:21,450 INFO main - --Space: LOCAL
org.apache.commons.lang3.time.FastDateFormat=402|,
2015-08-25 00:19:21,450 INFO main - 
----stats: 
2015-08-25 00:19:21,450 INFO main - 
spaces navigation: [18]: {(CtReturnImpl| size: 69| notcompiles| LOCAL| REPLACE) =36, (CtInvocationImpl| size: 402| alreadyanalyzed| LOCAL| INSERT_AFTER) =57224, (CtInvocationImpl| size: 402| compiles| LOCAL| INSERT_BEFORE) =85, (CtInvocationImpl| size: 402| notcompiles| LOCAL| INSERT_AFTER) =209, (CtReturnImpl| size: 402| notcompiles| LOCAL| INSERT_AFTER) =208, (CtReturnImpl| size: 402| compiles| LOCAL| INSERT_BEFORE) =85, (CtReturnImpl| size: 402| compiles| LOCAL| INSERT_AFTER) =85, (CtReturnImpl| size: 69| alreadyanalyzed| LOCAL| REPLACE) =15338, (CtReturnImpl| size: 402| alreadyanalyzed| LOCAL| INSERT_BEFORE) =66356, (CtReturnImpl| size: 69| compiles| LOCAL| REPLACE) =18, (CtInvocationImpl| size: 402| alreadyanalyzed| LOCAL| INSERT_BEFORE) =61631, (CtInvocationImpl| size: 81| alreadyanalyzed| LOCAL| REPLACE) =16626, (CtInvocationImpl| size: 81| compiles| LOCAL| REPLACE) =2, (CtInvocationImpl| size: 402| compiles| LOCAL| INSERT_AFTER) =85, (CtInvocationImpl| size: 81| notcompiles| LOCAL| REPLACE) =39, (CtReturnImpl| size: 402| alreadyanalyzed| LOCAL| INSERT_AFTER) =62252, (CtInvocationImpl| size: 402| notcompiles| LOCAL| INSERT_BEFORE) =209, (CtReturnImpl| size: 402| notcompiles| LOCAL| INSERT_BEFORE) =208}
#gen: 1189
#patches: 0
#RightCompilation: 265
#WrongCompilation: 527
#FailingTestCaseExecution: 266
#RegressionTestExecution: 261
#TestcasesExecutedval1: 8778
#TestcasesExecutedval2: 476847
#FailingTestCase: 33
#RegressionTestCases: 1827
#OfAppliedOp: 792
#NotAppliedOp: 0
#InmutatedGen: 1028
#unfinishValidation: 0
#ing {CtReturnImpl=933, CtInvocationImpl=887}
#untilcompile {1=39, 2=28, 3=31, 4=20, 279=1, 5=21, 6=11, 7=23, 8=12, 9=7, 10=9, 11=9, 12=7, 13=2, 14=3, 15=4, 284=1, 804=166, 17=8, 16=2, 19=2, 18=3, 21=3, 23=6, 25=2, 24=3, 27=1, 26=2, 29=3, 28=1, 31=1, 30=1, 35=1, 32=2, 39=1, 36=1, 37=1, 42=1, 525=1, 43=1, 40=2, 41=1, 47=2, 50=1, 49=1, 48=1, 52=2, 58=1, 56=1, 69=51, 70=3, 71=2, 77=1, 78=3, 79=2, 72=2, 73=3, 74=2, 75=1, 85=5, 84=2, 87=2, 86=5, 81=32, 83=2, 82=6, 94=1, 89=1, 88=1, 100=1, 101=1, 96=1, 110=1, 107=2, 105=1, 115=1, 113=1, 126=2, 123=1, 121=1, 412=1, 142=1, 413=1, 402=90, 150=58, 447=1, 428=1, 416=1, 176=1, 471=84, 199=1, 218=1, 454=1, 239=1, 238=1, 236=1, 244=1, 483=90}
2015-08-25 00:19:21,450 INFO main - Time Evolution(ms): 3661344
2015-08-25 00:19:21,450 INFO fr.inria.main.AbstractMain - Time Total(ms): 3697309


Node: griffon-18.nancy.grid5000.fr


Date: Tue Aug 25 02:19:21 CEST 2015


