export PATH="/home/tdurieux/defects4j/framework/bin:$PATH";export JAVA_TOOL_OPTIONS=-Dfile.encoding=UTF8;export PATH="/usr/lib/jvm/java-1.7.0-openjdk-amd64/bin/:$PATH";cp -r /home/tdurieux/projects/math/math_104 /tmp/math_104_Genprog;cd /tmp/math_104_Genprog;defects4j compile;mkdir lib/;cp -r /home/tdurieux/defects4j/framework/projects/lib/* lib/;cp -r /home/tdurieux/defects4j/framework/projects/Math/lib/* lib/;find . -type f -name "package-info.java" -delete;
/home/tdurieux/defects4j-repair/src/python/core/../../../results/2015-august/Math/104/Genprog/result
cd /tmp/math_104_Genprog;export JAVA_TOOL_OPTIONS=-Dfile.encoding=UTF8;export PATH="/usr/lib/jvm/java-1.7.0-openjdk-amd64/bin/:$PATH";time java  -cp /home/tdurieux/defects4j-repair/src/python/core/../../..//libs/astor.jar fr.inria.main.evolution.MainjGenProg -mode statement -location . -dependencies lib/ -failing org.apache.commons.math.special.GammaTest: -package org.apache.commons -jvm4testexecution /usr/lib/jvm/java-1.7.0-openjdk-amd64/bin/ -javacompliancelevel 3 -maxgen 1000000 -seed 10 -maxtime 60  -scope local  -stopfirst true -flthreshold 0.1 -population 1 -srcjavafolder src/java/ -srctestfolder src/test/ -binjavafolder target/classes/ -bintestfolder target/test-classes/;echo "

Node: `hostname`
";echo "
Date: `date`
";rm -rf /tmp/math_104_Genprog;

2015-08-24 21:14:53,680 INFO main - End Repair Loops: NOT Found solution
2015-08-24 21:14:53,680 INFO main - 
Number solutions:0
2015-08-24 21:14:53,680 INFO main - 
All variants:
2015-08-24 21:14:53,680 INFO main - f 1.0, [Variant id: 3975, #gens: 21, #ops: 0, parent:-]
2015-08-24 21:14:53,680 INFO main - --Space: LOCAL
org.apache.commons.math.special.Gamma=46|,
2015-08-24 21:14:53,680 INFO main - 
----stats: 
2015-08-24 21:14:53,680 INFO main - 
spaces navigation: [41]: {(CtReturnImpl| size: 46| notcompiles| LOCAL| INSERT_BEFORE) =60, (CtWhileImpl| size: 46| notcompiles| LOCAL| INSERT_AFTER) =9, (CtReturnImpl| size: 46| compiles| LOCAL| INSERT_AFTER) =54, (CtLocalVariableImpl| size: 46| alreadyanalyzed| LOCAL| INSERT_AFTER) =4774, (CtIfImpl| size: 46| notcompiles| LOCAL| INSERT_BEFORE) =57, (CtIfImpl| size: 8| compiles| LOCAL| REPLACE) =25, (CtIfImpl| size: 46| alreadyanalyzed| LOCAL| INSERT_AFTER) =6091, (CtReturnImpl| size: 7| alreadyanalyzed| LOCAL| REPLACE) =1220, (CtAssignmentImpl| size: 46| compiles| LOCAL| INSERT_AFTER) =162, (CtReturnImpl| size: 46| alreadyanalyzed| LOCAL| INSERT_AFTER) =6723, (CtAssignmentImpl| size: 46| notcompiles| LOCAL| INSERT_AFTER) =66, (CtLocalVariableImpl| size: 46| notcompiles| LOCAL| INSERT_BEFORE) =58, (CtWhileImpl| size: 46| alreadyanalyzed| LOCAL| INSERT_BEFORE) =815, (CtWhileImpl| size: 1| alreadyanalyzed| LOCAL| REPLACE) =44, (CtWhileImpl| size: 46| compiles| LOCAL| INSERT_AFTER) =29, (CtWhileImpl| size: 46| notcompiles| LOCAL| INSERT_BEFORE) =9, (CtLocalVariableImpl| size: 46| alreadyanalyzed| LOCAL| INSERT_BEFORE) =5516, (CtIfImpl| size: 46| compiles| LOCAL| INSERT_BEFORE) =95, (CtAssignmentImpl| size: 46| alreadyanalyzed| LOCAL| INSERT_BEFORE) =6000, (CtAssignmentImpl| size: 46| compiles| LOCAL| INSERT_BEFORE) =162, (CtLocalVariableImpl| size: 46| compiles| LOCAL| INSERT_BEFORE) =93, (CtAssignmentImpl| size: 46| notcompiles| LOCAL| INSERT_BEFORE) =66, (CtIfImpl| size: 8| alreadyanalyzed| LOCAL| REPLACE) =1408, (CtWhileImpl| size: 46| compiles| LOCAL| INSERT_BEFORE) =29, (CtAssignmentImpl| size: 16| notcompiles| LOCAL| REPLACE) =32, (CtReturnImpl| size: 46| compiles| LOCAL| INSERT_BEFORE) =54, (CtIfImpl| size: 8| notcompiles| LOCAL| REPLACE) =3, (CtIfImpl| size: 46| compiles| LOCAL| INSERT_AFTER) =95, (CtAssignmentImpl| size: 16| compiles| LOCAL| REPLACE) =46, (CtAssignmentImpl| size: 16| alreadyanalyzed| LOCAL| REPLACE) =3984, (CtLocalVariableImpl| size: 10| alreadyanalyzed| LOCAL| REPLACE) =1610, (CtReturnImpl| size: 46| notcompiles| LOCAL| INSERT_AFTER) =60, (CtIfImpl| size: 46| notcompiles| LOCAL| INSERT_AFTER) =57, (CtLocalVariableImpl| size: 46| notcompiles| LOCAL| INSERT_AFTER) =58, (CtLocalVariableImpl| size: 46| compiles| LOCAL| INSERT_AFTER) =93, (CtReturnImpl| size: 7| notcompiles| LOCAL| REPLACE) =12, (CtAssignmentImpl| size: 46| alreadyanalyzed| LOCAL| INSERT_AFTER) =6310, (CtReturnImpl| size: 46| alreadyanalyzed| LOCAL| INSERT_BEFORE) =5942, (CtIfImpl| size: 46| alreadyanalyzed| LOCAL| INSERT_BEFORE) =4635, (CtWhileImpl| size: 46| alreadyanalyzed| LOCAL| INSERT_AFTER) =1520, (CtLocalVariableImpl| size: 10| compiles| LOCAL| REPLACE) =27}
#gen: 1987
#patches: 0
#RightCompilation: 834
#WrongCompilation: 1152
#FailingTestCaseExecution: 835
#RegressionTestExecution: 3
#TestcasesExecutedval1: 8602
#TestcasesExecutedval2: 3009
#FailingTestCase: 11
#RegressionTestCases: 1003
#OfAppliedOp: 1986
#NotAppliedOp: 0
#InmutatedGen: 2229
#unfinishValidation: 0
#ing {CtLocalVariableImpl=749, CtReturnImpl=1146, CtAssignmentImpl=1125, CtInvocationImpl=206, CtIfImpl=802, CtWhileImpl=187}
#untilcompile {1=251, 2=134, 3=90, 4=51, 278=1, 5=31, 6=30, 545=1, 276=3, 7=54, 8=59, 9=16, 10=45, 11=20, 12=11, 13=11, 14=6, 15=9, 17=11, 16=32, 19=9, 18=15, 21=5, 20=14, 561=1, 23=5, 22=4, 25=3, 24=6, 27=6, 26=7, 29=4, 271=1, 28=4, 31=2, 269=1, 30=6, 34=3, 35=2, 32=6, 33=3, 38=2, 39=3, 37=1, 40=1, 317=1, 46=102, 47=10, 44=1, 45=2, 51=2, 50=5, 49=8, 48=10, 292=1, 55=6, 54=16, 53=11, 52=1, 59=2, 58=1, 57=3, 56=14, 300=3, 63=8, 536=1, 62=15, 61=4, 60=4, 68=3, 69=5, 70=6, 64=5, 338=1, 65=2, 66=4, 67=2, 350=1, 77=2, 78=5, 79=2, 72=2, 73=1, 74=1, 75=1, 84=1, 325=1, 86=2, 322=1, 83=1, 82=2, 93=4, 92=40, 95=1, 89=1, 90=2, 102=8, 103=1, 375=1, 100=3, 101=4, 98=1, 99=4, 96=3, 97=1, 110=3, 108=4, 109=1, 104=2, 356=1, 119=2, 118=2, 116=2, 115=1, 112=1, 124=1, 409=1, 138=20, 133=1, 135=1, 154=7, 155=1, 399=1, 156=2, 157=1, 144=1, 145=1, 146=7, 148=4, 391=1, 149=2, 170=2, 169=1, 172=2, 162=2, 161=3, 164=1, 439=1, 184=7, 185=2, 191=1, 200=4, 202=3, 192=1, 194=2, 216=3, 218=1, 215=2, 208=2, 210=1, 448=1, 211=1, 238=2, 237=2, 233=2, 230=1, 254=1, 246=4, 247=1, 240=2}
2015-08-24 21:14:53,681 INFO main - Time Evolution(ms): 3686431
2015-08-24 21:14:53,681 INFO fr.inria.main.AbstractMain - Time Total(ms): 3705064


Node: graphene-30.nancy.grid5000.fr


Date: Mon Aug 24 23:14:54 CEST 2015


