export PATH="/home/tdurieux/defects4j/framework/bin:$PATH";export JAVA_TOOL_OPTIONS=-Dfile.encoding=UTF8;export PATH="/usr/lib/jvm/java-1.7.0-openjdk-amd64/bin/:$PATH";cp -r /home/tdurieux/projects/lang/lang_26 /tmp/lang_26_Genprog;cd /tmp/lang_26_Genprog;defects4j compile;mkdir lib/;cp -r /home/tdurieux/defects4j/framework/projects/lib/* lib/;cp -r /home/tdurieux/defects4j/framework/projects/Lang/lib/* lib/;find . -type f -name "package-info.java" -delete;
/home/tdurieux/defects4j-repair/src/python/core/../../../results/2015-august/Lang/26/Genprog/result
cd /tmp/lang_26_Genprog;export JAVA_TOOL_OPTIONS=-Dfile.encoding=UTF8;TZ="America/New_York"; export TZexport PATH="/usr/lib/jvm/java-1.7.0-openjdk-amd64/bin/:$PATH";time java  -cp /home/tdurieux/defects4j-repair/src/python/core/../../..//libs/astor.jar fr.inria.main.evolution.MainjGenProg -mode statement -location . -dependencies lib/ -failing org.apache.commons.lang3.time.FastDateFormatTest: -package org.apache.commons -jvm4testexecution /usr/lib/jvm/java-1.7.0-openjdk-amd64/bin/ -javacompliancelevel 5 -maxgen 1000000 -seed 10 -maxtime 60  -scope local  -stopfirst true -flthreshold 0.1 -population 1 -srcjavafolder src/main/java/ -srctestfolder src/test/java/ -binjavafolder target/classes/ -bintestfolder target/test-classes/;echo "

Node: `hostname`
";echo "
Date: `date`
";rm -rf /tmp/lang_26_Genprog;

2015-08-24 23:49:34,095 INFO main - End Repair Loops: NOT Found solution
2015-08-24 23:49:34,095 INFO main - 
Number solutions:0
2015-08-24 23:49:34,095 INFO main - 
All variants:
2015-08-24 23:49:34,095 INFO main - f 4.0, [Variant id: 7537, #gens: 6, #ops: 0, parent:-]
2015-08-24 23:49:34,095 INFO main - --Space: LOCAL
org.apache.commons.lang3.time.FastDateFormat=402|,org.apache.commons.lang3.text.ExtendedMessageFormat=159|,org.apache.commons.lang3.time.DateUtils=314|,
2015-08-24 23:49:34,095 INFO main - 
----stats: 
2015-08-24 23:49:34,095 INFO main - 
spaces navigation: [54]: {(CtReturnImpl| size: 63| compiles| LOCAL| REPLACE) =2, (CtAssignmentImpl| size: 13| alreadyanalyzed| LOCAL| REPLACE) =5568, (CtInvocationImpl| size: 402| alreadyanalyzed| LOCAL| INSERT_AFTER) =104153, (CtReturnImpl| size: 14| notcompiles| LOCAL| REPLACE) =5, (CtInvocationImpl| size: 159| alreadyanalyzed| LOCAL| INSERT_AFTER) =60098, (CtReturnImpl| size: 159| notcompiles| LOCAL| INSERT_BEFORE) =81, (CtInvocationImpl| size: 159| compiles| LOCAL| INSERT_BEFORE) =51, (CtReturnImpl| size: 159| alreadyanalyzed| LOCAL| INSERT_AFTER) =65210, (CtReturnImpl| size: 314| compiles| LOCAL| INSERT_AFTER) =60, (CtAssignmentImpl| size: 13| compiles| LOCAL| REPLACE) =1, (CtInvocationImpl| size: 81| alreadyanalyzed| LOCAL| REPLACE) =29759, (CtReturnImpl| size: 314| compiles| LOCAL| INSERT_BEFORE) =60, (CtReturnImpl| size: 14| alreadyanalyzed| LOCAL| REPLACE) =5773, (CtInvocationImpl| size: 402| notcompiles| LOCAL| INSERT_BEFORE) =209, (CtInvocationImpl| size: 159| notcompiles| LOCAL| INSERT_AFTER) =80, (CtReturnImpl| size: 159| alreadyanalyzed| LOCAL| INSERT_BEFORE) =59099, (CtReturnImpl| size: 402| notcompiles| LOCAL| INSERT_AFTER) =208, (CtInvocationImpl| size: 159| notcompiles| LOCAL| INSERT_BEFORE) =80, (CtInvocationImpl| size: 159| compiles| LOCAL| INSERT_AFTER) =51, (CtReturnImpl| size: 69| compiles| LOCAL| REPLACE) =18, (CtAssignmentImpl| size: 159| alreadyanalyzed| LOCAL| INSERT_BEFORE) =61837, (CtReturnImpl| size: 314| notcompiles| LOCAL| INSERT_BEFORE) =181, (CtInvocationImpl| size: 40| alreadyanalyzed| LOCAL| REPLACE) =17354, (CtInvocationImpl| size: 402| alreadyanalyzed| LOCAL| INSERT_BEFORE) =106522, (CtInvocationImpl| size: 81| compiles| LOCAL| REPLACE) =2, (CtInvocationImpl| size: 40| notcompiles| LOCAL| REPLACE) =27, (CtReturnImpl| size: 14| compiles| LOCAL| REPLACE) =7, (CtInvocationImpl| size: 40| compiles| LOCAL| REPLACE) =6, (CtReturnImpl| size: 402| notcompiles| LOCAL| INSERT_BEFORE) =208, (CtAssignmentImpl| size: 159| compiles| LOCAL| INSERT_AFTER) =51, (CtReturnImpl| size: 69| notcompiles| LOCAL| REPLACE) =36, (CtInvocationImpl| size: 402| compiles| LOCAL| INSERT_BEFORE) =84, (CtReturnImpl| size: 159| compiles| LOCAL| INSERT_AFTER) =50, (CtInvocationImpl| size: 402| notcompiles| LOCAL| INSERT_AFTER) =209, (CtReturnImpl| size: 402| compiles| LOCAL| INSERT_BEFORE) =84, (CtReturnImpl| size: 402| compiles| LOCAL| INSERT_AFTER) =84, (CtReturnImpl| size: 63| notcompiles| LOCAL| REPLACE) =55, (CtAssignmentImpl| size: 13| notcompiles| LOCAL| REPLACE) =11, (CtInvocationImpl| size: 159| alreadyanalyzed| LOCAL| INSERT_BEFORE) =60079, (CtAssignmentImpl| size: 159| alreadyanalyzed| LOCAL| INSERT_AFTER) =58108, (CtReturnImpl| size: 314| alreadyanalyzed| LOCAL| INSERT_BEFORE) =122598, (CtReturnImpl| size: 402| alreadyanalyzed| LOCAL| INSERT_AFTER) =117457, (CtAssignmentImpl| size: 159| notcompiles| LOCAL| INSERT_BEFORE) =80, (CtReturnImpl| size: 159| compiles| LOCAL| INSERT_BEFORE) =50, (CtReturnImpl| size: 63| alreadyanalyzed| LOCAL| REPLACE) =25056, (CtAssignmentImpl| size: 159| compiles| LOCAL| INSERT_BEFORE) =51, (CtAssignmentImpl| size: 159| notcompiles| LOCAL| INSERT_AFTER) =80, (CtReturnImpl| size: 314| notcompiles| LOCAL| INSERT_AFTER) =181, (CtReturnImpl| size: 69| alreadyanalyzed| LOCAL| REPLACE) =25310, (CtReturnImpl| size: 402| alreadyanalyzed| LOCAL| INSERT_BEFORE) =128161, (CtReturnImpl| size: 159| notcompiles| LOCAL| INSERT_AFTER) =81, (CtInvocationImpl| size: 402| compiles| LOCAL| INSERT_AFTER) =84, (CtInvocationImpl| size: 81| notcompiles| LOCAL| REPLACE) =39, (CtReturnImpl| size: 314| alreadyanalyzed| LOCAL| INSERT_AFTER) =124306}
#gen: 3768
#patches: 0
#RightCompilation: 1906
#WrongCompilation: 1471
#FailingTestCaseExecution: 1907
#RegressionTestExecution: 0
#TestcasesExecutedval1: 28605
#TestcasesExecutedval2: 0
#FailingTestCase: 15
#RegressionTestCases: 0
#OfAppliedOp: 3377
#NotAppliedOp: 0
#InmutatedGen: 6579
#unfinishValidation: 0
#ing {CtAssignmentImpl=1745, CtReturnImpl=5044, CtInvocationImpl=3167}
#untilcompile {1=109, 2=67, 1103=3, 3=49, 4=43, 5=28, 6=42, 7=22, 8=22, 9=15, 10=12, 11=8, 12=13, 13=69, 14=60, 15=13, 17=12, 1117=7, 16=11, 1116=10, 19=8, 18=6, 1118=4, 21=4, 20=4, 23=3, 1115=3, 22=7, 25=3, 24=7, 27=5, 26=2, 29=2, 28=2, 31=2, 30=4, 34=2, 1132=1, 33=3, 38=2, 1131=2, 39=3, 36=1, 1128=9, 37=1, 1129=6, 42=2, 43=1, 40=53, 41=5, 46=2, 1122=6, 44=1, 45=4, 51=1, 50=2, 49=2, 48=1, 55=4, 54=4, 53=6, 1145=1, 1143=7, 58=3, 57=1, 56=2, 63=38, 62=1, 61=2, 60=1, 1136=3, 69=23, 70=2, 1034=9, 71=2, 64=2, 65=6, 66=3, 67=4, 1039=2, 76=2, 77=9, 1026=2, 79=1, 72=2, 73=1, 74=4, 75=1, 85=4, 1048=4, 84=2, 87=4, 86=1, 1053=4, 81=28, 83=6, 82=3, 93=1, 1040=5, 95=3, 94=4, 89=1, 88=1, 91=1, 1047=3, 102=1, 1066=1, 103=4, 100=1, 98=2, 110=1, 111=2, 109=1, 106=1, 104=1, 105=1, 119=1, 116=2, 1080=2, 115=1, 114=1, 113=1, 126=1, 1074=4, 1073=1, 124=1, 122=3, 121=6, 141=1, 128=1, 1225=6, 132=7, 135=2, 134=3, 152=1, 157=2, 158=1, 159=199, 144=5, 145=1, 146=1, 150=2, 151=2, 171=3, 170=1, 169=1, 175=2, 174=1, 173=17, 172=17, 163=2, 162=3, 1262=13, 160=1, 167=1, 165=3, 164=1, 186=2, 184=2, 190=1, 178=2, 179=1, 1277=3, 1274=19, 180=1, 181=2, 204=1, 1155=11, 200=1, 1158=1, 196=1, 199=19, 1162=1, 193=2, 220=1, 222=20, 1171=1, 1172=2, 218=1, 213=5, 208=1, 1185=9, 236=2, 235=1, 233=1, 232=1, 1194=1, 1193=6, 228=18, 1199=10, 1198=13, 224=1, 253=1, 247=1, 242=5, 243=1, 240=11, 241=4, 275=1, 282=2, 281=1, 280=4, 256=1, 262=3, 263=1, 266=2, 268=1, 1344=19, 309=4, 314=83, 316=3, 318=46, 291=1, 303=2, 341=2, 1304=3, 338=2, 349=1, 348=1, 345=2, 326=1, 1290=5, 327=9, 325=2, 322=2, 321=1, 332=2, 1281=2, 331=6, 328=10, 368=2, 381=15, 1331=8, 383=8, 1330=5, 376=1, 358=5, 359=1, 354=8, 367=4, 1317=5, 362=1, 363=1, 410=1, 408=3, 409=4, 415=15, 412=3, 413=2, 402=90, 400=2, 401=1, 395=6, 394=3, 393=1, 1476=15, 399=9, 397=1, 396=2, 387=7, 385=1, 384=1, 390=1, 388=1, 442=10, 435=3, 437=1, 439=2, 425=3, 427=1, 429=1, 431=1, 430=1, 416=9, 418=1, 420=1, 479=3, 476=1, 477=7, 475=1, 473=51, 471=4, 468=1, 467=1, 464=2, 1436=9, 465=5, 463=3, 462=6, 456=4, 455=5, 450=7, 449=1, 511=1, 504=1, 505=1, 500=1, 502=2, 496=1, 498=2, 492=1, 494=1, 489=1, 491=1, 490=1, 1449=12, 487=5, 486=9, 1450=21, 480=1, 483=2, 482=2, 550=1, 549=1, 546=2, 544=5, 545=2, 558=1, 556=1, 554=4, 555=1, 567=1, 561=42, 575=5, 574=12, 571=1, 569=1, 568=1, 519=1, 513=9, 515=1, 526=3, 527=1, 523=1, 533=1, 534=1, 531=2, 540=3, 542=8, 608=1, 609=2, 614=2, 613=1, 623=1, 621=3, 627=1, 624=8, 1595=38, 630=2, 633=1, 632=23, 638=3, 637=4, 636=1, 582=1, 584=1, 594=2, 598=1, 601=11, 600=1, 684=1, 683=1, 678=3, 677=6, 676=3, 674=1, 672=2, 701=7, 696=1, 697=1, 693=1, 690=6, 648=1, 651=1, 650=3, 645=7, 646=3, 640=1, 642=3, 670=2, 664=2, 663=1, 656=1, 747=3, 746=1, 745=1, 749=1, 743=2, 741=3, 760=4, 753=1, 758=2, 759=2, 756=4, 713=4, 715=1, 714=2, 716=18, 719=1, 705=1, 704=1, 707=2, 729=1, 730=5, 732=1, 733=4, 734=3, 720=15, 822=3, 818=1, 804=4, 800=1, 801=3, 802=1, 814=1, 815=2, 791=9, 789=3, 785=4, 799=1, 797=2, 796=6, 795=6, 770=3, 769=2, 782=5, 783=4, 880=2, 889=5, 888=6, 892=1, 864=1, 865=7, 866=8, 871=1, 875=21, 877=5, 878=4, 879=6, 852=1, 858=1, 857=2, 860=5, 841=1, 844=1, 956=3, 957=1, 958=2, 944=4, 941=12, 942=4, 934=2, 929=2, 928=3, 921=1, 915=10, 904=10, 902=2, 1016=1, 1017=1, 1023=13, 1009=7, 1010=4, 1011=7, 1003=2, 997=4, 998=3, 984=1, 976=2, 983=6, 971=1, 963=6, 960=3}
2015-08-24 23:49:34,096 INFO main - Time Evolution(ms): 3660056
2015-08-24 23:49:34,096 INFO fr.inria.main.AbstractMain - Time Total(ms): 3683756


Node: griffon-5.nancy.grid5000.fr


Date: Tue Aug 25 01:49:34 CEST 2015


