export PATH="/home/tdurieux/defects4j/framework/bin:$PATH";export JAVA_TOOL_OPTIONS=-Dfile.encoding=UTF8;export PATH="/usr/lib/jvm/java-1.7.0-openjdk-amd64/bin/:$PATH";cp -r /home/tdurieux/projects/math/math_45 /tmp/math_45_Genprog;cd /tmp/math_45_Genprog;defects4j compile;mkdir lib/;cp -r /home/tdurieux/defects4j/framework/projects/lib/* lib/;cp -r /home/tdurieux/defects4j/framework/projects/Math/lib/* lib/;find . -type f -name "package-info.java" -delete;
/home/tdurieux/defects4j-repair/src/python/core/../../../results/2015-august/Math/45/Genprog/result
cd /tmp/math_45_Genprog;export JAVA_TOOL_OPTIONS=-Dfile.encoding=UTF8;export PATH="/usr/lib/jvm/java-1.7.0-openjdk-amd64/bin/:$PATH";time java  -cp /home/tdurieux/defects4j-repair/src/python/core/../../..//libs/astor.jar fr.inria.main.evolution.MainjGenProg -mode statement -location . -dependencies lib/ -failing org.apache.commons.math.linear.OpenMapRealMatrixTest: -package org.apache.commons -jvm4testexecution /usr/lib/jvm/java-1.7.0-openjdk-amd64/bin/ -javacompliancelevel 5 -maxgen 1000000 -seed 10 -maxtime 60  -scope local  -stopfirst true -flthreshold 0.1 -population 1 -srcjavafolder src/main/java/ -srctestfolder src/test/java/ -binjavafolder target/classes/ -bintestfolder target/test-classes/;echo "

Node: `hostname`
";echo "
Date: `date`
";rm -rf /tmp/math_45_Genprog;

2015-08-24 22:15:40,727 INFO main - End Repair Loops: NOT Found solution
2015-08-24 22:15:40,727 INFO main - 
Number solutions:0
2015-08-24 22:15:40,727 INFO main - 
All variants:
2015-08-24 22:15:40,727 INFO main - f 1.0, [Variant id: 28587, #gens: 5, #ops: 0, parent:-]
2015-08-24 22:15:40,727 INFO main - --Space: LOCAL
org.apache.commons.math.util.OpenIntToDoubleHashMap=181|,
2015-08-24 22:15:40,727 INFO main - 
----stats: 
2015-08-24 22:15:40,727 INFO main - 
spaces navigation: [26]: {(CtReturnImpl| size: 181| compiles| LOCAL| INSERT_BEFORE) =63, (CtReturnImpl| size: 181| alreadyanalyzed| LOCAL| INSERT_BEFORE) =372209, (CtLocalVariableImpl| size: 181| notcompiles| LOCAL| INSERT_AFTER) =143, (CtLocalVariableImpl| size: 181| alreadyanalyzed| LOCAL| INSERT_BEFORE) =740621, (CtLocalVariableImpl| size: 181| compiles| LOCAL| INSERT_BEFORE) =120, (CtReturnImpl| size: 181| alreadyanalyzed| LOCAL| INSERT_AFTER) =375813, (CtIfImpl| size: 181| notcompiles| LOCAL| INSERT_AFTER) =142, (CtIfImpl| size: 181| notcompiles| LOCAL| INSERT_BEFORE) =142, (CtIfImpl| size: 181| alreadyanalyzed| LOCAL| INSERT_AFTER) =706063, (CtReturnImpl| size: 36| notcompiles| LOCAL| REPLACE) =16, (CtIfImpl| size: 29| notcompiles| LOCAL| REPLACE) =35, (CtIfImpl| size: 181| compiles| LOCAL| INSERT_BEFORE) =122, (CtReturnImpl| size: 181| notcompiles| LOCAL| INSERT_BEFORE) =69, (CtIfImpl| size: 181| compiles| LOCAL| INSERT_AFTER) =122, (CtIfImpl| size: 181| alreadyanalyzed| LOCAL| INSERT_BEFORE) =754314, (CtReturnImpl| size: 181| notcompiles| LOCAL| INSERT_AFTER) =69, (CtLocalVariableImpl| size: 181| alreadyanalyzed| LOCAL| INSERT_AFTER) =761950, (CtIfImpl| size: 29| alreadyanalyzed| LOCAL| REPLACE) =121634, (CtLocalVariableImpl| size: 181| notcompiles| LOCAL| INSERT_BEFORE) =143, (CtReturnImpl| size: 181| compiles| LOCAL| INSERT_AFTER) =63, (CtLocalVariableImpl| size: 181| compiles| LOCAL| INSERT_AFTER) =120, (CtIfImpl| size: 29| compiles| LOCAL| REPLACE) =3, (CtReturnImpl| size: 36| compiles| LOCAL| REPLACE) =8, (CtLocalVariableImpl| size: 34| compiles| LOCAL| REPLACE) =49, (CtLocalVariableImpl| size: 34| alreadyanalyzed| LOCAL| REPLACE) =141371, (CtReturnImpl| size: 36| alreadyanalyzed| LOCAL| REPLACE) =75723}
#gen: 14293
#patches: 0
#RightCompilation: 6228
#WrongCompilation: 4886
#FailingTestCaseExecution: 6229
#RegressionTestExecution: 0
#TestcasesExecutedval1: 6229
#TestcasesExecutedval2: 0
#FailingTestCase: 1
#RegressionTestCases: 0
#OfAppliedOp: 11114
#NotAppliedOp: 0
#InmutatedGen: 30922
#unfinishValidation: 0
#ing {CtLocalVariableImpl=16978, CtReturnImpl=8412, CtIfImpl=16646}
#untilcompile {275=11, 1=129, 273=20, 2=64, 3=60, 4=43, 278=16, 5=23, 277=1, 6=25, 7=23, 8=14, 9=6, 281=1, 10=8, 280=42, 11=11, 12=5, 13=1, 285=8, 14=3, 15=6, 17=4, 16=3, 19=3, 18=4, 21=4, 20=5, 23=1, 22=1, 25=4, 267=1, 24=2, 27=1, 572=173, 26=1, 29=356, 31=11, 30=18, 34=354, 35=9, 307=27, 32=8, 33=5, 309=63, 38=3, 39=6, 36=178, 37=11, 42=4, 43=5, 40=7, 314=59, 41=1, 46=5, 47=1, 44=3, 45=1, 51=1, 50=4, 49=1, 48=1, 54=2, 53=2, 52=1, 59=1, 58=22, 543=428, 57=2, 63=95, 61=1, 68=20, 611=109, 69=3, 608=234, 70=45, 64=4, 65=44, 66=2, 613=200, 67=1, 78=1, 79=2, 347=1, 72=4, 73=2, 74=2, 81=1, 80=1, 83=1, 92=16, 95=2, 94=4, 89=1, 88=2, 577=154, 103=1, 100=1, 579=87, 98=1, 99=21, 368=2, 96=1, 97=13, 110=1, 111=2, 376=1, 107=1, 104=13, 119=1, 112=1, 601=96, 364=1, 126=6, 125=1, 123=2, 362=826, 606=439, 408=1, 141=1, 128=9, 133=7, 152=1, 398=120, 396=253, 386=1, 391=247, 440=1, 432=54, 162=6, 425=111, 427=59, 190=1, 905=445, 430=34, 189=1, 182=1, 420=32, 181=1668, 202=1, 197=1, 466=47, 461=176, 760=213, 223=1, 459=100, 217=177, 458=1, 456=54, 219=1, 454=104, 214=1, 753=422, 215=345, 758=385, 210=297, 239=41, 237=1, 236=1, 230=1, 224=1, 255=1, 253=1, 250=1, 251=81, 249=35, 246=56, 244=137, 724=214}
2015-08-24 22:15:40,727 INFO main - Time Evolution(ms): 3660225
2015-08-24 22:15:40,727 INFO fr.inria.main.AbstractMain - Time Total(ms): 3837874


Node: graphene-7.nancy.grid5000.fr


Date: Tue Aug 25 00:15:41 CEST 2015


