Running ant (compile)...................................................... OK
Running ant (compile.tests)................................................ OK
Picked up JAVA_TOOL_OPTIONS: -Dfile.encoding=UTF8
xxl.java.compiler.DynamicCompilationException: Aborting: dynamic compilation failed
	at xxl.java.compiler.DynamicClassCompiler.runCompilationTask(DynamicClassCompiler.java:86)
	at xxl.java.compiler.DynamicClassCompiler.javaBytecodeFor(DynamicClassCompiler.java:54)
	at fr.inria.lille.commons.spoon.SpoonedFile.compilationFor(SpoonedFile.java:177)
	at fr.inria.lille.commons.spoon.SpoonedFile.compileModelledClasses(SpoonedFile.java:154)
	at fr.inria.lille.commons.spoon.SpoonedFile.processModelledClasses(SpoonedFile.java:138)
	at fr.inria.lille.commons.spoon.SpoonedFile.process(SpoonedFile.java:128)
	at fr.inria.lille.commons.spoon.SpoonedFile.processedAndDumpedToClassLoader(SpoonedFile.java:119)
	at fr.inria.lille.commons.spoon.SpoonedFile.processedAndDumpedToClassLoader(SpoonedFile.java:115)
	at fr.inria.lille.repair.nopol.patch.TestPatch.passesAllTests(TestPatch.java:58)
	at fr.inria.lille.repair.nopol.NoPol.isOk(NoPol.java:210)
	at fr.inria.lille.repair.nopol.NoPol.solveWithMultipleBuild(NoPol.java:186)
	at fr.inria.lille.repair.nopol.NoPol.build(NoPol.java:119)
	at fr.inria.lille.repair.nopol.NoPol.build(NoPol.java:89)
	at fr.inria.lille.repair.nopol.NoPolLauncher.launch(NoPolLauncher.java:84)
	at fr.inria.lille.repair.Main.main(Main.java:61)
com.sun.jdi.ClassNotPreparedException
	at com.sun.tools.jdi.JDWPException.toJDIException(JDWPException.java:51)
	at com.sun.tools.jdi.ReferenceTypeImpl.getInterfaces(ReferenceTypeImpl.java:572)
	at com.sun.tools.jdi.InterfaceTypeImpl.superinterfaces(InterfaceTypeImpl.java:50)
	at com.sun.tools.jdi.InterfaceTypeImpl.addVisibleMethods(InterfaceTypeImpl.java:90)
	at com.sun.tools.jdi.ReferenceTypeImpl.visibleMethods(ReferenceTypeImpl.java:526)
	at fr.inria.lille.spirals.repair.synthesizer.collect.DataCollector.getMethods(DataCollector.java:312)
	at fr.inria.lille.spirals.repair.synthesizer.collect.DataCollector.collectStaticMethods(DataCollector.java:292)
	at fr.inria.lille.spirals.repair.synthesizer.collect.DataCollector.collect(DataCollector.java:115)
	at fr.inria.lille.spirals.repair.synthesizer.SynthesizerImpl.collectRuntimeValues(SynthesizerImpl.java:382)
	at fr.inria.lille.spirals.repair.synthesizer.SynthesizerImpl.processBreakPointEvents(SynthesizerImpl.java:285)
	at fr.inria.lille.spirals.repair.synthesizer.SynthesizerImpl.processVMEvents(SynthesizerImpl.java:182)
	at fr.inria.lille.spirals.repair.synthesizer.SynthesizerImpl.run(SynthesizerImpl.java:151)
	at fr.inria.lille.repair.nopol.synth.brutpol.BrutSynthesizer.buildPatch(BrutSynthesizer.java:135)
	at fr.inria.lille.repair.nopol.NoPol.solveWithMultipleBuild(NoPol.java:185)
	at fr.inria.lille.repair.nopol.NoPol.build(NoPol.java:119)
	at fr.inria.lille.repair.nopol.NoPol.build(NoPol.java:89)
	at fr.inria.lille.repair.nopol.NoPolLauncher.launch(NoPolLauncher.java:84)
	at fr.inria.lille.repair.Main.main(Main.java:61)
java.lang.RuntimeException: java.util.concurrent.TimeoutException
	at xxl.java.junit.TestSuiteExecution.executionResult(TestSuiteExecution.java:97)
	at xxl.java.junit.TestSuiteExecution.runTestCase(TestSuiteExecution.java:44)
	at xxl.java.junit.TestSuiteExecution.runTestResult(TestSuiteExecution.java:73)
	at xxl.java.junit.TestSuiteExecution.runTestResult(TestSuiteExecution.java:52)
	at fr.inria.lille.repair.nopol.patch.TestPatch.passesAllTests(TestPatch.java:60)
	at fr.inria.lille.repair.nopol.NoPol.isOk(NoPol.java:210)
	at fr.inria.lille.repair.nopol.NoPol.solveWithMultipleBuild(NoPol.java:186)
	at fr.inria.lille.repair.nopol.NoPol.build(NoPol.java:119)
	at fr.inria.lille.repair.nopol.NoPol.build(NoPol.java:89)
	at fr.inria.lille.repair.nopol.NoPolLauncher.launch(NoPolLauncher.java:84)
	at fr.inria.lille.repair.Main.main(Main.java:61)
Caused by: java.util.concurrent.TimeoutException
	at java.util.concurrent.FutureTask.get(FutureTask.java:201)
	at xxl.java.junit.TestSuiteExecution.executionResult(TestSuiteExecution.java:90)
	... 10 more
## OAR [2016-05-09 00:09:09] Job 978883 KILLED ##
