cd /tmp/math_46_Brutpol;export JAVA_TOOL_OPTIONS=-Dfile.encoding=UTF8;TZ="America/New_York"; export TZexport PATH="/usr/lib/jvm/java-1.7.0-openjdk-amd64/bin/:$PATH";cp -r /home/tdurieux/dynamoth-experiments/src/python/core/../../../libs/z3 lib/z3;time java -d64 -Xmx4g -Xms1g -XX:MaxPermSize=1024m -XX:+UseConcMarkSweepGC -XX:+CMSPermGenSweepingEnabled -XX:+CMSClassUnloadingEnabled -cp /home/tdurieux/dynamoth-experiments/src/python/core/../../..//libs/nopol.jar:/usr/lib/jvm/java-1.7.0-openjdk-amd64/bin//../lib/tools.jar fr.inria.lille.repair.Main --flocal gzoltar  --maxTime 300  --json  --mode repair --type pre_then_cond --oracle angelic --synthesis dynamoth --solver z3 --solver-path /home/tdurieux/dynamoth-experiments/src/python/core/../../..//libs/z3/z3 --complianceLevel 5 --source /tmp/math_46_Brutpol/src/main/java/ --classpath /tmp/math_46_Brutpol/target/classes/:/tmp/math_46_Brutpol/target/test-classes/:/tmp/math_46_Brutpol/lib/commons-discovery-0.5.jar:/home/tdurieux/dynamoth-experiments/src/python/core/../../..//libs/nopol.jar;echo "

Node: `hostname`
";echo "
Date: `date`
";

17:17:09.964 [pool-2-thread-1] INFO  fr.inria.lille.repair.nopol.NoPol - Nb classes : 571
17:17:09.965 [pool-2-thread-1] INFO  fr.inria.lille.repair.nopol.NoPol - Nb methods : 3599
17:17:09.965 [pool-2-thread-1] INFO  fr.inria.lille.repair.nopol.NoPol - Nb Statements Analyzed : 1
17:17:09.965 [pool-2-thread-1] INFO  fr.inria.lille.repair.nopol.NoPol - Nb Statements with Angelic Value Found : 1
17:17:09.965 [pool-2-thread-1] INFO  fr.inria.lille.repair.nopol.NoPol - NoPol Execution time : 232770ms
17:17:09.965 [pool-2-thread-1] INFO  fr.inria.lille.repair.nopol.NoPol - ----PATCH FOUND----
17:17:09.965 [pool-2-thread-1] INFO  fr.inria.lille.repair.nopol.NoPol - this.real == this.imaginary
17:17:10.134 [pool-2-thread-1] INFO  fr.inria.lille.repair.nopol.NoPol - Nb test that executes the patch: 4
17:17:10.134 [pool-2-thread-1] INFO  fr.inria.lille.repair.nopol.NoPol - org.apache.commons.math.complex.Complex:260: PRECONDITION
17:17:10.200 [pool-2-thread-1] INFO  fr.inria.lille.repair.nopol.NoPol - --- /tmp/math_46_Brutpol/src/main/java/org/apache/commons/math/complex/Complex.java
+++ /tmp/math_46_Brutpol/src/main/java/org/apache/commons/math/complex/Complex.java
@@ -259,3 +259,5 @@
             // return isZero ? NaN : INF; // See MATH-657
-            return isZero ? NaN : INF;
+            if (this.real == this.imaginary) {
+                return isZero ? NaN : INF;
+            }
         }



Node: griffon-28.nancy.grid5000.fr


Date: Sat Mar  4 18:17:10 CET 2017


