export PATH="/home/tdurieux/defects4j/framework/bin:$PATH";export JAVA_TOOL_OPTIONS=-Dfile.encoding=UTF8;export PATH="/usr/lib/jvm/java-1.7.0-openjdk-amd64/bin/:$PATH";cp -r /home/tdurieux/projects/math/math_52 /tmp/math_52_Genprog;cd /tmp/math_52_Genprog;defects4j compile;mkdir lib/;cp -r /home/tdurieux/defects4j/framework/projects/lib/* lib/;cp -r /home/tdurieux/defects4j/framework/projects/Math/lib/* lib/;find . -type f -name "package-info.java" -delete;
/home/tdurieux/defects4j-repair/src/python/core/../../../results/2015-august/Math/52/Genprog/result
cd /tmp/math_52_Genprog;export JAVA_TOOL_OPTIONS=-Dfile.encoding=UTF8;export PATH="/usr/lib/jvm/java-1.7.0-openjdk-amd64/bin/:$PATH";time java  -cp /home/tdurieux/defects4j-repair/src/python/core/../../..//libs/astor.jar fr.inria.main.evolution.MainjGenProg -mode statement -location . -dependencies lib/ -failing org.apache.commons.math.geometry.euclidean.threed.RotationTest: -package org.apache.commons -jvm4testexecution /usr/lib/jvm/java-1.7.0-openjdk-amd64/bin/ -javacompliancelevel 5 -maxgen 1000000 -seed 10 -maxtime 60  -scope local  -stopfirst true -flthreshold 0.1 -population 1 -srcjavafolder src/main/java/ -srctestfolder src/test/java/ -binjavafolder target/classes/ -bintestfolder target/test-classes/;echo "

Node: `hostname`
";echo "
Date: `date`
";rm -rf /tmp/math_52_Genprog;

2015-08-24 22:15:16,754 INFO main - End Repair Loops: NOT Found solution
2015-08-24 22:15:16,754 INFO main - 
Number solutions:0
2015-08-24 22:15:16,754 INFO main - 
All variants:
2015-08-24 22:15:16,754 INFO main - f 1.0, [Variant id: 27699, #gens: 38, #ops: 0, parent:-]
2015-08-24 22:15:16,754 INFO main - --Space: LOCAL
org.apache.commons.math.geometry.euclidean.threed.Rotation=339|,org.apache.commons.math.util.MathUtils=666|,org.apache.commons.math.geometry.euclidean.threed.Vector3D=117|,
2015-08-24 22:15:16,754 INFO main - 
----stats: 
2015-08-24 22:15:16,754 INFO main - 
spaces navigation: [43]: {(CtLocalVariableImpl| size: 31| alreadyanalyzed| LOCAL| REPLACE) =2368, (CtReturnImpl| size: 31| alreadyanalyzed| LOCAL| REPLACE) =10455, (CtLocalVariableImpl| size: 666| compiles| LOCAL| INSERT_BEFORE) =2893, (CtReturnImpl| size: 666| alreadyanalyzed| LOCAL| INSERT_BEFORE) =400, (CtReturnImpl| size: 46| notcompiles| LOCAL| REPLACE) =99, (CtLocalVariableImpl| size: 117| alreadyanalyzed| LOCAL| INSERT_AFTER) =6637, (CtReturnImpl| size: 666| compiles| LOCAL| INSERT_AFTER) =81, (CtLocalVariableImpl| size: 666| alreadyanalyzed| LOCAL| INSERT_BEFORE) =9245, (CtLocalVariableImpl| size: 180| compiles| LOCAL| REPLACE) =2916, (CtLocalVariableImpl| size: 666| notcompiles| LOCAL| INSERT_AFTER) =5795, (CtLocalVariableImpl| size: 666| notcompiles| LOCAL| INSERT_BEFORE) =5822, (CtLocalVariableImpl| size: 666| compiles| LOCAL| INSERT_AFTER) =2854, (CtReturnImpl| size: 117| compiles| LOCAL| INSERT_BEFORE) =246, (CtReturnImpl| size: 666| notcompiles| LOCAL| INSERT_AFTER) =149, (CtLocalVariableImpl| size: 180| alreadyanalyzed| LOCAL| REPLACE) =8727, (CtReturnImpl| size: 117| alreadyanalyzed| LOCAL| INSERT_BEFORE) =18841, (CtReturnImpl| size: 117| alreadyanalyzed| LOCAL| INSERT_AFTER) =22448, (CtLocalVariableImpl| size: 117| alreadyanalyzed| LOCAL| INSERT_BEFORE) =5980, (CtReturnImpl| size: 123| alreadyanalyzed| LOCAL| REPLACE) =11043, (CtReturnImpl| size: 339| notcompiles| LOCAL| INSERT_BEFORE) =125, (CtReturnImpl| size: 123| notcompiles| LOCAL| REPLACE) =58, (CtReturnImpl| size: 339| alreadyanalyzed| LOCAL| INSERT_BEFORE) =66171, (CtReturnImpl| size: 339| compiles| LOCAL| INSERT_AFTER) =168, (CtReturnImpl| size: 117| notcompiles| LOCAL| INSERT_BEFORE) =239, (CtLocalVariableImpl| size: 117| notcompiles| LOCAL| INSERT_BEFORE) =49, (CtReturnImpl| size: 117| compiles| LOCAL| INSERT_AFTER) =246, (CtReturnImpl| size: 339| alreadyanalyzed| LOCAL| INSERT_AFTER) =70201, (CtLocalVariableImpl| size: 117| compiles| LOCAL| INSERT_AFTER) =47, (CtReturnImpl| size: 123| compiles| LOCAL| REPLACE) =19, (CtReturnImpl| size: 46| alreadyanalyzed| LOCAL| REPLACE) =13690, (CtReturnImpl| size: 666| notcompiles| LOCAL| INSERT_BEFORE) =205, (CtReturnImpl| size: 666| compiles| LOCAL| INSERT_BEFORE) =106, (CtLocalVariableImpl| size: 117| notcompiles| LOCAL| INSERT_AFTER) =49, (CtReturnImpl| size: 46| compiles| LOCAL| REPLACE) =126, (CtReturnImpl| size: 31| notcompiles| LOCAL| REPLACE) =6, (CtLocalVariableImpl| size: 117| compiles| LOCAL| INSERT_BEFORE) =47, (CtReturnImpl| size: 339| compiles| LOCAL| INSERT_BEFORE) =168, (CtReturnImpl| size: 339| notcompiles| LOCAL| INSERT_AFTER) =125, (CtLocalVariableImpl| size: 666| alreadyanalyzed| LOCAL| INSERT_AFTER) =9298, (CtReturnImpl| size: 666| alreadyanalyzed| LOCAL| INSERT_AFTER) =125, (CtReturnImpl| size: 31| compiles| LOCAL| REPLACE) =23, (CtReturnImpl| size: 117| notcompiles| LOCAL| INSERT_AFTER) =239, (CtLocalVariableImpl| size: 31| compiles| LOCAL| REPLACE) =16}
#gen: 13849
#patches: 0
#RightCompilation: 1110
#WrongCompilation: 12739
#FailingTestCaseExecution: 1111
#RegressionTestExecution: 0
#TestcasesExecutedval1: 14443
#TestcasesExecutedval2: 0
#FailingTestCase: 13
#RegressionTestCases: 0
#OfAppliedOp: 13849
#NotAppliedOp: 0
#InmutatedGen: 1616
#unfinishValidation: 0
#ing {CtLocalVariableImpl=11960, CtReturnImpl=3505}
#untilcompile {1=2762, 2=1441, 3=942, 4=717, 5=541, 6=435, 7=300, 8=264, 9=212, 10=206, 11=152, 557=1, 12=120, 13=113, 14=79, 15=61, 17=48, 16=58, 19=50, 18=38, 21=32, 20=31, 23=23, 22=35, 25=22, 24=26, 27=15, 26=14, 29=17, 28=10, 31=114, 30=12, 34=28, 35=26, 32=81, 33=45, 38=9, 39=14, 36=28, 37=23, 42=5, 43=7, 40=13, 41=12, 46=63, 47=31, 44=8, 523=1, 45=6, 51=14, 50=17, 49=29, 48=30, 55=17, 54=7, 53=11, 52=7, 59=3, 58=6, 57=2, 543=1, 56=5, 63=2, 62=6, 61=5, 60=3, 68=2, 70=2, 71=1, 64=2, 65=2, 66=3, 77=7, 78=3, 79=2, 72=2, 73=3, 75=3, 84=2, 81=2, 80=3, 83=2, 82=2, 94=2, 88=1, 578=1, 100=1, 101=1, 581=2, 96=3, 97=1, 111=3, 109=2, 119=22, 118=45, 117=89, 127=15, 126=12, 125=17, 124=14, 123=26, 122=19, 121=21, 120=19, 137=2, 136=1, 139=2, 138=4, 140=2, 143=1, 129=10, 128=14, 131=3, 130=6, 133=3, 132=1, 135=4, 134=2, 152=2, 153=5, 154=3, 155=2, 156=1, 144=1, 145=1, 146=2, 147=3, 148=9, 149=4, 151=4, 170=2, 169=2, 172=1, 163=4, 162=1, 161=1, 167=3, 166=2, 164=1, 184=1, 190=1, 188=1, 189=1, 176=1, 177=1, 182=4, 183=1, 181=2, 200=1, 196=1, 199=1, 217=1, 218=1, 212=1, 209=1, 239=1, 238=1, 236=1, 234=2, 252=1, 253=1, 251=2, 243=1, 240=4, 241=3, 287=1, 284=1, 259=1, 256=1, 262=1, 268=1, 288=1, 343=21, 342=16, 341=30, 340=41, 339=90, 351=5, 350=6, 349=5, 348=8, 347=11, 346=10, 345=10, 344=20, 373=1, 368=2, 370=5, 356=2, 357=2, 358=3, 352=3, 353=5, 354=1, 355=5, 365=1, 367=1, 360=1, 361=1, 362=2, 363=3, 410=1, 401=1, 394=1, 392=1, 399=1, 397=2, 387=4, 386=3, 385=7, 390=2, 389=1, 388=2, 440=1, 421=1, 422=1, 470=1, 469=2, 466=1, 467=3, 464=4, 463=4, 462=2, 461=3, 459=4, 458=1, 457=4, 456=10, 508=1, 504=1, 502=2, 488=1, 491=1, 481=1, 480=3}
2015-08-24 22:15:16,755 INFO main - Time Evolution(ms): 3662040
2015-08-24 22:15:16,755 INFO fr.inria.main.AbstractMain - Time Total(ms): 3839116


Node: griffon-14.nancy.grid5000.fr


Date: Tue Aug 25 00:15:17 CEST 2015


