mkdir: cannot create directory ‘lib/’: File exists
cp: cannot stat ‘/home/tdurieux/defects4j/framework/projects/Closure/lib/*’: No such file or directory
Running ant (compile)...................................................... OK
Running ant (compile.tests)................................................ OK
Picked up JAVA_TOOL_OPTIONS: -Dfile.encoding=UTF8
Please use CMSClassUnloadingEnabled in place of CMSPermGenSweepingEnabled in the future
java.lang.NullPointerException
	at com.google.javascript.rhino.JSDocInfo.getImplementedInterfaceCount(JSDocInfo.java:789)
	at com.google.javascript.jscomp.FunctionTypeBuilder.inferInheritance(FunctionTypeBuilder.java:345)
	at com.google.javascript.jscomp.TypedScopeCreator$AbstractScopeBuilder.createFunctionTypeFromNodes(TypedScopeCreator.java:895)
	at com.google.javascript.jscomp.TypedScopeCreator$AbstractScopeBuilder.defineFunctionLiteral(TypedScopeCreator.java:750)
	at com.google.javascript.jscomp.TypedScopeCreator$AbstractScopeBuilder.shouldTraverse(TypedScopeCreator.java:488)
	at com.google.javascript.jscomp.NodeTraversal.traverseBranch(NodeTraversal.java:485)
	at com.google.javascript.jscomp.NodeTraversal.traverseBranch(NodeTraversal.java:497)
	at com.google.javascript.jscomp.NodeTraversal.traverse(NodeTraversal.java:277)
	at com.google.javascript.jscomp.NodeTraversal.traverse(NodeTraversal.java:455)
	at com.google.javascript.jscomp.TypedScopeCreator.createScope(TypedScopeCreator.java:208)
	at com.google.javascript.jscomp.MemoizedScopeCreator.createScope(MemoizedScopeCreator.java:82)
	at com.google.javascript.jscomp.TypeCheck.processForTesting(TypeCheck.java:370)
	at com.google.javascript.jscomp.TypeCheckTest.parseAndTypeCheckWithScope(TypeCheckTest.java:9556)
	at com.google.javascript.jscomp.TypeCheckTest.parseAndTypeCheck(TypeCheckTest.java:9528)
	at com.google.javascript.jscomp.TypeCheckTest.testTypes(TypeCheckTest.java:9495)
	at com.google.javascript.jscomp.TypeCheckTest.testTypes(TypeCheckTest.java:9490)
	at com.google.javascript.jscomp.TypeCheckTest.testTypes(TypeCheckTest.java:9428)
	at com.google.javascript.jscomp.TypeCheckTest.testLends11(TypeCheckTest.java:8793)
	at sun.reflect.NativeMethodAccessorImpl.invoke0(Native Method)
	at sun.reflect.NativeMethodAccessorImpl.invoke(NativeMethodAccessorImpl.java:57)
	at sun.reflect.DelegatingMethodAccessorImpl.invoke(DelegatingMethodAccessorImpl.java:43)
	at java.lang.reflect.Method.invoke(Method.java:606)
	at junit.framework.TestCase.runTest(TestCase.java:176)
	at junit.framework.TestCase.runBare(TestCase.java:141)
	at junit.framework.TestResult$1.protect(TestResult.java:122)
	at junit.framework.TestResult.runProtected(TestResult.java:142)
	at junit.framework.TestResult.run(TestResult.java:125)
	at junit.framework.TestCase.run(TestCase.java:129)
	at junit.framework.TestSuite.runTest(TestSuite.java:255)
	at junit.framework.TestSuite.run(TestSuite.java:250)
	at org.junit.internal.runners.JUnit38ClassRunner.run(JUnit38ClassRunner.java:84)
	at org.junit.runner.JUnitCore.run(JUnitCore.java:160)
	at org.junit.runner.JUnitCore.run(JUnitCore.java:138)
	at xxl.java.junit.JUnitSingleTestRunner.call(JUnitSingleTestRunner.java:23)
	at xxl.java.junit.JUnitSingleTestRunner.call(JUnitSingleTestRunner.java:10)
	at java.util.concurrent.FutureTask.run(FutureTask.java:262)
	at java.util.concurrent.ThreadPoolExecutor.runWorker(ThreadPoolExecutor.java:1145)
	at java.util.concurrent.ThreadPoolExecutor$Worker.run(ThreadPoolExecutor.java:615)
	at java.lang.Thread.run(Thread.java:745)
java.lang.NullPointerException
	at com.google.javascript.rhino.JSDocInfo.getImplementedInterfaceCount(JSDocInfo.java:789)
	at com.google.javascript.jscomp.FunctionTypeBuilder.inferInheritance(FunctionTypeBuilder.java:345)
	at com.google.javascript.jscomp.TypedScopeCreator$AbstractScopeBuilder.createFunctionTypeFromNodes(TypedScopeCreator.java:895)
	at com.google.javascript.jscomp.TypedScopeCreator$AbstractScopeBuilder.defineFunctionLiteral(TypedScopeCreator.java:750)
	at com.google.javascript.jscomp.TypedScopeCreator$AbstractScopeBuilder.visit(TypedScopeCreator.java:515)
	at com.google.javascript.jscomp.TypedScopeCreator$GlobalScopeBuilder.visit(TypedScopeCreator.java:1738)
	at com.google.javascript.jscomp.NodeTraversal.traverseBranch(NodeTraversal.java:504)
	at com.google.javascript.jscomp.NodeTraversal.traverseBranch(NodeTraversal.java:497)
	at com.google.javascript.jscomp.NodeTraversal.traverseBranch(NodeTraversal.java:497)
	at com.google.javascript.jscomp.NodeTraversal.traverseBranch(NodeTraversal.java:497)
	at com.google.javascript.jscomp.NodeTraversal.traverseBranch(NodeTraversal.java:497)
	at com.google.javascript.jscomp.NodeTraversal.traverse(NodeTraversal.java:277)
	at com.google.javascript.jscomp.NodeTraversal.traverse(NodeTraversal.java:455)
	at com.google.javascript.jscomp.TypedScopeCreator.createScope(TypedScopeCreator.java:208)
	at com.google.javascript.jscomp.MemoizedScopeCreator.createScope(MemoizedScopeCreator.java:82)
	at com.google.javascript.jscomp.TypeCheck.processForTesting(TypeCheck.java:370)
	at com.google.javascript.jscomp.TypeCheckTest.parseAndTypeCheckWithScope(TypeCheckTest.java:9556)
	at com.google.javascript.jscomp.TypeCheckTest.parseAndTypeCheck(TypeCheckTest.java:9528)
	at com.google.javascript.jscomp.TypeCheckTest.testTypes(TypeCheckTest.java:9495)
	at com.google.javascript.jscomp.TypeCheckTest.testTypes(TypeCheckTest.java:9490)
	at com.google.javascript.jscomp.TypeCheckTest.testTypes(TypeCheckTest.java:9428)
	at com.google.javascript.jscomp.TypeCheckTest.testLends11(TypeCheckTest.java:8793)
	at sun.reflect.NativeMethodAccessorImpl.invoke0(Native Method)
	at sun.reflect.NativeMethodAccessorImpl.invoke(NativeMethodAccessorImpl.java:57)
	at sun.reflect.DelegatingMethodAccessorImpl.invoke(DelegatingMethodAccessorImpl.java:43)
	at java.lang.reflect.Method.invoke(Method.java:606)
	at junit.framework.TestCase.runTest(TestCase.java:176)
	at junit.framework.TestCase.runBare(TestCase.java:141)
	at junit.framework.TestResult$1.protect(TestResult.java:122)
	at junit.framework.TestResult.runProtected(TestResult.java:142)
	at junit.framework.TestResult.run(TestResult.java:125)
	at junit.framework.TestCase.run(TestCase.java:129)
	at junit.framework.TestSuite.runTest(TestSuite.java:255)
	at junit.framework.TestSuite.run(TestSuite.java:250)
	at org.junit.internal.runners.JUnit38ClassRunner.run(JUnit38ClassRunner.java:84)
	at org.junit.runner.JUnitCore.run(JUnitCore.java:160)
	at org.junit.runner.JUnitCore.run(JUnitCore.java:138)
	at xxl.java.junit.JUnitSingleTestRunner.call(JUnitSingleTestRunner.java:23)
	at xxl.java.junit.JUnitSingleTestRunner.call(JUnitSingleTestRunner.java:10)
	at java.util.concurrent.FutureTask.run(FutureTask.java:262)
	at java.util.concurrent.ThreadPoolExecutor.runWorker(ThreadPoolExecutor.java:1145)
	at java.util.concurrent.ThreadPoolExecutor$Worker.run(ThreadPoolExecutor.java:615)
	at java.lang.Thread.run(Thread.java:745)
java.lang.NullPointerException
	at com.google.javascript.rhino.JSDocInfo.getImplementedInterfaceCount(JSDocInfo.java:789)
	at com.google.javascript.jscomp.FunctionTypeBuilder.inferInheritance(FunctionTypeBuilder.java:345)
	at com.google.javascript.jscomp.TypedScopeCreator$AbstractScopeBuilder.createFunctionTypeFromNodes(TypedScopeCreator.java:895)
	at com.google.javascript.jscomp.TypedScopeCreator$AbstractScopeBuilder.defineFunctionLiteral(TypedScopeCreator.java:750)
	at com.google.javascript.jscomp.TypedScopeCreator$AbstractScopeBuilder.visit(TypedScopeCreator.java:515)
	at com.google.javascript.jscomp.TypedScopeCreator$GlobalScopeBuilder.visit(TypedScopeCreator.java:1738)
	at com.google.javascript.jscomp.NodeTraversal.traverseBranch(NodeTraversal.java:504)
	at com.google.javascript.jscomp.NodeTraversal.traverseBranch(NodeTraversal.java:497)
	at com.google.javascript.jscomp.NodeTraversal.traverseBranch(NodeTraversal.java:497)
	at com.google.javascript.jscomp.NodeTraversal.traverseBranch(NodeTraversal.java:497)
	at com.google.javascript.jscomp.NodeTraversal.traverseBranch(NodeTraversal.java:497)
	at com.google.javascript.jscomp.NodeTraversal.traverseBranch(NodeTraversal.java:497)
	at com.google.javascript.jscomp.NodeTraversal.traverseBranch(NodeTraversal.java:497)
	at com.google.javascript.jscomp.NodeTraversal.traverseBranch(NodeTraversal.java:497)
	at com.google.javascript.jscomp.NodeTraversal.traverse(NodeTraversal.java:277)
	at com.google.javascript.jscomp.NodeTraversal.traverse(NodeTraversal.java:455)
	at com.google.javascript.jscomp.TypedScopeCreator.createScope(TypedScopeCreator.java:208)
	at com.google.javascript.jscomp.MemoizedScopeCreator.createScope(MemoizedScopeCreator.java:82)
	at com.google.javascript.jscomp.TypeCheck.processForTesting(TypeCheck.java:370)
	at com.google.javascript.jscomp.TypeCheckTest.parseAndTypeCheckWithScope(TypeCheckTest.java:9556)
	at com.google.javascript.jscomp.TypeCheckTest.parseAndTypeCheck(TypeCheckTest.java:9528)
	at com.google.javascript.jscomp.TypeCheckTest.testTypes(TypeCheckTest.java:9495)
	at com.google.javascript.jscomp.TypeCheckTest.testTypes(TypeCheckTest.java:9490)
	at com.google.javascript.jscomp.TypeCheckTest.testTypes(TypeCheckTest.java:9428)
	at com.google.javascript.jscomp.TypeCheckTest.testLends11(TypeCheckTest.java:8793)
	at sun.reflect.NativeMethodAccessorImpl.invoke0(Native Method)
	at sun.reflect.NativeMethodAccessorImpl.invoke(NativeMethodAccessorImpl.java:57)
	at sun.reflect.DelegatingMethodAccessorImpl.invoke(DelegatingMethodAccessorImpl.java:43)
	at java.lang.reflect.Method.invoke(Method.java:606)
	at junit.framework.TestCase.runTest(TestCase.java:176)
	at junit.framework.TestCase.runBare(TestCase.java:141)
	at junit.framework.TestResult$1.protect(TestResult.java:122)
	at junit.framework.TestResult.runProtected(TestResult.java:142)
	at junit.framework.TestResult.run(TestResult.java:125)
	at junit.framework.TestCase.run(TestCase.java:129)
	at junit.framework.TestSuite.runTest(TestSuite.java:255)
	at junit.framework.TestSuite.run(TestSuite.java:250)
	at org.junit.internal.runners.JUnit38ClassRunner.run(JUnit38ClassRunner.java:84)
	at org.junit.runner.JUnitCore.run(JUnitCore.java:160)
	at org.junit.runner.JUnitCore.run(JUnitCore.java:138)
	at xxl.java.junit.JUnitSingleTestRunner.call(JUnitSingleTestRunner.java:23)
	at xxl.java.junit.JUnitSingleTestRunner.call(JUnitSingleTestRunner.java:10)
	at java.util.concurrent.FutureTask.run(FutureTask.java:262)
	at java.util.concurrent.ThreadPoolExecutor.runWorker(ThreadPoolExecutor.java:1145)
	at java.util.concurrent.ThreadPoolExecutor$Worker.run(ThreadPoolExecutor.java:615)
	at java.lang.Thread.run(Thread.java:745)
java.lang.NullPointerException
	at com.google.javascript.rhino.JSDocInfo.getImplementedInterfaceCount(JSDocInfo.java:789)
	at com.google.javascript.jscomp.FunctionTypeBuilder.inferInheritance(FunctionTypeBuilder.java:345)
	at com.google.javascript.jscomp.TypedScopeCreator$AbstractScopeBuilder.createFunctionTypeFromNodes(TypedScopeCreator.java:895)
	at com.google.javascript.jscomp.TypedScopeCreator$AbstractScopeBuilder.defineFunctionLiteral(TypedScopeCreator.java:750)
	at com.google.javascript.jscomp.TypedScopeCreator$AbstractScopeBuilder.shouldTraverse(TypedScopeCreator.java:488)
	at com.google.javascript.jscomp.NodeTraversal.traverseBranch(NodeTraversal.java:485)
	at com.google.javascript.jscomp.NodeTraversal.traverseBranch(NodeTraversal.java:497)
	at com.google.javascript.jscomp.NodeTraversal.traverse(NodeTraversal.java:277)
	at com.google.javascript.jscomp.NodeTraversal.traverse(NodeTraversal.java:455)
	at com.google.javascript.jscomp.TypedScopeCreator.createScope(TypedScopeCreator.java:208)
	at com.google.javascript.jscomp.MemoizedScopeCreator.createScope(MemoizedScopeCreator.java:82)
	at com.google.javascript.jscomp.TypeCheck.processForTesting(TypeCheck.java:370)
	at com.google.javascript.jscomp.TypeCheckTest.parseAndTypeCheckWithScope(TypeCheckTest.java:9556)
	at com.google.javascript.jscomp.TypeCheckTest.parseAndTypeCheck(TypeCheckTest.java:9528)
	at com.google.javascript.jscomp.TypeCheckTest.testTypes(TypeCheckTest.java:9495)
	at com.google.javascript.jscomp.TypeCheckTest.testTypes(TypeCheckTest.java:9490)
	at com.google.javascript.jscomp.TypeCheckTest.testTypes(TypeCheckTest.java:9428)
	at com.google.javascript.jscomp.TypeCheckTest.testLends10(TypeCheckTest.java:8781)
	at sun.reflect.NativeMethodAccessorImpl.invoke0(Native Method)
	at sun.reflect.NativeMethodAccessorImpl.invoke(NativeMethodAccessorImpl.java:57)
	at sun.reflect.DelegatingMethodAccessorImpl.invoke(DelegatingMethodAccessorImpl.java:43)
	at java.lang.reflect.Method.invoke(Method.java:606)
	at junit.framework.TestCase.runTest(TestCase.java:176)
	at junit.framework.TestCase.runBare(TestCase.java:141)
	at junit.framework.TestResult$1.protect(TestResult.java:122)
	at junit.framework.TestResult.runProtected(TestResult.java:142)
	at junit.framework.TestResult.run(TestResult.java:125)
	at junit.framework.TestCase.run(TestCase.java:129)
	at junit.framework.TestSuite.runTest(TestSuite.java:255)
	at junit.framework.TestSuite.run(TestSuite.java:250)
	at org.junit.internal.runners.JUnit38ClassRunner.run(JUnit38ClassRunner.java:84)
	at org.junit.runner.JUnitCore.run(JUnitCore.java:160)
	at org.junit.runner.JUnitCore.run(JUnitCore.java:138)
	at xxl.java.junit.JUnitSingleTestRunner.call(JUnitSingleTestRunner.java:23)
	at xxl.java.junit.JUnitSingleTestRunner.call(JUnitSingleTestRunner.java:10)
	at java.util.concurrent.FutureTask.run(FutureTask.java:262)
	at java.util.concurrent.ThreadPoolExecutor.runWorker(ThreadPoolExecutor.java:1145)
	at java.util.concurrent.ThreadPoolExecutor$Worker.run(ThreadPoolExecutor.java:615)
	at java.lang.Thread.run(Thread.java:745)
java.lang.NullPointerException
	at com.google.javascript.rhino.JSDocInfo.getImplementedInterfaceCount(JSDocInfo.java:789)
	at com.google.javascript.jscomp.FunctionTypeBuilder.inferInheritance(FunctionTypeBuilder.java:345)
	at com.google.javascript.jscomp.TypedScopeCreator$AbstractScopeBuilder.createFunctionTypeFromNodes(TypedScopeCreator.java:895)
	at com.google.javascript.jscomp.TypedScopeCreator$AbstractScopeBuilder.defineFunctionLiteral(TypedScopeCreator.java:750)
	at com.google.javascript.jscomp.TypedScopeCreator$AbstractScopeBuilder.shouldTraverse(TypedScopeCreator.java:488)
	at com.google.javascript.jscomp.NodeTraversal.traverseBranch(NodeTraversal.java:485)
	at com.google.javascript.jscomp.NodeTraversal.traverseBranch(NodeTraversal.java:497)
	at com.google.javascript.jscomp.NodeTraversal.traverse(NodeTraversal.java:277)
	at com.google.javascript.jscomp.NodeTraversal.traverse(NodeTraversal.java:455)
	at com.google.javascript.jscomp.TypedScopeCreator.createScope(TypedScopeCreator.java:208)
	at com.google.javascript.jscomp.MemoizedScopeCreator.createScope(MemoizedScopeCreator.java:82)
	at com.google.javascript.jscomp.TypeCheck.processForTesting(TypeCheck.java:370)
	at com.google.javascript.jscomp.TypeCheckTest.parseAndTypeCheckWithScope(TypeCheckTest.java:9556)
	at com.google.javascript.jscomp.TypeCheckTest.parseAndTypeCheck(TypeCheckTest.java:9528)
	at com.google.javascript.jscomp.TypeCheckTest.testTypes(TypeCheckTest.java:9495)
	at com.google.javascript.jscomp.TypeCheckTest.testTypes(TypeCheckTest.java:9490)
	at com.google.javascript.jscomp.TypeCheckTest.testTypes(TypeCheckTest.java:9428)
	at com.google.javascript.jscomp.TypeCheckTest.testLends11(TypeCheckTest.java:8793)
	at sun.reflect.NativeMethodAccessorImpl.invoke0(Native Method)
	at sun.reflect.NativeMethodAccessorImpl.invoke(NativeMethodAccessorImpl.java:57)
	at sun.reflect.DelegatingMethodAccessorImpl.invoke(DelegatingMethodAccessorImpl.java:43)
	at java.lang.reflect.Method.invoke(Method.java:606)
	at junit.framework.TestCase.runTest(TestCase.java:176)
	at junit.framework.TestCase.runBare(TestCase.java:141)
	at junit.framework.TestResult$1.protect(TestResult.java:122)
	at junit.framework.TestResult.runProtected(TestResult.java:142)
	at junit.framework.TestResult.run(TestResult.java:125)
	at junit.framework.TestCase.run(TestCase.java:129)
	at junit.framework.TestSuite.runTest(TestSuite.java:255)
	at junit.framework.TestSuite.run(TestSuite.java:250)
	at org.junit.internal.runners.JUnit38ClassRunner.run(JUnit38ClassRunner.java:84)
	at org.junit.runner.JUnitCore.run(JUnitCore.java:160)
	at org.junit.runner.JUnitCore.run(JUnitCore.java:138)
	at xxl.java.junit.JUnitSingleTestRunner.call(JUnitSingleTestRunner.java:23)
	at xxl.java.junit.JUnitSingleTestRunner.call(JUnitSingleTestRunner.java:10)
	at java.util.concurrent.FutureTask.run(FutureTask.java:262)
	at java.util.concurrent.ThreadPoolExecutor.runWorker(ThreadPoolExecutor.java:1145)
	at java.util.concurrent.ThreadPoolExecutor$Worker.run(ThreadPoolExecutor.java:615)
	at java.lang.Thread.run(Thread.java:745)
java.lang.NullPointerException
	at com.google.javascript.rhino.JSDocInfo.getImplementedInterfaceCount(JSDocInfo.java:789)
	at com.google.javascript.jscomp.FunctionTypeBuilder.inferInheritance(FunctionTypeBuilder.java:345)
	at com.google.javascript.jscomp.TypedScopeCreator$AbstractScopeBuilder.createFunctionTypeFromNodes(TypedScopeCreator.java:895)
	at com.google.javascript.jscomp.TypedScopeCreator$AbstractScopeBuilder.defineFunctionLiteral(TypedScopeCreator.java:750)
	at com.google.javascript.jscomp.TypedScopeCreator$AbstractScopeBuilder.visit(TypedScopeCreator.java:515)
	at com.google.javascript.jscomp.TypedScopeCreator$GlobalScopeBuilder.visit(TypedScopeCreator.java:1738)
	at com.google.javascript.jscomp.NodeTraversal.traverseBranch(NodeTraversal.java:504)
	at com.google.javascript.jscomp.NodeTraversal.traverseBranch(NodeTraversal.java:497)
	at com.google.javascript.jscomp.NodeTraversal.traverseBranch(NodeTraversal.java:497)
	at com.google.javascript.jscomp.NodeTraversal.traverseBranch(NodeTraversal.java:497)
	at com.google.javascript.jscomp.NodeTraversal.traverseBranch(NodeTraversal.java:497)
	at com.google.javascript.jscomp.NodeTraversal.traverse(NodeTraversal.java:277)
	at com.google.javascript.jscomp.NodeTraversal.traverse(NodeTraversal.java:455)
	at com.google.javascript.jscomp.TypedScopeCreator.createScope(TypedScopeCreator.java:208)
	at com.google.javascript.jscomp.MemoizedScopeCreator.createScope(MemoizedScopeCreator.java:82)
	at com.google.javascript.jscomp.TypeCheck.processForTesting(TypeCheck.java:370)
	at com.google.javascript.jscomp.TypeCheckTest.parseAndTypeCheckWithScope(TypeCheckTest.java:9556)
	at com.google.javascript.jscomp.TypeCheckTest.parseAndTypeCheck(TypeCheckTest.java:9528)
	at com.google.javascript.jscomp.TypeCheckTest.testTypes(TypeCheckTest.java:9495)
	at com.google.javascript.jscomp.TypeCheckTest.testTypes(TypeCheckTest.java:9490)
	at com.google.javascript.jscomp.TypeCheckTest.testTypes(TypeCheckTest.java:9428)
	at com.google.javascript.jscomp.TypeCheckTest.testLends11(TypeCheckTest.java:8793)
	at sun.reflect.NativeMethodAccessorImpl.invoke0(Native Method)
	at sun.reflect.NativeMethodAccessorImpl.invoke(NativeMethodAccessorImpl.java:57)
	at sun.reflect.DelegatingMethodAccessorImpl.invoke(DelegatingMethodAccessorImpl.java:43)
	at java.lang.reflect.Method.invoke(Method.java:606)
	at junit.framework.TestCase.runTest(TestCase.java:176)
	at junit.framework.TestCase.runBare(TestCase.java:141)
	at junit.framework.TestResult$1.protect(TestResult.java:122)
	at junit.framework.TestResult.runProtected(TestResult.java:142)
	at junit.framework.TestResult.run(TestResult.java:125)
	at junit.framework.TestCase.run(TestCase.java:129)
	at junit.framework.TestSuite.runTest(TestSuite.java:255)
	at junit.framework.TestSuite.run(TestSuite.java:250)
	at org.junit.internal.runners.JUnit38ClassRunner.run(JUnit38ClassRunner.java:84)
	at org.junit.runner.JUnitCore.run(JUnitCore.java:160)
	at org.junit.runner.JUnitCore.run(JUnitCore.java:138)
	at xxl.java.junit.JUnitSingleTestRunner.call(JUnitSingleTestRunner.java:23)
	at xxl.java.junit.JUnitSingleTestRunner.call(JUnitSingleTestRunner.java:10)
	at java.util.concurrent.FutureTask.run(FutureTask.java:262)
	at java.util.concurrent.ThreadPoolExecutor.runWorker(ThreadPoolExecutor.java:1145)
	at java.util.concurrent.ThreadPoolExecutor$Worker.run(ThreadPoolExecutor.java:615)
	at java.lang.Thread.run(Thread.java:745)
java.lang.NullPointerException
	at com.google.javascript.rhino.JSDocInfo.getImplementedInterfaceCount(JSDocInfo.java:789)
	at com.google.javascript.jscomp.FunctionTypeBuilder.inferInheritance(FunctionTypeBuilder.java:345)
	at com.google.javascript.jscomp.TypedScopeCreator$AbstractScopeBuilder.createFunctionTypeFromNodes(TypedScopeCreator.java:895)
	at com.google.javascript.jscomp.TypedScopeCreator$AbstractScopeBuilder.defineFunctionLiteral(TypedScopeCreator.java:750)
	at com.google.javascript.jscomp.TypedScopeCreator$AbstractScopeBuilder.visit(TypedScopeCreator.java:515)
	at com.google.javascript.jscomp.TypedScopeCreator$GlobalScopeBuilder.visit(TypedScopeCreator.java:1738)
	at com.google.javascript.jscomp.NodeTraversal.traverseBranch(NodeTraversal.java:504)
	at com.google.javascript.jscomp.NodeTraversal.traverseBranch(NodeTraversal.java:497)
	at com.google.javascript.jscomp.NodeTraversal.traverseBranch(NodeTraversal.java:497)
	at com.google.javascript.jscomp.NodeTraversal.traverseBranch(NodeTraversal.java:497)
	at com.google.javascript.jscomp.NodeTraversal.traverseBranch(NodeTraversal.java:497)
	at com.google.javascript.jscomp.NodeTraversal.traverseBranch(NodeTraversal.java:497)
	at com.google.javascript.jscomp.NodeTraversal.traverseBranch(NodeTraversal.java:497)
	at com.google.javascript.jscomp.NodeTraversal.traverseBranch(NodeTraversal.java:497)
	at com.google.javascript.jscomp.NodeTraversal.traverse(NodeTraversal.java:277)
	at com.google.javascript.jscomp.NodeTraversal.traverse(NodeTraversal.java:455)
	at com.google.javascript.jscomp.TypedScopeCreator.createScope(TypedScopeCreator.java:208)
	at com.google.javascript.jscomp.MemoizedScopeCreator.createScope(MemoizedScopeCreator.java:82)
	at com.google.javascript.jscomp.TypeCheck.processForTesting(TypeCheck.java:370)
	at com.google.javascript.jscomp.TypeCheckTest.parseAndTypeCheckWithScope(TypeCheckTest.java:9556)
	at com.google.javascript.jscomp.TypeCheckTest.parseAndTypeCheck(TypeCheckTest.java:9528)
	at com.google.javascript.jscomp.TypeCheckTest.testTypes(TypeCheckTest.java:9495)
	at com.google.javascript.jscomp.TypeCheckTest.testTypes(TypeCheckTest.java:9490)
	at com.google.javascript.jscomp.TypeCheckTest.testTypes(TypeCheckTest.java:9428)
	at com.google.javascript.jscomp.TypeCheckTest.testLends11(TypeCheckTest.java:8793)
	at sun.reflect.NativeMethodAccessorImpl.invoke0(Native Method)
	at sun.reflect.NativeMethodAccessorImpl.invoke(NativeMethodAccessorImpl.java:57)
	at sun.reflect.DelegatingMethodAccessorImpl.invoke(DelegatingMethodAccessorImpl.java:43)
	at java.lang.reflect.Method.invoke(Method.java:606)
	at junit.framework.TestCase.runTest(TestCase.java:176)
	at junit.framework.TestCase.runBare(TestCase.java:141)
	at junit.framework.TestResult$1.protect(TestResult.java:122)
	at junit.framework.TestResult.runProtected(TestResult.java:142)
	at junit.framework.TestResult.run(TestResult.java:125)
	at junit.framework.TestCase.run(TestCase.java:129)
	at junit.framework.TestSuite.runTest(TestSuite.java:255)
	at junit.framework.TestSuite.run(TestSuite.java:250)
	at org.junit.internal.runners.JUnit38ClassRunner.run(JUnit38ClassRunner.java:84)
	at org.junit.runner.JUnitCore.run(JUnitCore.java:160)
	at org.junit.runner.JUnitCore.run(JUnitCore.java:138)
	at xxl.java.junit.JUnitSingleTestRunner.call(JUnitSingleTestRunner.java:23)
	at xxl.java.junit.JUnitSingleTestRunner.call(JUnitSingleTestRunner.java:10)
	at java.util.concurrent.FutureTask.run(FutureTask.java:262)
	at java.util.concurrent.ThreadPoolExecutor.runWorker(ThreadPoolExecutor.java:1145)
	at java.util.concurrent.ThreadPoolExecutor$Worker.run(ThreadPoolExecutor.java:615)
	at java.lang.Thread.run(Thread.java:745)
java.lang.NullPointerException
	at com.google.javascript.rhino.JSDocInfo.getImplementedInterfaceCount(JSDocInfo.java:789)
	at com.google.javascript.jscomp.FunctionTypeBuilder.inferInheritance(FunctionTypeBuilder.java:345)
	at com.google.javascript.jscomp.TypedScopeCreator$AbstractScopeBuilder.createFunctionTypeFromNodes(TypedScopeCreator.java:895)
	at com.google.javascript.jscomp.TypedScopeCreator$AbstractScopeBuilder.defineFunctionLiteral(TypedScopeCreator.java:750)
	at com.google.javascript.jscomp.TypedScopeCreator$AbstractScopeBuilder.shouldTraverse(TypedScopeCreator.java:488)
	at com.google.javascript.jscomp.NodeTraversal.traverseBranch(NodeTraversal.java:485)
	at com.google.javascript.jscomp.NodeTraversal.traverseBranch(NodeTraversal.java:497)
	at com.google.javascript.jscomp.NodeTraversal.traverse(NodeTraversal.java:277)
	at com.google.javascript.jscomp.NodeTraversal.traverse(NodeTraversal.java:455)
	at com.google.javascript.jscomp.TypedScopeCreator.createScope(TypedScopeCreator.java:208)
	at com.google.javascript.jscomp.MemoizedScopeCreator.createScope(MemoizedScopeCreator.java:82)
	at com.google.javascript.jscomp.TypeCheck.processForTesting(TypeCheck.java:370)
	at com.google.javascript.jscomp.TypeCheckTest.parseAndTypeCheckWithScope(TypeCheckTest.java:9556)
	at com.google.javascript.jscomp.TypeCheckTest.parseAndTypeCheck(TypeCheckTest.java:9528)
	at com.google.javascript.jscomp.TypeCheckTest.testTypes(TypeCheckTest.java:9495)
	at com.google.javascript.jscomp.TypeCheckTest.testTypes(TypeCheckTest.java:9490)
	at com.google.javascript.jscomp.TypeCheckTest.testTypes(TypeCheckTest.java:9428)
	at com.google.javascript.jscomp.TypeCheckTest.testLends10(TypeCheckTest.java:8781)
	at sun.reflect.NativeMethodAccessorImpl.invoke0(Native Method)
	at sun.reflect.NativeMethodAccessorImpl.invoke(NativeMethodAccessorImpl.java:57)
	at sun.reflect.DelegatingMethodAccessorImpl.invoke(DelegatingMethodAccessorImpl.java:43)
	at java.lang.reflect.Method.invoke(Method.java:606)
	at junit.framework.TestCase.runTest(TestCase.java:176)
	at junit.framework.TestCase.runBare(TestCase.java:141)
	at junit.framework.TestResult$1.protect(TestResult.java:122)
	at junit.framework.TestResult.runProtected(TestResult.java:142)
	at junit.framework.TestResult.run(TestResult.java:125)
	at junit.framework.TestCase.run(TestCase.java:129)
	at junit.framework.TestSuite.runTest(TestSuite.java:255)
	at junit.framework.TestSuite.run(TestSuite.java:250)
	at org.junit.internal.runners.JUnit38ClassRunner.run(JUnit38ClassRunner.java:84)
	at org.junit.runner.JUnitCore.run(JUnitCore.java:160)
	at org.junit.runner.JUnitCore.run(JUnitCore.java:138)
	at xxl.java.junit.JUnitSingleTestRunner.call(JUnitSingleTestRunner.java:23)
	at xxl.java.junit.JUnitSingleTestRunner.call(JUnitSingleTestRunner.java:10)
	at java.util.concurrent.FutureTask.run(FutureTask.java:262)
	at java.util.concurrent.ThreadPoolExecutor.runWorker(ThreadPoolExecutor.java:1145)
	at java.util.concurrent.ThreadPoolExecutor$Worker.run(ThreadPoolExecutor.java:615)
	at java.lang.Thread.run(Thread.java:745)
java.util.concurrent.ExecutionException: java.lang.OutOfMemoryError: Java heap space
	at java.util.concurrent.FutureTask.report(FutureTask.java:122)
	at java.util.concurrent.FutureTask.get(FutureTask.java:202)
	at fr.inria.lille.repair.Main.main(Main.java:98)
Caused by: java.lang.OutOfMemoryError: Java heap space

Usage: java -jar nopol.jar
                          [(-m|--mode) <repair|ranking>] [(-e|--type) <pre_then_cond|loop|condition|precondition|arithmetic>] [(-o|--oracle) <angelic|symbolic>] [(-y|--synthesis) <smt|dynamoth>] [(-l|--solver) <z3|cvc4>] [(-p|--solver-path) <solverPath>] (-s|--source) source1:source2:...:sourceN  (-c|--classpath) <classpath> [(-t|--test) test1:test2:...:testN ] [--complianceLevel <complianceLevel>] [--maxTime <maxTime>] [--maxTimeType <maxTimeType>] [(-z|--flocal) < ochiai|dumb|gzoltar>] [--output <outputFolder>] [--json[:<outputJson>]]

  [(-m|--mode) <repair|ranking>]
        Define the mode of execution. (default: repair)

  [(-e|--type) <pre_then_cond|loop|condition|precondition|arithmetic>]
        The type of statement to analyze (only used with repair mode). (default:
        pre_then_cond)

  [(-o|--oracle) <angelic|symbolic>]
        Define the oracle (only used with repair mode). (default: angelic)

  [(-y|--synthesis) <smt|dynamoth>]
        Define the patch synthesis. (default: smt)

  [(-l|--solver) <z3|cvc4>]
        Define the solver (only used with smt synthesis). (default: z3)

  [(-p|--solver-path) <solverPath>]
        Define the solver binary path (only used with smt synthesis).

  (-s|--source) source1:source2:...:sourceN 
        Define the path to the source code of the project.

  (-c|--classpath) <classpath>
        Define the classpath of the project.

  [(-t|--test) test1:test2:...:testN ]
        Define the tests of the project.

  [--complianceLevel <complianceLevel>]
        The compliance level of the project. (default: 7)

  [--maxTime <maxTime>]
        The maximum time execution in minute for the whole execution of
        Nopol.(default: 10)

  [--maxTimeType <maxTimeType>]
        The maximum time execution in minute for one type of patch. (default: 5)

  [(-z|--flocal) < ochiai|dumb|gzoltar>]
        Define the fault localizer to be used. (default: ochiai)

  [--output <outputFolder>]
        Define the location where the patches will be saved. (default: .)

  [--json[:<outputJson>]]
        Output a json file in the current working directory.

Command exited with non-zero status 255
11636.55user 105.85system 1:41:49elapsed 192%CPU (0avgtext+0avgdata 4703312maxresident)k
0inputs+31464outputs (0major+2108211minor)pagefaults 0swaps
