export PATH="/home/tdurieux/defects4j/framework/bin:$PATH";export JAVA_TOOL_OPTIONS=-Dfile.encoding=UTF8;export PATH="/usr/lib/jvm/java-1.7.0-openjdk-amd64/bin/:$PATH";cp -r /home/tdurieux/projects/time/time_9 /tmp/time_9_Genprog;cd /tmp/time_9_Genprog;defects4j compile;mkdir lib/;cp -r /home/tdurieux/defects4j/framework/projects/lib/* lib/;cp -r /home/tdurieux/defects4j/framework/projects/Time/lib/* lib/;find . -type f -name "package-info.java" -delete;
/home/tdurieux/defects4j-repair/src/python/core/../../../results/2015-august/Time/9/Genprog/result
cd /tmp/time_9_Genprog;export JAVA_TOOL_OPTIONS=-Dfile.encoding=UTF8;export PATH="/usr/lib/jvm/java-1.7.0-openjdk-amd64/bin/:$PATH";time java  -cp /home/tdurieux/defects4j-repair/src/python/core/../../..//libs/astor.jar fr.inria.main.evolution.MainjGenProg -mode statement -location . -dependencies lib/ -failing org.joda.time.TestDateTimeZone: -package org.joda -jvm4testexecution /usr/lib/jvm/java-1.7.0-openjdk-amd64/bin/ -javacompliancelevel 5 -maxgen 1000000 -seed 10 -maxtime 60  -scope local  -stopfirst true -flthreshold 0.1 -population 1 -srcjavafolder src/main/java/ -srctestfolder src/test/java/ -binjavafolder target/classes/ -bintestfolder target/test-classes/;echo "

Node: `hostname`
";echo "
Date: `date`
";rm -rf /tmp/time_9_Genprog;

2015-08-24 21:10:32,660 INFO main - End Repair Loops: NOT Found solution
2015-08-24 21:10:32,660 INFO main - 
Number solutions:0
2015-08-24 21:10:32,660 INFO main - 
All variants:
2015-08-24 21:10:32,660 INFO main - f 1.0, [Variant id: 12677, #gens: 62, #ops: 0, parent:-]
2015-08-24 21:10:32,660 INFO main - --Space: LOCAL
org.joda.time.DateTimeZone=323|,org.joda.time.field.FieldUtils=68|,org.joda.time.format.DateTimeFormatterBuilder=966|,org.joda.time.tz.ZoneInfoProvider=80|,org.joda.time.tz.FixedDateTimeZone=22|,
2015-08-24 21:10:32,660 INFO main - 
----stats: 
2015-08-24 21:10:32,660 INFO main - 
spaces navigation: [113]: {(CtLocalVariableImpl| size: 9| alreadyanalyzed| LOCAL| REPLACE) =83, (CtReturnImpl| size: 66| compiles| LOCAL| REPLACE) =156, (CtOperatorAssignmentImpl| size: 3| notcompiles| LOCAL| REPLACE) =4, (CtIfImpl| size: 22| compiles| LOCAL| INSERT_AFTER) =10, (CtReturnImpl| size: 22| notcompiles| LOCAL| INSERT_BEFORE) =8, (CtReturnImpl| size: 22| compiles| LOCAL| INSERT_AFTER) =10, (CtReturnImpl| size: 22| compiles| LOCAL| REPLACE) =4, (CtThrowImpl| size: 323| alreadyanalyzed| LOCAL| INSERT_BEFORE) =17803, (CtThrowImpl| size: 323| alreadyanalyzed| LOCAL| INSERT_AFTER) =21000, (CtThrowImpl| size: 12| notcompiles| LOCAL| REPLACE) =1, (CtLocalVariableImpl| size: 68| compiles| LOCAL| INSERT_BEFORE) =15, (CtIfImpl| size: 68| compiles| LOCAL| INSERT_AFTER) =19, (CtLocalVariableImpl| size: 68| notcompiles| LOCAL| INSERT_BEFORE) =42, (CtThrowImpl| size: 323| compiles| LOCAL| INSERT_BEFORE) =93, (CtIfImpl| size: 20| alreadyanalyzed| LOCAL| REPLACE) =382, (CtIfImpl| size: 323| compiles| LOCAL| INSERT_BEFORE) =391, (CtReturnImpl| size: 11| compiles| LOCAL| REPLACE) =3, (CtOperatorAssignmentImpl| size: 323| notcompiles| LOCAL| INSERT_AFTER) =39, (CtAssignmentImpl| size: 323| alreadyanalyzed| LOCAL| INSERT_AFTER) =206, (CtAssignmentImpl| size: 323| alreadyanalyzed| LOCAL| INSERT_BEFORE) =214, (CtLocalVariableImpl| size: 63| compiles| LOCAL| REPLACE) =282, (CtOperatorAssignmentImpl| size: 323| notcompiles| LOCAL| INSERT_BEFORE) =46, (CtReturnImpl| size: 323| alreadyanalyzed| LOCAL| INSERT_AFTER) =5310, (CtAssignmentImpl| size: 41| notcompiles| LOCAL| REPLACE) =228, (CtReturnImpl| size: 80| notcompiles| LOCAL| INSERT_AFTER) =41, (CtIfImpl| size: 73| alreadyanalyzed| LOCAL| REPLACE) =22692, (CtOperatorAssignmentImpl| size: 323| alreadyanalyzed| LOCAL| INSERT_AFTER) =9, (CtThrowImpl| size: 12| compiles| LOCAL| REPLACE) =2, (CtReturnImpl| size: 80| notcompiles| LOCAL| INSERT_BEFORE) =41, (CtLocalVariableImpl| size: 68| compiles| LOCAL| INSERT_AFTER) =16, (CtInvocationImpl| size: 323| compiles| LOCAL| INSERT_BEFORE) =171, (CtReturnImpl| size: 80| alreadyanalyzed| LOCAL| INSERT_BEFORE) =1211, (CtReturnImpl| size: 22| alreadyanalyzed| LOCAL| REPLACE) =360, (CtAssignmentImpl| size: 323| notcompiles| LOCAL| INSERT_AFTER) =424, (CtLocalVariableImpl| size: 9| compiles| LOCAL| REPLACE) =6, (CtLocalVariableImpl| size: 68| alreadyanalyzed| LOCAL| INSERT_BEFORE) =262, (CtAssignmentImpl| size: 41| compiles| LOCAL| REPLACE) =38, (CtIfImpl| size: 323| notcompiles| LOCAL| INSERT_BEFORE) =608, (CtOperatorAssignmentImpl| size: 323| compiles| LOCAL| INSERT_AFTER) =47, (CtIfImpl| size: 22| alreadyanalyzed| LOCAL| INSERT_BEFORE) =337, (CtIfImpl| size: 323| compiles| LOCAL| INSERT_AFTER) =400, (CtIfImpl| size: 68| compiles| LOCAL| INSERT_BEFORE) =21, (CtInvocationImpl| size: 61| compiles| LOCAL| REPLACE) =50, (CtIfImpl| size: 73| notcompiles| LOCAL| REPLACE) =673, (CtIfImpl| size: 3| alreadyanalyzed| LOCAL| REPLACE) =50, (CtLocalVariableImpl| size: 323| alreadyanalyzed| LOCAL| INSERT_AFTER) =287, (CtIfImpl| size: 22| notcompiles| LOCAL| INSERT_AFTER) =8, (CtIfImpl| size: 323| alreadyanalyzed| LOCAL| INSERT_AFTER) =272, (CtIfImpl| size: 68| alreadyanalyzed| LOCAL| INSERT_AFTER) =181, (CtIfImpl| size: 323| notcompiles| LOCAL| INSERT_AFTER) =622, (CtLocalVariableImpl| size: 323| compiles| LOCAL| INSERT_BEFORE) =278, (CtReturnImpl| size: 68| alreadyanalyzed| LOCAL| INSERT_BEFORE) =170, (CtReturnImpl| size: 68| compiles| LOCAL| INSERT_BEFORE) =17, (CtLocalVariableImpl| size: 323| notcompiles| LOCAL| INSERT_AFTER) =547, (CtReturnImpl| size: 22| compiles| LOCAL| INSERT_BEFORE) =10, (CtIfImpl| size: 22| alreadyanalyzed| LOCAL| INSERT_AFTER) =321, (CtReturnImpl| size: 22| notcompiles| LOCAL| INSERT_AFTER) =8, (CtReturnImpl| size: 323| compiles| LOCAL| INSERT_BEFORE) =381, (CtInvocationImpl| size: 61| notcompiles| LOCAL| REPLACE) =274, (CtInvocationImpl| size: 323| notcompiles| LOCAL| INSERT_BEFORE) =243, (CtLocalVariableImpl| size: 323| compiles| LOCAL| INSERT_AFTER) =309, (CtReturnImpl| size: 11| notcompiles| LOCAL| REPLACE) =3, (CtReturnImpl| size: 68| compiles| LOCAL| INSERT_AFTER) =19, (CtIfImpl| size: 22| notcompiles| LOCAL| INSERT_BEFORE) =8, (CtInvocationImpl| size: 323| compiles| LOCAL| INSERT_AFTER) =157, (CtReturnImpl| size: 80| compiles| LOCAL| INSERT_BEFORE) =32, (CtIfImpl| size: 323| alreadyanalyzed| LOCAL| INSERT_BEFORE) =318, (CtReturnImpl| size: 68| notcompiles| LOCAL| INSERT_BEFORE) =38, (CtReturnImpl| size: 13| notcompiles| LOCAL| REPLACE) =3, (CtOperatorAssignmentImpl| size: 323| alreadyanalyzed| LOCAL| INSERT_BEFORE) =7, (CtReturnImpl| size: 323| alreadyanalyzed| LOCAL| INSERT_BEFORE) =2415, (CtIfImpl| size: 22| compiles| LOCAL| INSERT_BEFORE) =10, (CtInvocationImpl| size: 323| alreadyanalyzed| LOCAL| INSERT_BEFORE) =60, (CtReturnImpl| size: 22| alreadyanalyzed| LOCAL| INSERT_BEFORE) =316, (CtLocalVariableImpl| size: 63| alreadyanalyzed| LOCAL| REPLACE) =337, (CtIfImpl| size: 68| notcompiles| LOCAL| INSERT_AFTER) =38, (CtLocalVariableImpl| size: 323| notcompiles| LOCAL| INSERT_BEFORE) =482, (CtReturnImpl| size: 80| alreadyanalyzed| LOCAL| INSERT_AFTER) =1189, (CtOperatorAssignmentImpl| size: 3| alreadyanalyzed| LOCAL| REPLACE) =146, (CtAssignmentImpl| size: 323| compiles| LOCAL| INSERT_AFTER) =282, (CtReturnImpl| size: 22| notcompiles| LOCAL| REPLACE) =13, (CtReturnImpl| size: 66| notcompiles| LOCAL| REPLACE) =208, (CtInvocationImpl| size: 61| alreadyanalyzed| LOCAL| REPLACE) =7016, (CtReturnImpl| size: 323| notcompiles| LOCAL| INSERT_BEFORE) =631, (CtThrowImpl| size: 323| compiles| LOCAL| INSERT_AFTER) =93, (CtReturnImpl| size: 80| compiles| LOCAL| INSERT_AFTER) =32, (CtInvocationImpl| size: 323| notcompiles| LOCAL| INSERT_AFTER) =260, (CtLocalVariableImpl| size: 68| notcompiles| LOCAL| INSERT_AFTER) =42, (CtReturnImpl| size: 66| alreadyanalyzed| LOCAL| REPLACE) =13372, (CtIfImpl| size: 3| notcompiles| LOCAL| REPLACE) =1, (CtReturnImpl| size: 68| notcompiles| LOCAL| INSERT_AFTER) =39, (CtReturnImpl| size: 323| compiles| LOCAL| INSERT_AFTER) =395, (CtIfImpl| size: 68| notcompiles| LOCAL| INSERT_BEFORE) =38, (CtLocalVariableImpl| size: 68| alreadyanalyzed| LOCAL| INSERT_AFTER) =625, (CtReturnImpl| size: 13| compiles| LOCAL| REPLACE) =6, (CtReturnImpl| size: 13| alreadyanalyzed| LOCAL| REPLACE) =220, (CtIfImpl| size: 73| compiles| LOCAL| REPLACE) =119, (CtAssignmentImpl| size: 323| compiles| LOCAL| INSERT_BEFORE) =295, (CtReturnImpl| size: 323| notcompiles| LOCAL| INSERT_AFTER) =640, (CtAssignmentImpl| size: 323| notcompiles| LOCAL| INSERT_BEFORE) =413, (CtThrowImpl| size: 12| alreadyanalyzed| LOCAL| REPLACE) =1746, (CtReturnImpl| size: 68| alreadyanalyzed| LOCAL| INSERT_AFTER) =277, (CtInvocationImpl| size: 323| alreadyanalyzed| LOCAL| INSERT_AFTER) =92, (CtReturnImpl| size: 22| alreadyanalyzed| LOCAL| INSERT_AFTER) =366, (CtIfImpl| size: 20| notcompiles| LOCAL| REPLACE) =18, (CtLocalVariableImpl| size: 323| alreadyanalyzed| LOCAL| INSERT_BEFORE) =248, (CtThrowImpl| size: 323| notcompiles| LOCAL| INSERT_BEFORE) =183, (CtIfImpl| size: 3| compiles| LOCAL| REPLACE) =1, (CtIfImpl| size: 68| alreadyanalyzed| LOCAL| INSERT_BEFORE) =940, (CtAssignmentImpl| size: 41| alreadyanalyzed| LOCAL| REPLACE) =8958, (CtReturnImpl| size: 11| alreadyanalyzed| LOCAL| REPLACE) =442, (CtThrowImpl| size: 323| notcompiles| LOCAL| INSERT_AFTER) =183, (CtOperatorAssignmentImpl| size: 323| compiles| LOCAL| INSERT_BEFORE) =36}
#gen: 6338
#patches: 0
#RightCompilation: 2368
#WrongCompilation: 3970
#FailingTestCaseExecution: 2369
#RegressionTestExecution: 0
#TestcasesExecutedval1: 104148
#TestcasesExecutedval2: 0
#FailingTestCase: 44
#RegressionTestCases: 0
#OfAppliedOp: 6338
#NotAppliedOp: 0
#InmutatedGen: 2240
#unfinishValidation: 0
#ing {CtLocalVariableImpl=1245, CtAssignmentImpl=1383, CtReturnImpl=2226, CtOperatorAssignmentImpl=181, CtInvocationImpl=859, CtBreakImpl=80, CtThrowImpl=603, CtIfImpl=1848, CtUnaryOperatorImpl=153}
#untilcompile {1=1073, 2=667, 3=463, 4=323, 5=215, 6=178, 7=124, 545=1, 8=87, 9=63, 10=52, 11=50, 12=69, 13=48, 14=34, 15=31, 17=21, 16=31, 19=10, 18=9, 21=16, 20=15, 23=12, 22=36, 25=14, 24=13, 27=5, 26=4, 29=9, 28=8, 31=5, 569=1, 30=8, 34=7, 35=1, 32=3, 33=7, 38=2, 39=3, 36=3, 37=4, 42=32, 43=24, 40=3, 526=1, 41=49, 46=4, 47=4, 44=16, 45=7, 51=4, 50=3, 49=4, 48=4, 55=4, 54=5, 531=1, 53=8, 52=2, 58=1, 56=2, 63=9, 62=13, 61=28, 68=24, 69=7, 70=8, 71=12, 64=3, 65=3, 66=44, 67=20, 76=21, 77=9, 78=13, 79=10, 72=6, 73=64, 74=45, 75=25, 85=3, 84=5, 87=7, 86=3, 81=8, 80=9, 83=6, 82=6, 93=2, 92=3, 95=2, 94=2, 89=1, 88=2, 91=2, 102=2, 103=3, 100=1, 101=1, 98=1, 99=1, 96=1, 97=3, 110=3, 111=3, 108=3, 109=1, 106=2, 107=3, 104=1, 119=1, 116=1, 115=1, 114=2, 112=1, 127=3, 126=2, 125=1, 124=1, 123=1, 122=2, 121=2, 120=1, 136=2, 139=3, 141=3, 140=3, 143=2, 142=1, 129=1, 128=2, 130=2, 133=1, 132=1, 135=2, 134=2, 152=3, 154=2, 155=1, 157=1, 158=2, 159=2, 145=1, 146=6, 147=7, 148=1, 150=2, 151=1, 168=1, 164=1, 187=1, 190=2, 188=1, 189=1, 182=1, 180=1, 181=1, 212=1, 214=2, 211=1, 228=1, 274=1, 263=1, 293=1, 343=1, 341=1, 340=1, 338=2, 336=1, 347=1, 326=6, 327=8, 324=18, 325=8, 323=27, 334=1, 330=1, 331=2, 328=3, 329=4, 372=1, 368=1, 381=1, 364=1, 414=1, 415=1, 412=1, 405=1, 395=1, 394=1, 393=1, 392=1, 398=2, 396=6, 386=2, 384=2, 390=2, 389=1, 440=1, 437=1, 430=1, 420=1, 476=2, 472=1, 467=1, 462=1, 450=1, 506=1, 496=1, 499=1, 493=1, 484=1}
2015-08-24 21:10:32,661 INFO main - Time Evolution(ms): 3660119
2015-08-24 21:10:32,661 INFO fr.inria.main.AbstractMain - Time Total(ms): 3706625


Node: griffon-15.nancy.grid5000.fr


Date: Mon Aug 24 23:10:33 CEST 2015


