export PATH="/home/tdurieux/defects4j/framework/bin:$PATH";export JAVA_TOOL_OPTIONS=-Dfile.encoding=UTF8;export PATH="/usr/lib/jvm/java-1.7.0-openjdk-amd64/bin/:$PATH";cp -r /home/tdurieux/projects/math/math_44 /tmp/math_44_Kali;cd /tmp/math_44_Kali;defects4j compile;mkdir lib/;cp -r /home/tdurieux/defects4j/framework/projects/lib/* lib/;cp -r /home/tdurieux/defects4j/framework/projects/Math/lib/* lib/;find . -type f -name "package-info.java" -delete;
/home/tdurieux/defects4j-repair/src/python/core/../../../results/2015-august/Math/44/Kali/result
cd /tmp/math_44_Kali;export JAVA_TOOL_OPTIONS=-Dfile.encoding=UTF8;TZ="America/New_York"; export TZexport PATH="/usr/lib/jvm/java-1.7.0-openjdk-amd64/bin/:$PATH";time java  -cp /home/tdurieux/defects4j-repair/src/python/core/../../..//libs/astor.jar fr.inria.main.evolution.MainjGenProg -mode statement-remove -location . -dependencies lib/ -failing org.apache.commons.math.ode.events.EventStateTest: -package org.apache.commons -jvm4testexecution /usr/lib/jvm/java-1.7.0-openjdk-amd64/bin/ -javacompliancelevel 5 -maxgen 1000000 -seed 10 -maxtime 60  -scope local  -stopfirst false -flthreshold 0 -population 1 -srcjavafolder src/main/java/ -srctestfolder src/test/java/ -binjavafolder target/classes/ -bintestfolder target/test-classes/;echo "

Node: `hostname`
";echo "
Date: `date`
";rm -rf /tmp/math_44_Kali;

2015-08-25 21:21:04,115 INFO main - End Repair Loops: Found solution
2015-08-25 21:21:04,115 INFO main - Solution stored at: ./outputMutation//MainjGenProg-.//src/
2015-08-25 21:21:04,115 INFO main - 
Number solutions:4
2015-08-25 21:21:04,115 INFO main - f (sol): 0.0, [Variant id: 209 (SOL) , #gens: 953, #ops: 1, parent:1]
2015-08-25 21:21:04,115 INFO main - f (sol): 0.0, [Variant id: 211 (SOL) , #gens: 953, #ops: 1, parent:1]
2015-08-25 21:21:04,115 INFO main - f (sol): 0.0, [Variant id: 762 (SOL) , #gens: 953, #ops: 1, parent:1]
2015-08-25 21:21:04,115 INFO main - f (sol): 0.0, [Variant id: 766 (SOL) , #gens: 953, #ops: 1, parent:1]
2015-08-25 21:21:04,115 INFO main - 
All variants:
2015-08-25 21:21:04,115 INFO main - f 1.0, [Variant id: 1, #gens: 953, #ops: 0, parent:-]
2015-08-25 21:21:04,115 INFO main - 
Solution details
2015-08-25 21:21:04,115 WARN spoon.support.StandardEnvironment - warning: ignoring inconsistent parent for CtCodeSnippetExpressionImpl (CtIfImpl != RootElement)null
2015-08-25 21:21:04,115 WARN spoon.support.StandardEnvironment - warning: ignoring inconsistent parent for CtReturnImpl (CtIfImpl != RootElement)null
2015-08-25 21:21:04,115 WARN spoon.support.StandardEnvironment - warning: ignoring inconsistent parent for CtCodeSnippetExpressionImpl (CtReturnImpl != RootElement)null
2015-08-25 21:21:04,115 WARN spoon.support.StandardEnvironment - warning: ignoring inconsistent parent for CtCodeSnippetExpressionImpl (CtIfImpl != RootElement)null
2015-08-25 21:21:04,115 WARN spoon.support.StandardEnvironment - warning: ignoring inconsistent parent for CtReturnImpl (CtIfImpl != RootElement)null
2015-08-25 21:21:04,115 WARN spoon.support.StandardEnvironment - warning: ignoring inconsistent parent for CtCodeSnippetExpressionImpl (CtReturnImpl != RootElement)null
2015-08-25 21:21:04,115 WARN spoon.support.StandardEnvironment - warning: ignoring inconsistent parent for CtCodeSnippetExpressionImpl (CtIfImpl != RootElement)null
2015-08-25 21:21:04,115 INFO main - 
 --SOLUTIONS DESCRIPTION--

 ----
ProgramVariant 209
 
operation: INSERT_BEFORE
location= org.apache.commons.math.analysis.solvers.BracketingNthOrderBrentSolver
line= 385
original statement= this.allowed = allowedSolution
fixed statement= if (true)
	return 0d;

generation= 1
ingredientScope= -
 
 ----
ProgramVariant 211
 
operation: INSERT_BEFORE
location= org.apache.commons.math.analysis.solvers.BracketingNthOrderBrentSolver
line= 386
original statement= return super.solve(maxEval, f, min, max)
fixed statement= if (true)
	return 0d;

generation= 1
ingredientScope= -
 
 ----
ProgramVariant 762
 
operation: REPLACE
location= org.apache.commons.math.ode.AbstractIntegrator
line= 284
original statement= if (!(statesInitialized)) {
	for (org.apache.commons.math.ode.events.EventState state : eventsStates) {
		state.reinitializeBegin(interpolator);
	}
	statesInitialized = true;
} 
fixed statement= if (true) {
	for (org.apache.commons.math.ode.events.EventState state : eventsStates) {
		state.reinitializeBegin(interpolator);
	}
	statesInitialized = true;
} 
generation= 1
ingredientScope= -
 
 ----
ProgramVariant 766
 
operation: DELETE
location= org.apache.commons.math.ode.AbstractIntegrator
line= 288
original statement= statesInitialized = true
fixed statement= statesInitialized = true
generation= 1
ingredientScope= -
 
2015-08-25 21:21:04,115 INFO main - 
----stats: 
2015-08-25 21:21:04,115 INFO main - 
spaces navigation: [0]: {}
#gen: 0
#patches: 4
#RightCompilation: 768
#WrongCompilation: 1424
#FailingTestCaseExecution: 769
#RegressionTestExecution: 15
#TestcasesExecutedval1: 1470
#TestcasesExecutedval2: 44340
#FailingTestCase: 2
#RegressionTestCases: 2956
#OfAppliedOp: 0
#NotAppliedOp: 0
#InmutatedGen: 0
#unfinishValidation: 0
#ing {}
#untilcompile {}
2015-08-25 21:21:04,115 INFO fr.inria.main.AbstractMain - Time Total(ms): 5545759


Node: graphene-44.nancy.grid5000.fr


Date: Tue Aug 25 23:21:04 CEST 2015


