/tmp/time_27_BrutpolC
export PATH="/home/tdurieux/defects4j/framework/bin:$PATH";export JAVA_TOOL_OPTIONS=-Dfile.encoding=UTF8;export PATH="/usr/lib/jvm/java-1.7.0-openjdk-amd64/bin/:$PATH";cd /home/tdurieux/projects/time/time_27;defects4j compile;cp -r /home/tdurieux/projects/time/time_27 /tmp/time_27_BrutpolC;cd /tmp/time_27_BrutpolC;mkdir lib/;cp -r /home/tdurieux/defects4j/framework/projects/lib/* lib/;cp -r /home/tdurieux/defects4j/framework/projects/Time/lib/* lib/;find . -type f -name "package-info.java" -delete;
cd /tmp/time_27_BrutpolC;export JAVA_TOOL_OPTIONS=-Dfile.encoding=UTF8;export PATH="/usr/lib/jvm/java-1.7.0-openjdk-amd64/bin/:$PATH";TZ="America/New_York"; export TZ;cp -r /home/tdurieux/defects4j-repair/src/python/core/../../../libs/z3 lib/z3;time java -Xmx4096m -cp /home/tdurieux/defects4j-repair/src/python/core/../../..//libs/nopol.jar:/usr/lib/jvm/java-1.7.0-openjdk-amd64/bin//../lib/tools.jar fr.inria.lille.repair.Main --mode repair --type condition --oracle angelic --synthesis brutpol --solver z3 --solver-path /home/tdurieux/defects4j-repair/src/python/core/../../..//libs/z3/z3 --complianceLevel 5 --source src/main/java/ --classpath build/classes/:build/tests/:lib/joda-convert-1.2.jar:/home/tdurieux/defects4j-repair/src/python/core/../../..//libs/nopol.jar;echo "

Node: `hostname`
";echo "
Date: `date`
";rm -rf /tmp/time_27_BrutpolC;

Nb classes : 157
Nb methods : 2841
Nb statement executed by the passing tests of the patched line: 0
Nb statement executed by the failing tests of the patched line: 0
Nb statements: 10048
Nb unit tests : 11292
Nb Statements Analyzed : 1250
Nb Statements with Angelic Value Found : 0
Nb run failing test  : []
Nb run passing test : []
NoPol Execution time : 881129ms


Node: graphene-57.nancy.grid5000.fr


Date: Mon May  9 13:59:42 EDT 2016


