export PATH="/home/tdurieux/defects4j/framework/bin:$PATH";export JAVA_TOOL_OPTIONS=-Dfile.encoding=UTF8;export PATH="/usr/lib/jvm/java-1.7.0-openjdk-amd64/bin/:$PATH";cp -r /home/tdurieux/projects/lang/lang_29 /tmp/lang_29_Genprog;cd /tmp/lang_29_Genprog;defects4j compile;mkdir lib/;cp -r /home/tdurieux/defects4j/framework/projects/lib/* lib/;cp -r /home/tdurieux/defects4j/framework/projects/Lang/lib/* lib/;find . -type f -name "package-info.java" -delete;
/home/tdurieux/defects4j-repair/src/python/core/../../../results/2015-august/Lang/29/Genprog/result
cd /tmp/lang_29_Genprog;export JAVA_TOOL_OPTIONS=-Dfile.encoding=UTF8;TZ="America/New_York"; export TZexport PATH="/usr/lib/jvm/java-1.7.0-openjdk-amd64/bin/:$PATH";time java  -cp /home/tdurieux/defects4j-repair/src/python/core/../../..//libs/astor.jar fr.inria.main.evolution.MainjGenProg -mode statement -location . -dependencies lib/ -failing org.apache.commons.lang3.SystemUtilsTest: -package org.apache.commons -jvm4testexecution /usr/lib/jvm/java-1.7.0-openjdk-amd64/bin/ -javacompliancelevel 5 -maxgen 1000000 -seed 10 -maxtime 60  -scope local  -stopfirst true -flthreshold 0.1 -population 1 -srcjavafolder src/main/java/ -srctestfolder src/test/java/ -binjavafolder target/classes/ -bintestfolder target/test-classes/;echo "

Node: `hostname`
";echo "
Date: `date`
";rm -rf /tmp/lang_29_Genprog;

2015-08-24 23:41:36,225 INFO main - End Repair Loops: NOT Found solution
2015-08-24 23:41:36,225 INFO main - 
Number solutions:0
2015-08-24 23:41:36,226 INFO main - 
All variants:
2015-08-24 23:41:36,226 INFO main - f 5.0, [Variant id: 41653, #gens: 10, #ops: 0, parent:-]
2015-08-24 23:41:36,226 INFO main - --Space: LOCAL
org.apache.commons.lang3.SystemUtils=66|,
2015-08-24 23:41:36,226 INFO main - 
----stats: 
2015-08-24 23:41:36,226 INFO main - 
spaces navigation: [26]: {(CtLocalVariableImpl| size: 8| compiles| LOCAL| REPLACE) =14, (CtIfImpl| size: 66| compiles| LOCAL| INSERT_AFTER) =133, (CtLocalVariableImpl| size: 66| alreadyanalyzed| LOCAL| INSERT_BEFORE) =245164, (CtIfImpl| size: 13| alreadyanalyzed| LOCAL| REPLACE) =119471, (CtReturnImpl| size: 33| compiles| LOCAL| REPLACE) =37, (CtLocalVariableImpl| size: 66| alreadyanalyzed| LOCAL| INSERT_AFTER) =245669, (CtLocalVariableImpl| size: 66| notcompiles| LOCAL| INSERT_BEFORE) =74, (CtIfImpl| size: 66| compiles| LOCAL| INSERT_BEFORE) =133, (CtReturnImpl| size: 66| alreadyanalyzed| LOCAL| INSERT_AFTER) =390664, (CtReturnImpl| size: 66| compiles| LOCAL| INSERT_AFTER) =78, (CtReturnImpl| size: 66| notcompiles| LOCAL| INSERT_AFTER) =105, (CtIfImpl| size: 13| notcompiles| LOCAL| REPLACE) =45, (CtReturnImpl| size: 66| compiles| LOCAL| INSERT_BEFORE) =78, (CtLocalVariableImpl| size: 66| compiles| LOCAL| INSERT_AFTER) =48, (CtReturnImpl| size: 33| alreadyanalyzed| LOCAL| REPLACE) =195326, (CtReturnImpl| size: 66| alreadyanalyzed| LOCAL| INSERT_BEFORE) =403344, (CtLocalVariableImpl| size: 66| compiles| LOCAL| INSERT_BEFORE) =48, (CtReturnImpl| size: 66| notcompiles| LOCAL| INSERT_BEFORE) =105, (CtIfImpl| size: 13| compiles| LOCAL| REPLACE) =15, (CtLocalVariableImpl| size: 66| notcompiles| LOCAL| INSERT_AFTER) =74, (CtIfImpl| size: 66| alreadyanalyzed| LOCAL| INSERT_AFTER) =600093, (CtIfImpl| size: 66| notcompiles| LOCAL| INSERT_BEFORE) =172, (CtLocalVariableImpl| size: 8| alreadyanalyzed| LOCAL| REPLACE) =29770, (CtIfImpl| size: 66| notcompiles| LOCAL| INSERT_AFTER) =172, (CtIfImpl| size: 66| alreadyanalyzed| LOCAL| INSERT_BEFORE) =601257, (CtReturnImpl| size: 33| notcompiles| LOCAL| REPLACE) =47}
#gen: 20826
#patches: 0
#RightCompilation: 11414
#WrongCompilation: 8350
#FailingTestCaseExecution: 11415
#RegressionTestExecution: 0
#TestcasesExecutedval1: 171225
#TestcasesExecutedval2: 0
#FailingTestCase: 15
#RegressionTestCases: 0
#OfAppliedOp: 19764
#NotAppliedOp: 0
#InmutatedGen: 56457
#unfinishValidation: 0
#ing {CtLocalVariableImpl=14945, CtReturnImpl=24212, CtIfImpl=37064}
#untilcompile {1=105, 2=92, 3=46, 549=45, 4=40, 5=33, 6=15, 544=7, 7=14, 8=256, 9=9, 10=15, 11=10, 12=7, 554=47, 13=640, 14=14, 15=12, 17=7, 16=25, 19=6, 18=4, 21=61, 20=5, 561=14, 23=2, 22=9, 24=1, 574=67, 27=3, 26=73, 29=4, 28=2, 31=2, 569=32, 30=1, 34=21, 516=66, 35=5, 32=2, 33=414, 38=5, 39=6, 36=2, 37=3, 42=3, 40=3, 41=47, 46=118, 47=3, 521=72, 44=1, 51=1, 50=1, 49=2, 48=1, 528=28, 54=17, 53=2, 52=1, 59=23, 541=48, 56=1, 63=1, 536=23, 62=4, 68=1, 69=4, 71=1, 65=1, 66=2511, 67=6, 76=3, 77=2, 79=653, 72=4, 73=1, 74=222, 75=1, 627=21, 85=1, 87=97, 80=1, 82=13, 93=1, 92=111, 95=4, 94=1, 103=1, 100=20, 99=394, 108=1, 107=70, 105=9, 119=2, 118=2, 116=1, 594=27, 115=6, 113=5, 112=151, 125=38, 602=27, 123=1, 121=1, 607=42, 120=40, 138=8, 141=1, 140=199, 128=6, 131=1, 130=1, 133=16, 132=1334, 134=2, 153=99, 158=93, 159=1, 145=494, 146=4, 147=1, 148=8, 149=2, 171=13, 174=8, 173=59, 161=10, 166=39, 165=320, 186=38, 184=1, 191=51, 178=169, 660=29, 179=5, 180=1, 181=6, 204=9, 207=4, 206=136, 200=1, 199=18, 198=667, 192=1, 194=6, 220=1, 217=1, 219=90, 212=4, 214=10, 211=322, 239=55, 237=17, 232=43, 231=189, 230=1, 227=9, 225=1, 224=102, 252=45, 253=3, 250=2, 246=1, 247=5, 244=138, 245=6, 240=3, 273=2, 272=86, 278=5, 277=243, 283=2, 280=9, 286=2, 285=80, 258=1, 257=55, 260=13, 266=1, 264=337, 265=31, 270=15, 305=49, 306=5, 309=1, 311=4, 310=118, 313=1, 316=3, 319=4, 318=40, 290=68, 291=2, 293=11, 297=119, 298=40, 299=5, 303=14, 343=151, 339=7, 338=62, 337=1, 336=7, 351=55, 349=2, 346=4, 344=14, 326=4, 324=4, 323=40, 332=2, 330=182, 331=26, 329=1, 372=13, 369=17, 371=36, 382=7, 377=26, 376=48, 379=6, 356=64, 357=7, 359=10, 352=9, 364=36, 363=70, 410=33, 409=68, 415=9, 412=6, 402=13, 404=35, 405=18, 392=12, 397=26, 396=98, 385=6, 384=34, 390=6, 389=34, 442=45, 443=22, 445=3, 435=26, 437=18, 438=10, 425=17, 429=51, 430=62, 417=38, 422=30, 478=7, 475=63, 470=23, 468=37, 463=59, 462=57, 458=18, 455=31, 450=36, 448=6, 508=39, 511=9, 501=20, 503=11, 496=45, 495=24, 488=45, 491=6, 483=52}
2015-08-24 23:41:36,226 INFO main - Time Evolution(ms): 3660193
2015-08-24 23:41:36,226 INFO fr.inria.main.AbstractMain - Time Total(ms): 3681506


Node: graphene-42.nancy.grid5000.fr


Date: Tue Aug 25 01:41:36 CEST 2015


