/tmp/math_46_NopolC
export PATH="/home/tdurieux/defects4j/framework/bin:$PATH";export JAVA_TOOL_OPTIONS=-Dfile.encoding=UTF8;export PATH="/usr/lib/jvm/java-1.7.0-openjdk-amd64/bin/:$PATH";cd /home/tdurieux/projects/math/math_46;defects4j compile;cp -r /home/tdurieux/projects/math/math_46 /tmp/math_46_NopolC;cd /tmp/math_46_NopolC;mkdir lib/;cp -r /home/tdurieux/defects4j/framework/projects/lib/* lib/;cp -r /home/tdurieux/defects4j/framework/projects/Math/lib/* lib/;find . -type f -name "package-info.java" -delete;
cd /tmp/math_46_NopolC;export JAVA_TOOL_OPTIONS=-Dfile.encoding=UTF8;export PATH="/usr/lib/jvm/java-1.7.0-openjdk-amd64/bin/:$PATH";TZ="America/New_York"; export TZ;cp -r /home/tdurieux/defects4j-repair/src/python/core/../../../libs/z3 lib/z3;time java  -cp /home/tdurieux/defects4j-repair/src/python/core/../../..//libs/nopol.jar:/usr/lib/jvm/java-1.7.0-openjdk-amd64/bin//../lib/tools.jar fr.inria.lille.repair.Main --mode repair --type condition --oracle angelic --synthesis smt --solver z3 --solver-path /home/tdurieux/defects4j-repair/src/python/core/../../..//libs/z3/z3 --complianceLevel 5 --source src/main/java/ --classpath target/classes/:target/test-classes/:lib/commons-discovery-0.5.jar:/home/tdurieux/defects4j-repair/src/python/core/../../..//libs/nopol.jar;echo "

Node: `hostname`
";echo "
Date: `date`
";rm -rf /tmp/math_46_NopolC;

Nb classes : 573
Nb methods : 3650
Nb statement executed by the passing tests of the patched line: 0
Nb statement executed by the failing tests of the patched line: 0
Nb statements: 23319
Nb unit tests : 2997
Nb Statements Analyzed : 54
Nb Statements with Angelic Value Found : 2
Nb inputs in SMT : 0
Nb SMT level: 11
Nb SMT components: [22] [== of arity: 2, != of arity: 2, < of arity: 2, <= of arity: 2, ! of arity: 1, || of arity: 2, && of arity: 2, + of arity: 2, - of arity: 2, == of arity: 2, != of arity: 2, < of arity: 2, <= of arity: 2, ?: of arity: 3, * of arity: 2, ! of arity: 1, || of arity: 2, && of arity: 2, + of arity: 2, - of arity: 2, ?: of arity: 3, * of arity: 2]
                  class java.lang.Boolean: 14
                  class java.lang.Number: 8
Nb variables in SMT : 0
Nb run failing test  : [1, 1, 1, 2, 1, 2, 2, 1, 1, 1, 1, 1, 1, 1, 2, 2, 2, 2, 2, 1, 2, 2, 1, 2]
Nb run passing test : [24, 5, 26, 4, 5, 4, 4, 5, 5, 5, 5, 5, 5, 5, 4, 4, 4, 4, 4, 5, 4, 4, 5, 4]
NoPol Execution time : 294960ms


Node: griffon-17.nancy.grid5000.fr


Date: Sun May  8 13:53:47 EDT 2016


