/tmp/closure_55_NopolPC
export PATH="/home/tdurieux/defects4j/framework/bin:$PATH";export JAVA_TOOL_OPTIONS=-Dfile.encoding=UTF8;export PATH="/usr/lib/jvm/java-1.7.0-openjdk-amd64/bin/:$PATH";cd /home/tdurieux/projects/closure/closure_55;defects4j compile;cp -r /home/tdurieux/projects/closure/closure_55 /tmp/closure_55_NopolPC;cd /tmp/closure_55_NopolPC;mkdir lib/;cp -r /home/tdurieux/defects4j/framework/projects/lib/* lib/;cp -r /home/tdurieux/defects4j/framework/projects/Closure/lib/* lib/;find . -type f -name "package-info.java" -delete;
cd /tmp/closure_55_NopolPC;export JAVA_TOOL_OPTIONS=-Dfile.encoding=UTF8;TZ="America/New_York"; export TZexport PATH="/usr/lib/jvm/java-1.7.0-openjdk-amd64/bin/:$PATH";cp -r /home/tdurieux/defects4j-repair/src/python/core/../../../libs/z3 lib/z3;time java -Xmx4096m -cp /home/tdurieux/defects4j-repair/src/python/core/../../..//libs/nopol.jar:/usr/lib/jvm/java-1.7.0-openjdk-amd64/bin//../lib/tools.jar fr.inria.lille.repair.Main --mode repair --type precondition --oracle angelic --synthesis smt --solver z3 --solver-path /home/tdurieux/defects4j-repair/src/python/core/../../..//libs/z3/z3 --complianceLevel 6 --source /tmp/closure_55_NopolPC/src/ --classpath /tmp/closure_55_NopolPC/build/classes:/tmp/closure_55_NopolPC/build/test:/tmp/closure_55_NopolPC/build/lib/rhino.jar:/tmp/closure_55_NopolPC/lib/ant.jar:/tmp/closure_55_NopolPC/lib/ant-launcher.jar:/tmp/closure_55_NopolPC/lib/args4j.jar:/tmp/closure_55_NopolPC/lib/guava.jar:/tmp/closure_55_NopolPC/lib/jarjar.jar:/tmp/closure_55_NopolPC/lib/json.jar:/tmp/closure_55_NopolPC/lib/jsr305.jar:/tmp/closure_55_NopolPC/lib/junit.jar:/tmp/closure_55_NopolPC/lib/caja-r4314.jar:/tmp/closure_55_NopolPC/lib/protobuf-java.jar:/home/tdurieux/defects4j-repair/src/python/core/../../..//libs/nopol.jar;echo "

Node: `hostname`
";echo "
Date: `date`
";rm -rf /tmp/closure_55_NopolPC;

Nb classes : 410
Nb methods : 4683
Nb statement executed by the passing tests of the patched line: 0
Nb statement executed by the failing tests of the patched line: 0
Nb statements: 41075
Nb unit tests : 7181
Nb Statements Analyzed : 33
Nb Statements with Angelic Value Found : 1
Nb inputs in SMT : 15
Nb SMT level: 2
Nb SMT components: [4] [== of arity: 2, != of arity: 2, < of arity: 2, <= of arity: 2]
                  class java.lang.Boolean: 4
Nb variables in SMT : 20
Nb run failing test  : [2, 2, 2, 2, 2, 2, 2, 2, 2, 2, 2, 2, 2, 2, 2, 2, 1, 1]
Nb run passing test : [1, 5, 1, 1, 1, 1, 1, 1, 11, 1, 1, 1, 1, 1, 1, 1, 15, 15]
NoPol Execution time : 226897ms
----PATCH FOUND----
com.google.javascript.jscomp.FunctionRewriter:93: PRECONDITION reductions.size() <= reducers.size()


Node: griffon-9.nancy.grid5000.fr


Date: Mon May 16 20:56:50 CEST 2016


