Running ant (compile)...................................................... OK
Running ant (compile.tests)................................................ OK
Picked up JAVA_TOOL_OPTIONS: -Dfile.encoding=UTF8
Please use CMSClassUnloadingEnabled in place of CMSPermGenSweepingEnabled in the future
java.util.concurrent.ExecutionException: java.lang.OutOfMemoryError: Java heap space
	at java.util.concurrent.FutureTask.report(FutureTask.java:122)
	at java.util.concurrent.FutureTask.get(FutureTask.java:202)
	at fr.inria.lille.repair.Main.main(Main.java:98)
Caused by: java.lang.OutOfMemoryError: Java heap space
	at java.lang.String.substring(String.java:1877)
	at spoon.reflect.factory.TypeFactory.getSimpleName(TypeFactory.java:536)
	at spoon.reflect.factory.TypeFactory.createReference(TypeFactory.java:363)
	at spoon.reflect.factory.TypeFactory.createReference(TypeFactory.java:312)
	at spoon.reflect.factory.CodeFactory.createLiteral(CodeFactory.java:271)
	at spoon.support.compiler.jdt.JDTTreeBuilder.visit(JDTTreeBuilder.java:1114)
	at org.eclipse.jdt.internal.compiler.ast.IntLiteral.traverse(IntLiteral.java:173)
	at org.eclipse.jdt.internal.compiler.ast.BinaryExpression.traverse(BinaryExpression.java:1907)
	at org.eclipse.jdt.internal.compiler.ast.Assignment.traverse(Assignment.java:264)
	at org.eclipse.jdt.internal.compiler.ast.Block.traverse(Block.java:139)
	at org.eclipse.jdt.internal.compiler.ast.WhileStatement.traverse(WhileStatement.java:291)
	at org.eclipse.jdt.internal.compiler.ast.MethodDeclaration.traverse(MethodDeclaration.java:354)
	at org.eclipse.jdt.internal.compiler.ast.TypeDeclaration.traverse(TypeDeclaration.java:1367)
	at org.eclipse.jdt.internal.compiler.ast.CompilationUnitDeclaration.traverse(CompilationUnitDeclaration.java:751)
	at org.eclipse.jdt.internal.compiler.ast.CompilationUnitDeclaration.traverse(CompilationUnitDeclaration.java:712)
	at spoon.support.compiler.jdt.JDTBasedSpoonCompiler.buildModel(JDTBasedSpoonCompiler.java:426)
	at spoon.support.compiler.jdt.JDTBasedSpoonCompiler.buildUnitsAndModel(JDTBasedSpoonCompiler.java:375)
	at spoon.support.compiler.jdt.JDTBasedSpoonCompiler.buildSources(JDTBasedSpoonCompiler.java:348)
	at spoon.support.compiler.jdt.JDTBasedSpoonCompiler.build(JDTBasedSpoonCompiler.java:119)
	at spoon.support.compiler.jdt.JDTBasedSpoonCompiler.build(JDTBasedSpoonCompiler.java:102)
	at fr.inria.lille.commons.spoon.util.SpoonModelLibrary.modelFor(SpoonModelLibrary.java:56)
	at fr.inria.lille.commons.spoon.SpoonedFile.<init>(SpoonedFile.java:62)
	at fr.inria.lille.commons.spoon.SpoonedClass.<init>(SpoonedClass.java:14)
	at fr.inria.lille.commons.spoon.SpoonedProject.forked(SpoonedProject.java:47)
	at fr.inria.lille.repair.nopol.NoPol.runOnStatement(NoPol.java:175)
	at fr.inria.lille.repair.nopol.NoPol.solveWithMultipleBuild(NoPol.java:166)
	at fr.inria.lille.repair.nopol.NoPol.build(NoPol.java:133)
	at fr.inria.lille.repair.Main$1.call(Main.java:91)
	at java.util.concurrent.FutureTask.run(FutureTask.java:262)
	at java.util.concurrent.ThreadPoolExecutor.runWorker(ThreadPoolExecutor.java:1145)
	at java.util.concurrent.ThreadPoolExecutor$Worker.run(ThreadPoolExecutor.java:615)
	at java.lang.Thread.run(Thread.java:745)

Usage: java -jar nopol.jar
                          [(-m|--mode) <repair|ranking>] [(-e|--type) <pre_then_cond|loop|condition|precondition|arithmetic>] [(-o|--oracle) <angelic|symbolic>] [(-y|--synthesis) <smt|dynamoth>] [(-l|--solver) <z3|cvc4>] [(-p|--solver-path) <solverPath>] (-s|--source) source1:source2:...:sourceN  (-c|--classpath) <classpath> [(-t|--test) test1:test2:...:testN ] [--complianceLevel <complianceLevel>] [--maxTime <maxTime>] [--maxTimeType <maxTimeType>] [(-z|--flocal) < ochiai|dumb|gzoltar>] [--output <outputFolder>] [--json[:<outputJson>]]

  [(-m|--mode) <repair|ranking>]
        Define the mode of execution. (default: repair)

  [(-e|--type) <pre_then_cond|loop|condition|precondition|arithmetic>]
        The type of statement to analyze (only used with repair mode). (default:
        pre_then_cond)

  [(-o|--oracle) <angelic|symbolic>]
        Define the oracle (only used with repair mode). (default: angelic)

  [(-y|--synthesis) <smt|dynamoth>]
        Define the patch synthesis. (default: smt)

  [(-l|--solver) <z3|cvc4>]
        Define the solver (only used with smt synthesis). (default: z3)

  [(-p|--solver-path) <solverPath>]
        Define the solver binary path (only used with smt synthesis).

  (-s|--source) source1:source2:...:sourceN 
        Define the path to the source code of the project.

  (-c|--classpath) <classpath>
        Define the classpath of the project.

  [(-t|--test) test1:test2:...:testN ]
        Define the tests of the project.

  [--complianceLevel <complianceLevel>]
        The compliance level of the project. (default: 7)

  [--maxTime <maxTime>]
        The maximum time execution in minute for the whole execution of
        Nopol.(default: 10)

  [--maxTimeType <maxTimeType>]
        The maximum time execution in minute for one type of patch. (default: 5)

  [(-z|--flocal) < ochiai|dumb|gzoltar>]
        Define the fault localizer to be used. (default: ochiai)

  [--output <outputFolder>]
        Define the location where the patches will be saved. (default: .)

  [--json[:<outputJson>]]
        Output a json file in the current working directory.

Command exited with non-zero status 255
6664.29user 14.49system 1:44:01elapsed 107%CPU (0avgtext+0avgdata 4529200maxresident)k
0inputs+19120outputs (0major+1572708minor)pagefaults 0swaps
