export PATH="/home/tdurieux/defects4j/framework/bin:$PATH";export JAVA_TOOL_OPTIONS=-Dfile.encoding=UTF8;export PATH="/usr/lib/jvm/java-1.7.0-openjdk-amd64/bin/:$PATH";cp -r /home/tdurieux/projects/lang/lang_50 /tmp/lang_50_Genprog;cd /tmp/lang_50_Genprog;defects4j compile;mkdir lib/;cp -r /home/tdurieux/defects4j/framework/projects/lib/* lib/;cp -r /home/tdurieux/defects4j/framework/projects/Lang/lib/* lib/;find . -type f -name "package-info.java" -delete;
/home/tdurieux/defects4j-repair/src/python/core/../../../results/2015-august/Lang/50/Genprog/result
cd /tmp/lang_50_Genprog;export JAVA_TOOL_OPTIONS=-Dfile.encoding=UTF8;TZ="America/New_York"; export TZexport PATH="/usr/lib/jvm/java-1.7.0-openjdk-amd64/bin/:$PATH";time java  -cp /home/tdurieux/defects4j-repair/src/python/core/../../..//libs/astor.jar fr.inria.main.evolution.MainjGenProg -mode statement -location . -dependencies lib/ -failing org.apache.commons.lang.time.FastDateFormatTest:org.apache.commons.lang.time.FastDateFormatTest: -package org.apache.commons -jvm4testexecution /usr/lib/jvm/java-1.7.0-openjdk-amd64/bin/ -javacompliancelevel 3 -maxgen 1000000 -seed 10 -maxtime 60  -scope local  -stopfirst true -flthreshold 0.1 -population 1 -srcjavafolder src/java/ -srctestfolder src/test/ -binjavafolder target/classes/ -bintestfolder target/tests/;echo "

Node: `hostname`
";echo "
Date: `date`
";rm -rf /tmp/lang_50_Genprog;

2015-08-24 23:29:14,587 INFO main - End Repair Loops: NOT Found solution
2015-08-24 23:29:14,587 INFO main - 
Number solutions:0
2015-08-24 23:29:14,587 INFO main - 
All variants:
2015-08-24 23:29:14,587 INFO main - f 96.0, [Variant id: 485, #gens: 32, #ops: 0, parent:-]
2015-08-24 23:29:14,587 INFO main - --Space: LOCAL
org.apache.commons.lang.builder.ReflectionToStringBuilder=74|,org.apache.commons.lang.builder.ToStringBuilder=126|,org.apache.commons.lang.ObjectUtils=26|,org.apache.commons.lang.builder.ToStringStyle=395|,org.apache.commons.lang.time.DateUtils=210|,
2015-08-24 23:29:14,587 INFO main - 
----stats: 
2015-08-24 23:29:14,587 INFO main - 
spaces navigation: [61]: {(CtReturnImpl| size: 74| notcompiles| LOCAL| INSERT_BEFORE) =20, (CtInvocationImpl| size: 74| notcompiles| LOCAL| INSERT_AFTER) =13, (CtIfImpl| size: 10| notcompiles| LOCAL| REPLACE) =8, (CtIfImpl| size: 82| alreadyanalyzed| LOCAL| REPLACE) =1, (CtInvocationImpl| size: 225| compiles| LOCAL| REPLACE) =16, (CtAssignmentImpl| size: 6| compiles| LOCAL| REPLACE) =13, (CtIfImpl| size: 74| notcompiles| LOCAL| INSERT_BEFORE) =2, (CtIfImpl| size: 395| notcompiles| LOCAL| INSERT_AFTER) =2, (CtLocalVariableImpl| size: 7| alreadyanalyzed| LOCAL| REPLACE) =1, (CtReturnImpl| size: 74| compiles| LOCAL| INSERT_AFTER) =16, (CtAssignmentImpl| size: 74| alreadyanalyzed| LOCAL| INSERT_BEFORE) =3, (CtLocalVariableImpl| size: 74| compiles| LOCAL| INSERT_AFTER) =5, (CtIfImpl| size: 82| notcompiles| LOCAL| REPLACE) =5, (CtForImpl| size: 74| compiles| LOCAL| INSERT_BEFORE) =3, (CtInvocationImpl| size: 225| notcompiles| LOCAL| REPLACE) =17, (CtIfImpl| size: 395| notcompiles| LOCAL| INSERT_BEFORE) =18, (CtAssignmentImpl| size: 6| notcompiles| LOCAL| REPLACE) =7, (CtAssignmentImpl| size: 126| compiles| LOCAL| INSERT_BEFORE) =1, (CtInvocationImpl| size: 395| alreadyanalyzed| LOCAL| INSERT_BEFORE) =1, (CtInvocationImpl| size: 74| compiles| LOCAL| INSERT_AFTER) =6, (CtReturnImpl| size: 74| alreadyanalyzed| LOCAL| INSERT_AFTER) =7, (CtInvocationImpl| size: 225| alreadyanalyzed| LOCAL| REPLACE) =2, (CtForImpl| size: 2| alreadyanalyzed| LOCAL| REPLACE) =3, (CtAssignmentImpl| size: 6| alreadyanalyzed| LOCAL| REPLACE) =29, (CtReturnImpl| size: 27| compiles| LOCAL| REPLACE) =12, (CtInvocationImpl| size: 20| notcompiles| LOCAL| REPLACE) =22, (CtForImpl| size: 2| notcompiles| LOCAL| REPLACE) =1, (CtLocalVariableImpl| size: 74| alreadyanalyzed| LOCAL| INSERT_BEFORE) =1, (CtInvocationImpl| size: 395| notcompiles| LOCAL| INSERT_AFTER) =22, (CtReturnImpl| size: 74| alreadyanalyzed| LOCAL| INSERT_BEFORE) =2, (CtForImpl| size: 74| compiles| LOCAL| INSERT_AFTER) =1, (CtInvocationImpl| size: 395| notcompiles| LOCAL| INSERT_BEFORE) =8, (CtReturnImpl| size: 74| notcompiles| LOCAL| INSERT_AFTER) =18, (CtLocalVariableImpl| size: 74| notcompiles| LOCAL| INSERT_BEFORE) =4, (CtAssignmentImpl| size: 74| compiles| LOCAL| INSERT_BEFORE) =10, (CtInvocationImpl| size: 395| alreadyanalyzed| LOCAL| INSERT_AFTER) =3, (CtLocalVariableImpl| size: 74| notcompiles| LOCAL| INSERT_AFTER) =6, (CtIfImpl| size: 395| compiles| LOCAL| INSERT_BEFORE) =11, (CtAssignmentImpl| size: 74| notcompiles| LOCAL| INSERT_AFTER) =22, (CtIfImpl| size: 74| compiles| LOCAL| INSERT_BEFORE) =2, (CtInvocationImpl| size: 395| compiles| LOCAL| INSERT_BEFORE) =13, (CtAssignmentImpl| size: 74| compiles| LOCAL| INSERT_AFTER) =12, (CtInvocationImpl| size: 74| notcompiles| LOCAL| INSERT_BEFORE) =22, (CtIfImpl| size: 395| alreadyanalyzed| LOCAL| INSERT_BEFORE) =1, (CtLocalVariableImpl| size: 7| compiles| LOCAL| REPLACE) =2, (CtAssignmentImpl| size: 74| alreadyanalyzed| LOCAL| INSERT_AFTER) =2, (CtReturnImpl| size: 27| notcompiles| LOCAL| REPLACE) =16, (CtInvocationImpl| size: 74| alreadyanalyzed| LOCAL| INSERT_AFTER) =1, (CtIfImpl| size: 10| compiles| LOCAL| REPLACE) =1, (CtReturnImpl| size: 74| compiles| LOCAL| INSERT_BEFORE) =13, (CtInvocationImpl| size: 74| alreadyanalyzed| LOCAL| INSERT_BEFORE) =6, (CtLocalVariableImpl| size: 74| compiles| LOCAL| INSERT_BEFORE) =3, (CtInvocationImpl| size: 20| compiles| LOCAL| REPLACE) =8, (CtIfImpl| size: 82| compiles| LOCAL| REPLACE) =5, (CtInvocationImpl| size: 395| compiles| LOCAL| INSERT_AFTER) =15, (CtIfImpl| size: 395| compiles| LOCAL| INSERT_AFTER) =2, (CtAssignmentImpl| size: 74| notcompiles| LOCAL| INSERT_BEFORE) =18, (CtReturnImpl| size: 27| alreadyanalyzed| LOCAL| REPLACE) =7, (CtIfImpl| size: 10| alreadyanalyzed| LOCAL| REPLACE) =15, (CtInvocationImpl| size: 74| compiles| LOCAL| INSERT_BEFORE) =14, (CtInvocationImpl| size: 20| alreadyanalyzed| LOCAL| REPLACE) =17}
#gen: 242
#patches: 0
#RightCompilation: 135
#WrongCompilation: 107
#FailingTestCaseExecution: 136
#RegressionTestExecution: 136
#TestcasesExecutedval1: 3536
#TestcasesExecutedval2: 237634
#FailingTestCase: 26
#RegressionTestCases: 1814
#OfAppliedOp: 242
#NotAppliedOp: 0
#InmutatedGen: 7
#unfinishValidation: 5
#ing {CtLocalVariableImpl=12, CtForImpl=7, CtReturnImpl=58, CtAssignmentImpl=47, CtInvocationImpl=95, CtIfImpl=30}
#untilcompile {17=1, 1=76, 2=35, 3=19, 4=19, 5=14, 6=6, 7=5, 8=3, 9=1, 10=1, 11=4, 13=1}
2015-08-24 23:29:14,587 INFO main - Time Evolution(ms): 4222768
2015-08-24 23:29:14,588 INFO fr.inria.main.AbstractMain - Time Total(ms): 4249222


Node: graphene-51.nancy.grid5000.fr


Date: Tue Aug 25 01:29:15 CEST 2015


