export PATH="/home/tdurieux/defects4j/framework/bin:$PATH";export JAVA_TOOL_OPTIONS=-Dfile.encoding=UTF8;export PATH="/usr/lib/jvm/java-1.7.0-openjdk-amd64/bin/:$PATH";cp -r /home/tdurieux/projects/math/math_96 /tmp/math_96_Genprog;cd /tmp/math_96_Genprog;defects4j compile;mkdir lib/;cp -r /home/tdurieux/defects4j/framework/projects/lib/* lib/;cp -r /home/tdurieux/defects4j/framework/projects/Math/lib/* lib/;find . -type f -name "package-info.java" -delete;
/home/tdurieux/defects4j-repair/src/python/core/../../../results/2015-august/Math/96/Genprog/result
cd /tmp/math_96_Genprog;export JAVA_TOOL_OPTIONS=-Dfile.encoding=UTF8;export PATH="/usr/lib/jvm/java-1.7.0-openjdk-amd64/bin/:$PATH";time java  -cp /home/tdurieux/defects4j-repair/src/python/core/../../..//libs/astor.jar fr.inria.main.evolution.MainjGenProg -mode statement -location . -dependencies lib/ -failing org.apache.commons.math.complex.ComplexTest: -package org.apache.commons -jvm4testexecution /usr/lib/jvm/java-1.7.0-openjdk-amd64/bin/ -javacompliancelevel 6 -maxgen 1000000 -seed 10 -maxtime 60  -scope local  -stopfirst true -flthreshold 0.1 -population 1 -srcjavafolder src/java/ -srctestfolder src/test/ -binjavafolder target/classes/ -bintestfolder target/test-classes/;echo "

Node: `hostname`
";echo "
Date: `date`
";rm -rf /tmp/math_96_Genprog;

2015-08-24 21:10:28,115 INFO main - End Repair Loops: NOT Found solution
2015-08-24 21:10:28,115 INFO main - 
Number solutions:0
2015-08-24 21:10:28,116 INFO main - 
All variants:
2015-08-24 21:10:28,116 INFO main - f 1.0, [Variant id: 36871, #gens: 4, #ops: 0, parent:-]
2015-08-24 21:10:28,116 INFO main - --Space: LOCAL
org.apache.commons.math.complex.Complex=139|,
2015-08-24 21:10:28,116 INFO main - 
----stats: 
2015-08-24 21:10:28,116 INFO main - 
spaces navigation: [26]: {(CtReturnImpl| size: 139| compiles| LOCAL| INSERT_BEFORE) =118, (CtInvocationImpl| size: 139| compiles| LOCAL| INSERT_AFTER) =56, (CtInvocationImpl| size: 19| compiles| LOCAL| REPLACE) =2, (CtInvocationImpl| size: 139| notcompiles| LOCAL| INSERT_BEFORE) =31, (CtInvocationImpl| size: 19| alreadyanalyzed| LOCAL| REPLACE) =61833, (CtReturnImpl| size: 139| alreadyanalyzed| LOCAL| INSERT_BEFORE) =785507, (CtIfImpl| size: 139| alreadyanalyzed| LOCAL| INSERT_AFTER) =450648, (CtIfImpl| size: 139| compiles| LOCAL| INSERT_BEFORE) =56, (CtInvocationImpl| size: 139| notcompiles| LOCAL| INSERT_AFTER) =31, (CtReturnImpl| size: 139| notcompiles| LOCAL| INSERT_BEFORE) =58, (CtReturnImpl| size: 139| alreadyanalyzed| LOCAL| INSERT_AFTER) =787512, (CtIfImpl| size: 139| compiles| LOCAL| INSERT_AFTER) =56, (CtIfImpl| size: 35| compiles| LOCAL| REPLACE) =9, (CtInvocationImpl| size: 139| compiles| LOCAL| INSERT_BEFORE) =56, (CtIfImpl| size: 139| notcompiles| LOCAL| INSERT_AFTER) =32, (CtInvocationImpl| size: 139| alreadyanalyzed| LOCAL| INSERT_BEFORE) =442357, (CtInvocationImpl| size: 139| alreadyanalyzed| LOCAL| INSERT_AFTER) =457413, (CtIfImpl| size: 139| notcompiles| LOCAL| INSERT_BEFORE) =32, (CtReturnImpl| size: 139| notcompiles| LOCAL| INSERT_AFTER) =58, (CtReturnImpl| size: 59| notcompiles| LOCAL| REPLACE) =32, (CtReturnImpl| size: 59| compiles| LOCAL| REPLACE) =50, (CtReturnImpl| size: 139| compiles| LOCAL| INSERT_AFTER) =118, (CtReturnImpl| size: 59| alreadyanalyzed| LOCAL| REPLACE) =335129, (CtIfImpl| size: 139| alreadyanalyzed| LOCAL| INSERT_BEFORE) =454208, (CtIfImpl| size: 35| notcompiles| LOCAL| REPLACE) =10, (CtIfImpl| size: 35| alreadyanalyzed| LOCAL| REPLACE) =114071}
#gen: 18435
#patches: 0
#RightCompilation: 6849
#WrongCompilation: 5982
#FailingTestCaseExecution: 6850
#RegressionTestExecution: 0
#TestcasesExecutedval1: 568550
#TestcasesExecutedval2: 0
#FailingTestCase: 83
#RegressionTestCases: 0
#OfAppliedOp: 12831
#NotAppliedOp: 0
#InmutatedGen: 36465
#unfinishValidation: 0
#ing {CtReturnImpl=22908, CtInvocationImpl=13246, CtIfImpl=13142}
#untilcompile {1=99, 2=58, 3=52, 279=1, 4=22, 5=16, 278=1139, 6=20, 276=144, 7=23, 8=9, 282=1, 9=4, 556=1105, 10=9, 11=5, 12=5, 13=5, 285=3, 14=2, 284=2, 17=2, 16=4, 19=324, 257=38, 18=2, 21=7, 20=8, 23=2, 22=3, 25=4, 24=5, 26=2, 29=1, 31=2, 30=3, 35=341, 39=1, 36=5, 37=3, 42=2, 313=218, 43=2, 40=6, 314=1, 41=1, 317=1, 46=1, 319=1, 318=2, 45=1, 292=122, 55=1, 54=70, 52=1, 59=474, 297=248, 298=2, 57=2, 300=1, 301=1, 62=3, 61=3, 60=1, 343=1, 68=1, 342=1, 69=1, 70=1, 340=2, 71=1, 339=1, 64=1, 65=2, 338=2, 66=1, 337=320, 76=1, 77=1, 78=95, 74=1, 344=1, 327=1, 81=3, 80=1, 82=1, 321=1, 92=1, 332=276, 95=1, 94=93, 328=1, 90=1, 372=574, 110=1, 108=1, 106=1, 356=563, 118=21, 117=1, 359=1, 114=1, 113=55, 126=1, 124=1, 137=7, 139=2318, 141=1, 143=2, 129=1, 153=14, 158=321, 396=298, 159=1, 146=2, 147=2, 148=2, 151=1, 174=329, 172=81, 163=1, 162=2, 435=1, 160=2, 436=542, 164=1, 425=2, 424=1, 185=1, 190=1, 430=1, 417=537, 419=3, 176=3, 418=1, 177=1, 421=1, 423=2, 181=1, 422=1, 204=1, 476=1085, 201=1, 200=2, 202=2, 199=1, 198=424, 193=99, 195=1, 194=1, 220=2, 217=114, 452=551, 239=1, 237=1, 235=1, 233=130, 252=263, 253=1, 247=1, 241=1}
2015-08-24 21:10:28,116 INFO main - Time Evolution(ms): 3660077
2015-08-24 21:10:28,116 INFO fr.inria.main.AbstractMain - Time Total(ms): 3680314


Node: graphene-21.nancy.grid5000.fr


Date: Mon Aug 24 23:10:28 CEST 2015


