cd /tmp/math_85_Brutpol;export JAVA_TOOL_OPTIONS=-Dfile.encoding=UTF8;TZ="America/New_York"; export TZexport PATH="/usr/lib/jvm/java-1.7.0-openjdk-amd64/bin/:$PATH";cp -r /home/tdurieux/dynamoth-experiments/src/python/core/../../../libs/z3 lib/z3;time java -d64 -Xmx4g -Xms1g -XX:MaxPermSize=1024m -XX:+UseConcMarkSweepGC -XX:+CMSPermGenSweepingEnabled -XX:+CMSClassUnloadingEnabled -cp /home/tdurieux/dynamoth-experiments/src/python/core/../../..//libs/nopol.jar:/usr/lib/jvm/java-1.7.0-openjdk-amd64/bin//../lib/tools.jar fr.inria.lille.repair.Main --flocal gzoltar  --maxTime 300  --json  --mode repair --type pre_then_cond --oracle angelic --synthesis dynamoth --solver z3 --solver-path /home/tdurieux/dynamoth-experiments/src/python/core/../../..//libs/z3/z3 --complianceLevel 5 --source /tmp/math_85_Brutpol/src/java/ --classpath /tmp/math_85_Brutpol/target/classes/:/tmp/math_85_Brutpol/target/test-classes/:/tmp/math_85_Brutpol/lib/commons-discovery-0.5.jar:/home/tdurieux/dynamoth-experiments/src/python/core/../../..//libs/nopol.jar;echo "

Node: `hostname`
";echo "
Date: `date`
";

14:45:21.798 [pool-2-thread-1] INFO  fr.inria.lille.repair.nopol.NoPol - Nb classes : 386
14:45:21.798 [pool-2-thread-1] INFO  fr.inria.lille.repair.nopol.NoPol - Nb methods : 2845
14:45:21.798 [pool-2-thread-1] INFO  fr.inria.lille.repair.nopol.NoPol - Nb Statements Analyzed : 21
14:45:21.798 [pool-2-thread-1] INFO  fr.inria.lille.repair.nopol.NoPol - Nb Statements with Angelic Value Found : 3
14:45:21.798 [pool-2-thread-1] INFO  fr.inria.lille.repair.nopol.NoPol - NoPol Execution time : 151174ms
14:45:21.798 [pool-2-thread-1] INFO  fr.inria.lille.repair.nopol.NoPol - ----PATCH FOUND----
14:45:21.798 [pool-2-thread-1] INFO  fr.inria.lille.repair.nopol.NoPol - fa == 0.0
14:45:21.919 [pool-2-thread-1] INFO  fr.inria.lille.repair.nopol.NoPol - Nb test that executes the patch: 17
14:45:21.920 [pool-2-thread-1] INFO  fr.inria.lille.repair.nopol.NoPol - org.apache.commons.math.analysis.solvers.UnivariateRealSolverUtils:198: CONDITIONAL
14:45:21.937 [pool-2-thread-1] INFO  fr.inria.lille.repair.nopol.NoPol - --- /tmp/math_85_Brutpol/src/java/org/apache/commons/math/analysis/solvers/UnivariateRealSolverUtils.java
+++ /tmp/math_85_Brutpol/src/java/org/apache/commons/math/analysis/solvers/UnivariateRealSolverUtils.java
@@ -197,9 +197,9 @@
    
-        if (fa * fb >= 0.0 ) {
+        if (fa == 0.0) {
             throw new ConvergenceException(
-                      "number of iterations={0}, maximum iterations={1}, " +
-                      "initial={2}, lower bound={3}, upper bound={4}, final a value={5}, " +
-                      "final b value={6}, f(a)={7}, f(b)={8}",
-                      numIterations, maximumIterations, initial,
-                      lowerBound, upperBound, a, b, fa, fb);
+            "number of iterations={0}, maximum iterations={1}, " +
+            "initial={2}, lower bound={3}, upper bound={4}, final a value={5}, " +
+            "final b value={6}, f(a)={7}, f(b)={8}",
+            numIterations, maximumIterations, initial,
+            lowerBound, upperBound, a, b, fa, fb);
         }



Node: griffon-28.nancy.grid5000.fr


Date: Sat Mar  4 15:45:22 CET 2017


