cd /tmp/math_105_Brutpol;export JAVA_TOOL_OPTIONS=-Dfile.encoding=UTF8;TZ="America/New_York"; export TZexport PATH="/usr/lib/jvm/java-1.7.0-openjdk-amd64/bin/:$PATH";cp -r /home/tdurieux/dynamoth-experiments/src/python/core/../../../libs/z3 lib/z3;time java -d64 -Xmx4g -Xms1g -XX:MaxPermSize=1024m -XX:+UseConcMarkSweepGC -XX:+CMSPermGenSweepingEnabled -XX:+CMSClassUnloadingEnabled -cp /home/tdurieux/dynamoth-experiments/src/python/core/../../..//libs/nopol.jar:/usr/lib/jvm/java-1.7.0-openjdk-amd64/bin//../lib/tools.jar fr.inria.lille.repair.Main --flocal gzoltar  --maxTime 300  --json  --mode repair --type pre_then_cond --oracle angelic --synthesis dynamoth --solver z3 --solver-path /home/tdurieux/dynamoth-experiments/src/python/core/../../..//libs/z3/z3 --complianceLevel 3 --source /tmp/math_105_Brutpol/src/java/ --classpath /tmp/math_105_Brutpol/target/classes/:/tmp/math_105_Brutpol/target/test-classes/:/tmp/math_105_Brutpol/lib/commons-discovery-0.5.jar:/home/tdurieux/dynamoth-experiments/src/python/core/../../..//libs/nopol.jar;echo "

Node: `hostname`
";echo "
Date: `date`
";

13:41:23.629 [pool-2-thread-1] INFO  fr.inria.lille.repair.nopol.NoPol - Nb classes : 139
13:41:23.629 [pool-2-thread-1] INFO  fr.inria.lille.repair.nopol.NoPol - Nb methods : 978
13:41:23.630 [pool-2-thread-1] INFO  fr.inria.lille.repair.nopol.NoPol - Nb Statements Analyzed : 35
13:41:23.630 [pool-2-thread-1] INFO  fr.inria.lille.repair.nopol.NoPol - Nb Statements with Angelic Value Found : 1
13:41:23.630 [pool-2-thread-1] INFO  fr.inria.lille.repair.nopol.NoPol - NoPol Execution time : 36511ms
13:41:23.630 [pool-2-thread-1] INFO  fr.inria.lille.repair.nopol.NoPol - ----PATCH FOUND----
13:41:23.630 [pool-2-thread-1] INFO  fr.inria.lille.repair.nopol.NoPol - dy <= this.getRegressionSumSquares((double) x)
13:41:23.663 [pool-2-thread-1] INFO  fr.inria.lille.repair.nopol.NoPol - Nb test that executes the patch: 9
13:41:23.664 [pool-2-thread-1] INFO  fr.inria.lille.repair.nopol.NoPol - org.apache.commons.math.stat.regression.SimpleRegression:116: PRECONDITION
13:41:23.686 [pool-2-thread-1] INFO  fr.inria.lille.repair.nopol.NoPol - --- /tmp/math_105_Brutpol/src/java/org/apache/commons/math/stat/regression/SimpleRegression.java
+++ /tmp/math_105_Brutpol/src/java/org/apache/commons/math/stat/regression/SimpleRegression.java
@@ -115,3 +115,5 @@
             xbar += dx / (double) (n + 1.0);
-            ybar += dy / (double) (n + 1.0);
+            if (dy <= this.getRegressionSumSquares((double) x)) {
+                ybar += dy / (double) (n + 1.0);
+            }
         }



Node: griffon-5.nancy.grid5000.fr


Date: Sat Mar  4 14:41:24 CET 2017


