/tmp/closure_55_NopolC
export PATH="/home/tdurieux/defects4j/framework/bin:$PATH";export JAVA_TOOL_OPTIONS=-Dfile.encoding=UTF8;export PATH="/usr/lib/jvm/java-1.7.0-openjdk-amd64/bin/:$PATH";cd /home/tdurieux/projects/closure/closure_55;defects4j compile;cp -r /home/tdurieux/projects/closure/closure_55 /tmp/closure_55_NopolC;cd /tmp/closure_55_NopolC;mkdir lib/;cp -r /home/tdurieux/defects4j/framework/projects/lib/* lib/;cp -r /home/tdurieux/defects4j/framework/projects/Closure/lib/* lib/;find . -type f -name "package-info.java" -delete;
cd /tmp/closure_55_NopolC;export JAVA_TOOL_OPTIONS=-Dfile.encoding=UTF8;export PATH="/usr/lib/jvm/java-1.7.0-openjdk-amd64/bin/:$PATH";cp -r /home/tdurieux/defects4j-repair/src/python/core/../../../libs/z3 lib/z3;time java -Xmx4096m -cp /home/tdurieux/defects4j-repair/src/python/core/../../..//libs/nopol.jar:/usr/lib/jvm/java-1.7.0-openjdk-amd64/bin//../lib/tools.jar fr.inria.lille.repair.Main --mode repair --type condition --oracle angelic --synthesis smt --solver z3 --solver-path /home/tdurieux/defects4j-repair/src/python/core/../../..//libs/z3/z3 --complianceLevel 6 --source /tmp/closure_55_NopolC/src/ --classpath /tmp/closure_55_NopolC/build/classes:/tmp/closure_55_NopolC/build/test:/tmp/closure_55_NopolC/build/lib/rhino.jar:/tmp/closure_55_NopolC/lib/ant.jar:/tmp/closure_55_NopolC/lib/ant-launcher.jar:/tmp/closure_55_NopolC/lib/args4j.jar:/tmp/closure_55_NopolC/lib/guava.jar:/tmp/closure_55_NopolC/lib/jarjar.jar:/tmp/closure_55_NopolC/lib/json.jar:/tmp/closure_55_NopolC/lib/jsr305.jar:/tmp/closure_55_NopolC/lib/junit.jar:/tmp/closure_55_NopolC/lib/caja-r4314.jar:/tmp/closure_55_NopolC/lib/protobuf-java.jar:/home/tdurieux/defects4j-repair/src/python/core/../../..//libs/nopol.jar;echo "

Node: `hostname`
";echo "
Date: `date`
";rm -rf /tmp/closure_55_NopolC;

Nb classes : 53
Nb methods : 349
Nb statement executed by the passing tests of the patched line: 0
Nb statement executed by the failing tests of the patched line: 0
Nb statements: 41075
Nb unit tests : 7181
Nb Statements Analyzed : 33
Nb Statements with Angelic Value Found : 1
Nb inputs in SMT : 16
Nb SMT level: 3
Nb SMT components: [7] [== of arity: 2, != of arity: 2, < of arity: 2, <= of arity: 2, ! of arity: 1, || of arity: 2, && of arity: 2]
                  class java.lang.Boolean: 7
Nb variables in SMT : 20
Nb run failing test  : [2, 1]
Nb run passing test : [1, 15]
NoPol Execution time : 117814ms
----PATCH FOUND----
com.google.javascript.jscomp.FunctionRewriter:93: CONDITIONAL (savings == reductions.size()) || ((reductions.size() <= reducers.size()) && (savings > (helperCodeCost + (com.google.javascript.jscomp.FunctionRewriter.SAVINGS_THRESHOLD))))


Node: grisou-38.nancy.grid5000.fr


Date: Mon May 16 20:11:13 CEST 2016


