export PATH="/home/tdurieux/defects4j/framework/bin:$PATH";export JAVA_TOOL_OPTIONS=-Dfile.encoding=UTF8;export PATH="/usr/lib/jvm/java-1.7.0-openjdk-amd64/bin/:$PATH";cp -r /home/tdurieux/projects/math/math_17 /tmp/math_17_Genprog;cd /tmp/math_17_Genprog;defects4j compile;mkdir lib/;cp -r /home/tdurieux/defects4j/framework/projects/lib/* lib/;cp -r /home/tdurieux/defects4j/framework/projects/Math/lib/* lib/;find . -type f -name "package-info.java" -delete;
/home/tdurieux/defects4j-repair/src/python/core/../../../results/2015-august/Math/17/Genprog/result
cd /tmp/math_17_Genprog;export JAVA_TOOL_OPTIONS=-Dfile.encoding=UTF8;TZ="America/New_York"; export TZexport PATH="/usr/lib/jvm/java-1.7.0-openjdk-amd64/bin/:$PATH";time java  -cp /home/tdurieux/defects4j-repair/src/python/core/../../..//libs/astor.jar fr.inria.main.evolution.MainjGenProg -mode statement -location . -dependencies lib/ -failing org.apache.commons.math3.dfp.DfpTest: -package org.apache.commons -jvm4testexecution /usr/lib/jvm/java-1.7.0-openjdk-amd64/bin/ -javacompliancelevel 5 -maxgen 1000000 -seed 10 -maxtime 60  -scope local  -stopfirst true -flthreshold 0.1 -population 1 -srcjavafolder src/main/java/ -srctestfolder src/test/java/ -binjavafolder target/classes/ -bintestfolder target/test-classes/;echo "

Node: `hostname`
";echo "
Date: `date`
";rm -rf /tmp/math_17_Genprog;

2015-08-24 22:39:40,100 INFO main - End Repair Loops: NOT Found solution
2015-08-24 22:39:40,100 INFO main - 
Number solutions:0
2015-08-24 22:39:40,100 INFO main - 
All variants:
2015-08-24 22:39:40,100 INFO main - f 1.0, [Variant id: 8607, #gens: 251, #ops: 0, parent:-]
2015-08-24 22:39:40,100 INFO main - --Space: LOCAL
org.apache.commons.math3.dfp.Dfp=1078|,org.apache.commons.math3.dfp.DfpField=162|,
2015-08-24 22:39:40,100 INFO main - 
----stats: 
2015-08-24 22:39:40,100 INFO main - 
spaces navigation: [122]: {(CtLocalVariableImpl| size: 1078| compiles| LOCAL| INSERT_BEFORE) =45, (CtForImpl| size: 162| compiles| LOCAL| INSERT_AFTER) =2, (CtBreakImpl| size: 1078| alreadyanalyzed| LOCAL| INSERT_AFTER) =5, (CtIfImpl| size: 1078| compiles| LOCAL| INSERT_AFTER) =244, (CtForImpl| size: 5| alreadyanalyzed| LOCAL| REPLACE) =23, (CtAssignmentImpl| size: 67| compiles| LOCAL| REPLACE) =14, (CtLocalVariableImpl| size: 133| alreadyanalyzed| LOCAL| REPLACE) =9, (CtReturnImpl| size: 149| alreadyanalyzed| LOCAL| REPLACE) =11692, (CtLocalVariableImpl| size: 33| compiles| LOCAL| REPLACE) =6, (CtBreakImpl| size: 4| alreadyanalyzed| LOCAL| REPLACE) =8, (CtForImpl| size: 1078| compiles| LOCAL| INSERT_AFTER) =15, (CtWhileImpl| size: 14| notcompiles| LOCAL| REPLACE) =17, (CtAssignmentImpl| size: 162| notcompiles| LOCAL| INSERT_BEFORE) =13, (CtUnaryOperatorImpl| size: 32| notcompiles| LOCAL| REPLACE) =18, (CtUnaryOperatorImpl| size: 1078| notcompiles| LOCAL| INSERT_AFTER) =16, (CtInvocationImpl| size: 1078| notcompiles| LOCAL| INSERT_AFTER) =114, (CtForImpl| size: 1078| alreadyanalyzed| LOCAL| INSERT_AFTER) =2, (CtSwitchImpl| size: 5| alreadyanalyzed| LOCAL| REPLACE) =2, (CtWhileImpl| size: 1078| alreadyanalyzed| LOCAL| INSERT_AFTER) =4, (CtOperatorAssignmentImpl| size: 162| compiles| LOCAL| INSERT_BEFORE) =1, (CtBreakImpl| size: 1078| compiles| LOCAL| INSERT_AFTER) =24, (CtUnaryOperatorImpl| size: 32| compiles| LOCAL| REPLACE) =9, (CtReturnImpl| size: 162| compiles| LOCAL| INSERT_AFTER) =14, (CtForImpl| size: 36| notcompiles| LOCAL| REPLACE) =74, (CtReturnImpl| size: 1078| alreadyanalyzed| LOCAL| INSERT_BEFORE) =107, (CtLocalVariableImpl| size: 1078| compiles| LOCAL| INSERT_AFTER) =46, (CtInvocationImpl| size: 93| notcompiles| LOCAL| REPLACE) =98, (CtAssignmentImpl| size: 67| alreadyanalyzed| LOCAL| REPLACE) =1, (CtIfImpl| size: 162| compiles| LOCAL| INSERT_AFTER) =7, (CtOperatorAssignmentImpl| size: 162| notcompiles| LOCAL| INSERT_BEFORE) =2, (CtAssignmentImpl| size: 1078| compiles| LOCAL| INSERT_AFTER) =408, (CtAssignmentImpl| size: 162| notcompiles| LOCAL| INSERT_AFTER) =8, (CtIfImpl| size: 206| notcompiles| LOCAL| REPLACE) =457, (CtIfImpl| size: 162| notcompiles| LOCAL| INSERT_BEFORE) =5, (CtAssignmentImpl| size: 1078| alreadyanalyzed| LOCAL| INSERT_BEFORE) =137, (CtOperatorAssignmentImpl| size: 2| notcompiles| LOCAL| REPLACE) =1, (CtSwitchImpl| size: 1078| compiles| LOCAL| INSERT_BEFORE) =4, (CtWhileImpl| size: 1078| compiles| LOCAL| INSERT_BEFORE) =4, (CtLocalVariableImpl| size: 162| compiles| LOCAL| INSERT_AFTER) =7, (CtIfImpl| size: 206| compiles| LOCAL| REPLACE) =245, (CtLocalVariableImpl| size: 133| compiles| LOCAL| REPLACE) =55, (CtAssignmentImpl| size: 1078| notcompiles| LOCAL| INSERT_AFTER) =495, (CtIfImpl| size: 1078| alreadyanalyzed| LOCAL| INSERT_AFTER) =25, (CtIfImpl| size: 162| alreadyanalyzed| LOCAL| INSERT_BEFORE) =1, (CtAssignmentImpl| size: 358| notcompiles| LOCAL| REPLACE) =832, (CtIfImpl| size: 10| compiles| LOCAL| REPLACE) =3, (CtUnaryOperatorImpl| size: 162| notcompiles| LOCAL| INSERT_BEFORE) =1, (CtReturnImpl| size: 162| notcompiles| LOCAL| INSERT_AFTER) =5, (CtUnaryOperatorImpl| size: 1| alreadyanalyzed| LOCAL| REPLACE) =2, (CtForImpl| size: 36| alreadyanalyzed| LOCAL| REPLACE) =119, (CtIfImpl| size: 1078| notcompiles| LOCAL| INSERT_BEFORE) =305, (CtForImpl| size: 1078| notcompiles| LOCAL| INSERT_AFTER) =18, (CtBreakImpl| size: 1078| notcompiles| LOCAL| INSERT_BEFORE) =25, (CtLocalVariableImpl| size: 162| alreadyanalyzed| LOCAL| INSERT_AFTER) =1, (CtIfImpl| size: 1078| notcompiles| LOCAL| INSERT_AFTER) =218, (CtAssignmentImpl| size: 162| compiles| LOCAL| INSERT_BEFORE) =12, (CtSwitchImpl| size: 1078| notcompiles| LOCAL| INSERT_BEFORE) =16, (CtIfImpl| size: 10| alreadyanalyzed| LOCAL| REPLACE) =80, (CtForImpl| size: 1078| compiles| LOCAL| INSERT_BEFORE) =28, (CtOperatorAssignmentImpl| size: 162| compiles| LOCAL| INSERT_AFTER) =8, (CtLocalVariableImpl| size: 1078| notcompiles| LOCAL| INSERT_BEFORE) =52, (CtReturnImpl| size: 1078| alreadyanalyzed| LOCAL| INSERT_AFTER) =136, (CtUnaryOperatorImpl| size: 1078| notcompiles| LOCAL| INSERT_BEFORE) =7, (CtReturnImpl| size: 1078| notcompiles| LOCAL| INSERT_BEFORE) =274, (CtAssignmentImpl| size: 67| notcompiles| LOCAL| REPLACE) =9, (CtBreakImpl| size: 162| compiles| LOCAL| INSERT_BEFORE) =1, (CtIfImpl| size: 10| notcompiles| LOCAL| REPLACE) =28, (CtSwitchImpl| size: 1078| compiles| LOCAL| INSERT_AFTER) =6, (CtReturnImpl| size: 33| compiles| LOCAL| REPLACE) =15, (CtReturnImpl| size: 162| compiles| LOCAL| INSERT_BEFORE) =16, (CtInvocationImpl| size: 1078| alreadyanalyzed| LOCAL| INSERT_AFTER) =21, (CtWhileImpl| size: 14| alreadyanalyzed| LOCAL| REPLACE) =20, (CtForImpl| size: 5| notcompiles| LOCAL| REPLACE) =7, (CtBreakImpl| size: 39| alreadyanalyzed| LOCAL| REPLACE) =1131, (CtWhileImpl| size: 14| compiles| LOCAL| REPLACE) =11, (CtOperatorAssignmentImpl| size: 162| notcompiles| LOCAL| INSERT_AFTER) =1, (CtSwitchImpl| size: 5| compiles| LOCAL| REPLACE) =3, (CtReturnImpl| size: 149| notcompiles| LOCAL| REPLACE) =133, (CtReturnImpl| size: 162| notcompiles| LOCAL| INSERT_BEFORE) =10, (CtIfImpl| size: 1078| alreadyanalyzed| LOCAL| INSERT_BEFORE) =30, (CtReturnImpl| size: 33| alreadyanalyzed| LOCAL| REPLACE) =5, (CtLocalVariableImpl| size: 162| notcompiles| LOCAL| INSERT_AFTER) =8, (CtLocalVariableImpl| size: 162| compiles| LOCAL| INSERT_BEFORE) =10, (CtIfImpl| size: 162| notcompiles| LOCAL| INSERT_AFTER) =1, (CtForImpl| size: 162| compiles| LOCAL| INSERT_BEFORE) =1, (CtIfImpl| size: 162| compiles| LOCAL| INSERT_BEFORE) =12, (CtUnaryOperatorImpl| size: 1078| compiles| LOCAL| INSERT_BEFORE) =11, (CtAssignmentImpl| size: 1078| alreadyanalyzed| LOCAL| INSERT_AFTER) =95, (CtLocalVariableImpl| size: 162| notcompiles| LOCAL| INSERT_BEFORE) =7, (CtWhileImpl| size: 1078| notcompiles| LOCAL| INSERT_AFTER) =17, (CtWhileImpl| size: 1078| notcompiles| LOCAL| INSERT_BEFORE) =4, (CtAssignmentImpl| size: 1078| notcompiles| LOCAL| INSERT_BEFORE) =493, (CtReturnImpl| size: 33| notcompiles| LOCAL| REPLACE) =4, (CtUnaryOperatorImpl| size: 162| compiles| LOCAL| INSERT_BEFORE) =2, (CtWhileImpl| size: 1078| compiles| LOCAL| INSERT_AFTER) =15, (CtInvocationImpl| size: 93| compiles| LOCAL| REPLACE) =41, (CtBreakImpl| size: 1078| alreadyanalyzed| LOCAL| INSERT_BEFORE) =9, (CtIfImpl| size: 1078| compiles| LOCAL| INSERT_BEFORE) =252, (CtInvocationImpl| size: 1078| compiles| LOCAL| INSERT_BEFORE) =92, (CtLocalVariableImpl| size: 1078| notcompiles| LOCAL| INSERT_AFTER) =51, (CtLocalVariableImpl| size: 162| alreadyanalyzed| LOCAL| INSERT_BEFORE) =1, (CtOperatorAssignmentImpl| size: 2| alreadyanalyzed| LOCAL| REPLACE) =3, (CtUnaryOperatorImpl| size: 1078| compiles| LOCAL| INSERT_AFTER) =19, (CtUnaryOperatorImpl| size: 32| alreadyanalyzed| LOCAL| REPLACE) =35, (CtAssignmentImpl| size: 162| compiles| LOCAL| INSERT_AFTER) =13, (CtForImpl| size: 162| notcompiles| LOCAL| INSERT_BEFORE) =2, (CtAssignmentImpl| size: 358| alreadyanalyzed| LOCAL| REPLACE) =730, (CtReturnImpl| size: 1078| compiles| LOCAL| INSERT_BEFORE) =198, (CtAssignmentImpl| size: 1078| compiles| LOCAL| INSERT_BEFORE) =428, (CtForImpl| size: 1078| notcompiles| LOCAL| INSERT_BEFORE) =44, (CtInvocationImpl| size: 1078| alreadyanalyzed| LOCAL| INSERT_BEFORE) =26, (CtBreakImpl| size: 1078| compiles| LOCAL| INSERT_BEFORE) =29, (CtInvocationImpl| size: 93| alreadyanalyzed| LOCAL| REPLACE) =3976, (CtIfImpl| size: 206| alreadyanalyzed| LOCAL| REPLACE) =93, (CtReturnImpl| size: 149| compiles| LOCAL| REPLACE) =159, (CtBreakImpl| size: 1078| notcompiles| LOCAL| INSERT_AFTER) =20, (CtInvocationImpl| size: 1078| notcompiles| LOCAL| INSERT_BEFORE) =99, (CtAssignmentImpl| size: 358| compiles| LOCAL| REPLACE) =363, (CtForImpl| size: 36| compiles| LOCAL| REPLACE) =10, (CtReturnImpl| size: 1078| notcompiles| LOCAL| INSERT_AFTER) =295, (CtInvocationImpl| size: 1078| compiles| LOCAL| INSERT_AFTER) =96, (CtReturnImpl| size: 1078| compiles| LOCAL| INSERT_AFTER) =222}
#gen: 4303
#patches: 0
#RightCompilation: 2341
#WrongCompilation: 1962
#FailingTestCaseExecution: 2342
#RegressionTestExecution: 0
#TestcasesExecutedval1: 60086
#TestcasesExecutedval2: 0
#FailingTestCase: 26
#RegressionTestCases: 0
#OfAppliedOp: 4303
#NotAppliedOp: 0
#InmutatedGen: 167
#unfinishValidation: 0
#ing {CtLocalVariableImpl=226, CtForImpl=90, CtSwitchImpl=18, CtReturnImpl=904, CtAssignmentImpl=1654, CtOperatorAssignmentImpl=13, CtInvocationImpl=370, CtBreakImpl=112, CtIfImpl=989, CtWhileImpl=38, CtUnaryOperatorImpl=56}
#untilcompile {1=1277, 2=652, 3=417, 4=248, 5=164, 6=96, 7=65, 8=54, 128=1, 9=32, 10=22, 11=19, 133=2, 12=11, 13=7, 14=8, 15=8, 152=7, 17=2, 16=3, 153=3, 19=2, 154=5, 155=1, 18=7, 21=1, 156=1, 20=2, 23=2, 158=3, 22=1, 25=1, 24=2, 27=3, 26=3, 29=2, 28=3, 149=20, 31=1, 150=18, 151=8, 34=1, 33=2, 38=1, 39=6, 36=1, 37=1, 42=2, 43=2, 162=1, 40=8, 160=1, 41=10, 44=2, 59=1, 299=1, 177=1, 64=1, 72=1, 93=8, 95=3, 94=11, 102=2, 100=1, 99=2, 96=4, 97=1, 104=2, 105=1, 125=1, 245=1, 242=1, 243=1}
2015-08-24 22:39:40,100 INFO main - Time Evolution(ms): 3660132
2015-08-24 22:39:40,100 INFO fr.inria.main.AbstractMain - Time Total(ms): 4210343


Node: graphene-42.nancy.grid5000.fr


Date: Tue Aug 25 00:39:40 CEST 2015


