export PATH="/home/tdurieux/defects4j/framework/bin:$PATH";export JAVA_TOOL_OPTIONS=-Dfile.encoding=UTF8;export PATH="/usr/lib/jvm/java-1.7.0-openjdk-amd64/bin/:$PATH";cp -r /home/tdurieux/projects/math/math_28 /tmp/math_28_NopolPC;cd /tmp/math_28_NopolPC;defects4j compile;mkdir lib/;cp -r /home/tdurieux/defects4j/framework/projects/lib/* lib/;cp -r /home/tdurieux/defects4j/framework/projects/Math/lib/* lib/;find . -type f -name "package-info.java" -delete;
cd /tmp/math_28_NopolPC;export JAVA_TOOL_OPTIONS=-Dfile.encoding=UTF8;export PATH="/usr/lib/jvm/java-1.7.0-openjdk-amd64/bin/:$PATH";cp -r /home/tdurieux/defects4j-repair/src/python/core/../../../libs/z3 lib/z3;time java  -cp /home/tdurieux/defects4j-repair/src/python/core/../../..//libs/nopol.jar:/usr/lib/jvm/java-1.7.0-openjdk-amd64/bin//../lib/tools.jar fr.inria.lille.repair.Main --mode repair --type precondition --oracle angelic --synthesis smt --solver z3 --solver-path /home/tdurieux/defects4j-repair/src/python/core/../../..//libs/z3/z3 --complianceLevel 5 --source src/main/java/ --classpath target/classes/:target/test-classes/:lib/commons-discovery-0.5.jar:/home/tdurieux/defects4j-repair/src/python/core/../../..//libs/nopol.jar;echo "

Node: `hostname`
";echo "
Date: `date`
";rm -rf /tmp/math_28_NopolPC;

22:11:55.949 [Thread-4] DEBUG f.i.l.c.t.SpecificationTestCasesListener - [#2. FAILED]
22:12:22.696 [Thread-4] DEBUG f.i.l.c.t.SpecificationTestCasesListener - Tests run finished (1715973 ms)
<> Total tests run: 1
<> Ignored tests: 0
<> Failed tests: 1
~ testMath828Cycle(org.apache.commons.math3.optimization.linear.SimplexSolverTest)
[Java heap space]
java.lang.OutOfMemoryError: Java heap space
    at fr.inria.lille.commons.trace.collector.CollectionCollector.collectedValues(CollectionCollector.java:14)
    at fr.inria.lille.commons.trace.collector.ValueCollector.collectWith(ValueCollector.java:29)
    at fr.inria.lille.commons.trace.collector.ValueCollector.collectFrom(ValueCollector.java:21)
    at fr.inria.lille.commons.trace.RuntimeValues.collectInput(RuntimeValues.java:64)
    at org.apache.commons.math3.optimization.linear.AbstractLinearOptimizer.incrementIterationsCounter(AbstractLinearOptimizer.java:62)
    at org.apache.commons.math3.optimization.linear.SimplexSolver.doIteration(SimplexSolver.java:161)
Nb classes : 587
Nb methods : 3829
Nb statements: 26906
Nb statement executed by the passing tests of the patched line: 0
Nb statement executed by the failing tests of the patched line: 0
Nb unit tests : 3981
Nb Statements Analyzed : 2
Nb Statements with Angelic Value Found : 0
Nb inputs in SMT : 0
Nb SMT level: 0
Nb variables in SMT : 0
Nb run failing test  : []
Nb run passing test : []
NoPol Execution time : 2276303ms


Node: graphene-8.nancy.grid5000.fr


Date: Fri Aug 21 00:12:30 CEST 2015


