/tmp/math_41_NopolPC
export PATH="/home/tdurieux/defects4j/framework/bin:$PATH";export JAVA_TOOL_OPTIONS=-Dfile.encoding=UTF8;export PATH="/usr/lib/jvm/java-1.7.0-openjdk-amd64/bin/:$PATH";cd /home/tdurieux/projects/math/math_41;defects4j compile;cp -r /home/tdurieux/projects/math/math_41 /tmp/math_41_NopolPC;cd /tmp/math_41_NopolPC;mkdir lib/;cp -r /home/tdurieux/defects4j/framework/projects/lib/* lib/;cp -r /home/tdurieux/defects4j/framework/projects/Math/lib/* lib/;find . -type f -name "package-info.java" -delete;
cd /tmp/math_41_NopolPC;export JAVA_TOOL_OPTIONS=-Dfile.encoding=UTF8;export PATH="/usr/lib/jvm/java-1.7.0-openjdk-amd64/bin/:$PATH";TZ="America/New_York"; export TZ;cp -r /home/tdurieux/defects4j-repair/src/python/core/../../../libs/z3 lib/z3;time java -Xmx8192m -cp /home/tdurieux/defects4j-repair/src/python/core/../../..//libs/nopol.jar:/usr/lib/jvm/java-1.7.0-openjdk-amd64/bin//../lib/tools.jar fr.inria.lille.repair.Main --mode repair --type precondition --oracle angelic --synthesis smt --solver z3 --solver-path /home/tdurieux/defects4j-repair/src/python/core/../../..//libs/z3/z3 --complianceLevel 5 --source src/main/java/ --classpath target/classes/:target/test-classes/:lib/commons-discovery-0.5.jar:/home/tdurieux/defects4j-repair/src/python/core/../../..//libs/nopol.jar;echo "

Node: `hostname`
";echo "
Date: `date`
";rm -rf /tmp/math_41_NopolPC;

Nb classes : 578
Nb methods : 3768
Nb statement executed by the passing tests of the patched line: 0
Nb statement executed by the failing tests of the patched line: 0
Nb statements: 24363
Nb unit tests : 3194
Nb Statements Analyzed : 77
Nb Statements with Angelic Value Found : 21
Nb inputs in SMT : 54
Nb SMT level: 11
Nb SMT components: [22] [== of arity: 2, != of arity: 2, < of arity: 2, <= of arity: 2, ! of arity: 1, || of arity: 2, && of arity: 2, + of arity: 2, - of arity: 2, == of arity: 2, != of arity: 2, < of arity: 2, <= of arity: 2, ?: of arity: 3, * of arity: 2, ! of arity: 1, || of arity: 2, && of arity: 2, + of arity: 2, - of arity: 2, ?: of arity: 3, * of arity: 2]
                  class java.lang.Number: 8
                  class java.lang.Boolean: 14
Nb variables in SMT : 11
Nb run failing test  : [2, 2, 2, 2, 2, 2, 2, 2, 2, 2, 2, 2, 2, 2, 2, 2, 2, 2, 2, 2, 2, 2, 2, 2, 2, 2, 2, 2, 2, 2, 2, 2, 2, 2, 2, 1, 1, 1, 1, 2, 2, 2, 2, 2, 2, 2, 2, 2, 2, 2]
Nb run passing test : [6, 6, 6, 6, 1, 1, 6, 6, 6, 6, 6, 6, 6, 6, 1, 6, 9, 1, 1, 9, 1, 1, 10, 10, 1, 1, 1, 1, 1, 1, 1, 1, 1, 1, 1, 102, 102, 102, 102, 1, 1, 1, 1, 1, 1, 1, 1, 1, 1, 1]
NoPol Execution time : 1315447ms


Node: griffon-11.nancy.grid5000.fr


Date: Mon May  9 22:31:36 EDT 2016


