export PATH="/home/tdurieux/defects4j/framework/bin:$PATH";export JAVA_TOOL_OPTIONS=-Dfile.encoding=UTF8;export PATH="/usr/lib/jvm/java-1.7.0-openjdk-amd64/bin/:$PATH";cp -r /home/tdurieux/projects/math/math_28 /tmp/math_28_Kali;cd /tmp/math_28_Kali;defects4j compile;mkdir lib/;cp -r /home/tdurieux/defects4j/framework/projects/lib/* lib/;cp -r /home/tdurieux/defects4j/framework/projects/Math/lib/* lib/;find . -type f -name "package-info.java" -delete;
/home/tdurieux/defects4j-repair/src/python/core/../../../results/2015-august/Math/28/Kali/result
cd /tmp/math_28_Kali;export JAVA_TOOL_OPTIONS=-Dfile.encoding=UTF8;TZ="America/New_York"; export TZexport PATH="/usr/lib/jvm/java-1.7.0-openjdk-amd64/bin/:$PATH";time java  -cp /home/tdurieux/defects4j-repair/src/python/core/../../..//libs/astor.jar fr.inria.main.evolution.MainjGenProg -mode statement-remove -location . -dependencies lib/ -failing org.apache.commons.math3.optimization.linear.SimplexSolverTest: -package org.apache.commons -jvm4testexecution /usr/lib/jvm/java-1.7.0-openjdk-amd64/bin/ -javacompliancelevel 5 -maxgen 1000000 -seed 10 -maxtime 60  -scope local  -stopfirst false -flthreshold 0 -population 1 -srcjavafolder src/main/java/ -srctestfolder src/test/java/ -binjavafolder target/classes/ -bintestfolder target/test-classes/;echo "

Node: `hostname`
";echo "
Date: `date`
";rm -rf /tmp/math_28_Kali;

2015-08-25 21:21:10,419 INFO main - End Repair Loops: Found solution
2015-08-25 21:21:10,419 INFO main - Solution stored at: ./outputMutation//MainjGenProg-.//src/
2015-08-25 21:21:10,419 INFO main - 
Number solutions:12
2015-08-25 21:21:10,419 INFO main - f (sol): 0.0, [Variant id: 18 (SOL) , #gens: 954, #ops: 1, parent:1]
2015-08-25 21:21:10,419 INFO main - f (sol): 0.0, [Variant id: 22 (SOL) , #gens: 954, #ops: 1, parent:1]
2015-08-25 21:21:10,420 INFO main - f (sol): 0.0, [Variant id: 24 (SOL) , #gens: 954, #ops: 1, parent:1]
2015-08-25 21:21:10,420 INFO main - f (sol): 0.0, [Variant id: 28 (SOL) , #gens: 954, #ops: 1, parent:1]
2015-08-25 21:21:10,420 INFO main - f (sol): 0.0, [Variant id: 62 (SOL) , #gens: 954, #ops: 1, parent:1]
2015-08-25 21:21:10,420 INFO main - f (sol): 0.0, [Variant id: 64 (SOL) , #gens: 954, #ops: 1, parent:1]
2015-08-25 21:21:10,420 INFO main - f (sol): 0.0, [Variant id: 65 (SOL) , #gens: 954, #ops: 1, parent:1]
2015-08-25 21:21:10,420 INFO main - f (sol): 0.0, [Variant id: 66 (SOL) , #gens: 954, #ops: 1, parent:1]
2015-08-25 21:21:10,420 INFO main - f (sol): 0.0, [Variant id: 72 (SOL) , #gens: 954, #ops: 1, parent:1]
2015-08-25 21:21:10,420 INFO main - f (sol): 0.0, [Variant id: 74 (SOL) , #gens: 954, #ops: 1, parent:1]
2015-08-25 21:21:10,420 INFO main - f (sol): 0.0, [Variant id: 76 (SOL) , #gens: 954, #ops: 1, parent:1]
2015-08-25 21:21:10,420 INFO main - f (sol): 0.0, [Variant id: 212 (SOL) , #gens: 954, #ops: 1, parent:1]
2015-08-25 21:21:10,420 INFO main - 
All variants:
2015-08-25 21:21:10,420 INFO main - f 1.0, [Variant id: 1, #gens: 954, #ops: 0, parent:-]
2015-08-25 21:21:10,420 INFO main - 
Solution details
2015-08-25 21:21:10,420 WARN spoon.support.StandardEnvironment - warning: ignoring inconsistent parent for CtCodeSnippetExpressionImpl (CtIfImpl != RootElement)null
2015-08-25 21:21:10,420 WARN spoon.support.StandardEnvironment - warning: ignoring inconsistent parent for CtCodeSnippetExpressionImpl (CtIfImpl != RootElement)null
2015-08-25 21:21:10,420 WARN spoon.support.StandardEnvironment - warning: ignoring inconsistent parent for CtCodeSnippetExpressionImpl (CtIfImpl != RootElement)null
2015-08-25 21:21:10,420 WARN spoon.support.StandardEnvironment - warning: ignoring inconsistent parent for CtCodeSnippetExpressionImpl (CtIfImpl != RootElement)null
2015-08-25 21:21:10,420 INFO main - 
 --SOLUTIONS DESCRIPTION--

 ----
ProgramVariant 18
 
operation: REPLACE
location= org.apache.commons.math3.optimization.linear.SimplexSolver
line= 138
original statement= if (row == (tableau.getBasicRow(i))) {
	if (i < minIndex) {
		minIndex = i;
		minRow = row;
	} 
} 
fixed statement= if (true) {
	if (i < minIndex) {
		minIndex = i;
		minRow = row;
	} 
} 
generation= 1
ingredientScope= -
 
 ----
ProgramVariant 22
 
operation: REPLACE
location= org.apache.commons.math3.optimization.linear.SimplexSolver
line= 139
original statement= if (i < minIndex) {
	minIndex = i;
	minRow = row;
} 
fixed statement= if (true) {
	minIndex = i;
	minRow = row;
} 
generation= 1
ingredientScope= -
 
 ----
ProgramVariant 24
 
operation: DELETE
location= org.apache.commons.math3.optimization.linear.SimplexSolver
line= 140
original statement= minIndex = i
fixed statement= minIndex = i
generation= 1
ingredientScope= -
 
 ----
ProgramVariant 28
 
operation: DELETE
location= org.apache.commons.math3.optimization.linear.SimplexSolver
line= 147
original statement= return minRow
fixed statement= return minRow
generation= 1
ingredientScope= -
 
 ----
ProgramVariant 62
 
operation: DELETE
location= org.apache.commons.math3.optimization.linear.SimplexSolver
line= 123
original statement= if ((org.apache.commons.math3.util.Precision.equals(entry, 1.0, maxUlps)) && (row.equals(tableau.getBasicRow(column)))) {
	return row;
} 
fixed statement= if ((org.apache.commons.math3.util.Precision.equals(entry, 1.0, maxUlps)) && (row.equals(tableau.getBasicRow(column)))) {
	return row;
} 
generation= 1
ingredientScope= -
 
 ----
ProgramVariant 64
 
operation: REPLACE
location= org.apache.commons.math3.optimization.linear.SimplexSolver
line= 123
original statement= if ((org.apache.commons.math3.util.Precision.equals(entry, 1.0, maxUlps)) && (row.equals(tableau.getBasicRow(column)))) {
	return row;
} 
fixed statement= if (true) {
	return row;
} 
generation= 1
ingredientScope= -
 
 ----
ProgramVariant 65
 
operation: REPLACE
location= org.apache.commons.math3.optimization.linear.SimplexSolver
line= 123
original statement= if ((org.apache.commons.math3.util.Precision.equals(entry, 1.0, maxUlps)) && (row.equals(tableau.getBasicRow(column)))) {
	return row;
} 
fixed statement= if (false) {
	return row;
} 
generation= 1
ingredientScope= -
 
 ----
ProgramVariant 66
 
operation: DELETE
location= org.apache.commons.math3.optimization.linear.SimplexSolver
line= 124
original statement= return row
fixed statement= return row
generation= 1
ingredientScope= -
 
 ----
ProgramVariant 72
 
operation: DELETE
location= org.apache.commons.math3.optimization.linear.SimplexSolver
line= 104
original statement= minRatioPositions.add(i)
fixed statement= minRatioPositions.add(i)
generation= 1
ingredientScope= -
 
 ----
ProgramVariant 74
 
operation: DELETE
location= org.apache.commons.math3.optimization.linear.SimplexSolver
line= 119
original statement= for (java.lang.Integer row : minRatioPositions) {
	for (int i = 0 ; i < (tableau.getNumArtificialVariables()) ; i++) {
		int column = i + (tableau.getArtificialVariableOffset());
		final double entry = tableau.getEntry(row, column);
		if ((org.apache.commons.math3.util.Precision.equals(entry, 1.0, maxUlps)) && (row.equals(tableau.getBasicRow(column)))) {
			return row;
		} 
	}
}
fixed statement= for (java.lang.Integer row : minRatioPositions) {
	for (int i = 0 ; i < (tableau.getNumArtificialVariables()) ; i++) {
		int column = i + (tableau.getArtificialVariableOffset());
		final double entry = tableau.getEntry(row, column);
		if ((org.apache.commons.math3.util.Precision.equals(entry, 1.0, maxUlps)) && (row.equals(tableau.getBasicRow(column)))) {
			return row;
		} 
	}
}
generation= 1
ingredientScope= -
 
 ----
ProgramVariant 76
 
operation: DELETE
location= org.apache.commons.math3.optimization.linear.SimplexSolver
line= 120
original statement= for (int i = 0 ; i < (tableau.getNumArtificialVariables()) ; i++) {
	int column = i + (tableau.getArtificialVariableOffset());
	final double entry = tableau.getEntry(row, column);
	if ((org.apache.commons.math3.util.Precision.equals(entry, 1.0, maxUlps)) && (row.equals(tableau.getBasicRow(column)))) {
		return row;
	} 
}
fixed statement= for (int i = 0 ; i < (tableau.getNumArtificialVariables()) ; i++) {
	int column = i + (tableau.getArtificialVariableOffset());
	final double entry = tableau.getEntry(row, column);
	if ((org.apache.commons.math3.util.Precision.equals(entry, 1.0, maxUlps)) && (row.equals(tableau.getBasicRow(column)))) {
		return row;
	} 
}
generation= 1
ingredientScope= -
 
 ----
ProgramVariant 212
 
operation: DELETE
location= org.apache.commons.math3.optimization.linear.SimplexSolver
line= 77
original statement= minValue = entry
fixed statement= minValue = entry
generation= 1
ingredientScope= -
 
2015-08-25 21:21:10,420 INFO main - 
----stats: 
2015-08-25 21:21:10,420 INFO main - 
spaces navigation: [0]: {}
#gen: 0
#patches: 12
#RightCompilation: 1752
#WrongCompilation: 416
#FailingTestCaseExecution: 1753
#RegressionTestExecution: 13
#TestcasesExecutedval1: 45344
#TestcasesExecutedval2: 49790
#FailingTestCase: 26
#RegressionTestCases: 3830
#OfAppliedOp: 0
#NotAppliedOp: 0
#InmutatedGen: 0
#unfinishValidation: 0
#ing {}
#untilcompile {}
2015-08-25 21:21:10,421 INFO fr.inria.main.AbstractMain - Time Total(ms): 5552458


Node: graphene-46.nancy.grid5000.fr


Date: Tue Aug 25 23:21:10 CEST 2015


