cd /tmp/chart_1_Brutpol;export JAVA_TOOL_OPTIONS=-Dfile.encoding=UTF8;TZ="America/New_York"; export TZexport PATH="/usr/lib/jvm/java-1.7.0-openjdk-amd64/bin/:$PATH";cp -r /home/tdurieux/dynamoth-experiments/src/python/core/../../../libs/z3 lib/z3;time java -d64 -Xmx4g -Xms1g -XX:MaxPermSize=1024m -XX:+UseConcMarkSweepGC -XX:+CMSPermGenSweepingEnabled -XX:+CMSClassUnloadingEnabled -cp /home/tdurieux/dynamoth-experiments/src/python/core/../../..//libs/nopol.jar:/usr/lib/jvm/java-1.7.0-openjdk-amd64/bin//../lib/tools.jar fr.inria.lille.repair.Main --flocal gzoltar  --maxTime 300  --json  --mode repair --type pre_then_cond --oracle angelic --synthesis dynamoth --solver z3 --solver-path /home/tdurieux/dynamoth-experiments/src/python/core/../../..//libs/z3/z3 --complianceLevel 4 --source /tmp/chart_1_Brutpol/source/ --classpath /tmp/chart_1_Brutpol/build/:/tmp/chart_1_Brutpol/build-tests/:/tmp/chart_1_Brutpol/lib/cobertura-lib/servlet-api-2.5-6.1.14.jar:/tmp/chart_1_Brutpol/lib/servlet.jar:/home/tdurieux/dynamoth-experiments/src/python/core/../../..//libs/nopol.jar;echo "

Node: `hostname`
";echo "
Date: `date`
";

06:06:10.846 [pool-2-thread-1] INFO  fr.inria.lille.repair.nopol.NoPol - Nb classes : 656
06:06:10.847 [pool-2-thread-1] INFO  fr.inria.lille.repair.nopol.NoPol - Nb methods : 7315
06:06:10.847 [pool-2-thread-1] INFO  fr.inria.lille.repair.nopol.NoPol - Nb Statements Analyzed : 24
06:06:10.847 [pool-2-thread-1] INFO  fr.inria.lille.repair.nopol.NoPol - Nb Statements with Angelic Value Found : 1
06:06:10.847 [pool-2-thread-1] INFO  fr.inria.lille.repair.nopol.NoPol - NoPol Execution time : 110906ms
06:06:10.847 [pool-2-thread-1] INFO  fr.inria.lille.repair.nopol.NoPol - ----PATCH FOUND----
06:06:10.847 [pool-2-thread-1] INFO  fr.inria.lille.repair.nopol.NoPol - this.equals((java.lang.Object) result)
06:06:11.016 [pool-2-thread-1] INFO  fr.inria.lille.repair.nopol.NoPol - Nb test that executes the patch: 76
06:06:11.016 [pool-2-thread-1] INFO  fr.inria.lille.repair.nopol.NoPol - org.jfree.chart.renderer.category.AbstractCategoryItemRenderer:1797: PRECONDITION
06:06:11.134 [pool-2-thread-1] INFO  fr.inria.lille.repair.nopol.NoPol - --- /tmp/chart_1_Brutpol/source/org/jfree/chart/renderer/category/AbstractCategoryItemRenderer.java
+++ /tmp/chart_1_Brutpol/source/org/jfree/chart/renderer/category/AbstractCategoryItemRenderer.java
@@ -1796,4 +1796,6 @@
         CategoryDataset dataset = this.plot.getDataset(index);
-        if (dataset != null) {
-            return result;
+        if (this.equals((java.lang.Object) result)) {
+            if (dataset != null) {
+                return result;
+            }
         }



Node: griffon-15.nancy.grid5000.fr


Date: Sun Mar  5 07:06:11 CET 2017


