mkdir: cannot create directory ‘lib/’: File exists
Running ant (compile)...................................................... OK
Running ant (compile.tests)................................................ OK
Picked up JAVA_TOOL_OPTIONS: -Dfile.encoding=UTF8
Please use CMSClassUnloadingEnabled in place of CMSPermGenSweepingEnabled in the future
spoon.compiler.ModelBuildingException: The type LocalizedMatcher must implement the inherited abstract method Matcher.describeMismatch(Object, Description) at /tmp/mockito_1_Nopol/src/org/mockito/internal/matchers/LocalizedMatcher.java:16
	at spoon.support.compiler.jdt.JDTBasedSpoonCompiler.report(JDTBasedSpoonCompiler.java:579)
	at spoon.support.compiler.jdt.JDTBasedSpoonCompiler.reportProblems(JDTBasedSpoonCompiler.java:560)
	at spoon.support.compiler.jdt.JDTBasedSpoonCompiler.build(JDTBasedSpoonCompiler.java:121)
	at spoon.support.compiler.jdt.JDTBasedSpoonCompiler.build(JDTBasedSpoonCompiler.java:102)
	at fr.inria.lille.commons.spoon.util.SpoonModelLibrary.modelFor(SpoonModelLibrary.java:56)
	at fr.inria.lille.commons.spoon.SpoonedFile.<init>(SpoonedFile.java:62)
	at fr.inria.lille.commons.spoon.SpoonedProject.<init>(SpoonedProject.java:17)
	at fr.inria.lille.repair.nopol.NoPol.<init>(NoPol.java:100)
	at fr.inria.lille.repair.Main$1.call(Main.java:90)
	at java.util.concurrent.FutureTask.run(FutureTask.java:262)
	at java.util.concurrent.ThreadPoolExecutor.runWorker(ThreadPoolExecutor.java:1145)
	at java.util.concurrent.ThreadPoolExecutor$Worker.run(ThreadPoolExecutor.java:615)
	at java.lang.Thread.run(Thread.java:745)
java.util.concurrent.ExecutionException: java.lang.NullPointerException
	at java.util.concurrent.FutureTask.report(FutureTask.java:122)
	at java.util.concurrent.FutureTask.get(FutureTask.java:202)
	at fr.inria.lille.repair.Main.main(Main.java:98)
Caused by: java.lang.NullPointerException
	at com.gzoltar.core.GZoltar.run(GZoltar.java:51)
	at fr.inria.lille.localization.GZoltarFaultLocalizer.run(GZoltarFaultLocalizer.java:127)
	at fr.inria.lille.localization.GZoltarFaultLocalizer.<init>(GZoltarFaultLocalizer.java:70)
	at fr.inria.lille.localization.GZoltarFaultLocalizer.<init>(GZoltarFaultLocalizer.java:46)
	at fr.inria.lille.repair.nopol.NoPol.createLocalizer(NoPol.java:145)
	at fr.inria.lille.repair.nopol.NoPol.build(NoPol.java:111)
	at fr.inria.lille.repair.Main$1.call(Main.java:91)
	at java.util.concurrent.FutureTask.run(FutureTask.java:262)
	at java.util.concurrent.ThreadPoolExecutor.runWorker(ThreadPoolExecutor.java:1145)
	at java.util.concurrent.ThreadPoolExecutor$Worker.run(ThreadPoolExecutor.java:615)
	at java.lang.Thread.run(Thread.java:745)

Usage: java -jar nopol.jar
                          [(-m|--mode) <repair|ranking>] [(-e|--type) <pre_then_cond|loop|condition|precondition|arithmetic>] [(-o|--oracle) <angelic|symbolic>] [(-y|--synthesis) <smt|dynamoth>] [(-l|--solver) <z3|cvc4>] [(-p|--solver-path) <solverPath>] (-s|--source) source1:source2:...:sourceN  (-c|--classpath) <classpath> [(-t|--test) test1:test2:...:testN ] [--complianceLevel <complianceLevel>] [--maxTime <maxTime>] [--maxTimeType <maxTimeType>] [(-z|--flocal) < ochiai|dumb|gzoltar>] [--output <outputFolder>] [--json[:<outputJson>]]

  [(-m|--mode) <repair|ranking>]
        Define the mode of execution. (default: repair)

  [(-e|--type) <pre_then_cond|loop|condition|precondition|arithmetic>]
        The type of statement to analyze (only used with repair mode). (default:
        pre_then_cond)

  [(-o|--oracle) <angelic|symbolic>]
        Define the oracle (only used with repair mode). (default: angelic)

  [(-y|--synthesis) <smt|dynamoth>]
        Define the patch synthesis. (default: smt)

  [(-l|--solver) <z3|cvc4>]
        Define the solver (only used with smt synthesis). (default: z3)

  [(-p|--solver-path) <solverPath>]
        Define the solver binary path (only used with smt synthesis).

  (-s|--source) source1:source2:...:sourceN 
        Define the path to the source code of the project.

  (-c|--classpath) <classpath>
        Define the classpath of the project.

  [(-t|--test) test1:test2:...:testN ]
        Define the tests of the project.

  [--complianceLevel <complianceLevel>]
        The compliance level of the project. (default: 7)

  [--maxTime <maxTime>]
        The maximum time execution in minute for the whole execution of
        Nopol.(default: 10)

  [--maxTimeType <maxTimeType>]
        The maximum time execution in minute for one type of patch. (default: 5)

  [(-z|--flocal) < ochiai|dumb|gzoltar>]
        Define the fault localizer to be used. (default: ochiai)

  [--output <outputFolder>]
        Define the location where the patches will be saved. (default: .)

  [--json[:<outputJson>]]
        Output a json file in the current working directory.

Command exited with non-zero status 255
17.06user 0.96system 0:08.56elapsed 210%CPU (0avgtext+0avgdata 388096maxresident)k
94832inputs+5232outputs (40major+186002minor)pagefaults 0swaps
