/tmp/closure_67_NopolPC
export PATH="/home/tdurieux/defects4j/framework/bin:$PATH";export JAVA_TOOL_OPTIONS=-Dfile.encoding=UTF8;export PATH="/usr/lib/jvm/java-1.7.0-openjdk-amd64/bin/:$PATH";cd /home/tdurieux/projects/closure/closure_67;defects4j compile;cp -r /home/tdurieux/projects/closure/closure_67 /tmp/closure_67_NopolPC;cd /tmp/closure_67_NopolPC;mkdir lib/;cp -r /home/tdurieux/defects4j/framework/projects/lib/* lib/;cp -r /home/tdurieux/defects4j/framework/projects/Closure/lib/* lib/;find . -type f -name "package-info.java" -delete;
cd /tmp/closure_67_NopolPC;export JAVA_TOOL_OPTIONS=-Dfile.encoding=UTF8;TZ="America/New_York"; export TZexport PATH="/usr/lib/jvm/java-1.7.0-openjdk-amd64/bin/:$PATH";cp -r /home/tdurieux/defects4j-repair/src/python/core/../../../libs/z3 lib/z3;time java -Xmx4096m -cp /home/tdurieux/defects4j-repair/src/python/core/../../..//libs/nopol.jar:/usr/lib/jvm/java-1.7.0-openjdk-amd64/bin//../lib/tools.jar fr.inria.lille.repair.Main --mode repair --type precondition --oracle angelic --synthesis smt --solver z3 --solver-path /home/tdurieux/defects4j-repair/src/python/core/../../..//libs/z3/z3 --complianceLevel 6 --source /tmp/closure_67_NopolPC/src/ --classpath /tmp/closure_67_NopolPC/build/classes:/tmp/closure_67_NopolPC/build/test:/tmp/closure_67_NopolPC/lib/ant.jar:/tmp/closure_67_NopolPC/lib/ant-launcher.jar:/tmp/closure_67_NopolPC/lib/args4j.jar:/tmp/closure_67_NopolPC/lib/guava.jar:/tmp/closure_67_NopolPC/lib/json.jar:/tmp/closure_67_NopolPC/lib/jsr305.jar:/tmp/closure_67_NopolPC/lib/junit.jar:/tmp/closure_67_NopolPC/lib/caja-r4314.jar:/tmp/closure_67_NopolPC/lib/protobuf-java.jar:/tmp/closure_67_NopolPC/lib/libtrunk_rhino_parser_jarjared.jar:/home/tdurieux/defects4j-repair/src/python/core/../../..//libs/nopol.jar;echo "

Node: `hostname`
";echo "
Date: `date`
";rm -rf /tmp/closure_67_NopolPC;

Nb classes : 394
Nb methods : 4458
Nb statement executed by the passing tests of the patched line: 0
Nb statement executed by the failing tests of the patched line: 0
Nb statements: 40247
Nb unit tests : 7047
Nb Statements Analyzed : 3
Nb Statements with Angelic Value Found : 1
Nb inputs in SMT : 2
Nb SMT level: 2
Nb SMT components: [4] [== of arity: 2, != of arity: 2, < of arity: 2, <= of arity: 2]
                  class java.lang.Boolean: 4
Nb variables in SMT : 100
Nb run failing test  : [2, 1]
Nb run passing test : [1, 6]
NoPol Execution time : 201570ms
----PATCH FOUND----
com.google.javascript.rhino.Node:1385: PRECONDITION (com.google.javascript.rhino.Node.this.type) != (node2.type)


Node: griffon-18.nancy.grid5000.fr


Date: Tue May 17 00:17:13 CEST 2016


