export PATH="/home/tdurieux/defects4j/framework/bin:$PATH";export JAVA_TOOL_OPTIONS=-Dfile.encoding=UTF8;export PATH="/usr/lib/jvm/java-1.7.0-openjdk-amd64/bin/:$PATH";cp -r /home/tdurieux/projects/math/math_50 /tmp/math_50_Genprog;cd /tmp/math_50_Genprog;defects4j compile;mkdir lib/;cp -r /home/tdurieux/defects4j/framework/projects/lib/* lib/;cp -r /home/tdurieux/defects4j/framework/projects/Math/lib/* lib/;find . -type f -name "package-info.java" -delete;
/home/tdurieux/defects4j-repair/src/python/core/../../../results/2015-august/Math/50/Genprog/result
cd /tmp/math_50_Genprog;export JAVA_TOOL_OPTIONS=-Dfile.encoding=UTF8;export PATH="/usr/lib/jvm/java-1.7.0-openjdk-amd64/bin/:$PATH";time java  -cp /home/tdurieux/defects4j-repair/src/python/core/../../..//libs/astor.jar fr.inria.main.evolution.MainjGenProg -mode statement -location . -dependencies lib/ -failing org.apache.commons.math.analysis.solvers.RegulaFalsiSolverTest: -package org.apache.commons -jvm4testexecution /usr/lib/jvm/java-1.7.0-openjdk-amd64/bin/ -javacompliancelevel 5 -maxgen 1000000 -seed 10 -maxtime 60  -scope local  -stopfirst true -flthreshold 0.1 -population 1 -srcjavafolder src/main/java/ -srctestfolder src/test/java/ -binjavafolder target/classes/ -bintestfolder target/test-classes/;echo "

Node: `hostname`
";echo "
Date: `date`
";rm -rf /tmp/math_50_Genprog;

2015-08-24 21:17:27,520 INFO main - End Repair Loops: Found solution
2015-08-24 21:17:27,520 INFO main - Solution stored at: ./outputMutation//MainjGenProg-.//src/
2015-08-24 21:17:27,520 INFO main - 
Number solutions:1
2015-08-24 21:17:27,520 INFO main - f (sol): 0.0, [Variant id: 36 (SOL) , #gens: 40, #ops: 1, parent:35]
2015-08-24 21:17:27,520 INFO main - 
All variants:
2015-08-24 21:17:27,520 INFO main - f 1.0, [Variant id: 37, #gens: 41, #ops: 0, parent:-]
2015-08-24 21:17:27,520 INFO main - 
Solution details
2015-08-24 21:17:27,520 INFO main - 
 --SOLUTIONS DESCRIPTION--

 ----
ProgramVariant 36
 
operation: DELETE
location= org.apache.commons.math.analysis.solvers.BaseSecantSolver
line= 191
original statement= x0 = 0.5 * ((x0 + x1) - delta)
fixed statement= x0 = 0.5 * ((x0 + x1) - delta)
generation= 18
ingredientScope= -
 
2015-08-24 21:17:27,520 INFO main - --Space: LOCAL
org.apache.commons.math.analysis.solvers.BaseAbstractUnivariateRealSolver=34|,org.apache.commons.math.analysis.solvers.BaseSecantSolver=73|,org.apache.commons.math.analysis.solvers.UnivariateRealSolverUtils=78|,
2015-08-24 21:17:27,520 INFO main - 
----stats: 
2015-08-24 21:17:27,520 INFO main - 
spaces navigation: [15]: {(CtAssignmentImpl| size: 73| compiles| LOCAL| INSERT_BEFORE) =2, (CtReturnImpl| size: 73| compiles| LOCAL| INSERT_BEFORE) =1, (CtLocalVariableImpl| size: 73| notcompiles| LOCAL| INSERT_BEFORE) =3, (CtInvocationImpl| size: 4| notcompiles| LOCAL| REPLACE) =2, (CtInvocationImpl| size: 4| alreadyanalyzed| LOCAL| REPLACE) =2, (CtReturnImpl| size: 73| notcompiles| LOCAL| INSERT_BEFORE) =1, (CtLocalVariableImpl| size: 73| compiles| LOCAL| INSERT_AFTER) =3, (CtLocalVariableImpl| size: 73| compiles| LOCAL| INSERT_BEFORE) =1, (CtIfImpl| size: 11| compiles| LOCAL| REPLACE) =1, (CtAssignmentImpl| size: 73| compiles| LOCAL| INSERT_AFTER) =2, (CtSwitchImpl| size: 73| compiles| LOCAL| INSERT_AFTER) =1, (CtIfImpl| size: 73| compiles| LOCAL| INSERT_AFTER) =1, (CtLocalVariableImpl| size: 11| compiles| LOCAL| REPLACE) =1, (CtAssignmentImpl| size: 73| notcompiles| LOCAL| INSERT_BEFORE) =1, (CtIfImpl| size: 73| notcompiles| LOCAL| INSERT_AFTER) =1}
#gen: 18
#patches: 1
#RightCompilation: 7
#WrongCompilation: 11
#FailingTestCaseExecution: 8
#RegressionTestExecution: 1
#TestcasesExecutedval1: 72
#TestcasesExecutedval2: 2789
#FailingTestCase: 9
#RegressionTestCases: 2789
#OfAppliedOp: 18
#NotAppliedOp: 0
#InmutatedGen: 1
#unfinishValidation: 0
#ing {CtLocalVariableImpl=7, CtSwitchImpl=1, CtReturnImpl=2, CtAssignmentImpl=6, CtInvocationImpl=1, CtIfImpl=2}
#untilcompile {1=9, 2=2, 4=1, 6=1}
2015-08-24 21:17:27,521 INFO main - Time Evolution(ms): 147164
2015-08-24 21:17:27,521 INFO fr.inria.main.AbstractMain - Time Total(ms): 367910


Node: griffon-11.nancy.grid5000.fr


Date: Mon Aug 24 23:17:27 CEST 2015


