/tmp/closure_45_NopolC
export PATH="/home/tdurieux/defects4j/framework/bin:$PATH";export JAVA_TOOL_OPTIONS=-Dfile.encoding=UTF8;export PATH="/usr/lib/jvm/java-1.7.0-openjdk-amd64/bin/:$PATH";cd /home/tdurieux/projects/closure/closure_45;defects4j compile;cp -r /home/tdurieux/projects/closure/closure_45 /tmp/closure_45_NopolC;cd /tmp/closure_45_NopolC;mkdir lib/;cp -r /home/tdurieux/defects4j/framework/projects/lib/* lib/;cp -r /home/tdurieux/defects4j/framework/projects/Closure/lib/* lib/;find . -type f -name "package-info.java" -delete;
cd /tmp/closure_45_NopolC;export JAVA_TOOL_OPTIONS=-Dfile.encoding=UTF8;export PATH="/usr/lib/jvm/java-1.7.0-openjdk-amd64/bin/:$PATH";cp -r /home/tdurieux/defects4j-repair/src/python/core/../../../libs/z3 lib/z3;time java -Xmx4096m -cp /home/tdurieux/defects4j-repair/src/python/core/../../..//libs/nopol.jar:/usr/lib/jvm/java-1.7.0-openjdk-amd64/bin//../lib/tools.jar fr.inria.lille.repair.Main --mode repair --type condition --oracle angelic --synthesis smt --solver z3 --solver-path /home/tdurieux/defects4j-repair/src/python/core/../../..//libs/z3/z3 --complianceLevel 6 --source /tmp/closure_45_NopolC/src/ --classpath /tmp/closure_45_NopolC/build/classes:/tmp/closure_45_NopolC/build/test:/tmp/closure_45_NopolC/build/lib/rhino.jar:/tmp/closure_45_NopolC/lib/ant.jar:/tmp/closure_45_NopolC/lib/ant-launcher.jar:/tmp/closure_45_NopolC/lib/args4j.jar:/tmp/closure_45_NopolC/lib/guava.jar:/tmp/closure_45_NopolC/lib/jarjar.jar:/tmp/closure_45_NopolC/lib/json.jar:/tmp/closure_45_NopolC/lib/jsr305.jar:/tmp/closure_45_NopolC/lib/junit.jar:/tmp/closure_45_NopolC/lib/caja-r4314.jar:/tmp/closure_45_NopolC/lib/protobuf-java.jar:/home/tdurieux/defects4j-repair/src/python/core/../../..//libs/nopol.jar;echo "

Node: `hostname`
";echo "
Date: `date`
";rm -rf /tmp/closure_45_NopolC;

Nb classes : 127
Nb methods : 1065
Nb statement executed by the passing tests of the patched line: 0
Nb statement executed by the failing tests of the patched line: 0
Nb statements: 40602
Nb unit tests : 7170
Nb Statements Analyzed : 19
Nb Statements with Angelic Value Found : 1
Nb inputs in SMT : 13
Nb SMT level: 4
Nb SMT components: [9] [== of arity: 2, != of arity: 2, < of arity: 2, <= of arity: 2, ! of arity: 1, || of arity: 2, && of arity: 2, + of arity: 2, - of arity: 2]
                  class java.lang.Boolean: 7
                  class java.lang.Number: 2
Nb variables in SMT : 30
Nb run failing test  : [2, 1]
Nb run passing test : [1, 22]
NoPol Execution time : 207471ms
----PATCH FOUND----
com.google.javascript.jscomp.RemoveUnusedVars:735: CONDITIONAL (((com.google.javascript.jscomp.RemoveUnusedVars.this.referenced.size()) != (com.google.javascript.jscomp.RemoveUnusedVars.this.allFunctionScopes.size() + com.google.javascript.jscomp.RemoveUnusedVars.this.maybeUnreferenced.size())) && (!(com.google.javascript.jscomp.RemoveUnusedVars.this.referenced.size() < com.google.javascript.jscomp.RemoveUnusedVars.this.maybeUnreferenced.size()))) || ((com.google.javascript.jscomp.RemoveUnusedVars.this.maybeUnreferenced.size()) - (-1) <= com.google.javascript.jscomp.RemoveUnusedVars.this.assignsByNode.size())


Node: griffon-6.nancy.grid5000.fr


Date: Mon May 16 20:14:39 CEST 2016


