export PATH="/home/tdurieux/defects4j/framework/bin:$PATH";export JAVA_TOOL_OPTIONS=-Dfile.encoding=UTF8;export PATH="/usr/lib/jvm/java-1.7.0-openjdk-amd64/bin/:$PATH";cp -r /home/tdurieux/projects/lang/lang_25 /tmp/lang_25_Genprog;cd /tmp/lang_25_Genprog;defects4j compile;mkdir lib/;cp -r /home/tdurieux/defects4j/framework/projects/lib/* lib/;cp -r /home/tdurieux/defects4j/framework/projects/Lang/lib/* lib/;find . -type f -name "package-info.java" -delete;
/home/tdurieux/defects4j-repair/src/python/core/../../../results/2015-august/Lang/25/Genprog/result
cd /tmp/lang_25_Genprog;export JAVA_TOOL_OPTIONS=-Dfile.encoding=UTF8;TZ="America/New_York"; export TZexport PATH="/usr/lib/jvm/java-1.7.0-openjdk-amd64/bin/:$PATH";time java  -cp /home/tdurieux/defects4j-repair/src/python/core/../../..//libs/astor.jar fr.inria.main.evolution.MainjGenProg -mode statement -location . -dependencies lib/ -failing org.apache.commons.lang3.text.translate.EntityArraysTest: -package org.apache.commons -jvm4testexecution /usr/lib/jvm/java-1.7.0-openjdk-amd64/bin/ -javacompliancelevel 5 -maxgen 1000000 -seed 10 -maxtime 60  -scope local  -stopfirst true -flthreshold 0.1 -population 1 -srcjavafolder src/main/java/ -srctestfolder src/test/java/ -binjavafolder target/classes/ -bintestfolder target/test-classes/;echo "

Node: `hostname`
";echo "
Date: `date`
";rm -rf /tmp/lang_25_Genprog;

2015-08-25 00:09:51,513 INFO main - End Repair Loops: NOT Found solution
2015-08-25 00:09:51,513 INFO main - 
Number solutions:0
2015-08-25 00:09:51,513 INFO main - 
All variants:
2015-08-25 00:09:51,513 INFO main - f 157.0, [Variant id: 340899, #gens: 1, #ops: 0, parent:-]
2015-08-25 00:09:51,513 INFO main - --Space: LOCAL
org.apache.commons.lang3.text.translate.EntityArrays=16|,
2015-08-25 00:09:51,513 INFO main - 
----stats: 
2015-08-25 00:09:51,513 INFO main - 
spaces navigation: [8]: {(CtReturnImpl| size: 16| compiles| LOCAL| INSERT_BEFORE) =2, (CtReturnImpl| size: 16| notcompiles| LOCAL| INSERT_BEFORE) =4, (CtReturnImpl| size: 16| alreadyanalyzed| LOCAL| INSERT_BEFORE) =681822, (CtReturnImpl| size: 16| alreadyanalyzed| LOCAL| INSERT_AFTER) =692437, (CtReturnImpl| size: 11| alreadyanalyzed| LOCAL| REPLACE) =466927, (CtReturnImpl| size: 16| compiles| LOCAL| INSERT_AFTER) =2, (CtReturnImpl| size: 16| notcompiles| LOCAL| INSERT_AFTER) =4, (CtReturnImpl| size: 11| notcompiles| LOCAL| REPLACE) =1}
#gen: 170449
#patches: 0
#RightCompilation: 2
#WrongCompilation: 42109
#FailingTestCaseExecution: 3
#RegressionTestExecution: 1
#TestcasesExecutedval1: 9
#TestcasesExecutedval2: 1821
#FailingTestCase: 3
#RegressionTestCases: 1821
#OfAppliedOp: 42111
#NotAppliedOp: 0
#InmutatedGen: 128338
#unfinishValidation: 0
#ing {CtReturnImpl=170449}
#untilcompile {16=85890, 1=1, 7=1, 10=1, 11=42448, 13=1}
2015-08-25 00:09:51,513 INFO main - Time Evolution(ms): 3661840
2015-08-25 00:09:51,513 INFO fr.inria.main.AbstractMain - Time Total(ms): 3695336


Node: griffon-2.nancy.grid5000.fr


Date: Tue Aug 25 02:09:52 CEST 2015


