export PATH="/home/tdurieux/defects4j/framework/bin:$PATH";export JAVA_TOOL_OPTIONS=-Dfile.encoding=UTF8;export PATH="/usr/lib/jvm/java-1.7.0-openjdk-amd64/bin/:$PATH";cp -r /home/tdurieux/projects/math/math_55 /tmp/math_55_Genprog;cd /tmp/math_55_Genprog;defects4j compile;mkdir lib/;cp -r /home/tdurieux/defects4j/framework/projects/lib/* lib/;cp -r /home/tdurieux/defects4j/framework/projects/Math/lib/* lib/;find . -type f -name "package-info.java" -delete;
/home/tdurieux/defects4j-repair/src/python/core/../../../results/2015-august/Math/55/Genprog/result
cd /tmp/math_55_Genprog;export JAVA_TOOL_OPTIONS=-Dfile.encoding=UTF8;export PATH="/usr/lib/jvm/java-1.7.0-openjdk-amd64/bin/:$PATH";time java  -cp /home/tdurieux/defects4j-repair/src/python/core/../../..//libs/astor.jar fr.inria.main.evolution.MainjGenProg -mode statement -location . -dependencies lib/ -failing org.apache.commons.math.geometry.Vector3DTest: -package org.apache.commons -jvm4testexecution /usr/lib/jvm/java-1.7.0-openjdk-amd64/bin/ -javacompliancelevel 5 -maxgen 1000000 -seed 10 -maxtime 60  -scope local  -stopfirst true -flthreshold 0.1 -population 1 -srcjavafolder src/main/java/ -srctestfolder src/test/java/ -binjavafolder target/classes/ -bintestfolder target/test-classes/;echo "

Node: `hostname`
";echo "
Date: `date`
";rm -rf /tmp/math_55_Genprog;

2015-08-24 22:14:54,154 INFO main - End Repair Loops: NOT Found solution
2015-08-24 22:14:54,154 INFO main - 
Number solutions:0
2015-08-24 22:14:54,154 INFO main - 
All variants:
2015-08-24 22:14:54,154 INFO main - f 1.0, [Variant id: 55807, #gens: 4, #ops: 0, parent:-]
2015-08-24 22:14:54,155 INFO main - --Space: LOCAL
org.apache.commons.math.geometry.Vector3D=100|,
2015-08-24 22:14:54,155 INFO main - 
----stats: 
2015-08-24 22:14:54,155 INFO main - 
spaces navigation: [9]: {(CtReturnImpl| size: 100| alreadyanalyzed| LOCAL| INSERT_AFTER) =1895828, (CtReturnImpl| size: 100| notcompiles| LOCAL| INSERT_BEFORE) =162, (CtReturnImpl| size: 37| compiles| LOCAL| REPLACE) =85, (CtReturnImpl| size: 37| notcompiles| LOCAL| REPLACE) =50, (CtReturnImpl| size: 37| alreadyanalyzed| LOCAL| REPLACE) =696969, (CtReturnImpl| size: 100| alreadyanalyzed| LOCAL| INSERT_BEFORE) =1882181, (CtReturnImpl| size: 100| notcompiles| LOCAL| INSERT_AFTER) =162, (CtReturnImpl| size: 100| compiles| LOCAL| INSERT_BEFORE) =177, (CtReturnImpl| size: 100| compiles| LOCAL| INSERT_AFTER) =177}
#gen: 27903
#patches: 0
#RightCompilation: 68
#WrongCompilation: 19063
#FailingTestCaseExecution: 69
#RegressionTestExecution: 0
#TestcasesExecutedval1: 1311
#TestcasesExecutedval2: 0
#FailingTestCase: 19
#RegressionTestCases: 0
#OfAppliedOp: 19131
#NotAppliedOp: 0
#InmutatedGen: 56587
#unfinishValidation: 0
#ing {CtReturnImpl=75718}
#untilcompile {1=86, 274=2564, 2=63, 3=41, 4=22, 5=14, 6=13, 7=11, 8=6, 9=5, 10=4, 11=6, 12=4, 13=4, 14=3, 17=2, 19=2, 20=2, 23=3, 24=1, 28=2, 30=1, 34=2, 35=1, 306=1, 38=9, 39=7, 37=1715, 42=3, 43=3, 40=5, 41=5, 46=2, 47=3, 44=3, 45=3, 51=1, 49=2, 55=1, 54=1, 53=1, 59=1, 56=1, 300=851, 62=1, 301=1, 61=1, 66=1, 337=3496, 76=2, 77=1, 79=1, 74=422, 85=1, 86=1, 80=1, 329=1, 102=8, 103=3, 100=3440, 101=14, 97=1, 110=2, 111=95, 108=2, 109=2, 106=2, 107=2, 104=3, 105=2, 119=1, 118=2, 117=1, 122=1, 121=1, 120=1, 137=1712, 139=2, 141=3, 140=3, 142=1, 400=1742, 153=2, 154=1, 155=1, 158=1, 146=2, 148=104, 151=2, 174=659, 189=1, 180=1, 201=1, 200=1693, 220=1, 214=1, 211=867, 237=1237, 249=1, 243=1}
2015-08-24 22:14:54,155 INFO main - Time Evolution(ms): 3660251
2015-08-24 22:14:54,155 INFO fr.inria.main.AbstractMain - Time Total(ms): 3825183


Node: griffon-18.nancy.grid5000.fr


Date: Tue Aug 25 00:14:54 CEST 2015


