Running ant (compile)...................................................... OK
Running ant (compile.tests)................................................ OK
Picked up JAVA_TOOL_OPTIONS: -Dfile.encoding=UTF8
java.lang.RuntimeException: java.util.concurrent.TimeoutException
	at xxl.java.junit.TestSuiteExecution.executionResult(TestSuiteExecution.java:97)
	at xxl.java.junit.TestSuiteExecution.runTestCase(TestSuiteExecution.java:36)
	at xxl.java.junit.TestSuiteExecution.runTestCases(TestSuiteExecution.java:81)
	at fr.inria.lille.repair.nopol.synth.ConstraintModelBuilder.buildFor(ConstraintModelBuilder.java:78)
	at fr.inria.lille.repair.nopol.synth.DefaultSynthesizer.buildPatch(DefaultSynthesizer.java:67)
	at fr.inria.lille.repair.nopol.NoPol.solveWithMultipleBuild(NoPol.java:185)
	at fr.inria.lille.repair.nopol.NoPol.build(NoPol.java:119)
	at fr.inria.lille.repair.nopol.NoPol.build(NoPol.java:89)
	at fr.inria.lille.repair.nopol.NoPolLauncher.launch(NoPolLauncher.java:84)
	at fr.inria.lille.repair.Main.main(Main.java:61)
Caused by: java.util.concurrent.TimeoutException
	at java.util.concurrent.FutureTask.get(FutureTask.java:201)
	at xxl.java.junit.TestSuiteExecution.executionResult(TestSuiteExecution.java:90)
	... 9 more
Exception in thread "main" java.lang.OutOfMemoryError: GC overhead limit exceeded
	at java.util.Collections.unmodifiableList(Collections.java:1190)
	at spoon.support.reflect.declaration.CtElementImpl.getComments(CtElementImpl.java:517)
	at spoon.reflect.visitor.CtScanner.visitCtTypeReference(CtScanner.java:732)
	at spoon.support.reflect.reference.CtTypeReferenceImpl.accept(CtTypeReferenceImpl.java:66)
	at spoon.reflect.visitor.CtScanner.scan(CtScanner.java:146)
	at spoon.reflect.visitor.EarlyTerminatingScanner.scan(EarlyTerminatingScanner.java:53)
	at spoon.reflect.visitor.CtScanner.visitCtTypeReference(CtScanner.java:729)
	at spoon.support.reflect.reference.CtTypeReferenceImpl.accept(CtTypeReferenceImpl.java:66)
	at spoon.reflect.visitor.CtScanner.scan(CtScanner.java:146)
	at spoon.reflect.visitor.EarlyTerminatingScanner.scan(EarlyTerminatingScanner.java:53)
	at spoon.reflect.visitor.CtScanner.visitCtThisAccess(CtScanner.java:409)
	at spoon.support.reflect.code.CtThisAccessImpl.accept(CtThisAccessImpl.java:28)
	at spoon.reflect.visitor.CtScanner.scan(CtScanner.java:146)
	at spoon.reflect.visitor.EarlyTerminatingScanner.scan(EarlyTerminatingScanner.java:53)
	at spoon.reflect.visitor.CtScanner.visitCtFieldRead(CtScanner.java:819)
	at spoon.support.reflect.code.CtFieldReadImpl.accept(CtFieldReadImpl.java:27)
	at spoon.reflect.visitor.CtScanner.scan(CtScanner.java:146)
	at spoon.reflect.visitor.EarlyTerminatingScanner.scan(EarlyTerminatingScanner.java:53)
	at spoon.reflect.visitor.CtScanner.scan(CtScanner.java:135)
	at spoon.reflect.visitor.EarlyTerminatingScanner.scan(EarlyTerminatingScanner.java:45)
	at spoon.reflect.visitor.CtScanner.visitCtInvocation(CtScanner.java:485)
	at spoon.support.reflect.code.CtInvocationImpl.accept(CtInvocationImpl.java:48)
	at spoon.reflect.visitor.CtScanner.scan(CtScanner.java:146)
	at spoon.reflect.visitor.EarlyTerminatingScanner.scan(EarlyTerminatingScanner.java:53)
	at spoon.reflect.visitor.CtScanner.visitCtLocalVariable(CtScanner.java:504)
	at spoon.support.compiler.jdt.JDTTreeBuilder$1.visitCtLocalVariable(JDTTreeBuilder.java:2020)
	at spoon.support.reflect.code.CtLocalVariableImpl.accept(CtLocalVariableImpl.java:48)
	at spoon.reflect.visitor.CtScanner.scan(CtScanner.java:146)
	at spoon.reflect.visitor.EarlyTerminatingScanner.scan(EarlyTerminatingScanner.java:53)
	at spoon.reflect.visitor.CtScanner.scan(CtScanner.java:135)
	at spoon.reflect.visitor.EarlyTerminatingScanner.scan(EarlyTerminatingScanner.java:45)
	at spoon.reflect.visitor.CtScanner.visitCtBlock(CtScanner.java:280)

real	40m43.319s
user	299m38.676s
sys	0m59.620s
