cd /tmp/time_16_Brutpol;export JAVA_TOOL_OPTIONS=-Dfile.encoding=UTF8;TZ="America/New_York"; export TZexport PATH="/usr/lib/jvm/java-1.7.0-openjdk-amd64/bin/:$PATH";cp -r /home/tdurieux/dynamoth-experiments/src/python/core/../../../libs/z3 lib/z3;time java -d64 -Xmx4g -Xms1g -XX:MaxPermSize=1024m -XX:+UseConcMarkSweepGC -XX:+CMSPermGenSweepingEnabled -XX:+CMSClassUnloadingEnabled -cp /home/tdurieux/dynamoth-experiments/src/python/core/../../..//libs/nopol.jar:/usr/lib/jvm/java-1.7.0-openjdk-amd64/bin//../lib/tools.jar fr.inria.lille.repair.Main --flocal gzoltar  --maxTime 300  --json  --mode repair --type pre_then_cond --oracle angelic --synthesis dynamoth --solver z3 --solver-path /home/tdurieux/dynamoth-experiments/src/python/core/../../..//libs/z3/z3 --complianceLevel 5 --source /tmp/time_16_Brutpol/src/main/java/ --classpath /tmp/time_16_Brutpol/build/classes/:/tmp/time_16_Brutpol/build/tests/:/tmp/time_16_Brutpol/lib/joda-convert-1.2.jar:/home/tdurieux/dynamoth-experiments/src/python/core/../../..//libs/nopol.jar;echo "

Node: `hostname`
";echo "
Date: `date`
";

12:53:29.079 [pool-2-thread-1] INFO  fr.inria.lille.repair.nopol.NoPol - Nb classes : 156
12:53:29.079 [pool-2-thread-1] INFO  fr.inria.lille.repair.nopol.NoPol - Nb methods : 2872
12:53:29.079 [pool-2-thread-1] INFO  fr.inria.lille.repair.nopol.NoPol - Nb Statements Analyzed : 11
12:53:29.079 [pool-2-thread-1] INFO  fr.inria.lille.repair.nopol.NoPol - Nb Statements with Angelic Value Found : 1
12:53:29.080 [pool-2-thread-1] INFO  fr.inria.lille.repair.nopol.NoPol - NoPol Execution time : 67511ms
12:53:29.080 [pool-2-thread-1] INFO  fr.inria.lille.repair.nopol.NoPol - ----PATCH FOUND----
12:53:29.080 [pool-2-thread-1] INFO  fr.inria.lille.repair.nopol.NoPol - resetFields
12:53:29.447 [pool-2-thread-1] INFO  fr.inria.lille.repair.nopol.NoPol - Nb test that executes the patch: 54
12:53:29.448 [pool-2-thread-1] INFO  fr.inria.lille.repair.nopol.NoPol - org.joda.time.format.DateTimeParserBucket:358: PRECONDITION
12:53:29.476 [pool-2-thread-1] INFO  fr.inria.lille.repair.nopol.NoPol - --- /tmp/time_16_Brutpol/src/main/java/org/joda/time/format/DateTimeParserBucket.java
+++ /tmp/time_16_Brutpol/src/main/java/org/joda/time/format/DateTimeParserBucket.java
@@ -357,3 +357,5 @@
                 saveField(DateTimeFieldType.year(), iDefaultYear);
-                return computeMillis(resetFields, text);
+                if (resetFields) {
+                    return computeMillis(resetFields, text);
+                }
             }



Node: griffon-24.nancy.grid5000.fr


Date: Sat Mar  4 13:53:30 CET 2017


