export PATH="/home/tdurieux/defects4j/framework/bin:$PATH";export JAVA_TOOL_OPTIONS=-Dfile.encoding=UTF8;export PATH="/usr/lib/jvm/java-1.7.0-openjdk-amd64/bin/:$PATH";cp -r /home/tdurieux/projects/math/math_24 /tmp/math_24_Genprog;cd /tmp/math_24_Genprog;defects4j compile;mkdir lib/;cp -r /home/tdurieux/defects4j/framework/projects/lib/* lib/;cp -r /home/tdurieux/defects4j/framework/projects/Math/lib/* lib/;find . -type f -name "package-info.java" -delete;
/home/tdurieux/defects4j-repair/src/python/core/../../../results/2015-august/Math/24/Genprog/result
cd /tmp/math_24_Genprog;export JAVA_TOOL_OPTIONS=-Dfile.encoding=UTF8;export PATH="/usr/lib/jvm/java-1.7.0-openjdk-amd64/bin/:$PATH";time java  -cp /home/tdurieux/defects4j-repair/src/python/core/../../..//libs/astor.jar fr.inria.main.evolution.MainjGenProg -mode statement -location . -dependencies lib/ -failing org.apache.commons.math3.optimization.univariate.BrentOptimizerTest: -package org.apache.commons -jvm4testexecution /usr/lib/jvm/java-1.7.0-openjdk-amd64/bin/ -javacompliancelevel 5 -maxgen 1000000 -seed 10 -maxtime 60  -scope local  -stopfirst true -flthreshold 0.1 -population 1 -srcjavafolder src/main/java/ -srctestfolder src/test/java/ -binjavafolder target/classes/ -bintestfolder target/test-classes/;echo "

Node: `hostname`
";echo "
Date: `date`
";rm -rf /tmp/math_24_Genprog;

2015-08-24 22:30:16,237 INFO main - End Repair Loops: NOT Found solution
2015-08-24 22:30:16,237 INFO main - 
Number solutions:0
2015-08-24 22:30:16,237 INFO main - 
All variants:
2015-08-24 22:30:16,237 INFO main - f 1.0, [Variant id: 937, #gens: 126, #ops: 0, parent:-]
2015-08-24 22:30:16,237 INFO main - --Space: LOCAL
org.apache.commons.math3.optimization.univariate.BaseAbstractUnivariateOptimizer=25|,org.apache.commons.math3.optimization.univariate.BrentOptimizer=108|,org.apache.commons.math3.analysis.FunctionUtils=130|,org.apache.commons.math3.analysis.function.StepFunction=18|,org.apache.commons.math3.util.MathArrays=354|,org.apache.commons.math3.optimization.univariate.UnivariatePointValuePair=5|,org.apache.commons.math3.analysis.function.Sin=4|,
2015-08-24 22:30:16,237 INFO main - 
----stats: 
2015-08-24 22:30:16,238 INFO main - 
spaces navigation: [94]: {(CtLocalVariableImpl| size: 27| compiles| LOCAL| REPLACE) =34, (CtReturnImpl| size: 108| alreadyanalyzed| LOCAL| INSERT_AFTER) =2, (CtIfImpl| size: 22| notcompiles| LOCAL| REPLACE) =5, (CtReturnImpl| size: 25| compiles| LOCAL| INSERT_AFTER) =6, (CtIfImpl| size: 108| alreadyanalyzed| LOCAL| INSERT_AFTER) =2, (CtUnaryOperatorImpl| size: 108| compiles| LOCAL| INSERT_AFTER) =2, (CtReturnImpl| size: 108| compiles| LOCAL| INSERT_BEFORE) =1, (CtIfImpl| size: 108| alreadyanalyzed| LOCAL| INSERT_BEFORE) =1, (CtReturnImpl| size: 130| notcompiles| LOCAL| INSERT_AFTER) =9, (CtLocalVariableImpl| size: 354| compiles| LOCAL| INSERT_AFTER) =1, (CtReturnImpl| size: 44| compiles| LOCAL| REPLACE) =2, (CtReturnImpl| size: 18| notcompiles| LOCAL| INSERT_AFTER) =2, (CtReturnImpl| size: 5| compiles| LOCAL| INSERT_AFTER) =3, (CtReturnImpl| size: 130| alreadyanalyzed| LOCAL| INSERT_AFTER) =3, (CtAssignmentImpl| size: 6| compiles| LOCAL| REPLACE) =7, (CtIfImpl| size: 5| compiles| LOCAL| REPLACE) =1, (CtAssignmentImpl| size: 108| notcompiles| LOCAL| INSERT_AFTER) =12, (CtInvocationImpl| size: 25| compiles| LOCAL| INSERT_AFTER) =3, (CtReturnImpl| size: 4| compiles| LOCAL| INSERT_BEFORE) =1, (CtLocalVariableImpl| size: 108| alreadyanalyzed| LOCAL| INSERT_AFTER) =3, (CtIfImpl| size: 18| compiles| LOCAL| INSERT_AFTER) =5, (CtReturnImpl| size: 354| notcompiles| LOCAL| INSERT_AFTER) =5, (CtReturnImpl| size: 10| compiles| LOCAL| REPLACE) =7, (CtLocalVariableImpl| size: 108| compiles| LOCAL| INSERT_BEFORE) =18, (CtAssignmentImpl| size: 5| compiles| LOCAL| REPLACE) =1, (CtReturnImpl| size: 18| compiles| LOCAL| INSERT_BEFORE) =4, (CtUnaryOperatorImpl| size: 4| compiles| LOCAL| REPLACE) =1, (CtIfImpl| size: 18| notcompiles| LOCAL| INSERT_AFTER) =5, (CtLocalVariableImpl| size: 18| notcompiles| LOCAL| INSERT_BEFORE) =7, (CtIfImpl| size: 108| notcompiles| LOCAL| INSERT_BEFORE) =7, (CtReturnImpl| size: 25| notcompiles| LOCAL| INSERT_AFTER) =4, (CtReturnImpl| size: 354| compiles| LOCAL| INSERT_AFTER) =4, (CtLocalVariableImpl| size: 108| compiles| LOCAL| INSERT_AFTER) =23, (CtLocalVariableImpl| size: 108| notcompiles| LOCAL| INSERT_AFTER) =31, (CtReturnImpl| size: 44| notcompiles| LOCAL| REPLACE) =1, (CtInvocationImpl| size: 354| compiles| LOCAL| INSERT_BEFORE) =1, (CtLocalVariableImpl| size: 108| notcompiles| LOCAL| INSERT_BEFORE) =32, (CtInvocationImpl| size: 17| notcompiles| LOCAL| REPLACE) =9, (CtAssignmentImpl| size: 108| alreadyanalyzed| LOCAL| INSERT_AFTER) =1, (CtReturnImpl| size: 5| alreadyanalyzed| LOCAL| INSERT_AFTER) =3, (CtAssignmentImpl| size: 18| compiles| LOCAL| INSERT_BEFORE) =3, (CtIfImpl| size: 108| notcompiles| LOCAL| INSERT_AFTER) =12, (CtAssignmentImpl| size: 47| alreadyanalyzed| LOCAL| REPLACE) =1, (CtAssignmentImpl| size: 5| alreadyanalyzed| LOCAL| REPLACE) =5, (CtReturnImpl| size: 108| notcompiles| LOCAL| INSERT_BEFORE) =3, (CtReturnImpl| size: 25| compiles| LOCAL| INSERT_BEFORE) =8, (CtInvocationImpl| size: 4| compiles| LOCAL| REPLACE) =1, (CtAssignmentImpl| size: 108| compiles| LOCAL| INSERT_BEFORE) =50, (CtUnaryOperatorImpl| size: 108| notcompiles| LOCAL| INSERT_AFTER) =2, (CtIfImpl| size: 25| alreadyanalyzed| LOCAL| INSERT_AFTER) =1, (CtLocalVariableImpl| size: 108| alreadyanalyzed| LOCAL| INSERT_BEFORE) =2, (CtAssignmentImpl| size: 25| compiles| LOCAL| INSERT_AFTER) =3, (CtIfImpl| size: 18| alreadyanalyzed| LOCAL| INSERT_AFTER) =3, (CtInvocationImpl| size: 25| compiles| LOCAL| INSERT_BEFORE) =1, (CtLocalVariableImpl| size: 18| notcompiles| LOCAL| INSERT_AFTER) =8, (CtAssignmentImpl| size: 108| alreadyanalyzed| LOCAL| INSERT_BEFORE) =3, (CtLocalVariableImpl| size: 2| alreadyanalyzed| LOCAL| REPLACE) =4, (CtIfImpl| size: 25| compiles| LOCAL| INSERT_AFTER) =2, (CtIfImpl| size: 18| notcompiles| LOCAL| INSERT_BEFORE) =2, (CtIfImpl| size: 18| compiles| LOCAL| INSERT_BEFORE) =3, (CtLocalVariableImpl| size: 18| alreadyanalyzed| LOCAL| INSERT_AFTER) =7, (CtIfImpl| size: 108| compiles| LOCAL| INSERT_AFTER) =18, (CtReturnImpl| size: 10| alreadyanalyzed| LOCAL| REPLACE) =1, (CtReturnImpl| size: 108| compiles| LOCAL| INSERT_AFTER) =2, (CtUnaryOperatorImpl| size: 108| compiles| LOCAL| INSERT_BEFORE) =3, (CtReturnImpl| size: 5| alreadyanalyzed| LOCAL| INSERT_BEFORE) =3, (CtLocalVariableImpl| size: 18| compiles| LOCAL| INSERT_AFTER) =3, (CtAssignmentImpl| size: 25| notcompiles| LOCAL| INSERT_AFTER) =1, (CtAssignmentImpl| size: 108| compiles| LOCAL| INSERT_AFTER) =40, (CtAssignmentImpl| size: 47| compiles| LOCAL| REPLACE) =35, (CtReturnImpl| size: 18| alreadyanalyzed| LOCAL| INSERT_BEFORE) =3, (CtReturnImpl| size: 25| notcompiles| LOCAL| INSERT_BEFORE) =7, (CtInvocationImpl| size: 25| notcompiles| LOCAL| INSERT_AFTER) =1, (CtReturnImpl| size: 18| alreadyanalyzed| LOCAL| INSERT_AFTER) =1, (CtAssignmentImpl| size: 5| notcompiles| LOCAL| REPLACE) =2, (CtAssignmentImpl| size: 18| notcompiles| LOCAL| INSERT_BEFORE) =1, (CtLocalVariableImpl| size: 18| compiles| LOCAL| INSERT_BEFORE) =3, (CtLocalVariableImpl| size: 18| alreadyanalyzed| LOCAL| INSERT_BEFORE) =7, (CtIfImpl| size: 22| compiles| LOCAL| REPLACE) =18, (CtAssignmentImpl| size: 25| compiles| LOCAL| INSERT_BEFORE) =7, (CtReturnImpl| size: 18| compiles| LOCAL| INSERT_AFTER) =1, (CtAssignmentImpl| size: 18| compiles| LOCAL| INSERT_AFTER) =2, (CtReturnImpl| size: 5| compiles| LOCAL| INSERT_BEFORE) =2, (CtAssignmentImpl| size: 47| notcompiles| LOCAL| REPLACE) =14, (CtReturnImpl| size: 25| alreadyanalyzed| LOCAL| INSERT_AFTER) =2, (CtIfImpl| size: 22| alreadyanalyzed| LOCAL| REPLACE) =5, (CtReturnImpl| size: 130| compiles| LOCAL| INSERT_AFTER) =4, (CtReturnImpl| size: 108| notcompiles| LOCAL| INSERT_AFTER) =3, (CtAssignmentImpl| size: 108| notcompiles| LOCAL| INSERT_BEFORE) =11, (CtReturnImpl| size: 1| alreadyanalyzed| LOCAL| REPLACE) =1, (CtReturnImpl| size: 18| notcompiles| LOCAL| INSERT_BEFORE) =4, (CtIfImpl| size: 108| compiles| LOCAL| INSERT_BEFORE) =14, (CtInvocationImpl| size: 17| alreadyanalyzed| LOCAL| REPLACE) =8, (CtReturnImpl| size: 10| notcompiles| LOCAL| REPLACE) =1}
#gen: 468
#patches: 0
#RightCompilation: 240
#WrongCompilation: 228
#FailingTestCaseExecution: 241
#RegressionTestExecution: 12
#TestcasesExecutedval1: 2133
#TestcasesExecutedval2: 47328
#FailingTestCase: 9
#RegressionTestCases: 3944
#OfAppliedOp: 468
#NotAppliedOp: 0
#InmutatedGen: 49
#unfinishValidation: 0
#ing {CtLocalVariableImpl=123, CtForImpl=14, CtReturnImpl=68, CtAssignmentImpl=187, CtOperatorAssignmentImpl=11, CtInvocationImpl=25, CtIfImpl=82, CtUnaryOperatorImpl=7}
#untilcompile {1=240, 2=54, 18=1, 3=23, 4=12, 5=3, 6=3, 7=6, 8=1, 9=1, 10=2, 13=2}
2015-08-24 22:30:16,238 INFO main - Time Evolution(ms): 3781840
2015-08-24 22:30:16,238 INFO fr.inria.main.AbstractMain - Time Total(ms): 4416857


Node: griffon-15.nancy.grid5000.fr


Date: Tue Aug 25 00:30:16 CEST 2015


