export PATH="/home/tdurieux/defects4j/framework/bin:$PATH";export JAVA_TOOL_OPTIONS=-Dfile.encoding=UTF8;export PATH="/usr/lib/jvm/java-1.7.0-openjdk-amd64/bin/:$PATH";cp -r /home/tdurieux/projects/math/math_34 /tmp/math_34_Genprog;cd /tmp/math_34_Genprog;defects4j compile;mkdir lib/;cp -r /home/tdurieux/defects4j/framework/projects/lib/* lib/;cp -r /home/tdurieux/defects4j/framework/projects/Math/lib/* lib/;find . -type f -name "package-info.java" -delete;
/home/tdurieux/defects4j-repair/src/python/core/../../../results/2015-august/Math/34/Genprog/result
cd /tmp/math_34_Genprog;export JAVA_TOOL_OPTIONS=-Dfile.encoding=UTF8;export PATH="/usr/lib/jvm/java-1.7.0-openjdk-amd64/bin/:$PATH";time java  -cp /home/tdurieux/defects4j-repair/src/python/core/../../..//libs/astor.jar fr.inria.main.evolution.MainjGenProg -mode statement -location . -dependencies lib/ -failing org.apache.commons.math3.genetics.ListPopulationTest: -package org.apache.commons -jvm4testexecution /usr/lib/jvm/java-1.7.0-openjdk-amd64/bin/ -javacompliancelevel 5 -maxgen 1000000 -seed 10 -maxtime 60  -scope local  -stopfirst true -flthreshold 0.1 -population 1 -srcjavafolder src/main/java/ -srctestfolder src/test/java/ -binjavafolder target/classes/ -bintestfolder target/test-classes/;echo "

Node: `hostname`
";echo "
Date: `date`
";rm -rf /tmp/math_34_Genprog;

2015-08-24 22:25:19,814 INFO main - End Repair Loops: NOT Found solution
2015-08-24 22:25:19,814 INFO main - 
Number solutions:0
2015-08-24 22:25:19,814 INFO main - 
All variants:
2015-08-24 22:25:19,814 INFO main - f 1.0, [Variant id: 44101, #gens: 10, #ops: 0, parent:-]
2015-08-24 22:25:19,814 INFO main - --Space: LOCAL
org.apache.commons.math3.genetics.BinaryChromosome=20|,org.apache.commons.math3.genetics.ListPopulation=39|,org.apache.commons.math3.genetics.GeneticAlgorithm=37|,
2015-08-24 22:25:19,814 INFO main - 
----stats: 
2015-08-24 22:25:19,814 INFO main - 
spaces navigation: [83]: {(CtIfImpl| size: 20| alreadyanalyzed| LOCAL| INSERT_BEFORE) =34362, (CtIfImpl| size: 20| notcompiles| LOCAL| INSERT_BEFORE) =11, (CtReturnImpl| size: 39| notcompiles| LOCAL| INSERT_AFTER) =8, (CtForEachImpl| size: 20| notcompiles| LOCAL| INSERT_BEFORE) =12, (CtIfImpl| size: 10| notcompiles| LOCAL| REPLACE) =1, (CtReturnImpl| size: 20| alreadyanalyzed| LOCAL| INSERT_AFTER) =36378, (CtIfImpl| size: 39| compiles| LOCAL| INSERT_AFTER) =23, (CtLocalVariableImpl| size: 20| notcompiles| LOCAL| INSERT_BEFORE) =13, (CtInvocationImpl| size: 7| alreadyanalyzed| LOCAL| REPLACE) =19777, (CtInvocationImpl| size: 3| alreadyanalyzed| LOCAL| REPLACE) =5282, (CtReturnImpl| size: 37| alreadyanalyzed| LOCAL| INSERT_AFTER) =61284, (CtReturnImpl| size: 39| alreadyanalyzed| LOCAL| INSERT_BEFORE) =112283, (CtIfImpl| size: 4| notcompiles| LOCAL| REPLACE) =3, (CtForImpl| size: 20| notcompiles| LOCAL| INSERT_AFTER) =10, (CtIfImpl| size: 39| compiles| LOCAL| INSERT_BEFORE) =23, (CtIfImpl| size: 39| alreadyanalyzed| LOCAL| INSERT_AFTER) =96181, (CtReturnImpl| size: 7| alreadyanalyzed| LOCAL| REPLACE) =19859, (CtReturnImpl| size: 20| compiles| LOCAL| INSERT_AFTER) =5, (CtForImpl| size: 20| compiles| LOCAL| INSERT_AFTER) =6, (CtInvocationImpl| size: 20| notcompiles| LOCAL| INSERT_BEFORE) =11, (CtForEachImpl| size: 20| compiles| LOCAL| INSERT_BEFORE) =4, (CtForImpl| size: 20| notcompiles| LOCAL| INSERT_BEFORE) =10, (CtReturnImpl| size: 7| compiles| LOCAL| REPLACE) =5, (CtReturnImpl| size: 20| notcompiles| LOCAL| INSERT_BEFORE) =11, (CtReturnImpl| size: 39| alreadyanalyzed| LOCAL| INSERT_AFTER) =112752, (CtForImpl| size: 20| compiles| LOCAL| INSERT_BEFORE) =6, (CtReturnImpl| size: 39| notcompiles| LOCAL| INSERT_BEFORE) =8, (CtLocalVariableImpl| size: 20| compiles| LOCAL| INSERT_AFTER) =3, (CtLocalVariableImpl| size: 2| compiles| LOCAL| REPLACE) =1, (CtInvocationImpl| size: 7| compiles| LOCAL| REPLACE) =5, (CtInvocationImpl| size: 20| compiles| LOCAL| INSERT_BEFORE) =5, (CtForEachImpl| size: 20| compiles| LOCAL| INSERT_AFTER) =4, (CtIfImpl| size: 20| compiles| LOCAL| INSERT_AFTER) =5, (CtReturnImpl| size: 20| alreadyanalyzed| LOCAL| INSERT_BEFORE) =37147, (CtReturnImpl| size: 9| compiles| LOCAL| REPLACE) =6, (CtReturnImpl| size: 5| compiles| LOCAL| REPLACE) =2, (CtInvocationImpl| size: 20| alreadyanalyzed| LOCAL| INSERT_BEFORE) =36767, (CtForImpl| size: 2| alreadyanalyzed| LOCAL| REPLACE) =3797, (CtInvocationImpl| size: 20| compiles| LOCAL| INSERT_AFTER) =5, (CtForEachImpl| size: 1| alreadyanalyzed| LOCAL| REPLACE) =1684, (CtForEachImpl| size: 20| alreadyanalyzed| LOCAL| INSERT_BEFORE) =34251, (CtInvocationImpl| size: 39| compiles| LOCAL| INSERT_BEFORE) =23, (CtInvocationImpl| size: 7| notcompiles| LOCAL| REPLACE) =1, (CtReturnImpl| size: 39| compiles| LOCAL| INSERT_AFTER) =21, (CtReturnImpl| size: 20| compiles| LOCAL| INSERT_BEFORE) =5, (CtForImpl| size: 2| notcompiles| LOCAL| REPLACE) =1, (CtLocalVariableImpl| size: 20| alreadyanalyzed| LOCAL| INSERT_BEFORE) =37311, (CtInvocationImpl| size: 39| compiles| LOCAL| INSERT_AFTER) =23, (CtForEachImpl| size: 20| notcompiles| LOCAL| INSERT_AFTER) =12, (CtInvocationImpl| size: 20| notcompiles| LOCAL| INSERT_AFTER) =11, (CtLocalVariableImpl| size: 20| compiles| LOCAL| INSERT_BEFORE) =3, (CtReturnImpl| size: 37| compiles| LOCAL| INSERT_AFTER) =20, (CtReturnImpl| size: 37| compiles| LOCAL| INSERT_BEFORE) =20, (CtIfImpl| size: 20| compiles| LOCAL| INSERT_BEFORE) =5, (CtLocalVariableImpl| size: 2| alreadyanalyzed| LOCAL| REPLACE) =3594, (CtInvocationImpl| size: 3| notcompiles| LOCAL| REPLACE) =1, (CtForEachImpl| size: 20| alreadyanalyzed| LOCAL| INSERT_AFTER) =33821, (CtReturnImpl| size: 37| notcompiles| LOCAL| INSERT_BEFORE) =16, (CtReturnImpl| size: 20| notcompiles| LOCAL| INSERT_AFTER) =11, (CtIfImpl| size: 20| notcompiles| LOCAL| INSERT_AFTER) =11, (CtReturnImpl| size: 39| compiles| LOCAL| INSERT_BEFORE) =21, (CtInvocationImpl| size: 39| alreadyanalyzed| LOCAL| INSERT_AFTER) =111703, (CtReturnImpl| size: 5| alreadyanalyzed| LOCAL| REPLACE) =9140, (CtForImpl| size: 20| alreadyanalyzed| LOCAL| INSERT_AFTER) =37295, (CtInvocationImpl| size: 39| alreadyanalyzed| LOCAL| INSERT_BEFORE) =111865, (CtInvocationImpl| size: 20| alreadyanalyzed| LOCAL| INSERT_AFTER) =36695, (CtIfImpl| size: 39| notcompiles| LOCAL| INSERT_AFTER) =6, (CtIfImpl| size: 39| alreadyanalyzed| LOCAL| INSERT_BEFORE) =101543, (CtIfImpl| size: 39| notcompiles| LOCAL| INSERT_BEFORE) =6, (CtIfImpl| size: 10| compiles| LOCAL| REPLACE) =6, (CtReturnImpl| size: 9| notcompiles| LOCAL| REPLACE) =2, (CtForImpl| size: 20| alreadyanalyzed| LOCAL| INSERT_BEFORE) =35383, (CtInvocationImpl| size: 39| notcompiles| LOCAL| INSERT_BEFORE) =6, (CtLocalVariableImpl| size: 20| notcompiles| LOCAL| INSERT_AFTER) =13, (CtReturnImpl| size: 37| notcompiles| LOCAL| INSERT_AFTER) =16, (CtInvocationImpl| size: 39| notcompiles| LOCAL| INSERT_AFTER) =6, (CtIfImpl| size: 4| alreadyanalyzed| LOCAL| REPLACE) =6725, (CtReturnImpl| size: 7| notcompiles| LOCAL| REPLACE) =1, (CtLocalVariableImpl| size: 20| alreadyanalyzed| LOCAL| INSERT_AFTER) =36875, (CtReturnImpl| size: 37| alreadyanalyzed| LOCAL| INSERT_BEFORE) =59354, (CtIfImpl| size: 10| alreadyanalyzed| LOCAL| REPLACE) =26196, (CtReturnImpl| size: 9| alreadyanalyzed| LOCAL| REPLACE) =15010, (CtIfImpl| size: 20| alreadyanalyzed| LOCAL| INSERT_AFTER) =33175}
#gen: 22050
#patches: 0
#RightCompilation: 12556
#WrongCompilation: 8276
#FailingTestCaseExecution: 12557
#RegressionTestExecution: 0
#TestcasesExecutedval1: 125570
#TestcasesExecutedval2: 0
#FailingTestCase: 10
#RegressionTestCases: 0
#OfAppliedOp: 20832
#NotAppliedOp: 0
#InmutatedGen: 61884
#unfinishValidation: 0
#ing {CtLocalVariableImpl=7326, CtForImpl=7316, CtForEachImpl=6773, CtReturnImpl=25427, CtInvocationImpl=18785, CtIfImpl=17089}
#untilcompile {1=154, 2=236, 3=135, 4=126, 5=138, 6=15, 7=472, 8=18, 9=148, 10=208, 11=39, 12=43, 13=15, 14=39, 15=17, 17=51, 16=33, 19=16, 18=11, 21=42, 20=1153, 23=55, 22=82, 25=60, 24=39, 27=263, 26=12, 29=84, 28=17, 31=30, 30=100, 34=37, 35=11, 32=32, 33=5, 38=13, 39=1349, 36=20, 37=210, 42=93, 43=78, 40=284, 41=143, 46=195, 47=135, 44=112, 45=31, 51=47, 50=85, 49=145, 48=95, 55=26, 54=25, 53=42, 52=38, 59=704, 58=27, 57=102, 56=37, 63=52, 62=52, 61=88, 60=99, 68=83, 69=125, 70=36, 71=49, 64=92, 65=19, 66=171, 67=68, 76=147, 77=57, 78=299, 79=248, 72=15, 73=24, 74=37, 75=32, 85=62, 84=54, 87=43, 86=123, 81=82, 80=77, 83=62, 82=55, 93=34, 92=23, 95=22, 94=32, 89=73, 88=81, 91=30, 90=62, 102=63, 103=84, 100=62, 101=64, 98=323, 99=103, 96=104, 97=40, 110=50, 111=31, 108=80, 109=41, 106=77, 107=61, 104=40, 105=77, 119=54, 118=181, 117=87, 116=83, 115=66, 114=33, 113=39, 112=25, 127=56, 126=54, 125=59, 124=23, 123=57, 122=51, 121=39, 120=43, 137=80, 136=39, 139=52, 138=83, 141=34, 140=38, 143=36, 142=52, 129=45, 128=58, 131=30, 130=38, 133=33, 132=19, 135=72, 134=30, 152=23, 153=27, 154=33, 155=62, 156=26, 157=64, 158=52, 159=39, 144=24, 145=72, 146=48, 147=33, 148=56, 149=26, 150=37, 151=23, 171=27, 170=27, 169=22, 168=25, 175=34, 174=39, 173=13, 172=16, 163=40, 162=50, 161=29, 160=38, 167=34, 166=32, 165=53, 164=27, 186=20, 187=30, 184=18, 185=40, 190=22, 191=25, 188=14, 189=18, 178=37, 179=47, 176=26, 177=55, 182=43, 183=20, 180=38, 181=34, 205=28, 204=10, 207=28, 206=30, 201=12, 200=21, 203=7, 202=14, 197=33, 196=37, 199=22, 198=28, 193=26, 192=23, 195=39, 194=53, 220=8, 221=10, 222=16, 223=27, 216=12, 217=13, 218=14, 219=21, 212=16, 213=26, 214=41, 215=5, 208=25, 209=34, 210=28, 211=13, 239=23, 238=15, 237=21, 236=4, 235=3, 234=14, 231=8, 230=6, 229=10, 228=16, 227=29, 226=27, 225=14, 224=30, 254=9, 255=10, 246=9, 245=14, 242=24, 243=5, 240=15, 241=17, 274=20, 258=7, 259=10, 256=22, 257=6}
2015-08-24 22:25:19,815 INFO main - Time Evolution(ms): 3660043
2015-08-24 22:25:19,815 INFO fr.inria.main.AbstractMain - Time Total(ms): 4262450


Node: griffon-58.nancy.grid5000.fr


Date: Tue Aug 25 00:25:20 CEST 2015


