Running ant (compile)...................................................... OK
Running ant (compile.tests)................................................ OK
mkdir: cannot create directory ‘lib/’: File exists
cp: cannot stat ‘/home/tdurieux/defects4j/framework/projects/Closure/lib/*’: No such file or directory
Picked up JAVA_TOOL_OPTIONS: -Dfile.encoding=UTF8
java.lang.RuntimeException: java.util.concurrent.TimeoutException
	at xxl.java.junit.TestSuiteExecution.executionResult(TestSuiteExecution.java:97)
	at xxl.java.junit.TestSuiteExecution.runTestCase(TestSuiteExecution.java:36)
	at xxl.java.junit.TestSuiteExecution.runTestCases(TestSuiteExecution.java:81)
	at fr.inria.lille.repair.nopol.synth.ConstraintModelBuilder.buildFor(ConstraintModelBuilder.java:82)
	at fr.inria.lille.repair.nopol.synth.DefaultSynthesizer.buildPatch(DefaultSynthesizer.java:67)
	at fr.inria.lille.repair.nopol.NoPol.solveWithMultipleBuild(NoPol.java:185)
	at fr.inria.lille.repair.nopol.NoPol.build(NoPol.java:119)
	at fr.inria.lille.repair.nopol.NoPol.build(NoPol.java:89)
	at fr.inria.lille.repair.nopol.NoPolLauncher.launch(NoPolLauncher.java:84)
	at fr.inria.lille.repair.Main.main(Main.java:61)
Caused by: java.util.concurrent.TimeoutException
	at java.util.concurrent.FutureTask.get(FutureTask.java:201)
	at xxl.java.junit.TestSuiteExecution.executionResult(TestSuiteExecution.java:90)
	... 9 more
May 16, 2016 10:14:45 PM com.google.javascript.jscomp.NameAnonymousFunctionsMapped process
INFO: Named 2 anon functions using 3 bytes
May 16, 2016 10:14:45 PM com.google.javascript.jscomp.NameAnonymousFunctionsMapped process
INFO: Named 1 anon functions using 1 bytes
May 16, 2016 10:14:45 PM com.google.javascript.jscomp.NameAnonymousFunctionsMapped process
INFO: Named 1 anon functions using 1 bytes
May 16, 2016 10:14:45 PM com.google.javascript.jscomp.NameAnonymousFunctionsMapped process
INFO: Named 1 anon functions using 1 bytes
May 16, 2016 10:14:45 PM com.google.javascript.jscomp.NameAnonymousFunctionsMapped process
INFO: Named 1 anon functions using 1 bytes
May 16, 2016 10:14:45 PM com.google.javascript.jscomp.NameAnonymousFunctionsMapped process
INFO: Named 2 anon functions using 2 bytes
May 16, 2016 10:14:45 PM com.google.javascript.jscomp.NameAnonymousFunctionsMapped process
INFO: Named 1 anon functions using 1 bytes
May 16, 2016 10:14:45 PM com.google.javascript.jscomp.NameAnonymousFunctionsMapped process
INFO: Named 1 anon functions using 1 bytes
May 16, 2016 10:14:45 PM com.google.javascript.jscomp.NameAnonymousFunctionsMapped process
INFO: Named 1 anon functions using 1 bytes
May 16, 2016 10:14:45 PM com.google.javascript.jscomp.NameAnonymousFunctionsMapped process
INFO: Named 1 anon functions using 1 bytes
May 16, 2016 10:14:45 PM com.google.javascript.jscomp.NameAnonymousFunctionsMapped process
INFO: Named 1 anon functions using 1 bytes
May 16, 2016 10:14:45 PM com.google.javascript.jscomp.NameAnonymousFunctionsMapped process
INFO: Named 1 anon functions using 1 bytes
May 16, 2016 10:14:45 PM com.google.javascript.jscomp.NameAnonymousFunctionsMapped process
INFO: Named 1 anon functions using 1 bytes
May 16, 2016 10:14:45 PM com.google.javascript.jscomp.NameAnonymousFunctionsMapped process
INFO: Named 1 anon functions using 1 bytes
May 16, 2016 10:14:45 PM com.google.javascript.jscomp.NameAnonymousFunctionsMapped process
INFO: Named 1 anon functions using 1 bytes
May 16, 2016 10:14:45 PM com.google.javascript.jscomp.NameAnonymousFunctionsMapped process
INFO: Named 1 anon functions using 1 bytes
LOG:unknown:///unknown:1+19: Semicolon inserted
LOG:unknown:///unknown:1+19: Semicolon inserted
LOG:unknown:///unknown:1+46: Semicolon inserted
LOG:unknown:///unknown:1+46: Semicolon inserted
LOG:unknown:///unknown:1+34: Semicolon inserted
LOG:unknown:///unknown:1+34: Semicolon inserted
LOG:unknown:///unknown:1+34: Semicolon inserted
LOG:unknown:///unknown:1+34: Semicolon inserted
LOG:unknown:///unknown:1+42: Semicolon inserted
LOG:unknown:///unknown:1+42: Semicolon inserted
LOG:unknown:///unknown:1+28: Semicolon inserted
LOG:unknown:///unknown:1+28: Semicolon inserted
LOG:unknown:///unknown:1+42: Semicolon inserted
LOG:unknown:///unknown:1+42: Semicolon inserted
LOG:unknown:///unknown:1+62: Semicolon inserted
LOG:unknown:///unknown:1+63: Semicolon inserted
LOG:unknown:///unknown:1+62: Semicolon inserted
LOG:unknown:///unknown:1+63: Semicolon inserted
LOG:unknown:///unknown:1+30: Semicolon inserted
LOG:unknown:///unknown:1+30: Semicolon inserted
LOG:unknown:///unknown:1+109: Semicolon inserted
LOG:unknown:///unknown:1+110: Semicolon inserted
LOG:unknown:///unknown:1+109: Semicolon inserted
LOG:unknown:///unknown:1+110: Semicolon inserted
LOG:unknown:///unknown:1+19: Semicolon inserted
LOG:unknown:///unknown:1+19: Semicolon inserted
LOG:unknown:///unknown:1+43: Semicolon inserted
LOG:unknown:///unknown:1+43: Semicolon inserted
LOG:unknown:///unknown:1+48: Semicolon inserted
LOG:unknown:///unknown:1+48: Semicolon inserted
LOG:unknown:///unknown:1+44: Semicolon inserted
LOG:unknown:///unknown:1+71: Semicolon inserted
LOG:unknown:///unknown:1+44: Semicolon inserted
LOG:unknown:///unknown:1+71: Semicolon inserted
LOG:unknown:///unknown:1+22: Semicolon inserted
LOG:unknown:///unknown:1+39: Semicolon inserted
LOG:unknown:///unknown:1+22: Semicolon inserted
LOG:unknown:///unknown:1+39: Semicolon inserted
LOG:unknown:///unknown:1+95: Semicolon inserted
LOG:unknown:///unknown:1+102: Semicolon inserted
LOG:unknown:///unknown:1+119: Semicolon inserted
LOG:unknown:///unknown:1+95: Semicolon inserted
LOG:unknown:///unknown:1+102: Semicolon inserted
LOG:unknown:///unknown:1+119: Semicolon inserted
LOG:unknown:///unknown:1+22: Semicolon inserted
LOG:unknown:///unknown:1+37: Semicolon inserted
LOG:unknown:///unknown:1+22: Semicolon inserted
LOG:unknown:///unknown:1+37: Semicolon inserted
LOG:unknown:///unknown:1+95: Semicolon inserted
LOG:unknown:///unknown:1+102: Semicolon inserted
LOG:unknown:///unknown:1+117: Semicolon inserted
LOG:unknown:///unknown:1+95: Semicolon inserted
LOG:unknown:///unknown:1+102: Semicolon inserted
LOG:unknown:///unknown:1+117: Semicolon inserted
LOG:unknown:///unknown:1+22: Semicolon inserted
LOG:unknown:///unknown:1+22: Semicolon inserted
LOG:unknown:///unknown:1+95: Semicolon inserted
LOG:unknown:///unknown:1+102: Semicolon inserted
LOG:unknown:///unknown:1+119: Semicolon inserted
LOG:unknown:///unknown:1+134: Semicolon inserted
LOG:unknown:///unknown:1+95: Semicolon inserted
LOG:unknown:///unknown:1+102: Semicolon inserted
LOG:unknown:///unknown:1+119: Semicolon inserted
LOG:unknown:///unknown:1+134: Semicolon inserted
WARNING:unknown:///unknown:1+2 - 3: Will not work in IE
java.lang.Exception
	at com.google.caja.reporting.EchoingMessageQueue$1.add(EchoingMessageQueue.java:52)
	at com.google.caja.reporting.EchoingMessageQueue$1.add(EchoingMessageQueue.java:40)
	at java.util.AbstractList.add(AbstractList.java:108)
	at com.google.caja.reporting.AbstractMessageQueue.addMessage(AbstractMessageQueue.java:25)
	at com.google.caja.parser.js.Parser.parseExpressionAtom(Parser.java:1138)
	at com.google.caja.parser.js.Parser.parseOp(Parser.java:792)
	at com.google.caja.parser.js.Parser.parseExpressionInt(Parser.java:727)
	at com.google.caja.parser.js.Parser.parseExpressionStmt(Parser.java:1281)
	at com.google.caja.parser.js.Parser.parseStatementWithoutLabel(Parser.java:706)
	at com.google.caja.parser.js.Parser.parseStatement(Parser.java:306)
	at com.google.caja.parser.js.Parser.parseTerminatedStatement(Parser.java:1312)
	at com.google.caja.parser.js.Parser.parseProgramOrFunctionBody(Parser.java:325)
	at com.google.caja.parser.js.Parser.parseProgram(Parser.java:314)
	at com.google.caja.parser.js.Parser.parse(Parser.java:272)
	at com.google.caja.parser.js.JsonMLParser.parse(JsonMLParser.java:42)
	at com.google.caja.parser.js.JsonMLParser.parse(JsonMLParser.java:31)
	at com.google.caja.parser.js.JsonMLParser.parse(JsonMLParser.java:26)
	at com.google.caja.parser.js.JsonMLParser.parse(JsonMLParser.java:22)
	at com.google.javascript.jscomp.jsonml.JsonMLConversionTest.testConversion(JsonMLConversionTest.java:97)
	at com.google.javascript.jscomp.jsonml.JsonMLConversionTest.testArray(JsonMLConversionTest.java:106)
	at sun.reflect.NativeMethodAccessorImpl.invoke0(Native Method)
	at sun.reflect.NativeMethodAccessorImpl.invoke(NativeMethodAccessorImpl.java:57)
	at sun.reflect.DelegatingMethodAccessorImpl.invoke(DelegatingMethodAccessorImpl.java:43)
	at java.lang.reflect.Method.invoke(Method.java:606)
	at junit.framework.TestCase.runTest(TestCase.java:176)
	at junit.framework.TestCase.runBare(TestCase.java:141)
	at junit.framework.TestResult$1.protect(TestResult.java:122)
	at junit.framework.TestResult.runProtected(TestResult.java:142)
	at junit.framework.TestResult.run(TestResult.java:125)
	at junit.framework.TestCase.run(TestCase.java:129)
	at junit.framework.TestSuite.runTest(TestSuite.java:255)
	at junit.framework.TestSuite.run(TestSuite.java:250)
	at org.junit.internal.runners.JUnit38ClassRunner.run(JUnit38ClassRunner.java:84)
	at org.junit.runner.JUnitCore.run(JUnitCore.java:160)
	at org.junit.runner.JUnitCore.run(JUnitCore.java:138)
	at xxl.java.junit.JUnitSingleTestResultRunner.call(JUnitSingleTestResultRunner.java:36)
	at xxl.java.junit.JUnitSingleTestResultRunner.call(JUnitSingleTestResultRunner.java:11)
	at java.util.concurrent.FutureTask.run(FutureTask.java:262)
	at java.util.concurrent.ThreadPoolExecutor.runWorker(ThreadPoolExecutor.java:1145)
	at java.util.concurrent.ThreadPoolExecutor$Worker.run(ThreadPoolExecutor.java:615)
	at java.lang.Thread.run(Thread.java:745)
WARNING:unknown:///unknown:1+2 - 3: Will not work in IE
java.lang.Exception
	at com.google.caja.reporting.EchoingMessageQueue$1.add(EchoingMessageQueue.java:52)
	at com.google.caja.reporting.EchoingMessageQueue$1.add(EchoingMessageQueue.java:40)
	at java.util.AbstractList.add(AbstractList.java:108)
	at com.google.caja.reporting.AbstractMessageQueue.addMessage(AbstractMessageQueue.java:25)
	at com.google.caja.parser.js.Parser.parseExpressionAtom(Parser.java:1138)
	at com.google.caja.parser.js.Parser.parseOp(Parser.java:792)
	at com.google.caja.parser.js.Parser.parseExpressionInt(Parser.java:727)
	at com.google.caja.parser.js.Parser.parseExpressionStmt(Parser.java:1281)
	at com.google.caja.parser.js.Parser.parseStatementWithoutLabel(Parser.java:706)
	at com.google.caja.parser.js.Parser.parseStatement(Parser.java:306)
	at com.google.caja.parser.js.Parser.parseTerminatedStatement(Parser.java:1312)
	at com.google.caja.parser.js.Parser.parseProgramOrFunctionBody(Parser.java:325)
	at com.google.caja.parser.js.Parser.parseProgram(Parser.java:314)
	at com.google.caja.parser.js.Parser.parse(Parser.java:272)
	at com.google.caja.parser.js.JsonMLParser.parse(JsonMLParser.java:42)
	at com.google.caja.parser.js.JsonMLParser.parse(JsonMLParser.java:31)
	at com.google.caja.parser.js.JsonMLParser.parse(JsonMLParser.java:26)
	at com.google.caja.parser.js.JsonMLParser.parse(JsonMLParser.java:22)
	at com.google.javascript.jscomp.jsonml.JsonMLConversionTest.testConversion(JsonMLConversionTest.java:101)
	at com.google.javascript.jscomp.jsonml.JsonMLConversionTest.testArray(JsonMLConversionTest.java:106)
	at sun.reflect.NativeMethodAccessorImpl.invoke0(Native Method)
	at sun.reflect.NativeMethodAccessorImpl.invoke(NativeMethodAccessorImpl.java:57)
	at sun.reflect.DelegatingMethodAccessorImpl.invoke(DelegatingMethodAccessorImpl.java:43)
	at java.lang.reflect.Method.invoke(Method.java:606)
	at junit.framework.TestCase.runTest(TestCase.java:176)
	at junit.framework.TestCase.runBare(TestCase.java:141)
	at junit.framework.TestResult$1.protect(TestResult.java:122)
	at junit.framework.TestResult.runProtected(TestResult.java:142)
	at junit.framework.TestResult.run(TestResult.java:125)
	at junit.framework.TestCase.run(TestCase.java:129)
	at junit.framework.TestSuite.runTest(TestSuite.java:255)
	at junit.framework.TestSuite.run(TestSuite.java:250)
	at org.junit.internal.runners.JUnit38ClassRunner.run(JUnit38ClassRunner.java:84)
	at org.junit.runner.JUnitCore.run(JUnitCore.java:160)
	at org.junit.runner.JUnitCore.run(JUnitCore.java:138)
	at xxl.java.junit.JUnitSingleTestResultRunner.call(JUnitSingleTestResultRunner.java:36)
	at xxl.java.junit.JUnitSingleTestResultRunner.call(JUnitSingleTestResultRunner.java:11)
	at java.util.concurrent.FutureTask.run(FutureTask.java:262)
	at java.util.concurrent.ThreadPoolExecutor.runWorker(ThreadPoolExecutor.java:1145)
	at java.util.concurrent.ThreadPoolExecutor$Worker.run(ThreadPoolExecutor.java:615)
	at java.lang.Thread.run(Thread.java:745)
LOG:unknown:///unknown:1+39: Semicolon inserted
LOG:unknown:///unknown:1+39: Semicolon inserted
LOG:unknown:///unknown:1+35: Semicolon inserted
LOG:unknown:///unknown:1+35: Semicolon inserted
LOG:unknown:///unknown:1+43: Semicolon inserted
LOG:unknown:///unknown:1+43: Semicolon inserted
LOG:unknown:///unknown:1+36: Semicolon inserted
LOG:unknown:///unknown:1+36: Semicolon inserted
LOG:unknown:///unknown:1+23: Semicolon inserted
LOG:unknown:///unknown:1+23: Semicolon inserted
LOG:unknown:///unknown:1+40: Semicolon inserted
LOG:unknown:///unknown:1+40: Semicolon inserted
LOG:unknown:///unknown:1+39: Semicolon inserted
LOG:unknown:///unknown:1+66: Semicolon inserted
LOG:unknown:///unknown:1+39: Semicolon inserted
LOG:unknown:///unknown:1+66: Semicolon inserted
LOG:unknown:///unknown:1+102: Semicolon inserted
LOG:unknown:///unknown:1+103: Semicolon inserted
LOG:unknown:///unknown:1+102: Semicolon inserted
LOG:unknown:///unknown:1+103: Semicolon inserted
LOG:unknown:///unknown:1+19: Semicolon inserted
LOG:unknown:///unknown:1+19: Semicolon inserted
LOG:unknown:///unknown:1+37: Semicolon inserted
LOG:unknown:///unknown:1+37: Semicolon inserted
LOG:unknown:///unknown:1+35: Semicolon inserted
LOG:unknown:///unknown:1+62: Semicolon inserted
LOG:unknown:///unknown:1+35: Semicolon inserted
LOG:unknown:///unknown:1+62: Semicolon inserted
LOG:unknown:///unknown:1+98: Semicolon inserted
LOG:unknown:///unknown:1+99: Semicolon inserted
LOG:unknown:///unknown:1+98: Semicolon inserted
LOG:unknown:///unknown:1+99: Semicolon inserted
LOG:unknown:///unknown:1+104: Semicolon inserted
LOG:unknown:///unknown:1+105: Semicolon inserted
LOG:unknown:///unknown:1+104: Semicolon inserted
LOG:unknown:///unknown:1+105: Semicolon inserted
LOG:unknown:///unknown:1+18: Semicolon inserted
LOG:unknown:///unknown:1+18: Semicolon inserted
LOG:unknown:///unknown:1+97: Semicolon inserted
LOG:unknown:///unknown:1+98: Semicolon inserted
LOG:unknown:///unknown:1+97: Semicolon inserted
LOG:unknown:///unknown:1+98: Semicolon inserted
LOG:unknown:///unknown:1+15: Semicolon inserted
LOG:unknown:///unknown:1+15: Semicolon inserted
LOG:unknown:///unknown:1+34: Semicolon inserted
LOG:unknown:///unknown:1+34: Semicolon inserted
LOG:unknown:///unknown:1+107: Semicolon inserted
LOG:unknown:///unknown:1+108: Semicolon inserted
LOG:unknown:///unknown:1+117: Semicolon inserted
LOG:unknown:///unknown:1+107: Semicolon inserted
LOG:unknown:///unknown:1+108: Semicolon inserted
LOG:unknown:///unknown:1+117: Semicolon inserted
LOG:unknown:///unknown:1+19: Semicolon inserted
LOG:unknown:///unknown:1+19: Semicolon inserted
LOG:unknown:///unknown:1+5: Semicolon inserted
LOG:unknown:///unknown:1+5: Semicolon inserted
LOG:unknown:///unknown:1+84: Semicolon inserted
LOG:unknown:///unknown:1+84: Semicolon inserted
LOG:unknown:///unknown:1+30: Semicolon inserted
LOG:unknown:///unknown:1+30: Semicolon inserted
LOG:unknown:///unknown:1+30: Semicolon inserted
LOG:unknown:///unknown:1+30: Semicolon inserted
LOG:unknown:///unknown:1+38: Semicolon inserted
LOG:unknown:///unknown:1+38: Semicolon inserted
LOG:unknown:///unknown:1+13: Semicolon inserted
LOG:unknown:///unknown:1+13: Semicolon inserted
LOG:unknown:///unknown:1+29: Semicolon inserted
LOG:unknown:///unknown:1+29: Semicolon inserted
LOG:unknown:///unknown:1+43: Semicolon inserted
LOG:unknown:///unknown:1+43: Semicolon inserted
LOG:unknown:///unknown:1+25: Semicolon inserted
LOG:unknown:///unknown:1+25: Semicolon inserted
LOG:unknown:///unknown:1+27: Semicolon inserted
LOG:unknown:///unknown:1+27: Semicolon inserted
LOG:unknown:///unknown:1+35: Semicolon inserted
LOG:unknown:///unknown:1+35: Semicolon inserted
LOG:unknown:///unknown:1+39: Semicolon inserted
LOG:unknown:///unknown:1+39: Semicolon inserted
LOG:unknown:///unknown:1+61: Semicolon inserted
LOG:unknown:///unknown:1+62: Semicolon inserted
LOG:unknown:///unknown:1+61: Semicolon inserted
LOG:unknown:///unknown:1+62: Semicolon inserted
LOG:unknown:///unknown:1+63: Semicolon inserted
LOG:unknown:///unknown:1+68: Semicolon inserted
LOG:unknown:///unknown:1+63: Semicolon inserted
LOG:unknown:///unknown:1+68: Semicolon inserted
LOG:unknown:///unknown:1+41: Semicolon inserted
LOG:unknown:///unknown:1+41: Semicolon inserted
LOG:unknown:///unknown:1+16: Semicolon inserted
LOG:unknown:///unknown:1+16: Semicolon inserted
LOG:unknown:///unknown:1+20: Semicolon inserted
LOG:unknown:///unknown:1+20: Semicolon inserted
WARNING:unknown:///unknown:1+2 - 3: Will not work in IE
java.lang.Exception
	at com.google.caja.reporting.EchoingMessageQueue$1.add(EchoingMessageQueue.java:52)
	at com.google.caja.reporting.EchoingMessageQueue$1.add(EchoingMessageQueue.java:40)
	at java.util.AbstractList.add(AbstractList.java:108)
	at com.google.caja.reporting.AbstractMessageQueue.addMessage(AbstractMessageQueue.java:25)
	at com.google.caja.parser.js.Parser.parseExpressionAtom(Parser.java:1138)
	at com.google.caja.parser.js.Parser.parseOp(Parser.java:792)
	at com.google.caja.parser.js.Parser.parseExpressionInt(Parser.java:727)
	at com.google.caja.parser.js.Parser.parseExpressionStmt(Parser.java:1281)
	at com.google.caja.parser.js.Parser.parseStatementWithoutLabel(Parser.java:706)
	at com.google.caja.parser.js.Parser.parseStatement(Parser.java:306)
	at com.google.caja.parser.js.Parser.parseTerminatedStatement(Parser.java:1312)
	at com.google.caja.parser.js.Parser.parseProgramOrFunctionBody(Parser.java:325)
	at com.google.caja.parser.js.Parser.parseProgram(Parser.java:314)
	at com.google.caja.parser.js.Parser.parse(Parser.java:272)
	at com.google.caja.parser.js.JsonMLParser.parse(JsonMLParser.java:42)
	at com.google.caja.parser.js.JsonMLParser.parse(JsonMLParser.java:31)
	at com.google.caja.parser.js.JsonMLParser.parse(JsonMLParser.java:26)
	at com.google.caja.parser.js.JsonMLParser.parse(JsonMLParser.java:22)
	at com.google.javascript.jscomp.jsonml.JsonMLConversionTest.testConversion(JsonMLConversionTest.java:97)
	at com.google.javascript.jscomp.jsonml.JsonMLConversionTest.testArray1(JsonMLConversionTest.java:117)
	at sun.reflect.NativeMethodAccessorImpl.invoke0(Native Method)
	at sun.reflect.NativeMethodAccessorImpl.invoke(NativeMethodAccessorImpl.java:57)
	at sun.reflect.DelegatingMethodAccessorImpl.invoke(DelegatingMethodAccessorImpl.java:43)
	at java.lang.reflect.Method.invoke(Method.java:606)
	at junit.framework.TestCase.runTest(TestCase.java:176)
	at junit.framework.TestCase.runBare(TestCase.java:141)
	at junit.framework.TestResult$1.protect(TestResult.java:122)
	at junit.framework.TestResult.runProtected(TestResult.java:142)
	at junit.framework.TestResult.run(TestResult.java:125)
	at junit.framework.TestCase.run(TestCase.java:129)
	at junit.framework.TestSuite.runTest(TestSuite.java:255)
	at junit.framework.TestSuite.run(TestSuite.java:250)
	at org.junit.internal.runners.JUnit38ClassRunner.run(JUnit38ClassRunner.java:84)
	at org.junit.runner.JUnitCore.run(JUnitCore.java:160)
	at org.junit.runner.JUnitCore.run(JUnitCore.java:138)
	at xxl.java.junit.JUnitSingleTestResultRunner.call(JUnitSingleTestResultRunner.java:36)
	at xxl.java.junit.JUnitSingleTestResultRunner.call(JUnitSingleTestResultRunner.java:11)
	at java.util.concurrent.FutureTask.run(FutureTask.java:262)
	at java.util.concurrent.ThreadPoolExecutor.runWorker(ThreadPoolExecutor.java:1145)
	at java.util.concurrent.ThreadPoolExecutor$Worker.run(ThreadPoolExecutor.java:615)
	at java.lang.Thread.run(Thread.java:745)
WARNING:unknown:///unknown:1+2 - 3: Will not work in IE
java.lang.Exception
	at com.google.caja.reporting.EchoingMessageQueue$1.add(EchoingMessageQueue.java:52)
	at com.google.caja.reporting.EchoingMessageQueue$1.add(EchoingMessageQueue.java:40)
	at java.util.AbstractList.add(AbstractList.java:108)
	at com.google.caja.reporting.AbstractMessageQueue.addMessage(AbstractMessageQueue.java:25)
	at com.google.caja.parser.js.Parser.parseExpressionAtom(Parser.java:1138)
	at com.google.caja.parser.js.Parser.parseOp(Parser.java:792)
	at com.google.caja.parser.js.Parser.parseExpressionInt(Parser.java:727)
	at com.google.caja.parser.js.Parser.parseExpressionStmt(Parser.java:1281)
	at com.google.caja.parser.js.Parser.parseStatementWithoutLabel(Parser.java:706)
	at com.google.caja.parser.js.Parser.parseStatement(Parser.java:306)
	at com.google.caja.parser.js.Parser.parseTerminatedStatement(Parser.java:1312)
	at com.google.caja.parser.js.Parser.parseProgramOrFunctionBody(Parser.java:325)
	at com.google.caja.parser.js.Parser.parseProgram(Parser.java:314)
	at com.google.caja.parser.js.Parser.parse(Parser.java:272)
	at com.google.caja.parser.js.JsonMLParser.parse(JsonMLParser.java:42)
	at com.google.caja.parser.js.JsonMLParser.parse(JsonMLParser.java:31)
	at com.google.caja.parser.js.JsonMLParser.parse(JsonMLParser.java:26)
	at com.google.caja.parser.js.JsonMLParser.parse(JsonMLParser.java:22)
	at com.google.javascript.jscomp.jsonml.JsonMLConversionTest.testConversion(JsonMLConversionTest.java:101)
	at com.google.javascript.jscomp.jsonml.JsonMLConversionTest.testArray1(JsonMLConversionTest.java:117)
	at sun.reflect.NativeMethodAccessorImpl.invoke0(Native Method)
	at sun.reflect.NativeMethodAccessorImpl.invoke(NativeMethodAccessorImpl.java:57)
	at sun.reflect.DelegatingMethodAccessorImpl.invoke(DelegatingMethodAccessorImpl.java:43)
	at java.lang.reflect.Method.invoke(Method.java:606)
	at junit.framework.TestCase.runTest(TestCase.java:176)
	at junit.framework.TestCase.runBare(TestCase.java:141)
	at junit.framework.TestResult$1.protect(TestResult.java:122)
	at junit.framework.TestResult.runProtected(TestResult.java:142)
	at junit.framework.TestResult.run(TestResult.java:125)
	at junit.framework.TestCase.run(TestCase.java:129)
	at junit.framework.TestSuite.runTest(TestSuite.java:255)
	at junit.framework.TestSuite.run(TestSuite.java:250)
	at org.junit.internal.runners.JUnit38ClassRunner.run(JUnit38ClassRunner.java:84)
	at org.junit.runner.JUnitCore.run(JUnitCore.java:160)
	at org.junit.runner.JUnitCore.run(JUnitCore.java:138)
	at xxl.java.junit.JUnitSingleTestResultRunner.call(JUnitSingleTestResultRunner.java:36)
	at xxl.java.junit.JUnitSingleTestResultRunner.call(JUnitSingleTestResultRunner.java:11)
	at java.util.concurrent.FutureTask.run(FutureTask.java:262)
	at java.util.concurrent.ThreadPoolExecutor.runWorker(ThreadPoolExecutor.java:1145)
	at java.util.concurrent.ThreadPoolExecutor$Worker.run(ThreadPoolExecutor.java:615)
	at java.lang.Thread.run(Thread.java:745)
LOG:unknown:///unknown:1+17: Semicolon inserted
LOG:unknown:///unknown:1+17: Semicolon inserted
LOG:unknown:///unknown:1+17: Semicolon inserted
LOG:unknown:///unknown:1+30: Semicolon inserted
LOG:unknown:///unknown:1+17: Semicolon inserted
LOG:unknown:///unknown:1+30: Semicolon inserted
LOG:unknown:///unknown:1+22: Semicolon inserted
LOG:unknown:///unknown:1+35: Semicolon inserted
LOG:unknown:///unknown:1+22: Semicolon inserted
LOG:unknown:///unknown:1+35: Semicolon inserted
LOG:unknown:///unknown:1+26: Semicolon inserted
LOG:unknown:///unknown:1+39: Semicolon inserted
LOG:unknown:///unknown:1+26: Semicolon inserted
LOG:unknown:///unknown:1+39: Semicolon inserted
LOG:unknown:///unknown:1+17: Semicolon inserted
LOG:unknown:///unknown:1+17: Semicolon inserted
LOG:unknown:///unknown:1+87: Semicolon inserted
LOG:unknown:///unknown:1+88: Semicolon inserted
LOG:unknown:///unknown:1+87: Semicolon inserted
LOG:unknown:///unknown:1+88: Semicolon inserted
LOG:unknown:///unknown:1+48: Semicolon inserted
LOG:unknown:///unknown:1+48: Semicolon inserted
LOG:unknown:///unknown:1+106: Semicolon inserted
LOG:unknown:///unknown:1+107: Semicolon inserted
LOG:unknown:///unknown:1+106: Semicolon inserted
LOG:unknown:///unknown:1+107: Semicolon inserted
LOG:unknown:///unknown:1+23: Semicolon inserted
LOG:unknown:///unknown:1+23: Semicolon inserted
LOG:unknown:///unknown:1+68: Semicolon inserted
LOG:unknown:///unknown:1+72: Semicolon inserted
LOG:unknown:///unknown:1+68: Semicolon inserted
LOG:unknown:///unknown:1+72: Semicolon inserted
LOG:unknown:///unknown:1+33: Semicolon inserted
LOG:unknown:///unknown:1+33: Semicolon inserted
LOG:unknown:///unknown:1+35: Semicolon inserted
LOG:unknown:///unknown:1+35: Semicolon inserted
LOG:unknown:///unknown:1+59: Semicolon inserted
LOG:unknown:///unknown:1+59: Semicolon inserted
LOG:unknown:///unknown:1+27: Semicolon inserted
LOG:unknown:///unknown:1+27: Semicolon inserted
LOG:unknown:///unknown:1+27: Semicolon inserted
LOG:unknown:///unknown:1+34: Semicolon inserted
LOG:unknown:///unknown:1+27: Semicolon inserted
LOG:unknown:///unknown:1+34: Semicolon inserted
LOG:unknown:///unknown:1+32: Semicolon inserted
LOG:unknown:///unknown:1+32: Semicolon inserted
LOG:unknown:///unknown:1+42: Semicolon inserted
LOG:unknown:///unknown:1+42: Semicolon inserted
LOG:unknown:///unknown:1+58: Semicolon inserted
LOG:unknown:///unknown:1+58: Semicolon inserted
LOG:unknown:///unknown:1+43: Semicolon inserted
LOG:unknown:///unknown:1+59: Semicolon inserted
LOG:unknown:///unknown:1+43: Semicolon inserted
LOG:unknown:///unknown:1+59: Semicolon inserted
May 16, 2016 10:14:52 PM com.google.javascript.jscomp.DisambiguateProperties renameProperties
INFO: Renamed 8 instances of 2 properties.
May 16, 2016 10:14:52 PM com.google.javascript.jscomp.DisambiguateProperties renameProperties
INFO: Skipped renaming 0 invalidated properties, 1 instances of properties that were skipped for specific types and 0 properties that were referenced from only one type.
May 16, 2016 10:14:52 PM com.google.javascript.jscomp.DisambiguateProperties renameProperties
INFO: Renamed 8 instances of 2 properties.
May 16, 2016 10:14:52 PM com.google.javascript.jscomp.DisambiguateProperties renameProperties
INFO: Skipped renaming 0 invalidated properties, 1 instances of properties that were skipped for specific types and 0 properties that were referenced from only one type.
May 16, 2016 10:14:52 PM com.google.javascript.jscomp.DisambiguateProperties renameProperties
INFO: Renamed 2 instances of 1 properties.
May 16, 2016 10:14:52 PM com.google.javascript.jscomp.DisambiguateProperties renameProperties
INFO: Skipped renaming 6 invalidated properties, 0 instances of properties that were skipped for specific types and 1 properties that were referenced from only one type.
May 16, 2016 10:14:52 PM com.google.javascript.jscomp.DisambiguateProperties renameProperties
INFO: Renamed 2 instances of 1 properties.
May 16, 2016 10:14:52 PM com.google.javascript.jscomp.DisambiguateProperties renameProperties
INFO: Skipped renaming 0 invalidated properties, 1 instances of properties that were skipped for specific types and 0 properties that were referenced from only one type.
May 16, 2016 10:14:52 PM com.google.javascript.jscomp.DisambiguateProperties renameProperties
INFO: Renamed 2 instances of 1 properties.
May 16, 2016 10:14:52 PM com.google.javascript.jscomp.DisambiguateProperties renameProperties
INFO: Skipped renaming 0 invalidated properties, 1 instances of properties that were skipped for specific types and 0 properties that were referenced from only one type.
May 16, 2016 10:14:53 PM com.google.javascript.jscomp.DisambiguateProperties renameProperties
INFO: Renamed 2 instances of 1 properties.
May 16, 2016 10:14:53 PM com.google.javascript.jscomp.DisambiguateProperties renameProperties
INFO: Skipped renaming 0 invalidated properties, 1 instances of properties that were skipped for specific types and 0 properties that were referenced from only one type.
May 16, 2016 10:14:53 PM com.google.javascript.jscomp.DisambiguateProperties renameProperties
INFO: Renamed 0 instances of 0 properties.
May 16, 2016 10:14:53 PM com.google.javascript.jscomp.DisambiguateProperties renameProperties
INFO: Skipped renaming 0 invalidated properties, 2 instances of properties that were skipped for specific types and 0 properties that were referenced from only one type.
May 16, 2016 10:14:53 PM com.google.javascript.jscomp.DisambiguateProperties renameProperties
INFO: Renamed 0 instances of 0 properties.
May 16, 2016 10:14:53 PM com.google.javascript.jscomp.DisambiguateProperties renameProperties
INFO: Skipped renaming 0 invalidated properties, 0 instances of properties that were skipped for specific types and 2 properties that were referenced from only one type.
May 16, 2016 10:14:53 PM com.google.javascript.jscomp.DisambiguateProperties renameProperties
INFO: Renamed 3 instances of 1 properties.
May 16, 2016 10:14:53 PM com.google.javascript.jscomp.DisambiguateProperties renameProperties
INFO: Skipped renaming 0 invalidated properties, 1 instances of properties that were skipped for specific types and 0 properties that were referenced from only one type.
May 16, 2016 10:14:53 PM com.google.javascript.jscomp.DisambiguateProperties renameProperties
INFO: Renamed 3 instances of 1 properties.
May 16, 2016 10:14:53 PM com.google.javascript.jscomp.DisambiguateProperties renameProperties
INFO: Skipped renaming 0 invalidated properties, 1 instances of properties that were skipped for specific types and 0 properties that were referenced from only one type.
May 16, 2016 10:14:53 PM com.google.javascript.jscomp.DisambiguateProperties renameProperties
INFO: Renamed 0 instances of 0 properties.
May 16, 2016 10:14:53 PM com.google.javascript.jscomp.DisambiguateProperties renameProperties
INFO: Skipped renaming 0 invalidated properties, 1 instances of properties that were skipped for specific types and 1 properties that were referenced from only one type.
May 16, 2016 10:14:53 PM com.google.javascript.jscomp.DisambiguateProperties renameProperties
INFO: Renamed 0 instances of 0 properties.
May 16, 2016 10:14:53 PM com.google.javascript.jscomp.DisambiguateProperties renameProperties
INFO: Skipped renaming 0 invalidated properties, 1 instances of properties that were skipped for specific types and 1 properties that were referenced from only one type.
May 16, 2016 10:14:53 PM com.google.javascript.jscomp.DisambiguateProperties renameProperties
INFO: Renamed 0 instances of 0 properties.
May 16, 2016 10:14:53 PM com.google.javascript.jscomp.DisambiguateProperties renameProperties
INFO: Skipped renaming 0 invalidated properties, 2 instances of properties that were skipped for specific types and 0 properties that were referenced from only one type.
May 16, 2016 10:14:53 PM com.google.javascript.jscomp.DisambiguateProperties renameProperties
INFO: Renamed 0 instances of 0 properties.
May 16, 2016 10:14:53 PM com.google.javascript.jscomp.DisambiguateProperties renameProperties
INFO: Skipped renaming 0 invalidated properties, 2 instances of properties that were skipped for specific types and 0 properties that were referenced from only one type.
May 16, 2016 10:14:53 PM com.google.javascript.jscomp.DisambiguateProperties renameProperties
INFO: Renamed 3 instances of 1 properties.
May 16, 2016 10:14:53 PM com.google.javascript.jscomp.DisambiguateProperties renameProperties
INFO: Skipped renaming 0 invalidated properties, 1 instances of properties that were skipped for specific types and 0 properties that were referenced from only one type.
May 16, 2016 10:14:53 PM com.google.javascript.jscomp.DisambiguateProperties renameProperties
INFO: Renamed 3 instances of 1 properties.
May 16, 2016 10:14:53 PM com.google.javascript.jscomp.DisambiguateProperties renameProperties
INFO: Skipped renaming 0 invalidated properties, 1 instances of properties that were skipped for specific types and 0 properties that were referenced from only one type.
May 16, 2016 10:14:53 PM com.google.javascript.jscomp.DisambiguateProperties renameProperties
INFO: Renamed 0 instances of 0 properties.
May 16, 2016 10:14:53 PM com.google.javascript.jscomp.DisambiguateProperties renameProperties
INFO: Skipped renaming 0 invalidated properties, 1 instances of properties that were skipped for specific types and 1 properties that were referenced from only one type.
May 16, 2016 10:14:53 PM com.google.javascript.jscomp.DisambiguateProperties renameProperties
INFO: Renamed 4 instances of 1 properties.
May 16, 2016 10:14:53 PM com.google.javascript.jscomp.DisambiguateProperties renameProperties
INFO: Skipped renaming 0 invalidated properties, 1 instances of properties that were skipped for specific types and 0 properties that were referenced from only one type.
May 16, 2016 10:14:53 PM com.google.javascript.jscomp.DisambiguateProperties renameProperties
INFO: Renamed 3 instances of 1 properties.
May 16, 2016 10:14:53 PM com.google.javascript.jscomp.DisambiguateProperties renameProperties
INFO: Skipped renaming 0 invalidated properties, 2 instances of properties that were skipped for specific types and 0 properties that were referenced from only one type.
May 16, 2016 10:14:53 PM com.google.javascript.jscomp.DisambiguateProperties renameProperties
INFO: Renamed 3 instances of 2 properties.
May 16, 2016 10:14:53 PM com.google.javascript.jscomp.DisambiguateProperties renameProperties
INFO: Skipped renaming 1 invalidated properties, 1 instances of properties that were skipped for specific types and 0 properties that were referenced from only one type.
May 16, 2016 10:14:53 PM com.google.javascript.jscomp.DisambiguateProperties renameProperties
INFO: Renamed 0 instances of 1 properties.
May 16, 2016 10:14:53 PM com.google.javascript.jscomp.DisambiguateProperties renameProperties
INFO: Skipped renaming 2 invalidated properties, 1 instances of properties that were skipped for specific types and 0 properties that were referenced from only one type.
May 16, 2016 10:14:53 PM com.google.javascript.jscomp.DisambiguateProperties renameProperties
INFO: Renamed 0 instances of 1 properties.
May 16, 2016 10:14:53 PM com.google.javascript.jscomp.DisambiguateProperties renameProperties
INFO: Skipped renaming 2 invalidated properties, 1 instances of properties that were skipped for specific types and 0 properties that were referenced from only one type.
May 16, 2016 10:14:53 PM com.google.javascript.jscomp.DisambiguateProperties renameProperties
INFO: Renamed 3 instances of 1 properties.
May 16, 2016 10:14:53 PM com.google.javascript.jscomp.DisambiguateProperties renameProperties
INFO: Skipped renaming 0 invalidated properties, 1 instances of properties that were skipped for specific types and 0 properties that were referenced from only one type.
May 16, 2016 10:14:53 PM com.google.javascript.jscomp.DisambiguateProperties renameProperties
INFO: Renamed 3 instances of 1 properties.
May 16, 2016 10:14:53 PM com.google.javascript.jscomp.DisambiguateProperties renameProperties
INFO: Skipped renaming 0 invalidated properties, 1 instances of properties that were skipped for specific types and 0 properties that were referenced from only one type.
May 16, 2016 10:14:53 PM com.google.javascript.jscomp.DisambiguateProperties renameProperties
INFO: Renamed 2 instances of 2 properties.
May 16, 2016 10:14:53 PM com.google.javascript.jscomp.DisambiguateProperties renameProperties
INFO: Skipped renaming 4 invalidated properties, 1 instances of properties that were skipped for specific types and 0 properties that were referenced from only one type.
May 16, 2016 10:14:53 PM com.google.javascript.jscomp.DisambiguateProperties renameProperties
INFO: Renamed 2 instances of 2 properties.
May 16, 2016 10:14:53 PM com.google.javascript.jscomp.DisambiguateProperties renameProperties
INFO: Skipped renaming 4 invalidated properties, 1 instances of properties that were skipped for specific types and 0 properties that were referenced from only one type.
May 16, 2016 10:14:53 PM com.google.javascript.jscomp.DisambiguateProperties renameProperties
INFO: Renamed 0 instances of 0 properties.
May 16, 2016 10:14:53 PM com.google.javascript.jscomp.DisambiguateProperties renameProperties
INFO: Skipped renaming 0 invalidated properties, 1 instances of properties that were skipped for specific types and 0 properties that were referenced from only one type.
May 16, 2016 10:14:53 PM com.google.javascript.jscomp.DisambiguateProperties renameProperties
INFO: Renamed 2 instances of 1 properties.
May 16, 2016 10:14:53 PM com.google.javascript.jscomp.DisambiguateProperties renameProperties
INFO: Skipped renaming 0 invalidated properties, 3 instances of properties that were skipped for specific types and 0 properties that were referenced from only one type.
May 16, 2016 10:14:53 PM com.google.javascript.jscomp.DisambiguateProperties renameProperties
INFO: Renamed 2 instances of 1 properties.
May 16, 2016 10:14:53 PM com.google.javascript.jscomp.DisambiguateProperties renameProperties
INFO: Skipped renaming 0 invalidated properties, 1 instances of properties that were skipped for specific types and 2 properties that were referenced from only one type.
May 16, 2016 10:14:53 PM com.google.javascript.jscomp.DisambiguateProperties renameProperties
INFO: Renamed 0 instances of 0 properties.
May 16, 2016 10:14:53 PM com.google.javascript.jscomp.DisambiguateProperties renameProperties
INFO: Skipped renaming 0 invalidated properties, 2 instances of properties that were skipped for specific types and 0 properties that were referenced from only one type.
May 16, 2016 10:14:53 PM com.google.javascript.jscomp.DisambiguateProperties renameProperties
INFO: Renamed 2 instances of 1 properties.
May 16, 2016 10:14:53 PM com.google.javascript.jscomp.DisambiguateProperties renameProperties
INFO: Skipped renaming 0 invalidated properties, 1 instances of properties that were skipped for specific types and 0 properties that were referenced from only one type.
May 16, 2016 10:14:53 PM com.google.javascript.jscomp.DisambiguateProperties renameProperties
INFO: Renamed 2 instances of 1 properties.
May 16, 2016 10:14:53 PM com.google.javascript.jscomp.DisambiguateProperties renameProperties
INFO: Skipped renaming 0 invalidated properties, 1 instances of properties that were skipped for specific types and 0 properties that were referenced from only one type.
May 16, 2016 10:14:53 PM com.google.javascript.jscomp.DisambiguateProperties renameProperties
INFO: Renamed 0 instances of 0 properties.
May 16, 2016 10:14:53 PM com.google.javascript.jscomp.DisambiguateProperties renameProperties
INFO: Skipped renaming 0 invalidated properties, 1 instances of properties that were skipped for specific types and 1 properties that were referenced from only one type.
May 16, 2016 10:14:53 PM com.google.javascript.jscomp.DisambiguateProperties renameProperties
INFO: Renamed 0 instances of 0 properties.
May 16, 2016 10:14:53 PM com.google.javascript.jscomp.DisambiguateProperties renameProperties
INFO: Skipped renaming 0 invalidated properties, 1 instances of properties that were skipped for specific types and 1 properties that were referenced from only one type.
May 16, 2016 10:14:53 PM com.google.javascript.jscomp.DisambiguateProperties renameProperties
INFO: Renamed 0 instances of 0 properties.
May 16, 2016 10:14:53 PM com.google.javascript.jscomp.DisambiguateProperties renameProperties
INFO: Skipped renaming 0 invalidated properties, 2 instances of properties that were skipped for specific types and 0 properties that were referenced from only one type.
May 16, 2016 10:14:53 PM com.google.javascript.jscomp.DisambiguateProperties renameProperties
INFO: Renamed 0 instances of 0 properties.
May 16, 2016 10:14:53 PM com.google.javascript.jscomp.DisambiguateProperties renameProperties
INFO: Skipped renaming 0 invalidated properties, 2 instances of properties that were skipped for specific types and 0 properties that were referenced from only one type.
May 16, 2016 10:14:53 PM com.google.javascript.jscomp.DisambiguateProperties renameProperties
INFO: Renamed 0 instances of 0 properties.
May 16, 2016 10:14:53 PM com.google.javascript.jscomp.DisambiguateProperties renameProperties
INFO: Skipped renaming 0 invalidated properties, 2 instances of properties that were skipped for specific types and 0 properties that were referenced from only one type.
May 16, 2016 10:14:53 PM com.google.javascript.jscomp.DisambiguateProperties renameProperties
INFO: Renamed 0 instances of 0 properties.
May 16, 2016 10:14:53 PM com.google.javascript.jscomp.DisambiguateProperties renameProperties
INFO: Skipped renaming 0 invalidated properties, 2 instances of properties that were skipped for specific types and 0 properties that were referenced from only one type.
May 16, 2016 10:14:53 PM com.google.javascript.jscomp.DisambiguateProperties renameProperties
INFO: Renamed 2 instances of 1 properties.
May 16, 2016 10:14:53 PM com.google.javascript.jscomp.DisambiguateProperties renameProperties
INFO: Skipped renaming 0 invalidated properties, 0 instances of properties that were skipped for specific types and 0 properties that were referenced from only one type.
May 16, 2016 10:14:53 PM com.google.javascript.jscomp.DisambiguateProperties renameProperties
INFO: Renamed 4 instances of 1 properties.
May 16, 2016 10:14:53 PM com.google.javascript.jscomp.DisambiguateProperties renameProperties
INFO: Skipped renaming 0 invalidated properties, 1 instances of properties that were skipped for specific types and 0 properties that were referenced from only one type.
May 16, 2016 10:14:53 PM com.google.javascript.jscomp.DisambiguateProperties renameProperties
INFO: Renamed 4 instances of 1 properties.
May 16, 2016 10:14:53 PM com.google.javascript.jscomp.DisambiguateProperties renameProperties
INFO: Skipped renaming 0 invalidated properties, 1 instances of properties that were skipped for specific types and 0 properties that were referenced from only one type.
May 16, 2016 10:14:53 PM com.google.javascript.jscomp.DisambiguateProperties renameProperties
INFO: Renamed 4 instances of 1 properties.
May 16, 2016 10:14:53 PM com.google.javascript.jscomp.DisambiguateProperties renameProperties
INFO: Skipped renaming 0 invalidated properties, 1 instances of properties that were skipped for specific types and 0 properties that were referenced from only one type.
May 16, 2016 10:14:53 PM com.google.javascript.jscomp.DisambiguateProperties renameProperties
INFO: Renamed 4 instances of 1 properties.
May 16, 2016 10:14:53 PM com.google.javascript.jscomp.DisambiguateProperties renameProperties
INFO: Skipped renaming 0 invalidated properties, 1 instances of properties that were skipped for specific types and 0 properties that were referenced from only one type.
May 16, 2016 10:14:53 PM com.google.javascript.jscomp.DisambiguateProperties renameProperties
INFO: Renamed 4 instances of 1 properties.
May 16, 2016 10:14:53 PM com.google.javascript.jscomp.DisambiguateProperties renameProperties
INFO: Skipped renaming 0 invalidated properties, 1 instances of properties that were skipped for specific types and 0 properties that were referenced from only one type.
May 16, 2016 10:14:53 PM com.google.javascript.jscomp.DisambiguateProperties renameProperties
INFO: Renamed 4 instances of 1 properties.
May 16, 2016 10:14:53 PM com.google.javascript.jscomp.DisambiguateProperties renameProperties
INFO: Skipped renaming 0 invalidated properties, 1 instances of properties that were skipped for specific types and 0 properties that were referenced from only one type.
May 16, 2016 10:14:53 PM com.google.javascript.jscomp.DisambiguateProperties renameProperties
INFO: Renamed 4 instances of 1 properties.
May 16, 2016 10:14:53 PM com.google.javascript.jscomp.DisambiguateProperties renameProperties
INFO: Skipped renaming 0 invalidated properties, 1 instances of properties that were skipped for specific types and 0 properties that were referenced from only one type.
May 16, 2016 10:14:53 PM com.google.javascript.jscomp.DisambiguateProperties renameProperties
INFO: Renamed 4 instances of 1 properties.
May 16, 2016 10:14:53 PM com.google.javascript.jscomp.DisambiguateProperties renameProperties
INFO: Skipped renaming 0 invalidated properties, 1 instances of properties that were skipped for specific types and 0 properties that were referenced from only one type.
May 16, 2016 10:14:53 PM com.google.javascript.jscomp.DisambiguateProperties renameProperties
INFO: Renamed 4 instances of 1 properties.
May 16, 2016 10:14:53 PM com.google.javascript.jscomp.DisambiguateProperties renameProperties
INFO: Skipped renaming 0 invalidated properties, 1 instances of properties that were skipped for specific types and 0 properties that were referenced from only one type.
May 16, 2016 10:14:53 PM com.google.javascript.jscomp.DisambiguateProperties renameProperties
INFO: Renamed 4 instances of 1 properties.
May 16, 2016 10:14:53 PM com.google.javascript.jscomp.DisambiguateProperties renameProperties
INFO: Skipped renaming 0 invalidated properties, 1 instances of properties that were skipped for specific types and 0 properties that were referenced from only one type.
May 16, 2016 10:14:53 PM com.google.javascript.jscomp.DisambiguateProperties renameProperties
INFO: Renamed 0 instances of 1 properties.
May 16, 2016 10:14:53 PM com.google.javascript.jscomp.DisambiguateProperties renameProperties
INFO: Skipped renaming 1 invalidated properties, 1 instances of properties that were skipped for specific types and 0 properties that were referenced from only one type.
May 16, 2016 10:14:53 PM com.google.javascript.jscomp.DisambiguateProperties renameProperties
INFO: Renamed 0 instances of 0 properties.
May 16, 2016 10:14:53 PM com.google.javascript.jscomp.DisambiguateProperties renameProperties
INFO: Skipped renaming 0 invalidated properties, 1 instances of properties that were skipped for specific types and 1 properties that were referenced from only one type.
May 16, 2016 10:14:53 PM com.google.javascript.jscomp.DisambiguateProperties renameProperties
INFO: Renamed 0 instances of 0 properties.
May 16, 2016 10:14:53 PM com.google.javascript.jscomp.DisambiguateProperties renameProperties
INFO: Skipped renaming 0 invalidated properties, 1 instances of properties that were skipped for specific types and 2 properties that were referenced from only one type.
May 16, 2016 10:14:53 PM com.google.javascript.jscomp.DisambiguateProperties renameProperties
INFO: Renamed 0 instances of 0 properties.
May 16, 2016 10:14:53 PM com.google.javascript.jscomp.DisambiguateProperties renameProperties
INFO: Skipped renaming 0 invalidated properties, 1 instances of properties that were skipped for specific types and 2 properties that were referenced from only one type.
May 16, 2016 10:14:53 PM com.google.javascript.jscomp.DisambiguateProperties renameProperties
INFO: Renamed 0 instances of 0 properties.
May 16, 2016 10:14:53 PM com.google.javascript.jscomp.DisambiguateProperties renameProperties
INFO: Skipped renaming 0 invalidated properties, 4 instances of properties that were skipped for specific types and 0 properties that were referenced from only one type.
May 16, 2016 10:14:53 PM com.google.javascript.jscomp.DisambiguateProperties renameProperties
INFO: Renamed 0 instances of 0 properties.
May 16, 2016 10:14:53 PM com.google.javascript.jscomp.DisambiguateProperties renameProperties
INFO: Skipped renaming 0 invalidated properties, 1 instances of properties that were skipped for specific types and 1 properties that were referenced from only one type.
May 16, 2016 10:14:53 PM com.google.javascript.jscomp.DisambiguateProperties renameProperties
INFO: Renamed 0 instances of 1 properties.
May 16, 2016 10:14:53 PM com.google.javascript.jscomp.DisambiguateProperties renameProperties
INFO: Skipped renaming 1 invalidated properties, 1 instances of properties that were skipped for specific types and 0 properties that were referenced from only one type.
May 16, 2016 10:14:53 PM com.google.javascript.jscomp.DisambiguateProperties renameProperties
INFO: Renamed 1 instances of 1 properties.
May 16, 2016 10:14:53 PM com.google.javascript.jscomp.DisambiguateProperties renameProperties
INFO: Skipped renaming 5 invalidated properties, 1 instances of properties that were skipped for specific types and 0 properties that were referenced from only one type.
May 16, 2016 10:14:53 PM com.google.javascript.jscomp.DisambiguateProperties renameProperties
INFO: Renamed 1 instances of 1 properties.
May 16, 2016 10:14:53 PM com.google.javascript.jscomp.DisambiguateProperties renameProperties
INFO: Skipped renaming 5 invalidated properties, 1 instances of properties that were skipped for specific types and 0 properties that were referenced from only one type.
May 16, 2016 10:14:53 PM com.google.javascript.jscomp.DisambiguateProperties renameProperties
INFO: Renamed 1 instances of 1 properties.
May 16, 2016 10:14:53 PM com.google.javascript.jscomp.DisambiguateProperties renameProperties
INFO: Skipped renaming 1 invalidated properties, 1 instances of properties that were skipped for specific types and 0 properties that were referenced from only one type.
May 16, 2016 10:14:53 PM com.google.javascript.jscomp.DisambiguateProperties renameProperties
INFO: Renamed 1 instances of 1 properties.
May 16, 2016 10:14:53 PM com.google.javascript.jscomp.DisambiguateProperties renameProperties
INFO: Skipped renaming 1 invalidated properties, 1 instances of properties that were skipped for specific types and 0 properties that were referenced from only one type.
May 16, 2016 10:14:53 PM com.google.javascript.jscomp.DisambiguateProperties renameProperties
INFO: Renamed 4 instances of 1 properties.
May 16, 2016 10:14:53 PM com.google.javascript.jscomp.DisambiguateProperties renameProperties
INFO: Skipped renaming 0 invalidated properties, 1 instances of properties that were skipped for specific types and 0 properties that were referenced from only one type.
May 16, 2016 10:14:53 PM com.google.javascript.jscomp.DisambiguateProperties renameProperties
INFO: Renamed 4 instances of 1 properties.
May 16, 2016 10:14:53 PM com.google.javascript.jscomp.DisambiguateProperties renameProperties
INFO: Skipped renaming 0 invalidated properties, 1 instances of properties that were skipped for specific types and 0 properties that were referenced from only one type.
May 16, 2016 10:14:53 PM com.google.javascript.jscomp.DisambiguateProperties renameProperties
INFO: Renamed 0 instances of 0 properties.
May 16, 2016 10:14:53 PM com.google.javascript.jscomp.DisambiguateProperties renameProperties
INFO: Skipped renaming 0 invalidated properties, 2 instances of properties that were skipped for specific types and 0 properties that were referenced from only one type.
May 16, 2016 10:14:53 PM com.google.javascript.jscomp.DisambiguateProperties renameProperties
INFO: Renamed 0 instances of 0 properties.
May 16, 2016 10:14:53 PM com.google.javascript.jscomp.DisambiguateProperties renameProperties
INFO: Skipped renaming 0 invalidated properties, 2 instances of properties that were skipped for specific types and 0 properties that were referenced from only one type.
May 16, 2016 10:14:53 PM com.google.javascript.jscomp.DisambiguateProperties renameProperties
INFO: Renamed 0 instances of 0 properties.
May 16, 2016 10:14:53 PM com.google.javascript.jscomp.DisambiguateProperties renameProperties
INFO: Skipped renaming 0 invalidated properties, 2 instances of properties that were skipped for specific types and 0 properties that were referenced from only one type.
May 16, 2016 10:14:53 PM com.google.javascript.jscomp.DisambiguateProperties renameProperties
INFO: Renamed 3 instances of 1 properties.
May 16, 2016 10:14:53 PM com.google.javascript.jscomp.DisambiguateProperties renameProperties
INFO: Skipped renaming 0 invalidated properties, 1 instances of properties that were skipped for specific types and 0 properties that were referenced from only one type.
May 16, 2016 10:14:53 PM com.google.javascript.jscomp.DisambiguateProperties renameProperties
INFO: Renamed 3 instances of 1 properties.
May 16, 2016 10:14:53 PM com.google.javascript.jscomp.DisambiguateProperties renameProperties
INFO: Skipped renaming 0 invalidated properties, 3 instances of properties that were skipped for specific types and 0 properties that were referenced from only one type.
May 16, 2016 10:14:53 PM com.google.javascript.jscomp.DisambiguateProperties renameProperties
INFO: Renamed 3 instances of 1 properties.
May 16, 2016 10:14:53 PM com.google.javascript.jscomp.DisambiguateProperties renameProperties
INFO: Skipped renaming 0 invalidated properties, 1 instances of properties that were skipped for specific types and 2 properties that were referenced from only one type.
May 16, 2016 10:14:53 PM com.google.javascript.jscomp.DisambiguateProperties renameProperties
INFO: Renamed 4 instances of 2 properties.
May 16, 2016 10:14:53 PM com.google.javascript.jscomp.DisambiguateProperties renameProperties
INFO: Skipped renaming 0 invalidated properties, 2 instances of properties that were skipped for specific types and 0 properties that were referenced from only one type.
May 16, 2016 10:14:53 PM com.google.javascript.jscomp.DisambiguateProperties renameProperties
INFO: Renamed 4 instances of 2 properties.
May 16, 2016 10:14:53 PM com.google.javascript.jscomp.DisambiguateProperties renameProperties
INFO: Skipped renaming 0 invalidated properties, 2 instances of properties that were skipped for specific types and 0 properties that were referenced from only one type.
May 16, 2016 10:14:53 PM com.google.javascript.jscomp.DisambiguateProperties renameProperties
INFO: Renamed 2 instances of 1 properties.
May 16, 2016 10:14:53 PM com.google.javascript.jscomp.DisambiguateProperties renameProperties
INFO: Skipped renaming 0 invalidated properties, 1 instances of properties that were skipped for specific types and 0 properties that were referenced from only one type.
May 16, 2016 10:14:53 PM com.google.javascript.jscomp.DisambiguateProperties renameProperties
INFO: Renamed 2 instances of 1 properties.
May 16, 2016 10:14:53 PM com.google.javascript.jscomp.DisambiguateProperties renameProperties
INFO: Skipped renaming 0 invalidated properties, 1 instances of properties that were skipped for specific types and 0 properties that were referenced from only one type.
May 16, 2016 10:14:53 PM com.google.javascript.jscomp.DisambiguateProperties renameProperties
INFO: Renamed 4 instances of 1 properties.
May 16, 2016 10:14:53 PM com.google.javascript.jscomp.DisambiguateProperties renameProperties
INFO: Skipped renaming 0 invalidated properties, 1 instances of properties that were skipped for specific types and 0 properties that were referenced from only one type.
May 16, 2016 10:14:53 PM com.google.javascript.jscomp.DisambiguateProperties renameProperties
INFO: Renamed 4 instances of 1 properties.
May 16, 2016 10:14:53 PM com.google.javascript.jscomp.DisambiguateProperties renameProperties
INFO: Skipped renaming 0 invalidated properties, 1 instances of properties that were skipped for specific types and 0 properties that were referenced from only one type.
May 16, 2016 10:14:53 PM com.google.javascript.jscomp.DisambiguateProperties renameProperties
INFO: Renamed 0 instances of 0 properties.
May 16, 2016 10:14:53 PM com.google.javascript.jscomp.DisambiguateProperties renameProperties
INFO: Skipped renaming 0 invalidated properties, 1 instances of properties that were skipped for specific types and 1 properties that were referenced from only one type.
May 16, 2016 10:14:53 PM com.google.javascript.jscomp.DisambiguateProperties renameProperties
INFO: Renamed 2 instances of 1 properties.
May 16, 2016 10:14:53 PM com.google.javascript.jscomp.DisambiguateProperties renameProperties
INFO: Skipped renaming 0 invalidated properties, 2 instances of properties that were skipped for specific types and 0 properties that were referenced from only one type.
May 16, 2016 10:14:53 PM com.google.javascript.jscomp.DisambiguateProperties renameProperties
INFO: Renamed 2 instances of 1 properties.
May 16, 2016 10:14:53 PM com.google.javascript.jscomp.DisambiguateProperties renameProperties
INFO: Skipped renaming 0 invalidated properties, 1 instances of properties that were skipped for specific types and 1 properties that were referenced from only one type.
May 16, 2016 10:14:58 PM com.google.javascript.jscomp.NameAnonymousFunctions process
INFO: Named 2 anon functions using 13 bytes
May 16, 2016 10:14:58 PM com.google.javascript.jscomp.NameAnonymousFunctions process
INFO: Named 0 anon functions using 0 bytes
May 16, 2016 10:14:58 PM com.google.javascript.jscomp.NameAnonymousFunctions process
INFO: Named 1 anon functions using 6 bytes
May 16, 2016 10:14:58 PM com.google.javascript.jscomp.NameAnonymousFunctions process
INFO: Named 0 anon functions using 0 bytes
May 16, 2016 10:14:58 PM com.google.javascript.jscomp.NameAnonymousFunctions process
INFO: Named 1 anon functions using 6 bytes
May 16, 2016 10:14:58 PM com.google.javascript.jscomp.NameAnonymousFunctions process
INFO: Named 0 anon functions using 0 bytes
May 16, 2016 10:14:58 PM com.google.javascript.jscomp.NameAnonymousFunctions process
INFO: Named 1 anon functions using 8 bytes
May 16, 2016 10:14:58 PM com.google.javascript.jscomp.NameAnonymousFunctions process
INFO: Named 0 anon functions using 0 bytes
May 16, 2016 10:14:58 PM com.google.javascript.jscomp.NameAnonymousFunctions process
INFO: Named 1 anon functions using 6 bytes
May 16, 2016 10:14:58 PM com.google.javascript.jscomp.NameAnonymousFunctions process
INFO: Named 0 anon functions using 0 bytes
May 16, 2016 10:14:58 PM com.google.javascript.jscomp.NameAnonymousFunctions process
INFO: Named 1 anon functions using 6 bytes
May 16, 2016 10:14:58 PM com.google.javascript.jscomp.NameAnonymousFunctions process
INFO: Named 0 anon functions using 0 bytes
May 16, 2016 10:14:58 PM com.google.javascript.jscomp.NameAnonymousFunctions process
INFO: Named 1 anon functions using 3 bytes
May 16, 2016 10:14:58 PM com.google.javascript.jscomp.NameAnonymousFunctions process
INFO: Named 0 anon functions using 0 bytes
May 16, 2016 10:14:58 PM com.google.javascript.jscomp.NameAnonymousFunctions process
INFO: Named 1 anon functions using 5 bytes
May 16, 2016 10:14:58 PM com.google.javascript.jscomp.NameAnonymousFunctions process
INFO: Named 0 anon functions using 0 bytes
May 16, 2016 10:14:58 PM com.google.javascript.jscomp.NameAnonymousFunctions process
INFO: Named 2 anon functions using 12 bytes
May 16, 2016 10:14:58 PM com.google.javascript.jscomp.NameAnonymousFunctions process
INFO: Named 0 anon functions using 0 bytes
May 16, 2016 10:14:58 PM com.google.javascript.jscomp.NameAnonymousFunctions process
INFO: Named 1 anon functions using 15 bytes
May 16, 2016 10:14:58 PM com.google.javascript.jscomp.NameAnonymousFunctions process
INFO: Named 0 anon functions using 0 bytes
May 16, 2016 10:14:58 PM com.google.javascript.jscomp.NameAnonymousFunctions process
INFO: Named 1 anon functions using 6 bytes
May 16, 2016 10:14:58 PM com.google.javascript.jscomp.NameAnonymousFunctions process
INFO: Named 0 anon functions using 0 bytes
May 16, 2016 10:14:58 PM com.google.javascript.jscomp.NameAnonymousFunctions process
INFO: Named 1 anon functions using 33 bytes
May 16, 2016 10:14:58 PM com.google.javascript.jscomp.NameAnonymousFunctions process
INFO: Named 0 anon functions using 0 bytes
May 16, 2016 10:14:58 PM com.google.javascript.jscomp.NameAnonymousFunctions process
INFO: Named 1 anon functions using 9 bytes
May 16, 2016 10:14:58 PM com.google.javascript.jscomp.NameAnonymousFunctions process
INFO: Named 0 anon functions using 0 bytes
May 16, 2016 10:14:58 PM com.google.javascript.jscomp.NameAnonymousFunctions process
INFO: Named 1 anon functions using 9 bytes
May 16, 2016 10:14:58 PM com.google.javascript.jscomp.NameAnonymousFunctions process
INFO: Named 0 anon functions using 0 bytes
May 16, 2016 10:14:58 PM com.google.javascript.jscomp.NameAnonymousFunctions process
INFO: Named 1 anon functions using 9 bytes
May 16, 2016 10:14:58 PM com.google.javascript.jscomp.NameAnonymousFunctions process
INFO: Named 0 anon functions using 0 bytes
May 16, 2016 10:14:58 PM com.google.javascript.jscomp.NameAnonymousFunctions process
INFO: Named 1 anon functions using 9 bytes
May 16, 2016 10:14:58 PM com.google.javascript.jscomp.NameAnonymousFunctions process
INFO: Named 0 anon functions using 0 bytes
Closure Compiler (http://code.google.com/closure/compiler)
Version: Unversioned directory
Built on: 2016/05/16 15:00
Closure Compiler (http://code.google.com/closure/compiler)
Version: Unversioned directory
Built on: 2016/05/16 15:00
Exception in thread "main" java.lang.OutOfMemoryError: Java heap space
	at java.util.Arrays.copyOf(Arrays.java:2367)
	at java.lang.AbstractStringBuilder.expandCapacity(AbstractStringBuilder.java:130)
	at java.lang.AbstractStringBuilder.ensureCapacityInternal(AbstractStringBuilder.java:114)
	at java.lang.AbstractStringBuilder.append(AbstractStringBuilder.java:415)
	at java.lang.StringBuilder.append(StringBuilder.java:132)
	at ch.qos.logback.core.pattern.FormattingConverter.write(FormattingConverter.java:40)
	at ch.qos.logback.core.pattern.PatternLayoutBase.writeLoopOnConverters(PatternLayoutBase.java:119)
	at ch.qos.logback.classic.PatternLayout.doLayout(PatternLayout.java:168)
	at ch.qos.logback.classic.PatternLayout.doLayout(PatternLayout.java:59)
	at ch.qos.logback.core.encoder.LayoutWrappingEncoder.doEncode(LayoutWrappingEncoder.java:134)
	at ch.qos.logback.core.OutputStreamAppender.writeOut(OutputStreamAppender.java:188)
	at ch.qos.logback.core.OutputStreamAppender.subAppend(OutputStreamAppender.java:212)
	at ch.qos.logback.core.OutputStreamAppender.append(OutputStreamAppender.java:103)
	at ch.qos.logback.core.UnsynchronizedAppenderBase.doAppend(UnsynchronizedAppenderBase.java:88)
	at ch.qos.logback.core.spi.AppenderAttachableImpl.appendLoopOnAppenders(AppenderAttachableImpl.java:48)
	at ch.qos.logback.classic.Logger.appendLoopOnAppenders(Logger.java:272)
	at ch.qos.logback.classic.Logger.callAppenders(Logger.java:259)
	at ch.qos.logback.classic.Logger.buildLoggingEventAndAppend(Logger.java:441)
	at ch.qos.logback.classic.Logger.filterAndLog_0_Or3Plus(Logger.java:395)
	at ch.qos.logback.classic.Logger.debug(Logger.java:502)
	at xxl.java.library.LoggerLibrary.logDebug(LoggerLibrary.java:116)
	at xxl.java.library.LoggerLibrary.logDebug(LoggerLibrary.java:84)
	at xxl.java.library.LoggerLibrary.logCollection(LoggerLibrary.java:148)
	at fr.inria.lille.commons.synthesis.ConstraintBasedSynthesis.synthesisInputValues(ConstraintBasedSynthesis.java:81)
	at fr.inria.lille.commons.synthesis.ConstraintBasedSynthesis.codesSynthesisedFrom(ConstraintBasedSynthesis.java:60)
	at fr.inria.lille.repair.nopol.synth.DefaultSynthesizer.buildPatch(DefaultSynthesizer.java:108)
	at fr.inria.lille.repair.nopol.NoPol.solveWithMultipleBuild(NoPol.java:185)
	at fr.inria.lille.repair.nopol.NoPol.build(NoPol.java:119)
	at fr.inria.lille.repair.nopol.NoPol.build(NoPol.java:89)
	at fr.inria.lille.repair.nopol.NoPolLauncher.launch(NoPolLauncher.java:84)
	at fr.inria.lille.repair.Main.main(Main.java:61)

real	16m2.041s
user	40m54.632s
sys	0m30.140s
