Running ant (compile)...................................................... OK
Running ant (compile.tests)................................................ OK
Picked up JAVA_TOOL_OPTIONS: -Dfile.encoding=UTF8
xxl.java.compiler.DynamicCompilationException: Aborting: dynamic compilation failed
	at xxl.java.compiler.DynamicClassCompiler.runCompilationTask(DynamicClassCompiler.java:88)
	at xxl.java.compiler.DynamicClassCompiler.javaBytecodeFor(DynamicClassCompiler.java:56)
	at fr.inria.lille.commons.spoon.SpoonedFile.compilationFor(SpoonedFile.java:177)
	at fr.inria.lille.commons.spoon.SpoonedFile.compileModelledClasses(SpoonedFile.java:154)
	at fr.inria.lille.commons.spoon.SpoonedFile.processModelledClasses(SpoonedFile.java:138)
	at fr.inria.lille.commons.spoon.SpoonedFile.process(SpoonedFile.java:128)
	at fr.inria.lille.commons.spoon.SpoonedFile.processedAndDumpedToClassLoader(SpoonedFile.java:119)
	at fr.inria.lille.commons.spoon.SpoonedFile.processedAndDumpedToClassLoader(SpoonedFile.java:115)
	at fr.inria.lille.repair.nopol.synth.ConstraintModelBuilder.<init>(ConstraintModelBuilder.java:57)
	at fr.inria.lille.repair.nopol.synth.SynthesizerFactory.getFor(SynthesizerFactory.java:122)
	at fr.inria.lille.repair.nopol.NoPol.solveWithMultipleBuild(NoPol.java:164)
	at fr.inria.lille.repair.nopol.NoPol.build(NoPol.java:119)
	at fr.inria.lille.repair.nopol.NoPol.build(NoPol.java:89)
	at fr.inria.lille.repair.nopol.NoPolLauncher.launch(NoPolLauncher.java:84)
	at fr.inria.lille.repair.Main.main(Main.java:61)
SLF4J: Failed toString() invocation on an object of type [java.util.ArrayList]
java.lang.IndexOutOfBoundsException: Index: 0, Size: 0
	at java.util.ArrayList.rangeCheck(ArrayList.java:635)
	at java.util.ArrayList.get(ArrayList.java:411)
	at org.apache.commons.math3.exception.util.ExceptionContext.buildMessage(ExceptionContext.java:79)
	at org.apache.commons.math3.exception.util.ExceptionContext.getMessage(ExceptionContext.java:66)
	at org.apache.commons.math3.exception.util.ExceptionContext.getMessage(ExceptionContext.java:58)
	at org.apache.commons.math3.exception.MathIllegalStateException.getMessage(MathIllegalStateException.java:80)
	at org.junit.runner.notification.Failure.toString(Failure.java:59)
	at java.lang.String.valueOf(String.java:2849)
	at java.lang.StringBuilder.append(StringBuilder.java:128)
	at java.util.AbstractCollection.toString(AbstractCollection.java:458)
	at org.slf4j.helpers.MessageFormatter.safeObjectAppend(MessageFormatter.java:304)
	at org.slf4j.helpers.MessageFormatter.deeplyAppendParameter(MessageFormatter.java:276)
	at org.slf4j.helpers.MessageFormatter.arrayFormat(MessageFormatter.java:230)
	at ch.qos.logback.classic.spi.LoggingEvent.<init>(LoggingEvent.java:115)
	at ch.qos.logback.classic.Logger.buildLoggingEventAndAppend(Logger.java:439)
	at ch.qos.logback.classic.Logger.filterAndLog_1(Logger.java:413)
	at ch.qos.logback.classic.Logger.debug(Logger.java:506)
	at fr.inria.lille.repair.nopol.synth.ConstraintModelBuilder.determineViability(ConstraintModelBuilder.java:107)
	at fr.inria.lille.repair.nopol.synth.ConstraintModelBuilder.buildFor(ConstraintModelBuilder.java:86)
	at fr.inria.lille.repair.nopol.synth.DefaultSynthesizer.buildPatch(DefaultSynthesizer.java:67)
	at fr.inria.lille.repair.nopol.NoPol.solveWithMultipleBuild(NoPol.java:185)
	at fr.inria.lille.repair.nopol.NoPol.build(NoPol.java:119)
	at fr.inria.lille.repair.nopol.NoPol.build(NoPol.java:89)
	at fr.inria.lille.repair.nopol.NoPolLauncher.launch(NoPolLauncher.java:84)
	at fr.inria.lille.repair.Main.main(Main.java:61)

real	8m11.665s
user	10m28.856s
sys	0m11.952s
