mkdir: cannot create directory ‘lib/’: File exists
Running ant (compile)...................................................... OK
Running ant (compile.tests)................................................ OK
Picked up JAVA_TOOL_OPTIONS: -Dfile.encoding=UTF8
Please use CMSClassUnloadingEnabled in place of CMSPermGenSweepingEnabled in the future
spoon.compiler.ModelBuildingException: The type LocalizedMatcher must implement the inherited abstract method Matcher.describeMismatch(Object, Description) at /tmp/mockito_7_Nopol/src/org/mockito/internal/matchers/LocalizedMatcher.java:16
	at spoon.support.compiler.jdt.JDTBasedSpoonCompiler.report(JDTBasedSpoonCompiler.java:579)
	at spoon.support.compiler.jdt.JDTBasedSpoonCompiler.reportProblems(JDTBasedSpoonCompiler.java:560)
	at spoon.support.compiler.jdt.JDTBasedSpoonCompiler.build(JDTBasedSpoonCompiler.java:121)
	at spoon.support.compiler.jdt.JDTBasedSpoonCompiler.build(JDTBasedSpoonCompiler.java:102)
	at fr.inria.lille.commons.spoon.util.SpoonModelLibrary.modelFor(SpoonModelLibrary.java:56)
	at fr.inria.lille.commons.spoon.SpoonedFile.<init>(SpoonedFile.java:62)
	at fr.inria.lille.commons.spoon.SpoonedProject.<init>(SpoonedProject.java:17)
	at fr.inria.lille.repair.nopol.NoPol.<init>(NoPol.java:100)
	at fr.inria.lille.repair.Main$1.call(Main.java:90)
	at java.util.concurrent.FutureTask.run(FutureTask.java:262)
	at java.util.concurrent.ThreadPoolExecutor.runWorker(ThreadPoolExecutor.java:1145)
	at java.util.concurrent.ThreadPoolExecutor$Worker.run(ThreadPoolExecutor.java:615)
	at java.lang.Thread.run(Thread.java:745)
java.lang.ArrayIndexOutOfBoundsException: -1
	at org.mockito.internal.invocation.ArgumentsProcessor.expandVarArgs(ArgumentsProcessor.java:13)
	at org.mockito.internal.invocation.InvocationImpl.<init>(InvocationImpl.java:47)
	at org.mockito.internal.invocation.InvocationBuilder.toInvocation(InvocationBuilder.java:59)
	at org.mockito.internal.debugging.VerboseMockInvocationLoggerTest.<init>(VerboseMockInvocationLoggerTest.java:26)
	at sun.reflect.NativeConstructorAccessorImpl.newInstance0(Native Method)
	at sun.reflect.NativeConstructorAccessorImpl.newInstance(NativeConstructorAccessorImpl.java:57)
	at sun.reflect.DelegatingConstructorAccessorImpl.newInstance(DelegatingConstructorAccessorImpl.java:45)
	at java.lang.reflect.Constructor.newInstance(Constructor.java:526)
	at org.junit.runners.BlockJUnit4ClassRunner.createTest(BlockJUnit4ClassRunner.java:195)
	at org.junit.runners.BlockJUnit4ClassRunner$1.runReflectiveCall(BlockJUnit4ClassRunner.java:244)
	at org.junit.internal.runners.model.ReflectiveCallable.run(ReflectiveCallable.java:12)
	at org.junit.runners.BlockJUnit4ClassRunner.methodBlock(BlockJUnit4ClassRunner.java:241)
	at org.junit.runners.BlockJUnit4ClassRunner.runChild(BlockJUnit4ClassRunner.java:70)
	at org.junit.runners.BlockJUnit4ClassRunner.runChild(BlockJUnit4ClassRunner.java:50)
	at org.junit.runners.ParentRunner$3.run(ParentRunner.java:238)
	at org.junit.runners.ParentRunner$1.schedule(ParentRunner.java:63)
	at org.junit.runners.ParentRunner.runChildren(ParentRunner.java:236)
	at org.junit.runners.ParentRunner.access$000(ParentRunner.java:53)
	at org.junit.runners.ParentRunner$2.evaluate(ParentRunner.java:229)
	at org.junit.runners.ParentRunner.run(ParentRunner.java:309)
	at org.junit.runner.JUnitCore.run(JUnitCore.java:160)
	at org.junit.runner.JUnitCore.run(JUnitCore.java:138)
	at xxl.java.junit.JUnitSingleTestRunner.call(JUnitSingleTestRunner.java:23)
	at xxl.java.junit.JUnitSingleTestRunner.call(JUnitSingleTestRunner.java:10)
	at java.util.concurrent.FutureTask.run(FutureTask.java:262)
	at java.util.concurrent.ThreadPoolExecutor.runWorker(ThreadPoolExecutor.java:1145)
	at java.util.concurrent.ThreadPoolExecutor$Worker.run(ThreadPoolExecutor.java:615)
	at java.lang.Thread.run(Thread.java:745)
java.lang.ArrayIndexOutOfBoundsException: -1
	at org.mockito.internal.invocation.ArgumentsProcessor.expandVarArgs(ArgumentsProcessor.java:17)
	at org.mockito.internal.invocation.InvocationImpl.<init>(InvocationImpl.java:47)
	at org.mockito.internal.invocation.InvocationBuilder.toInvocation(InvocationBuilder.java:59)
	at org.mockito.internal.debugging.VerboseMockInvocationLoggerTest.<init>(VerboseMockInvocationLoggerTest.java:26)
	at sun.reflect.NativeConstructorAccessorImpl.newInstance0(Native Method)
	at sun.reflect.NativeConstructorAccessorImpl.newInstance(NativeConstructorAccessorImpl.java:57)
	at sun.reflect.DelegatingConstructorAccessorImpl.newInstance(DelegatingConstructorAccessorImpl.java:45)
	at java.lang.reflect.Constructor.newInstance(Constructor.java:526)
	at org.junit.runners.BlockJUnit4ClassRunner.createTest(BlockJUnit4ClassRunner.java:195)
	at org.junit.runners.BlockJUnit4ClassRunner$1.runReflectiveCall(BlockJUnit4ClassRunner.java:244)
	at org.junit.internal.runners.model.ReflectiveCallable.run(ReflectiveCallable.java:12)
	at org.junit.runners.BlockJUnit4ClassRunner.methodBlock(BlockJUnit4ClassRunner.java:241)
	at org.junit.runners.BlockJUnit4ClassRunner.runChild(BlockJUnit4ClassRunner.java:70)
	at org.junit.runners.BlockJUnit4ClassRunner.runChild(BlockJUnit4ClassRunner.java:50)
	at org.junit.runners.ParentRunner$3.run(ParentRunner.java:238)
	at org.junit.runners.ParentRunner$1.schedule(ParentRunner.java:63)
	at org.junit.runners.ParentRunner.runChildren(ParentRunner.java:236)
	at org.junit.runners.ParentRunner.access$000(ParentRunner.java:53)
	at org.junit.runners.ParentRunner$2.evaluate(ParentRunner.java:229)
	at org.junit.runners.ParentRunner.run(ParentRunner.java:309)
	at org.junit.runner.JUnitCore.run(JUnitCore.java:160)
	at org.junit.runner.JUnitCore.run(JUnitCore.java:138)
	at xxl.java.junit.JUnitSingleTestRunner.call(JUnitSingleTestRunner.java:23)
	at xxl.java.junit.JUnitSingleTestRunner.call(JUnitSingleTestRunner.java:10)
	at java.util.concurrent.FutureTask.run(FutureTask.java:262)
	at java.util.concurrent.ThreadPoolExecutor.runWorker(ThreadPoolExecutor.java:1145)
	at java.util.concurrent.ThreadPoolExecutor$Worker.run(ThreadPoolExecutor.java:615)
	at java.lang.Thread.run(Thread.java:745)
java.lang.ArrayIndexOutOfBoundsException: -1
	at org.mockito.internal.invocation.ArgumentsProcessor.expandVarArgs(ArgumentsProcessor.java:13)
	at org.mockito.internal.invocation.InvocationImpl.<init>(InvocationImpl.java:47)
	at org.mockito.internal.invocation.InvocationBuilder.toInvocation(InvocationBuilder.java:59)
	at org.mockito.internal.debugging.VerboseMockInvocationLoggerTest.<init>(VerboseMockInvocationLoggerTest.java:27)
	at sun.reflect.NativeConstructorAccessorImpl.newInstance0(Native Method)
	at sun.reflect.NativeConstructorAccessorImpl.newInstance(NativeConstructorAccessorImpl.java:57)
	at sun.reflect.DelegatingConstructorAccessorImpl.newInstance(DelegatingConstructorAccessorImpl.java:45)
	at java.lang.reflect.Constructor.newInstance(Constructor.java:526)
	at org.junit.runners.BlockJUnit4ClassRunner.createTest(BlockJUnit4ClassRunner.java:195)
	at org.junit.runners.BlockJUnit4ClassRunner$1.runReflectiveCall(BlockJUnit4ClassRunner.java:244)
	at org.junit.internal.runners.model.ReflectiveCallable.run(ReflectiveCallable.java:12)
	at org.junit.runners.BlockJUnit4ClassRunner.methodBlock(BlockJUnit4ClassRunner.java:241)
	at org.junit.runners.BlockJUnit4ClassRunner.runChild(BlockJUnit4ClassRunner.java:70)
	at org.junit.runners.BlockJUnit4ClassRunner.runChild(BlockJUnit4ClassRunner.java:50)
	at org.junit.runners.ParentRunner$3.run(ParentRunner.java:238)
	at org.junit.runners.ParentRunner$1.schedule(ParentRunner.java:63)
	at org.junit.runners.ParentRunner.runChildren(ParentRunner.java:236)
	at org.junit.runners.ParentRunner.access$000(ParentRunner.java:53)
	at org.junit.runners.ParentRunner$2.evaluate(ParentRunner.java:229)
	at org.junit.runners.ParentRunner.run(ParentRunner.java:309)
	at org.junit.runner.JUnitCore.run(JUnitCore.java:160)
	at org.junit.runner.JUnitCore.run(JUnitCore.java:138)
	at xxl.java.junit.JUnitSingleTestRunner.call(JUnitSingleTestRunner.java:23)
	at xxl.java.junit.JUnitSingleTestRunner.call(JUnitSingleTestRunner.java:10)
	at java.util.concurrent.FutureTask.run(FutureTask.java:262)
	at java.util.concurrent.ThreadPoolExecutor.runWorker(ThreadPoolExecutor.java:1145)
	at java.util.concurrent.ThreadPoolExecutor$Worker.run(ThreadPoolExecutor.java:615)
	at java.lang.Thread.run(Thread.java:745)
java.lang.ArrayIndexOutOfBoundsException: -1
	at org.mockito.internal.invocation.ArgumentsProcessor.expandVarArgs(ArgumentsProcessor.java:17)
	at org.mockito.internal.invocation.InvocationImpl.<init>(InvocationImpl.java:47)
	at org.mockito.internal.invocation.InvocationBuilder.toInvocation(InvocationBuilder.java:59)
	at org.mockito.internal.debugging.VerboseMockInvocationLoggerTest.<init>(VerboseMockInvocationLoggerTest.java:27)
	at sun.reflect.NativeConstructorAccessorImpl.newInstance0(Native Method)
	at sun.reflect.NativeConstructorAccessorImpl.newInstance(NativeConstructorAccessorImpl.java:57)
	at sun.reflect.DelegatingConstructorAccessorImpl.newInstance(DelegatingConstructorAccessorImpl.java:45)
	at java.lang.reflect.Constructor.newInstance(Constructor.java:526)
	at org.junit.runners.BlockJUnit4ClassRunner.createTest(BlockJUnit4ClassRunner.java:195)
	at org.junit.runners.BlockJUnit4ClassRunner$1.runReflectiveCall(BlockJUnit4ClassRunner.java:244)
	at org.junit.internal.runners.model.ReflectiveCallable.run(ReflectiveCallable.java:12)
	at org.junit.runners.BlockJUnit4ClassRunner.methodBlock(BlockJUnit4ClassRunner.java:241)
	at org.junit.runners.BlockJUnit4ClassRunner.runChild(BlockJUnit4ClassRunner.java:70)
	at org.junit.runners.BlockJUnit4ClassRunner.runChild(BlockJUnit4ClassRunner.java:50)
	at org.junit.runners.ParentRunner$3.run(ParentRunner.java:238)
	at org.junit.runners.ParentRunner$1.schedule(ParentRunner.java:63)
	at org.junit.runners.ParentRunner.runChildren(ParentRunner.java:236)
	at org.junit.runners.ParentRunner.access$000(ParentRunner.java:53)
	at org.junit.runners.ParentRunner$2.evaluate(ParentRunner.java:229)
	at org.junit.runners.ParentRunner.run(ParentRunner.java:309)
	at org.junit.runner.JUnitCore.run(JUnitCore.java:160)
	at org.junit.runner.JUnitCore.run(JUnitCore.java:138)
	at xxl.java.junit.JUnitSingleTestRunner.call(JUnitSingleTestRunner.java:23)
	at xxl.java.junit.JUnitSingleTestRunner.call(JUnitSingleTestRunner.java:10)
	at java.util.concurrent.FutureTask.run(FutureTask.java:262)
	at java.util.concurrent.ThreadPoolExecutor.runWorker(ThreadPoolExecutor.java:1145)
	at java.util.concurrent.ThreadPoolExecutor$Worker.run(ThreadPoolExecutor.java:615)
	at java.lang.Thread.run(Thread.java:745)
java.lang.ArrayIndexOutOfBoundsException: -1
	at org.mockito.internal.invocation.ArgumentsProcessor.expandVarArgs(ArgumentsProcessor.java:13)
	at org.mockito.internal.invocation.InvocationImpl.<init>(InvocationImpl.java:47)
	at org.mockito.internal.creation.cglib.MethodInterceptorFilter.intercept(MethodInterceptorFilter.java:58)
	at org.mockitousage.bugs.DeepStubsWronglyReportsSerializationProblemsTest$ToBeDeepStubbed$$EnhancerByMockitoWithCGLIB$$4101704.getSomething(<generated>)
	at org.mockitousage.bugs.DeepStubsWronglyReportsSerializationProblemsTest.should_not_raise_a_mockito_exception_about_serialization_when_accessing_deep_stub(DeepStubsWronglyReportsSerializationProblemsTest.java:16)
	at sun.reflect.NativeMethodAccessorImpl.invoke0(Native Method)
	at sun.reflect.NativeMethodAccessorImpl.invoke(NativeMethodAccessorImpl.java:57)
	at sun.reflect.DelegatingMethodAccessorImpl.invoke(DelegatingMethodAccessorImpl.java:43)
	at java.lang.reflect.Method.invoke(Method.java:606)
	at org.junit.runners.model.FrameworkMethod$1.runReflectiveCall(FrameworkMethod.java:47)
	at org.junit.internal.runners.model.ReflectiveCallable.run(ReflectiveCallable.java:12)
	at org.junit.runners.model.FrameworkMethod.invokeExplosively(FrameworkMethod.java:44)
	at org.junit.internal.runners.statements.InvokeMethod.evaluate(InvokeMethod.java:17)
	at org.junit.runners.ParentRunner.runLeaf(ParentRunner.java:271)
	at org.junit.runners.BlockJUnit4ClassRunner.runChild(BlockJUnit4ClassRunner.java:70)
	at org.junit.runners.BlockJUnit4ClassRunner.runChild(BlockJUnit4ClassRunner.java:50)
	at org.junit.runners.ParentRunner$3.run(ParentRunner.java:238)
	at org.junit.runners.ParentRunner$1.schedule(ParentRunner.java:63)
	at org.junit.runners.ParentRunner.runChildren(ParentRunner.java:236)
	at org.junit.runners.ParentRunner.access$000(ParentRunner.java:53)
	at org.junit.runners.ParentRunner$2.evaluate(ParentRunner.java:229)
	at org.junit.runners.ParentRunner.run(ParentRunner.java:309)
	at org.junit.runner.JUnitCore.run(JUnitCore.java:160)
	at org.junit.runner.JUnitCore.run(JUnitCore.java:138)
	at xxl.java.junit.JUnitSingleTestRunner.call(JUnitSingleTestRunner.java:23)
	at xxl.java.junit.JUnitSingleTestRunner.call(JUnitSingleTestRunner.java:10)
	at java.util.concurrent.FutureTask.run(FutureTask.java:262)
	at java.util.concurrent.ThreadPoolExecutor.runWorker(ThreadPoolExecutor.java:1145)
	at java.util.concurrent.ThreadPoolExecutor$Worker.run(ThreadPoolExecutor.java:615)
	at java.lang.Thread.run(Thread.java:745)
java.lang.ArrayIndexOutOfBoundsException: -1
	at org.mockito.internal.invocation.ArgumentsProcessor.expandVarArgs(ArgumentsProcessor.java:17)
	at org.mockito.internal.invocation.InvocationImpl.<init>(InvocationImpl.java:47)
	at org.mockito.internal.creation.cglib.MethodInterceptorFilter.intercept(MethodInterceptorFilter.java:58)
	at org.mockitousage.bugs.DeepStubsWronglyReportsSerializationProblemsTest$ToBeDeepStubbed$$EnhancerByMockitoWithCGLIB$$4101704.getSomething(<generated>)
	at org.mockitousage.bugs.DeepStubsWronglyReportsSerializationProblemsTest.should_not_raise_a_mockito_exception_about_serialization_when_accessing_deep_stub(DeepStubsWronglyReportsSerializationProblemsTest.java:16)
	at sun.reflect.NativeMethodAccessorImpl.invoke0(Native Method)
	at sun.reflect.NativeMethodAccessorImpl.invoke(NativeMethodAccessorImpl.java:57)
	at sun.reflect.DelegatingMethodAccessorImpl.invoke(DelegatingMethodAccessorImpl.java:43)
	at java.lang.reflect.Method.invoke(Method.java:606)
	at org.junit.runners.model.FrameworkMethod$1.runReflectiveCall(FrameworkMethod.java:47)
	at org.junit.internal.runners.model.ReflectiveCallable.run(ReflectiveCallable.java:12)
	at org.junit.runners.model.FrameworkMethod.invokeExplosively(FrameworkMethod.java:44)
	at org.junit.internal.runners.statements.InvokeMethod.evaluate(InvokeMethod.java:17)
	at org.junit.runners.ParentRunner.runLeaf(ParentRunner.java:271)
	at org.junit.runners.BlockJUnit4ClassRunner.runChild(BlockJUnit4ClassRunner.java:70)
	at org.junit.runners.BlockJUnit4ClassRunner.runChild(BlockJUnit4ClassRunner.java:50)
	at org.junit.runners.ParentRunner$3.run(ParentRunner.java:238)
	at org.junit.runners.ParentRunner$1.schedule(ParentRunner.java:63)
	at org.junit.runners.ParentRunner.runChildren(ParentRunner.java:236)
	at org.junit.runners.ParentRunner.access$000(ParentRunner.java:53)
	at org.junit.runners.ParentRunner$2.evaluate(ParentRunner.java:229)
	at org.junit.runners.ParentRunner.run(ParentRunner.java:309)
	at org.junit.runner.JUnitCore.run(JUnitCore.java:160)
	at org.junit.runner.JUnitCore.run(JUnitCore.java:138)
	at xxl.java.junit.JUnitSingleTestRunner.call(JUnitSingleTestRunner.java:23)
	at xxl.java.junit.JUnitSingleTestRunner.call(JUnitSingleTestRunner.java:10)
	at java.util.concurrent.FutureTask.run(FutureTask.java:262)
	at java.util.concurrent.ThreadPoolExecutor.runWorker(ThreadPoolExecutor.java:1145)
	at java.util.concurrent.ThreadPoolExecutor$Worker.run(ThreadPoolExecutor.java:615)
	at java.lang.Thread.run(Thread.java:745)
java.lang.ArrayIndexOutOfBoundsException: -1
	at org.mockito.internal.invocation.ArgumentsProcessor.expandVarArgs(ArgumentsProcessor.java:13)
	at org.mockito.internal.invocation.InvocationImpl.<init>(InvocationImpl.java:47)
	at org.mockito.internal.creation.cglib.MethodInterceptorFilter.intercept(MethodInterceptorFilter.java:58)
	at org.mockitousage.bugs.deepstubs.DeepStubFailingWhenGenricNestedAsRawTypeTest$MyClass1$$EnhancerByMockitoWithCGLIB$$5092aa82.getNested(<generated>)
	at org.mockitousage.bugs.deepstubs.DeepStubFailingWhenGenricNestedAsRawTypeTest.discoverDeepMockingOfGenerics(DeepStubFailingWhenGenricNestedAsRawTypeTest.java:26)
	at sun.reflect.NativeMethodAccessorImpl.invoke0(Native Method)
	at sun.reflect.NativeMethodAccessorImpl.invoke(NativeMethodAccessorImpl.java:57)
	at sun.reflect.DelegatingMethodAccessorImpl.invoke(DelegatingMethodAccessorImpl.java:43)
	at java.lang.reflect.Method.invoke(Method.java:606)
	at org.junit.runners.model.FrameworkMethod$1.runReflectiveCall(FrameworkMethod.java:47)
	at org.junit.internal.runners.model.ReflectiveCallable.run(ReflectiveCallable.java:12)
	at org.junit.runners.model.FrameworkMethod.invokeExplosively(FrameworkMethod.java:44)
	at org.junit.internal.runners.statements.InvokeMethod.evaluate(InvokeMethod.java:17)
	at org.junit.runners.ParentRunner.runLeaf(ParentRunner.java:271)
	at org.junit.runners.BlockJUnit4ClassRunner.runChild(BlockJUnit4ClassRunner.java:70)
	at org.junit.runners.BlockJUnit4ClassRunner.runChild(BlockJUnit4ClassRunner.java:50)
	at org.junit.runners.ParentRunner$3.run(ParentRunner.java:238)
	at org.junit.runners.ParentRunner$1.schedule(ParentRunner.java:63)
	at org.junit.runners.ParentRunner.runChildren(ParentRunner.java:236)
	at org.junit.runners.ParentRunner.access$000(ParentRunner.java:53)
	at org.junit.runners.ParentRunner$2.evaluate(ParentRunner.java:229)
	at org.junit.runners.ParentRunner.run(ParentRunner.java:309)
	at org.junit.runner.JUnitCore.run(JUnitCore.java:160)
	at org.junit.runner.JUnitCore.run(JUnitCore.java:138)
	at xxl.java.junit.JUnitSingleTestRunner.call(JUnitSingleTestRunner.java:23)
	at xxl.java.junit.JUnitSingleTestRunner.call(JUnitSingleTestRunner.java:10)
	at java.util.concurrent.FutureTask.run(FutureTask.java:262)
	at java.util.concurrent.ThreadPoolExecutor.runWorker(ThreadPoolExecutor.java:1145)
	at java.util.concurrent.ThreadPoolExecutor$Worker.run(ThreadPoolExecutor.java:615)
	at java.lang.Thread.run(Thread.java:745)
java.lang.ArrayIndexOutOfBoundsException: -1
	at org.mockito.internal.invocation.ArgumentsProcessor.expandVarArgs(ArgumentsProcessor.java:17)
	at org.mockito.internal.invocation.InvocationImpl.<init>(InvocationImpl.java:47)
	at org.mockito.internal.creation.cglib.MethodInterceptorFilter.intercept(MethodInterceptorFilter.java:58)
	at org.mockitousage.bugs.deepstubs.DeepStubFailingWhenGenricNestedAsRawTypeTest$MyClass1$$EnhancerByMockitoWithCGLIB$$5092aa82.getNested(<generated>)
	at org.mockitousage.bugs.deepstubs.DeepStubFailingWhenGenricNestedAsRawTypeTest.discoverDeepMockingOfGenerics(DeepStubFailingWhenGenricNestedAsRawTypeTest.java:26)
	at sun.reflect.NativeMethodAccessorImpl.invoke0(Native Method)
	at sun.reflect.NativeMethodAccessorImpl.invoke(NativeMethodAccessorImpl.java:57)
	at sun.reflect.DelegatingMethodAccessorImpl.invoke(DelegatingMethodAccessorImpl.java:43)
	at java.lang.reflect.Method.invoke(Method.java:606)
	at org.junit.runners.model.FrameworkMethod$1.runReflectiveCall(FrameworkMethod.java:47)
	at org.junit.internal.runners.model.ReflectiveCallable.run(ReflectiveCallable.java:12)
	at org.junit.runners.model.FrameworkMethod.invokeExplosively(FrameworkMethod.java:44)
	at org.junit.internal.runners.statements.InvokeMethod.evaluate(InvokeMethod.java:17)
	at org.junit.runners.ParentRunner.runLeaf(ParentRunner.java:271)
	at org.junit.runners.BlockJUnit4ClassRunner.runChild(BlockJUnit4ClassRunner.java:70)
	at org.junit.runners.BlockJUnit4ClassRunner.runChild(BlockJUnit4ClassRunner.java:50)
	at org.junit.runners.ParentRunner$3.run(ParentRunner.java:238)
	at org.junit.runners.ParentRunner$1.schedule(ParentRunner.java:63)
	at org.junit.runners.ParentRunner.runChildren(ParentRunner.java:236)
	at org.junit.runners.ParentRunner.access$000(ParentRunner.java:53)
	at org.junit.runners.ParentRunner$2.evaluate(ParentRunner.java:229)
	at org.junit.runners.ParentRunner.run(ParentRunner.java:309)
	at org.junit.runner.JUnitCore.run(JUnitCore.java:160)
	at org.junit.runner.JUnitCore.run(JUnitCore.java:138)
	at xxl.java.junit.JUnitSingleTestRunner.call(JUnitSingleTestRunner.java:23)
	at xxl.java.junit.JUnitSingleTestRunner.call(JUnitSingleTestRunner.java:10)
	at java.util.concurrent.FutureTask.run(FutureTask.java:262)
	at java.util.concurrent.ThreadPoolExecutor.runWorker(ThreadPoolExecutor.java:1145)
	at java.util.concurrent.ThreadPoolExecutor$Worker.run(ThreadPoolExecutor.java:615)
	at java.lang.Thread.run(Thread.java:745)
java.lang.ArrayIndexOutOfBoundsException: -1
	at org.mockito.internal.invocation.ArgumentsProcessor.expandVarArgs(ArgumentsProcessor.java:13)
	at org.mockito.internal.invocation.InvocationImpl.<init>(InvocationImpl.java:47)
	at org.mockito.internal.creation.cglib.MethodInterceptorFilter.intercept(MethodInterceptorFilter.java:58)
	at org.mockitousage.bugs.deepstubs.DeepStubFailingWhenGenricNestedAsRawTypeTest$MyClass2$$EnhancerByMockitoWithCGLIB$$93592fb.getNested(<generated>)
	at org.mockitousage.bugs.deepstubs.DeepStubFailingWhenGenricNestedAsRawTypeTest.discoverDeepMockingOfGenerics(DeepStubFailingWhenGenricNestedAsRawTypeTest.java:26)
	at sun.reflect.NativeMethodAccessorImpl.invoke0(Native Method)
	at sun.reflect.NativeMethodAccessorImpl.invoke(NativeMethodAccessorImpl.java:57)
	at sun.reflect.DelegatingMethodAccessorImpl.invoke(DelegatingMethodAccessorImpl.java:43)
	at java.lang.reflect.Method.invoke(Method.java:606)
	at org.junit.runners.model.FrameworkMethod$1.runReflectiveCall(FrameworkMethod.java:47)
	at org.junit.internal.runners.model.ReflectiveCallable.run(ReflectiveCallable.java:12)
	at org.junit.runners.model.FrameworkMethod.invokeExplosively(FrameworkMethod.java:44)
	at org.junit.internal.runners.statements.InvokeMethod.evaluate(InvokeMethod.java:17)
	at org.junit.runners.ParentRunner.runLeaf(ParentRunner.java:271)
	at org.junit.runners.BlockJUnit4ClassRunner.runChild(BlockJUnit4ClassRunner.java:70)
	at org.junit.runners.BlockJUnit4ClassRunner.runChild(BlockJUnit4ClassRunner.java:50)
	at org.junit.runners.ParentRunner$3.run(ParentRunner.java:238)
	at org.junit.runners.ParentRunner$1.schedule(ParentRunner.java:63)
	at org.junit.runners.ParentRunner.runChildren(ParentRunner.java:236)
	at org.junit.runners.ParentRunner.access$000(ParentRunner.java:53)
	at org.junit.runners.ParentRunner$2.evaluate(ParentRunner.java:229)
	at org.junit.runners.ParentRunner.run(ParentRunner.java:309)
	at org.junit.runner.JUnitCore.run(JUnitCore.java:160)
	at org.junit.runner.JUnitCore.run(JUnitCore.java:138)
	at xxl.java.junit.JUnitSingleTestRunner.call(JUnitSingleTestRunner.java:23)
	at xxl.java.junit.JUnitSingleTestRunner.call(JUnitSingleTestRunner.java:10)
	at java.util.concurrent.FutureTask.run(FutureTask.java:262)
	at java.util.concurrent.ThreadPoolExecutor.runWorker(ThreadPoolExecutor.java:1145)
	at java.util.concurrent.ThreadPoolExecutor$Worker.run(ThreadPoolExecutor.java:615)
	at java.lang.Thread.run(Thread.java:745)
java.lang.ArrayIndexOutOfBoundsException: -1
	at org.mockito.internal.invocation.ArgumentsProcessor.expandVarArgs(ArgumentsProcessor.java:17)
	at org.mockito.internal.invocation.InvocationImpl.<init>(InvocationImpl.java:47)
	at org.mockito.internal.creation.cglib.MethodInterceptorFilter.intercept(MethodInterceptorFilter.java:58)
	at org.mockitousage.bugs.deepstubs.DeepStubFailingWhenGenricNestedAsRawTypeTest$MyClass2$$EnhancerByMockitoWithCGLIB$$93592fb.getNested(<generated>)
	at org.mockitousage.bugs.deepstubs.DeepStubFailingWhenGenricNestedAsRawTypeTest.discoverDeepMockingOfGenerics(DeepStubFailingWhenGenricNestedAsRawTypeTest.java:26)
	at sun.reflect.NativeMethodAccessorImpl.invoke0(Native Method)
	at sun.reflect.NativeMethodAccessorImpl.invoke(NativeMethodAccessorImpl.java:57)
	at sun.reflect.DelegatingMethodAccessorImpl.invoke(DelegatingMethodAccessorImpl.java:43)
	at java.lang.reflect.Method.invoke(Method.java:606)
	at org.junit.runners.model.FrameworkMethod$1.runReflectiveCall(FrameworkMethod.java:47)
	at org.junit.internal.runners.model.ReflectiveCallable.run(ReflectiveCallable.java:12)
	at org.junit.runners.model.FrameworkMethod.invokeExplosively(FrameworkMethod.java:44)
	at org.junit.internal.runners.statements.InvokeMethod.evaluate(InvokeMethod.java:17)
	at org.junit.runners.ParentRunner.runLeaf(ParentRunner.java:271)
	at org.junit.runners.BlockJUnit4ClassRunner.runChild(BlockJUnit4ClassRunner.java:70)
	at org.junit.runners.BlockJUnit4ClassRunner.runChild(BlockJUnit4ClassRunner.java:50)
	at org.junit.runners.ParentRunner$3.run(ParentRunner.java:238)
	at org.junit.runners.ParentRunner$1.schedule(ParentRunner.java:63)
	at org.junit.runners.ParentRunner.runChildren(ParentRunner.java:236)
	at org.junit.runners.ParentRunner.access$000(ParentRunner.java:53)
	at org.junit.runners.ParentRunner$2.evaluate(ParentRunner.java:229)
	at org.junit.runners.ParentRunner.run(ParentRunner.java:309)
	at org.junit.runner.JUnitCore.run(JUnitCore.java:160)
	at org.junit.runner.JUnitCore.run(JUnitCore.java:138)
	at xxl.java.junit.JUnitSingleTestRunner.call(JUnitSingleTestRunner.java:23)
	at xxl.java.junit.JUnitSingleTestRunner.call(JUnitSingleTestRunner.java:10)
	at java.util.concurrent.FutureTask.run(FutureTask.java:262)
	at java.util.concurrent.ThreadPoolExecutor.runWorker(ThreadPoolExecutor.java:1145)
	at java.util.concurrent.ThreadPoolExecutor$Worker.run(ThreadPoolExecutor.java:615)
	at java.lang.Thread.run(Thread.java:745)
java.lang.ArrayIndexOutOfBoundsException: -1
	at org.mockito.internal.invocation.ArgumentsProcessor.expandVarArgs(ArgumentsProcessor.java:13)
	at org.mockito.internal.invocation.InvocationImpl.<init>(InvocationImpl.java:47)
	at org.mockito.internal.creation.cglib.MethodInterceptorFilter.intercept(MethodInterceptorFilter.java:58)
	at org.mockitousage.IMethods$$EnhancerByMockitoWithCGLIB$$ccfa859.simpleMethod(<generated>)
	at org.mockitousage.stubbing.StubbingWithDelegateTest.exception_should_be_propagated_from_delegate(StubbingWithDelegateTest.java:174)
	at sun.reflect.NativeMethodAccessorImpl.invoke0(Native Method)
	at sun.reflect.NativeMethodAccessorImpl.invoke(NativeMethodAccessorImpl.java:57)
	at sun.reflect.DelegatingMethodAccessorImpl.invoke(DelegatingMethodAccessorImpl.java:43)
	at java.lang.reflect.Method.invoke(Method.java:606)
	at org.junit.runners.model.FrameworkMethod$1.runReflectiveCall(FrameworkMethod.java:47)
	at org.junit.internal.runners.model.ReflectiveCallable.run(ReflectiveCallable.java:12)
	at org.junit.runners.model.FrameworkMethod.invokeExplosively(FrameworkMethod.java:44)
	at org.junit.internal.runners.statements.InvokeMethod.evaluate(InvokeMethod.java:17)
	at org.junit.runners.ParentRunner.runLeaf(ParentRunner.java:271)
	at org.junit.runners.BlockJUnit4ClassRunner.runChild(BlockJUnit4ClassRunner.java:70)
	at org.junit.runners.BlockJUnit4ClassRunner.runChild(BlockJUnit4ClassRunner.java:50)
	at org.junit.runners.ParentRunner$3.run(ParentRunner.java:238)
	at org.junit.runners.ParentRunner$1.schedule(ParentRunner.java:63)
	at org.junit.runners.ParentRunner.runChildren(ParentRunner.java:236)
	at org.junit.runners.ParentRunner.access$000(ParentRunner.java:53)
	at org.junit.runners.ParentRunner$2.evaluate(ParentRunner.java:229)
	at org.junit.runners.ParentRunner.run(ParentRunner.java:309)
	at org.junit.runner.JUnitCore.run(JUnitCore.java:160)
	at org.junit.runner.JUnitCore.run(JUnitCore.java:138)
	at xxl.java.junit.JUnitSingleTestRunner.call(JUnitSingleTestRunner.java:23)
	at xxl.java.junit.JUnitSingleTestRunner.call(JUnitSingleTestRunner.java:10)
	at java.util.concurrent.FutureTask.run(FutureTask.java:262)
	at java.util.concurrent.ThreadPoolExecutor.runWorker(ThreadPoolExecutor.java:1145)
	at java.util.concurrent.ThreadPoolExecutor$Worker.run(ThreadPoolExecutor.java:615)
	at java.lang.Thread.run(Thread.java:745)
java.lang.ArrayIndexOutOfBoundsException: -1
	at org.mockito.internal.invocation.ArgumentsProcessor.expandVarArgs(ArgumentsProcessor.java:17)
	at org.mockito.internal.invocation.InvocationImpl.<init>(InvocationImpl.java:47)
	at org.mockito.internal.creation.cglib.MethodInterceptorFilter.intercept(MethodInterceptorFilter.java:58)
	at org.mockitousage.IMethods$$EnhancerByMockitoWithCGLIB$$ccfa859.simpleMethod(<generated>)
	at org.mockitousage.stubbing.StubbingWithDelegateTest.exception_should_be_propagated_from_delegate(StubbingWithDelegateTest.java:174)
	at sun.reflect.NativeMethodAccessorImpl.invoke0(Native Method)
	at sun.reflect.NativeMethodAccessorImpl.invoke(NativeMethodAccessorImpl.java:57)
	at sun.reflect.DelegatingMethodAccessorImpl.invoke(DelegatingMethodAccessorImpl.java:43)
	at java.lang.reflect.Method.invoke(Method.java:606)
	at org.junit.runners.model.FrameworkMethod$1.runReflectiveCall(FrameworkMethod.java:47)
	at org.junit.internal.runners.model.ReflectiveCallable.run(ReflectiveCallable.java:12)
	at org.junit.runners.model.FrameworkMethod.invokeExplosively(FrameworkMethod.java:44)
	at org.junit.internal.runners.statements.InvokeMethod.evaluate(InvokeMethod.java:17)
	at org.junit.runners.ParentRunner.runLeaf(ParentRunner.java:271)
	at org.junit.runners.BlockJUnit4ClassRunner.runChild(BlockJUnit4ClassRunner.java:70)
	at org.junit.runners.BlockJUnit4ClassRunner.runChild(BlockJUnit4ClassRunner.java:50)
	at org.junit.runners.ParentRunner$3.run(ParentRunner.java:238)
	at org.junit.runners.ParentRunner$1.schedule(ParentRunner.java:63)
	at org.junit.runners.ParentRunner.runChildren(ParentRunner.java:236)
	at org.junit.runners.ParentRunner.access$000(ParentRunner.java:53)
	at org.junit.runners.ParentRunner$2.evaluate(ParentRunner.java:229)
	at org.junit.runners.ParentRunner.run(ParentRunner.java:309)
	at org.junit.runner.JUnitCore.run(JUnitCore.java:160)
	at org.junit.runner.JUnitCore.run(JUnitCore.java:138)
	at xxl.java.junit.JUnitSingleTestRunner.call(JUnitSingleTestRunner.java:23)
	at xxl.java.junit.JUnitSingleTestRunner.call(JUnitSingleTestRunner.java:10)
	at java.util.concurrent.FutureTask.run(FutureTask.java:262)
	at java.util.concurrent.ThreadPoolExecutor.runWorker(ThreadPoolExecutor.java:1145)
	at java.util.concurrent.ThreadPoolExecutor$Worker.run(ThreadPoolExecutor.java:615)
	at java.lang.Thread.run(Thread.java:745)
java.lang.ArrayIndexOutOfBoundsException: -1
	at org.mockito.internal.invocation.ArgumentsProcessor.expandVarArgs(ArgumentsProcessor.java:13)
	at org.mockito.internal.invocation.InvocationImpl.<init>(InvocationImpl.java:47)
	at org.mockito.internal.invocation.InvocationBuilder.toInvocation(InvocationBuilder.java:59)
	at org.mockito.internal.debugging.VerboseMockInvocationLoggerTest.<init>(VerboseMockInvocationLoggerTest.java:26)
	at sun.reflect.NativeConstructorAccessorImpl.newInstance0(Native Method)
	at sun.reflect.NativeConstructorAccessorImpl.newInstance(NativeConstructorAccessorImpl.java:57)
	at sun.reflect.DelegatingConstructorAccessorImpl.newInstance(DelegatingConstructorAccessorImpl.java:45)
	at java.lang.reflect.Constructor.newInstance(Constructor.java:526)
	at org.junit.runners.BlockJUnit4ClassRunner.createTest(BlockJUnit4ClassRunner.java:195)
	at org.junit.runners.BlockJUnit4ClassRunner$1.runReflectiveCall(BlockJUnit4ClassRunner.java:244)
	at org.junit.internal.runners.model.ReflectiveCallable.run(ReflectiveCallable.java:12)
	at org.junit.runners.BlockJUnit4ClassRunner.methodBlock(BlockJUnit4ClassRunner.java:241)
	at org.junit.runners.BlockJUnit4ClassRunner.runChild(BlockJUnit4ClassRunner.java:70)
	at org.junit.runners.BlockJUnit4ClassRunner.runChild(BlockJUnit4ClassRunner.java:50)
	at org.junit.runners.ParentRunner$3.run(ParentRunner.java:238)
	at org.junit.runners.ParentRunner$1.schedule(ParentRunner.java:63)
	at org.junit.runners.ParentRunner.runChildren(ParentRunner.java:236)
	at org.junit.runners.ParentRunner.access$000(ParentRunner.java:53)
	at org.junit.runners.ParentRunner$2.evaluate(ParentRunner.java:229)
	at org.junit.runners.ParentRunner.run(ParentRunner.java:309)
	at org.junit.runner.JUnitCore.run(JUnitCore.java:160)
	at org.junit.runner.JUnitCore.run(JUnitCore.java:138)
	at xxl.java.junit.JUnitSingleTestRunner.call(JUnitSingleTestRunner.java:23)
	at xxl.java.junit.JUnitSingleTestRunner.call(JUnitSingleTestRunner.java:10)
	at java.util.concurrent.FutureTask.run(FutureTask.java:262)
	at java.util.concurrent.ThreadPoolExecutor.runWorker(ThreadPoolExecutor.java:1145)
	at java.util.concurrent.ThreadPoolExecutor$Worker.run(ThreadPoolExecutor.java:615)
	at java.lang.Thread.run(Thread.java:745)
java.lang.ArrayIndexOutOfBoundsException: -1
	at org.mockito.internal.invocation.ArgumentsProcessor.expandVarArgs(ArgumentsProcessor.java:17)
	at org.mockito.internal.invocation.InvocationImpl.<init>(InvocationImpl.java:47)
	at org.mockito.internal.invocation.InvocationBuilder.toInvocation(InvocationBuilder.java:59)
	at org.mockito.internal.debugging.VerboseMockInvocationLoggerTest.<init>(VerboseMockInvocationLoggerTest.java:26)
	at sun.reflect.NativeConstructorAccessorImpl.newInstance0(Native Method)
	at sun.reflect.NativeConstructorAccessorImpl.newInstance(NativeConstructorAccessorImpl.java:57)
	at sun.reflect.DelegatingConstructorAccessorImpl.newInstance(DelegatingConstructorAccessorImpl.java:45)
	at java.lang.reflect.Constructor.newInstance(Constructor.java:526)
	at org.junit.runners.BlockJUnit4ClassRunner.createTest(BlockJUnit4ClassRunner.java:195)
	at org.junit.runners.BlockJUnit4ClassRunner$1.runReflectiveCall(BlockJUnit4ClassRunner.java:244)
	at org.junit.internal.runners.model.ReflectiveCallable.run(ReflectiveCallable.java:12)
	at org.junit.runners.BlockJUnit4ClassRunner.methodBlock(BlockJUnit4ClassRunner.java:241)
	at org.junit.runners.BlockJUnit4ClassRunner.runChild(BlockJUnit4ClassRunner.java:70)
	at org.junit.runners.BlockJUnit4ClassRunner.runChild(BlockJUnit4ClassRunner.java:50)
	at org.junit.runners.ParentRunner$3.run(ParentRunner.java:238)
	at org.junit.runners.ParentRunner$1.schedule(ParentRunner.java:63)
	at org.junit.runners.ParentRunner.runChildren(ParentRunner.java:236)
	at org.junit.runners.ParentRunner.access$000(ParentRunner.java:53)
	at org.junit.runners.ParentRunner$2.evaluate(ParentRunner.java:229)
	at org.junit.runners.ParentRunner.run(ParentRunner.java:309)
	at org.junit.runner.JUnitCore.run(JUnitCore.java:160)
	at org.junit.runner.JUnitCore.run(JUnitCore.java:138)
	at xxl.java.junit.JUnitSingleTestRunner.call(JUnitSingleTestRunner.java:23)
	at xxl.java.junit.JUnitSingleTestRunner.call(JUnitSingleTestRunner.java:10)
	at java.util.concurrent.FutureTask.run(FutureTask.java:262)
	at java.util.concurrent.ThreadPoolExecutor.runWorker(ThreadPoolExecutor.java:1145)
	at java.util.concurrent.ThreadPoolExecutor$Worker.run(ThreadPoolExecutor.java:615)
	at java.lang.Thread.run(Thread.java:745)
java.lang.ArrayIndexOutOfBoundsException: -1
	at org.mockito.internal.invocation.ArgumentsProcessor.expandVarArgs(ArgumentsProcessor.java:13)
	at org.mockito.internal.invocation.InvocationImpl.<init>(InvocationImpl.java:47)
	at org.mockito.internal.creation.cglib.MethodInterceptorFilter.intercept(MethodInterceptorFilter.java:58)
	at org.mockitousage.bugs.DeepStubsWronglyReportsSerializationProblemsTest$ToBeDeepStubbed$$EnhancerByMockitoWithCGLIB$$4101704.getSomething(<generated>)
	at org.mockitousage.bugs.DeepStubsWronglyReportsSerializationProblemsTest.should_not_raise_a_mockito_exception_about_serialization_when_accessing_deep_stub(DeepStubsWronglyReportsSerializationProblemsTest.java:16)
	at sun.reflect.NativeMethodAccessorImpl.invoke0(Native Method)
	at sun.reflect.NativeMethodAccessorImpl.invoke(NativeMethodAccessorImpl.java:57)
	at sun.reflect.DelegatingMethodAccessorImpl.invoke(DelegatingMethodAccessorImpl.java:43)
	at java.lang.reflect.Method.invoke(Method.java:606)
	at org.junit.runners.model.FrameworkMethod$1.runReflectiveCall(FrameworkMethod.java:47)
	at org.junit.internal.runners.model.ReflectiveCallable.run(ReflectiveCallable.java:12)
	at org.junit.runners.model.FrameworkMethod.invokeExplosively(FrameworkMethod.java:44)
	at org.junit.internal.runners.statements.InvokeMethod.evaluate(InvokeMethod.java:17)
	at org.junit.runners.ParentRunner.runLeaf(ParentRunner.java:271)
	at org.junit.runners.BlockJUnit4ClassRunner.runChild(BlockJUnit4ClassRunner.java:70)
	at org.junit.runners.BlockJUnit4ClassRunner.runChild(BlockJUnit4ClassRunner.java:50)
	at org.junit.runners.ParentRunner$3.run(ParentRunner.java:238)
	at org.junit.runners.ParentRunner$1.schedule(ParentRunner.java:63)
	at org.junit.runners.ParentRunner.runChildren(ParentRunner.java:236)
	at org.junit.runners.ParentRunner.access$000(ParentRunner.java:53)
	at org.junit.runners.ParentRunner$2.evaluate(ParentRunner.java:229)
	at org.junit.runners.ParentRunner.run(ParentRunner.java:309)
	at org.junit.runner.JUnitCore.run(JUnitCore.java:160)
	at org.junit.runner.JUnitCore.run(JUnitCore.java:138)
	at xxl.java.junit.JUnitSingleTestRunner.call(JUnitSingleTestRunner.java:23)
	at xxl.java.junit.JUnitSingleTestRunner.call(JUnitSingleTestRunner.java:10)
	at java.util.concurrent.FutureTask.run(FutureTask.java:262)
	at java.util.concurrent.ThreadPoolExecutor.runWorker(ThreadPoolExecutor.java:1145)
	at java.util.concurrent.ThreadPoolExecutor$Worker.run(ThreadPoolExecutor.java:615)
	at java.lang.Thread.run(Thread.java:745)
java.lang.ArrayIndexOutOfBoundsException: -1
	at org.mockito.internal.invocation.ArgumentsProcessor.expandVarArgs(ArgumentsProcessor.java:17)
	at org.mockito.internal.invocation.InvocationImpl.<init>(InvocationImpl.java:47)
	at org.mockito.internal.creation.cglib.MethodInterceptorFilter.intercept(MethodInterceptorFilter.java:58)
	at org.mockitousage.bugs.DeepStubsWronglyReportsSerializationProblemsTest$ToBeDeepStubbed$$EnhancerByMockitoWithCGLIB$$4101704.getSomething(<generated>)
	at org.mockitousage.bugs.DeepStubsWronglyReportsSerializationProblemsTest.should_not_raise_a_mockito_exception_about_serialization_when_accessing_deep_stub(DeepStubsWronglyReportsSerializationProblemsTest.java:16)
	at sun.reflect.NativeMethodAccessorImpl.invoke0(Native Method)
	at sun.reflect.NativeMethodAccessorImpl.invoke(NativeMethodAccessorImpl.java:57)
	at sun.reflect.DelegatingMethodAccessorImpl.invoke(DelegatingMethodAccessorImpl.java:43)
	at java.lang.reflect.Method.invoke(Method.java:606)
	at org.junit.runners.model.FrameworkMethod$1.runReflectiveCall(FrameworkMethod.java:47)
	at org.junit.internal.runners.model.ReflectiveCallable.run(ReflectiveCallable.java:12)
	at org.junit.runners.model.FrameworkMethod.invokeExplosively(FrameworkMethod.java:44)
	at org.junit.internal.runners.statements.InvokeMethod.evaluate(InvokeMethod.java:17)
	at org.junit.runners.ParentRunner.runLeaf(ParentRunner.java:271)
	at org.junit.runners.BlockJUnit4ClassRunner.runChild(BlockJUnit4ClassRunner.java:70)
	at org.junit.runners.BlockJUnit4ClassRunner.runChild(BlockJUnit4ClassRunner.java:50)
	at org.junit.runners.ParentRunner$3.run(ParentRunner.java:238)
	at org.junit.runners.ParentRunner$1.schedule(ParentRunner.java:63)
	at org.junit.runners.ParentRunner.runChildren(ParentRunner.java:236)
	at org.junit.runners.ParentRunner.access$000(ParentRunner.java:53)
	at org.junit.runners.ParentRunner$2.evaluate(ParentRunner.java:229)
	at org.junit.runners.ParentRunner.run(ParentRunner.java:309)
	at org.junit.runner.JUnitCore.run(JUnitCore.java:160)
	at org.junit.runner.JUnitCore.run(JUnitCore.java:138)
	at xxl.java.junit.JUnitSingleTestRunner.call(JUnitSingleTestRunner.java:23)
	at xxl.java.junit.JUnitSingleTestRunner.call(JUnitSingleTestRunner.java:10)
	at java.util.concurrent.FutureTask.run(FutureTask.java:262)
	at java.util.concurrent.ThreadPoolExecutor.runWorker(ThreadPoolExecutor.java:1145)
	at java.util.concurrent.ThreadPoolExecutor$Worker.run(ThreadPoolExecutor.java:615)
	at java.lang.Thread.run(Thread.java:745)
java.lang.ArrayIndexOutOfBoundsException: -1
	at org.mockito.internal.invocation.ArgumentsProcessor.expandVarArgs(ArgumentsProcessor.java:13)
	at org.mockito.internal.invocation.InvocationImpl.<init>(InvocationImpl.java:47)
	at org.mockito.internal.creation.cglib.MethodInterceptorFilter.intercept(MethodInterceptorFilter.java:58)
	at org.mockitousage.bugs.deepstubs.DeepStubFailingWhenGenricNestedAsRawTypeTest$MyClass1$$EnhancerByMockitoWithCGLIB$$5092aa82.getNested(<generated>)
	at org.mockitousage.bugs.deepstubs.DeepStubFailingWhenGenricNestedAsRawTypeTest.discoverDeepMockingOfGenerics(DeepStubFailingWhenGenricNestedAsRawTypeTest.java:26)
	at sun.reflect.NativeMethodAccessorImpl.invoke0(Native Method)
	at sun.reflect.NativeMethodAccessorImpl.invoke(NativeMethodAccessorImpl.java:57)
	at sun.reflect.DelegatingMethodAccessorImpl.invoke(DelegatingMethodAccessorImpl.java:43)
	at java.lang.reflect.Method.invoke(Method.java:606)
	at org.junit.runners.model.FrameworkMethod$1.runReflectiveCall(FrameworkMethod.java:47)
	at org.junit.internal.runners.model.ReflectiveCallable.run(ReflectiveCallable.java:12)
	at org.junit.runners.model.FrameworkMethod.invokeExplosively(FrameworkMethod.java:44)
	at org.junit.internal.runners.statements.InvokeMethod.evaluate(InvokeMethod.java:17)
	at org.junit.runners.ParentRunner.runLeaf(ParentRunner.java:271)
	at org.junit.runners.BlockJUnit4ClassRunner.runChild(BlockJUnit4ClassRunner.java:70)
	at org.junit.runners.BlockJUnit4ClassRunner.runChild(BlockJUnit4ClassRunner.java:50)
	at org.junit.runners.ParentRunner$3.run(ParentRunner.java:238)
	at org.junit.runners.ParentRunner$1.schedule(ParentRunner.java:63)
	at org.junit.runners.ParentRunner.runChildren(ParentRunner.java:236)
	at org.junit.runners.ParentRunner.access$000(ParentRunner.java:53)
	at org.junit.runners.ParentRunner$2.evaluate(ParentRunner.java:229)
	at org.junit.runners.ParentRunner.run(ParentRunner.java:309)
	at org.junit.runner.JUnitCore.run(JUnitCore.java:160)
	at org.junit.runner.JUnitCore.run(JUnitCore.java:138)
	at xxl.java.junit.JUnitSingleTestRunner.call(JUnitSingleTestRunner.java:23)
	at xxl.java.junit.JUnitSingleTestRunner.call(JUnitSingleTestRunner.java:10)
	at java.util.concurrent.FutureTask.run(FutureTask.java:262)
	at java.util.concurrent.ThreadPoolExecutor.runWorker(ThreadPoolExecutor.java:1145)
	at java.util.concurrent.ThreadPoolExecutor$Worker.run(ThreadPoolExecutor.java:615)
	at java.lang.Thread.run(Thread.java:745)
java.lang.ArrayIndexOutOfBoundsException: -1
	at org.mockito.internal.invocation.ArgumentsProcessor.expandVarArgs(ArgumentsProcessor.java:17)
	at org.mockito.internal.invocation.InvocationImpl.<init>(InvocationImpl.java:47)
	at org.mockito.internal.creation.cglib.MethodInterceptorFilter.intercept(MethodInterceptorFilter.java:58)
	at org.mockitousage.bugs.deepstubs.DeepStubFailingWhenGenricNestedAsRawTypeTest$MyClass1$$EnhancerByMockitoWithCGLIB$$5092aa82.getNested(<generated>)
	at org.mockitousage.bugs.deepstubs.DeepStubFailingWhenGenricNestedAsRawTypeTest.discoverDeepMockingOfGenerics(DeepStubFailingWhenGenricNestedAsRawTypeTest.java:26)
	at sun.reflect.NativeMethodAccessorImpl.invoke0(Native Method)
	at sun.reflect.NativeMethodAccessorImpl.invoke(NativeMethodAccessorImpl.java:57)
	at sun.reflect.DelegatingMethodAccessorImpl.invoke(DelegatingMethodAccessorImpl.java:43)
	at java.lang.reflect.Method.invoke(Method.java:606)
	at org.junit.runners.model.FrameworkMethod$1.runReflectiveCall(FrameworkMethod.java:47)
	at org.junit.internal.runners.model.ReflectiveCallable.run(ReflectiveCallable.java:12)
	at org.junit.runners.model.FrameworkMethod.invokeExplosively(FrameworkMethod.java:44)
	at org.junit.internal.runners.statements.InvokeMethod.evaluate(InvokeMethod.java:17)
	at org.junit.runners.ParentRunner.runLeaf(ParentRunner.java:271)
	at org.junit.runners.BlockJUnit4ClassRunner.runChild(BlockJUnit4ClassRunner.java:70)
	at org.junit.runners.BlockJUnit4ClassRunner.runChild(BlockJUnit4ClassRunner.java:50)
	at org.junit.runners.ParentRunner$3.run(ParentRunner.java:238)
	at org.junit.runners.ParentRunner$1.schedule(ParentRunner.java:63)
	at org.junit.runners.ParentRunner.runChildren(ParentRunner.java:236)
	at org.junit.runners.ParentRunner.access$000(ParentRunner.java:53)
	at org.junit.runners.ParentRunner$2.evaluate(ParentRunner.java:229)
	at org.junit.runners.ParentRunner.run(ParentRunner.java:309)
	at org.junit.runner.JUnitCore.run(JUnitCore.java:160)
	at org.junit.runner.JUnitCore.run(JUnitCore.java:138)
	at xxl.java.junit.JUnitSingleTestRunner.call(JUnitSingleTestRunner.java:23)
	at xxl.java.junit.JUnitSingleTestRunner.call(JUnitSingleTestRunner.java:10)
	at java.util.concurrent.FutureTask.run(FutureTask.java:262)
	at java.util.concurrent.ThreadPoolExecutor.runWorker(ThreadPoolExecutor.java:1145)
	at java.util.concurrent.ThreadPoolExecutor$Worker.run(ThreadPoolExecutor.java:615)
	at java.lang.Thread.run(Thread.java:745)
java.lang.ArrayIndexOutOfBoundsException: -1
	at org.mockito.internal.invocation.ArgumentsProcessor.expandVarArgs(ArgumentsProcessor.java:13)
	at org.mockito.internal.invocation.InvocationImpl.<init>(InvocationImpl.java:47)
	at org.mockito.internal.creation.cglib.MethodInterceptorFilter.intercept(MethodInterceptorFilter.java:58)
	at org.mockitousage.IMethods$$EnhancerByMockitoWithCGLIB$$ccfa859.simpleMethod(<generated>)
	at org.mockitousage.stubbing.StubbingWithDelegateTest.exception_should_be_propagated_from_delegate(StubbingWithDelegateTest.java:174)
	at sun.reflect.NativeMethodAccessorImpl.invoke0(Native Method)
	at sun.reflect.NativeMethodAccessorImpl.invoke(NativeMethodAccessorImpl.java:57)
	at sun.reflect.DelegatingMethodAccessorImpl.invoke(DelegatingMethodAccessorImpl.java:43)
	at java.lang.reflect.Method.invoke(Method.java:606)
	at org.junit.runners.model.FrameworkMethod$1.runReflectiveCall(FrameworkMethod.java:47)
	at org.junit.internal.runners.model.ReflectiveCallable.run(ReflectiveCallable.java:12)
	at org.junit.runners.model.FrameworkMethod.invokeExplosively(FrameworkMethod.java:44)
	at org.junit.internal.runners.statements.InvokeMethod.evaluate(InvokeMethod.java:17)
	at org.junit.runners.ParentRunner.runLeaf(ParentRunner.java:271)
	at org.junit.runners.BlockJUnit4ClassRunner.runChild(BlockJUnit4ClassRunner.java:70)
	at org.junit.runners.BlockJUnit4ClassRunner.runChild(BlockJUnit4ClassRunner.java:50)
	at org.junit.runners.ParentRunner$3.run(ParentRunner.java:238)
	at org.junit.runners.ParentRunner$1.schedule(ParentRunner.java:63)
	at org.junit.runners.ParentRunner.runChildren(ParentRunner.java:236)
	at org.junit.runners.ParentRunner.access$000(ParentRunner.java:53)
	at org.junit.runners.ParentRunner$2.evaluate(ParentRunner.java:229)
	at org.junit.runners.ParentRunner.run(ParentRunner.java:309)
	at org.junit.runner.JUnitCore.run(JUnitCore.java:160)
	at org.junit.runner.JUnitCore.run(JUnitCore.java:138)
	at xxl.java.junit.JUnitSingleTestRunner.call(JUnitSingleTestRunner.java:23)
	at xxl.java.junit.JUnitSingleTestRunner.call(JUnitSingleTestRunner.java:10)
	at java.util.concurrent.FutureTask.run(FutureTask.java:262)
	at java.util.concurrent.ThreadPoolExecutor.runWorker(ThreadPoolExecutor.java:1145)
	at java.util.concurrent.ThreadPoolExecutor$Worker.run(ThreadPoolExecutor.java:615)
	at java.lang.Thread.run(Thread.java:745)
java.lang.ArrayIndexOutOfBoundsException: -1
	at org.mockito.internal.invocation.ArgumentsProcessor.expandVarArgs(ArgumentsProcessor.java:17)
	at org.mockito.internal.invocation.InvocationImpl.<init>(InvocationImpl.java:47)
	at org.mockito.internal.creation.cglib.MethodInterceptorFilter.intercept(MethodInterceptorFilter.java:58)
	at org.mockitousage.IMethods$$EnhancerByMockitoWithCGLIB$$ccfa859.simpleMethod(<generated>)
	at org.mockitousage.stubbing.StubbingWithDelegateTest.exception_should_be_propagated_from_delegate(StubbingWithDelegateTest.java:174)
	at sun.reflect.NativeMethodAccessorImpl.invoke0(Native Method)
	at sun.reflect.NativeMethodAccessorImpl.invoke(NativeMethodAccessorImpl.java:57)
	at sun.reflect.DelegatingMethodAccessorImpl.invoke(DelegatingMethodAccessorImpl.java:43)
	at java.lang.reflect.Method.invoke(Method.java:606)
	at org.junit.runners.model.FrameworkMethod$1.runReflectiveCall(FrameworkMethod.java:47)
	at org.junit.internal.runners.model.ReflectiveCallable.run(ReflectiveCallable.java:12)
	at org.junit.runners.model.FrameworkMethod.invokeExplosively(FrameworkMethod.java:44)
	at org.junit.internal.runners.statements.InvokeMethod.evaluate(InvokeMethod.java:17)
	at org.junit.runners.ParentRunner.runLeaf(ParentRunner.java:271)
	at org.junit.runners.BlockJUnit4ClassRunner.runChild(BlockJUnit4ClassRunner.java:70)
	at org.junit.runners.BlockJUnit4ClassRunner.runChild(BlockJUnit4ClassRunner.java:50)
	at org.junit.runners.ParentRunner$3.run(ParentRunner.java:238)
	at org.junit.runners.ParentRunner$1.schedule(ParentRunner.java:63)
	at org.junit.runners.ParentRunner.runChildren(ParentRunner.java:236)
	at org.junit.runners.ParentRunner.access$000(ParentRunner.java:53)
	at org.junit.runners.ParentRunner$2.evaluate(ParentRunner.java:229)
	at org.junit.runners.ParentRunner.run(ParentRunner.java:309)
	at org.junit.runner.JUnitCore.run(JUnitCore.java:160)
	at org.junit.runner.JUnitCore.run(JUnitCore.java:138)
	at xxl.java.junit.JUnitSingleTestRunner.call(JUnitSingleTestRunner.java:23)
	at xxl.java.junit.JUnitSingleTestRunner.call(JUnitSingleTestRunner.java:10)
	at java.util.concurrent.FutureTask.run(FutureTask.java:262)
	at java.util.concurrent.ThreadPoolExecutor.runWorker(ThreadPoolExecutor.java:1145)
	at java.util.concurrent.ThreadPoolExecutor$Worker.run(ThreadPoolExecutor.java:615)
	at java.lang.Thread.run(Thread.java:745)
java.lang.ArrayIndexOutOfBoundsException: -1
	at org.mockito.internal.invocation.ArgumentsProcessor.expandVarArgs(ArgumentsProcessor.java:13)
	at org.mockito.internal.invocation.InvocationImpl.<init>(InvocationImpl.java:47)
	at org.mockito.internal.invocation.InvocationBuilder.toInvocation(InvocationBuilder.java:59)
	at org.mockito.internal.debugging.VerboseMockInvocationLoggerTest.<init>(VerboseMockInvocationLoggerTest.java:26)
	at sun.reflect.NativeConstructorAccessorImpl.newInstance0(Native Method)
	at sun.reflect.NativeConstructorAccessorImpl.newInstance(NativeConstructorAccessorImpl.java:57)
	at sun.reflect.DelegatingConstructorAccessorImpl.newInstance(DelegatingConstructorAccessorImpl.java:45)
	at java.lang.reflect.Constructor.newInstance(Constructor.java:526)
	at org.junit.runners.BlockJUnit4ClassRunner.createTest(BlockJUnit4ClassRunner.java:195)
	at org.junit.runners.BlockJUnit4ClassRunner$1.runReflectiveCall(BlockJUnit4ClassRunner.java:244)
	at org.junit.internal.runners.model.ReflectiveCallable.run(ReflectiveCallable.java:12)
	at org.junit.runners.BlockJUnit4ClassRunner.methodBlock(BlockJUnit4ClassRunner.java:241)
	at org.junit.runners.BlockJUnit4ClassRunner.runChild(BlockJUnit4ClassRunner.java:70)
	at org.junit.runners.BlockJUnit4ClassRunner.runChild(BlockJUnit4ClassRunner.java:50)
	at org.junit.runners.ParentRunner$3.run(ParentRunner.java:238)
	at org.junit.runners.ParentRunner$1.schedule(ParentRunner.java:63)
	at org.junit.runners.ParentRunner.runChildren(ParentRunner.java:236)
	at org.junit.runners.ParentRunner.access$000(ParentRunner.java:53)
	at org.junit.runners.ParentRunner$2.evaluate(ParentRunner.java:229)
	at org.junit.runners.ParentRunner.run(ParentRunner.java:309)
	at org.junit.runner.JUnitCore.run(JUnitCore.java:160)
	at org.junit.runner.JUnitCore.run(JUnitCore.java:138)
	at xxl.java.junit.JUnitSingleTestRunner.call(JUnitSingleTestRunner.java:23)
	at xxl.java.junit.JUnitSingleTestRunner.call(JUnitSingleTestRunner.java:10)
	at java.util.concurrent.FutureTask.run(FutureTask.java:262)
	at java.util.concurrent.ThreadPoolExecutor.runWorker(ThreadPoolExecutor.java:1145)
	at java.util.concurrent.ThreadPoolExecutor$Worker.run(ThreadPoolExecutor.java:615)
	at java.lang.Thread.run(Thread.java:745)
java.lang.ArrayIndexOutOfBoundsException: -1
	at org.mockito.internal.invocation.ArgumentsProcessor.expandVarArgs(ArgumentsProcessor.java:17)
	at org.mockito.internal.invocation.InvocationImpl.<init>(InvocationImpl.java:47)
	at org.mockito.internal.invocation.InvocationBuilder.toInvocation(InvocationBuilder.java:59)
	at org.mockito.internal.debugging.VerboseMockInvocationLoggerTest.<init>(VerboseMockInvocationLoggerTest.java:26)
	at sun.reflect.NativeConstructorAccessorImpl.newInstance0(Native Method)
	at sun.reflect.NativeConstructorAccessorImpl.newInstance(NativeConstructorAccessorImpl.java:57)
	at sun.reflect.DelegatingConstructorAccessorImpl.newInstance(DelegatingConstructorAccessorImpl.java:45)
	at java.lang.reflect.Constructor.newInstance(Constructor.java:526)
	at org.junit.runners.BlockJUnit4ClassRunner.createTest(BlockJUnit4ClassRunner.java:195)
	at org.junit.runners.BlockJUnit4ClassRunner$1.runReflectiveCall(BlockJUnit4ClassRunner.java:244)
	at org.junit.internal.runners.model.ReflectiveCallable.run(ReflectiveCallable.java:12)
	at org.junit.runners.BlockJUnit4ClassRunner.methodBlock(BlockJUnit4ClassRunner.java:241)
	at org.junit.runners.BlockJUnit4ClassRunner.runChild(BlockJUnit4ClassRunner.java:70)
	at org.junit.runners.BlockJUnit4ClassRunner.runChild(BlockJUnit4ClassRunner.java:50)
	at org.junit.runners.ParentRunner$3.run(ParentRunner.java:238)
	at org.junit.runners.ParentRunner$1.schedule(ParentRunner.java:63)
	at org.junit.runners.ParentRunner.runChildren(ParentRunner.java:236)
	at org.junit.runners.ParentRunner.access$000(ParentRunner.java:53)
	at org.junit.runners.ParentRunner$2.evaluate(ParentRunner.java:229)
	at org.junit.runners.ParentRunner.run(ParentRunner.java:309)
	at org.junit.runner.JUnitCore.run(JUnitCore.java:160)
	at org.junit.runner.JUnitCore.run(JUnitCore.java:138)
	at xxl.java.junit.JUnitSingleTestRunner.call(JUnitSingleTestRunner.java:23)
	at xxl.java.junit.JUnitSingleTestRunner.call(JUnitSingleTestRunner.java:10)
	at java.util.concurrent.FutureTask.run(FutureTask.java:262)
	at java.util.concurrent.ThreadPoolExecutor.runWorker(ThreadPoolExecutor.java:1145)
	at java.util.concurrent.ThreadPoolExecutor$Worker.run(ThreadPoolExecutor.java:615)
	at java.lang.Thread.run(Thread.java:745)
java.lang.ArrayIndexOutOfBoundsException: -1
	at org.mockito.internal.invocation.ArgumentsProcessor.expandVarArgs(ArgumentsProcessor.java:13)
	at org.mockito.internal.invocation.InvocationImpl.<init>(InvocationImpl.java:47)
	at org.mockito.internal.creation.cglib.MethodInterceptorFilter.intercept(MethodInterceptorFilter.java:58)
	at org.mockitousage.bugs.DeepStubsWronglyReportsSerializationProblemsTest$ToBeDeepStubbed$$EnhancerByMockitoWithCGLIB$$a542b618.getSomething(<generated>)
	at org.mockitousage.bugs.DeepStubsWronglyReportsSerializationProblemsTest.should_not_raise_a_mockito_exception_about_serialization_when_accessing_deep_stub(DeepStubsWronglyReportsSerializationProblemsTest.java:16)
	at sun.reflect.NativeMethodAccessorImpl.invoke0(Native Method)
	at sun.reflect.NativeMethodAccessorImpl.invoke(NativeMethodAccessorImpl.java:57)
	at sun.reflect.DelegatingMethodAccessorImpl.invoke(DelegatingMethodAccessorImpl.java:43)
	at java.lang.reflect.Method.invoke(Method.java:606)
	at org.junit.runners.model.FrameworkMethod$1.runReflectiveCall(FrameworkMethod.java:47)
	at org.junit.internal.runners.model.ReflectiveCallable.run(ReflectiveCallable.java:12)
	at org.junit.runners.model.FrameworkMethod.invokeExplosively(FrameworkMethod.java:44)
	at org.junit.internal.runners.statements.InvokeMethod.evaluate(InvokeMethod.java:17)
	at org.junit.runners.ParentRunner.runLeaf(ParentRunner.java:271)
	at org.junit.runners.BlockJUnit4ClassRunner.runChild(BlockJUnit4ClassRunner.java:70)
	at org.junit.runners.BlockJUnit4ClassRunner.runChild(BlockJUnit4ClassRunner.java:50)
	at org.junit.runners.ParentRunner$3.run(ParentRunner.java:238)
	at org.junit.runners.ParentRunner$1.schedule(ParentRunner.java:63)
	at org.junit.runners.ParentRunner.runChildren(ParentRunner.java:236)
	at org.junit.runners.ParentRunner.access$000(ParentRunner.java:53)
	at org.junit.runners.ParentRunner$2.evaluate(ParentRunner.java:229)
	at org.junit.runners.ParentRunner.run(ParentRunner.java:309)
	at org.junit.runner.JUnitCore.run(JUnitCore.java:160)
	at org.junit.runner.JUnitCore.run(JUnitCore.java:138)
	at xxl.java.junit.JUnitSingleTestRunner.call(JUnitSingleTestRunner.java:23)
	at xxl.java.junit.JUnitSingleTestRunner.call(JUnitSingleTestRunner.java:10)
	at java.util.concurrent.FutureTask.run(FutureTask.java:262)
	at java.util.concurrent.ThreadPoolExecutor.runWorker(ThreadPoolExecutor.java:1145)
	at java.util.concurrent.ThreadPoolExecutor$Worker.run(ThreadPoolExecutor.java:615)
	at java.lang.Thread.run(Thread.java:745)
java.lang.ArrayIndexOutOfBoundsException: -1
	at org.mockito.internal.invocation.ArgumentsProcessor.expandVarArgs(ArgumentsProcessor.java:17)
	at org.mockito.internal.invocation.InvocationImpl.<init>(InvocationImpl.java:47)
	at org.mockito.internal.creation.cglib.MethodInterceptorFilter.intercept(MethodInterceptorFilter.java:58)
	at org.mockitousage.bugs.DeepStubsWronglyReportsSerializationProblemsTest$ToBeDeepStubbed$$EnhancerByMockitoWithCGLIB$$a542b618.getSomething(<generated>)
	at org.mockitousage.bugs.DeepStubsWronglyReportsSerializationProblemsTest.should_not_raise_a_mockito_exception_about_serialization_when_accessing_deep_stub(DeepStubsWronglyReportsSerializationProblemsTest.java:16)
	at sun.reflect.NativeMethodAccessorImpl.invoke0(Native Method)
	at sun.reflect.NativeMethodAccessorImpl.invoke(NativeMethodAccessorImpl.java:57)
	at sun.reflect.DelegatingMethodAccessorImpl.invoke(DelegatingMethodAccessorImpl.java:43)
	at java.lang.reflect.Method.invoke(Method.java:606)
	at org.junit.runners.model.FrameworkMethod$1.runReflectiveCall(FrameworkMethod.java:47)
	at org.junit.internal.runners.model.ReflectiveCallable.run(ReflectiveCallable.java:12)
	at org.junit.runners.model.FrameworkMethod.invokeExplosively(FrameworkMethod.java:44)
	at org.junit.internal.runners.statements.InvokeMethod.evaluate(InvokeMethod.java:17)
	at org.junit.runners.ParentRunner.runLeaf(ParentRunner.java:271)
	at org.junit.runners.BlockJUnit4ClassRunner.runChild(BlockJUnit4ClassRunner.java:70)
	at org.junit.runners.BlockJUnit4ClassRunner.runChild(BlockJUnit4ClassRunner.java:50)
	at org.junit.runners.ParentRunner$3.run(ParentRunner.java:238)
	at org.junit.runners.ParentRunner$1.schedule(ParentRunner.java:63)
	at org.junit.runners.ParentRunner.runChildren(ParentRunner.java:236)
	at org.junit.runners.ParentRunner.access$000(ParentRunner.java:53)
	at org.junit.runners.ParentRunner$2.evaluate(ParentRunner.java:229)
	at org.junit.runners.ParentRunner.run(ParentRunner.java:309)
	at org.junit.runner.JUnitCore.run(JUnitCore.java:160)
	at org.junit.runner.JUnitCore.run(JUnitCore.java:138)
	at xxl.java.junit.JUnitSingleTestRunner.call(JUnitSingleTestRunner.java:23)
	at xxl.java.junit.JUnitSingleTestRunner.call(JUnitSingleTestRunner.java:10)
	at java.util.concurrent.FutureTask.run(FutureTask.java:262)
	at java.util.concurrent.ThreadPoolExecutor.runWorker(ThreadPoolExecutor.java:1145)
	at java.util.concurrent.ThreadPoolExecutor$Worker.run(ThreadPoolExecutor.java:615)
	at java.lang.Thread.run(Thread.java:745)
java.lang.ArrayIndexOutOfBoundsException: -1
	at org.mockito.internal.invocation.ArgumentsProcessor.expandVarArgs(ArgumentsProcessor.java:13)
	at org.mockito.internal.invocation.InvocationImpl.<init>(InvocationImpl.java:47)
	at org.mockito.internal.creation.cglib.MethodInterceptorFilter.intercept(MethodInterceptorFilter.java:58)
	at org.mockitousage.bugs.deepstubs.DeepStubFailingWhenGenricNestedAsRawTypeTest$MyClass1$$EnhancerByMockitoWithCGLIB$$f1c54996.getNested(<generated>)
	at org.mockitousage.bugs.deepstubs.DeepStubFailingWhenGenricNestedAsRawTypeTest.discoverDeepMockingOfGenerics(DeepStubFailingWhenGenricNestedAsRawTypeTest.java:26)
	at sun.reflect.NativeMethodAccessorImpl.invoke0(Native Method)
	at sun.reflect.NativeMethodAccessorImpl.invoke(NativeMethodAccessorImpl.java:57)
	at sun.reflect.DelegatingMethodAccessorImpl.invoke(DelegatingMethodAccessorImpl.java:43)
	at java.lang.reflect.Method.invoke(Method.java:606)
	at org.junit.runners.model.FrameworkMethod$1.runReflectiveCall(FrameworkMethod.java:47)
	at org.junit.internal.runners.model.ReflectiveCallable.run(ReflectiveCallable.java:12)
	at org.junit.runners.model.FrameworkMethod.invokeExplosively(FrameworkMethod.java:44)
	at org.junit.internal.runners.statements.InvokeMethod.evaluate(InvokeMethod.java:17)
	at org.junit.runners.ParentRunner.runLeaf(ParentRunner.java:271)
	at org.junit.runners.BlockJUnit4ClassRunner.runChild(BlockJUnit4ClassRunner.java:70)
	at org.junit.runners.BlockJUnit4ClassRunner.runChild(BlockJUnit4ClassRunner.java:50)
	at org.junit.runners.ParentRunner$3.run(ParentRunner.java:238)
	at org.junit.runners.ParentRunner$1.schedule(ParentRunner.java:63)
	at org.junit.runners.ParentRunner.runChildren(ParentRunner.java:236)
	at org.junit.runners.ParentRunner.access$000(ParentRunner.java:53)
	at org.junit.runners.ParentRunner$2.evaluate(ParentRunner.java:229)
	at org.junit.runners.ParentRunner.run(ParentRunner.java:309)
	at org.junit.runner.JUnitCore.run(JUnitCore.java:160)
	at org.junit.runner.JUnitCore.run(JUnitCore.java:138)
	at xxl.java.junit.JUnitSingleTestRunner.call(JUnitSingleTestRunner.java:23)
	at xxl.java.junit.JUnitSingleTestRunner.call(JUnitSingleTestRunner.java:10)
	at java.util.concurrent.FutureTask.run(FutureTask.java:262)
	at java.util.concurrent.ThreadPoolExecutor.runWorker(ThreadPoolExecutor.java:1145)
	at java.util.concurrent.ThreadPoolExecutor$Worker.run(ThreadPoolExecutor.java:615)
	at java.lang.Thread.run(Thread.java:745)
java.lang.ArrayIndexOutOfBoundsException: -1
	at org.mockito.internal.invocation.ArgumentsProcessor.expandVarArgs(ArgumentsProcessor.java:17)
	at org.mockito.internal.invocation.InvocationImpl.<init>(InvocationImpl.java:47)
	at org.mockito.internal.creation.cglib.MethodInterceptorFilter.intercept(MethodInterceptorFilter.java:58)
	at org.mockitousage.bugs.deepstubs.DeepStubFailingWhenGenricNestedAsRawTypeTest$MyClass1$$EnhancerByMockitoWithCGLIB$$f1c54996.getNested(<generated>)
	at org.mockitousage.bugs.deepstubs.DeepStubFailingWhenGenricNestedAsRawTypeTest.discoverDeepMockingOfGenerics(DeepStubFailingWhenGenricNestedAsRawTypeTest.java:26)
	at sun.reflect.NativeMethodAccessorImpl.invoke0(Native Method)
	at sun.reflect.NativeMethodAccessorImpl.invoke(NativeMethodAccessorImpl.java:57)
	at sun.reflect.DelegatingMethodAccessorImpl.invoke(DelegatingMethodAccessorImpl.java:43)
	at java.lang.reflect.Method.invoke(Method.java:606)
	at org.junit.runners.model.FrameworkMethod$1.runReflectiveCall(FrameworkMethod.java:47)
	at org.junit.internal.runners.model.ReflectiveCallable.run(ReflectiveCallable.java:12)
	at org.junit.runners.model.FrameworkMethod.invokeExplosively(FrameworkMethod.java:44)
	at org.junit.internal.runners.statements.InvokeMethod.evaluate(InvokeMethod.java:17)
	at org.junit.runners.ParentRunner.runLeaf(ParentRunner.java:271)
	at org.junit.runners.BlockJUnit4ClassRunner.runChild(BlockJUnit4ClassRunner.java:70)
	at org.junit.runners.BlockJUnit4ClassRunner.runChild(BlockJUnit4ClassRunner.java:50)
	at org.junit.runners.ParentRunner$3.run(ParentRunner.java:238)
	at org.junit.runners.ParentRunner$1.schedule(ParentRunner.java:63)
	at org.junit.runners.ParentRunner.runChildren(ParentRunner.java:236)
	at org.junit.runners.ParentRunner.access$000(ParentRunner.java:53)
	at org.junit.runners.ParentRunner$2.evaluate(ParentRunner.java:229)
	at org.junit.runners.ParentRunner.run(ParentRunner.java:309)
	at org.junit.runner.JUnitCore.run(JUnitCore.java:160)
	at org.junit.runner.JUnitCore.run(JUnitCore.java:138)
	at xxl.java.junit.JUnitSingleTestRunner.call(JUnitSingleTestRunner.java:23)
	at xxl.java.junit.JUnitSingleTestRunner.call(JUnitSingleTestRunner.java:10)
	at java.util.concurrent.FutureTask.run(FutureTask.java:262)
	at java.util.concurrent.ThreadPoolExecutor.runWorker(ThreadPoolExecutor.java:1145)
	at java.util.concurrent.ThreadPoolExecutor$Worker.run(ThreadPoolExecutor.java:615)
	at java.lang.Thread.run(Thread.java:745)
java.lang.ArrayIndexOutOfBoundsException: -1
	at org.mockito.internal.invocation.ArgumentsProcessor.expandVarArgs(ArgumentsProcessor.java:13)
	at org.mockito.internal.invocation.InvocationImpl.<init>(InvocationImpl.java:47)
	at org.mockito.internal.creation.cglib.MethodInterceptorFilter.intercept(MethodInterceptorFilter.java:58)
	at org.mockitousage.IMethods$$EnhancerByMockitoWithCGLIB$$ae02476d.simpleMethod(<generated>)
	at org.mockitousage.stubbing.StubbingWithDelegateTest.exception_should_be_propagated_from_delegate(StubbingWithDelegateTest.java:174)
	at sun.reflect.NativeMethodAccessorImpl.invoke0(Native Method)
	at sun.reflect.NativeMethodAccessorImpl.invoke(NativeMethodAccessorImpl.java:57)
	at sun.reflect.DelegatingMethodAccessorImpl.invoke(DelegatingMethodAccessorImpl.java:43)
	at java.lang.reflect.Method.invoke(Method.java:606)
	at org.junit.runners.model.FrameworkMethod$1.runReflectiveCall(FrameworkMethod.java:47)
	at org.junit.internal.runners.model.ReflectiveCallable.run(ReflectiveCallable.java:12)
	at org.junit.runners.model.FrameworkMethod.invokeExplosively(FrameworkMethod.java:44)
	at org.junit.internal.runners.statements.InvokeMethod.evaluate(InvokeMethod.java:17)
	at org.junit.runners.ParentRunner.runLeaf(ParentRunner.java:271)
	at org.junit.runners.BlockJUnit4ClassRunner.runChild(BlockJUnit4ClassRunner.java:70)
	at org.junit.runners.BlockJUnit4ClassRunner.runChild(BlockJUnit4ClassRunner.java:50)
	at org.junit.runners.ParentRunner$3.run(ParentRunner.java:238)
	at org.junit.runners.ParentRunner$1.schedule(ParentRunner.java:63)
	at org.junit.runners.ParentRunner.runChildren(ParentRunner.java:236)
	at org.junit.runners.ParentRunner.access$000(ParentRunner.java:53)
	at org.junit.runners.ParentRunner$2.evaluate(ParentRunner.java:229)
	at org.junit.runners.ParentRunner.run(ParentRunner.java:309)
	at org.junit.runner.JUnitCore.run(JUnitCore.java:160)
	at org.junit.runner.JUnitCore.run(JUnitCore.java:138)
	at xxl.java.junit.JUnitSingleTestRunner.call(JUnitSingleTestRunner.java:23)
	at xxl.java.junit.JUnitSingleTestRunner.call(JUnitSingleTestRunner.java:10)
	at java.util.concurrent.FutureTask.run(FutureTask.java:262)
	at java.util.concurrent.ThreadPoolExecutor.runWorker(ThreadPoolExecutor.java:1145)
	at java.util.concurrent.ThreadPoolExecutor$Worker.run(ThreadPoolExecutor.java:615)
	at java.lang.Thread.run(Thread.java:745)
java.lang.ArrayIndexOutOfBoundsException: -1
	at org.mockito.internal.invocation.ArgumentsProcessor.expandVarArgs(ArgumentsProcessor.java:17)
	at org.mockito.internal.invocation.InvocationImpl.<init>(InvocationImpl.java:47)
	at org.mockito.internal.creation.cglib.MethodInterceptorFilter.intercept(MethodInterceptorFilter.java:58)
	at org.mockitousage.IMethods$$EnhancerByMockitoWithCGLIB$$ae02476d.simpleMethod(<generated>)
	at org.mockitousage.stubbing.StubbingWithDelegateTest.exception_should_be_propagated_from_delegate(StubbingWithDelegateTest.java:174)
	at sun.reflect.NativeMethodAccessorImpl.invoke0(Native Method)
	at sun.reflect.NativeMethodAccessorImpl.invoke(NativeMethodAccessorImpl.java:57)
	at sun.reflect.DelegatingMethodAccessorImpl.invoke(DelegatingMethodAccessorImpl.java:43)
	at java.lang.reflect.Method.invoke(Method.java:606)
	at org.junit.runners.model.FrameworkMethod$1.runReflectiveCall(FrameworkMethod.java:47)
	at org.junit.internal.runners.model.ReflectiveCallable.run(ReflectiveCallable.java:12)
	at org.junit.runners.model.FrameworkMethod.invokeExplosively(FrameworkMethod.java:44)
	at org.junit.internal.runners.statements.InvokeMethod.evaluate(InvokeMethod.java:17)
	at org.junit.runners.ParentRunner.runLeaf(ParentRunner.java:271)
	at org.junit.runners.BlockJUnit4ClassRunner.runChild(BlockJUnit4ClassRunner.java:70)
	at org.junit.runners.BlockJUnit4ClassRunner.runChild(BlockJUnit4ClassRunner.java:50)
	at org.junit.runners.ParentRunner$3.run(ParentRunner.java:238)
	at org.junit.runners.ParentRunner$1.schedule(ParentRunner.java:63)
	at org.junit.runners.ParentRunner.runChildren(ParentRunner.java:236)
	at org.junit.runners.ParentRunner.access$000(ParentRunner.java:53)
	at org.junit.runners.ParentRunner$2.evaluate(ParentRunner.java:229)
	at org.junit.runners.ParentRunner.run(ParentRunner.java:309)
	at org.junit.runner.JUnitCore.run(JUnitCore.java:160)
	at org.junit.runner.JUnitCore.run(JUnitCore.java:138)
	at xxl.java.junit.JUnitSingleTestRunner.call(JUnitSingleTestRunner.java:23)
	at xxl.java.junit.JUnitSingleTestRunner.call(JUnitSingleTestRunner.java:10)
	at java.util.concurrent.FutureTask.run(FutureTask.java:262)
	at java.util.concurrent.ThreadPoolExecutor.runWorker(ThreadPoolExecutor.java:1145)
	at java.util.concurrent.ThreadPoolExecutor$Worker.run(ThreadPoolExecutor.java:615)
	at java.lang.Thread.run(Thread.java:745)
java.lang.ArrayIndexOutOfBoundsException: -1
	at org.mockito.internal.invocation.ArgumentsProcessor.expandVarArgs(ArgumentsProcessor.java:13)
	at org.mockito.internal.invocation.InvocationImpl.<init>(InvocationImpl.java:47)
	at org.mockito.internal.invocation.InvocationBuilder.toInvocation(InvocationBuilder.java:59)
	at org.mockito.internal.debugging.VerboseMockInvocationLoggerTest.<init>(VerboseMockInvocationLoggerTest.java:26)
	at sun.reflect.NativeConstructorAccessorImpl.newInstance0(Native Method)
	at sun.reflect.NativeConstructorAccessorImpl.newInstance(NativeConstructorAccessorImpl.java:57)
	at sun.reflect.DelegatingConstructorAccessorImpl.newInstance(DelegatingConstructorAccessorImpl.java:45)
	at java.lang.reflect.Constructor.newInstance(Constructor.java:526)
	at org.junit.runners.BlockJUnit4ClassRunner.createTest(BlockJUnit4ClassRunner.java:195)
	at org.junit.runners.BlockJUnit4ClassRunner$1.runReflectiveCall(BlockJUnit4ClassRunner.java:244)
	at org.junit.internal.runners.model.ReflectiveCallable.run(ReflectiveCallable.java:12)
	at org.junit.runners.BlockJUnit4ClassRunner.methodBlock(BlockJUnit4ClassRunner.java:241)
	at org.junit.runners.BlockJUnit4ClassRunner.runChild(BlockJUnit4ClassRunner.java:70)
	at org.junit.runners.BlockJUnit4ClassRunner.runChild(BlockJUnit4ClassRunner.java:50)
	at org.junit.runners.ParentRunner$3.run(ParentRunner.java:238)
	at org.junit.runners.ParentRunner$1.schedule(ParentRunner.java:63)
	at org.junit.runners.ParentRunner.runChildren(ParentRunner.java:236)
	at org.junit.runners.ParentRunner.access$000(ParentRunner.java:53)
	at org.junit.runners.ParentRunner$2.evaluate(ParentRunner.java:229)
	at org.junit.runners.ParentRunner.run(ParentRunner.java:309)
	at org.junit.runner.JUnitCore.run(JUnitCore.java:160)
	at org.junit.runner.JUnitCore.run(JUnitCore.java:138)
	at xxl.java.junit.JUnitSingleTestRunner.call(JUnitSingleTestRunner.java:23)
	at xxl.java.junit.JUnitSingleTestRunner.call(JUnitSingleTestRunner.java:10)
	at java.util.concurrent.FutureTask.run(FutureTask.java:262)
	at java.util.concurrent.ThreadPoolExecutor.runWorker(ThreadPoolExecutor.java:1145)
	at java.util.concurrent.ThreadPoolExecutor$Worker.run(ThreadPoolExecutor.java:615)
	at java.lang.Thread.run(Thread.java:745)
java.lang.ArrayIndexOutOfBoundsException: -1
	at org.mockito.internal.invocation.ArgumentsProcessor.expandVarArgs(ArgumentsProcessor.java:17)
	at org.mockito.internal.invocation.InvocationImpl.<init>(InvocationImpl.java:47)
	at org.mockito.internal.invocation.InvocationBuilder.toInvocation(InvocationBuilder.java:59)
	at org.mockito.internal.debugging.VerboseMockInvocationLoggerTest.<init>(VerboseMockInvocationLoggerTest.java:26)
	at sun.reflect.NativeConstructorAccessorImpl.newInstance0(Native Method)
	at sun.reflect.NativeConstructorAccessorImpl.newInstance(NativeConstructorAccessorImpl.java:57)
	at sun.reflect.DelegatingConstructorAccessorImpl.newInstance(DelegatingConstructorAccessorImpl.java:45)
	at java.lang.reflect.Constructor.newInstance(Constructor.java:526)
	at org.junit.runners.BlockJUnit4ClassRunner.createTest(BlockJUnit4ClassRunner.java:195)
	at org.junit.runners.BlockJUnit4ClassRunner$1.runReflectiveCall(BlockJUnit4ClassRunner.java:244)
	at org.junit.internal.runners.model.ReflectiveCallable.run(ReflectiveCallable.java:12)
	at org.junit.runners.BlockJUnit4ClassRunner.methodBlock(BlockJUnit4ClassRunner.java:241)
	at org.junit.runners.BlockJUnit4ClassRunner.runChild(BlockJUnit4ClassRunner.java:70)
	at org.junit.runners.BlockJUnit4ClassRunner.runChild(BlockJUnit4ClassRunner.java:50)
	at org.junit.runners.ParentRunner$3.run(ParentRunner.java:238)
	at org.junit.runners.ParentRunner$1.schedule(ParentRunner.java:63)
	at org.junit.runners.ParentRunner.runChildren(ParentRunner.java:236)
	at org.junit.runners.ParentRunner.access$000(ParentRunner.java:53)
	at org.junit.runners.ParentRunner$2.evaluate(ParentRunner.java:229)
	at org.junit.runners.ParentRunner.run(ParentRunner.java:309)
	at org.junit.runner.JUnitCore.run(JUnitCore.java:160)
	at org.junit.runner.JUnitCore.run(JUnitCore.java:138)
	at xxl.java.junit.JUnitSingleTestRunner.call(JUnitSingleTestRunner.java:23)
	at xxl.java.junit.JUnitSingleTestRunner.call(JUnitSingleTestRunner.java:10)
	at java.util.concurrent.FutureTask.run(FutureTask.java:262)
	at java.util.concurrent.ThreadPoolExecutor.runWorker(ThreadPoolExecutor.java:1145)
	at java.util.concurrent.ThreadPoolExecutor$Worker.run(ThreadPoolExecutor.java:615)
	at java.lang.Thread.run(Thread.java:745)
java.lang.ArrayIndexOutOfBoundsException: -1
	at org.mockito.internal.invocation.ArgumentsProcessor.expandVarArgs(ArgumentsProcessor.java:13)
	at org.mockito.internal.invocation.InvocationImpl.<init>(InvocationImpl.java:47)
	at org.mockito.internal.invocation.InvocationBuilder.toInvocation(InvocationBuilder.java:59)
	at org.mockito.internal.debugging.VerboseMockInvocationLoggerTest.<init>(VerboseMockInvocationLoggerTest.java:27)
	at sun.reflect.NativeConstructorAccessorImpl.newInstance0(Native Method)
	at sun.reflect.NativeConstructorAccessorImpl.newInstance(NativeConstructorAccessorImpl.java:57)
	at sun.reflect.DelegatingConstructorAccessorImpl.newInstance(DelegatingConstructorAccessorImpl.java:45)
	at java.lang.reflect.Constructor.newInstance(Constructor.java:526)
	at org.junit.runners.BlockJUnit4ClassRunner.createTest(BlockJUnit4ClassRunner.java:195)
	at org.junit.runners.BlockJUnit4ClassRunner$1.runReflectiveCall(BlockJUnit4ClassRunner.java:244)
	at org.junit.internal.runners.model.ReflectiveCallable.run(ReflectiveCallable.java:12)
	at org.junit.runners.BlockJUnit4ClassRunner.methodBlock(BlockJUnit4ClassRunner.java:241)
	at org.junit.runners.BlockJUnit4ClassRunner.runChild(BlockJUnit4ClassRunner.java:70)
	at org.junit.runners.BlockJUnit4ClassRunner.runChild(BlockJUnit4ClassRunner.java:50)
	at org.junit.runners.ParentRunner$3.run(ParentRunner.java:238)
	at org.junit.runners.ParentRunner$1.schedule(ParentRunner.java:63)
	at org.junit.runners.ParentRunner.runChildren(ParentRunner.java:236)
	at org.junit.runners.ParentRunner.access$000(ParentRunner.java:53)
	at org.junit.runners.ParentRunner$2.evaluate(ParentRunner.java:229)
	at org.junit.runners.ParentRunner.run(ParentRunner.java:309)
	at org.junit.runner.JUnitCore.run(JUnitCore.java:160)
	at org.junit.runner.JUnitCore.run(JUnitCore.java:138)
	at xxl.java.junit.JUnitSingleTestRunner.call(JUnitSingleTestRunner.java:23)
	at xxl.java.junit.JUnitSingleTestRunner.call(JUnitSingleTestRunner.java:10)
	at java.util.concurrent.FutureTask.run(FutureTask.java:262)
	at java.util.concurrent.ThreadPoolExecutor.runWorker(ThreadPoolExecutor.java:1145)
	at java.util.concurrent.ThreadPoolExecutor$Worker.run(ThreadPoolExecutor.java:615)
	at java.lang.Thread.run(Thread.java:745)
java.lang.ArrayIndexOutOfBoundsException: -1
	at org.mockito.internal.invocation.ArgumentsProcessor.expandVarArgs(ArgumentsProcessor.java:17)
	at org.mockito.internal.invocation.InvocationImpl.<init>(InvocationImpl.java:47)
	at org.mockito.internal.invocation.InvocationBuilder.toInvocation(InvocationBuilder.java:59)
	at org.mockito.internal.debugging.VerboseMockInvocationLoggerTest.<init>(VerboseMockInvocationLoggerTest.java:27)
	at sun.reflect.NativeConstructorAccessorImpl.newInstance0(Native Method)
	at sun.reflect.NativeConstructorAccessorImpl.newInstance(NativeConstructorAccessorImpl.java:57)
	at sun.reflect.DelegatingConstructorAccessorImpl.newInstance(DelegatingConstructorAccessorImpl.java:45)
	at java.lang.reflect.Constructor.newInstance(Constructor.java:526)
	at org.junit.runners.BlockJUnit4ClassRunner.createTest(BlockJUnit4ClassRunner.java:195)
	at org.junit.runners.BlockJUnit4ClassRunner$1.runReflectiveCall(BlockJUnit4ClassRunner.java:244)
	at org.junit.internal.runners.model.ReflectiveCallable.run(ReflectiveCallable.java:12)
	at org.junit.runners.BlockJUnit4ClassRunner.methodBlock(BlockJUnit4ClassRunner.java:241)
	at org.junit.runners.BlockJUnit4ClassRunner.runChild(BlockJUnit4ClassRunner.java:70)
	at org.junit.runners.BlockJUnit4ClassRunner.runChild(BlockJUnit4ClassRunner.java:50)
	at org.junit.runners.ParentRunner$3.run(ParentRunner.java:238)
	at org.junit.runners.ParentRunner$1.schedule(ParentRunner.java:63)
	at org.junit.runners.ParentRunner.runChildren(ParentRunner.java:236)
	at org.junit.runners.ParentRunner.access$000(ParentRunner.java:53)
	at org.junit.runners.ParentRunner$2.evaluate(ParentRunner.java:229)
	at org.junit.runners.ParentRunner.run(ParentRunner.java:309)
	at org.junit.runner.JUnitCore.run(JUnitCore.java:160)
	at org.junit.runner.JUnitCore.run(JUnitCore.java:138)
	at xxl.java.junit.JUnitSingleTestRunner.call(JUnitSingleTestRunner.java:23)
	at xxl.java.junit.JUnitSingleTestRunner.call(JUnitSingleTestRunner.java:10)
	at java.util.concurrent.FutureTask.run(FutureTask.java:262)
	at java.util.concurrent.ThreadPoolExecutor.runWorker(ThreadPoolExecutor.java:1145)
	at java.util.concurrent.ThreadPoolExecutor$Worker.run(ThreadPoolExecutor.java:615)
	at java.lang.Thread.run(Thread.java:745)
java.lang.ArrayIndexOutOfBoundsException: -1
	at org.mockito.internal.invocation.ArgumentsProcessor.expandVarArgs(ArgumentsProcessor.java:13)
	at org.mockito.internal.invocation.InvocationImpl.<init>(InvocationImpl.java:47)
	at org.mockito.internal.creation.cglib.MethodInterceptorFilter.intercept(MethodInterceptorFilter.java:58)
	at org.mockitousage.bugs.DeepStubsWronglyReportsSerializationProblemsTest$ToBeDeepStubbed$$EnhancerByMockitoWithCGLIB$$a542b618.getSomething(<generated>)
	at org.mockitousage.bugs.DeepStubsWronglyReportsSerializationProblemsTest.should_not_raise_a_mockito_exception_about_serialization_when_accessing_deep_stub(DeepStubsWronglyReportsSerializationProblemsTest.java:16)
	at sun.reflect.NativeMethodAccessorImpl.invoke0(Native Method)
	at sun.reflect.NativeMethodAccessorImpl.invoke(NativeMethodAccessorImpl.java:57)
	at sun.reflect.DelegatingMethodAccessorImpl.invoke(DelegatingMethodAccessorImpl.java:43)
	at java.lang.reflect.Method.invoke(Method.java:606)
	at org.junit.runners.model.FrameworkMethod$1.runReflectiveCall(FrameworkMethod.java:47)
	at org.junit.internal.runners.model.ReflectiveCallable.run(ReflectiveCallable.java:12)
	at org.junit.runners.model.FrameworkMethod.invokeExplosively(FrameworkMethod.java:44)
	at org.junit.internal.runners.statements.InvokeMethod.evaluate(InvokeMethod.java:17)
	at org.junit.runners.ParentRunner.runLeaf(ParentRunner.java:271)
	at org.junit.runners.BlockJUnit4ClassRunner.runChild(BlockJUnit4ClassRunner.java:70)
	at org.junit.runners.BlockJUnit4ClassRunner.runChild(BlockJUnit4ClassRunner.java:50)
	at org.junit.runners.ParentRunner$3.run(ParentRunner.java:238)
	at org.junit.runners.ParentRunner$1.schedule(ParentRunner.java:63)
	at org.junit.runners.ParentRunner.runChildren(ParentRunner.java:236)
	at org.junit.runners.ParentRunner.access$000(ParentRunner.java:53)
	at org.junit.runners.ParentRunner$2.evaluate(ParentRunner.java:229)
	at org.junit.runners.ParentRunner.run(ParentRunner.java:309)
	at org.junit.runner.JUnitCore.run(JUnitCore.java:160)
	at org.junit.runner.JUnitCore.run(JUnitCore.java:138)
	at xxl.java.junit.JUnitSingleTestRunner.call(JUnitSingleTestRunner.java:23)
	at xxl.java.junit.JUnitSingleTestRunner.call(JUnitSingleTestRunner.java:10)
	at java.util.concurrent.FutureTask.run(FutureTask.java:262)
	at java.util.concurrent.ThreadPoolExecutor.runWorker(ThreadPoolExecutor.java:1145)
	at java.util.concurrent.ThreadPoolExecutor$Worker.run(ThreadPoolExecutor.java:615)
	at java.lang.Thread.run(Thread.java:745)
java.lang.ArrayIndexOutOfBoundsException: -1
	at org.mockito.internal.invocation.ArgumentsProcessor.expandVarArgs(ArgumentsProcessor.java:17)
	at org.mockito.internal.invocation.InvocationImpl.<init>(InvocationImpl.java:47)
	at org.mockito.internal.creation.cglib.MethodInterceptorFilter.intercept(MethodInterceptorFilter.java:58)
	at org.mockitousage.bugs.DeepStubsWronglyReportsSerializationProblemsTest$ToBeDeepStubbed$$EnhancerByMockitoWithCGLIB$$a542b618.getSomething(<generated>)
	at org.mockitousage.bugs.DeepStubsWronglyReportsSerializationProblemsTest.should_not_raise_a_mockito_exception_about_serialization_when_accessing_deep_stub(DeepStubsWronglyReportsSerializationProblemsTest.java:16)
	at sun.reflect.NativeMethodAccessorImpl.invoke0(Native Method)
	at sun.reflect.NativeMethodAccessorImpl.invoke(NativeMethodAccessorImpl.java:57)
	at sun.reflect.DelegatingMethodAccessorImpl.invoke(DelegatingMethodAccessorImpl.java:43)
	at java.lang.reflect.Method.invoke(Method.java:606)
	at org.junit.runners.model.FrameworkMethod$1.runReflectiveCall(FrameworkMethod.java:47)
	at org.junit.internal.runners.model.ReflectiveCallable.run(ReflectiveCallable.java:12)
	at org.junit.runners.model.FrameworkMethod.invokeExplosively(FrameworkMethod.java:44)
	at org.junit.internal.runners.statements.InvokeMethod.evaluate(InvokeMethod.java:17)
	at org.junit.runners.ParentRunner.runLeaf(ParentRunner.java:271)
	at org.junit.runners.BlockJUnit4ClassRunner.runChild(BlockJUnit4ClassRunner.java:70)
	at org.junit.runners.BlockJUnit4ClassRunner.runChild(BlockJUnit4ClassRunner.java:50)
	at org.junit.runners.ParentRunner$3.run(ParentRunner.java:238)
	at org.junit.runners.ParentRunner$1.schedule(ParentRunner.java:63)
	at org.junit.runners.ParentRunner.runChildren(ParentRunner.java:236)
	at org.junit.runners.ParentRunner.access$000(ParentRunner.java:53)
	at org.junit.runners.ParentRunner$2.evaluate(ParentRunner.java:229)
	at org.junit.runners.ParentRunner.run(ParentRunner.java:309)
	at org.junit.runner.JUnitCore.run(JUnitCore.java:160)
	at org.junit.runner.JUnitCore.run(JUnitCore.java:138)
	at xxl.java.junit.JUnitSingleTestRunner.call(JUnitSingleTestRunner.java:23)
	at xxl.java.junit.JUnitSingleTestRunner.call(JUnitSingleTestRunner.java:10)
	at java.util.concurrent.FutureTask.run(FutureTask.java:262)
	at java.util.concurrent.ThreadPoolExecutor.runWorker(ThreadPoolExecutor.java:1145)
	at java.util.concurrent.ThreadPoolExecutor$Worker.run(ThreadPoolExecutor.java:615)
	at java.lang.Thread.run(Thread.java:745)
java.lang.ArrayIndexOutOfBoundsException: -1
	at org.mockito.internal.invocation.ArgumentsProcessor.expandVarArgs(ArgumentsProcessor.java:13)
	at org.mockito.internal.invocation.InvocationImpl.<init>(InvocationImpl.java:47)
	at org.mockito.internal.creation.cglib.MethodInterceptorFilter.intercept(MethodInterceptorFilter.java:58)
	at org.mockitousage.bugs.deepstubs.DeepStubFailingWhenGenricNestedAsRawTypeTest$MyClass1$$EnhancerByMockitoWithCGLIB$$f1c54996.getNested(<generated>)
	at org.mockitousage.bugs.deepstubs.DeepStubFailingWhenGenricNestedAsRawTypeTest.discoverDeepMockingOfGenerics(DeepStubFailingWhenGenricNestedAsRawTypeTest.java:26)
	at sun.reflect.NativeMethodAccessorImpl.invoke0(Native Method)
	at sun.reflect.NativeMethodAccessorImpl.invoke(NativeMethodAccessorImpl.java:57)
	at sun.reflect.DelegatingMethodAccessorImpl.invoke(DelegatingMethodAccessorImpl.java:43)
	at java.lang.reflect.Method.invoke(Method.java:606)
	at org.junit.runners.model.FrameworkMethod$1.runReflectiveCall(FrameworkMethod.java:47)
	at org.junit.internal.runners.model.ReflectiveCallable.run(ReflectiveCallable.java:12)
	at org.junit.runners.model.FrameworkMethod.invokeExplosively(FrameworkMethod.java:44)
	at org.junit.internal.runners.statements.InvokeMethod.evaluate(InvokeMethod.java:17)
	at org.junit.runners.ParentRunner.runLeaf(ParentRunner.java:271)
	at org.junit.runners.BlockJUnit4ClassRunner.runChild(BlockJUnit4ClassRunner.java:70)
	at org.junit.runners.BlockJUnit4ClassRunner.runChild(BlockJUnit4ClassRunner.java:50)
	at org.junit.runners.ParentRunner$3.run(ParentRunner.java:238)
	at org.junit.runners.ParentRunner$1.schedule(ParentRunner.java:63)
	at org.junit.runners.ParentRunner.runChildren(ParentRunner.java:236)
	at org.junit.runners.ParentRunner.access$000(ParentRunner.java:53)
	at org.junit.runners.ParentRunner$2.evaluate(ParentRunner.java:229)
	at org.junit.runners.ParentRunner.run(ParentRunner.java:309)
	at org.junit.runner.JUnitCore.run(JUnitCore.java:160)
	at org.junit.runner.JUnitCore.run(JUnitCore.java:138)
	at xxl.java.junit.JUnitSingleTestRunner.call(JUnitSingleTestRunner.java:23)
	at xxl.java.junit.JUnitSingleTestRunner.call(JUnitSingleTestRunner.java:10)
	at java.util.concurrent.FutureTask.run(FutureTask.java:262)
	at java.util.concurrent.ThreadPoolExecutor.runWorker(ThreadPoolExecutor.java:1145)
	at java.util.concurrent.ThreadPoolExecutor$Worker.run(ThreadPoolExecutor.java:615)
	at java.lang.Thread.run(Thread.java:745)
java.lang.ArrayIndexOutOfBoundsException: -1
	at org.mockito.internal.invocation.ArgumentsProcessor.expandVarArgs(ArgumentsProcessor.java:17)
	at org.mockito.internal.invocation.InvocationImpl.<init>(InvocationImpl.java:47)
	at org.mockito.internal.creation.cglib.MethodInterceptorFilter.intercept(MethodInterceptorFilter.java:58)
	at org.mockitousage.bugs.deepstubs.DeepStubFailingWhenGenricNestedAsRawTypeTest$MyClass1$$EnhancerByMockitoWithCGLIB$$f1c54996.getNested(<generated>)
	at org.mockitousage.bugs.deepstubs.DeepStubFailingWhenGenricNestedAsRawTypeTest.discoverDeepMockingOfGenerics(DeepStubFailingWhenGenricNestedAsRawTypeTest.java:26)
	at sun.reflect.NativeMethodAccessorImpl.invoke0(Native Method)
	at sun.reflect.NativeMethodAccessorImpl.invoke(NativeMethodAccessorImpl.java:57)
	at sun.reflect.DelegatingMethodAccessorImpl.invoke(DelegatingMethodAccessorImpl.java:43)
	at java.lang.reflect.Method.invoke(Method.java:606)
	at org.junit.runners.model.FrameworkMethod$1.runReflectiveCall(FrameworkMethod.java:47)
	at org.junit.internal.runners.model.ReflectiveCallable.run(ReflectiveCallable.java:12)
	at org.junit.runners.model.FrameworkMethod.invokeExplosively(FrameworkMethod.java:44)
	at org.junit.internal.runners.statements.InvokeMethod.evaluate(InvokeMethod.java:17)
	at org.junit.runners.ParentRunner.runLeaf(ParentRunner.java:271)
	at org.junit.runners.BlockJUnit4ClassRunner.runChild(BlockJUnit4ClassRunner.java:70)
	at org.junit.runners.BlockJUnit4ClassRunner.runChild(BlockJUnit4ClassRunner.java:50)
	at org.junit.runners.ParentRunner$3.run(ParentRunner.java:238)
	at org.junit.runners.ParentRunner$1.schedule(ParentRunner.java:63)
	at org.junit.runners.ParentRunner.runChildren(ParentRunner.java:236)
	at org.junit.runners.ParentRunner.access$000(ParentRunner.java:53)
	at org.junit.runners.ParentRunner$2.evaluate(ParentRunner.java:229)
	at org.junit.runners.ParentRunner.run(ParentRunner.java:309)
	at org.junit.runner.JUnitCore.run(JUnitCore.java:160)
	at org.junit.runner.JUnitCore.run(JUnitCore.java:138)
	at xxl.java.junit.JUnitSingleTestRunner.call(JUnitSingleTestRunner.java:23)
	at xxl.java.junit.JUnitSingleTestRunner.call(JUnitSingleTestRunner.java:10)
	at java.util.concurrent.FutureTask.run(FutureTask.java:262)
	at java.util.concurrent.ThreadPoolExecutor.runWorker(ThreadPoolExecutor.java:1145)
	at java.util.concurrent.ThreadPoolExecutor$Worker.run(ThreadPoolExecutor.java:615)
	at java.lang.Thread.run(Thread.java:745)
java.lang.ArrayIndexOutOfBoundsException: -1
	at org.mockito.internal.invocation.ArgumentsProcessor.expandVarArgs(ArgumentsProcessor.java:13)
	at org.mockito.internal.invocation.InvocationImpl.<init>(InvocationImpl.java:47)
	at org.mockito.internal.creation.cglib.MethodInterceptorFilter.intercept(MethodInterceptorFilter.java:58)
	at org.mockitousage.bugs.deepstubs.DeepStubFailingWhenGenricNestedAsRawTypeTest$MyClass2$$EnhancerByMockitoWithCGLIB$$aa68320f.getNested(<generated>)
	at org.mockitousage.bugs.deepstubs.DeepStubFailingWhenGenricNestedAsRawTypeTest.discoverDeepMockingOfGenerics(DeepStubFailingWhenGenricNestedAsRawTypeTest.java:26)
	at sun.reflect.NativeMethodAccessorImpl.invoke0(Native Method)
	at sun.reflect.NativeMethodAccessorImpl.invoke(NativeMethodAccessorImpl.java:57)
	at sun.reflect.DelegatingMethodAccessorImpl.invoke(DelegatingMethodAccessorImpl.java:43)
	at java.lang.reflect.Method.invoke(Method.java:606)
	at org.junit.runners.model.FrameworkMethod$1.runReflectiveCall(FrameworkMethod.java:47)
	at org.junit.internal.runners.model.ReflectiveCallable.run(ReflectiveCallable.java:12)
	at org.junit.runners.model.FrameworkMethod.invokeExplosively(FrameworkMethod.java:44)
	at org.junit.internal.runners.statements.InvokeMethod.evaluate(InvokeMethod.java:17)
	at org.junit.runners.ParentRunner.runLeaf(ParentRunner.java:271)
	at org.junit.runners.BlockJUnit4ClassRunner.runChild(BlockJUnit4ClassRunner.java:70)
	at org.junit.runners.BlockJUnit4ClassRunner.runChild(BlockJUnit4ClassRunner.java:50)
	at org.junit.runners.ParentRunner$3.run(ParentRunner.java:238)
	at org.junit.runners.ParentRunner$1.schedule(ParentRunner.java:63)
	at org.junit.runners.ParentRunner.runChildren(ParentRunner.java:236)
	at org.junit.runners.ParentRunner.access$000(ParentRunner.java:53)
	at org.junit.runners.ParentRunner$2.evaluate(ParentRunner.java:229)
	at org.junit.runners.ParentRunner.run(ParentRunner.java:309)
	at org.junit.runner.JUnitCore.run(JUnitCore.java:160)
	at org.junit.runner.JUnitCore.run(JUnitCore.java:138)
	at xxl.java.junit.JUnitSingleTestRunner.call(JUnitSingleTestRunner.java:23)
	at xxl.java.junit.JUnitSingleTestRunner.call(JUnitSingleTestRunner.java:10)
	at java.util.concurrent.FutureTask.run(FutureTask.java:262)
	at java.util.concurrent.ThreadPoolExecutor.runWorker(ThreadPoolExecutor.java:1145)
	at java.util.concurrent.ThreadPoolExecutor$Worker.run(ThreadPoolExecutor.java:615)
	at java.lang.Thread.run(Thread.java:745)
java.lang.ArrayIndexOutOfBoundsException: -1
	at org.mockito.internal.invocation.ArgumentsProcessor.expandVarArgs(ArgumentsProcessor.java:17)
	at org.mockito.internal.invocation.InvocationImpl.<init>(InvocationImpl.java:47)
	at org.mockito.internal.creation.cglib.MethodInterceptorFilter.intercept(MethodInterceptorFilter.java:58)
	at org.mockitousage.bugs.deepstubs.DeepStubFailingWhenGenricNestedAsRawTypeTest$MyClass2$$EnhancerByMockitoWithCGLIB$$aa68320f.getNested(<generated>)
	at org.mockitousage.bugs.deepstubs.DeepStubFailingWhenGenricNestedAsRawTypeTest.discoverDeepMockingOfGenerics(DeepStubFailingWhenGenricNestedAsRawTypeTest.java:26)
	at sun.reflect.NativeMethodAccessorImpl.invoke0(Native Method)
	at sun.reflect.NativeMethodAccessorImpl.invoke(NativeMethodAccessorImpl.java:57)
	at sun.reflect.DelegatingMethodAccessorImpl.invoke(DelegatingMethodAccessorImpl.java:43)
	at java.lang.reflect.Method.invoke(Method.java:606)
	at org.junit.runners.model.FrameworkMethod$1.runReflectiveCall(FrameworkMethod.java:47)
	at org.junit.internal.runners.model.ReflectiveCallable.run(ReflectiveCallable.java:12)
	at org.junit.runners.model.FrameworkMethod.invokeExplosively(FrameworkMethod.java:44)
	at org.junit.internal.runners.statements.InvokeMethod.evaluate(InvokeMethod.java:17)
	at org.junit.runners.ParentRunner.runLeaf(ParentRunner.java:271)
	at org.junit.runners.BlockJUnit4ClassRunner.runChild(BlockJUnit4ClassRunner.java:70)
	at org.junit.runners.BlockJUnit4ClassRunner.runChild(BlockJUnit4ClassRunner.java:50)
	at org.junit.runners.ParentRunner$3.run(ParentRunner.java:238)
	at org.junit.runners.ParentRunner$1.schedule(ParentRunner.java:63)
	at org.junit.runners.ParentRunner.runChildren(ParentRunner.java:236)
	at org.junit.runners.ParentRunner.access$000(ParentRunner.java:53)
	at org.junit.runners.ParentRunner$2.evaluate(ParentRunner.java:229)
	at org.junit.runners.ParentRunner.run(ParentRunner.java:309)
	at org.junit.runner.JUnitCore.run(JUnitCore.java:160)
	at org.junit.runner.JUnitCore.run(JUnitCore.java:138)
	at xxl.java.junit.JUnitSingleTestRunner.call(JUnitSingleTestRunner.java:23)
	at xxl.java.junit.JUnitSingleTestRunner.call(JUnitSingleTestRunner.java:10)
	at java.util.concurrent.FutureTask.run(FutureTask.java:262)
	at java.util.concurrent.ThreadPoolExecutor.runWorker(ThreadPoolExecutor.java:1145)
	at java.util.concurrent.ThreadPoolExecutor$Worker.run(ThreadPoolExecutor.java:615)
	at java.lang.Thread.run(Thread.java:745)
java.lang.ArrayIndexOutOfBoundsException: -1
	at org.mockito.internal.invocation.ArgumentsProcessor.expandVarArgs(ArgumentsProcessor.java:13)
	at org.mockito.internal.invocation.InvocationImpl.<init>(InvocationImpl.java:47)
	at org.mockito.internal.creation.cglib.MethodInterceptorFilter.intercept(MethodInterceptorFilter.java:58)
	at org.mockitousage.IMethods$$EnhancerByMockitoWithCGLIB$$ae02476d.simpleMethod(<generated>)
	at org.mockitousage.stubbing.StubbingWithDelegateTest.exception_should_be_propagated_from_delegate(StubbingWithDelegateTest.java:174)
	at sun.reflect.NativeMethodAccessorImpl.invoke0(Native Method)
	at sun.reflect.NativeMethodAccessorImpl.invoke(NativeMethodAccessorImpl.java:57)
	at sun.reflect.DelegatingMethodAccessorImpl.invoke(DelegatingMethodAccessorImpl.java:43)
	at java.lang.reflect.Method.invoke(Method.java:606)
	at org.junit.runners.model.FrameworkMethod$1.runReflectiveCall(FrameworkMethod.java:47)
	at org.junit.internal.runners.model.ReflectiveCallable.run(ReflectiveCallable.java:12)
	at org.junit.runners.model.FrameworkMethod.invokeExplosively(FrameworkMethod.java:44)
	at org.junit.internal.runners.statements.InvokeMethod.evaluate(InvokeMethod.java:17)
	at org.junit.runners.ParentRunner.runLeaf(ParentRunner.java:271)
	at org.junit.runners.BlockJUnit4ClassRunner.runChild(BlockJUnit4ClassRunner.java:70)
	at org.junit.runners.BlockJUnit4ClassRunner.runChild(BlockJUnit4ClassRunner.java:50)
	at org.junit.runners.ParentRunner$3.run(ParentRunner.java:238)
	at org.junit.runners.ParentRunner$1.schedule(ParentRunner.java:63)
	at org.junit.runners.ParentRunner.runChildren(ParentRunner.java:236)
	at org.junit.runners.ParentRunner.access$000(ParentRunner.java:53)
	at org.junit.runners.ParentRunner$2.evaluate(ParentRunner.java:229)
	at org.junit.runners.ParentRunner.run(ParentRunner.java:309)
	at org.junit.runner.JUnitCore.run(JUnitCore.java:160)
	at org.junit.runner.JUnitCore.run(JUnitCore.java:138)
	at xxl.java.junit.JUnitSingleTestRunner.call(JUnitSingleTestRunner.java:23)
	at xxl.java.junit.JUnitSingleTestRunner.call(JUnitSingleTestRunner.java:10)
	at java.util.concurrent.FutureTask.run(FutureTask.java:262)
	at java.util.concurrent.ThreadPoolExecutor.runWorker(ThreadPoolExecutor.java:1145)
	at java.util.concurrent.ThreadPoolExecutor$Worker.run(ThreadPoolExecutor.java:615)
	at java.lang.Thread.run(Thread.java:745)
java.lang.ArrayIndexOutOfBoundsException: -1
	at org.mockito.internal.invocation.ArgumentsProcessor.expandVarArgs(ArgumentsProcessor.java:17)
	at org.mockito.internal.invocation.InvocationImpl.<init>(InvocationImpl.java:47)
	at org.mockito.internal.creation.cglib.MethodInterceptorFilter.intercept(MethodInterceptorFilter.java:58)
	at org.mockitousage.IMethods$$EnhancerByMockitoWithCGLIB$$ae02476d.simpleMethod(<generated>)
	at org.mockitousage.stubbing.StubbingWithDelegateTest.exception_should_be_propagated_from_delegate(StubbingWithDelegateTest.java:174)
	at sun.reflect.NativeMethodAccessorImpl.invoke0(Native Method)
	at sun.reflect.NativeMethodAccessorImpl.invoke(NativeMethodAccessorImpl.java:57)
	at sun.reflect.DelegatingMethodAccessorImpl.invoke(DelegatingMethodAccessorImpl.java:43)
	at java.lang.reflect.Method.invoke(Method.java:606)
	at org.junit.runners.model.FrameworkMethod$1.runReflectiveCall(FrameworkMethod.java:47)
	at org.junit.internal.runners.model.ReflectiveCallable.run(ReflectiveCallable.java:12)
	at org.junit.runners.model.FrameworkMethod.invokeExplosively(FrameworkMethod.java:44)
	at org.junit.internal.runners.statements.InvokeMethod.evaluate(InvokeMethod.java:17)
	at org.junit.runners.ParentRunner.runLeaf(ParentRunner.java:271)
	at org.junit.runners.BlockJUnit4ClassRunner.runChild(BlockJUnit4ClassRunner.java:70)
	at org.junit.runners.BlockJUnit4ClassRunner.runChild(BlockJUnit4ClassRunner.java:50)
	at org.junit.runners.ParentRunner$3.run(ParentRunner.java:238)
	at org.junit.runners.ParentRunner$1.schedule(ParentRunner.java:63)
	at org.junit.runners.ParentRunner.runChildren(ParentRunner.java:236)
	at org.junit.runners.ParentRunner.access$000(ParentRunner.java:53)
	at org.junit.runners.ParentRunner$2.evaluate(ParentRunner.java:229)
	at org.junit.runners.ParentRunner.run(ParentRunner.java:309)
	at org.junit.runner.JUnitCore.run(JUnitCore.java:160)
	at org.junit.runner.JUnitCore.run(JUnitCore.java:138)
	at xxl.java.junit.JUnitSingleTestRunner.call(JUnitSingleTestRunner.java:23)
	at xxl.java.junit.JUnitSingleTestRunner.call(JUnitSingleTestRunner.java:10)
	at java.util.concurrent.FutureTask.run(FutureTask.java:262)
	at java.util.concurrent.ThreadPoolExecutor.runWorker(ThreadPoolExecutor.java:1145)
	at java.util.concurrent.ThreadPoolExecutor$Worker.run(ThreadPoolExecutor.java:615)
	at java.lang.Thread.run(Thread.java:745)
java.util.concurrent.ExecutionException: java.lang.OutOfMemoryError: PermGen space
	at java.util.concurrent.FutureTask.report(FutureTask.java:122)
	at java.util.concurrent.FutureTask.get(FutureTask.java:202)
	at fr.inria.lille.repair.Main.main(Main.java:98)
Caused by: java.lang.OutOfMemoryError: PermGen space

Usage: java -jar nopol.jar
                          [(-m|--mode) <repair|ranking>] [(-e|--type) <pre_then_cond|loop|condition|precondition|arithmetic>] [(-o|--oracle) <angelic|symbolic>] [(-y|--synthesis) <smt|dynamoth>] [(-l|--solver) <z3|cvc4>] [(-p|--solver-path) <solverPath>] (-s|--source) source1:source2:...:sourceN  (-c|--classpath) <classpath> [(-t|--test) test1:test2:...:testN ] [--complianceLevel <complianceLevel>] [--maxTime <maxTime>] [--maxTimeType <maxTimeType>] [(-z|--flocal) < ochiai|dumb|gzoltar>] [--output <outputFolder>] [--json[:<outputJson>]]

Exception in thread "main" java.lang.OutOfMemoryError: PermGen space
## OAR [2017-03-02 22:20:05] Job 1199437 KILLED ##
