export PATH="/home/tdurieux/defects4j/framework/bin:$PATH";export JAVA_TOOL_OPTIONS=-Dfile.encoding=UTF8;export PATH="/usr/lib/jvm/java-1.7.0-openjdk-amd64/bin/:$PATH";cp -r /home/tdurieux/projects/math/math_22 /tmp/math_22_Genprog;cd /tmp/math_22_Genprog;defects4j compile;mkdir lib/;cp -r /home/tdurieux/defects4j/framework/projects/lib/* lib/;cp -r /home/tdurieux/defects4j/framework/projects/Math/lib/* lib/;find . -type f -name "package-info.java" -delete;
/home/tdurieux/defects4j-repair/src/python/core/../../../results/2015-august/Math/22/Genprog/result
cd /tmp/math_22_Genprog;export JAVA_TOOL_OPTIONS=-Dfile.encoding=UTF8;export PATH="/usr/lib/jvm/java-1.7.0-openjdk-amd64/bin/:$PATH";time java  -cp /home/tdurieux/defects4j-repair/src/python/core/../../..//libs/astor.jar fr.inria.main.evolution.MainjGenProg -mode statement -location . -dependencies lib/ -failing org.apache.commons.math3.distribution.FDistributionTest:org.apache.commons.math3.distribution.UniformRealDistributionTest: -package org.apache.commons -jvm4testexecution /usr/lib/jvm/java-1.7.0-openjdk-amd64/bin/ -javacompliancelevel 5 -maxgen 1000000 -seed 10 -maxtime 60  -scope local  -stopfirst true -flthreshold 0.1 -population 1 -srcjavafolder src/main/java/ -srctestfolder src/test/java/ -binjavafolder target/classes/ -bintestfolder target/test-classes/;echo "

Node: `hostname`
";echo "
Date: `date`
";rm -rf /tmp/math_22_Genprog;

2015-08-24 22:34:02,153 INFO main - End Repair Loops: NOT Found solution
2015-08-24 22:34:02,153 INFO main - 
Number solutions:0
2015-08-24 22:34:02,153 INFO main - 
All variants:
2015-08-24 22:34:02,153 INFO main - f 2.0, [Variant id: 19173, #gens: 15, #ops: 0, parent:-]
2015-08-24 22:34:02,153 INFO main - --Space: LOCAL
org.apache.commons.math3.util.FastMath=1526|,org.apache.commons.math3.special.Beta=28|,org.apache.commons.math3.distribution.UniformRealDistribution=28|,org.apache.commons.math3.distribution.FDistribution=47|,
2015-08-24 22:34:02,153 INFO main - 
----stats: 
2015-08-24 22:34:02,153 INFO main - 
spaces navigation: [46]: {(CtReturnImpl| size: 47| alreadyanalyzed| LOCAL| INSERT_AFTER) =78335, (CtIfImpl| size: 28| notcompiles| LOCAL| INSERT_BEFORE) =6, (CtReturnImpl| size: 241| notcompiles| LOCAL| REPLACE) =64, (CtIfImpl| size: 4| compiles| LOCAL| REPLACE) =3, (CtReturnImpl| size: 1526| notcompiles| LOCAL| INSERT_AFTER) =305, (CtReturnImpl| size: 8| compiles| LOCAL| REPLACE) =1, (CtIfImpl| size: 28| alreadyanalyzed| LOCAL| INSERT_BEFORE) =14900, (CtReturnImpl| size: 8| alreadyanalyzed| LOCAL| REPLACE) =3012, (CtReturnImpl| size: 28| notcompiles| LOCAL| INSERT_BEFORE) =41, (CtReturnImpl| size: 28| notcompiles| LOCAL| INSERT_AFTER) =41, (CtReturnImpl| size: 1526| notcompiles| LOCAL| INSERT_BEFORE) =327, (CtReturnImpl| size: 28| compiles| LOCAL| INSERT_BEFORE) =58, (CtReturnImpl| size: 14| notcompiles| LOCAL| REPLACE) =8, (CtReturnImpl| size: 241| compiles| LOCAL| REPLACE) =54, (CtReturnImpl| size: 1526| compiles| LOCAL| INSERT_BEFORE) =231, (CtReturnImpl| size: 14| alreadyanalyzed| LOCAL| REPLACE) =27130, (CtIfImpl| size: 28| compiles| LOCAL| INSERT_BEFORE) =20, (CtLocalVariableImpl| size: 47| alreadyanalyzed| LOCAL| INSERT_BEFORE) =143677, (CtReturnImpl| size: 15| notcompiles| LOCAL| REPLACE) =17, (CtReturnImpl| size: 15| compiles| LOCAL| REPLACE) =19, (CtReturnImpl| size: 47| notcompiles| LOCAL| INSERT_AFTER) =46, (CtIfImpl| size: 28| alreadyanalyzed| LOCAL| INSERT_AFTER) =14101, (CtReturnImpl| size: 1526| alreadyanalyzed| LOCAL| INSERT_BEFORE) =368, (CtIfImpl| size: 28| notcompiles| LOCAL| INSERT_AFTER) =6, (CtLocalVariableImpl| size: 47| notcompiles| LOCAL| INSERT_AFTER) =90, (CtReturnImpl| size: 47| compiles| LOCAL| INSERT_AFTER) =83, (CtReturnImpl| size: 8| notcompiles| LOCAL| REPLACE) =4, (CtReturnImpl| size: 1526| compiles| LOCAL| INSERT_AFTER) =229, (CtLocalVariableImpl| size: 47| compiles| LOCAL| INSERT_AFTER) =168, (CtReturnImpl| size: 28| compiles| LOCAL| INSERT_AFTER) =58, (CtReturnImpl| size: 241| alreadyanalyzed| LOCAL| REPLACE) =38290, (CtLocalVariableImpl| size: 47| notcompiles| LOCAL| INSERT_BEFORE) =90, (CtLocalVariableImpl| size: 47| compiles| LOCAL| INSERT_BEFORE) =168, (CtIfImpl| size: 4| alreadyanalyzed| LOCAL| REPLACE) =2250, (CtIfImpl| size: 28| compiles| LOCAL| INSERT_AFTER) =20, (CtReturnImpl| size: 47| notcompiles| LOCAL| INSERT_BEFORE) =46, (CtReturnImpl| size: 15| alreadyanalyzed| LOCAL| REPLACE) =25318, (CtReturnImpl| size: 47| alreadyanalyzed| LOCAL| INSERT_BEFORE) =79044, (CtLocalVariableImpl| size: 13| alreadyanalyzed| LOCAL| REPLACE) =42602, (CtReturnImpl| size: 28| alreadyanalyzed| LOCAL| INSERT_BEFORE) =62540, (CtLocalVariableImpl| size: 13| compiles| LOCAL| REPLACE) =66, (CtLocalVariableImpl| size: 47| alreadyanalyzed| LOCAL| INSERT_AFTER) =149706, (CtReturnImpl| size: 14| compiles| LOCAL| REPLACE) =28, (CtReturnImpl| size: 47| compiles| LOCAL| INSERT_BEFORE) =83, (CtReturnImpl| size: 28| alreadyanalyzed| LOCAL| INSERT_AFTER) =64557, (CtReturnImpl| size: 1526| alreadyanalyzed| LOCAL| INSERT_AFTER) =318}
#gen: 9586
#patches: 0
#RightCompilation: 1090
#WrongCompilation: 8472
#FailingTestCaseExecution: 1091
#RegressionTestExecution: 0
#TestcasesExecutedval1: 33821
#TestcasesExecutedval2: 0
#FailingTestCase: 31
#RegressionTestCases: 0
#OfAppliedOp: 9562
#NotAppliedOp: 0
#InmutatedGen: 23088
#unfinishValidation: 0
#ing {CtLocalVariableImpl=13212, CtReturnImpl=17240, CtIfImpl=2198}
#untilcompile {1=243, 2=128, 3=84, 4=86, 5=47, 6=29, 7=26, 8=42, 9=13, 10=9, 11=4, 12=4, 13=224, 14=152, 15=140, 17=23, 16=19, 19=6, 18=17, 21=11, 20=7, 23=9, 22=2, 25=6, 24=4, 27=32, 26=30, 29=31, 28=409, 31=11, 30=22, 34=5, 35=1, 32=20, 33=4, 38=4, 39=7, 36=12, 37=3, 42=48, 43=54, 40=17, 41=89, 46=7, 47=725, 44=12, 45=3, 51=39, 50=7, 49=12, 48=10, 55=32, 54=18, 53=5, 52=4, 59=5, 58=13, 57=13, 56=94, 63=5, 62=71, 61=88, 60=118, 68=5, 69=35, 70=20, 71=17, 64=11, 65=9, 66=4, 67=1, 76=15, 77=6, 78=9, 79=22, 72=3, 73=17, 74=28, 75=311, 85=5, 84=18, 87=6, 86=5, 81=6, 80=4, 83=13, 82=8, 93=9, 92=11, 95=10, 94=198, 89=47, 88=75, 91=4, 90=53, 102=33, 103=89, 100=2, 101=15, 98=24, 99=5, 96=7, 97=12, 110=4, 111=14, 108=36, 109=33, 107=57, 104=8, 105=8, 119=6, 118=15, 117=22, 116=38, 115=13, 114=3, 113=9, 112=11, 127=3, 126=18, 125=5, 124=7, 123=9, 122=142, 121=14, 120=15, 137=35, 136=33, 139=7, 138=1, 141=69, 140=9, 143=7, 142=3, 129=16, 128=2, 131=26, 130=23, 133=5, 132=4, 135=63, 134=4, 152=9, 153=5, 154=23, 155=25, 156=5, 157=7, 158=9, 159=10, 144=16, 145=12, 146=8, 147=2, 148=18, 149=24, 150=63, 151=14, 171=5, 170=8, 169=69, 168=9, 175=1, 174=1, 173=10, 172=7, 163=37, 162=10, 161=5, 160=2, 167=3, 166=8, 165=16, 164=18, 186=5, 187=5, 184=14, 185=4, 190=9, 191=18, 188=14, 189=5, 178=15, 179=10, 176=14, 177=24, 182=37, 183=22, 180=6, 181=4, 205=8, 204=6, 207=7, 206=11, 201=9, 200=1, 203=5, 202=6, 197=32, 196=12, 199=7, 198=7, 193=6, 192=9, 195=3, 194=1, 220=9, 221=4, 222=1, 223=12, 216=26, 217=9, 218=4, 219=4, 212=12, 213=4, 214=4, 215=1, 208=3, 209=2, 210=16, 211=14, 239=10, 238=16, 237=11, 236=4, 235=4, 234=4, 233=7, 232=3, 231=9, 230=8, 229=10, 228=1, 227=3, 226=6, 225=16, 224=15, 254=6, 255=3, 252=4, 253=11, 250=2, 251=4, 248=5, 249=7, 246=1, 247=2, 244=18, 245=7, 242=3, 243=6, 240=4, 241=15, 275=4, 274=1, 273=4, 272=13, 279=2, 278=3, 277=6, 276=5, 283=5, 282=2, 281=5, 280=4, 287=10, 286=4, 285=10, 284=3, 258=11, 259=5, 256=4, 257=10, 262=5, 263=10, 260=1, 261=2, 266=5, 267=4, 264=1, 265=3, 270=7, 271=8, 269=9, 305=5, 304=6, 307=2, 306=3, 309=2, 308=1, 311=3, 310=7, 313=7, 312=1, 315=5, 314=2, 317=5, 316=5, 319=3, 318=1, 288=12, 289=8, 290=2, 291=10, 292=7, 293=4, 294=6, 295=4, 296=2, 297=2, 298=4, 299=3, 300=4, 301=4, 302=5, 303=5, 343=2, 342=3, 341=2, 340=3, 339=1, 338=3, 337=3, 336=2, 351=1, 350=2, 349=5, 348=5, 347=3, 346=2, 345=5, 344=2, 326=3, 327=2, 324=4, 325=1, 323=4, 320=3, 321=4, 334=4, 335=4, 332=7, 333=5, 330=2, 331=1, 328=2, 329=2, 373=2, 375=3, 374=1, 369=3, 368=2, 370=1, 380=1, 383=3, 382=4, 377=1, 376=4, 379=3, 378=1, 356=3, 357=4, 358=1, 359=1, 352=5, 353=3, 354=2, 355=1, 365=3, 366=3, 367=2, 360=2, 361=3, 362=1, 363=1, 410=1, 411=1, 408=3, 409=1, 414=1, 415=1, 412=1, 402=2, 403=2, 400=1, 406=3, 407=1, 404=1, 405=2, 395=3, 394=2, 393=4, 392=1, 398=3, 397=4, 396=5, 387=4, 386=1, 385=1, 384=2, 391=5, 390=2, 389=1, 388=1, 445=1, 446=1, 447=3, 432=1, 434=1, 435=1, 436=1, 437=3, 438=5, 439=2, 425=1, 426=2, 429=3, 428=1, 431=2, 417=1, 418=1, 421=2, 420=2, 423=1, 422=4, 479=1, 476=1, 475=1, 473=1, 470=1, 468=1, 469=1, 466=2, 465=1, 462=1, 461=1, 460=1, 455=1, 449=1, 509=1, 504=2, 505=1, 506=1, 496=1, 497=2, 499=1, 493=2, 492=1, 495=1, 488=1, 484=2, 480=1, 483=1, 558=1, 564=1, 563=1, 562=1, 575=1, 570=1, 568=1, 516=1, 517=1, 512=2, 526=1, 522=1, 534=1, 529=1, 543=1, 542=1, 620=1, 630=1, 632=1, 636=1, 579=1, 595=1, 600=1, 603=1, 680=2, 690=1, 688=1, 689=2, 652=1, 655=1, 654=1, 648=1, 650=1, 641=2, 642=1, 670=1, 667=1, 662=1, 656=2, 736=2, 742=1, 756=1, 706=1, 708=1, 724=1, 780=1}
2015-08-24 22:34:02,154 INFO main - Time Evolution(ms): 3660135
2015-08-24 22:34:02,154 INFO fr.inria.main.AbstractMain - Time Total(ms): 4323705


Node: griffon-10.nancy.grid5000.fr


Date: Tue Aug 25 00:34:02 CEST 2015


