export PATH="/home/tdurieux/defects4j/framework/bin:$PATH";export JAVA_TOOL_OPTIONS=-Dfile.encoding=UTF8;export PATH="/usr/lib/jvm/java-1.7.0-openjdk-amd64/bin/:$PATH";cp -r /home/tdurieux/projects/time/time_11 /tmp/time_11_Genprog;cd /tmp/time_11_Genprog;defects4j compile;mkdir lib/;cp -r /home/tdurieux/defects4j/framework/projects/lib/* lib/;cp -r /home/tdurieux/defects4j/framework/projects/Time/lib/* lib/;find . -type f -name "package-info.java" -delete;
/home/tdurieux/defects4j-repair/src/python/core/../../../results/2015-august/Time/11/Genprog/result
cd /tmp/time_11_Genprog;export JAVA_TOOL_OPTIONS=-Dfile.encoding=UTF8;export PATH="/usr/lib/jvm/java-1.7.0-openjdk-amd64/bin/:$PATH";time java  -cp /home/tdurieux/defects4j-repair/src/python/core/../../..//libs/astor.jar fr.inria.main.evolution.MainjGenProg -mode statement -location . -dependencies lib/ -failing org.joda.time.tz.TestCompiler: -package org.joda -jvm4testexecution /usr/lib/jvm/java-1.7.0-openjdk-amd64/bin/ -javacompliancelevel 5 -maxgen 1000000 -seed 10 -maxtime 60  -scope local  -stopfirst true -flthreshold 0.1 -population 1 -srcjavafolder src/main/java/ -srctestfolder src/test/java/ -binjavafolder target/classes/ -bintestfolder target/test-classes/;echo "

Node: `hostname`
";echo "
Date: `date`
";rm -rf /tmp/time_11_Genprog;

2015-08-24 20:10:09,300 INFO main - End Repair Loops: Found solution
2015-08-24 20:10:09,300 INFO main - Solution stored at: ./outputMutation//MainjGenProg-.//src/
2015-08-24 20:10:09,300 INFO main - 
Number solutions:1
2015-08-24 20:10:09,300 INFO main - f (sol): 0.0, [Variant id: 48 (SOL) , #gens: 215, #ops: 1, parent:47]
2015-08-24 20:10:09,300 INFO main - 
All variants:
2015-08-24 20:10:09,300 INFO main - f 1.0, [Variant id: 49, #gens: 216, #ops: 0, parent:-]
2015-08-24 20:10:09,300 INFO main - 
Solution details
2015-08-24 20:10:09,300 INFO main - 
 --SOLUTIONS DESCRIPTION--

 ----
ProgramVariant 48
 
operation: DELETE
location= org.joda.time.tz.DateTimeZoneBuilder
line= 372
original statement= tailZone = rs.buildTailZone(id)
fixed statement= tailZone = rs.buildTailZone(id)
generation= 24
ingredientScope= -
 
2015-08-24 20:10:09,300 INFO main - --Space: LOCAL
org.joda.time.chrono.BasicGJChronology=55|,org.joda.time.PeriodType=206|,org.joda.time.chrono.BasicChronology=190|,org.joda.time.tz.ZoneInfoCompiler=383|,org.joda.time.tz.CachedDateTimeZone=69|,org.joda.time.chrono.BasicYearDateTimeField=37|,org.joda.time.tz.DateTimeZoneBuilder=669|,
2015-08-24 20:10:09,300 INFO main - 
----stats: 
2015-08-24 20:10:09,300 INFO main - 
spaces navigation: [14]: {(CtReturnImpl| size: 669| notcompiles| LOCAL| INSERT_BEFORE) =4, (CtInvocationImpl| size: 73| notcompiles| LOCAL| REPLACE) =3, (CtLocalVariableImpl| size: 129| compiles| LOCAL| REPLACE) =2, (CtIfImpl| size: 669| notcompiles| LOCAL| INSERT_BEFORE) =2, (CtLocalVariableImpl| size: 669| notcompiles| LOCAL| INSERT_AFTER) =8, (CtLocalVariableImpl| size: 669| compiles| LOCAL| INSERT_AFTER) =2, (CtIfImpl| size: 127| alreadyanalyzed| LOCAL| REPLACE) =1, (CtIfImpl| size: 669| compiles| LOCAL| INSERT_BEFORE) =1, (CtInvocationImpl| size: 73| compiles| LOCAL| REPLACE) =1, (CtAssignmentImpl| size: 669| notcompiles| LOCAL| INSERT_BEFORE) =2, (CtIfImpl| size: 127| compiles| LOCAL| REPLACE) =2, (CtReturnImpl| size: 669| compiles| LOCAL| INSERT_BEFORE) =1, (CtAssignmentImpl| size: 669| compiles| LOCAL| INSERT_BEFORE) =1, (CtIfImpl| size: 127| notcompiles| LOCAL| REPLACE) =16}
#gen: 24
#patches: 1
#RightCompilation: 17
#WrongCompilation: 7
#FailingTestCaseExecution: 18
#RegressionTestExecution: 1
#TestcasesExecutedval1: 144
#TestcasesExecutedval2: 3949
#FailingTestCase: 8
#RegressionTestCases: 3949
#OfAppliedOp: 24
#NotAppliedOp: 0
#InmutatedGen: 23
#unfinishValidation: 0
#ing {CtLocalVariableImpl=14, CtForImpl=2, CtAssignmentImpl=6, CtReturnImpl=6, CtInvocationImpl=5, CtIfImpl=12, CtWhileImpl=2}
#untilcompile {1=2, 3=2, 4=2, 5=1, 6=1, 9=1, 10=1}
2015-08-24 20:10:09,300 INFO main - Time Evolution(ms): 37344
2015-08-24 20:10:09,301 INFO fr.inria.main.AbstractMain - Time Total(ms): 83689


Node: griffon-18.nancy.grid5000.fr


Date: Mon Aug 24 22:10:09 CEST 2015


