cd /tmp/closure_78_Brutpol;export JAVA_TOOL_OPTIONS=-Dfile.encoding=UTF8;TZ="America/New_York"; export TZexport PATH="/usr/lib/jvm/java-1.7.0-openjdk-amd64/bin/:$PATH";cp -r /home/tdurieux/dynamoth-experiments/src/python/core/../../../libs/z3 lib/z3;time java -d64 -Xmx4g -Xms1g -XX:MaxPermSize=1024m -XX:+UseConcMarkSweepGC -XX:+CMSPermGenSweepingEnabled -XX:+CMSClassUnloadingEnabled -cp /home/tdurieux/dynamoth-experiments/src/python/core/../../..//libs/nopol.jar:/usr/lib/jvm/java-1.7.0-openjdk-amd64/bin//../lib/tools.jar fr.inria.lille.repair.Main --flocal gzoltar  --maxTime 300  --json  --mode repair --type pre_then_cond --oracle angelic --synthesis dynamoth --solver z3 --solver-path /home/tdurieux/dynamoth-experiments/src/python/core/../../..//libs/z3/z3 --complianceLevel 6 --source /tmp/closure_78_Brutpol/src/ --classpath /tmp/closure_78_Brutpol/build/classes:/tmp/closure_78_Brutpol/build/test:/tmp/closure_78_Brutpol/lib/ant.jar:/tmp/closure_78_Brutpol/lib/ant-launcher.jar:/tmp/closure_78_Brutpol/lib/args4j.jar:/tmp/closure_78_Brutpol/lib/guava.jar:/tmp/closure_78_Brutpol/lib/json.jar:/tmp/closure_78_Brutpol/lib/jsr305.jar:/tmp/closure_78_Brutpol/lib/junit.jar:/tmp/closure_78_Brutpol/lib/caja-r4314.jar:/tmp/closure_78_Brutpol/lib/protobuf-java.jar:/tmp/closure_78_Brutpol/lib/libtrunk_rhino_parser_jarjared.jar:/home/tdurieux/dynamoth-experiments/src/python/core/../../..//libs/nopol.jar;echo "

Node: `hostname`
";echo "
Date: `date`
";

05:16:02.820 [pool-2-thread-1] INFO  fr.inria.lille.repair.nopol.NoPol - Nb classes : 366
05:16:02.820 [pool-2-thread-1] INFO  fr.inria.lille.repair.nopol.NoPol - Nb methods : 4146
05:16:02.820 [pool-2-thread-1] INFO  fr.inria.lille.repair.nopol.NoPol - Nb Statements Analyzed : 1
05:16:02.820 [pool-2-thread-1] INFO  fr.inria.lille.repair.nopol.NoPol - Nb Statements with Angelic Value Found : 1
05:16:02.820 [pool-2-thread-1] INFO  fr.inria.lille.repair.nopol.NoPol - NoPol Execution time : 131405ms
05:16:02.821 [pool-2-thread-1] INFO  fr.inria.lille.repair.nopol.NoPol - ----PATCH FOUND----
05:16:02.821 [pool-2-thread-1] INFO  fr.inria.lille.repair.nopol.NoPol - this.areNodesEqualForInlining((com.google.javascript.rhino.Node) left, (com.google.javascript.rhino.Node) right)
05:16:05.290 [pool-2-thread-1] INFO  fr.inria.lille.repair.nopol.NoPol - Nb test that executes the patch: 1
05:16:05.291 [pool-2-thread-1] INFO  fr.inria.lille.repair.nopol.NoPol - com.google.javascript.jscomp.PeepholeFoldConstants:718: PRECONDITION
05:16:05.421 [pool-2-thread-1] INFO  fr.inria.lille.repair.nopol.NoPol - --- /tmp/closure_78_Brutpol/src/com/google/javascript/jscomp/PeepholeFoldConstants.java
+++ /tmp/closure_78_Brutpol/src/com/google/javascript/jscomp/PeepholeFoldConstants.java
@@ -717,3 +717,5 @@
         if (rval == 0) {
-          error(DiagnosticType.error("JSC_DIVIDE_BY_0_ERROR", "Divide by 0"), right);
+          if (this.areNodesEqualForInlining((com.google.javascript.rhino.Node) left, (com.google.javascript.rhino.Node) right)) {
+            error(DiagnosticType.error("JSC_DIVIDE_BY_0_ERROR", "Divide by 0"), right);
+          }
           return null;



Node: griffon-22.nancy.grid5000.fr


Date: Sat Mar  4 06:16:08 CET 2017


