export PATH="/home/tdurieux/defects4j/framework/bin:$PATH";export JAVA_TOOL_OPTIONS=-Dfile.encoding=UTF8;export PATH="/usr/lib/jvm/java-1.7.0-openjdk-amd64/bin/:$PATH";cp -r /home/tdurieux/projects/chart/chart_7 /tmp/chart_7_Genprog;cd /tmp/chart_7_Genprog;defects4j compile;mkdir lib/;cp -r /home/tdurieux/defects4j/framework/projects/lib/* lib/;cp -r /home/tdurieux/defects4j/framework/projects/Chart/lib/* lib/;find . -type f -name "package-info.java" -delete;
/home/tdurieux/defects4j-repair/src/python/core/../../../results/2015-august/Chart/7/Genprog/result
cd /tmp/chart_7_Genprog;export JAVA_TOOL_OPTIONS=-Dfile.encoding=UTF8;TZ="America/New_York"; export TZexport PATH="/usr/lib/jvm/java-1.7.0-openjdk-amd64/bin/:$PATH";time java  -cp /home/tdurieux/defects4j-repair/src/python/core/../../..//libs/astor.jar fr.inria.main.evolution.MainjGenProg -mode statement -location . -dependencies lib/ -failing org.jfree.data.time.junit.TimePeriodValuesTests: -package org.jfree -jvm4testexecution /usr/lib/jvm/java-1.7.0-openjdk-amd64/bin/ -javacompliancelevel 4 -maxgen 1000000 -seed 10 -maxtime 60  -scope local  -stopfirst true -flthreshold 0.1 -population 1 -srcjavafolder source/ -srctestfolder tests/ -binjavafolder build/ -bintestfolder build-tests/;echo "

Node: `hostname`
";echo "
Date: `date`
";rm -rf /tmp/chart_7_Genprog;

2015-08-24 23:40:18,516 INFO main - End Repair Loops: Found solution
2015-08-24 23:40:18,516 INFO main - Solution stored at: ./outputMutation//MainjGenProg-.//src/
2015-08-24 23:40:18,516 INFO main - 
Number solutions:1
2015-08-24 23:40:18,516 INFO main - f (sol): 0.0, [Variant id: 252 (SOL) , #gens: 62, #ops: 1, parent:251]
2015-08-24 23:40:18,516 INFO main - 
All variants:
2015-08-24 23:40:18,516 INFO main - f 1.0, [Variant id: 253, #gens: 62, #ops: 0, parent:-]
2015-08-24 23:40:18,516 INFO main - 
Solution details
2015-08-24 23:40:18,516 INFO main - 
 --SOLUTIONS DESCRIPTION--

 ----
ProgramVariant 252
 
operation: REPLACE
location= org.jfree.data.time.TimePeriodValues
line= 552
original statement= return this.maxMiddleIndex
fixed statement= return this.maxStartIndex
generation= 126
ingredientScope= LOCAL
 
2015-08-24 23:40:18,516 INFO main - --Space: LOCAL
org.jfree.data.time.TimePeriodValues=130|,org.jfree.data.time.TimePeriodValue=29|,org.jfree.data.time.SimpleTimePeriod=47|,org.jfree.data.time.Year=54|,org.jfree.data.time.RegularTimePeriod=36|,
2015-08-24 23:40:18,516 INFO main - 
----stats: 
2015-08-24 23:40:18,516 INFO main - 
spaces navigation: [48]: {(CtReturnImpl| size: 29| notcompiles| LOCAL| INSERT_AFTER) =1, (CtAssignmentImpl| size: 33| alreadyanalyzed| LOCAL| REPLACE) =2, (CtReturnImpl| size: 36| notcompiles| LOCAL| INSERT_AFTER) =7, (CtInvocationImpl| size: 54| alreadyanalyzed| LOCAL| INSERT_BEFORE) =1, (CtLocalVariableImpl| size: 130| compiles| LOCAL| INSERT_BEFORE) =7, (CtInvocationImpl| size: 54| compiles| LOCAL| INSERT_BEFORE) =2, (CtReturnImpl| size: 29| compiles| LOCAL| INSERT_AFTER) =1, (CtIfImpl| size: 130| notcompiles| LOCAL| INSERT_BEFORE) =4, (CtReturnImpl| size: 14| notcompiles| LOCAL| REPLACE) =3, (CtAssignmentImpl| size: 130| compiles| LOCAL| INSERT_BEFORE) =8, (CtLocalVariableImpl| size: 130| notcompiles| LOCAL| INSERT_AFTER) =7, (CtReturnImpl| size: 23| notcompiles| LOCAL| REPLACE) =1, (CtLocalVariableImpl| size: 26| compiles| LOCAL| REPLACE) =4, (CtAssignmentImpl| size: 33| compiles| LOCAL| REPLACE) =7, (CtReturnImpl| size: 14| alreadyanalyzed| LOCAL| REPLACE) =1, (CtAssignmentImpl| size: 130| notcompiles| LOCAL| INSERT_BEFORE) =2, (CtReturnImpl| size: 23| compiles| LOCAL| REPLACE) =4, (CtReturnImpl| size: 10| compiles| LOCAL| REPLACE) =1, (CtReturnImpl| size: 36| notcompiles| LOCAL| INSERT_BEFORE) =7, (CtReturnImpl| size: 36| compiles| LOCAL| INSERT_AFTER) =1, (CtIfImpl| size: 21| notcompiles| LOCAL| REPLACE) =16, (CtIfImpl| size: 130| compiles| LOCAL| INSERT_AFTER) =5, (CtReturnImpl| size: 47| notcompiles| LOCAL| INSERT_AFTER) =1, (CtReturnImpl| size: 36| alreadyanalyzed| LOCAL| INSERT_AFTER) =1, (CtReturnImpl| size: 36| alreadyanalyzed| LOCAL| INSERT_BEFORE) =1, (CtReturnImpl| size: 36| compiles| LOCAL| INSERT_BEFORE) =2, (CtAssignmentImpl| size: 33| notcompiles| LOCAL| REPLACE) =3, (CtReturnImpl| size: 54| compiles| LOCAL| INSERT_AFTER) =2, (CtReturnImpl| size: 54| compiles| LOCAL| INSERT_BEFORE) =3, (CtIfImpl| size: 21| compiles| LOCAL| REPLACE) =11, (CtInvocationImpl| size: 130| notcompiles| LOCAL| INSERT_BEFORE) =4, (CtReturnImpl| size: 47| compiles| LOCAL| INSERT_AFTER) =1, (CtReturnImpl| size: 23| alreadyanalyzed| LOCAL| REPLACE) =1, (CtReturnImpl| size: 130| notcompiles| LOCAL| INSERT_BEFORE) =4, (CtInvocationImpl| size: 130| compiles| LOCAL| INSERT_BEFORE) =4, (CtIfImpl| size: 130| compiles| LOCAL| INSERT_BEFORE) =6, (CtAssignmentImpl| size: 130| notcompiles| LOCAL| INSERT_AFTER) =11, (CtReturnImpl| size: 54| notcompiles| LOCAL| INSERT_BEFORE) =2, (CtIfImpl| size: 21| alreadyanalyzed| LOCAL| REPLACE) =8, (CtReturnImpl| size: 17| compiles| LOCAL| REPLACE) =3, (CtReturnImpl| size: 130| compiles| LOCAL| INSERT_BEFORE) =2, (CtReturnImpl| size: 130| compiles| LOCAL| INSERT_AFTER) =3, (CtInvocationImpl| size: 54| notcompiles| LOCAL| INSERT_BEFORE) =2, (CtLocalVariableImpl| size: 130| notcompiles| LOCAL| INSERT_BEFORE) =2, (CtReturnImpl| size: 14| compiles| LOCAL| REPLACE) =1, (CtAssignmentImpl| size: 130| compiles| LOCAL| INSERT_AFTER) =10, (CtReturnImpl| size: 10| notcompiles| LOCAL| REPLACE) =1, (CtLocalVariableImpl| size: 130| compiles| LOCAL| INSERT_AFTER) =10}
#gen: 126
#patches: 1
#RightCompilation: 56
#WrongCompilation: 70
#FailingTestCaseExecution: 57
#RegressionTestExecution: 1
#TestcasesExecutedval1: 570
#TestcasesExecutedval2: 1821
#FailingTestCase: 10
#RegressionTestCases: 1821
#OfAppliedOp: 126
#NotAppliedOp: 0
#InmutatedGen: 0
#unfinishValidation: 0
#ing {CtLocalVariableImpl=25, CtAssignmentImpl=29, CtReturnImpl=29, CtInvocationImpl=13, CtIfImpl=30}
#untilcompile {1=56, 2=25, 3=4, 4=5, 5=2, 6=3, 8=2, 9=1}
2015-08-24 23:40:18,517 INFO main - Time Evolution(ms): 31878
2015-08-24 23:40:18,517 INFO fr.inria.main.AbstractMain - Time Total(ms): 75410


Node: griffon-15.nancy.grid5000.fr


Date: Tue Aug 25 01:40:18 CEST 2015


