export PATH="/home/tdurieux/defects4j/framework/bin:$PATH";export JAVA_TOOL_OPTIONS=-Dfile.encoding=UTF8;export PATH="/usr/lib/jvm/java-1.7.0-openjdk-amd64/bin/:$PATH";cp -r /home/tdurieux/projects/math/math_37 /tmp/math_37_Genprog;cd /tmp/math_37_Genprog;defects4j compile;mkdir lib/;cp -r /home/tdurieux/defects4j/framework/projects/lib/* lib/;cp -r /home/tdurieux/defects4j/framework/projects/Math/lib/* lib/;find . -type f -name "package-info.java" -delete;
/home/tdurieux/defects4j-repair/src/python/core/../../../results/2015-august/Math/37/Genprog/result
cd /tmp/math_37_Genprog;export JAVA_TOOL_OPTIONS=-Dfile.encoding=UTF8;export PATH="/usr/lib/jvm/java-1.7.0-openjdk-amd64/bin/:$PATH";time java  -cp /home/tdurieux/defects4j-repair/src/python/core/../../..//libs/astor.jar fr.inria.main.evolution.MainjGenProg -mode statement -location . -dependencies lib/ -failing org.apache.commons.math.complex.ComplexTest:org.apache.commons.math.complex.ComplexTest:org.apache.commons.math.complex.ComplexTest:org.apache.commons.math.complex.ComplexTest: -package org.apache.commons -jvm4testexecution /usr/lib/jvm/java-1.7.0-openjdk-amd64/bin/ -javacompliancelevel 5 -maxgen 1000000 -seed 10 -maxtime 60  -scope local  -stopfirst true -flthreshold 0.1 -population 1 -srcjavafolder src/main/java/ -srctestfolder src/test/java/ -binjavafolder target/classes/ -bintestfolder target/test-classes/;echo "

Node: `hostname`
";echo "
Date: `date`
";rm -rf /tmp/math_37_Genprog;

2015-08-24 22:22:55,104 INFO main - End Repair Loops: NOT Found solution
2015-08-24 22:22:55,104 INFO main - 
Number solutions:0
2015-08-24 22:22:55,105 INFO main - 
All variants:
2015-08-24 22:22:55,105 INFO main - f 16.0, [Variant id: 20469, #gens: 191, #ops: 0, parent:-]
2015-08-24 22:22:55,105 INFO main - --Space: LOCAL
org.apache.commons.math.complex.Complex=192|,org.apache.commons.math.util.FastMath=1529|,
2015-08-24 22:22:55,105 INFO main - 
----stats: 
2015-08-24 22:22:55,105 INFO main - 
spaces navigation: [90]: {(CtInvocationImpl| size: 1529| alreadyanalyzed| LOCAL| INSERT_AFTER) =8, (CtIfImpl| size: 51| compiles| LOCAL| REPLACE) =42, (CtBreakImpl| size: 1529| compiles| LOCAL| INSERT_BEFORE) =16, (CtInvocationImpl| size: 1529| compiles| LOCAL| INSERT_AFTER) =38, (CtInvocationImpl| size: 1529| notcompiles| LOCAL| INSERT_BEFORE) =62, (CtLocalVariableImpl| size: 1529| alreadyanalyzed| LOCAL| INSERT_BEFORE) =159, (CtLocalVariableImpl| size: 192| notcompiles| LOCAL| INSERT_BEFORE) =117, (CtIfImpl| size: 248| compiles| LOCAL| REPLACE) =342, (CtInvocationImpl| size: 36| compiles| LOCAL| REPLACE) =5, (CtReturnImpl| size: 1529| alreadyanalyzed| LOCAL| INSERT_AFTER) =115, (CtIfImpl| size: 248| alreadyanalyzed| LOCAL| REPLACE) =4304, (CtAssignmentImpl| size: 1529| compiles| LOCAL| INSERT_AFTER) =668, (CtSwitchImpl| size: 1529| notcompiles| LOCAL| INSERT_AFTER) =23, (CtOperatorAssignmentImpl| size: 101| notcompiles| LOCAL| REPLACE) =607, (CtIfImpl| size: 1529| alreadyanalyzed| LOCAL| INSERT_BEFORE) =84, (CtIfImpl| size: 192| notcompiles| LOCAL| INSERT_AFTER) =70, (CtIfImpl| size: 1529| notcompiles| LOCAL| INSERT_AFTER) =507, (CtInvocationImpl| size: 1529| compiles| LOCAL| INSERT_BEFORE) =44, (CtBreakImpl| size: 1529| notcompiles| LOCAL| INSERT_AFTER) =20, (CtSwitchImpl| size: 1529| compiles| LOCAL| INSERT_AFTER) =14, (CtReturnImpl| size: 92| alreadyanalyzed| LOCAL| REPLACE) =1768, (CtSwitchImpl| size: 1529| notcompiles| LOCAL| INSERT_BEFORE) =8, (CtAssignmentImpl| size: 1529| alreadyanalyzed| LOCAL| INSERT_AFTER) =100, (CtIfImpl| size: 1529| notcompiles| LOCAL| INSERT_BEFORE) =614, (CtReturnImpl| size: 192| compiles| LOCAL| INSERT_AFTER) =139, (CtReturnImpl| size: 192| alreadyanalyzed| LOCAL| INSERT_BEFORE) =95, (CtLocalVariableImpl| size: 192| compiles| LOCAL| INSERT_AFTER) =230, (CtReturnImpl| size: 1529| compiles| LOCAL| INSERT_AFTER) =212, (CtIfImpl| size: 1529| alreadyanalyzed| LOCAL| INSERT_AFTER) =44, (CtInvocationImpl| size: 36| alreadyanalyzed| LOCAL| REPLACE) =1373, (CtReturnImpl| size: 192| compiles| LOCAL| INSERT_BEFORE) =130, (CtReturnImpl| size: 1529| notcompiles| LOCAL| INSERT_BEFORE) =317, (CtLocalVariableImpl| size: 405| alreadyanalyzed| LOCAL| REPLACE) =53, (CtLocalVariableImpl| size: 1529| alreadyanalyzed| LOCAL| INSERT_AFTER) =122, (CtReturnImpl| size: 192| alreadyanalyzed| LOCAL| INSERT_AFTER) =143, (CtLocalVariableImpl| size: 28| compiles| LOCAL| REPLACE) =88, (CtOperatorAssignmentImpl| size: 101| compiles| LOCAL| REPLACE) =49, (CtOperatorAssignmentImpl| size: 101| alreadyanalyzed| LOCAL| REPLACE) =25101, (CtOperatorAssignmentImpl| size: 1529| alreadyanalyzed| LOCAL| INSERT_AFTER) =68, (CtReturnImpl| size: 92| compiles| LOCAL| REPLACE) =129, (CtReturnImpl| size: 1529| compiles| LOCAL| INSERT_BEFORE) =213, (CtLocalVariableImpl| size: 192| compiles| LOCAL| INSERT_BEFORE) =181, (CtOperatorAssignmentImpl| size: 1529| alreadyanalyzed| LOCAL| INSERT_BEFORE) =44, (CtIfImpl| size: 248| notcompiles| LOCAL| REPLACE) =977, (CtAssignmentImpl| size: 467| compiles| LOCAL| REPLACE) =400, (CtIfImpl| size: 192| notcompiles| LOCAL| INSERT_BEFORE) =64, (CtBreakImpl| size: 1529| notcompiles| LOCAL| INSERT_BEFORE) =24, (CtAssignmentImpl| size: 467| alreadyanalyzed| LOCAL| REPLACE) =128158, (CtIfImpl| size: 192| alreadyanalyzed| LOCAL| INSERT_BEFORE) =327, (CtAssignmentImpl| size: 1529| alreadyanalyzed| LOCAL| INSERT_BEFORE) =123, (CtAssignmentImpl| size: 467| notcompiles| LOCAL| REPLACE) =8051, (CtAssignmentImpl| size: 1529| compiles| LOCAL| INSERT_BEFORE) =688, (CtIfImpl| size: 51| notcompiles| LOCAL| REPLACE) =28, (CtOperatorAssignmentImpl| size: 1529| compiles| LOCAL| INSERT_BEFORE) =283, (CtOperatorAssignmentImpl| size: 1529| notcompiles| LOCAL| INSERT_BEFORE) =338, (CtSwitchImpl| size: 1529| alreadyanalyzed| LOCAL| INSERT_AFTER) =2, (CtSwitchImpl| size: 2| alreadyanalyzed| LOCAL| REPLACE) =30, (CtLocalVariableImpl| size: 405| compiles| LOCAL| REPLACE) =686, (CtLocalVariableImpl| size: 28| alreadyanalyzed| LOCAL| REPLACE) =3938, (CtLocalVariableImpl| size: 192| alreadyanalyzed| LOCAL| INSERT_BEFORE) =405, (CtIfImpl| size: 51| alreadyanalyzed| LOCAL| REPLACE) =3643, (CtInvocationImpl| size: 1529| notcompiles| LOCAL| INSERT_AFTER) =48, (CtOperatorAssignmentImpl| size: 1529| compiles| LOCAL| INSERT_AFTER) =272, (CtReturnImpl| size: 192| notcompiles| LOCAL| INSERT_BEFORE) =64, (CtLocalVariableImpl| size: 192| alreadyanalyzed| LOCAL| INSERT_AFTER) =788, (CtIfImpl| size: 1529| compiles| LOCAL| INSERT_AFTER) =360, (CtInvocationImpl| size: 36| notcompiles| LOCAL| REPLACE) =20, (CtIfImpl| size: 192| compiles| LOCAL| INSERT_BEFORE) =110, (CtReturnImpl| size: 1529| alreadyanalyzed| LOCAL| INSERT_BEFORE) =62, (CtSwitchImpl| size: 1529| compiles| LOCAL| INSERT_BEFORE) =15, (CtReturnImpl| size: 92| notcompiles| LOCAL| REPLACE) =88, (CtIfImpl| size: 1529| compiles| LOCAL| INSERT_BEFORE) =418, (CtLocalVariableImpl| size: 1529| compiles| LOCAL| INSERT_AFTER) =677, (CtIfImpl| size: 192| compiles| LOCAL| INSERT_AFTER) =124, (CtAssignmentImpl| size: 1529| notcompiles| LOCAL| INSERT_AFTER) =821, (CtIfImpl| size: 192| alreadyanalyzed| LOCAL| INSERT_AFTER) =412, (CtOperatorAssignmentImpl| size: 1529| notcompiles| LOCAL| INSERT_AFTER) =339, (CtReturnImpl| size: 1529| notcompiles| LOCAL| INSERT_AFTER) =355, (CtLocalVariableImpl| size: 1529| notcompiles| LOCAL| INSERT_AFTER) =1067, (CtLocalVariableImpl| size: 1529| compiles| LOCAL| INSERT_BEFORE) =693, (CtReturnImpl| size: 192| notcompiles| LOCAL| INSERT_AFTER) =65, (CtBreakImpl| size: 3| alreadyanalyzed| LOCAL| REPLACE) =54, (CtReturnImpl| size: 236| notcompiles| LOCAL| REPLACE) =192, (CtReturnImpl| size: 236| compiles| LOCAL| REPLACE) =158, (CtLocalVariableImpl| size: 1529| notcompiles| LOCAL| INSERT_BEFORE) =1178, (CtLocalVariableImpl| size: 192| notcompiles| LOCAL| INSERT_AFTER) =144, (CtReturnImpl| size: 236| alreadyanalyzed| LOCAL| REPLACE) =9806, (CtInvocationImpl| size: 1529| alreadyanalyzed| LOCAL| INSERT_BEFORE) =9, (CtAssignmentImpl| size: 1529| notcompiles| LOCAL| INSERT_BEFORE) =952, (CtBreakImpl| size: 1529| compiles| LOCAL| INSERT_AFTER) =17}
#gen: 10234
#patches: 0
#RightCompilation: 194
#WrongCompilation: 10040
#FailingTestCaseExecution: 195
#RegressionTestExecution: 0
#TestcasesExecutedval1: 95940
#TestcasesExecutedval2: 0
#FailingTestCase: 492
#RegressionTestCases: 0
#OfAppliedOp: 10234
#NotAppliedOp: 0
#InmutatedGen: 822
#unfinishValidation: 0
#ing {CtLocalVariableImpl=3617, CtSwitchImpl=60, CtAssignmentImpl=2684, CtReturnImpl=1388, CtOperatorAssignmentImpl=1118, CtInvocationImpl=170, CtBreakImpl=71, CtIfImpl=1948}
#untilcompile {1=2742, 2=1350, 3=855, 4=546, 5=357, 6=218, 7=144, 8=100, 9=72, 10=64, 11=43, 12=37, 13=34, 14=17, 15=23, 17=14, 16=17, 19=11, 18=15, 21=13, 20=11, 561=1, 23=8, 22=10, 25=6, 24=4, 574=1, 27=14, 572=1, 26=6, 29=30, 28=31, 570=4, 31=21, 569=3, 30=27, 568=3, 34=9, 35=5, 32=7, 33=5, 38=3, 39=5, 36=15, 37=17, 42=4, 43=3, 40=4, 41=4, 46=1, 47=6, 45=5, 51=20, 50=5, 49=2, 48=5, 55=3, 54=13, 53=15, 52=12, 59=2, 58=4, 57=11, 542=1, 56=4, 61=3, 68=1, 69=2, 70=2, 64=1, 65=3, 66=2, 67=2, 76=1, 77=1, 78=4, 617=1, 79=1, 72=1, 73=2, 75=1, 85=4, 84=1, 87=2, 81=1, 80=3, 83=2, 82=1, 93=4, 92=4, 95=2, 89=1, 88=2, 90=3, 576=1, 102=44, 103=26, 100=1, 101=52, 98=1, 99=1, 581=1, 96=3, 97=1, 110=1, 111=4, 108=4, 109=1, 106=11, 107=6, 104=23, 105=13, 119=1, 118=3, 117=1, 115=2, 114=1, 113=2, 599=1, 112=1, 126=1, 125=1, 123=3, 604=1, 121=1, 137=3, 139=1, 138=1, 141=1, 140=1, 143=1, 129=2, 128=3, 131=1, 133=1, 135=1, 134=1, 152=2, 153=2, 155=2, 158=1, 145=1, 148=1, 150=2, 151=1, 171=1, 168=1, 163=1, 162=3, 166=2, 165=1, 164=1, 190=1, 188=2, 178=1, 179=1, 207=1, 203=1, 197=1, 196=1, 194=1, 220=1, 216=1, 215=1, 238=9, 237=7, 236=14, 717=1, 233=1, 231=2, 705=1, 707=1, 732=1, 250=3, 248=2, 249=1, 245=1, 243=1, 240=2, 278=1, 276=1, 804=1, 264=2, 305=1, 304=1, 306=1, 309=1, 317=1, 289=1, 292=1, 300=2, 337=1, 346=1, 324=1, 329=1, 365=1, 413=1, 403=1, 406=1, 936=1, 935=2, 934=1, 478=3, 476=4, 477=2, 474=5, 475=2, 472=9, 473=8, 470=23, 471=7, 468=46, 469=32, 467=59, 992=1, 450=1, 505=1, 507=1, 501=1, 503=1, 496=3, 497=1, 498=1, 495=3, 969=1, 480=1, 483=1}
2015-08-24 22:22:55,106 INFO main - Time Evolution(ms): 3660248
2015-08-24 22:22:55,106 INFO fr.inria.main.AbstractMain - Time Total(ms): 4240620


Node: griffon-9.nancy.grid5000.fr


Date: Tue Aug 25 00:22:55 CEST 2015


