export PATH="/home/tdurieux/defects4j/framework/bin:$PATH";export JAVA_TOOL_OPTIONS=-Dfile.encoding=UTF8;export PATH="/usr/lib/jvm/java-1.7.0-openjdk-amd64/bin/:$PATH";cp -r /home/tdurieux/projects/time/time_4 /tmp/time_4_Genprog;cd /tmp/time_4_Genprog;defects4j compile;mkdir lib/;cp -r /home/tdurieux/defects4j/framework/projects/lib/* lib/;cp -r /home/tdurieux/defects4j/framework/projects/Time/lib/* lib/;find . -type f -name "package-info.java" -delete;
/home/tdurieux/defects4j-repair/src/python/core/../../../results/2015-august/Time/4/Genprog/result
cd /tmp/time_4_Genprog;export JAVA_TOOL_OPTIONS=-Dfile.encoding=UTF8;export PATH="/usr/lib/jvm/java-1.7.0-openjdk-amd64/bin/:$PATH";time java  -cp /home/tdurieux/defects4j-repair/src/python/core/../../..//libs/astor.jar fr.inria.main.evolution.MainjGenProg -mode statement -location . -dependencies lib/ -failing org.joda.time.TestPartial_Basics: -package org.joda -jvm4testexecution /usr/lib/jvm/java-1.7.0-openjdk-amd64/bin/ -javacompliancelevel 5 -maxgen 1000000 -seed 10 -maxtime 60  -scope local  -stopfirst true -flthreshold 0.1 -population 1 -srcjavafolder src/main/java/ -srctestfolder src/test/java/ -binjavafolder target/classes/ -bintestfolder target/test-classes/;echo "

Node: `hostname`
";echo "
Date: `date`
";rm -rf /tmp/time_4_Genprog;

2015-08-24 20:09:53,992 INFO main - End Repair Loops: Found solution
2015-08-24 20:09:53,992 INFO main - Solution stored at: ./outputMutation//MainjGenProg-.//src/
2015-08-24 20:09:53,992 INFO main - 
Number solutions:1
2015-08-24 20:09:53,992 INFO main - f (sol): 0.0, [Variant id: 138 (SOL) , #gens: 39, #ops: 1, parent:137]
2015-08-24 20:09:53,992 INFO main - 
All variants:
2015-08-24 20:09:53,992 INFO main - f 1.0, [Variant id: 139, #gens: 39, #ops: 0, parent:-]
2015-08-24 20:09:53,992 INFO main - 
Solution details
2015-08-24 20:09:53,992 INFO main - 
 --SOLUTIONS DESCRIPTION--

 ----
ProgramVariant 138
 
operation: REPLACE
location= org.joda.time.field.ZeroIsMaxDateTimeField
line= 178
original statement= return (getWrappedField().getMaximumValue(instant, values)) + 1
fixed statement= return 1
generation= 69
ingredientScope= LOCAL
 
2015-08-24 20:09:53,992 INFO main - --Space: LOCAL
org.joda.time.base.AbstractPartial=79|,org.joda.time.Partial=239|,org.joda.time.field.BaseDurationField=21|,org.joda.time.DateTimeFieldType=91|,org.joda.time.field.ZeroIsMaxDateTimeField=35|,
2015-08-24 20:09:53,992 INFO main - 
----stats: 
2015-08-24 20:09:53,992 INFO main - 
spaces navigation: [38]: {(CtReturnImpl| size: 21| compiles| LOCAL| INSERT_AFTER) =1, (CtIfImpl| size: 42| notcompiles| LOCAL| REPLACE) =14, (CtReturnImpl| size: 35| notcompiles| LOCAL| INSERT_BEFORE) =12, (CtReturnImpl| size: 51| notcompiles| LOCAL| REPLACE) =1, (CtInvocationImpl| size: 32| alreadyanalyzed| LOCAL| REPLACE) =1, (CtReturnImpl| size: 13| compiles| LOCAL| REPLACE) =1, (CtIfImpl| size: 239| notcompiles| LOCAL| INSERT_BEFORE) =1, (CtReturnImpl| size: 35| notcompiles| LOCAL| INSERT_AFTER) =10, (CtReturnImpl| size: 29| notcompiles| LOCAL| REPLACE) =1, (CtInvocationImpl| size: 32| compiles| LOCAL| REPLACE) =3, (CtLocalVariableImpl| size: 239| notcompiles| LOCAL| INSERT_AFTER) =4, (CtLocalVariableImpl| size: 46| compiles| LOCAL| REPLACE) =3, (CtInvocationImpl| size: 239| notcompiles| LOCAL| INSERT_BEFORE) =1, (CtIfImpl| size: 42| alreadyanalyzed| LOCAL| REPLACE) =1, (CtReturnImpl| size: 79| compiles| LOCAL| REPLACE) =1, (CtReturnImpl| size: 35| compiles| LOCAL| INSERT_AFTER) =2, (CtAssignmentImpl| size: 45| compiles| LOCAL| REPLACE) =3, (CtReturnImpl| size: 25| notcompiles| LOCAL| REPLACE) =6, (CtReturnImpl| size: 25| compiles| LOCAL| REPLACE) =2, (CtReturnImpl| size: 239| compiles| LOCAL| INSERT_BEFORE) =1, (CtReturnImpl| size: 35| alreadyanalyzed| LOCAL| INSERT_AFTER) =8, (CtReturnImpl| size: 35| compiles| LOCAL| INSERT_BEFORE) =8, (CtInvocationImpl| size: 239| compiles| LOCAL| INSERT_BEFORE) =3, (CtIfImpl| size: 239| compiles| LOCAL| INSERT_AFTER) =2, (CtAssignmentImpl| size: 45| notcompiles| LOCAL| REPLACE) =8, (CtAssignmentImpl| size: 45| alreadyanalyzed| LOCAL| REPLACE) =2, (CtLocalVariableImpl| size: 239| compiles| LOCAL| INSERT_BEFORE) =2, (CtIfImpl| size: 42| compiles| LOCAL| REPLACE) =3, (CtBreakImpl| size: 239| notcompiles| LOCAL| INSERT_BEFORE) =1, (CtIfImpl| size: 239| compiles| LOCAL| INSERT_BEFORE) =3, (CtInvocationImpl| size: 239| notcompiles| LOCAL| INSERT_AFTER) =4, (CtReturnImpl| size: 35| alreadyanalyzed| LOCAL| INSERT_BEFORE) =10, (CtReturnImpl| size: 25| alreadyanalyzed| LOCAL| REPLACE) =4, (CtInvocationImpl| size: 239| compiles| LOCAL| INSERT_AFTER) =4, (CtLocalVariableImpl| size: 239| compiles| LOCAL| INSERT_AFTER) =4, (CtBreakImpl| size: 239| compiles| LOCAL| INSERT_BEFORE) =1, (CtReturnImpl| size: 29| compiles| LOCAL| REPLACE) =1, (CtReturnImpl| size: 51| compiles| LOCAL| REPLACE) =1}
#gen: 69
#patches: 1
#RightCompilation: 24
#WrongCompilation: 45
#FailingTestCaseExecution: 25
#RegressionTestExecution: 1
#TestcasesExecutedval1: 1725
#TestcasesExecutedval2: 4014
#FailingTestCase: 69
#RegressionTestCases: 4014
#OfAppliedOp: 69
#NotAppliedOp: 0
#InmutatedGen: 4
#unfinishValidation: 0
#ing {CtLocalVariableImpl=13, CtForImpl=1, CtAssignmentImpl=3, CtReturnImpl=27, CtInvocationImpl=16, CtBreakImpl=1, CtIfImpl=12}
#untilcompile {1=23, 2=11, 3=5, 4=2, 5=2, 6=1, 8=1, 9=2, 13=1, 15=1}
2015-08-24 20:09:53,993 INFO main - Time Evolution(ms): 22395
2015-08-24 20:09:53,993 INFO fr.inria.main.AbstractMain - Time Total(ms): 60775


Node: graphene-6.nancy.grid5000.fr


Date: Mon Aug 24 22:09:54 CEST 2015


