/tmp/math_44_BrutpolC
export PATH="/home/tdurieux/defects4j/framework/bin:$PATH";export JAVA_TOOL_OPTIONS=-Dfile.encoding=UTF8;export PATH="/usr/lib/jvm/java-1.7.0-openjdk-amd64/bin/:$PATH";cd /home/tdurieux/projects/math/math_44;defects4j compile;cp -r /home/tdurieux/projects/math/math_44 /tmp/math_44_BrutpolC;cd /tmp/math_44_BrutpolC;mkdir lib/;cp -r /home/tdurieux/defects4j/framework/projects/lib/* lib/;cp -r /home/tdurieux/defects4j/framework/projects/Math/lib/* lib/;find . -type f -name "package-info.java" -delete;
cd /tmp/math_44_BrutpolC;export JAVA_TOOL_OPTIONS=-Dfile.encoding=UTF8;export PATH="/usr/lib/jvm/java-1.7.0-openjdk-amd64/bin/:$PATH";TZ="America/New_York"; export TZ;cp -r /home/tdurieux/defects4j-repair/src/python/core/../../../libs/z3 lib/z3;time java -Xmx8192m -cp /home/tdurieux/defects4j-repair/src/python/core/../../..//libs/nopol.jar:/usr/lib/jvm/java-1.7.0-openjdk-amd64/bin//../lib/tools.jar fr.inria.lille.repair.Main --mode repair --type condition --oracle angelic --synthesis brutpol --solver z3 --solver-path /home/tdurieux/defects4j-repair/src/python/core/../../..//libs/z3/z3 --complianceLevel 5 --source src/main/java/ --classpath target/classes/:target/test-classes/:lib/commons-discovery-0.5.jar:/home/tdurieux/defects4j-repair/src/python/core/../../..//libs/nopol.jar;echo "

Node: `hostname`
";echo "
Date: `date`
";rm -rf /tmp/math_44_BrutpolC;

Nb classes : 589
Nb methods : 3749
Nb statement executed by the passing tests of the patched line: 0
Nb statement executed by the failing tests of the patched line: 0
Nb statements: 24032
Nb unit tests : 3119
Nb Statements Analyzed : 639
Nb Statements with Angelic Value Found : 1
Nb run failing test  : []
Nb run passing test : []
NoPol Execution time : 871099ms


Node: graphene-52.nancy.grid5000.fr


Date: Tue May 10 15:20:20 EDT 2016


