/tmp/math_104_NopolC
export PATH="/home/tdurieux/defects4j/framework/bin:$PATH";export JAVA_TOOL_OPTIONS=-Dfile.encoding=UTF8;export PATH="/usr/lib/jvm/java-1.7.0-openjdk-amd64/bin/:$PATH";cd /home/tdurieux/projects/math/math_104;defects4j compile;cp -r /home/tdurieux/projects/math/math_104 /tmp/math_104_NopolC;cd /tmp/math_104_NopolC;mkdir lib/;cp -r /home/tdurieux/defects4j/framework/projects/lib/* lib/;cp -r /home/tdurieux/defects4j/framework/projects/Math/lib/* lib/;find . -type f -name "package-info.java" -delete;
cd /tmp/math_104_NopolC;export JAVA_TOOL_OPTIONS=-Dfile.encoding=UTF8;export PATH="/usr/lib/jvm/java-1.7.0-openjdk-amd64/bin/:$PATH";TZ="America/New_York"; export TZ;cp -r /home/tdurieux/defects4j-repair/src/python/core/../../../libs/z3 lib/z3;time java  -cp /home/tdurieux/defects4j-repair/src/python/core/../../..//libs/nopol.jar:/usr/lib/jvm/java-1.7.0-openjdk-amd64/bin//../lib/tools.jar fr.inria.lille.repair.Main --mode repair --type condition --oracle angelic --synthesis smt --solver z3 --solver-path /home/tdurieux/defects4j-repair/src/python/core/../../..//libs/z3/z3 --complianceLevel 3 --source src/java/ --classpath target/classes/:target/test-classes/:lib/commons-discovery-0.5.jar:/home/tdurieux/defects4j-repair/src/python/core/../../..//libs/nopol.jar;echo "

Node: `hostname`
";echo "
Date: `date`
";rm -rf /tmp/math_104_NopolC;

Nb classes : 215
Nb methods : 1259
Nb statement executed by the passing tests of the patched line: 0
Nb statement executed by the failing tests of the patched line: 0
Nb statements: 6366
Nb unit tests : 1003
Nb Statements Analyzed : 88
Nb Statements with Angelic Value Found : 1
Nb inputs in SMT : 970
Nb SMT level: 3
Nb SMT components: [7] [== of arity: 2, != of arity: 2, < of arity: 2, <= of arity: 2, ! of arity: 1, || of arity: 2, && of arity: 2]
                  class java.lang.Boolean: 7
Nb variables in SMT : 16
Nb run failing test  : [2, 2, 2, 2, 1]
Nb run passing test : [1, 1, 1, 1, 42]
NoPol Execution time : 89001ms
----PATCH FOUND----
org.apache.commons.math.special.Gamma:162: CONDITIONAL ((1 == a) || ((a >= 1.0) && (x > a))) && (org.apache.commons.math.special.Gamma.HALF_LOG_2_PI < x)


Node: graphene-1.nancy.grid5000.fr


Date: Sun May  8 13:13:32 EDT 2016


