/tmp/closure_26_NopolC
export PATH="/home/tdurieux/defects4j/framework/bin:$PATH";export JAVA_TOOL_OPTIONS=-Dfile.encoding=UTF8;export PATH="/usr/lib/jvm/java-1.7.0-openjdk-amd64/bin/:$PATH";cd /home/tdurieux/projects/closure/closure_26;defects4j compile;cp -r /home/tdurieux/projects/closure/closure_26 /tmp/closure_26_NopolC;cd /tmp/closure_26_NopolC;mkdir lib/;cp -r /home/tdurieux/defects4j/framework/projects/lib/* lib/;cp -r /home/tdurieux/defects4j/framework/projects/Closure/lib/* lib/;find . -type f -name "package-info.java" -delete;
cd /tmp/closure_26_NopolC;export JAVA_TOOL_OPTIONS=-Dfile.encoding=UTF8;export PATH="/usr/lib/jvm/java-1.7.0-openjdk-amd64/bin/:$PATH";cp -r /home/tdurieux/defects4j-repair/src/python/core/../../../libs/z3 lib/z3;time java -Xmx4096m -cp /home/tdurieux/defects4j-repair/src/python/core/../../..//libs/nopol.jar:/usr/lib/jvm/java-1.7.0-openjdk-amd64/bin//../lib/tools.jar fr.inria.lille.repair.Main --mode repair --type condition --oracle angelic --synthesis smt --solver z3 --solver-path /home/tdurieux/defects4j-repair/src/python/core/../../..//libs/z3/z3 --complianceLevel 6 --source /tmp/closure_26_NopolC/src/ --classpath /tmp/closure_26_NopolC/build/classes:/tmp/closure_26_NopolC/build/test:/tmp/closure_26_NopolC/build/lib/rhino.jar:/tmp/closure_26_NopolC/lib/ant.jar:/tmp/closure_26_NopolC/lib/ant-launcher.jar:/tmp/closure_26_NopolC/lib/args4j.jar:/tmp/closure_26_NopolC/lib/guava.jar:/tmp/closure_26_NopolC/lib/jarjar.jar:/tmp/closure_26_NopolC/lib/json.jar:/tmp/closure_26_NopolC/lib/jsr305.jar:/tmp/closure_26_NopolC/lib/junit.jar:/tmp/closure_26_NopolC/lib/caja-r4314.jar:/tmp/closure_26_NopolC/lib/protobuf-java.jar:/home/tdurieux/defects4j-repair/src/python/core/../../..//libs/nopol.jar;echo "

Node: `hostname`
";echo "
Date: `date`
";rm -rf /tmp/closure_26_NopolC;

Nb classes : 51
Nb methods : 355
Nb statement executed by the passing tests of the patched line: 0
Nb statement executed by the failing tests of the patched line: 0
Nb statements: 42176
Nb unit tests : 7498
Nb Statements Analyzed : 2451
Nb Statements with Angelic Value Found : 0
Nb inputs in SMT : 0
Nb SMT level: 0
Nb variables in SMT : 0
Nb run failing test  : [2, 2, 2, 2, 2, 2, 2, 2, 2, 2, 2]
Nb run passing test : [19, 19, 19, 19, 19, 19, 19, 19, 19, 19, 19]
NoPol Execution time : 174565ms


Node: grisou-38.nancy.grid5000.fr


Date: Mon May 16 20:18:58 CEST 2016


