mkdir: cannot create directory ‘lib/’: File exists
Running ant (compile)...................................................... OK
Running ant (compile.tests)................................................ OK
Picked up JAVA_TOOL_OPTIONS: -Dfile.encoding=UTF8
Please use CMSClassUnloadingEnabled in place of CMSPermGenSweepingEnabled in the future
spoon.compiler.ModelBuildingException: The method filter(Filter) of type JUnit45AndHigherRunnerImpl must override a superclass method at /tmp/mockito_37_Nopol/src/org/mockito/internal/runners/JUnit45AndHigherRunnerImpl.java:43
	at spoon.support.compiler.jdt.JDTBasedSpoonCompiler.report(JDTBasedSpoonCompiler.java:579)
	at spoon.support.compiler.jdt.JDTBasedSpoonCompiler.reportProblems(JDTBasedSpoonCompiler.java:560)
	at spoon.support.compiler.jdt.JDTBasedSpoonCompiler.build(JDTBasedSpoonCompiler.java:121)
	at spoon.support.compiler.jdt.JDTBasedSpoonCompiler.build(JDTBasedSpoonCompiler.java:102)
	at fr.inria.lille.commons.spoon.util.SpoonModelLibrary.modelFor(SpoonModelLibrary.java:56)
	at fr.inria.lille.commons.spoon.SpoonedFile.<init>(SpoonedFile.java:62)
	at fr.inria.lille.commons.spoon.SpoonedProject.<init>(SpoonedProject.java:17)
	at fr.inria.lille.repair.nopol.NoPol.<init>(NoPol.java:100)
	at fr.inria.lille.repair.Main$1.call(Main.java:90)
	at java.util.concurrent.FutureTask.run(FutureTask.java:262)
	at java.util.concurrent.ThreadPoolExecutor.runWorker(ThreadPoolExecutor.java:1145)
	at java.util.concurrent.ThreadPoolExecutor$Worker.run(ThreadPoolExecutor.java:615)
	at java.lang.Thread.run(Thread.java:745)
spoon.compiler.ModelBuildingException: The type LocalizedMatcher must implement the inherited abstract method Matcher.describeMismatch(Object, Description) at /tmp/mockito_37_Nopol/src/org/mockito/internal/matchers/LocalizedMatcher.java:11
	at spoon.support.compiler.jdt.JDTBasedSpoonCompiler.report(JDTBasedSpoonCompiler.java:579)
	at spoon.support.compiler.jdt.JDTBasedSpoonCompiler.reportProblems(JDTBasedSpoonCompiler.java:560)
	at spoon.support.compiler.jdt.JDTBasedSpoonCompiler.build(JDTBasedSpoonCompiler.java:121)
	at spoon.support.compiler.jdt.JDTBasedSpoonCompiler.build(JDTBasedSpoonCompiler.java:102)
	at fr.inria.lille.commons.spoon.util.SpoonModelLibrary.modelFor(SpoonModelLibrary.java:56)
	at fr.inria.lille.commons.spoon.SpoonedFile.<init>(SpoonedFile.java:62)
	at fr.inria.lille.commons.spoon.SpoonedClass.<init>(SpoonedClass.java:14)
	at fr.inria.lille.commons.spoon.SpoonedProject.forked(SpoonedProject.java:47)
	at fr.inria.lille.repair.nopol.NoPol.runOnStatement(NoPol.java:175)
	at fr.inria.lille.repair.nopol.NoPol.solveWithMultipleBuild(NoPol.java:166)
	at fr.inria.lille.repair.nopol.NoPol.build(NoPol.java:133)
	at fr.inria.lille.repair.Main$1.call(Main.java:91)
	at java.util.concurrent.FutureTask.run(FutureTask.java:262)
	at java.util.concurrent.ThreadPoolExecutor.runWorker(ThreadPoolExecutor.java:1145)
	at java.util.concurrent.ThreadPoolExecutor$Worker.run(ThreadPoolExecutor.java:615)
	at java.lang.Thread.run(Thread.java:745)
java.lang.ArrayIndexOutOfBoundsException: -1
	at org.mockito.internal.invocation.Invocation.expandVarArgs(Invocation.java:48)
	at org.mockito.internal.invocation.Invocation.<init>(Invocation.java:30)
	at org.mockito.internal.invocation.InvocationBuilder.toInvocation(InvocationBuilder.java:42)
	at org.mockito.internal.stubbing.answers.AnswersValidatorTest.<init>(AnswersValidatorTest.java:23)
	at sun.reflect.NativeConstructorAccessorImpl.newInstance0(Native Method)
	at sun.reflect.NativeConstructorAccessorImpl.newInstance(NativeConstructorAccessorImpl.java:57)
	at sun.reflect.DelegatingConstructorAccessorImpl.newInstance(DelegatingConstructorAccessorImpl.java:45)
	at java.lang.reflect.Constructor.newInstance(Constructor.java:526)
	at org.junit.runners.BlockJUnit4ClassRunner.createTest(BlockJUnit4ClassRunner.java:195)
	at org.junit.runners.BlockJUnit4ClassRunner$1.runReflectiveCall(BlockJUnit4ClassRunner.java:244)
	at org.junit.internal.runners.model.ReflectiveCallable.run(ReflectiveCallable.java:12)
	at org.junit.runners.BlockJUnit4ClassRunner.methodBlock(BlockJUnit4ClassRunner.java:241)
	at org.junit.runners.BlockJUnit4ClassRunner.runChild(BlockJUnit4ClassRunner.java:70)
	at org.junit.runners.BlockJUnit4ClassRunner.runChild(BlockJUnit4ClassRunner.java:50)
	at org.junit.runners.ParentRunner$3.run(ParentRunner.java:238)
	at org.junit.runners.ParentRunner$1.schedule(ParentRunner.java:63)
	at org.junit.runners.ParentRunner.runChildren(ParentRunner.java:236)
	at org.junit.runners.ParentRunner.access$000(ParentRunner.java:53)
	at org.junit.runners.ParentRunner$2.evaluate(ParentRunner.java:229)
	at org.junit.runners.ParentRunner.run(ParentRunner.java:309)
	at org.junit.runner.JUnitCore.run(JUnitCore.java:160)
	at org.junit.runner.JUnitCore.run(JUnitCore.java:138)
	at xxl.java.junit.JUnitSingleTestRunner.call(JUnitSingleTestRunner.java:23)
	at xxl.java.junit.JUnitSingleTestRunner.call(JUnitSingleTestRunner.java:10)
	at java.util.concurrent.FutureTask.run(FutureTask.java:262)
	at java.util.concurrent.ThreadPoolExecutor.runWorker(ThreadPoolExecutor.java:1145)
	at java.util.concurrent.ThreadPoolExecutor$Worker.run(ThreadPoolExecutor.java:615)
	at java.lang.Thread.run(Thread.java:745)
java.lang.ArrayIndexOutOfBoundsException: -1
	at org.mockito.internal.invocation.Invocation.expandVarArgs(Invocation.java:49)
	at org.mockito.internal.invocation.Invocation.<init>(Invocation.java:30)
	at org.mockito.internal.invocation.InvocationBuilder.toInvocation(InvocationBuilder.java:42)
	at org.mockito.internal.stubbing.answers.AnswersValidatorTest.<init>(AnswersValidatorTest.java:23)
	at sun.reflect.NativeConstructorAccessorImpl.newInstance0(Native Method)
	at sun.reflect.NativeConstructorAccessorImpl.newInstance(NativeConstructorAccessorImpl.java:57)
	at sun.reflect.DelegatingConstructorAccessorImpl.newInstance(DelegatingConstructorAccessorImpl.java:45)
	at java.lang.reflect.Constructor.newInstance(Constructor.java:526)
	at org.junit.runners.BlockJUnit4ClassRunner.createTest(BlockJUnit4ClassRunner.java:195)
	at org.junit.runners.BlockJUnit4ClassRunner$1.runReflectiveCall(BlockJUnit4ClassRunner.java:244)
	at org.junit.internal.runners.model.ReflectiveCallable.run(ReflectiveCallable.java:12)
	at org.junit.runners.BlockJUnit4ClassRunner.methodBlock(BlockJUnit4ClassRunner.java:241)
	at org.junit.runners.BlockJUnit4ClassRunner.runChild(BlockJUnit4ClassRunner.java:70)
	at org.junit.runners.BlockJUnit4ClassRunner.runChild(BlockJUnit4ClassRunner.java:50)
	at org.junit.runners.ParentRunner$3.run(ParentRunner.java:238)
	at org.junit.runners.ParentRunner$1.schedule(ParentRunner.java:63)
	at org.junit.runners.ParentRunner.runChildren(ParentRunner.java:236)
	at org.junit.runners.ParentRunner.access$000(ParentRunner.java:53)
	at org.junit.runners.ParentRunner$2.evaluate(ParentRunner.java:229)
	at org.junit.runners.ParentRunner.run(ParentRunner.java:309)
	at org.junit.runner.JUnitCore.run(JUnitCore.java:160)
	at org.junit.runner.JUnitCore.run(JUnitCore.java:138)
	at xxl.java.junit.JUnitSingleTestRunner.call(JUnitSingleTestRunner.java:23)
	at xxl.java.junit.JUnitSingleTestRunner.call(JUnitSingleTestRunner.java:10)
	at java.util.concurrent.FutureTask.run(FutureTask.java:262)
	at java.util.concurrent.ThreadPoolExecutor.runWorker(ThreadPoolExecutor.java:1145)
	at java.util.concurrent.ThreadPoolExecutor$Worker.run(ThreadPoolExecutor.java:615)
	at java.lang.Thread.run(Thread.java:745)
java.lang.ArrayIndexOutOfBoundsException: -1
	at org.mockito.internal.invocation.Invocation.expandVarArgs(Invocation.java:48)
	at org.mockito.internal.invocation.Invocation.<init>(Invocation.java:30)
	at org.mockito.internal.invocation.InvocationBuilder.toInvocation(InvocationBuilder.java:42)
	at org.mockito.internal.stubbing.answers.AnswersValidatorTest.<init>(AnswersValidatorTest.java:23)
	at sun.reflect.NativeConstructorAccessorImpl.newInstance0(Native Method)
	at sun.reflect.NativeConstructorAccessorImpl.newInstance(NativeConstructorAccessorImpl.java:57)
	at sun.reflect.DelegatingConstructorAccessorImpl.newInstance(DelegatingConstructorAccessorImpl.java:45)
	at java.lang.reflect.Constructor.newInstance(Constructor.java:526)
	at org.junit.runners.BlockJUnit4ClassRunner.createTest(BlockJUnit4ClassRunner.java:195)
	at org.junit.runners.BlockJUnit4ClassRunner$1.runReflectiveCall(BlockJUnit4ClassRunner.java:244)
	at org.junit.internal.runners.model.ReflectiveCallable.run(ReflectiveCallable.java:12)
	at org.junit.runners.BlockJUnit4ClassRunner.methodBlock(BlockJUnit4ClassRunner.java:241)
	at org.junit.runners.BlockJUnit4ClassRunner.runChild(BlockJUnit4ClassRunner.java:70)
	at org.junit.runners.BlockJUnit4ClassRunner.runChild(BlockJUnit4ClassRunner.java:50)
	at org.junit.runners.ParentRunner$3.run(ParentRunner.java:238)
	at org.junit.runners.ParentRunner$1.schedule(ParentRunner.java:63)
	at org.junit.runners.ParentRunner.runChildren(ParentRunner.java:236)
	at org.junit.runners.ParentRunner.access$000(ParentRunner.java:53)
	at org.junit.runners.ParentRunner$2.evaluate(ParentRunner.java:229)
	at org.junit.runners.ParentRunner.run(ParentRunner.java:309)
	at org.junit.runner.JUnitCore.run(JUnitCore.java:160)
	at org.junit.runner.JUnitCore.run(JUnitCore.java:138)
	at xxl.java.junit.JUnitSingleTestRunner.call(JUnitSingleTestRunner.java:23)
	at xxl.java.junit.JUnitSingleTestRunner.call(JUnitSingleTestRunner.java:10)
	at java.util.concurrent.FutureTask.run(FutureTask.java:262)
	at java.util.concurrent.ThreadPoolExecutor.runWorker(ThreadPoolExecutor.java:1145)
	at java.util.concurrent.ThreadPoolExecutor$Worker.run(ThreadPoolExecutor.java:615)
	at java.lang.Thread.run(Thread.java:745)
java.lang.ArrayIndexOutOfBoundsException: -1
	at org.mockito.internal.invocation.Invocation.expandVarArgs(Invocation.java:49)
	at org.mockito.internal.invocation.Invocation.<init>(Invocation.java:30)
	at org.mockito.internal.invocation.InvocationBuilder.toInvocation(InvocationBuilder.java:42)
	at org.mockito.internal.stubbing.answers.AnswersValidatorTest.<init>(AnswersValidatorTest.java:23)
	at sun.reflect.NativeConstructorAccessorImpl.newInstance0(Native Method)
	at sun.reflect.NativeConstructorAccessorImpl.newInstance(NativeConstructorAccessorImpl.java:57)
	at sun.reflect.DelegatingConstructorAccessorImpl.newInstance(DelegatingConstructorAccessorImpl.java:45)
	at java.lang.reflect.Constructor.newInstance(Constructor.java:526)
	at org.junit.runners.BlockJUnit4ClassRunner.createTest(BlockJUnit4ClassRunner.java:195)
	at org.junit.runners.BlockJUnit4ClassRunner$1.runReflectiveCall(BlockJUnit4ClassRunner.java:244)
	at org.junit.internal.runners.model.ReflectiveCallable.run(ReflectiveCallable.java:12)
	at org.junit.runners.BlockJUnit4ClassRunner.methodBlock(BlockJUnit4ClassRunner.java:241)
	at org.junit.runners.BlockJUnit4ClassRunner.runChild(BlockJUnit4ClassRunner.java:70)
	at org.junit.runners.BlockJUnit4ClassRunner.runChild(BlockJUnit4ClassRunner.java:50)
	at org.junit.runners.ParentRunner$3.run(ParentRunner.java:238)
	at org.junit.runners.ParentRunner$1.schedule(ParentRunner.java:63)
	at org.junit.runners.ParentRunner.runChildren(ParentRunner.java:236)
	at org.junit.runners.ParentRunner.access$000(ParentRunner.java:53)
	at org.junit.runners.ParentRunner$2.evaluate(ParentRunner.java:229)
	at org.junit.runners.ParentRunner.run(ParentRunner.java:309)
	at org.junit.runner.JUnitCore.run(JUnitCore.java:160)
	at org.junit.runner.JUnitCore.run(JUnitCore.java:138)
	at xxl.java.junit.JUnitSingleTestRunner.call(JUnitSingleTestRunner.java:23)
	at xxl.java.junit.JUnitSingleTestRunner.call(JUnitSingleTestRunner.java:10)
	at java.util.concurrent.FutureTask.run(FutureTask.java:262)
	at java.util.concurrent.ThreadPoolExecutor.runWorker(ThreadPoolExecutor.java:1145)
	at java.util.concurrent.ThreadPoolExecutor$Worker.run(ThreadPoolExecutor.java:615)
	at java.lang.Thread.run(Thread.java:745)
java.lang.ArrayIndexOutOfBoundsException: -1
	at org.mockito.internal.invocation.Invocation.expandVarArgs(Invocation.java:48)
	at org.mockito.internal.invocation.Invocation.<init>(Invocation.java:30)
	at org.mockito.internal.invocation.InvocationBuilder.toInvocation(InvocationBuilder.java:42)
	at org.mockito.internal.stubbing.answers.AnswersValidatorTest.shouldFailWhenCallingRealMethodOnIterface(AnswersValidatorTest.java:94)
	at sun.reflect.NativeMethodAccessorImpl.invoke0(Native Method)
	at sun.reflect.NativeMethodAccessorImpl.invoke(NativeMethodAccessorImpl.java:57)
	at sun.reflect.DelegatingMethodAccessorImpl.invoke(DelegatingMethodAccessorImpl.java:43)
	at java.lang.reflect.Method.invoke(Method.java:606)
	at org.junit.runners.model.FrameworkMethod$1.runReflectiveCall(FrameworkMethod.java:47)
	at org.junit.internal.runners.model.ReflectiveCallable.run(ReflectiveCallable.java:12)
	at org.junit.runners.model.FrameworkMethod.invokeExplosively(FrameworkMethod.java:44)
	at org.junit.internal.runners.statements.InvokeMethod.evaluate(InvokeMethod.java:17)
	at org.junit.internal.runners.statements.RunBefores.evaluate(RunBefores.java:26)
	at org.junit.internal.runners.statements.RunAfters.evaluate(RunAfters.java:27)
	at org.junit.runners.ParentRunner.runLeaf(ParentRunner.java:271)
	at org.junit.runners.BlockJUnit4ClassRunner.runChild(BlockJUnit4ClassRunner.java:70)
	at org.junit.runners.BlockJUnit4ClassRunner.runChild(BlockJUnit4ClassRunner.java:50)
	at org.junit.runners.ParentRunner$3.run(ParentRunner.java:238)
	at org.junit.runners.ParentRunner$1.schedule(ParentRunner.java:63)
	at org.junit.runners.ParentRunner.runChildren(ParentRunner.java:236)
	at org.junit.runners.ParentRunner.access$000(ParentRunner.java:53)
	at org.junit.runners.ParentRunner$2.evaluate(ParentRunner.java:229)
	at org.junit.runners.ParentRunner.run(ParentRunner.java:309)
	at org.junit.runner.JUnitCore.run(JUnitCore.java:160)
	at org.junit.runner.JUnitCore.run(JUnitCore.java:138)
	at xxl.java.junit.JUnitSingleTestRunner.call(JUnitSingleTestRunner.java:23)
	at xxl.java.junit.JUnitSingleTestRunner.call(JUnitSingleTestRunner.java:10)
	at java.util.concurrent.FutureTask.run(FutureTask.java:262)
	at java.util.concurrent.ThreadPoolExecutor.runWorker(ThreadPoolExecutor.java:1145)
	at java.util.concurrent.ThreadPoolExecutor$Worker.run(ThreadPoolExecutor.java:615)
	at java.lang.Thread.run(Thread.java:745)
java.lang.ArrayIndexOutOfBoundsException: -1
	at org.mockito.internal.invocation.Invocation.expandVarArgs(Invocation.java:49)
	at org.mockito.internal.invocation.Invocation.<init>(Invocation.java:30)
	at org.mockito.internal.invocation.InvocationBuilder.toInvocation(InvocationBuilder.java:42)
	at org.mockito.internal.stubbing.answers.AnswersValidatorTest.shouldFailWhenCallingRealMethodOnIterface(AnswersValidatorTest.java:94)
	at sun.reflect.NativeMethodAccessorImpl.invoke0(Native Method)
	at sun.reflect.NativeMethodAccessorImpl.invoke(NativeMethodAccessorImpl.java:57)
	at sun.reflect.DelegatingMethodAccessorImpl.invoke(DelegatingMethodAccessorImpl.java:43)
	at java.lang.reflect.Method.invoke(Method.java:606)
	at org.junit.runners.model.FrameworkMethod$1.runReflectiveCall(FrameworkMethod.java:47)
	at org.junit.internal.runners.model.ReflectiveCallable.run(ReflectiveCallable.java:12)
	at org.junit.runners.model.FrameworkMethod.invokeExplosively(FrameworkMethod.java:44)
	at org.junit.internal.runners.statements.InvokeMethod.evaluate(InvokeMethod.java:17)
	at org.junit.internal.runners.statements.RunBefores.evaluate(RunBefores.java:26)
	at org.junit.internal.runners.statements.RunAfters.evaluate(RunAfters.java:27)
	at org.junit.runners.ParentRunner.runLeaf(ParentRunner.java:271)
	at org.junit.runners.BlockJUnit4ClassRunner.runChild(BlockJUnit4ClassRunner.java:70)
	at org.junit.runners.BlockJUnit4ClassRunner.runChild(BlockJUnit4ClassRunner.java:50)
	at org.junit.runners.ParentRunner$3.run(ParentRunner.java:238)
	at org.junit.runners.ParentRunner$1.schedule(ParentRunner.java:63)
	at org.junit.runners.ParentRunner.runChildren(ParentRunner.java:236)
	at org.junit.runners.ParentRunner.access$000(ParentRunner.java:53)
	at org.junit.runners.ParentRunner$2.evaluate(ParentRunner.java:229)
	at org.junit.runners.ParentRunner.run(ParentRunner.java:309)
	at org.junit.runner.JUnitCore.run(JUnitCore.java:160)
	at org.junit.runner.JUnitCore.run(JUnitCore.java:138)
	at xxl.java.junit.JUnitSingleTestRunner.call(JUnitSingleTestRunner.java:23)
	at xxl.java.junit.JUnitSingleTestRunner.call(JUnitSingleTestRunner.java:10)
	at java.util.concurrent.FutureTask.run(FutureTask.java:262)
	at java.util.concurrent.ThreadPoolExecutor.runWorker(ThreadPoolExecutor.java:1145)
	at java.util.concurrent.ThreadPoolExecutor$Worker.run(ThreadPoolExecutor.java:615)
	at java.lang.Thread.run(Thread.java:745)
java.lang.ArrayIndexOutOfBoundsException: -1
	at org.mockito.internal.invocation.Invocation.expandVarArgs(Invocation.java:48)
	at org.mockito.internal.invocation.Invocation.<init>(Invocation.java:30)
	at org.mockito.internal.invocation.InvocationBuilder.toInvocation(InvocationBuilder.java:42)
	at org.mockito.internal.stubbing.answers.AnswersValidatorTest.<init>(AnswersValidatorTest.java:23)
	at sun.reflect.NativeConstructorAccessorImpl.newInstance0(Native Method)
	at sun.reflect.NativeConstructorAccessorImpl.newInstance(NativeConstructorAccessorImpl.java:57)
	at sun.reflect.DelegatingConstructorAccessorImpl.newInstance(DelegatingConstructorAccessorImpl.java:45)
	at java.lang.reflect.Constructor.newInstance(Constructor.java:526)
	at org.junit.runners.BlockJUnit4ClassRunner.createTest(BlockJUnit4ClassRunner.java:195)
	at org.junit.runners.BlockJUnit4ClassRunner$1.runReflectiveCall(BlockJUnit4ClassRunner.java:244)
	at org.junit.internal.runners.model.ReflectiveCallable.run(ReflectiveCallable.java:12)
	at org.junit.runners.BlockJUnit4ClassRunner.methodBlock(BlockJUnit4ClassRunner.java:241)
	at org.junit.runners.BlockJUnit4ClassRunner.runChild(BlockJUnit4ClassRunner.java:70)
	at org.junit.runners.BlockJUnit4ClassRunner.runChild(BlockJUnit4ClassRunner.java:50)
	at org.junit.runners.ParentRunner$3.run(ParentRunner.java:238)
	at org.junit.runners.ParentRunner$1.schedule(ParentRunner.java:63)
	at org.junit.runners.ParentRunner.runChildren(ParentRunner.java:236)
	at org.junit.runners.ParentRunner.access$000(ParentRunner.java:53)
	at org.junit.runners.ParentRunner$2.evaluate(ParentRunner.java:229)
	at org.junit.runners.ParentRunner.run(ParentRunner.java:309)
	at org.junit.runner.JUnitCore.run(JUnitCore.java:160)
	at org.junit.runner.JUnitCore.run(JUnitCore.java:138)
	at xxl.java.junit.JUnitSingleTestRunner.call(JUnitSingleTestRunner.java:23)
	at xxl.java.junit.JUnitSingleTestRunner.call(JUnitSingleTestRunner.java:10)
	at java.util.concurrent.FutureTask.run(FutureTask.java:262)
	at java.util.concurrent.ThreadPoolExecutor.runWorker(ThreadPoolExecutor.java:1145)
	at java.util.concurrent.ThreadPoolExecutor$Worker.run(ThreadPoolExecutor.java:615)
	at java.lang.Thread.run(Thread.java:745)
java.lang.ArrayIndexOutOfBoundsException: -1
	at org.mockito.internal.invocation.Invocation.expandVarArgs(Invocation.java:49)
	at org.mockito.internal.invocation.Invocation.<init>(Invocation.java:30)
	at org.mockito.internal.invocation.InvocationBuilder.toInvocation(InvocationBuilder.java:42)
	at org.mockito.internal.stubbing.answers.AnswersValidatorTest.<init>(AnswersValidatorTest.java:23)
	at sun.reflect.NativeConstructorAccessorImpl.newInstance0(Native Method)
	at sun.reflect.NativeConstructorAccessorImpl.newInstance(NativeConstructorAccessorImpl.java:57)
	at sun.reflect.DelegatingConstructorAccessorImpl.newInstance(DelegatingConstructorAccessorImpl.java:45)
	at java.lang.reflect.Constructor.newInstance(Constructor.java:526)
	at org.junit.runners.BlockJUnit4ClassRunner.createTest(BlockJUnit4ClassRunner.java:195)
	at org.junit.runners.BlockJUnit4ClassRunner$1.runReflectiveCall(BlockJUnit4ClassRunner.java:244)
	at org.junit.internal.runners.model.ReflectiveCallable.run(ReflectiveCallable.java:12)
	at org.junit.runners.BlockJUnit4ClassRunner.methodBlock(BlockJUnit4ClassRunner.java:241)
	at org.junit.runners.BlockJUnit4ClassRunner.runChild(BlockJUnit4ClassRunner.java:70)
	at org.junit.runners.BlockJUnit4ClassRunner.runChild(BlockJUnit4ClassRunner.java:50)
	at org.junit.runners.ParentRunner$3.run(ParentRunner.java:238)
	at org.junit.runners.ParentRunner$1.schedule(ParentRunner.java:63)
	at org.junit.runners.ParentRunner.runChildren(ParentRunner.java:236)
	at org.junit.runners.ParentRunner.access$000(ParentRunner.java:53)
	at org.junit.runners.ParentRunner$2.evaluate(ParentRunner.java:229)
	at org.junit.runners.ParentRunner.run(ParentRunner.java:309)
	at org.junit.runner.JUnitCore.run(JUnitCore.java:160)
	at org.junit.runner.JUnitCore.run(JUnitCore.java:138)
	at xxl.java.junit.JUnitSingleTestRunner.call(JUnitSingleTestRunner.java:23)
	at xxl.java.junit.JUnitSingleTestRunner.call(JUnitSingleTestRunner.java:10)
	at java.util.concurrent.FutureTask.run(FutureTask.java:262)
	at java.util.concurrent.ThreadPoolExecutor.runWorker(ThreadPoolExecutor.java:1145)
	at java.util.concurrent.ThreadPoolExecutor$Worker.run(ThreadPoolExecutor.java:615)
	at java.lang.Thread.run(Thread.java:745)
java.lang.ArrayIndexOutOfBoundsException: -1
	at org.mockito.internal.invocation.Invocation.expandVarArgs(Invocation.java:48)
	at org.mockito.internal.invocation.Invocation.<init>(Invocation.java:30)
	at org.mockito.internal.invocation.InvocationBuilder.toInvocation(InvocationBuilder.java:42)
	at org.mockito.internal.stubbing.answers.AnswersValidatorTest.shouldFailWhenCallingRealMethodOnIterface(AnswersValidatorTest.java:94)
	at sun.reflect.NativeMethodAccessorImpl.invoke0(Native Method)
	at sun.reflect.NativeMethodAccessorImpl.invoke(NativeMethodAccessorImpl.java:57)
	at sun.reflect.DelegatingMethodAccessorImpl.invoke(DelegatingMethodAccessorImpl.java:43)
	at java.lang.reflect.Method.invoke(Method.java:606)
	at org.junit.runners.model.FrameworkMethod$1.runReflectiveCall(FrameworkMethod.java:47)
	at org.junit.internal.runners.model.ReflectiveCallable.run(ReflectiveCallable.java:12)
	at org.junit.runners.model.FrameworkMethod.invokeExplosively(FrameworkMethod.java:44)
	at org.junit.internal.runners.statements.InvokeMethod.evaluate(InvokeMethod.java:17)
	at org.junit.internal.runners.statements.RunBefores.evaluate(RunBefores.java:26)
	at org.junit.internal.runners.statements.RunAfters.evaluate(RunAfters.java:27)
	at org.junit.runners.ParentRunner.runLeaf(ParentRunner.java:271)
	at org.junit.runners.BlockJUnit4ClassRunner.runChild(BlockJUnit4ClassRunner.java:70)
	at org.junit.runners.BlockJUnit4ClassRunner.runChild(BlockJUnit4ClassRunner.java:50)
	at org.junit.runners.ParentRunner$3.run(ParentRunner.java:238)
	at org.junit.runners.ParentRunner$1.schedule(ParentRunner.java:63)
	at org.junit.runners.ParentRunner.runChildren(ParentRunner.java:236)
	at org.junit.runners.ParentRunner.access$000(ParentRunner.java:53)
	at org.junit.runners.ParentRunner$2.evaluate(ParentRunner.java:229)
	at org.junit.runners.ParentRunner.run(ParentRunner.java:309)
	at org.junit.runner.JUnitCore.run(JUnitCore.java:160)
	at org.junit.runner.JUnitCore.run(JUnitCore.java:138)
	at xxl.java.junit.JUnitSingleTestRunner.call(JUnitSingleTestRunner.java:23)
	at xxl.java.junit.JUnitSingleTestRunner.call(JUnitSingleTestRunner.java:10)
	at java.util.concurrent.FutureTask.run(FutureTask.java:262)
	at java.util.concurrent.ThreadPoolExecutor.runWorker(ThreadPoolExecutor.java:1145)
	at java.util.concurrent.ThreadPoolExecutor$Worker.run(ThreadPoolExecutor.java:615)
	at java.lang.Thread.run(Thread.java:745)
java.lang.ArrayIndexOutOfBoundsException: -1
	at org.mockito.internal.invocation.Invocation.expandVarArgs(Invocation.java:49)
	at org.mockito.internal.invocation.Invocation.<init>(Invocation.java:30)
	at org.mockito.internal.invocation.InvocationBuilder.toInvocation(InvocationBuilder.java:42)
	at org.mockito.internal.stubbing.answers.AnswersValidatorTest.shouldFailWhenCallingRealMethodOnIterface(AnswersValidatorTest.java:94)
	at sun.reflect.NativeMethodAccessorImpl.invoke0(Native Method)
	at sun.reflect.NativeMethodAccessorImpl.invoke(NativeMethodAccessorImpl.java:57)
	at sun.reflect.DelegatingMethodAccessorImpl.invoke(DelegatingMethodAccessorImpl.java:43)
	at java.lang.reflect.Method.invoke(Method.java:606)
	at org.junit.runners.model.FrameworkMethod$1.runReflectiveCall(FrameworkMethod.java:47)
	at org.junit.internal.runners.model.ReflectiveCallable.run(ReflectiveCallable.java:12)
	at org.junit.runners.model.FrameworkMethod.invokeExplosively(FrameworkMethod.java:44)
	at org.junit.internal.runners.statements.InvokeMethod.evaluate(InvokeMethod.java:17)
	at org.junit.internal.runners.statements.RunBefores.evaluate(RunBefores.java:26)
	at org.junit.internal.runners.statements.RunAfters.evaluate(RunAfters.java:27)
	at org.junit.runners.ParentRunner.runLeaf(ParentRunner.java:271)
	at org.junit.runners.BlockJUnit4ClassRunner.runChild(BlockJUnit4ClassRunner.java:70)
	at org.junit.runners.BlockJUnit4ClassRunner.runChild(BlockJUnit4ClassRunner.java:50)
	at org.junit.runners.ParentRunner$3.run(ParentRunner.java:238)
	at org.junit.runners.ParentRunner$1.schedule(ParentRunner.java:63)
	at org.junit.runners.ParentRunner.runChildren(ParentRunner.java:236)
	at org.junit.runners.ParentRunner.access$000(ParentRunner.java:53)
	at org.junit.runners.ParentRunner$2.evaluate(ParentRunner.java:229)
	at org.junit.runners.ParentRunner.run(ParentRunner.java:309)
	at org.junit.runner.JUnitCore.run(JUnitCore.java:160)
	at org.junit.runner.JUnitCore.run(JUnitCore.java:138)
	at xxl.java.junit.JUnitSingleTestRunner.call(JUnitSingleTestRunner.java:23)
	at xxl.java.junit.JUnitSingleTestRunner.call(JUnitSingleTestRunner.java:10)
	at java.util.concurrent.FutureTask.run(FutureTask.java:262)
	at java.util.concurrent.ThreadPoolExecutor.runWorker(ThreadPoolExecutor.java:1145)
	at java.util.concurrent.ThreadPoolExecutor$Worker.run(ThreadPoolExecutor.java:615)
	at java.lang.Thread.run(Thread.java:745)
java.lang.ArrayIndexOutOfBoundsException: -1
	at org.mockito.internal.invocation.Invocation.expandVarArgs(Invocation.java:48)
	at org.mockito.internal.invocation.Invocation.<init>(Invocation.java:30)
	at org.mockito.internal.invocation.InvocationBuilder.toInvocation(InvocationBuilder.java:42)
	at org.mockito.internal.stubbing.answers.AnswersValidatorTest.<init>(AnswersValidatorTest.java:23)
	at sun.reflect.NativeConstructorAccessorImpl.newInstance0(Native Method)
	at sun.reflect.NativeConstructorAccessorImpl.newInstance(NativeConstructorAccessorImpl.java:57)
	at sun.reflect.DelegatingConstructorAccessorImpl.newInstance(DelegatingConstructorAccessorImpl.java:45)
	at java.lang.reflect.Constructor.newInstance(Constructor.java:526)
	at org.junit.runners.BlockJUnit4ClassRunner.createTest(BlockJUnit4ClassRunner.java:195)
	at org.junit.runners.BlockJUnit4ClassRunner$1.runReflectiveCall(BlockJUnit4ClassRunner.java:244)
	at org.junit.internal.runners.model.ReflectiveCallable.run(ReflectiveCallable.java:12)
	at org.junit.runners.BlockJUnit4ClassRunner.methodBlock(BlockJUnit4ClassRunner.java:241)
	at org.junit.runners.BlockJUnit4ClassRunner.runChild(BlockJUnit4ClassRunner.java:70)
	at org.junit.runners.BlockJUnit4ClassRunner.runChild(BlockJUnit4ClassRunner.java:50)
	at org.junit.runners.ParentRunner$3.run(ParentRunner.java:238)
	at org.junit.runners.ParentRunner$1.schedule(ParentRunner.java:63)
	at org.junit.runners.ParentRunner.runChildren(ParentRunner.java:236)
	at org.junit.runners.ParentRunner.access$000(ParentRunner.java:53)
	at org.junit.runners.ParentRunner$2.evaluate(ParentRunner.java:229)
	at org.junit.runners.ParentRunner.run(ParentRunner.java:309)
	at org.junit.runner.JUnitCore.run(JUnitCore.java:160)
	at org.junit.runner.JUnitCore.run(JUnitCore.java:138)
	at xxl.java.junit.JUnitSingleTestRunner.call(JUnitSingleTestRunner.java:23)
	at xxl.java.junit.JUnitSingleTestRunner.call(JUnitSingleTestRunner.java:10)
	at java.util.concurrent.FutureTask.run(FutureTask.java:262)
	at java.util.concurrent.ThreadPoolExecutor.runWorker(ThreadPoolExecutor.java:1145)
	at java.util.concurrent.ThreadPoolExecutor$Worker.run(ThreadPoolExecutor.java:615)
	at java.lang.Thread.run(Thread.java:745)
java.lang.ArrayIndexOutOfBoundsException: -1
	at org.mockito.internal.invocation.Invocation.expandVarArgs(Invocation.java:49)
	at org.mockito.internal.invocation.Invocation.<init>(Invocation.java:30)
	at org.mockito.internal.invocation.InvocationBuilder.toInvocation(InvocationBuilder.java:42)
	at org.mockito.internal.stubbing.answers.AnswersValidatorTest.<init>(AnswersValidatorTest.java:23)
	at sun.reflect.NativeConstructorAccessorImpl.newInstance0(Native Method)
	at sun.reflect.NativeConstructorAccessorImpl.newInstance(NativeConstructorAccessorImpl.java:57)
	at sun.reflect.DelegatingConstructorAccessorImpl.newInstance(DelegatingConstructorAccessorImpl.java:45)
	at java.lang.reflect.Constructor.newInstance(Constructor.java:526)
	at org.junit.runners.BlockJUnit4ClassRunner.createTest(BlockJUnit4ClassRunner.java:195)
	at org.junit.runners.BlockJUnit4ClassRunner$1.runReflectiveCall(BlockJUnit4ClassRunner.java:244)
	at org.junit.internal.runners.model.ReflectiveCallable.run(ReflectiveCallable.java:12)
	at org.junit.runners.BlockJUnit4ClassRunner.methodBlock(BlockJUnit4ClassRunner.java:241)
	at org.junit.runners.BlockJUnit4ClassRunner.runChild(BlockJUnit4ClassRunner.java:70)
	at org.junit.runners.BlockJUnit4ClassRunner.runChild(BlockJUnit4ClassRunner.java:50)
	at org.junit.runners.ParentRunner$3.run(ParentRunner.java:238)
	at org.junit.runners.ParentRunner$1.schedule(ParentRunner.java:63)
	at org.junit.runners.ParentRunner.runChildren(ParentRunner.java:236)
	at org.junit.runners.ParentRunner.access$000(ParentRunner.java:53)
	at org.junit.runners.ParentRunner$2.evaluate(ParentRunner.java:229)
	at org.junit.runners.ParentRunner.run(ParentRunner.java:309)
	at org.junit.runner.JUnitCore.run(JUnitCore.java:160)
	at org.junit.runner.JUnitCore.run(JUnitCore.java:138)
	at xxl.java.junit.JUnitSingleTestRunner.call(JUnitSingleTestRunner.java:23)
	at xxl.java.junit.JUnitSingleTestRunner.call(JUnitSingleTestRunner.java:10)
	at java.util.concurrent.FutureTask.run(FutureTask.java:262)
	at java.util.concurrent.ThreadPoolExecutor.runWorker(ThreadPoolExecutor.java:1145)
	at java.util.concurrent.ThreadPoolExecutor$Worker.run(ThreadPoolExecutor.java:615)
	at java.lang.Thread.run(Thread.java:745)
spoon.compiler.ModelBuildingException: The type LocalizedMatcher must implement the inherited abstract method Matcher.describeMismatch(Object, Description) at /tmp/mockito_37_Nopol/src/org/mockito/internal/matchers/LocalizedMatcher.java:11
	at spoon.support.compiler.jdt.JDTBasedSpoonCompiler.report(JDTBasedSpoonCompiler.java:579)
	at spoon.support.compiler.jdt.JDTBasedSpoonCompiler.reportProblems(JDTBasedSpoonCompiler.java:560)
	at spoon.support.compiler.jdt.JDTBasedSpoonCompiler.build(JDTBasedSpoonCompiler.java:121)
	at spoon.support.compiler.jdt.JDTBasedSpoonCompiler.build(JDTBasedSpoonCompiler.java:102)
	at fr.inria.lille.commons.spoon.util.SpoonModelLibrary.modelFor(SpoonModelLibrary.java:56)
	at fr.inria.lille.commons.spoon.SpoonedFile.<init>(SpoonedFile.java:62)
	at fr.inria.lille.commons.spoon.SpoonedClass.<init>(SpoonedClass.java:14)
	at fr.inria.lille.commons.spoon.SpoonedProject.forked(SpoonedProject.java:47)
	at fr.inria.lille.repair.nopol.NoPol.runOnStatement(NoPol.java:175)
	at fr.inria.lille.repair.nopol.NoPol.solveWithMultipleBuild(NoPol.java:166)
	at fr.inria.lille.repair.nopol.NoPol.build(NoPol.java:133)
	at fr.inria.lille.repair.Main$1.call(Main.java:91)
	at java.util.concurrent.FutureTask.run(FutureTask.java:262)
	at java.util.concurrent.ThreadPoolExecutor.runWorker(ThreadPoolExecutor.java:1145)
	at java.util.concurrent.ThreadPoolExecutor$Worker.run(ThreadPoolExecutor.java:615)
	at java.lang.Thread.run(Thread.java:745)
spoon.compiler.ModelBuildingException: The type LocalizedMatcher must implement the inherited abstract method Matcher.describeMismatch(Object, Description) at /tmp/mockito_37_Nopol/src/org/mockito/internal/matchers/LocalizedMatcher.java:11
	at spoon.support.compiler.jdt.JDTBasedSpoonCompiler.report(JDTBasedSpoonCompiler.java:579)
	at spoon.support.compiler.jdt.JDTBasedSpoonCompiler.reportProblems(JDTBasedSpoonCompiler.java:560)
	at spoon.support.compiler.jdt.JDTBasedSpoonCompiler.build(JDTBasedSpoonCompiler.java:121)
	at spoon.support.compiler.jdt.JDTBasedSpoonCompiler.build(JDTBasedSpoonCompiler.java:102)
	at fr.inria.lille.commons.spoon.util.SpoonModelLibrary.modelFor(SpoonModelLibrary.java:56)
	at fr.inria.lille.commons.spoon.SpoonedFile.<init>(SpoonedFile.java:62)
	at fr.inria.lille.commons.spoon.SpoonedClass.<init>(SpoonedClass.java:14)
	at fr.inria.lille.commons.spoon.SpoonedProject.forked(SpoonedProject.java:47)
	at fr.inria.lille.repair.nopol.NoPol.runOnStatement(NoPol.java:175)
	at fr.inria.lille.repair.nopol.NoPol.solveWithMultipleBuild(NoPol.java:166)
	at fr.inria.lille.repair.nopol.NoPol.build(NoPol.java:133)
	at fr.inria.lille.repair.Main$1.call(Main.java:91)
	at java.util.concurrent.FutureTask.run(FutureTask.java:262)
	at java.util.concurrent.ThreadPoolExecutor.runWorker(ThreadPoolExecutor.java:1145)
	at java.util.concurrent.ThreadPoolExecutor$Worker.run(ThreadPoolExecutor.java:615)
	at java.lang.Thread.run(Thread.java:745)
spoon.compiler.ModelBuildingException: The type LocalizedMatcher must implement the inherited abstract method Matcher.describeMismatch(Object, Description) at /tmp/mockito_37_Nopol/src/org/mockito/internal/matchers/LocalizedMatcher.java:11
	at spoon.support.compiler.jdt.JDTBasedSpoonCompiler.report(JDTBasedSpoonCompiler.java:579)
	at spoon.support.compiler.jdt.JDTBasedSpoonCompiler.reportProblems(JDTBasedSpoonCompiler.java:560)
	at spoon.support.compiler.jdt.JDTBasedSpoonCompiler.build(JDTBasedSpoonCompiler.java:121)
	at spoon.support.compiler.jdt.JDTBasedSpoonCompiler.build(JDTBasedSpoonCompiler.java:102)
	at fr.inria.lille.commons.spoon.util.SpoonModelLibrary.modelFor(SpoonModelLibrary.java:56)
	at fr.inria.lille.commons.spoon.SpoonedFile.<init>(SpoonedFile.java:62)
	at fr.inria.lille.commons.spoon.SpoonedClass.<init>(SpoonedClass.java:14)
	at fr.inria.lille.commons.spoon.SpoonedProject.forked(SpoonedProject.java:47)
	at fr.inria.lille.repair.nopol.NoPol.runOnStatement(NoPol.java:175)
	at fr.inria.lille.repair.nopol.NoPol.solveWithMultipleBuild(NoPol.java:166)
	at fr.inria.lille.repair.nopol.NoPol.build(NoPol.java:133)
	at fr.inria.lille.repair.Main$1.call(Main.java:91)
	at java.util.concurrent.FutureTask.run(FutureTask.java:262)
	at java.util.concurrent.ThreadPoolExecutor.runWorker(ThreadPoolExecutor.java:1145)
	at java.util.concurrent.ThreadPoolExecutor$Worker.run(ThreadPoolExecutor.java:615)
	at java.lang.Thread.run(Thread.java:745)
spoon.compiler.ModelBuildingException: The type LocalizedMatcher must implement the inherited abstract method Matcher.describeMismatch(Object, Description) at /tmp/mockito_37_Nopol/src/org/mockito/internal/matchers/LocalizedMatcher.java:11
	at spoon.support.compiler.jdt.JDTBasedSpoonCompiler.report(JDTBasedSpoonCompiler.java:579)
	at spoon.support.compiler.jdt.JDTBasedSpoonCompiler.reportProblems(JDTBasedSpoonCompiler.java:560)
	at spoon.support.compiler.jdt.JDTBasedSpoonCompiler.build(JDTBasedSpoonCompiler.java:121)
	at spoon.support.compiler.jdt.JDTBasedSpoonCompiler.build(JDTBasedSpoonCompiler.java:102)
	at fr.inria.lille.commons.spoon.util.SpoonModelLibrary.modelFor(SpoonModelLibrary.java:56)
	at fr.inria.lille.commons.spoon.SpoonedFile.<init>(SpoonedFile.java:62)
	at fr.inria.lille.commons.spoon.SpoonedClass.<init>(SpoonedClass.java:14)
	at fr.inria.lille.commons.spoon.SpoonedProject.forked(SpoonedProject.java:47)
	at fr.inria.lille.repair.nopol.NoPol.runOnStatement(NoPol.java:175)
	at fr.inria.lille.repair.nopol.NoPol.solveWithMultipleBuild(NoPol.java:166)
	at fr.inria.lille.repair.nopol.NoPol.build(NoPol.java:133)
	at fr.inria.lille.repair.Main$1.call(Main.java:91)
	at java.util.concurrent.FutureTask.run(FutureTask.java:262)
	at java.util.concurrent.ThreadPoolExecutor.runWorker(ThreadPoolExecutor.java:1145)
	at java.util.concurrent.ThreadPoolExecutor$Worker.run(ThreadPoolExecutor.java:615)
	at java.lang.Thread.run(Thread.java:745)
spoon.compiler.ModelBuildingException: The type LocalizedMatcher must implement the inherited abstract method Matcher.describeMismatch(Object, Description) at /tmp/mockito_37_Nopol/src/org/mockito/internal/matchers/LocalizedMatcher.java:11
	at spoon.support.compiler.jdt.JDTBasedSpoonCompiler.report(JDTBasedSpoonCompiler.java:579)
	at spoon.support.compiler.jdt.JDTBasedSpoonCompiler.reportProblems(JDTBasedSpoonCompiler.java:560)
	at spoon.support.compiler.jdt.JDTBasedSpoonCompiler.build(JDTBasedSpoonCompiler.java:121)
	at spoon.support.compiler.jdt.JDTBasedSpoonCompiler.build(JDTBasedSpoonCompiler.java:102)
	at fr.inria.lille.commons.spoon.util.SpoonModelLibrary.modelFor(SpoonModelLibrary.java:56)
	at fr.inria.lille.commons.spoon.SpoonedFile.<init>(SpoonedFile.java:62)
	at fr.inria.lille.commons.spoon.SpoonedClass.<init>(SpoonedClass.java:14)
	at fr.inria.lille.commons.spoon.SpoonedProject.forked(SpoonedProject.java:47)
	at fr.inria.lille.repair.nopol.NoPol.runOnStatement(NoPol.java:175)
	at fr.inria.lille.repair.nopol.NoPol.solveWithMultipleBuild(NoPol.java:166)
	at fr.inria.lille.repair.nopol.NoPol.build(NoPol.java:133)
	at fr.inria.lille.repair.Main$1.call(Main.java:91)
	at java.util.concurrent.FutureTask.run(FutureTask.java:262)
	at java.util.concurrent.ThreadPoolExecutor.runWorker(ThreadPoolExecutor.java:1145)
	at java.util.concurrent.ThreadPoolExecutor$Worker.run(ThreadPoolExecutor.java:615)
	at java.lang.Thread.run(Thread.java:745)
spoon.compiler.ModelBuildingException: The method filter(Filter) of type JUnit45AndHigherRunnerImpl must override a superclass method at /tmp/mockito_37_Nopol/src/org/mockito/internal/runners/JUnit45AndHigherRunnerImpl.java:43
	at spoon.support.compiler.jdt.JDTBasedSpoonCompiler.report(JDTBasedSpoonCompiler.java:579)
	at spoon.support.compiler.jdt.JDTBasedSpoonCompiler.reportProblems(JDTBasedSpoonCompiler.java:560)
	at spoon.support.compiler.jdt.JDTBasedSpoonCompiler.build(JDTBasedSpoonCompiler.java:121)
	at spoon.support.compiler.jdt.JDTBasedSpoonCompiler.build(JDTBasedSpoonCompiler.java:102)
	at fr.inria.lille.commons.spoon.util.SpoonModelLibrary.modelFor(SpoonModelLibrary.java:56)
	at fr.inria.lille.commons.spoon.SpoonedFile.<init>(SpoonedFile.java:62)
	at fr.inria.lille.commons.spoon.SpoonedClass.<init>(SpoonedClass.java:14)
	at fr.inria.lille.commons.spoon.SpoonedProject.forked(SpoonedProject.java:47)
	at fr.inria.lille.repair.nopol.NoPol.runOnStatement(NoPol.java:175)
	at fr.inria.lille.repair.nopol.NoPol.solveWithMultipleBuild(NoPol.java:166)
	at fr.inria.lille.repair.nopol.NoPol.build(NoPol.java:133)
	at fr.inria.lille.repair.Main$1.call(Main.java:91)
	at java.util.concurrent.FutureTask.run(FutureTask.java:262)
	at java.util.concurrent.ThreadPoolExecutor.runWorker(ThreadPoolExecutor.java:1145)
	at java.util.concurrent.ThreadPoolExecutor$Worker.run(ThreadPoolExecutor.java:615)
	at java.lang.Thread.run(Thread.java:745)
spoon.compiler.ModelBuildingException: The method filter(Filter) of type JUnit45AndHigherRunnerImpl must override a superclass method at /tmp/mockito_37_Nopol/src/org/mockito/internal/runners/JUnit45AndHigherRunnerImpl.java:43
	at spoon.support.compiler.jdt.JDTBasedSpoonCompiler.report(JDTBasedSpoonCompiler.java:579)
	at spoon.support.compiler.jdt.JDTBasedSpoonCompiler.reportProblems(JDTBasedSpoonCompiler.java:560)
	at spoon.support.compiler.jdt.JDTBasedSpoonCompiler.build(JDTBasedSpoonCompiler.java:121)
	at spoon.support.compiler.jdt.JDTBasedSpoonCompiler.build(JDTBasedSpoonCompiler.java:102)
	at fr.inria.lille.commons.spoon.util.SpoonModelLibrary.modelFor(SpoonModelLibrary.java:56)
	at fr.inria.lille.commons.spoon.SpoonedFile.<init>(SpoonedFile.java:62)
	at fr.inria.lille.commons.spoon.SpoonedClass.<init>(SpoonedClass.java:14)
	at fr.inria.lille.commons.spoon.SpoonedProject.forked(SpoonedProject.java:47)
	at fr.inria.lille.repair.nopol.NoPol.runOnStatement(NoPol.java:175)
	at fr.inria.lille.repair.nopol.NoPol.solveWithMultipleBuild(NoPol.java:166)
	at fr.inria.lille.repair.nopol.NoPol.build(NoPol.java:133)
	at fr.inria.lille.repair.Main$1.call(Main.java:91)
	at java.util.concurrent.FutureTask.run(FutureTask.java:262)
	at java.util.concurrent.ThreadPoolExecutor.runWorker(ThreadPoolExecutor.java:1145)
	at java.util.concurrent.ThreadPoolExecutor$Worker.run(ThreadPoolExecutor.java:615)
	at java.lang.Thread.run(Thread.java:745)
spoon.compiler.ModelBuildingException: The method filter(Filter) of type JUnit45AndHigherRunnerImpl must override a superclass method at /tmp/mockito_37_Nopol/src/org/mockito/internal/runners/JUnit45AndHigherRunnerImpl.java:43
	at spoon.support.compiler.jdt.JDTBasedSpoonCompiler.report(JDTBasedSpoonCompiler.java:579)
	at spoon.support.compiler.jdt.JDTBasedSpoonCompiler.reportProblems(JDTBasedSpoonCompiler.java:560)
	at spoon.support.compiler.jdt.JDTBasedSpoonCompiler.build(JDTBasedSpoonCompiler.java:121)
	at spoon.support.compiler.jdt.JDTBasedSpoonCompiler.build(JDTBasedSpoonCompiler.java:102)
	at fr.inria.lille.commons.spoon.util.SpoonModelLibrary.modelFor(SpoonModelLibrary.java:56)
	at fr.inria.lille.commons.spoon.SpoonedFile.<init>(SpoonedFile.java:62)
	at fr.inria.lille.commons.spoon.SpoonedClass.<init>(SpoonedClass.java:14)
	at fr.inria.lille.commons.spoon.SpoonedProject.forked(SpoonedProject.java:47)
	at fr.inria.lille.repair.nopol.NoPol.runOnStatement(NoPol.java:175)
	at fr.inria.lille.repair.nopol.NoPol.solveWithMultipleBuild(NoPol.java:166)
	at fr.inria.lille.repair.nopol.NoPol.build(NoPol.java:133)
	at fr.inria.lille.repair.Main$1.call(Main.java:91)
	at java.util.concurrent.FutureTask.run(FutureTask.java:262)
	at java.util.concurrent.ThreadPoolExecutor.runWorker(ThreadPoolExecutor.java:1145)
	at java.util.concurrent.ThreadPoolExecutor$Worker.run(ThreadPoolExecutor.java:615)
	at java.lang.Thread.run(Thread.java:745)
spoon.compiler.ModelBuildingException: The method filter(Filter) of type JUnit45AndHigherRunnerImpl must override a superclass method at /tmp/mockito_37_Nopol/src/org/mockito/internal/runners/JUnit45AndHigherRunnerImpl.java:43
	at spoon.support.compiler.jdt.JDTBasedSpoonCompiler.report(JDTBasedSpoonCompiler.java:579)
	at spoon.support.compiler.jdt.JDTBasedSpoonCompiler.reportProblems(JDTBasedSpoonCompiler.java:560)
	at spoon.support.compiler.jdt.JDTBasedSpoonCompiler.build(JDTBasedSpoonCompiler.java:121)
	at spoon.support.compiler.jdt.JDTBasedSpoonCompiler.build(JDTBasedSpoonCompiler.java:102)
	at fr.inria.lille.commons.spoon.util.SpoonModelLibrary.modelFor(SpoonModelLibrary.java:56)
	at fr.inria.lille.commons.spoon.SpoonedFile.<init>(SpoonedFile.java:62)
	at fr.inria.lille.commons.spoon.SpoonedClass.<init>(SpoonedClass.java:14)
	at fr.inria.lille.commons.spoon.SpoonedProject.forked(SpoonedProject.java:47)
	at fr.inria.lille.repair.nopol.synth.ConstraintModelBuilder.<init>(ConstraintModelBuilder.java:59)
	at fr.inria.lille.repair.nopol.NoPol.buildConstraintsModelBuilder(NoPol.java:265)
	at fr.inria.lille.repair.nopol.NoPol.runNopolProcessor(NoPol.java:227)
	at fr.inria.lille.repair.nopol.NoPol.access$000(NoPol.java:68)
	at fr.inria.lille.repair.nopol.NoPol$1.call(NoPol.java:211)
	at java.util.concurrent.FutureTask.run(FutureTask.java:262)
	at java.util.concurrent.ThreadPoolExecutor.runWorker(ThreadPoolExecutor.java:1145)
	at java.util.concurrent.ThreadPoolExecutor$Worker.run(ThreadPoolExecutor.java:615)
	at java.lang.Thread.run(Thread.java:745)
spoon.compiler.ModelBuildingException: The method filter(Filter) of type JUnit45AndHigherRunnerImpl must override a superclass method at /tmp/mockito_37_Nopol/src/org/mockito/internal/runners/JUnit45AndHigherRunnerImpl.java:43
	at spoon.support.compiler.jdt.JDTBasedSpoonCompiler.report(JDTBasedSpoonCompiler.java:579)
	at spoon.support.compiler.jdt.JDTBasedSpoonCompiler.reportProblems(JDTBasedSpoonCompiler.java:560)
	at spoon.support.compiler.jdt.JDTBasedSpoonCompiler.build(JDTBasedSpoonCompiler.java:121)
	at spoon.support.compiler.jdt.JDTBasedSpoonCompiler.build(JDTBasedSpoonCompiler.java:102)
	at fr.inria.lille.commons.spoon.util.SpoonModelLibrary.modelFor(SpoonModelLibrary.java:56)
	at fr.inria.lille.commons.spoon.SpoonedFile.<init>(SpoonedFile.java:62)
	at fr.inria.lille.commons.spoon.SpoonedClass.<init>(SpoonedClass.java:14)
	at fr.inria.lille.commons.spoon.SpoonedProject.forked(SpoonedProject.java:47)
	at fr.inria.lille.repair.nopol.NoPol.runOnStatement(NoPol.java:175)
	at fr.inria.lille.repair.nopol.NoPol.solveWithMultipleBuild(NoPol.java:166)
	at fr.inria.lille.repair.nopol.NoPol.build(NoPol.java:133)
	at fr.inria.lille.repair.Main$1.call(Main.java:91)
	at java.util.concurrent.FutureTask.run(FutureTask.java:262)
	at java.util.concurrent.ThreadPoolExecutor.runWorker(ThreadPoolExecutor.java:1145)
	at java.util.concurrent.ThreadPoolExecutor$Worker.run(ThreadPoolExecutor.java:615)
	at java.lang.Thread.run(Thread.java:745)
spoon.compiler.ModelBuildingException: The method filter(Filter) of type JUnit45AndHigherRunnerImpl must override a superclass method at /tmp/mockito_37_Nopol/src/org/mockito/internal/runners/JUnit45AndHigherRunnerImpl.java:43
	at spoon.support.compiler.jdt.JDTBasedSpoonCompiler.report(JDTBasedSpoonCompiler.java:579)
	at spoon.support.compiler.jdt.JDTBasedSpoonCompiler.reportProblems(JDTBasedSpoonCompiler.java:560)
	at spoon.support.compiler.jdt.JDTBasedSpoonCompiler.build(JDTBasedSpoonCompiler.java:121)
	at spoon.support.compiler.jdt.JDTBasedSpoonCompiler.build(JDTBasedSpoonCompiler.java:102)
	at fr.inria.lille.commons.spoon.util.SpoonModelLibrary.modelFor(SpoonModelLibrary.java:56)
	at fr.inria.lille.commons.spoon.SpoonedFile.<init>(SpoonedFile.java:62)
	at fr.inria.lille.commons.spoon.SpoonedClass.<init>(SpoonedClass.java:14)
	at fr.inria.lille.commons.spoon.SpoonedProject.forked(SpoonedProject.java:47)
	at fr.inria.lille.repair.nopol.NoPol.runOnStatement(NoPol.java:175)
	at fr.inria.lille.repair.nopol.NoPol.solveWithMultipleBuild(NoPol.java:166)
	at fr.inria.lille.repair.nopol.NoPol.build(NoPol.java:133)
	at fr.inria.lille.repair.Main$1.call(Main.java:91)
	at java.util.concurrent.FutureTask.run(FutureTask.java:262)
	at java.util.concurrent.ThreadPoolExecutor.runWorker(ThreadPoolExecutor.java:1145)
	at java.util.concurrent.ThreadPoolExecutor$Worker.run(ThreadPoolExecutor.java:615)
	at java.lang.Thread.run(Thread.java:745)
spoon.compiler.ModelBuildingException: The method filter(Filter) of type JUnit45AndHigherRunnerImpl must override a superclass method at /tmp/mockito_37_Nopol/src/org/mockito/internal/runners/JUnit45AndHigherRunnerImpl.java:43
	at spoon.support.compiler.jdt.JDTBasedSpoonCompiler.report(JDTBasedSpoonCompiler.java:579)
	at spoon.support.compiler.jdt.JDTBasedSpoonCompiler.reportProblems(JDTBasedSpoonCompiler.java:560)
	at spoon.support.compiler.jdt.JDTBasedSpoonCompiler.build(JDTBasedSpoonCompiler.java:121)
	at spoon.support.compiler.jdt.JDTBasedSpoonCompiler.build(JDTBasedSpoonCompiler.java:102)
	at fr.inria.lille.commons.spoon.util.SpoonModelLibrary.modelFor(SpoonModelLibrary.java:56)
	at fr.inria.lille.commons.spoon.SpoonedFile.<init>(SpoonedFile.java:62)
	at fr.inria.lille.commons.spoon.SpoonedClass.<init>(SpoonedClass.java:14)
	at fr.inria.lille.commons.spoon.SpoonedProject.forked(SpoonedProject.java:47)
	at fr.inria.lille.repair.nopol.synth.ConstraintModelBuilder.<init>(ConstraintModelBuilder.java:59)
	at fr.inria.lille.repair.nopol.NoPol.buildConstraintsModelBuilder(NoPol.java:265)
	at fr.inria.lille.repair.nopol.NoPol.runNopolProcessor(NoPol.java:227)
	at fr.inria.lille.repair.nopol.NoPol.access$000(NoPol.java:68)
	at fr.inria.lille.repair.nopol.NoPol$1.call(NoPol.java:211)
	at java.util.concurrent.FutureTask.run(FutureTask.java:262)
	at java.util.concurrent.ThreadPoolExecutor.runWorker(ThreadPoolExecutor.java:1145)
	at java.util.concurrent.ThreadPoolExecutor$Worker.run(ThreadPoolExecutor.java:615)
	at java.lang.Thread.run(Thread.java:745)
spoon.compiler.ModelBuildingException: The method filter(Filter) of type JUnit45AndHigherRunnerImpl must override a superclass method at /tmp/mockito_37_Nopol/src/org/mockito/internal/runners/JUnit45AndHigherRunnerImpl.java:43
	at spoon.support.compiler.jdt.JDTBasedSpoonCompiler.report(JDTBasedSpoonCompiler.java:579)
	at spoon.support.compiler.jdt.JDTBasedSpoonCompiler.reportProblems(JDTBasedSpoonCompiler.java:560)
	at spoon.support.compiler.jdt.JDTBasedSpoonCompiler.build(JDTBasedSpoonCompiler.java:121)
	at spoon.support.compiler.jdt.JDTBasedSpoonCompiler.build(JDTBasedSpoonCompiler.java:102)
	at fr.inria.lille.commons.spoon.util.SpoonModelLibrary.modelFor(SpoonModelLibrary.java:56)
	at fr.inria.lille.commons.spoon.SpoonedFile.<init>(SpoonedFile.java:62)
	at fr.inria.lille.commons.spoon.SpoonedClass.<init>(SpoonedClass.java:14)
	at fr.inria.lille.commons.spoon.SpoonedProject.forked(SpoonedProject.java:47)
	at fr.inria.lille.repair.nopol.NoPol.runOnStatement(NoPol.java:175)
	at fr.inria.lille.repair.nopol.NoPol.solveWithMultipleBuild(NoPol.java:166)
	at fr.inria.lille.repair.nopol.NoPol.build(NoPol.java:133)
	at fr.inria.lille.repair.Main$1.call(Main.java:91)
	at java.util.concurrent.FutureTask.run(FutureTask.java:262)
	at java.util.concurrent.ThreadPoolExecutor.runWorker(ThreadPoolExecutor.java:1145)
	at java.util.concurrent.ThreadPoolExecutor$Worker.run(ThreadPoolExecutor.java:615)
	at java.lang.Thread.run(Thread.java:745)
spoon.compiler.ModelBuildingException: The method filter(Filter) of type JUnit45AndHigherRunnerImpl must override a superclass method at /tmp/mockito_37_Nopol/src/org/mockito/internal/runners/JUnit45AndHigherRunnerImpl.java:43
	at spoon.support.compiler.jdt.JDTBasedSpoonCompiler.report(JDTBasedSpoonCompiler.java:579)
	at spoon.support.compiler.jdt.JDTBasedSpoonCompiler.reportProblems(JDTBasedSpoonCompiler.java:560)
	at spoon.support.compiler.jdt.JDTBasedSpoonCompiler.build(JDTBasedSpoonCompiler.java:121)
	at spoon.support.compiler.jdt.JDTBasedSpoonCompiler.build(JDTBasedSpoonCompiler.java:102)
	at fr.inria.lille.commons.spoon.util.SpoonModelLibrary.modelFor(SpoonModelLibrary.java:56)
	at fr.inria.lille.commons.spoon.SpoonedFile.<init>(SpoonedFile.java:62)
	at fr.inria.lille.commons.spoon.SpoonedClass.<init>(SpoonedClass.java:14)
	at fr.inria.lille.commons.spoon.SpoonedProject.forked(SpoonedProject.java:47)
	at fr.inria.lille.repair.nopol.NoPol.runOnStatement(NoPol.java:175)
	at fr.inria.lille.repair.nopol.NoPol.solveWithMultipleBuild(NoPol.java:166)
	at fr.inria.lille.repair.nopol.NoPol.build(NoPol.java:133)
	at fr.inria.lille.repair.Main$1.call(Main.java:91)
	at java.util.concurrent.FutureTask.run(FutureTask.java:262)
	at java.util.concurrent.ThreadPoolExecutor.runWorker(ThreadPoolExecutor.java:1145)
	at java.util.concurrent.ThreadPoolExecutor$Worker.run(ThreadPoolExecutor.java:615)
	at java.lang.Thread.run(Thread.java:745)
spoon.compiler.ModelBuildingException: The method filter(Filter) of type JUnit45AndHigherRunnerImpl must override a superclass method at /tmp/mockito_37_Nopol/src/org/mockito/internal/runners/JUnit45AndHigherRunnerImpl.java:43
	at spoon.support.compiler.jdt.JDTBasedSpoonCompiler.report(JDTBasedSpoonCompiler.java:579)
	at spoon.support.compiler.jdt.JDTBasedSpoonCompiler.reportProblems(JDTBasedSpoonCompiler.java:560)
	at spoon.support.compiler.jdt.JDTBasedSpoonCompiler.build(JDTBasedSpoonCompiler.java:121)
	at spoon.support.compiler.jdt.JDTBasedSpoonCompiler.build(JDTBasedSpoonCompiler.java:102)
	at fr.inria.lille.commons.spoon.util.SpoonModelLibrary.modelFor(SpoonModelLibrary.java:56)
	at fr.inria.lille.commons.spoon.SpoonedFile.<init>(SpoonedFile.java:62)
	at fr.inria.lille.commons.spoon.SpoonedClass.<init>(SpoonedClass.java:14)
	at fr.inria.lille.commons.spoon.SpoonedProject.forked(SpoonedProject.java:47)
	at fr.inria.lille.repair.nopol.synth.ConstraintModelBuilder.<init>(ConstraintModelBuilder.java:59)
	at fr.inria.lille.repair.nopol.NoPol.buildConstraintsModelBuilder(NoPol.java:265)
	at fr.inria.lille.repair.nopol.NoPol.runNopolProcessor(NoPol.java:227)
	at fr.inria.lille.repair.nopol.NoPol.access$000(NoPol.java:68)
	at fr.inria.lille.repair.nopol.NoPol$1.call(NoPol.java:211)
	at java.util.concurrent.FutureTask.run(FutureTask.java:262)
	at java.util.concurrent.ThreadPoolExecutor.runWorker(ThreadPoolExecutor.java:1145)
	at java.util.concurrent.ThreadPoolExecutor$Worker.run(ThreadPoolExecutor.java:615)
	at java.lang.Thread.run(Thread.java:745)
spoon.compiler.ModelBuildingException: The method filter(Filter) of type JUnit45AndHigherRunnerImpl must override a superclass method at /tmp/mockito_37_Nopol/src/org/mockito/internal/runners/JUnit45AndHigherRunnerImpl.java:43
	at spoon.support.compiler.jdt.JDTBasedSpoonCompiler.report(JDTBasedSpoonCompiler.java:579)
	at spoon.support.compiler.jdt.JDTBasedSpoonCompiler.reportProblems(JDTBasedSpoonCompiler.java:560)
	at spoon.support.compiler.jdt.JDTBasedSpoonCompiler.build(JDTBasedSpoonCompiler.java:121)
	at spoon.support.compiler.jdt.JDTBasedSpoonCompiler.build(JDTBasedSpoonCompiler.java:102)
	at fr.inria.lille.commons.spoon.util.SpoonModelLibrary.modelFor(SpoonModelLibrary.java:56)
	at fr.inria.lille.commons.spoon.SpoonedFile.<init>(SpoonedFile.java:62)
	at fr.inria.lille.commons.spoon.SpoonedClass.<init>(SpoonedClass.java:14)
	at fr.inria.lille.commons.spoon.SpoonedProject.forked(SpoonedProject.java:47)
	at fr.inria.lille.repair.nopol.NoPol.runOnStatement(NoPol.java:175)
	at fr.inria.lille.repair.nopol.NoPol.solveWithMultipleBuild(NoPol.java:166)
	at fr.inria.lille.repair.nopol.NoPol.build(NoPol.java:133)
	at fr.inria.lille.repair.Main$1.call(Main.java:91)
	at java.util.concurrent.FutureTask.run(FutureTask.java:262)
	at java.util.concurrent.ThreadPoolExecutor.runWorker(ThreadPoolExecutor.java:1145)
	at java.util.concurrent.ThreadPoolExecutor$Worker.run(ThreadPoolExecutor.java:615)
	at java.lang.Thread.run(Thread.java:745)
spoon.compiler.ModelBuildingException: The method filter(Filter) of type JUnit45AndHigherRunnerImpl must override a superclass method at /tmp/mockito_37_Nopol/src/org/mockito/internal/runners/JUnit45AndHigherRunnerImpl.java:43
	at spoon.support.compiler.jdt.JDTBasedSpoonCompiler.report(JDTBasedSpoonCompiler.java:579)
	at spoon.support.compiler.jdt.JDTBasedSpoonCompiler.reportProblems(JDTBasedSpoonCompiler.java:560)
	at spoon.support.compiler.jdt.JDTBasedSpoonCompiler.build(JDTBasedSpoonCompiler.java:121)
	at spoon.support.compiler.jdt.JDTBasedSpoonCompiler.build(JDTBasedSpoonCompiler.java:102)
	at fr.inria.lille.commons.spoon.util.SpoonModelLibrary.modelFor(SpoonModelLibrary.java:56)
	at fr.inria.lille.commons.spoon.SpoonedFile.<init>(SpoonedFile.java:62)
	at fr.inria.lille.commons.spoon.SpoonedClass.<init>(SpoonedClass.java:14)
	at fr.inria.lille.commons.spoon.SpoonedProject.forked(SpoonedProject.java:47)
	at fr.inria.lille.repair.nopol.synth.ConstraintModelBuilder.<init>(ConstraintModelBuilder.java:59)
	at fr.inria.lille.repair.nopol.NoPol.buildConstraintsModelBuilder(NoPol.java:265)
	at fr.inria.lille.repair.nopol.NoPol.runNopolProcessor(NoPol.java:227)
	at fr.inria.lille.repair.nopol.NoPol.access$000(NoPol.java:68)
	at fr.inria.lille.repair.nopol.NoPol$1.call(NoPol.java:211)
	at java.util.concurrent.FutureTask.run(FutureTask.java:262)
	at java.util.concurrent.ThreadPoolExecutor.runWorker(ThreadPoolExecutor.java:1145)
	at java.util.concurrent.ThreadPoolExecutor$Worker.run(ThreadPoolExecutor.java:615)
	at java.lang.Thread.run(Thread.java:745)
spoon.compiler.ModelBuildingException: The type LocalizedMatcher must implement the inherited abstract method Matcher.describeMismatch(Object, Description) at /tmp/mockito_37_Nopol/src/org/mockito/internal/matchers/LocalizedMatcher.java:11
	at spoon.support.compiler.jdt.JDTBasedSpoonCompiler.report(JDTBasedSpoonCompiler.java:579)
	at spoon.support.compiler.jdt.JDTBasedSpoonCompiler.reportProblems(JDTBasedSpoonCompiler.java:560)
	at spoon.support.compiler.jdt.JDTBasedSpoonCompiler.build(JDTBasedSpoonCompiler.java:121)
	at spoon.support.compiler.jdt.JDTBasedSpoonCompiler.build(JDTBasedSpoonCompiler.java:102)
	at fr.inria.lille.commons.spoon.util.SpoonModelLibrary.modelFor(SpoonModelLibrary.java:56)
	at fr.inria.lille.commons.spoon.SpoonedFile.<init>(SpoonedFile.java:62)
	at fr.inria.lille.commons.spoon.SpoonedClass.<init>(SpoonedClass.java:14)
	at fr.inria.lille.commons.spoon.SpoonedProject.forked(SpoonedProject.java:47)
	at fr.inria.lille.repair.nopol.NoPol.runOnStatement(NoPol.java:175)
	at fr.inria.lille.repair.nopol.NoPol.solveWithMultipleBuild(NoPol.java:166)
	at fr.inria.lille.repair.nopol.NoPol.build(NoPol.java:133)
	at fr.inria.lille.repair.Main$1.call(Main.java:91)
	at java.util.concurrent.FutureTask.run(FutureTask.java:262)
	at java.util.concurrent.ThreadPoolExecutor.runWorker(ThreadPoolExecutor.java:1145)
	at java.util.concurrent.ThreadPoolExecutor$Worker.run(ThreadPoolExecutor.java:615)
	at java.lang.Thread.run(Thread.java:745)
spoon.compiler.ModelBuildingException: The type LocalizedMatcher must implement the inherited abstract method Matcher.describeMismatch(Object, Description) at /tmp/mockito_37_Nopol/src/org/mockito/internal/matchers/LocalizedMatcher.java:11
	at spoon.support.compiler.jdt.JDTBasedSpoonCompiler.report(JDTBasedSpoonCompiler.java:579)
	at spoon.support.compiler.jdt.JDTBasedSpoonCompiler.reportProblems(JDTBasedSpoonCompiler.java:560)
	at spoon.support.compiler.jdt.JDTBasedSpoonCompiler.build(JDTBasedSpoonCompiler.java:121)
	at spoon.support.compiler.jdt.JDTBasedSpoonCompiler.build(JDTBasedSpoonCompiler.java:102)
	at fr.inria.lille.commons.spoon.util.SpoonModelLibrary.modelFor(SpoonModelLibrary.java:56)
	at fr.inria.lille.commons.spoon.SpoonedFile.<init>(SpoonedFile.java:62)
	at fr.inria.lille.commons.spoon.SpoonedClass.<init>(SpoonedClass.java:14)
	at fr.inria.lille.commons.spoon.SpoonedProject.forked(SpoonedProject.java:47)
	at fr.inria.lille.repair.nopol.NoPol.runOnStatement(NoPol.java:175)
	at fr.inria.lille.repair.nopol.NoPol.solveWithMultipleBuild(NoPol.java:166)
	at fr.inria.lille.repair.nopol.NoPol.build(NoPol.java:133)
	at fr.inria.lille.repair.Main$1.call(Main.java:91)
	at java.util.concurrent.FutureTask.run(FutureTask.java:262)
	at java.util.concurrent.ThreadPoolExecutor.runWorker(ThreadPoolExecutor.java:1145)
	at java.util.concurrent.ThreadPoolExecutor$Worker.run(ThreadPoolExecutor.java:615)
	at java.lang.Thread.run(Thread.java:745)
spoon.compiler.ModelBuildingException: The type LocalizedMatcher must implement the inherited abstract method Matcher.describeMismatch(Object, Description) at /tmp/mockito_37_Nopol/src/org/mockito/internal/matchers/LocalizedMatcher.java:11
	at spoon.support.compiler.jdt.JDTBasedSpoonCompiler.report(JDTBasedSpoonCompiler.java:579)
	at spoon.support.compiler.jdt.JDTBasedSpoonCompiler.reportProblems(JDTBasedSpoonCompiler.java:560)
	at spoon.support.compiler.jdt.JDTBasedSpoonCompiler.build(JDTBasedSpoonCompiler.java:121)
	at spoon.support.compiler.jdt.JDTBasedSpoonCompiler.build(JDTBasedSpoonCompiler.java:102)
	at fr.inria.lille.commons.spoon.util.SpoonModelLibrary.modelFor(SpoonModelLibrary.java:56)
	at fr.inria.lille.commons.spoon.SpoonedFile.<init>(SpoonedFile.java:62)
	at fr.inria.lille.commons.spoon.SpoonedClass.<init>(SpoonedClass.java:14)
	at fr.inria.lille.commons.spoon.SpoonedProject.forked(SpoonedProject.java:47)
	at fr.inria.lille.repair.nopol.NoPol.runOnStatement(NoPol.java:175)
	at fr.inria.lille.repair.nopol.NoPol.solveWithMultipleBuild(NoPol.java:166)
	at fr.inria.lille.repair.nopol.NoPol.build(NoPol.java:133)
	at fr.inria.lille.repair.Main$1.call(Main.java:91)
	at java.util.concurrent.FutureTask.run(FutureTask.java:262)
	at java.util.concurrent.ThreadPoolExecutor.runWorker(ThreadPoolExecutor.java:1145)
	at java.util.concurrent.ThreadPoolExecutor$Worker.run(ThreadPoolExecutor.java:615)
	at java.lang.Thread.run(Thread.java:745)
spoon.compiler.ModelBuildingException: The type LocalizedMatcher must implement the inherited abstract method Matcher.describeMismatch(Object, Description) at /tmp/mockito_37_Nopol/src/org/mockito/internal/matchers/LocalizedMatcher.java:11
	at spoon.support.compiler.jdt.JDTBasedSpoonCompiler.report(JDTBasedSpoonCompiler.java:579)
	at spoon.support.compiler.jdt.JDTBasedSpoonCompiler.reportProblems(JDTBasedSpoonCompiler.java:560)
	at spoon.support.compiler.jdt.JDTBasedSpoonCompiler.build(JDTBasedSpoonCompiler.java:121)
	at spoon.support.compiler.jdt.JDTBasedSpoonCompiler.build(JDTBasedSpoonCompiler.java:102)
	at fr.inria.lille.commons.spoon.util.SpoonModelLibrary.modelFor(SpoonModelLibrary.java:56)
	at fr.inria.lille.commons.spoon.SpoonedFile.<init>(SpoonedFile.java:62)
	at fr.inria.lille.commons.spoon.SpoonedClass.<init>(SpoonedClass.java:14)
	at fr.inria.lille.commons.spoon.SpoonedProject.forked(SpoonedProject.java:47)
	at fr.inria.lille.repair.nopol.NoPol.runOnStatement(NoPol.java:175)
	at fr.inria.lille.repair.nopol.NoPol.solveWithMultipleBuild(NoPol.java:166)
	at fr.inria.lille.repair.nopol.NoPol.build(NoPol.java:133)
	at fr.inria.lille.repair.Main$1.call(Main.java:91)
	at java.util.concurrent.FutureTask.run(FutureTask.java:262)
	at java.util.concurrent.ThreadPoolExecutor.runWorker(ThreadPoolExecutor.java:1145)
	at java.util.concurrent.ThreadPoolExecutor$Worker.run(ThreadPoolExecutor.java:615)
	at java.lang.Thread.run(Thread.java:745)
spoon.compiler.ModelBuildingException: The type LocalizedMatcher must implement the inherited abstract method Matcher.describeMismatch(Object, Description) at /tmp/mockito_37_Nopol/src/org/mockito/internal/matchers/LocalizedMatcher.java:11
	at spoon.support.compiler.jdt.JDTBasedSpoonCompiler.report(JDTBasedSpoonCompiler.java:579)
	at spoon.support.compiler.jdt.JDTBasedSpoonCompiler.reportProblems(JDTBasedSpoonCompiler.java:560)
	at spoon.support.compiler.jdt.JDTBasedSpoonCompiler.build(JDTBasedSpoonCompiler.java:121)
	at spoon.support.compiler.jdt.JDTBasedSpoonCompiler.build(JDTBasedSpoonCompiler.java:102)
	at fr.inria.lille.commons.spoon.util.SpoonModelLibrary.modelFor(SpoonModelLibrary.java:56)
	at fr.inria.lille.commons.spoon.SpoonedFile.<init>(SpoonedFile.java:62)
	at fr.inria.lille.commons.spoon.SpoonedClass.<init>(SpoonedClass.java:14)
	at fr.inria.lille.commons.spoon.SpoonedProject.forked(SpoonedProject.java:47)
	at fr.inria.lille.repair.nopol.NoPol.runOnStatement(NoPol.java:175)
	at fr.inria.lille.repair.nopol.NoPol.solveWithMultipleBuild(NoPol.java:166)
	at fr.inria.lille.repair.nopol.NoPol.build(NoPol.java:133)
	at fr.inria.lille.repair.Main$1.call(Main.java:91)
	at java.util.concurrent.FutureTask.run(FutureTask.java:262)
	at java.util.concurrent.ThreadPoolExecutor.runWorker(ThreadPoolExecutor.java:1145)
	at java.util.concurrent.ThreadPoolExecutor$Worker.run(ThreadPoolExecutor.java:615)
	at java.lang.Thread.run(Thread.java:745)
spoon.compiler.ModelBuildingException: The type LocalizedMatcher must implement the inherited abstract method Matcher.describeMismatch(Object, Description) at /tmp/mockito_37_Nopol/src/org/mockito/internal/matchers/LocalizedMatcher.java:11
	at spoon.support.compiler.jdt.JDTBasedSpoonCompiler.report(JDTBasedSpoonCompiler.java:579)
	at spoon.support.compiler.jdt.JDTBasedSpoonCompiler.reportProblems(JDTBasedSpoonCompiler.java:560)
	at spoon.support.compiler.jdt.JDTBasedSpoonCompiler.build(JDTBasedSpoonCompiler.java:121)
	at spoon.support.compiler.jdt.JDTBasedSpoonCompiler.build(JDTBasedSpoonCompiler.java:102)
	at fr.inria.lille.commons.spoon.util.SpoonModelLibrary.modelFor(SpoonModelLibrary.java:56)
	at fr.inria.lille.commons.spoon.SpoonedFile.<init>(SpoonedFile.java:62)
	at fr.inria.lille.commons.spoon.SpoonedClass.<init>(SpoonedClass.java:14)
	at fr.inria.lille.commons.spoon.SpoonedProject.forked(SpoonedProject.java:47)
	at fr.inria.lille.repair.nopol.NoPol.runOnStatement(NoPol.java:175)
	at fr.inria.lille.repair.nopol.NoPol.solveWithMultipleBuild(NoPol.java:166)
	at fr.inria.lille.repair.nopol.NoPol.build(NoPol.java:133)
	at fr.inria.lille.repair.Main$1.call(Main.java:91)
	at java.util.concurrent.FutureTask.run(FutureTask.java:262)
	at java.util.concurrent.ThreadPoolExecutor.runWorker(ThreadPoolExecutor.java:1145)
	at java.util.concurrent.ThreadPoolExecutor$Worker.run(ThreadPoolExecutor.java:615)
	at java.lang.Thread.run(Thread.java:745)
Command exited with non-zero status 255
2846.82user 46.54system 13:23.05elapsed 360%CPU (0avgtext+0avgdata 3385684maxresident)k
106616inputs+14120outputs (40major+1488327minor)pagefaults 0swaps
