mkdir: cannot create directory ‘lib/’: File exists
cp: cannot stat ‘/home/tdurieux/defects4j/framework/projects/Closure/lib/*’: No such file or directory
Running ant (compile)...................................................... OK
Running ant (compile.tests)................................................ OK
Picked up JAVA_TOOL_OPTIONS: -Dfile.encoding=UTF8
Please use CMSClassUnloadingEnabled in place of CMSPermGenSweepingEnabled in the future
Mar 04, 2017 4:27:57 AM com.google.javascript.jscomp.parsing.ParserRunner parse
INFO: Error parsing  [testcode] : Compilation produced 1 syntax errors. ( [testcode] #1)
Mar 04, 2017 4:27:57 AM com.google.javascript.jscomp.parsing.ParserRunner parse
INFO: Error parsing  [testcode] : Compilation produced 1 syntax errors. ( [testcode] #1)
Mar 04, 2017 4:27:57 AM com.google.javascript.jscomp.parsing.ParserRunner parse
INFO: Error parsing  [testcode] : Compilation produced 1 syntax errors. ( [testcode] #1)
Mar 04, 2017 4:27:57 AM com.google.javascript.jscomp.parsing.ParserRunner parse
INFO: Error parsing  [testcode] : Compilation produced 1 syntax errors. ( [testcode] #1)
Mar 04, 2017 4:27:57 AM com.google.javascript.jscomp.parsing.ParserRunner parse
INFO: Error parsing  [testcode] : Compilation produced 1 syntax errors. ( [testcode] #1)
Mar 04, 2017 4:27:57 AM com.google.javascript.jscomp.parsing.ParserRunner parse
INFO: Error parsing  [testcode] : Compilation produced 1 syntax errors. ( [testcode] #1)
Mar 04, 2017 4:27:57 AM com.google.javascript.jscomp.parsing.ParserRunner parse
INFO: Error parsing  [testcode] : Compilation produced 1 syntax errors. ( [testcode] #1)
Mar 04, 2017 4:27:57 AM com.google.javascript.jscomp.parsing.ParserRunner parse
INFO: Error parsing  [testcode] : Compilation produced 1 syntax errors. ( [testcode] #1)
Mar 04, 2017 4:27:57 AM com.google.javascript.jscomp.parsing.ParserRunner parse
INFO: Error parsing  [testcode] : Compilation produced 1 syntax errors. ( [testcode] #1)
Mar 04, 2017 4:27:58 AM com.google.javascript.jscomp.NameAnonymousFunctionsMapped process
INFO: Named 2 anon functions using 3 bytes
Mar 04, 2017 4:27:58 AM com.google.javascript.jscomp.NameAnonymousFunctionsMapped process
INFO: Named 1 anon functions using 1 bytes
Mar 04, 2017 4:27:58 AM com.google.javascript.jscomp.NameAnonymousFunctionsMapped process
INFO: Named 1 anon functions using 1 bytes
Mar 04, 2017 4:27:58 AM com.google.javascript.jscomp.NameAnonymousFunctionsMapped process
INFO: Named 1 anon functions using 1 bytes
Mar 04, 2017 4:27:58 AM com.google.javascript.jscomp.NameAnonymousFunctionsMapped process
INFO: Named 1 anon functions using 1 bytes
Mar 04, 2017 4:27:58 AM com.google.javascript.jscomp.NameAnonymousFunctionsMapped process
INFO: Named 2 anon functions using 2 bytes
Mar 04, 2017 4:27:58 AM com.google.javascript.jscomp.NameAnonymousFunctionsMapped process
INFO: Named 1 anon functions using 1 bytes
Mar 04, 2017 4:27:58 AM com.google.javascript.jscomp.NameAnonymousFunctionsMapped process
INFO: Named 1 anon functions using 1 bytes
Mar 04, 2017 4:27:58 AM com.google.javascript.jscomp.NameAnonymousFunctionsMapped process
INFO: Named 1 anon functions using 1 bytes
Mar 04, 2017 4:27:58 AM com.google.javascript.jscomp.NameAnonymousFunctionsMapped process
INFO: Named 1 anon functions using 1 bytes
Mar 04, 2017 4:27:58 AM com.google.javascript.jscomp.NameAnonymousFunctionsMapped process
INFO: Named 1 anon functions using 1 bytes
Mar 04, 2017 4:27:58 AM com.google.javascript.jscomp.NameAnonymousFunctionsMapped process
INFO: Named 1 anon functions using 1 bytes
Mar 04, 2017 4:27:58 AM com.google.javascript.jscomp.NameAnonymousFunctionsMapped process
INFO: Named 1 anon functions using 1 bytes
Mar 04, 2017 4:27:58 AM com.google.javascript.jscomp.NameAnonymousFunctionsMapped process
INFO: Named 1 anon functions using 1 bytes
Mar 04, 2017 4:27:58 AM com.google.javascript.jscomp.NameAnonymousFunctionsMapped process
INFO: Named 1 anon functions using 1 bytes
Mar 04, 2017 4:27:58 AM com.google.javascript.jscomp.NameAnonymousFunctionsMapped process
INFO: Named 1 anon functions using 1 bytes
Mar 04, 2017 4:27:59 AM com.google.javascript.jscomp.PhaseOptimizer$NamedPass process
INFO: processGoogScopeAliases
Mar 04, 2017 4:27:59 AM com.google.javascript.jscomp.PhaseOptimizer$NamedPass process
INFO: checkRequires
Mar 04, 2017 4:27:59 AM com.google.javascript.jscomp.PhaseOptimizer$NamedPass process
INFO: processProvidesAndRequires
Mar 04, 2017 4:27:59 AM com.google.javascript.jscomp.PhaseOptimizer$NamedPass process
INFO: checkVars
Mar 04, 2017 4:27:59 AM com.google.javascript.jscomp.PhaseOptimizer$NamedPass process
INFO: renameCssNames
Mar 04, 2017 4:27:59 AM com.google.javascript.jscomp.PhaseOptimizer$NamedPass process
INFO: replaceMessages
Mar 04, 2017 4:27:59 AM com.google.javascript.jscomp.PhaseOptimizer$NamedPass process
INFO: processDefines
Mar 04, 2017 4:27:59 AM com.google.javascript.jscomp.Compiler normalize
INFO: Normalizing
Mar 04, 2017 4:27:59 AM com.google.javascript.jscomp.PhaseOptimizer$NamedPass process
INFO: beforeStandardOptimizations
Mar 04, 2017 4:27:59 AM com.google.javascript.jscomp.PhaseOptimizer$NamedPass process
INFO: closureCodeRemoval
Mar 04, 2017 4:27:59 AM com.google.javascript.jscomp.PhaseOptimizer$NamedPass process
INFO: beforeMainOptimizations
Mar 04, 2017 4:27:59 AM com.google.javascript.jscomp.PhaseOptimizer$NamedPass process
INFO: beforeModuleMotion
Mar 04, 2017 4:27:59 AM com.google.javascript.jscomp.PhaseOptimizer$NamedPass process
INFO: afterModuleMotion
Mar 04, 2017 4:27:59 AM com.google.javascript.jscomp.PhaseOptimizer$NamedPass process
INFO: markUnnormalized
Mar 04, 2017 4:27:59 AM com.google.javascript.jscomp.PhaseOptimizer$NamedPass process
INFO: denormalize
Mar 04, 2017 4:27:59 AM com.google.javascript.jscomp.PhaseOptimizer$NamedPass process
INFO: invertNames
Mar 04, 2017 4:27:59 AM com.google.javascript.jscomp.LoggerErrorManager println
WARNING: foo.js:1: WARNING - 'foo.bar.goo' used but not goog.require'd

Mar 04, 2017 4:27:59 AM com.google.javascript.jscomp.LoggerErrorManager printSummary
WARNING: 0 error(s), 1 warning(s)
Mar 04, 2017 4:28:00 AM com.google.javascript.jscomp.PhaseOptimizer$NamedPass process
INFO: checkVars
Mar 04, 2017 4:28:00 AM com.google.javascript.jscomp.PhaseOptimizer$NamedPass process
INFO: replaceMessages
Mar 04, 2017 4:28:00 AM com.google.javascript.jscomp.PhaseOptimizer$NamedPass process
INFO: processDefines
Mar 04, 2017 4:28:00 AM com.google.javascript.jscomp.PhaseOptimizer$NamedPass process
INFO: checkVars
Mar 04, 2017 4:28:00 AM com.google.javascript.jscomp.PhaseOptimizer$NamedPass process
INFO: replaceMessages
Mar 04, 2017 4:28:00 AM com.google.javascript.jscomp.PhaseOptimizer$NamedPass process
INFO: processDefines
Mar 04, 2017 4:28:00 AM com.google.javascript.jscomp.PhaseOptimizer$NamedPass process
INFO: checkVars
Mar 04, 2017 4:28:00 AM com.google.javascript.jscomp.PhaseOptimizer$NamedPass process
INFO: replaceMessages
Mar 04, 2017 4:28:00 AM com.google.javascript.jscomp.PhaseOptimizer$NamedPass process
INFO: processDefines
Mar 04, 2017 4:28:00 AM com.google.javascript.jscomp.PhaseOptimizer$NamedPass process
INFO: checkVars
Mar 04, 2017 4:28:00 AM com.google.javascript.jscomp.PhaseOptimizer$NamedPass process
INFO: replaceMessages
Mar 04, 2017 4:28:00 AM com.google.javascript.jscomp.PhaseOptimizer$NamedPass process
INFO: processDefines
Mar 04, 2017 4:28:00 AM com.google.javascript.jscomp.PhaseOptimizer$NamedPass process
INFO: checkVars
Mar 04, 2017 4:28:00 AM com.google.javascript.jscomp.PhaseOptimizer$NamedPass process
INFO: replaceMessages
Mar 04, 2017 4:28:00 AM com.google.javascript.jscomp.PhaseOptimizer$NamedPass process
INFO: processDefines
Mar 04, 2017 4:28:00 AM com.google.javascript.jscomp.PhaseOptimizer$NamedPass process
INFO: checkVars
Mar 04, 2017 4:28:00 AM com.google.javascript.jscomp.PhaseOptimizer$NamedPass process
INFO: replaceMessages
Mar 04, 2017 4:28:00 AM com.google.javascript.jscomp.PhaseOptimizer$NamedPass process
INFO: processDefines
Mar 04, 2017 4:28:00 AM com.google.javascript.jscomp.PhaseOptimizer$NamedPass process
INFO: checkVars
Mar 04, 2017 4:28:00 AM com.google.javascript.jscomp.PhaseOptimizer$NamedPass process
INFO: replaceMessages
Mar 04, 2017 4:28:00 AM com.google.javascript.jscomp.PhaseOptimizer$NamedPass process
INFO: processDefines
Mar 04, 2017 4:28:00 AM com.google.javascript.jscomp.PhaseOptimizer$NamedPass process
INFO: checkVars
Mar 04, 2017 4:28:00 AM com.google.javascript.jscomp.PhaseOptimizer$NamedPass process
INFO: replaceMessages
Mar 04, 2017 4:28:00 AM com.google.javascript.jscomp.PhaseOptimizer$NamedPass process
INFO: processDefines
Mar 04, 2017 4:28:00 AM com.google.javascript.jscomp.PhaseOptimizer$NamedPass process
INFO: checkVars
Mar 04, 2017 4:28:00 AM com.google.javascript.jscomp.PhaseOptimizer$NamedPass process
INFO: replaceMessages
Mar 04, 2017 4:28:00 AM com.google.javascript.jscomp.PhaseOptimizer$NamedPass process
INFO: processDefines
Mar 04, 2017 4:28:00 AM com.google.javascript.jscomp.PhaseOptimizer$NamedPass process
INFO: checkVars
Mar 04, 2017 4:28:00 AM com.google.javascript.jscomp.PhaseOptimizer$NamedPass process
INFO: replaceMessages
Mar 04, 2017 4:28:00 AM com.google.javascript.jscomp.PhaseOptimizer$NamedPass process
INFO: processDefines
Mar 04, 2017 4:28:00 AM com.google.javascript.jscomp.PhaseOptimizer$NamedPass process
INFO: checkVars
Mar 04, 2017 4:28:00 AM com.google.javascript.jscomp.PhaseOptimizer$NamedPass process
INFO: replaceMessages
Mar 04, 2017 4:28:00 AM com.google.javascript.jscomp.PhaseOptimizer$NamedPass process
INFO: processDefines
Mar 04, 2017 4:28:00 AM com.google.javascript.jscomp.PhaseOptimizer$NamedPass process
INFO: checkVars
Mar 04, 2017 4:28:00 AM com.google.javascript.jscomp.PhaseOptimizer$NamedPass process
INFO: replaceMessages
Mar 04, 2017 4:28:00 AM com.google.javascript.jscomp.PhaseOptimizer$NamedPass process
INFO: processDefines
Mar 04, 2017 4:28:00 AM com.google.javascript.jscomp.PhaseOptimizer$NamedPass process
INFO: checkVars
Mar 04, 2017 4:28:00 AM com.google.javascript.jscomp.PhaseOptimizer$NamedPass process
INFO: replaceMessages
Mar 04, 2017 4:28:00 AM com.google.javascript.jscomp.PhaseOptimizer$NamedPass process
INFO: processDefines
Mar 04, 2017 4:28:00 AM com.google.javascript.jscomp.PhaseOptimizer$NamedPass process
INFO: checkVars
Mar 04, 2017 4:28:00 AM com.google.javascript.jscomp.PhaseOptimizer$NamedPass process
INFO: replaceMessages
Mar 04, 2017 4:28:00 AM com.google.javascript.jscomp.PhaseOptimizer$NamedPass process
INFO: processDefines
Mar 04, 2017 4:28:00 AM com.google.javascript.jscomp.PhaseOptimizer$NamedPass process
INFO: checkVars
Mar 04, 2017 4:28:00 AM com.google.javascript.jscomp.PhaseOptimizer$NamedPass process
INFO: replaceMessages
Mar 04, 2017 4:28:00 AM com.google.javascript.jscomp.PhaseOptimizer$NamedPass process
INFO: processDefines
Mar 04, 2017 4:28:00 AM com.google.javascript.jscomp.PhaseOptimizer$NamedPass process
INFO: checkVars
Mar 04, 2017 4:28:00 AM com.google.javascript.jscomp.PhaseOptimizer$NamedPass process
INFO: replaceMessages
Mar 04, 2017 4:28:00 AM com.google.javascript.jscomp.PhaseOptimizer$NamedPass process
INFO: processDefines
Mar 04, 2017 4:28:00 AM com.google.javascript.jscomp.PhaseOptimizer$NamedPass process
INFO: checkVars
Mar 04, 2017 4:28:00 AM com.google.javascript.jscomp.PhaseOptimizer$NamedPass process
INFO: replaceMessages
Mar 04, 2017 4:28:00 AM com.google.javascript.jscomp.PhaseOptimizer$NamedPass process
INFO: processDefines
Mar 04, 2017 4:28:00 AM com.google.javascript.jscomp.PhaseOptimizer$NamedPass process
INFO: checkVars
Mar 04, 2017 4:28:00 AM com.google.javascript.jscomp.PhaseOptimizer$NamedPass process
INFO: replaceMessages
Mar 04, 2017 4:28:00 AM com.google.javascript.jscomp.PhaseOptimizer$NamedPass process
INFO: processDefines
Mar 04, 2017 4:28:01 AM com.google.javascript.jscomp.DisambiguateProperties renameProperties
INFO: Renamed 8 instances of 2 properties.
Mar 04, 2017 4:28:01 AM com.google.javascript.jscomp.DisambiguateProperties renameProperties
INFO: Skipped renaming 0 invalidated properties, 1 instances of properties that were skipped for specific types and 0 properties that were referenced from only one type.
Mar 04, 2017 4:28:01 AM com.google.javascript.jscomp.DisambiguateProperties renameProperties
INFO: Renamed 8 instances of 2 properties.
Mar 04, 2017 4:28:01 AM com.google.javascript.jscomp.DisambiguateProperties renameProperties
INFO: Skipped renaming 0 invalidated properties, 1 instances of properties that were skipped for specific types and 0 properties that were referenced from only one type.
Mar 04, 2017 4:28:01 AM com.google.javascript.jscomp.DisambiguateProperties renameProperties
INFO: Renamed 2 instances of 1 properties.
Mar 04, 2017 4:28:01 AM com.google.javascript.jscomp.DisambiguateProperties renameProperties
INFO: Skipped renaming 6 invalidated properties, 0 instances of properties that were skipped for specific types and 1 properties that were referenced from only one type.
Mar 04, 2017 4:28:01 AM com.google.javascript.jscomp.DisambiguateProperties renameProperties
INFO: Renamed 0 instances of 0 properties.
Mar 04, 2017 4:28:01 AM com.google.javascript.jscomp.DisambiguateProperties renameProperties
INFO: Skipped renaming 0 invalidated properties, 2 instances of properties that were skipped for specific types and 0 properties that were referenced from only one type.
Mar 04, 2017 4:28:01 AM com.google.javascript.jscomp.DisambiguateProperties renameProperties
INFO: Renamed 2 instances of 1 properties.
Mar 04, 2017 4:28:01 AM com.google.javascript.jscomp.DisambiguateProperties renameProperties
INFO: Skipped renaming 0 invalidated properties, 1 instances of properties that were skipped for specific types and 0 properties that were referenced from only one type.
Mar 04, 2017 4:28:01 AM com.google.javascript.jscomp.DisambiguateProperties renameProperties
INFO: Renamed 0 instances of 0 properties.
Mar 04, 2017 4:28:01 AM com.google.javascript.jscomp.DisambiguateProperties renameProperties
INFO: Skipped renaming 0 invalidated properties, 1 instances of properties that were skipped for specific types and 1 properties that were referenced from only one type.
Mar 04, 2017 4:28:01 AM com.google.javascript.jscomp.DisambiguateProperties renameProperties
INFO: Renamed 4 instances of 1 properties.
Mar 04, 2017 4:28:01 AM com.google.javascript.jscomp.DisambiguateProperties renameProperties
INFO: Skipped renaming 0 invalidated properties, 1 instances of properties that were skipped for specific types and 0 properties that were referenced from only one type.
Mar 04, 2017 4:28:01 AM com.google.javascript.jscomp.DisambiguateProperties renameProperties
INFO: Renamed 2 instances of 1 properties.
Mar 04, 2017 4:28:01 AM com.google.javascript.jscomp.DisambiguateProperties renameProperties
INFO: Skipped renaming 0 invalidated properties, 1 instances of properties that were skipped for specific types and 0 properties that were referenced from only one type.
Mar 04, 2017 4:28:01 AM com.google.javascript.jscomp.DisambiguateProperties renameProperties
INFO: Renamed 0 instances of 0 properties.
Mar 04, 2017 4:28:01 AM com.google.javascript.jscomp.DisambiguateProperties renameProperties
INFO: Skipped renaming 0 invalidated properties, 2 instances of properties that were skipped for specific types and 0 properties that were referenced from only one type.
Mar 04, 2017 4:28:01 AM com.google.javascript.jscomp.DisambiguateProperties renameProperties
INFO: Renamed 0 instances of 0 properties.
Mar 04, 2017 4:28:01 AM com.google.javascript.jscomp.DisambiguateProperties renameProperties
INFO: Skipped renaming 0 invalidated properties, 0 instances of properties that were skipped for specific types and 2 properties that were referenced from only one type.
Mar 04, 2017 4:28:01 AM com.google.javascript.jscomp.DisambiguateProperties renameProperties
INFO: Renamed 4 instances of 1 properties.
Mar 04, 2017 4:28:01 AM com.google.javascript.jscomp.DisambiguateProperties renameProperties
INFO: Skipped renaming 0 invalidated properties, 1 instances of properties that were skipped for specific types and 0 properties that were referenced from only one type.
Mar 04, 2017 4:28:01 AM com.google.javascript.jscomp.DisambiguateProperties renameProperties
INFO: Renamed 4 instances of 1 properties.
Mar 04, 2017 4:28:01 AM com.google.javascript.jscomp.DisambiguateProperties renameProperties
INFO: Skipped renaming 0 invalidated properties, 1 instances of properties that were skipped for specific types and 0 properties that were referenced from only one type.
Mar 04, 2017 4:28:01 AM com.google.javascript.jscomp.DisambiguateProperties renameProperties
INFO: Renamed 0 instances of 0 properties.
Mar 04, 2017 4:28:01 AM com.google.javascript.jscomp.DisambiguateProperties renameProperties
INFO: Skipped renaming 0 invalidated properties, 1 instances of properties that were skipped for specific types and 1 properties that were referenced from only one type.
Mar 04, 2017 4:28:01 AM com.google.javascript.jscomp.DisambiguateProperties renameProperties
INFO: Renamed 0 instances of 0 properties.
Mar 04, 2017 4:28:01 AM com.google.javascript.jscomp.DisambiguateProperties renameProperties
INFO: Skipped renaming 0 invalidated properties, 1 instances of properties that were skipped for specific types and 1 properties that were referenced from only one type.
Mar 04, 2017 4:28:01 AM com.google.javascript.jscomp.DisambiguateProperties renameProperties
INFO: Renamed 0 instances of 0 properties.
Mar 04, 2017 4:28:01 AM com.google.javascript.jscomp.DisambiguateProperties renameProperties
INFO: Skipped renaming 0 invalidated properties, 2 instances of properties that were skipped for specific types and 0 properties that were referenced from only one type.
Mar 04, 2017 4:28:01 AM com.google.javascript.jscomp.DisambiguateProperties renameProperties
INFO: Renamed 0 instances of 0 properties.
Mar 04, 2017 4:28:01 AM com.google.javascript.jscomp.DisambiguateProperties renameProperties
INFO: Skipped renaming 0 invalidated properties, 1 instances of properties that were skipped for specific types and 1 properties that were referenced from only one type.
Mar 04, 2017 4:28:01 AM com.google.javascript.jscomp.DisambiguateProperties renameProperties
INFO: Renamed 0 instances of 0 properties.
Mar 04, 2017 4:28:01 AM com.google.javascript.jscomp.DisambiguateProperties renameProperties
INFO: Skipped renaming 0 invalidated properties, 1 instances of properties that were skipped for specific types and 1 properties that were referenced from only one type.
Mar 04, 2017 4:28:01 AM com.google.javascript.jscomp.DisambiguateProperties renameProperties
INFO: Renamed 3 instances of 1 properties.
Mar 04, 2017 4:28:01 AM com.google.javascript.jscomp.DisambiguateProperties renameProperties
INFO: Skipped renaming 0 invalidated properties, 1 instances of properties that were skipped for specific types and 0 properties that were referenced from only one type.
Mar 04, 2017 4:28:01 AM com.google.javascript.jscomp.DisambiguateProperties renameProperties
INFO: Renamed 3 instances of 1 properties.
Mar 04, 2017 4:28:01 AM com.google.javascript.jscomp.DisambiguateProperties renameProperties
INFO: Skipped renaming 0 invalidated properties, 1 instances of properties that were skipped for specific types and 0 properties that were referenced from only one type.
Mar 04, 2017 4:28:01 AM com.google.javascript.jscomp.DisambiguateProperties renameProperties
INFO: Renamed 3 instances of 1 properties.
Mar 04, 2017 4:28:01 AM com.google.javascript.jscomp.DisambiguateProperties renameProperties
INFO: Skipped renaming 0 invalidated properties, 1 instances of properties that were skipped for specific types and 0 properties that were referenced from only one type.
Mar 04, 2017 4:28:01 AM com.google.javascript.jscomp.DisambiguateProperties renameProperties
INFO: Renamed 0 instances of 0 properties.
Mar 04, 2017 4:28:01 AM com.google.javascript.jscomp.DisambiguateProperties renameProperties
INFO: Skipped renaming 0 invalidated properties, 1 instances of properties that were skipped for specific types and 1 properties that were referenced from only one type.
Mar 04, 2017 4:28:01 AM com.google.javascript.jscomp.DisambiguateProperties renameProperties
INFO: Renamed 4 instances of 1 properties.
Mar 04, 2017 4:28:01 AM com.google.javascript.jscomp.DisambiguateProperties renameProperties
INFO: Skipped renaming 0 invalidated properties, 1 instances of properties that were skipped for specific types and 0 properties that were referenced from only one type.
Mar 04, 2017 4:28:01 AM com.google.javascript.jscomp.DisambiguateProperties renameProperties
INFO: Renamed 3 instances of 1 properties.
Mar 04, 2017 4:28:01 AM com.google.javascript.jscomp.DisambiguateProperties renameProperties
INFO: Skipped renaming 0 invalidated properties, 2 instances of properties that were skipped for specific types and 0 properties that were referenced from only one type.
Mar 04, 2017 4:28:01 AM com.google.javascript.jscomp.DisambiguateProperties renameProperties
INFO: Renamed 3 instances of 2 properties.
Mar 04, 2017 4:28:01 AM com.google.javascript.jscomp.DisambiguateProperties renameProperties
INFO: Skipped renaming 1 invalidated properties, 1 instances of properties that were skipped for specific types and 0 properties that were referenced from only one type.
Mar 04, 2017 4:28:01 AM com.google.javascript.jscomp.DisambiguateProperties renameProperties
INFO: Renamed 0 instances of 1 properties.
Mar 04, 2017 4:28:01 AM com.google.javascript.jscomp.DisambiguateProperties renameProperties
INFO: Skipped renaming 2 invalidated properties, 1 instances of properties that were skipped for specific types and 0 properties that were referenced from only one type.
Mar 04, 2017 4:28:01 AM com.google.javascript.jscomp.DisambiguateProperties renameProperties
INFO: Renamed 0 instances of 1 properties.
Mar 04, 2017 4:28:01 AM com.google.javascript.jscomp.DisambiguateProperties renameProperties
INFO: Skipped renaming 2 invalidated properties, 1 instances of properties that were skipped for specific types and 0 properties that were referenced from only one type.
Mar 04, 2017 4:28:01 AM com.google.javascript.jscomp.DisambiguateProperties renameProperties
INFO: Renamed 3 instances of 1 properties.
Mar 04, 2017 4:28:01 AM com.google.javascript.jscomp.DisambiguateProperties renameProperties
INFO: Skipped renaming 0 invalidated properties, 1 instances of properties that were skipped for specific types and 0 properties that were referenced from only one type.
Mar 04, 2017 4:28:01 AM com.google.javascript.jscomp.DisambiguateProperties renameProperties
INFO: Renamed 3 instances of 1 properties.
Mar 04, 2017 4:28:01 AM com.google.javascript.jscomp.DisambiguateProperties renameProperties
INFO: Skipped renaming 0 invalidated properties, 1 instances of properties that were skipped for specific types and 0 properties that were referenced from only one type.
Mar 04, 2017 4:28:01 AM com.google.javascript.jscomp.DisambiguateProperties renameProperties
INFO: Renamed 0 instances of 0 properties.
Mar 04, 2017 4:28:01 AM com.google.javascript.jscomp.DisambiguateProperties renameProperties
INFO: Skipped renaming 0 invalidated properties, 3 instances of properties that were skipped for specific types and 0 properties that were referenced from only one type.
Mar 04, 2017 4:28:01 AM com.google.javascript.jscomp.DisambiguateProperties renameProperties
INFO: Renamed 2 instances of 2 properties.
Mar 04, 2017 4:28:01 AM com.google.javascript.jscomp.DisambiguateProperties renameProperties
INFO: Skipped renaming 4 invalidated properties, 1 instances of properties that were skipped for specific types and 0 properties that were referenced from only one type.
Mar 04, 2017 4:28:01 AM com.google.javascript.jscomp.DisambiguateProperties renameProperties
INFO: Renamed 2 instances of 1 properties.
Mar 04, 2017 4:28:01 AM com.google.javascript.jscomp.DisambiguateProperties renameProperties
INFO: Skipped renaming 0 invalidated properties, 3 instances of properties that were skipped for specific types and 0 properties that were referenced from only one type.
Mar 04, 2017 4:28:01 AM com.google.javascript.jscomp.DisambiguateProperties renameProperties
INFO: Renamed 2 instances of 1 properties.
Mar 04, 2017 4:28:01 AM com.google.javascript.jscomp.DisambiguateProperties renameProperties
INFO: Skipped renaming 0 invalidated properties, 1 instances of properties that were skipped for specific types and 2 properties that were referenced from only one type.
Mar 04, 2017 4:28:01 AM com.google.javascript.jscomp.DisambiguateProperties renameProperties
INFO: Renamed 0 instances of 0 properties.
Mar 04, 2017 4:28:01 AM com.google.javascript.jscomp.DisambiguateProperties renameProperties
INFO: Skipped renaming 0 invalidated properties, 2 instances of properties that were skipped for specific types and 0 properties that were referenced from only one type.
Mar 04, 2017 4:28:01 AM com.google.javascript.jscomp.DisambiguateProperties renameProperties
INFO: Renamed 2 instances of 1 properties.
Mar 04, 2017 4:28:01 AM com.google.javascript.jscomp.DisambiguateProperties renameProperties
INFO: Skipped renaming 0 invalidated properties, 1 instances of properties that were skipped for specific types and 0 properties that were referenced from only one type.
Mar 04, 2017 4:28:01 AM com.google.javascript.jscomp.DisambiguateProperties renameProperties
INFO: Renamed 2 instances of 1 properties.
Mar 04, 2017 4:28:01 AM com.google.javascript.jscomp.DisambiguateProperties renameProperties
INFO: Skipped renaming 0 invalidated properties, 1 instances of properties that were skipped for specific types and 0 properties that were referenced from only one type.
Mar 04, 2017 4:28:01 AM com.google.javascript.jscomp.DisambiguateProperties renameProperties
INFO: Renamed 0 instances of 0 properties.
Mar 04, 2017 4:28:01 AM com.google.javascript.jscomp.DisambiguateProperties renameProperties
INFO: Skipped renaming 0 invalidated properties, 1 instances of properties that were skipped for specific types and 1 properties that were referenced from only one type.
Mar 04, 2017 4:28:02 AM com.google.javascript.jscomp.DisambiguateProperties renameProperties
INFO: Renamed 0 instances of 0 properties.
Mar 04, 2017 4:28:02 AM com.google.javascript.jscomp.DisambiguateProperties renameProperties
INFO: Skipped renaming 0 invalidated properties, 1 instances of properties that were skipped for specific types and 1 properties that were referenced from only one type.
Mar 04, 2017 4:28:02 AM com.google.javascript.jscomp.DisambiguateProperties renameProperties
INFO: Renamed 0 instances of 0 properties.
Mar 04, 2017 4:28:02 AM com.google.javascript.jscomp.DisambiguateProperties renameProperties
INFO: Skipped renaming 0 invalidated properties, 2 instances of properties that were skipped for specific types and 0 properties that were referenced from only one type.
Mar 04, 2017 4:28:02 AM com.google.javascript.jscomp.DisambiguateProperties renameProperties
INFO: Renamed 0 instances of 0 properties.
Mar 04, 2017 4:28:02 AM com.google.javascript.jscomp.DisambiguateProperties renameProperties
INFO: Skipped renaming 0 invalidated properties, 2 instances of properties that were skipped for specific types and 0 properties that were referenced from only one type.
Mar 04, 2017 4:28:02 AM com.google.javascript.jscomp.DisambiguateProperties renameProperties
INFO: Renamed 0 instances of 0 properties.
Mar 04, 2017 4:28:02 AM com.google.javascript.jscomp.DisambiguateProperties renameProperties
INFO: Skipped renaming 0 invalidated properties, 2 instances of properties that were skipped for specific types and 0 properties that were referenced from only one type.
Mar 04, 2017 4:28:02 AM com.google.javascript.jscomp.DisambiguateProperties renameProperties
INFO: Renamed 0 instances of 0 properties.
Mar 04, 2017 4:28:02 AM com.google.javascript.jscomp.DisambiguateProperties renameProperties
INFO: Skipped renaming 0 invalidated properties, 2 instances of properties that were skipped for specific types and 0 properties that were referenced from only one type.
Mar 04, 2017 4:28:02 AM com.google.javascript.jscomp.DisambiguateProperties renameProperties
INFO: Renamed 0 instances of 0 properties.
Mar 04, 2017 4:28:02 AM com.google.javascript.jscomp.DisambiguateProperties renameProperties
INFO: Skipped renaming 0 invalidated properties, 1 instances of properties that were skipped for specific types and 1 properties that were referenced from only one type.
Mar 04, 2017 4:28:02 AM com.google.javascript.jscomp.DisambiguateProperties renameProperties
INFO: Renamed 3 instances of 1 properties.
Mar 04, 2017 4:28:02 AM com.google.javascript.jscomp.DisambiguateProperties renameProperties
INFO: Skipped renaming 0 invalidated properties, 1 instances of properties that were skipped for specific types and 0 properties that were referenced from only one type.
Mar 04, 2017 4:28:02 AM com.google.javascript.jscomp.DisambiguateProperties renameProperties
INFO: Renamed 2 instances of 1 properties.
Mar 04, 2017 4:28:02 AM com.google.javascript.jscomp.DisambiguateProperties renameProperties
INFO: Skipped renaming 0 invalidated properties, 0 instances of properties that were skipped for specific types and 0 properties that were referenced from only one type.
Mar 04, 2017 4:28:02 AM com.google.javascript.jscomp.DisambiguateProperties renameProperties
INFO: Renamed 4 instances of 1 properties.
Mar 04, 2017 4:28:02 AM com.google.javascript.jscomp.DisambiguateProperties renameProperties
INFO: Skipped renaming 0 invalidated properties, 1 instances of properties that were skipped for specific types and 0 properties that were referenced from only one type.
Mar 04, 2017 4:28:02 AM com.google.javascript.jscomp.DisambiguateProperties renameProperties
INFO: Renamed 4 instances of 1 properties.
Mar 04, 2017 4:28:02 AM com.google.javascript.jscomp.DisambiguateProperties renameProperties
INFO: Skipped renaming 0 invalidated properties, 1 instances of properties that were skipped for specific types and 0 properties that were referenced from only one type.
Mar 04, 2017 4:28:02 AM com.google.javascript.jscomp.DisambiguateProperties renameProperties
INFO: Renamed 4 instances of 1 properties.
Mar 04, 2017 4:28:02 AM com.google.javascript.jscomp.DisambiguateProperties renameProperties
INFO: Skipped renaming 0 invalidated properties, 1 instances of properties that were skipped for specific types and 0 properties that were referenced from only one type.
Mar 04, 2017 4:28:02 AM com.google.javascript.jscomp.DisambiguateProperties renameProperties
INFO: Renamed 4 instances of 1 properties.
Mar 04, 2017 4:28:02 AM com.google.javascript.jscomp.DisambiguateProperties renameProperties
INFO: Skipped renaming 0 invalidated properties, 1 instances of properties that were skipped for specific types and 0 properties that were referenced from only one type.
Mar 04, 2017 4:28:02 AM com.google.javascript.jscomp.DisambiguateProperties renameProperties
INFO: Renamed 4 instances of 1 properties.
Mar 04, 2017 4:28:02 AM com.google.javascript.jscomp.DisambiguateProperties renameProperties
INFO: Skipped renaming 0 invalidated properties, 1 instances of properties that were skipped for specific types and 0 properties that were referenced from only one type.
Mar 04, 2017 4:28:02 AM com.google.javascript.jscomp.DisambiguateProperties renameProperties
INFO: Renamed 4 instances of 1 properties.
Mar 04, 2017 4:28:02 AM com.google.javascript.jscomp.DisambiguateProperties renameProperties
INFO: Skipped renaming 0 invalidated properties, 1 instances of properties that were skipped for specific types and 0 properties that were referenced from only one type.
Mar 04, 2017 4:28:02 AM com.google.javascript.jscomp.DisambiguateProperties renameProperties
INFO: Renamed 4 instances of 1 properties.
Mar 04, 2017 4:28:02 AM com.google.javascript.jscomp.DisambiguateProperties renameProperties
INFO: Skipped renaming 0 invalidated properties, 1 instances of properties that were skipped for specific types and 0 properties that were referenced from only one type.
Mar 04, 2017 4:28:02 AM com.google.javascript.jscomp.DisambiguateProperties renameProperties
INFO: Renamed 4 instances of 1 properties.
Mar 04, 2017 4:28:02 AM com.google.javascript.jscomp.DisambiguateProperties renameProperties
INFO: Skipped renaming 0 invalidated properties, 1 instances of properties that were skipped for specific types and 0 properties that were referenced from only one type.
Mar 04, 2017 4:28:02 AM com.google.javascript.jscomp.DisambiguateProperties renameProperties
INFO: Renamed 4 instances of 1 properties.
Mar 04, 2017 4:28:02 AM com.google.javascript.jscomp.DisambiguateProperties renameProperties
INFO: Skipped renaming 0 invalidated properties, 1 instances of properties that were skipped for specific types and 0 properties that were referenced from only one type.
Mar 04, 2017 4:28:02 AM com.google.javascript.jscomp.DisambiguateProperties renameProperties
INFO: Renamed 4 instances of 1 properties.
Mar 04, 2017 4:28:02 AM com.google.javascript.jscomp.DisambiguateProperties renameProperties
INFO: Skipped renaming 0 invalidated properties, 1 instances of properties that were skipped for specific types and 0 properties that were referenced from only one type.
Mar 04, 2017 4:28:02 AM com.google.javascript.jscomp.DisambiguateProperties renameProperties
INFO: Renamed 0 instances of 1 properties.
Mar 04, 2017 4:28:02 AM com.google.javascript.jscomp.DisambiguateProperties renameProperties
INFO: Skipped renaming 1 invalidated properties, 1 instances of properties that were skipped for specific types and 0 properties that were referenced from only one type.
Mar 04, 2017 4:28:02 AM com.google.javascript.jscomp.DisambiguateProperties renameProperties
INFO: Renamed 0 instances of 0 properties.
Mar 04, 2017 4:28:02 AM com.google.javascript.jscomp.DisambiguateProperties renameProperties
INFO: Skipped renaming 0 invalidated properties, 1 instances of properties that were skipped for specific types and 1 properties that were referenced from only one type.
Mar 04, 2017 4:28:02 AM com.google.javascript.jscomp.DisambiguateProperties renameProperties
INFO: Renamed 5 instances of 1 properties.
Mar 04, 2017 4:28:02 AM com.google.javascript.jscomp.DisambiguateProperties renameProperties
INFO: Skipped renaming 0 invalidated properties, 1 instances of properties that were skipped for specific types and 0 properties that were referenced from only one type.
Mar 04, 2017 4:28:02 AM com.google.javascript.jscomp.DisambiguateProperties renameProperties
INFO: Renamed 5 instances of 1 properties.
Mar 04, 2017 4:28:02 AM com.google.javascript.jscomp.DisambiguateProperties renameProperties
INFO: Skipped renaming 0 invalidated properties, 1 instances of properties that were skipped for specific types and 0 properties that were referenced from only one type.
Mar 04, 2017 4:28:02 AM com.google.javascript.jscomp.DisambiguateProperties renameProperties
INFO: Renamed 0 instances of 0 properties.
Mar 04, 2017 4:28:02 AM com.google.javascript.jscomp.DisambiguateProperties renameProperties
INFO: Skipped renaming 0 invalidated properties, 1 instances of properties that were skipped for specific types and 2 properties that were referenced from only one type.
Mar 04, 2017 4:28:02 AM com.google.javascript.jscomp.DisambiguateProperties renameProperties
INFO: Renamed 0 instances of 0 properties.
Mar 04, 2017 4:28:02 AM com.google.javascript.jscomp.DisambiguateProperties renameProperties
INFO: Skipped renaming 0 invalidated properties, 1 instances of properties that were skipped for specific types and 2 properties that were referenced from only one type.
Mar 04, 2017 4:28:02 AM com.google.javascript.jscomp.DisambiguateProperties renameProperties
INFO: Renamed 0 instances of 0 properties.
Mar 04, 2017 4:28:02 AM com.google.javascript.jscomp.DisambiguateProperties renameProperties
INFO: Skipped renaming 0 invalidated properties, 4 instances of properties that were skipped for specific types and 0 properties that were referenced from only one type.
Mar 04, 2017 4:28:02 AM com.google.javascript.jscomp.DisambiguateProperties renameProperties
INFO: Renamed 0 instances of 0 properties.
Mar 04, 2017 4:28:02 AM com.google.javascript.jscomp.DisambiguateProperties renameProperties
INFO: Skipped renaming 0 invalidated properties, 1 instances of properties that were skipped for specific types and 1 properties that were referenced from only one type.
Mar 04, 2017 4:28:02 AM com.google.javascript.jscomp.DisambiguateProperties renameProperties
INFO: Renamed 5 instances of 1 properties.
Mar 04, 2017 4:28:02 AM com.google.javascript.jscomp.DisambiguateProperties renameProperties
INFO: Skipped renaming 0 invalidated properties, 1 instances of properties that were skipped for specific types and 0 properties that were referenced from only one type.
Mar 04, 2017 4:28:02 AM com.google.javascript.jscomp.DisambiguateProperties renameProperties
INFO: Renamed 0 instances of 0 properties.
Mar 04, 2017 4:28:02 AM com.google.javascript.jscomp.DisambiguateProperties renameProperties
INFO: Skipped renaming 0 invalidated properties, 1 instances of properties that were skipped for specific types and 1 properties that were referenced from only one type.
Mar 04, 2017 4:28:02 AM com.google.javascript.jscomp.DisambiguateProperties renameProperties
INFO: Renamed 0 instances of 1 properties.
Mar 04, 2017 4:28:02 AM com.google.javascript.jscomp.DisambiguateProperties renameProperties
INFO: Skipped renaming 1 invalidated properties, 1 instances of properties that were skipped for specific types and 0 properties that were referenced from only one type.
Mar 04, 2017 4:28:02 AM com.google.javascript.jscomp.DisambiguateProperties renameProperties
INFO: Renamed 0 instances of 0 properties.
Mar 04, 2017 4:28:02 AM com.google.javascript.jscomp.DisambiguateProperties renameProperties
INFO: Skipped renaming 0 invalidated properties, 1 instances of properties that were skipped for specific types and 1 properties that were referenced from only one type.
Mar 04, 2017 4:28:02 AM com.google.javascript.jscomp.DisambiguateProperties renameProperties
INFO: Renamed 3 instances of 1 properties.
Mar 04, 2017 4:28:02 AM com.google.javascript.jscomp.DisambiguateProperties renameProperties
INFO: Skipped renaming 0 invalidated properties, 1 instances of properties that were skipped for specific types and 0 properties that were referenced from only one type.
Mar 04, 2017 4:28:02 AM com.google.javascript.jscomp.DisambiguateProperties renameProperties
INFO: Renamed 1 instances of 1 properties.
Mar 04, 2017 4:28:02 AM com.google.javascript.jscomp.DisambiguateProperties renameProperties
INFO: Skipped renaming 5 invalidated properties, 1 instances of properties that were skipped for specific types and 0 properties that were referenced from only one type.
Mar 04, 2017 4:28:02 AM com.google.javascript.jscomp.DisambiguateProperties renameProperties
INFO: Renamed 1 instances of 1 properties.
Mar 04, 2017 4:28:02 AM com.google.javascript.jscomp.DisambiguateProperties renameProperties
INFO: Skipped renaming 5 invalidated properties, 1 instances of properties that were skipped for specific types and 0 properties that were referenced from only one type.
Mar 04, 2017 4:28:02 AM com.google.javascript.jscomp.DisambiguateProperties renameProperties
INFO: Renamed 1 instances of 1 properties.
Mar 04, 2017 4:28:02 AM com.google.javascript.jscomp.DisambiguateProperties renameProperties
INFO: Skipped renaming 1 invalidated properties, 1 instances of properties that were skipped for specific types and 0 properties that were referenced from only one type.
Mar 04, 2017 4:28:02 AM com.google.javascript.jscomp.DisambiguateProperties renameProperties
INFO: Renamed 1 instances of 1 properties.
Mar 04, 2017 4:28:02 AM com.google.javascript.jscomp.DisambiguateProperties renameProperties
INFO: Skipped renaming 1 invalidated properties, 1 instances of properties that were skipped for specific types and 0 properties that were referenced from only one type.
Mar 04, 2017 4:28:02 AM com.google.javascript.jscomp.DisambiguateProperties renameProperties
INFO: Renamed 0 instances of 0 properties.
Mar 04, 2017 4:28:02 AM com.google.javascript.jscomp.DisambiguateProperties renameProperties
INFO: Skipped renaming 0 invalidated properties, 2 instances of properties that were skipped for specific types and 0 properties that were referenced from only one type.
Mar 04, 2017 4:28:02 AM com.google.javascript.jscomp.DisambiguateProperties renameProperties
INFO: Renamed 3 instances of 1 properties.
Mar 04, 2017 4:28:02 AM com.google.javascript.jscomp.DisambiguateProperties renameProperties
INFO: Skipped renaming 0 invalidated properties, 1 instances of properties that were skipped for specific types and 0 properties that were referenced from only one type.
Mar 04, 2017 4:28:02 AM com.google.javascript.jscomp.DisambiguateProperties renameProperties
INFO: Renamed 0 instances of 0 properties.
Mar 04, 2017 4:28:02 AM com.google.javascript.jscomp.DisambiguateProperties renameProperties
INFO: Skipped renaming 0 invalidated properties, 4 instances of properties that were skipped for specific types and 1 properties that were referenced from only one type.
Mar 04, 2017 4:28:02 AM com.google.javascript.jscomp.DisambiguateProperties renameProperties
INFO: Renamed 6 instances of 1 properties.
Mar 04, 2017 4:28:02 AM com.google.javascript.jscomp.DisambiguateProperties renameProperties
INFO: Skipped renaming 0 invalidated properties, 2 instances of properties that were skipped for specific types and 2 properties that were referenced from only one type.
Mar 04, 2017 4:28:02 AM com.google.javascript.jscomp.DisambiguateProperties renameProperties
INFO: Renamed 0 instances of 0 properties.
Mar 04, 2017 4:28:02 AM com.google.javascript.jscomp.DisambiguateProperties renameProperties
INFO: Skipped renaming 0 invalidated properties, 1 instances of properties that were skipped for specific types and 1 properties that were referenced from only one type.
Mar 04, 2017 4:28:02 AM com.google.javascript.jscomp.DisambiguateProperties renameProperties
INFO: Renamed 3 instances of 1 properties.
Mar 04, 2017 4:28:02 AM com.google.javascript.jscomp.DisambiguateProperties renameProperties
INFO: Skipped renaming 0 invalidated properties, 1 instances of properties that were skipped for specific types and 0 properties that were referenced from only one type.
Mar 04, 2017 4:28:02 AM com.google.javascript.jscomp.DisambiguateProperties renameProperties
INFO: Renamed 4 instances of 2 properties.
Mar 04, 2017 4:28:02 AM com.google.javascript.jscomp.DisambiguateProperties renameProperties
INFO: Skipped renaming 0 invalidated properties, 2 instances of properties that were skipped for specific types and 0 properties that were referenced from only one type.
Mar 04, 2017 4:28:02 AM com.google.javascript.jscomp.DisambiguateProperties renameProperties
INFO: Renamed 4 instances of 2 properties.
Mar 04, 2017 4:28:02 AM com.google.javascript.jscomp.DisambiguateProperties renameProperties
INFO: Skipped renaming 0 invalidated properties, 2 instances of properties that were skipped for specific types and 0 properties that were referenced from only one type.
Mar 04, 2017 4:28:02 AM com.google.javascript.jscomp.DisambiguateProperties renameProperties
INFO: Renamed 0 instances of 0 properties.
Mar 04, 2017 4:28:02 AM com.google.javascript.jscomp.DisambiguateProperties renameProperties
INFO: Skipped renaming 0 invalidated properties, 2 instances of properties that were skipped for specific types and 0 properties that were referenced from only one type.
Mar 04, 2017 4:28:02 AM com.google.javascript.jscomp.DisambiguateProperties renameProperties
INFO: Renamed 0 instances of 0 properties.
Mar 04, 2017 4:28:02 AM com.google.javascript.jscomp.DisambiguateProperties renameProperties
INFO: Skipped renaming 0 invalidated properties, 2 instances of properties that were skipped for specific types and 0 properties that were referenced from only one type.
Mar 04, 2017 4:28:02 AM com.google.javascript.jscomp.DisambiguateProperties renameProperties
INFO: Renamed 2 instances of 1 properties.
Mar 04, 2017 4:28:02 AM com.google.javascript.jscomp.DisambiguateProperties renameProperties
INFO: Skipped renaming 0 invalidated properties, 1 instances of properties that were skipped for specific types and 0 properties that were referenced from only one type.
Mar 04, 2017 4:28:02 AM com.google.javascript.jscomp.DisambiguateProperties renameProperties
INFO: Renamed 2 instances of 1 properties.
Mar 04, 2017 4:28:02 AM com.google.javascript.jscomp.DisambiguateProperties renameProperties
INFO: Skipped renaming 0 invalidated properties, 1 instances of properties that were skipped for specific types and 0 properties that were referenced from only one type.
Mar 04, 2017 4:28:02 AM com.google.javascript.jscomp.DisambiguateProperties renameProperties
INFO: Renamed 4 instances of 1 properties.
Mar 04, 2017 4:28:02 AM com.google.javascript.jscomp.DisambiguateProperties renameProperties
INFO: Skipped renaming 0 invalidated properties, 1 instances of properties that were skipped for specific types and 0 properties that were referenced from only one type.
Mar 04, 2017 4:28:02 AM com.google.javascript.jscomp.DisambiguateProperties renameProperties
INFO: Renamed 4 instances of 1 properties.
Mar 04, 2017 4:28:02 AM com.google.javascript.jscomp.DisambiguateProperties renameProperties
INFO: Skipped renaming 0 invalidated properties, 1 instances of properties that were skipped for specific types and 0 properties that were referenced from only one type.
Mar 04, 2017 4:28:02 AM com.google.javascript.jscomp.DisambiguateProperties renameProperties
INFO: Renamed 8 instances of 2 properties.
Mar 04, 2017 4:28:02 AM com.google.javascript.jscomp.DisambiguateProperties renameProperties
INFO: Skipped renaming 0 invalidated properties, 1 instances of properties that were skipped for specific types and 0 properties that were referenced from only one type.
Mar 04, 2017 4:28:02 AM com.google.javascript.jscomp.DisambiguateProperties renameProperties
INFO: Renamed 8 instances of 2 properties.
Mar 04, 2017 4:28:02 AM com.google.javascript.jscomp.DisambiguateProperties renameProperties
INFO: Skipped renaming 0 invalidated properties, 1 instances of properties that were skipped for specific types and 0 properties that were referenced from only one type.
Mar 04, 2017 4:28:02 AM com.google.javascript.jscomp.DisambiguateProperties renameProperties
INFO: Renamed 0 instances of 0 properties.
Mar 04, 2017 4:28:02 AM com.google.javascript.jscomp.DisambiguateProperties renameProperties
INFO: Skipped renaming 0 invalidated properties, 1 instances of properties that were skipped for specific types and 1 properties that were referenced from only one type.
Mar 04, 2017 4:28:02 AM com.google.javascript.jscomp.DisambiguateProperties renameProperties
INFO: Renamed 2 instances of 1 properties.
Mar 04, 2017 4:28:02 AM com.google.javascript.jscomp.DisambiguateProperties renameProperties
INFO: Skipped renaming 0 invalidated properties, 2 instances of properties that were skipped for specific types and 0 properties that were referenced from only one type.
Mar 04, 2017 4:28:02 AM com.google.javascript.jscomp.DisambiguateProperties renameProperties
INFO: Renamed 2 instances of 1 properties.
Mar 04, 2017 4:28:02 AM com.google.javascript.jscomp.DisambiguateProperties renameProperties
INFO: Skipped renaming 0 invalidated properties, 1 instances of properties that were skipped for specific types and 1 properties that were referenced from only one type.
Mar 04, 2017 4:28:03 AM com.google.javascript.jscomp.parsing.ParserRunner parse
INFO: Error parsing  [testcode] : Compilation produced 1 syntax errors. ( [testcode] #1)
Mar 04, 2017 4:28:03 AM com.google.javascript.jscomp.parsing.ParserRunner parse
INFO: Error parsing  [testcode] : Compilation produced 1 syntax errors. ( [testcode] #1)
Mar 04, 2017 4:28:03 AM com.google.javascript.jscomp.parsing.ParserRunner parse
INFO: Error parsing  [testcode] : Compilation produced 1 syntax errors. ( [testcode] #1)
Mar 04, 2017 4:28:03 AM com.google.javascript.jscomp.parsing.ParserRunner parse
INFO: Error parsing  [testcode] : Compilation produced 1 syntax errors. ( [testcode] #1)
Mar 04, 2017 4:28:03 AM com.google.javascript.jscomp.parsing.ParserRunner parse
INFO: Error parsing  [testcode] : Compilation produced 1 syntax errors. ( [testcode] #1)
Mar 04, 2017 4:28:03 AM com.google.javascript.jscomp.parsing.ParserRunner parse
INFO: Error parsing  [testcode] : Compilation produced 1 syntax errors. ( [testcode] #1)
Mar 04, 2017 4:28:03 AM com.google.javascript.jscomp.parsing.ParserRunner parse
INFO: Error parsing  [testcode] : Compilation produced 1 syntax errors. ( [testcode] #1)
Mar 04, 2017 4:28:03 AM com.google.javascript.jscomp.parsing.ParserRunner parse
INFO: Error parsing  [testcode] : Compilation produced 1 syntax errors. ( [testcode] #1)
Mar 04, 2017 4:28:03 AM com.google.javascript.jscomp.parsing.ParserRunner parse
INFO: Error parsing  [testcode] : Compilation produced 1 syntax errors. ( [testcode] #1)
Mar 04, 2017 4:28:04 AM com.google.javascript.jscomp.NameAnonymousFunctions process
INFO: Named 2 anon functions using 13 bytes
Mar 04, 2017 4:28:04 AM com.google.javascript.jscomp.NameAnonymousFunctions process
INFO: Named 0 anon functions using 0 bytes
Mar 04, 2017 4:28:04 AM com.google.javascript.jscomp.NameAnonymousFunctions process
INFO: Named 1 anon functions using 6 bytes
Mar 04, 2017 4:28:04 AM com.google.javascript.jscomp.NameAnonymousFunctions process
INFO: Named 0 anon functions using 0 bytes
Mar 04, 2017 4:28:04 AM com.google.javascript.jscomp.NameAnonymousFunctions process
INFO: Named 1 anon functions using 6 bytes
Mar 04, 2017 4:28:04 AM com.google.javascript.jscomp.NameAnonymousFunctions process
INFO: Named 0 anon functions using 0 bytes
Mar 04, 2017 4:28:04 AM com.google.javascript.jscomp.NameAnonymousFunctions process
INFO: Named 1 anon functions using 8 bytes
Mar 04, 2017 4:28:04 AM com.google.javascript.jscomp.NameAnonymousFunctions process
INFO: Named 0 anon functions using 0 bytes
Mar 04, 2017 4:28:04 AM com.google.javascript.jscomp.NameAnonymousFunctions process
INFO: Named 1 anon functions using 6 bytes
Mar 04, 2017 4:28:04 AM com.google.javascript.jscomp.NameAnonymousFunctions process
INFO: Named 0 anon functions using 0 bytes
Mar 04, 2017 4:28:04 AM com.google.javascript.jscomp.NameAnonymousFunctions process
INFO: Named 1 anon functions using 6 bytes
Mar 04, 2017 4:28:04 AM com.google.javascript.jscomp.NameAnonymousFunctions process
INFO: Named 0 anon functions using 0 bytes
Mar 04, 2017 4:28:04 AM com.google.javascript.jscomp.NameAnonymousFunctions process
INFO: Named 1 anon functions using 3 bytes
Mar 04, 2017 4:28:04 AM com.google.javascript.jscomp.NameAnonymousFunctions process
INFO: Named 0 anon functions using 0 bytes
Mar 04, 2017 4:28:04 AM com.google.javascript.jscomp.NameAnonymousFunctions process
INFO: Named 1 anon functions using 5 bytes
Mar 04, 2017 4:28:04 AM com.google.javascript.jscomp.NameAnonymousFunctions process
INFO: Named 0 anon functions using 0 bytes
Mar 04, 2017 4:28:04 AM com.google.javascript.jscomp.NameAnonymousFunctions process
INFO: Named 2 anon functions using 12 bytes
Mar 04, 2017 4:28:04 AM com.google.javascript.jscomp.NameAnonymousFunctions process
INFO: Named 0 anon functions using 0 bytes
Mar 04, 2017 4:28:04 AM com.google.javascript.jscomp.NameAnonymousFunctions process
INFO: Named 1 anon functions using 15 bytes
Mar 04, 2017 4:28:04 AM com.google.javascript.jscomp.NameAnonymousFunctions process
INFO: Named 0 anon functions using 0 bytes
Mar 04, 2017 4:28:04 AM com.google.javascript.jscomp.NameAnonymousFunctions process
INFO: Named 1 anon functions using 6 bytes
Mar 04, 2017 4:28:04 AM com.google.javascript.jscomp.NameAnonymousFunctions process
INFO: Named 0 anon functions using 0 bytes
Mar 04, 2017 4:28:04 AM com.google.javascript.jscomp.NameAnonymousFunctions process
INFO: Named 1 anon functions using 33 bytes
Mar 04, 2017 4:28:04 AM com.google.javascript.jscomp.NameAnonymousFunctions process
INFO: Named 0 anon functions using 0 bytes
Mar 04, 2017 4:28:04 AM com.google.javascript.jscomp.NameAnonymousFunctions process
INFO: Named 1 anon functions using 9 bytes
Mar 04, 2017 4:28:04 AM com.google.javascript.jscomp.NameAnonymousFunctions process
INFO: Named 0 anon functions using 0 bytes
Mar 04, 2017 4:28:04 AM com.google.javascript.jscomp.NameAnonymousFunctions process
INFO: Named 1 anon functions using 9 bytes
Mar 04, 2017 4:28:04 AM com.google.javascript.jscomp.NameAnonymousFunctions process
INFO: Named 0 anon functions using 0 bytes
Mar 04, 2017 4:28:04 AM com.google.javascript.jscomp.NameAnonymousFunctions process
INFO: Named 1 anon functions using 9 bytes
Mar 04, 2017 4:28:04 AM com.google.javascript.jscomp.NameAnonymousFunctions process
INFO: Named 0 anon functions using 0 bytes
Mar 04, 2017 4:28:04 AM com.google.javascript.jscomp.NameAnonymousFunctions process
INFO: Named 1 anon functions using 9 bytes
Mar 04, 2017 4:28:04 AM com.google.javascript.jscomp.NameAnonymousFunctions process
INFO: Named 0 anon functions using 0 bytes
Closure Compiler (http://code.google.com/closure/compiler)
Version: 1.0-SNAPSHOT
Built on: 2017/03/03 20:27
Mar 04, 2017 4:28:07 AM com.google.javascript.jscomp.LoggerErrorManager println
WARNING: foo.js:1: WARNING - 'foo.bar.goo' used but not goog.require'd

Mar 04, 2017 4:28:07 AM com.google.javascript.jscomp.LoggerErrorManager printSummary
WARNING: 0 error(s), 1 warning(s)
Closure Compiler (http://code.google.com/closure/compiler)
Version: 1.0-SNAPSHOT
Built on: 2017/03/03 20:27
Closure Compiler (http://code.google.com/closure/compiler)
Version: 1.0-SNAPSHOT
Built on: 2017/03/03 20:27
Closure Compiler (http://code.google.com/closure/compiler)
Version: 1.0-SNAPSHOT
Built on: 2017/03/03 20:27
Closure Compiler (http://code.google.com/closure/compiler)
Version: 1.0-SNAPSHOT
Built on: 2017/03/03 20:27
Closure Compiler (http://code.google.com/closure/compiler)
Version: 1.0-SNAPSHOT
Built on: 2017/03/03 20:27
Closure Compiler (http://code.google.com/closure/compiler)
Version: 1.0-SNAPSHOT
Built on: 2017/03/03 20:27
Closure Compiler (http://code.google.com/closure/compiler)
Version: 1.0-SNAPSHOT
Built on: 2017/03/03 20:27
Closure Compiler (http://code.google.com/closure/compiler)
Version: 1.0-SNAPSHOT
Built on: 2017/03/03 20:27
Closure Compiler (http://code.google.com/closure/compiler)
Version: 1.0-SNAPSHOT
Built on: 2017/03/03 20:27
Closure Compiler (http://code.google.com/closure/compiler)
Version: 1.0-SNAPSHOT
Built on: 2017/03/03 20:27
Closure Compiler (http://code.google.com/closure/compiler)
Version: 1.0-SNAPSHOT
Built on: 2017/03/03 20:27
Closure Compiler (http://code.google.com/closure/compiler)
Version: 1.0-SNAPSHOT
Built on: 2017/03/03 20:27
Closure Compiler (http://code.google.com/closure/compiler)
Version: 1.0-SNAPSHOT
Built on: 2017/03/03 20:27
Closure Compiler (http://code.google.com/closure/compiler)
Version: 1.0-SNAPSHOT
Built on: 2017/03/03 20:27
Closure Compiler (http://code.google.com/closure/compiler)
Version: 1.0-SNAPSHOT
Built on: 2017/03/03 20:27
Closure Compiler (http://code.google.com/closure/compiler)
Version: 1.0-SNAPSHOT
Built on: 2017/03/03 20:27
Closure Compiler (http://code.google.com/closure/compiler)
Version: 1.0-SNAPSHOT
Built on: 2017/03/03 20:27
Closure Compiler (http://code.google.com/closure/compiler)
Version: 1.0-SNAPSHOT
Built on: 2017/03/03 20:27
Closure Compiler (http://code.google.com/closure/compiler)
Version: 1.0-SNAPSHOT
Built on: 2017/03/03 20:27
Closure Compiler (http://code.google.com/closure/compiler)
Version: 1.0-SNAPSHOT
Built on: 2017/03/03 20:27
Closure Compiler (http://code.google.com/closure/compiler)
Version: 1.0-SNAPSHOT
Built on: 2017/03/03 20:27
Closure Compiler (http://code.google.com/closure/compiler)
Version: 1.0-SNAPSHOT
Built on: 2017/03/03 20:27
Closure Compiler (http://code.google.com/closure/compiler)
Version: 1.0-SNAPSHOT
Built on: 2017/03/03 20:27
Closure Compiler (http://code.google.com/closure/compiler)
Version: 1.0-SNAPSHOT
Built on: 2017/03/03 20:27
Closure Compiler (http://code.google.com/closure/compiler)
Version: 1.0-SNAPSHOT
Built on: 2017/03/03 20:27
Closure Compiler (http://code.google.com/closure/compiler)
Version: 1.0-SNAPSHOT
Built on: 2017/03/03 20:27
Closure Compiler (http://code.google.com/closure/compiler)
Version: 1.0-SNAPSHOT
Built on: 2017/03/03 20:27
Closure Compiler (http://code.google.com/closure/compiler)
Version: 1.0-SNAPSHOT
Built on: 2017/03/03 20:27
Closure Compiler (http://code.google.com/closure/compiler)
Version: 1.0-SNAPSHOT
Built on: 2017/03/03 20:27
Closure Compiler (http://code.google.com/closure/compiler)
Version: 1.0-SNAPSHOT
Built on: 2017/03/03 20:27
Closure Compiler (http://code.google.com/closure/compiler)
Version: 1.0-SNAPSHOT
Built on: 2017/03/03 20:27
Closure Compiler (http://code.google.com/closure/compiler)
Version: 1.0-SNAPSHOT
Built on: 2017/03/03 20:27
Closure Compiler (http://code.google.com/closure/compiler)
Version: 1.0-SNAPSHOT
Built on: 2017/03/03 20:27
Closure Compiler (http://code.google.com/closure/compiler)
Version: 1.0-SNAPSHOT
Built on: 2017/03/03 20:27
Closure Compiler (http://code.google.com/closure/compiler)
Version: 1.0-SNAPSHOT
Built on: 2017/03/03 20:27
Closure Compiler (http://code.google.com/closure/compiler)
Version: 1.0-SNAPSHOT
Built on: 2017/03/03 20:27
Closure Compiler (http://code.google.com/closure/compiler)
Version: 1.0-SNAPSHOT
Built on: 2017/03/03 20:27
Closure Compiler (http://code.google.com/closure/compiler)
Version: 1.0-SNAPSHOT
Built on: 2017/03/03 20:27
Closure Compiler (http://code.google.com/closure/compiler)
Version: 1.0-SNAPSHOT
Built on: 2017/03/03 20:27
Closure Compiler (http://code.google.com/closure/compiler)
Version: 1.0-SNAPSHOT
Built on: 2017/03/03 20:27
Closure Compiler (http://code.google.com/closure/compiler)
Version: 1.0-SNAPSHOT
Built on: 2017/03/03 20:27
Closure Compiler (http://code.google.com/closure/compiler)
Version: 1.0-SNAPSHOT
Built on: 2017/03/03 20:27
Closure Compiler (http://code.google.com/closure/compiler)
Version: 1.0-SNAPSHOT
Built on: 2017/03/03 20:27
Closure Compiler (http://code.google.com/closure/compiler)
Version: 1.0-SNAPSHOT
Built on: 2017/03/03 20:27
Closure Compiler (http://code.google.com/closure/compiler)
Version: 1.0-SNAPSHOT
Built on: 2017/03/03 20:27
Closure Compiler (http://code.google.com/closure/compiler)
Version: 1.0-SNAPSHOT
Built on: 2017/03/03 20:27
Closure Compiler (http://code.google.com/closure/compiler)
Version: 1.0-SNAPSHOT
Built on: 2017/03/03 20:27
Closure Compiler (http://code.google.com/closure/compiler)
Version: 1.0-SNAPSHOT
Built on: 2017/03/03 20:27
Closure Compiler (http://code.google.com/closure/compiler)
Version: 1.0-SNAPSHOT
Built on: 2017/03/03 20:27
Closure Compiler (http://code.google.com/closure/compiler)
Version: 1.0-SNAPSHOT
Built on: 2017/03/03 20:27
Closure Compiler (http://code.google.com/closure/compiler)
Version: 1.0-SNAPSHOT
Built on: 2017/03/03 20:27
Closure Compiler (http://code.google.com/closure/compiler)
Version: 1.0-SNAPSHOT
Built on: 2017/03/03 20:27
Closure Compiler (http://code.google.com/closure/compiler)
Version: 1.0-SNAPSHOT
Built on: 2017/03/03 20:27
Closure Compiler (http://code.google.com/closure/compiler)
Version: 1.0-SNAPSHOT
Built on: 2017/03/03 20:27
Closure Compiler (http://code.google.com/closure/compiler)
Version: 1.0-SNAPSHOT
Built on: 2017/03/03 20:27
Closure Compiler (http://code.google.com/closure/compiler)
Version: 1.0-SNAPSHOT
Built on: 2017/03/03 20:27
Closure Compiler (http://code.google.com/closure/compiler)
Version: 1.0-SNAPSHOT
Built on: 2017/03/03 20:27
Closure Compiler (http://code.google.com/closure/compiler)
Version: 1.0-SNAPSHOT
Built on: 2017/03/03 20:27
Closure Compiler (http://code.google.com/closure/compiler)
Version: 1.0-SNAPSHOT
Built on: 2017/03/03 20:27
Closure Compiler (http://code.google.com/closure/compiler)
Version: 1.0-SNAPSHOT
Built on: 2017/03/03 20:27
Closure Compiler (http://code.google.com/closure/compiler)
Version: 1.0-SNAPSHOT
Built on: 2017/03/03 20:27
Closure Compiler (http://code.google.com/closure/compiler)
Version: 1.0-SNAPSHOT
Built on: 2017/03/03 20:27
Closure Compiler (http://code.google.com/closure/compiler)
Version: 1.0-SNAPSHOT
Built on: 2017/03/03 20:27
Closure Compiler (http://code.google.com/closure/compiler)
Version: 1.0-SNAPSHOT
Built on: 2017/03/03 20:27
Closure Compiler (http://code.google.com/closure/compiler)
Version: 1.0-SNAPSHOT
Built on: 2017/03/03 20:27
Closure Compiler (http://code.google.com/closure/compiler)
Version: 1.0-SNAPSHOT
Built on: 2017/03/03 20:27
Closure Compiler (http://code.google.com/closure/compiler)
Version: 1.0-SNAPSHOT
Built on: 2017/03/03 20:27
Closure Compiler (http://code.google.com/closure/compiler)
Version: 1.0-SNAPSHOT
Built on: 2017/03/03 20:27
Closure Compiler (http://code.google.com/closure/compiler)
Version: 1.0-SNAPSHOT
Built on: 2017/03/03 20:27
Closure Compiler (http://code.google.com/closure/compiler)
Version: 1.0-SNAPSHOT
Built on: 2017/03/03 20:27
Closure Compiler (http://code.google.com/closure/compiler)
Version: 1.0-SNAPSHOT
Built on: 2017/03/03 20:27
Closure Compiler (http://code.google.com/closure/compiler)
Version: 1.0-SNAPSHOT
Built on: 2017/03/03 20:27
Closure Compiler (http://code.google.com/closure/compiler)
Version: 1.0-SNAPSHOT
Built on: 2017/03/03 20:27
Closure Compiler (http://code.google.com/closure/compiler)
Version: 1.0-SNAPSHOT
Built on: 2017/03/03 20:27
Closure Compiler (http://code.google.com/closure/compiler)
Version: 1.0-SNAPSHOT
Built on: 2017/03/03 20:27
Closure Compiler (http://code.google.com/closure/compiler)
Version: 1.0-SNAPSHOT
Built on: 2017/03/03 20:27
Closure Compiler (http://code.google.com/closure/compiler)
Version: 1.0-SNAPSHOT
Built on: 2017/03/03 20:27
Closure Compiler (http://code.google.com/closure/compiler)
Version: 1.0-SNAPSHOT
Built on: 2017/03/03 20:27
Closure Compiler (http://code.google.com/closure/compiler)
Version: 1.0-SNAPSHOT
Built on: 2017/03/03 20:27
Closure Compiler (http://code.google.com/closure/compiler)
Version: 1.0-SNAPSHOT
Built on: 2017/03/03 20:27
Closure Compiler (http://code.google.com/closure/compiler)
Version: 1.0-SNAPSHOT
Built on: 2017/03/03 20:27
Closure Compiler (http://code.google.com/closure/compiler)
Version: 1.0-SNAPSHOT
Built on: 2017/03/03 20:27
Closure Compiler (http://code.google.com/closure/compiler)
Version: 1.0-SNAPSHOT
Built on: 2017/03/03 20:27
Closure Compiler (http://code.google.com/closure/compiler)
Version: 1.0-SNAPSHOT
Built on: 2017/03/03 20:27
Closure Compiler (http://code.google.com/closure/compiler)
Version: 1.0-SNAPSHOT
Built on: 2017/03/03 20:27
Closure Compiler (http://code.google.com/closure/compiler)
Version: 1.0-SNAPSHOT
Built on: 2017/03/03 20:27
Closure Compiler (http://code.google.com/closure/compiler)
Version: 1.0-SNAPSHOT
Built on: 2017/03/03 20:27
Closure Compiler (http://code.google.com/closure/compiler)
Version: 1.0-SNAPSHOT
Built on: 2017/03/03 20:27
Closure Compiler (http://code.google.com/closure/compiler)
Version: 1.0-SNAPSHOT
Built on: 2017/03/03 20:27
Closure Compiler (http://code.google.com/closure/compiler)
Version: 1.0-SNAPSHOT
Built on: 2017/03/03 20:27
Closure Compiler (http://code.google.com/closure/compiler)
Version: 1.0-SNAPSHOT
Built on: 2017/03/03 20:27
Closure Compiler (http://code.google.com/closure/compiler)
Version: 1.0-SNAPSHOT
Built on: 2017/03/03 20:27
Closure Compiler (http://code.google.com/closure/compiler)
Version: 1.0-SNAPSHOT
Built on: 2017/03/03 20:27
Closure Compiler (http://code.google.com/closure/compiler)
Version: 1.0-SNAPSHOT
Built on: 2017/03/03 20:27
Closure Compiler (http://code.google.com/closure/compiler)
Version: 1.0-SNAPSHOT
Built on: 2017/03/03 20:27
Command exited with non-zero status 255
3951.10user 385.72system 59:14.04elapsed 122%CPU (0avgtext+0avgdata 4608256maxresident)k
0inputs+161584outputs (0major+2579177minor)pagefaults 0swaps
