export PATH="/home/tdurieux/defects4j/framework/bin:$PATH";export JAVA_TOOL_OPTIONS=-Dfile.encoding=UTF8;export PATH="/usr/lib/jvm/java-1.7.0-openjdk-amd64/bin/:$PATH";cp -r /home/tdurieux/projects/math/math_91 /tmp/math_91_Genprog;cd /tmp/math_91_Genprog;defects4j compile;mkdir lib/;cp -r /home/tdurieux/defects4j/framework/projects/lib/* lib/;cp -r /home/tdurieux/defects4j/framework/projects/Math/lib/* lib/;find . -type f -name "package-info.java" -delete;
/home/tdurieux/defects4j-repair/src/python/core/../../../results/2015-august/Math/91/Genprog/result
cd /tmp/math_91_Genprog;export JAVA_TOOL_OPTIONS=-Dfile.encoding=UTF8;export PATH="/usr/lib/jvm/java-1.7.0-openjdk-amd64/bin/:$PATH";time java  -cp /home/tdurieux/defects4j-repair/src/python/core/../../..//libs/astor.jar fr.inria.main.evolution.MainjGenProg -mode statement -location . -dependencies lib/ -failing org.apache.commons.math.fraction.FractionTest: -package org.apache.commons -jvm4testexecution /usr/lib/jvm/java-1.7.0-openjdk-amd64/bin/ -javacompliancelevel 6 -maxgen 1000000 -seed 10 -maxtime 60  -scope local  -stopfirst true -flthreshold 0.1 -population 1 -srcjavafolder src/java/ -srctestfolder src/test/ -binjavafolder target/classes/ -bintestfolder target/test-classes/;echo "

Node: `hostname`
";echo "
Date: `date`
";rm -rf /tmp/math_91_Genprog;

2015-08-24 21:11:19,998 INFO main - End Repair Loops: NOT Found solution
2015-08-24 21:11:19,998 INFO main - 
Number solutions:0
2015-08-24 21:11:19,998 INFO main - 
All variants:
2015-08-24 21:11:19,998 INFO main - f 1.0, [Variant id: 2079, #gens: 28, #ops: 0, parent:-]
2015-08-24 21:11:19,998 INFO main - --Space: LOCAL
org.apache.commons.math.fraction.Fraction=146|,org.apache.commons.math.util.MathUtils=281|,
2015-08-24 21:11:19,998 INFO main - 
----stats: 
2015-08-24 21:11:19,998 INFO main - 
spaces navigation: [80]: {(CtLocalVariableImpl| size: 281| compiles| LOCAL| INSERT_AFTER) =17, (CtAssignmentImpl| size: 281| compiles| LOCAL| INSERT_BEFORE) =16, (CtLocalVariableImpl| size: 32| compiles| LOCAL| REPLACE) =15, (CtAssignmentImpl| size: 146| alreadyanalyzed| LOCAL| INSERT_BEFORE) =31, (CtIfImpl| size: 281| notcompiles| LOCAL| INSERT_BEFORE) =59, (CtLocalVariableImpl| size: 281| notcompiles| LOCAL| INSERT_AFTER) =40, (CtIfImpl| size: 32| notcompiles| LOCAL| REPLACE) =59, (CtLocalVariableImpl| size: 146| compiles| LOCAL| INSERT_BEFORE) =73, (CtAssignmentImpl| size: 36| compiles| LOCAL| REPLACE) =7, (CtWhileImpl| size: 2| notcompiles| LOCAL| REPLACE) =1, (CtLocalVariableImpl| size: 33| compiles| LOCAL| REPLACE) =58, (CtAssignmentImpl| size: 281| compiles| LOCAL| INSERT_AFTER) =25, (CtIfImpl| size: 281| compiles| LOCAL| INSERT_AFTER) =20, (CtLocalVariableImpl| size: 281| alreadyanalyzed| LOCAL| INSERT_AFTER) =8, (CtReturnImpl| size: 24| notcompiles| LOCAL| REPLACE) =8, (CtReturnImpl| size: 146| compiles| LOCAL| INSERT_BEFORE) =20, (CtIfImpl| size: 76| alreadyanalyzed| LOCAL| REPLACE) =209, (CtAssignmentImpl| size: 36| alreadyanalyzed| LOCAL| REPLACE) =347, (CtIfImpl| size: 32| compiles| LOCAL| REPLACE) =28, (CtWhileImpl| size: 281| notcompiles| LOCAL| INSERT_AFTER) =11, (CtLocalVariableImpl| size: 281| alreadyanalyzed| LOCAL| INSERT_BEFORE) =1, (CtAssignmentImpl| size: 281| notcompiles| LOCAL| INSERT_AFTER) =45, (CtReturnImpl| size: 24| alreadyanalyzed| LOCAL| REPLACE) =47, (CtReturnImpl| size: 281| notcompiles| LOCAL| INSERT_BEFORE) =2, (CtAssignmentImpl| size: 146| notcompiles| LOCAL| INSERT_AFTER) =41, (CtReturnImpl| size: 146| notcompiles| LOCAL| INSERT_BEFORE) =21, (CtAssignmentImpl| size: 29| alreadyanalyzed| LOCAL| REPLACE) =1099, (CtIfImpl| size: 146| alreadyanalyzed| LOCAL| INSERT_AFTER) =16, (CtReturnImpl| size: 146| compiles| LOCAL| INSERT_AFTER) =26, (CtIfImpl| size: 281| alreadyanalyzed| LOCAL| INSERT_AFTER) =5, (CtAssignmentImpl| size: 281| alreadyanalyzed| LOCAL| INSERT_AFTER) =9, (CtReturnImpl| size: 77| notcompiles| LOCAL| REPLACE) =10, (CtAssignmentImpl| size: 29| notcompiles| LOCAL| REPLACE) =46, (CtIfImpl| size: 146| compiles| LOCAL| INSERT_AFTER) =66, (CtOperatorAssignmentImpl| size: 281| compiles| LOCAL| INSERT_BEFORE) =3, (CtReturnImpl| size: 146| alreadyanalyzed| LOCAL| INSERT_AFTER) =6, (CtWhileImpl| size: 281| compiles| LOCAL| INSERT_BEFORE) =9, (CtReturnImpl| size: 281| notcompiles| LOCAL| INSERT_AFTER) =7, (CtLocalVariableImpl| size: 146| alreadyanalyzed| LOCAL| INSERT_AFTER) =33, (CtIfImpl| size: 146| alreadyanalyzed| LOCAL| INSERT_BEFORE) =32, (CtLocalVariableImpl| size: 281| compiles| LOCAL| INSERT_BEFORE) =11, (CtLocalVariableImpl| size: 146| notcompiles| LOCAL| INSERT_BEFORE) =82, (CtWhileImpl| size: 2| compiles| LOCAL| REPLACE) =1, (CtOperatorAssignmentImpl| size: 281| compiles| LOCAL| INSERT_AFTER) =2, (CtAssignmentImpl| size: 146| notcompiles| LOCAL| INSERT_BEFORE) =54, (CtReturnImpl| size: 281| compiles| LOCAL| INSERT_BEFORE) =3, (CtAssignmentImpl| size: 146| compiles| LOCAL| INSERT_AFTER) =54, (CtIfImpl| size: 76| compiles| LOCAL| REPLACE) =10, (CtLocalVariableImpl| size: 281| notcompiles| LOCAL| INSERT_BEFORE) =29, (CtLocalVariableImpl| size: 33| alreadyanalyzed| LOCAL| REPLACE) =48, (CtOperatorAssignmentImpl| size: 7| notcompiles| LOCAL| REPLACE) =3, (CtReturnImpl| size: 146| alreadyanalyzed| LOCAL| INSERT_BEFORE) =7, (CtLocalVariableImpl| size: 146| notcompiles| LOCAL| INSERT_AFTER) =69, (CtLocalVariableImpl| size: 146| alreadyanalyzed| LOCAL| INSERT_BEFORE) =38, (CtWhileImpl| size: 2| alreadyanalyzed| LOCAL| REPLACE) =9, (CtIfImpl| size: 146| notcompiles| LOCAL| INSERT_BEFORE) =70, (CtAssignmentImpl| size: 146| compiles| LOCAL| INSERT_BEFORE) =53, (CtIfImpl| size: 146| compiles| LOCAL| INSERT_BEFORE) =80, (CtOperatorAssignmentImpl| size: 281| notcompiles| LOCAL| INSERT_AFTER) =6, (CtIfImpl| size: 281| alreadyanalyzed| LOCAL| INSERT_BEFORE) =5, (CtOperatorAssignmentImpl| size: 281| notcompiles| LOCAL| INSERT_BEFORE) =6, (CtAssignmentImpl| size: 281| notcompiles| LOCAL| INSERT_BEFORE) =25, (CtAssignmentImpl| size: 281| alreadyanalyzed| LOCAL| INSERT_BEFORE) =1, (CtReturnImpl| size: 24| compiles| LOCAL| REPLACE) =20, (CtOperatorAssignmentImpl| size: 7| compiles| LOCAL| REPLACE) =2, (CtLocalVariableImpl| size: 146| compiles| LOCAL| INSERT_AFTER) =76, (CtAssignmentImpl| size: 36| notcompiles| LOCAL| REPLACE) =66, (CtOperatorAssignmentImpl| size: 7| alreadyanalyzed| LOCAL| REPLACE) =19, (CtReturnImpl| size: 77| compiles| LOCAL| REPLACE) =2, (CtAssignmentImpl| size: 29| compiles| LOCAL| REPLACE) =8, (CtReturnImpl| size: 281| compiles| LOCAL| INSERT_AFTER) =5, (CtIfImpl| size: 281| notcompiles| LOCAL| INSERT_AFTER) =48, (CtAssignmentImpl| size: 146| alreadyanalyzed| LOCAL| INSERT_AFTER) =38, (CtWhileImpl| size: 281| notcompiles| LOCAL| INSERT_BEFORE) =17, (CtIfImpl| size: 76| notcompiles| LOCAL| REPLACE) =219, (CtIfImpl| size: 146| notcompiles| LOCAL| INSERT_AFTER) =53, (CtIfImpl| size: 32| alreadyanalyzed| LOCAL| REPLACE) =1612, (CtReturnImpl| size: 146| notcompiles| LOCAL| INSERT_AFTER) =33, (CtIfImpl| size: 281| compiles| LOCAL| INSERT_BEFORE) =26, (CtWhileImpl| size: 281| compiles| LOCAL| INSERT_AFTER) =6}
#gen: 1039
#patches: 0
#RightCompilation: 375
#WrongCompilation: 664
#FailingTestCaseExecution: 376
#RegressionTestExecution: 0
#TestcasesExecutedval1: 6636
#TestcasesExecutedval2: 0
#FailingTestCase: 21
#RegressionTestCases: 0
#OfAppliedOp: 1039
#NotAppliedOp: 0
#InmutatedGen: 108
#unfinishValidation: 0
#ing {CtLocalVariableImpl=335, CtAssignmentImpl=284, CtReturnImpl=111, CtOperatorAssignmentImpl=11, CtIfImpl=379, CtWhileImpl=27}
#untilcompile {1=268, 70=1, 2=170, 3=82, 64=1, 4=54, 5=28, 6=25, 7=20, 76=2, 8=13, 9=6, 78=1, 10=6, 11=3, 73=1, 13=1, 15=2, 19=1, 21=1, 20=1, 22=2, 26=1, 94=1, 29=13, 28=2, 31=6, 30=5, 34=7, 35=5, 32=14, 33=12, 38=3, 39=1, 36=3, 37=3, 40=1, 41=1, 47=1, 104=1, 45=1, 54=1, 127=1, 59=1, 61=2}
2015-08-24 21:11:19,999 INFO main - Time Evolution(ms): 3700797
2015-08-24 21:11:19,999 INFO fr.inria.main.AbstractMain - Time Total(ms): 3724989


Node: graphene-16.nancy.grid5000.fr


Date: Mon Aug 24 23:11:20 CEST 2015


