export PATH="/home/tdurieux/defects4j/framework/bin:$PATH";export JAVA_TOOL_OPTIONS=-Dfile.encoding=UTF8;export PATH="/usr/lib/jvm/java-1.7.0-openjdk-amd64/bin/:$PATH";cp -r /home/tdurieux/projects/math/math_99 /tmp/math_99_Genprog;cd /tmp/math_99_Genprog;defects4j compile;mkdir lib/;cp -r /home/tdurieux/defects4j/framework/projects/lib/* lib/;cp -r /home/tdurieux/defects4j/framework/projects/Math/lib/* lib/;find . -type f -name "package-info.java" -delete;
/home/tdurieux/defects4j-repair/src/python/core/../../../results/2015-august/Math/99/Genprog/result
cd /tmp/math_99_Genprog;export JAVA_TOOL_OPTIONS=-Dfile.encoding=UTF8;export PATH="/usr/lib/jvm/java-1.7.0-openjdk-amd64/bin/:$PATH";time java  -cp /home/tdurieux/defects4j-repair/src/python/core/../../..//libs/astor.jar fr.inria.main.evolution.MainjGenProg -mode statement -location . -dependencies lib/ -failing org.apache.commons.math.analysis.BrentSolverTest: -package org.apache.commons -jvm4testexecution /usr/lib/jvm/java-1.7.0-openjdk-amd64/bin/ -javacompliancelevel 3 -maxgen 1000000 -seed 10 -maxtime 60  -scope local  -stopfirst true -flthreshold 0.1 -population 1 -srcjavafolder src/java/ -srctestfolder src/test/ -binjavafolder target/classes/ -bintestfolder target/test-classes/;echo "

Node: `hostname`
";echo "
Date: `date`
";rm -rf /tmp/math_99_Genprog;

2015-08-24 21:14:34,042 INFO main - End Repair Loops: NOT Found solution
2015-08-24 21:14:34,042 INFO main - 
Number solutions:0
2015-08-24 21:14:34,042 INFO main - 
All variants:
2015-08-24 21:14:34,042 INFO main - f 1.0, [Variant id: 36553, #gens: 4, #ops: 0, parent:-]
2015-08-24 21:14:34,042 INFO main - --Space: LOCAL
org.apache.commons.math.analysis.BrentSolver=83|,org.apache.commons.math.analysis.UnivariateRealSolverImpl=47|,
2015-08-24 21:14:34,042 INFO main - 
----stats: 
2015-08-24 21:14:34,042 INFO main - 
spaces navigation: [34]: {(CtReturnImpl| size: 47| alreadyanalyzed| LOCAL| INSERT_AFTER) =131537, (CtThrowImpl| size: 3| alreadyanalyzed| LOCAL| REPLACE) =10991, (CtReturnImpl| size: 83| alreadyanalyzed| LOCAL| INSERT_BEFORE) =239394, (CtReturnImpl| size: 8| compiles| LOCAL| REPLACE) =5, (CtReturnImpl| size: 8| alreadyanalyzed| LOCAL| REPLACE) =23099, (CtInvocationImpl| size: 8| compiles| LOCAL| REPLACE) =1, (CtInvocationImpl| size: 83| compiles| LOCAL| INSERT_BEFORE) =27, (CtInvocationImpl| size: 8| alreadyanalyzed| LOCAL| REPLACE) =24293, (CtReturnImpl| size: 83| compiles| LOCAL| INSERT_BEFORE) =28, (CtReturnImpl| size: 83| notcompiles| LOCAL| INSERT_AFTER) =39, (CtThrowImpl| size: 83| alreadyanalyzed| LOCAL| INSERT_AFTER) =300816, (CtInvocationImpl| size: 83| alreadyanalyzed| LOCAL| INSERT_AFTER) =245688, (CtInvocationImpl| size: 83| alreadyanalyzed| LOCAL| INSERT_BEFORE) =247703, (CtReturnImpl| size: 47| notcompiles| LOCAL| INSERT_AFTER) =15, (CtInvocationImpl| size: 8| notcompiles| LOCAL| REPLACE) =5, (CtThrowImpl| size: 83| alreadyanalyzed| LOCAL| INSERT_BEFORE) =294938, (CtReturnImpl| size: 83| notcompiles| LOCAL| INSERT_BEFORE) =39, (CtThrowImpl| size: 3| notcompiles| LOCAL| REPLACE) =1, (CtReturnImpl| size: 47| compiles| LOCAL| INSERT_AFTER) =30, (CtReturnImpl| size: 83| alreadyanalyzed| LOCAL| INSERT_AFTER) =253317, (CtReturnImpl| size: 9| notcompiles| LOCAL| REPLACE) =4, (CtReturnImpl| size: 8| notcompiles| LOCAL| REPLACE) =2, (CtReturnImpl| size: 83| compiles| LOCAL| INSERT_AFTER) =28, (CtInvocationImpl| size: 83| notcompiles| LOCAL| INSERT_AFTER) =40, (CtThrowImpl| size: 83| notcompiles| LOCAL| INSERT_BEFORE) =47, (CtReturnImpl| size: 47| notcompiles| LOCAL| INSERT_BEFORE) =15, (CtThrowImpl| size: 83| compiles| LOCAL| INSERT_AFTER) =19, (CtReturnImpl| size: 47| alreadyanalyzed| LOCAL| INSERT_BEFORE) =137380, (CtInvocationImpl| size: 83| notcompiles| LOCAL| INSERT_BEFORE) =40, (CtThrowImpl| size: 83| compiles| LOCAL| INSERT_BEFORE) =19, (CtInvocationImpl| size: 83| compiles| LOCAL| INSERT_AFTER) =27, (CtReturnImpl| size: 47| compiles| LOCAL| INSERT_BEFORE) =30, (CtReturnImpl| size: 9| alreadyanalyzed| LOCAL| REPLACE) =26996, (CtThrowImpl| size: 83| notcompiles| LOCAL| INSERT_AFTER) =47}
#gen: 18276
#patches: 0
#RightCompilation: 9642
#WrongCompilation: 2826
#FailingTestCaseExecution: 9643
#RegressionTestExecution: 0
#TestcasesExecutedval1: 48215
#TestcasesExecutedval2: 0
#FailingTestCase: 5
#RegressionTestCases: 0
#OfAppliedOp: 12468
#NotAppliedOp: 0
#InmutatedGen: 37353
#unfinishValidation: 0
#ing {CtReturnImpl=23364, CtInvocationImpl=12022, CtThrowImpl=14435}
#untilcompile {1=31, 139=100, 2=22, 138=112, 3=515, 141=298, 4=13, 5=16, 140=1, 6=7, 142=282, 7=3, 8=438, 9=238, 10=8, 130=433, 11=122, 133=162, 12=76, 13=4, 14=10, 15=3, 17=77, 16=36, 19=20, 257=599, 20=42, 23=2, 22=2, 25=10, 24=1, 147=298, 148=1, 29=1, 149=1, 28=81, 31=1, 30=1, 34=1, 169=94, 33=1, 175=90, 174=290, 173=1, 36=2, 172=1, 40=1, 47=389, 166=643, 50=119, 48=1, 55=38, 191=1, 59=31, 296=1118, 58=41, 56=40, 177=292, 182=268, 183=273, 64=9, 67=135, 78=1, 85=2, 221=601, 84=3, 222=597, 87=1, 86=333, 216=562, 83=1798, 93=4, 213=353, 92=200, 95=51, 94=132, 88=2, 91=408, 102=139, 103=135, 100=104, 98=2, 99=58, 96=3, 97=1, 108=134, 106=2, 249=188}
2015-08-24 21:14:34,042 INFO main - Time Evolution(ms): 3660057
2015-08-24 21:14:34,042 INFO fr.inria.main.AbstractMain - Time Total(ms): 3679020


Node: graphene-24.nancy.grid5000.fr


Date: Mon Aug 24 23:14:34 CEST 2015


