cd /tmp/chart_17_Brutpol;export JAVA_TOOL_OPTIONS=-Dfile.encoding=UTF8;TZ="America/New_York"; export TZexport PATH="/usr/lib/jvm/java-1.7.0-openjdk-amd64/bin/:$PATH";cp -r /home/tdurieux/dynamoth-experiments/src/python/core/../../../libs/z3 lib/z3;time java -d64 -Xmx4g -Xms1g -XX:MaxPermSize=1024m -XX:+UseConcMarkSweepGC -XX:+CMSPermGenSweepingEnabled -XX:+CMSClassUnloadingEnabled -cp /home/tdurieux/dynamoth-experiments/src/python/core/../../..//libs/nopol.jar:/usr/lib/jvm/java-1.7.0-openjdk-amd64/bin//../lib/tools.jar fr.inria.lille.repair.Main --flocal gzoltar  --maxTime 300  --json  --mode repair --type pre_then_cond --oracle angelic --synthesis dynamoth --solver z3 --solver-path /home/tdurieux/dynamoth-experiments/src/python/core/../../..//libs/z3/z3 --complianceLevel 4 --source /tmp/chart_17_Brutpol/source/ --classpath /tmp/chart_17_Brutpol/build/:/tmp/chart_17_Brutpol/build-tests/:/tmp/chart_17_Brutpol/lib/cobertura-lib/servlet-api-2.5-6.1.14.jar:/tmp/chart_17_Brutpol/lib/servlet.jar:/home/tdurieux/dynamoth-experiments/src/python/core/../../..//libs/nopol.jar;echo "

Node: `hostname`
";echo "
Date: `date`
";

04:00:55.697 [pool-2-thread-1] INFO  fr.inria.lille.repair.nopol.NoPol - Nb classes : 579
04:00:55.697 [pool-2-thread-1] INFO  fr.inria.lille.repair.nopol.NoPol - Nb methods : 6214
04:00:55.697 [pool-2-thread-1] INFO  fr.inria.lille.repair.nopol.NoPol - Nb Statements Analyzed : 1
04:00:55.697 [pool-2-thread-1] INFO  fr.inria.lille.repair.nopol.NoPol - Nb Statements with Angelic Value Found : 1
04:00:55.697 [pool-2-thread-1] INFO  fr.inria.lille.repair.nopol.NoPol - NoPol Execution time : 51469ms
04:00:55.697 [pool-2-thread-1] INFO  fr.inria.lille.repair.nopol.NoPol - ----PATCH FOUND----
04:00:55.697 [pool-2-thread-1] INFO  fr.inria.lille.repair.nopol.NoPol - end == 0
04:00:55.905 [pool-2-thread-1] INFO  fr.inria.lille.repair.nopol.NoPol - Nb test that executes the patch: 4
04:00:55.906 [pool-2-thread-1] INFO  fr.inria.lille.repair.nopol.NoPol - org.jfree.data.time.TimeSeries:880: PRECONDITION
04:00:55.979 [pool-2-thread-1] INFO  fr.inria.lille.repair.nopol.NoPol - --- /tmp/chart_17_Brutpol/source/org/jfree/data/time/TimeSeries.java
+++ /tmp/chart_17_Brutpol/source/org/jfree/data/time/TimeSeries.java
@@ -879,3 +879,5 @@
         if (end < start) {
-            throw new IllegalArgumentException("Requires start <= end.");
+            if (end == 0) {
+                throw new IllegalArgumentException("Requires start <= end.");
+            }
         }



Node: griffon-28.nancy.grid5000.fr


Date: Sun Mar  5 05:00:56 CET 2017


