/tmp/closure_29_NopolPC
export PATH="/home/tdurieux/defects4j/framework/bin:$PATH";export JAVA_TOOL_OPTIONS=-Dfile.encoding=UTF8;export PATH="/usr/lib/jvm/java-1.7.0-openjdk-amd64/bin/:$PATH";cd /home/tdurieux/projects/closure/closure_29;defects4j compile;cp -r /home/tdurieux/projects/closure/closure_29 /tmp/closure_29_NopolPC;cd /tmp/closure_29_NopolPC;mkdir lib/;cp -r /home/tdurieux/defects4j/framework/projects/lib/* lib/;cp -r /home/tdurieux/defects4j/framework/projects/Closure/lib/* lib/;find . -type f -name "package-info.java" -delete;
cd /tmp/closure_29_NopolPC;export JAVA_TOOL_OPTIONS=-Dfile.encoding=UTF8;TZ="America/New_York"; export TZexport PATH="/usr/lib/jvm/java-1.7.0-openjdk-amd64/bin/:$PATH";cp -r /home/tdurieux/defects4j-repair/src/python/core/../../../libs/z3 lib/z3;time java -Xmx4096m -cp /home/tdurieux/defects4j-repair/src/python/core/../../..//libs/nopol.jar:/usr/lib/jvm/java-1.7.0-openjdk-amd64/bin//../lib/tools.jar fr.inria.lille.repair.Main --mode repair --type precondition --oracle angelic --synthesis smt --solver z3 --solver-path /home/tdurieux/defects4j-repair/src/python/core/../../..//libs/z3/z3 --complianceLevel 6 --source /tmp/closure_29_NopolPC/src/ --classpath /tmp/closure_29_NopolPC/build/classes:/tmp/closure_29_NopolPC/build/test:/tmp/closure_29_NopolPC/build/lib/rhino.jar:/tmp/closure_29_NopolPC/lib/ant.jar:/tmp/closure_29_NopolPC/lib/ant-launcher.jar:/tmp/closure_29_NopolPC/lib/args4j.jar:/tmp/closure_29_NopolPC/lib/guava.jar:/tmp/closure_29_NopolPC/lib/jarjar.jar:/tmp/closure_29_NopolPC/lib/json.jar:/tmp/closure_29_NopolPC/lib/jsr305.jar:/tmp/closure_29_NopolPC/lib/junit.jar:/tmp/closure_29_NopolPC/lib/caja-r4314.jar:/tmp/closure_29_NopolPC/lib/protobuf-java.jar:/home/tdurieux/defects4j-repair/src/python/core/../../..//libs/nopol.jar;echo "

Node: `hostname`
";echo "
Date: `date`
";rm -rf /tmp/closure_29_NopolPC;

Nb classes : 405
Nb methods : 4685
Nb statement executed by the passing tests of the patched line: 0
Nb statement executed by the failing tests of the patched line: 0
Nb statements: 42153
Nb unit tests : 7491
Nb Statements Analyzed : 7
Nb Statements with Angelic Value Found : 1
Nb inputs in SMT : 8
Nb SMT level: 3
Nb SMT components: [7] [== of arity: 2, != of arity: 2, < of arity: 2, <= of arity: 2, ! of arity: 1, || of arity: 2, && of arity: 2]
                  class java.lang.Boolean: 7
Nb variables in SMT : 77
Nb run failing test  : [2, 2, 2, 2]
Nb run passing test : [13, 13, 13, 35]
NoPol Execution time : 458328ms
----PATCH FOUND----
com.google.javascript.rhino.Node:1430: PRECONDITION (com.google.javascript.rhino.Node.IS_NAMESPACE == com.google.javascript.rhino.Node.FLAG_THIS_UNMODIFIED) || (!((com.google.javascript.rhino.Node.this.propListHead!=null) && (node2.parent!=null)))


Node: griffon-1.nancy.grid5000.fr


Date: Mon May 16 21:11:30 CEST 2016


