cd /tmp/closure_38_Nopol;export JAVA_TOOL_OPTIONS=-Dfile.encoding=UTF8;TZ="America/New_York"; export TZexport PATH="/usr/lib/jvm/java-1.7.0-openjdk-amd64/bin/:$PATH";cp -r /home/tdurieux/dynamoth-experiments/src/python/core/../../../libs/z3 lib/z3;time java -d64 -Xmx4g -Xms1g -XX:MaxPermSize=1024m -XX:+UseConcMarkSweepGC -XX:+CMSPermGenSweepingEnabled -XX:+CMSClassUnloadingEnabled -cp /home/tdurieux/dynamoth-experiments/src/python/core/../../..//libs/nopol.jar:/usr/lib/jvm/java-1.7.0-openjdk-amd64/bin//../lib/tools.jar fr.inria.lille.repair.Main --flocal gzoltar  --maxTime 300  --json  --mode repair --type pre_then_cond --oracle angelic --synthesis smt --solver z3 --solver-path /home/tdurieux/dynamoth-experiments/src/python/core/../../..//libs/z3/z3 --complianceLevel 6 --source /tmp/closure_38_Nopol/src/ --classpath /tmp/closure_38_Nopol/build/classes:/tmp/closure_38_Nopol/build/test:/tmp/closure_38_Nopol/build/lib/rhino.jar:/tmp/closure_38_Nopol/lib/ant.jar:/tmp/closure_38_Nopol/lib/ant-launcher.jar:/tmp/closure_38_Nopol/lib/args4j.jar:/tmp/closure_38_Nopol/lib/guava.jar:/tmp/closure_38_Nopol/lib/jarjar.jar:/tmp/closure_38_Nopol/lib/json.jar:/tmp/closure_38_Nopol/lib/jsr305.jar:/tmp/closure_38_Nopol/lib/junit.jar:/tmp/closure_38_Nopol/lib/caja-r4314.jar:/tmp/closure_38_Nopol/lib/protobuf-java.jar:/home/tdurieux/dynamoth-experiments/src/python/core/../../..//libs/nopol.jar;echo "

Node: `hostname`
";echo "
Date: `date`
";

13:27:46.465 [pool-2-thread-1] INFO  fr.inria.lille.repair.nopol.NoPol - Nb classes : 395
13:27:46.466 [pool-2-thread-1] INFO  fr.inria.lille.repair.nopol.NoPol - Nb methods : 4556
13:27:46.466 [pool-2-thread-1] INFO  fr.inria.lille.repair.nopol.NoPol - Nb Statements Analyzed : 26
13:27:46.466 [pool-2-thread-1] INFO  fr.inria.lille.repair.nopol.NoPol - Nb Statements with Angelic Value Found : 1
13:27:46.466 [pool-2-thread-1] INFO  fr.inria.lille.repair.nopol.NoPol - Nb inputs in SMT : 1173
13:27:46.466 [pool-2-thread-1] INFO  fr.inria.lille.repair.nopol.NoPol - Nb SMT level: 1
13:27:46.466 [pool-2-thread-1] INFO  fr.inria.lille.repair.nopol.NoPol - Nb SMT components: [0] []
13:27:46.466 [pool-2-thread-1] INFO  fr.inria.lille.repair.nopol.NoPol - Nb variables in SMT : 17
13:27:46.466 [pool-2-thread-1] INFO  fr.inria.lille.repair.nopol.NoPol - NoPol Execution time : 193661ms
13:27:46.466 [pool-2-thread-1] INFO  fr.inria.lille.repair.nopol.NoPol - ----PATCH FOUND----
13:27:46.466 [pool-2-thread-1] INFO  fr.inria.lille.repair.nopol.NoPol - (prev == '-')
13:27:49.284 [pool-2-thread-1] INFO  fr.inria.lille.repair.nopol.NoPol - Nb test that executes the patch: 1665
13:27:49.284 [pool-2-thread-1] INFO  fr.inria.lille.repair.nopol.NoPol - com.google.javascript.jscomp.CodeConsumer:245: CONDITIONAL
13:27:49.301 [pool-2-thread-1] INFO  fr.inria.lille.repair.nopol.NoPol - --- /tmp/closure_38_Nopol/src/com/google/javascript/jscomp/CodeConsumer.java
+++ /tmp/closure_38_Nopol/src/com/google/javascript/jscomp/CodeConsumer.java
@@ -244,3 +244,3 @@
     boolean negativeZero = isNegativeZero(x);
-    if (x < 0 && prev == '-') {
+    if ((prev == '-')) {
       add(" ");

PATCH


Node: graphene-49.nancy.grid5000.fr


Date: Thu Mar  9 14:27:52 CET 2017


