export PATH="/home/tdurieux/defects4j/framework/bin:$PATH";export JAVA_TOOL_OPTIONS=-Dfile.encoding=UTF8;export PATH="/usr/lib/jvm/java-1.7.0-openjdk-amd64/bin/:$PATH";cp -r /home/tdurieux/projects/lang/lang_40 /tmp/lang_40_Genprog;cd /tmp/lang_40_Genprog;defects4j compile;mkdir lib/;cp -r /home/tdurieux/defects4j/framework/projects/lib/* lib/;cp -r /home/tdurieux/defects4j/framework/projects/Lang/lib/* lib/;find . -type f -name "package-info.java" -delete;
/home/tdurieux/defects4j-repair/src/python/core/../../../results/2015-august/Lang/40/Genprog/result
cd /tmp/lang_40_Genprog;export JAVA_TOOL_OPTIONS=-Dfile.encoding=UTF8;TZ="America/New_York"; export TZexport PATH="/usr/lib/jvm/java-1.7.0-openjdk-amd64/bin/:$PATH";time java  -cp /home/tdurieux/defects4j-repair/src/python/core/../../..//libs/astor.jar fr.inria.main.evolution.MainjGenProg -mode statement -location . -dependencies lib/ -failing org.apache.commons.lang.StringUtilsEqualsIndexOfTest: -package org.apache.commons -jvm4testexecution /usr/lib/jvm/java-1.7.0-openjdk-amd64/bin/ -javacompliancelevel 5 -maxgen 1000000 -seed 10 -maxtime 60  -scope local  -stopfirst true -flthreshold 0.1 -population 1 -srcjavafolder src/java/ -srctestfolder src/test/ -binjavafolder target/classes/ -bintestfolder target/test-classes/;echo "

Node: `hostname`
";echo "
Date: `date`
";rm -rf /tmp/lang_40_Genprog;

2015-08-24 23:35:43,995 INFO main - End Repair Loops: NOT Found solution
2015-08-24 23:35:43,995 INFO main - 
Number solutions:0
2015-08-24 23:35:43,995 INFO main - 
All variants:
2015-08-24 23:35:43,995 INFO main - f 114.0, [Variant id: 915, #gens: 27, #ops: 0, parent:-]
2015-08-24 23:35:43,995 INFO main - --Space: LOCAL
org.apache.commons.lang.text.StrTokenizer=229|,org.apache.commons.lang.builder.ReflectionToStringBuilder=68|,org.apache.commons.lang.builder.ToStringBuilder=126|,org.apache.commons.lang.ObjectUtils=26|,org.apache.commons.lang.builder.ToStringStyle=393|,org.apache.commons.lang.text.StrMatcher=45|,
2015-08-24 23:35:43,995 INFO main - 
----stats: 
2015-08-24 23:35:43,995 INFO main - 
spaces navigation: [69]: {(CtInvocationImpl| size: 393| compiles| LOCAL| INSERT_BEFORE) =35, (CtInvocationImpl| size: 393| alreadyanalyzed| LOCAL| INSERT_BEFORE) =3, (CtAssignmentImpl| size: 229| compiles| LOCAL| INSERT_AFTER) =7, (CtIfImpl| size: 82| alreadyanalyzed| LOCAL| REPLACE) =43, (CtInvocationImpl| size: 225| compiles| LOCAL| REPLACE) =36, (CtAssignmentImpl| size: 28| compiles| LOCAL| REPLACE) =11, (CtBreakImpl| size: 393| compiles| LOCAL| INSERT_AFTER) =3, (CtAssignmentImpl| size: 229| compiles| LOCAL| INSERT_BEFORE) =11, (CtInvocationImpl| size: 393| notcompiles| LOCAL| INSERT_AFTER) =24, (CtReturnImpl| size: 126| compiles| LOCAL| INSERT_BEFORE) =3, (CtReturnImpl| size: 68| compiles| LOCAL| INSERT_AFTER) =3, (CtReturnImpl| size: 229| compiles| LOCAL| INSERT_AFTER) =16, (CtBreakImpl| size: 393| compiles| LOCAL| INSERT_BEFORE) =1, (CtIfImpl| size: 393| compiles| LOCAL| INSERT_BEFORE) =8, (CtAssignmentImpl| size: 229| notcompiles| LOCAL| INSERT_AFTER) =11, (CtInvocationImpl| size: 393| alreadyanalyzed| LOCAL| INSERT_AFTER) =1, (CtReturnImpl| size: 68| notcompiles| LOCAL| INSERT_BEFORE) =7, (CtIfImpl| size: 82| notcompiles| LOCAL| REPLACE) =26, (CtAssignmentImpl| size: 28| alreadyanalyzed| LOCAL| REPLACE) =9, (CtIfImpl| size: 393| notcompiles| LOCAL| INSERT_BEFORE) =4, (CtInvocationImpl| size: 225| notcompiles| LOCAL| REPLACE) =74, (CtAssignmentImpl| size: 393| notcompiles| LOCAL| INSERT_BEFORE) =1, (CtLocalVariableImpl| size: 68| compiles| LOCAL| INSERT_BEFORE) =9, (CtReturnImpl| size: 45| alreadyanalyzed| LOCAL| INSERT_BEFORE) =10, (CtLocalVariableImpl| size: 68| notcompiles| LOCAL| INSERT_BEFORE) =23, (CtIfImpl| size: 393| compiles| LOCAL| INSERT_AFTER) =8, (CtInvocationImpl| size: 225| alreadyanalyzed| LOCAL| REPLACE) =77, (CtBreakImpl| size: 1| alreadyanalyzed| LOCAL| REPLACE) =3, (CtAssignmentImpl| size: 229| alreadyanalyzed| LOCAL| INSERT_AFTER) =1, (CtAssignmentImpl| size: 28| notcompiles| LOCAL| REPLACE) =12, (CtReturnImpl| size: 26| notcompiles| LOCAL| REPLACE) =22, (CtReturnImpl| size: 26| alreadyanalyzed| LOCAL| REPLACE) =53, (CtReturnImpl| size: 58| alreadyanalyzed| LOCAL| REPLACE) =74, (CtInvocationImpl| size: 393| notcompiles| LOCAL| INSERT_BEFORE) =31, (CtReturnImpl| size: 126| alreadyanalyzed| LOCAL| INSERT_BEFORE) =10, (CtReturnImpl| size: 126| notcompiles| LOCAL| INSERT_AFTER) =3, (CtAssignmentImpl| size: 393| compiles| LOCAL| INSERT_BEFORE) =3, (CtBreakImpl| size: 393| notcompiles| LOCAL| INSERT_AFTER) =1, (CtReturnImpl| size: 45| compiles| LOCAL| INSERT_BEFORE) =22, (CtReturnImpl| size: 229| alreadyanalyzed| LOCAL| INSERT_BEFORE) =1, (CtReturnImpl| size: 26| compiles| LOCAL| REPLACE) =40, (CtLocalVariableImpl| size: 5| compiles| LOCAL| REPLACE) =4, (CtLocalVariableImpl| size: 68| notcompiles| LOCAL| INSERT_AFTER) =31, (CtReturnImpl| size: 45| compiles| LOCAL| INSERT_AFTER) =25, (CtLocalVariableImpl| size: 68| compiles| LOCAL| INSERT_AFTER) =10, (CtReturnImpl| size: 68| notcompiles| LOCAL| INSERT_AFTER) =8, (CtAssignmentImpl| size: 229| notcompiles| LOCAL| INSERT_BEFORE) =7, (CtLocalVariableImpl| size: 5| alreadyanalyzed| LOCAL| REPLACE) =22, (CtLocalVariableImpl| size: 68| alreadyanalyzed| LOCAL| INSERT_AFTER) =33, (CtReturnImpl| size: 126| alreadyanalyzed| LOCAL| INSERT_AFTER) =9, (CtReturnImpl| size: 58| compiles| LOCAL| REPLACE) =19, (CtReturnImpl| size: 126| compiles| LOCAL| INSERT_AFTER) =4, (CtAssignmentImpl| size: 33| compiles| LOCAL| REPLACE) =2, (CtInvocationImpl| size: 393| compiles| LOCAL| INSERT_AFTER) =23, (CtLocalVariableImpl| size: 68| alreadyanalyzed| LOCAL| INSERT_BEFORE) =14, (CtReturnImpl| size: 229| compiles| LOCAL| INSERT_BEFORE) =7, (CtReturnImpl| size: 229| notcompiles| LOCAL| INSERT_BEFORE) =10, (CtReturnImpl| size: 229| notcompiles| LOCAL| INSERT_AFTER) =12, (CtReturnImpl| size: 45| notcompiles| LOCAL| INSERT_BEFORE) =20, (CtReturnImpl| size: 45| notcompiles| LOCAL| INSERT_AFTER) =21, (CtReturnImpl| size: 45| alreadyanalyzed| LOCAL| INSERT_AFTER) =19, (CtBreakImpl| size: 393| notcompiles| LOCAL| INSERT_BEFORE) =1, (CtIfImpl| size: 393| notcompiles| LOCAL| INSERT_AFTER) =1, (CtIfImpl| size: 82| compiles| LOCAL| REPLACE) =14, (CtReturnImpl| size: 58| notcompiles| LOCAL| REPLACE) =14, (CtReturnImpl| size: 126| notcompiles| LOCAL| INSERT_BEFORE) =3, (CtReturnImpl| size: 68| alreadyanalyzed| LOCAL| INSERT_BEFORE) =2, (CtAssignmentImpl| size: 393| compiles| LOCAL| INSERT_AFTER) =2, (CtReturnImpl| size: 68| compiles| LOCAL| INSERT_BEFORE) =6}
#gen: 457
#patches: 0
#RightCompilation: 226
#WrongCompilation: 231
#FailingTestCaseExecution: 227
#RegressionTestExecution: 227
#TestcasesExecutedval1: 6129
#TestcasesExecutedval2: 368032
#FailingTestCase: 27
#RegressionTestCases: 1643
#OfAppliedOp: 457
#NotAppliedOp: 0
#InmutatedGen: 6
#unfinishValidation: 3
#ing {CtLocalVariableImpl=33, CtAssignmentImpl=48, CtReturnImpl=195, CtInvocationImpl=132, CtBreakImpl=15, CtIfImpl=40}
#untilcompile {1=141, 2=86, 3=25, 4=19, 5=11, 6=15, 7=6, 8=7, 9=2, 10=1, 11=3, 12=4, 14=2, 15=1, 17=3, 19=1, 21=1, 20=1, 53=1, 30=2}
2015-08-24 23:35:43,996 INFO main - Time Evolution(ms): 4081900
2015-08-24 23:35:43,996 INFO fr.inria.main.AbstractMain - Time Total(ms): 4115105


Node: griffon-23.nancy.grid5000.fr


Date: Tue Aug 25 01:35:44 CEST 2015


