export PATH="/home/tdurieux/defects4j/framework/bin:$PATH";export JAVA_TOOL_OPTIONS=-Dfile.encoding=UTF8;export PATH="/usr/lib/jvm/java-1.7.0-openjdk-amd64/bin/:$PATH";cp -r /home/tdurieux/projects/math/math_105 /tmp/math_105_NopolPC;cd /tmp/math_105_NopolPC;defects4j compile;mkdir lib/;cp -r /home/tdurieux/defects4j/framework/projects/lib/* lib/;cp -r /home/tdurieux/defects4j/framework/projects/Math/lib/* lib/;find . -type f -name "package-info.java" -delete;
cd /tmp/math_105_NopolPC;export JAVA_TOOL_OPTIONS=-Dfile.encoding=UTF8;export PATH="/usr/lib/jvm/java-1.7.0-openjdk-amd64/bin/:$PATH";cp -r /home/tdurieux/defects4j-repair/src/python/core/../../../libs/z3 lib/z3;time java  -cp /home/tdurieux/defects4j-repair/src/python/core/../../..//libs/nopol.jar:/usr/lib/jvm/java-1.7.0-openjdk-amd64/bin//../lib/tools.jar fr.inria.lille.repair.Main --mode repair --type precondition --oracle angelic --synthesis smt --solver z3 --solver-path /home/tdurieux/defects4j-repair/src/python/core/../../..//libs/z3/z3 --complianceLevel 3 --source src/java/ --classpath target/classes/:target/test-classes/:lib/commons-discovery-0.5.jar:/home/tdurieux/defects4j-repair/src/python/core/../../..//libs/nopol.jar;echo "

Node: `hostname`
";echo "
Date: `date`
";rm -rf /tmp/math_105_NopolPC;

Nb classes : 139
Nb methods : 978
Nb statements: 4387
Nb statement executed by the passing tests of the patched line: 0
Nb statement executed by the failing tests of the patched line: 0
Nb unit tests : 887
Nb Statements Analyzed : 80
Nb Statements with Angelic Value Found : 4
Nb inputs in SMT : 10
Nb SMT level: 3
Nb SMT components: [7] [== of arity: 2, != of arity: 2, < of arity: 2, <= of arity: 2, ! of arity: 1, || of arity: 2, && of arity: 2]
                  class java.lang.Boolean: 7
Nb variables in SMT : 14
Nb run failing test  : [2, 2, 2, 1, 1, 1, 2, 2, 1]
Nb run passing test : [1, 1, 1, 13, 13, 13, 1, 1, 13]
NoPol Execution time : 395318ms
----PATCH FOUND----
org.apache.commons.math.stat.regression.SimpleRegression:108: PRECONDITION (org.apache.commons.math.stat.regression.SimpleRegression.this.xbar <= 1) || ((y < x) && (y < x))


Node: griffon-33.nancy.grid5000.fr


Date: Thu Aug 20 22:33:00 CEST 2015


