export PATH="/home/tdurieux/defects4j/framework/bin:$PATH";export JAVA_TOOL_OPTIONS=-Dfile.encoding=UTF8;export PATH="/usr/lib/jvm/java-1.7.0-openjdk-amd64/bin/:$PATH";cp -r /home/tdurieux/projects/chart/chart_11 /tmp/chart_11_Kali;cd /tmp/chart_11_Kali;defects4j compile;mkdir lib/;cp -r /home/tdurieux/defects4j/framework/projects/lib/* lib/;cp -r /home/tdurieux/defects4j/framework/projects/Chart/lib/* lib/;find . -type f -name "package-info.java" -delete;
/home/tdurieux/defects4j-repair/src/python/core/../../../results/2015-august/Chart/11/Kali/result
cd /tmp/chart_11_Kali;export JAVA_TOOL_OPTIONS=-Dfile.encoding=UTF8;TZ="America/New_York"; export TZexport PATH="/usr/lib/jvm/java-1.7.0-openjdk-amd64/bin/:$PATH";time java  -cp /home/tdurieux/defects4j-repair/src/python/core/../../..//libs/astor.jar fr.inria.main.evolution.MainjGenProg -mode statement-remove -location . -dependencies lib/ -failing org.jfree.chart.util.junit.ShapeUtilitiesTests: -package org.jfree -jvm4testexecution /usr/lib/jvm/java-1.7.0-openjdk-amd64/bin/ -javacompliancelevel 4 -maxgen 1000000 -seed 10 -maxtime 60  -scope local  -stopfirst false -flthreshold 0 -population 1 -srcjavafolder source/ -srctestfolder tests/ -binjavafolder build/ -bintestfolder build-tests/;echo "

Node: `hostname`
";echo "
Date: `date`
";rm -rf /tmp/chart_11_Kali;

2015-08-25 19:18:21,622 INFO main - End Repair Loops: NOT Found solution
2015-08-25 19:18:21,622 INFO main - 
Number solutions:0
2015-08-25 19:18:21,622 INFO main - 
All variants:
2015-08-25 19:18:21,622 INFO main - f 1.0, [Variant id: 1, #gens: 1084, #ops: 0, parent:-]
2015-08-25 19:18:21,622 INFO main - 
----stats: 
2015-08-25 19:18:21,622 INFO main - 
spaces navigation: [0]: {}
#gen: 0
#patches: 0
#RightCompilation: 2432
#WrongCompilation: 358
#FailingTestCaseExecution: 2433
#RegressionTestExecution: 0
#TestcasesExecutedval1: 9732
#TestcasesExecutedval2: 0
#FailingTestCase: 4
#RegressionTestCases: 0
#OfAppliedOp: 0
#NotAppliedOp: 0
#InmutatedGen: 0
#unfinishValidation: 0
#ing {}
#untilcompile {}
2015-08-25 19:18:21,622 INFO fr.inria.main.AbstractMain - Time Total(ms): 898227


Node: graphene-50.nancy.grid5000.fr


Date: Tue Aug 25 21:18:22 CEST 2015


