cd /tmp/closure_33_Brutpol;export JAVA_TOOL_OPTIONS=-Dfile.encoding=UTF8;TZ="America/New_York"; export TZexport PATH="/usr/lib/jvm/java-1.7.0-openjdk-amd64/bin/:$PATH";cp -r /home/tdurieux/dynamoth-experiments/src/python/core/../../../libs/z3 lib/z3;time java -d64 -Xmx4g -Xms1g -XX:MaxPermSize=1024m -XX:+UseConcMarkSweepGC -XX:+CMSPermGenSweepingEnabled -XX:+CMSClassUnloadingEnabled -cp /home/tdurieux/dynamoth-experiments/src/python/core/../../..//libs/nopol.jar:/usr/lib/jvm/java-1.7.0-openjdk-amd64/bin//../lib/tools.jar fr.inria.lille.repair.Main --flocal gzoltar  --maxTime 300  --json  --mode repair --type pre_then_cond --oracle angelic --synthesis dynamoth --solver z3 --solver-path /home/tdurieux/dynamoth-experiments/src/python/core/../../..//libs/z3/z3 --complianceLevel 6 --source /tmp/closure_33_Brutpol/src/ --classpath /tmp/closure_33_Brutpol/build/classes:/tmp/closure_33_Brutpol/build/test:/tmp/closure_33_Brutpol/build/lib/rhino.jar:/tmp/closure_33_Brutpol/lib/ant.jar:/tmp/closure_33_Brutpol/lib/ant-launcher.jar:/tmp/closure_33_Brutpol/lib/args4j.jar:/tmp/closure_33_Brutpol/lib/guava.jar:/tmp/closure_33_Brutpol/lib/jarjar.jar:/tmp/closure_33_Brutpol/lib/json.jar:/tmp/closure_33_Brutpol/lib/jsr305.jar:/tmp/closure_33_Brutpol/lib/junit.jar:/tmp/closure_33_Brutpol/lib/caja-r4314.jar:/tmp/closure_33_Brutpol/lib/protobuf-java.jar:/home/tdurieux/dynamoth-experiments/src/python/core/../../..//libs/nopol.jar;echo "

Node: `hostname`
";echo "
Date: `date`
";

09:13:42.408 [pool-2-thread-1] INFO  fr.inria.lille.repair.nopol.NoPol - Nb classes : 400
09:13:42.409 [pool-2-thread-1] INFO  fr.inria.lille.repair.nopol.NoPol - Nb methods : 4617
09:13:42.409 [pool-2-thread-1] INFO  fr.inria.lille.repair.nopol.NoPol - Nb Statements Analyzed : 3
09:13:42.409 [pool-2-thread-1] INFO  fr.inria.lille.repair.nopol.NoPol - Nb Statements with Angelic Value Found : 1
09:13:42.409 [pool-2-thread-1] INFO  fr.inria.lille.repair.nopol.NoPol - NoPol Execution time : 200799ms
09:13:42.409 [pool-2-thread-1] INFO  fr.inria.lille.repair.nopol.NoPol - ----PATCH FOUND----
09:13:42.409 [pool-2-thread-1] INFO  fr.inria.lille.repair.nopol.NoPol - propType.isNumberValueType() || propType.isUnionType()
09:13:45.361 [pool-2-thread-1] INFO  fr.inria.lille.repair.nopol.NoPol - Nb test that executes the patch: 13
09:13:45.362 [pool-2-thread-1] INFO  fr.inria.lille.repair.nopol.NoPol - com.google.javascript.rhino.jstype.PrototypeObjectType:576: PRECONDITION
09:13:45.402 [pool-2-thread-1] INFO  fr.inria.lille.repair.nopol.NoPol - --- /tmp/closure_33_Brutpol/src/com/google/javascript/rhino/jstype/PrototypeObjectType.java
+++ /tmp/closure_33_Brutpol/src/com/google/javascript/rhino/jstype/PrototypeObjectType.java
@@ -575,3 +575,5 @@
           }
-          defineInferredProperty(prop, typeToInfer, null);
+          if (propType.isNumberValueType() || propType.isUnionType()) {
+            defineInferredProperty(prop, typeToInfer, null);
+          }
         }



Node: griffon-5.nancy.grid5000.fr


Date: Sat Mar  4 10:13:49 CET 2017


