Running ant (compile)...................................................... OK
Running ant (compile.tests)................................................ OK
Picked up JAVA_TOOL_OPTIONS: -Dfile.encoding=UTF8
xxl.java.compiler.DynamicCompilationException: Aborting: dynamic compilation failed
	at xxl.java.compiler.DynamicClassCompiler.runCompilationTask(DynamicClassCompiler.java:88)
	at xxl.java.compiler.DynamicClassCompiler.javaBytecodeFor(DynamicClassCompiler.java:56)
	at fr.inria.lille.commons.spoon.SpoonedFile.compilationFor(SpoonedFile.java:177)
	at fr.inria.lille.commons.spoon.SpoonedFile.compileModelledClasses(SpoonedFile.java:154)
	at fr.inria.lille.commons.spoon.SpoonedFile.processModelledClasses(SpoonedFile.java:138)
	at fr.inria.lille.commons.spoon.SpoonedFile.process(SpoonedFile.java:128)
	at fr.inria.lille.commons.spoon.SpoonedFile.processedAndDumpedToClassLoader(SpoonedFile.java:119)
	at fr.inria.lille.commons.spoon.SpoonedFile.processedAndDumpedToClassLoader(SpoonedFile.java:115)
	at fr.inria.lille.repair.nopol.synth.ConstraintModelBuilder.<init>(ConstraintModelBuilder.java:57)
	at fr.inria.lille.repair.nopol.synth.SynthesizerFactory.getFor(SynthesizerFactory.java:122)
	at fr.inria.lille.repair.nopol.NoPol.solveWithMultipleBuild(NoPol.java:164)
	at fr.inria.lille.repair.nopol.NoPol.build(NoPol.java:119)
	at fr.inria.lille.repair.nopol.NoPol.build(NoPol.java:89)
	at fr.inria.lille.repair.nopol.NoPolLauncher.launch(NoPolLauncher.java:84)
	at fr.inria.lille.repair.Main.main(Main.java:61)
xxl.java.compiler.DynamicCompilationException: Aborting: dynamic compilation failed
	at xxl.java.compiler.DynamicClassCompiler.runCompilationTask(DynamicClassCompiler.java:88)
	at xxl.java.compiler.DynamicClassCompiler.javaBytecodeFor(DynamicClassCompiler.java:56)
	at fr.inria.lille.commons.spoon.SpoonedFile.compilationFor(SpoonedFile.java:177)
	at fr.inria.lille.commons.spoon.SpoonedFile.compileModelledClasses(SpoonedFile.java:154)
	at fr.inria.lille.commons.spoon.SpoonedFile.processModelledClasses(SpoonedFile.java:138)
	at fr.inria.lille.commons.spoon.SpoonedFile.process(SpoonedFile.java:128)
	at fr.inria.lille.commons.spoon.SpoonedFile.processedAndDumpedToClassLoader(SpoonedFile.java:119)
	at fr.inria.lille.commons.spoon.SpoonedFile.processedAndDumpedToClassLoader(SpoonedFile.java:115)
	at fr.inria.lille.repair.nopol.synth.ConstraintModelBuilder.<init>(ConstraintModelBuilder.java:57)
	at fr.inria.lille.repair.nopol.synth.SynthesizerFactory.getFor(SynthesizerFactory.java:122)
	at fr.inria.lille.repair.nopol.NoPol.solveWithMultipleBuild(NoPol.java:164)
	at fr.inria.lille.repair.nopol.NoPol.build(NoPol.java:119)
	at fr.inria.lille.repair.nopol.NoPol.build(NoPol.java:89)
	at fr.inria.lille.repair.nopol.NoPolLauncher.launch(NoPolLauncher.java:84)
	at fr.inria.lille.repair.Main.main(Main.java:61)
java.lang.RuntimeException: java.util.concurrent.TimeoutException
	at xxl.java.junit.TestSuiteExecution.executionResult(TestSuiteExecution.java:97)
	at xxl.java.junit.TestSuiteExecution.runTestCase(TestSuiteExecution.java:36)
	at xxl.java.junit.TestSuiteExecution.runTestCases(TestSuiteExecution.java:81)
	at fr.inria.lille.repair.nopol.synth.ConstraintModelBuilder.buildFor(ConstraintModelBuilder.java:82)
	at fr.inria.lille.repair.nopol.synth.DefaultSynthesizer.buildPatch(DefaultSynthesizer.java:67)
	at fr.inria.lille.repair.nopol.NoPol.solveWithMultipleBuild(NoPol.java:185)
	at fr.inria.lille.repair.nopol.NoPol.build(NoPol.java:119)
	at fr.inria.lille.repair.nopol.NoPol.build(NoPol.java:89)
	at fr.inria.lille.repair.nopol.NoPolLauncher.launch(NoPolLauncher.java:84)
	at fr.inria.lille.repair.Main.main(Main.java:61)
Caused by: java.util.concurrent.TimeoutException
	at java.util.concurrent.FutureTask.get(FutureTask.java:201)
	at xxl.java.junit.TestSuiteExecution.executionResult(TestSuiteExecution.java:90)
	... 9 more
Exception in thread "main" java.lang.OutOfMemoryError: GC overhead limit exceeded
	at java.util.ArrayList.iterator(ArrayList.java:814)
	at java.util.Collections$UnmodifiableCollection$1.<init>(Collections.java:1064)
	at java.util.Collections$UnmodifiableCollection.iterator(Collections.java:1063)
	at spoon.reflect.visitor.CtScanner.scan(CtScanner.java:134)
	at spoon.reflect.visitor.CtScanner.visitCtTypeReference(CtScanner.java:731)
	at spoon.support.reflect.reference.CtTypeReferenceImpl.accept(CtTypeReferenceImpl.java:66)
	at spoon.reflect.visitor.CtScanner.scan(CtScanner.java:146)
	at spoon.reflect.visitor.QueryVisitor.scan(QueryVisitor.java:67)
	at spoon.reflect.visitor.CtScanner.visitCtFieldReference(CtScanner.java:431)
	at spoon.support.reflect.reference.CtFieldReferenceImpl.accept(CtFieldReferenceImpl.java:51)
	at spoon.reflect.visitor.CtScanner.scan(CtScanner.java:146)
	at spoon.reflect.visitor.QueryVisitor.scan(QueryVisitor.java:67)
	at spoon.reflect.visitor.CtScanner.visitCtFieldRead(CtScanner.java:820)
	at spoon.support.reflect.code.CtFieldReadImpl.accept(CtFieldReadImpl.java:27)
	at spoon.reflect.visitor.CtScanner.scan(CtScanner.java:146)
	at spoon.reflect.visitor.QueryVisitor.scan(QueryVisitor.java:67)
	at spoon.reflect.visitor.CtScanner.visitCtBinaryOperator(CtScanner.java:272)
	at spoon.support.reflect.code.CtBinaryOperatorImpl.accept(CtBinaryOperatorImpl.java:35)
	at spoon.reflect.visitor.CtScanner.scan(CtScanner.java:146)
	at spoon.reflect.visitor.QueryVisitor.scan(QueryVisitor.java:67)
	at spoon.reflect.visitor.CtScanner.visitCtFor(CtScanner.java:440)
	at spoon.support.reflect.code.CtForImpl.accept(CtForImpl.java:44)
	at spoon.reflect.visitor.CtScanner.scan(CtScanner.java:146)
	at spoon.reflect.visitor.QueryVisitor.scan(QueryVisitor.java:67)
	at spoon.reflect.visitor.CtScanner.scan(CtScanner.java:135)
	at spoon.reflect.visitor.CtScanner.visitCtBlock(CtScanner.java:280)
	at spoon.support.reflect.code.CtBlockImpl.accept(CtBlockImpl.java:46)
	at spoon.reflect.visitor.CtScanner.scan(CtScanner.java:146)
	at spoon.reflect.visitor.QueryVisitor.scan(QueryVisitor.java:67)
	at spoon.reflect.visitor.CtScanner.visitCtMethod(CtScanner.java:539)
	at spoon.support.reflect.declaration.CtMethodImpl.accept(CtMethodImpl.java:60)
	at spoon.reflect.visitor.CtScanner.scan(CtScanner.java:146)

real	47m15.630s
user	275m4.516s
sys	1m0.840s
