export PATH="/home/tdurieux/defects4j/framework/bin:$PATH";export JAVA_TOOL_OPTIONS=-Dfile.encoding=UTF8;export PATH="/usr/lib/jvm/java-1.7.0-openjdk-amd64/bin/:$PATH";cp -r /home/tdurieux/projects/math/math_15 /tmp/math_15_Genprog;cd /tmp/math_15_Genprog;defects4j compile;mkdir lib/;cp -r /home/tdurieux/defects4j/framework/projects/lib/* lib/;cp -r /home/tdurieux/defects4j/framework/projects/Math/lib/* lib/;find . -type f -name "package-info.java" -delete;
/home/tdurieux/defects4j-repair/src/python/core/../../../results/2015-august/Math/15/Genprog/result
cd /tmp/math_15_Genprog;export JAVA_TOOL_OPTIONS=-Dfile.encoding=UTF8;TZ="America/New_York"; export TZexport PATH="/usr/lib/jvm/java-1.7.0-openjdk-amd64/bin/:$PATH";time java  -cp /home/tdurieux/defects4j-repair/src/python/core/../../..//libs/astor.jar fr.inria.main.evolution.MainjGenProg -mode statement -location . -dependencies lib/ -failing org.apache.commons.math3.util.FastMathTest: -package org.apache.commons -jvm4testexecution /usr/lib/jvm/java-1.7.0-openjdk-amd64/bin/ -javacompliancelevel 5 -maxgen 1000000 -seed 10 -maxtime 60  -scope local  -stopfirst true -flthreshold 0.1 -population 1 -srcjavafolder src/main/java/ -srctestfolder src/test/java/ -binjavafolder target/classes/ -bintestfolder target/test-classes/;echo "

Node: `hostname`
";echo "
Date: `date`
";rm -rf /tmp/math_15_Genprog;

2015-08-24 22:03:50,912 INFO main - End Repair Loops: Found solution
2015-08-24 22:03:50,912 INFO main - Solution stored at: ./outputMutation//MainjGenProg-.//src/
2015-08-24 22:03:50,912 INFO main - 
Number solutions:1
2015-08-24 22:03:50,912 INFO main - f (sol): 0.0, [Variant id: 74 (SOL) , #gens: 75, #ops: 1, parent:73]
2015-08-24 22:03:50,912 INFO main - 
All variants:
2015-08-24 22:03:50,912 INFO main - f 1.0, [Variant id: 75, #gens: 76, #ops: 0, parent:-]
2015-08-24 22:03:50,912 INFO main - 
Solution details
2015-08-24 22:03:50,912 INFO main - 
 --SOLUTIONS DESCRIPTION--

 ----
ProgramVariant 74
 
operation: DELETE
location= org.apache.commons.math3.util.FastMath
line= 1540
original statement= if ((y >= (org.apache.commons.math3.util.FastMath.TWO_POWER_52)) || (y <= (-(org.apache.commons.math3.util.FastMath.TWO_POWER_52)))) {
	return org.apache.commons.math3.util.FastMath.pow(-x, y);
} 
fixed statement= if ((y >= (org.apache.commons.math3.util.FastMath.TWO_POWER_52)) || (y <= (-(org.apache.commons.math3.util.FastMath.TWO_POWER_52)))) {
	return org.apache.commons.math3.util.FastMath.pow(-x, y);
} 
generation= 37
ingredientScope= -
 
2015-08-24 22:03:50,912 INFO main - --Space: LOCAL
org.apache.commons.math3.random.MersenneTwister=70|,org.apache.commons.math3.util.FastMath=1538|,org.apache.commons.math3.dfp.Dfp=1081|,org.apache.commons.math3.dfp.DfpField=162|,
2015-08-24 22:03:50,912 INFO main - 
----stats: 
2015-08-24 22:03:50,912 INFO main - 
spaces navigation: [37]: {(CtIfImpl| size: 1081| notcompiles| LOCAL| INSERT_AFTER) =4, (CtIfImpl| size: 162| compiles| LOCAL| INSERT_AFTER) =1, (CtOperatorAssignmentImpl| size: 162| notcompiles| LOCAL| INSERT_BEFORE) =4, (CtIfImpl| size: 10| notcompiles| LOCAL| REPLACE) =4, (CtAssignmentImpl| size: 25| notcompiles| LOCAL| REPLACE) =2, (CtReturnImpl| size: 33| compiles| LOCAL| REPLACE) =1, (CtIfImpl| size: 70| compiles| LOCAL| INSERT_BEFORE) =1, (CtReturnImpl| size: 162| compiles| LOCAL| INSERT_BEFORE) =1, (CtUnaryOperatorImpl| size: 70| compiles| LOCAL| INSERT_AFTER) =1, (CtForImpl| size: 5| notcompiles| LOCAL| REPLACE) =2, (CtAssignmentImpl| size: 70| notcompiles| LOCAL| INSERT_AFTER) =1, (CtForImpl| size: 5| alreadyanalyzed| LOCAL| REPLACE) =2, (CtIfImpl| size: 1081| compiles| LOCAL| INSERT_AFTER) =1, (CtBreakImpl| size: 39| alreadyanalyzed| LOCAL| REPLACE) =39, (CtLocalVariableImpl| size: 33| compiles| LOCAL| REPLACE) =1, (CtAssignmentImpl| size: 162| compiles| LOCAL| INSERT_AFTER) =1, (CtReturnImpl| size: 1081| notcompiles| LOCAL| INSERT_AFTER) =2, (CtAssignmentImpl| size: 25| compiles| LOCAL| REPLACE) =2, (CtLocalVariableImpl| size: 133| compiles| LOCAL| REPLACE) =1, (CtForImpl| size: 70| compiles| LOCAL| INSERT_AFTER) =1, (CtForImpl| size: 1081| compiles| LOCAL| INSERT_BEFORE) =1, (CtLocalVariableImpl| size: 70| compiles| LOCAL| INSERT_AFTER) =1, (CtAssignmentImpl| size: 70| compiles| LOCAL| INSERT_AFTER) =1, (CtIfImpl| size: 1081| compiles| LOCAL| INSERT_BEFORE) =1, (CtIfImpl| size: 10| compiles| LOCAL| REPLACE) =1, (CtReturnImpl| size: 1081| compiles| LOCAL| INSERT_AFTER) =2, (CtInvocationImpl| size: 13| compiles| LOCAL| REPLACE) =1, (CtIfImpl| size: 207| notcompiles| LOCAL| REPLACE) =13, (CtAssignmentImpl| size: 25| alreadyanalyzed| LOCAL| REPLACE) =3, (CtOperatorAssignmentImpl| size: 162| compiles| LOCAL| INSERT_BEFORE) =2, (CtIfImpl| size: 207| compiles| LOCAL| REPLACE) =1, (CtAssignmentImpl| size: 1081| compiles| LOCAL| INSERT_AFTER) =1, (CtLocalVariableImpl| size: 13| compiles| LOCAL| REPLACE) =2, (CtIfImpl| size: 10| alreadyanalyzed| LOCAL| REPLACE) =7, (CtForImpl| size: 5| compiles| LOCAL| REPLACE) =1, (CtForImpl| size: 1081| notcompiles| LOCAL| INSERT_BEFORE) =3, (CtReturnImpl| size: 1081| compiles| LOCAL| INSERT_BEFORE) =1}
#gen: 37
#patches: 1
#RightCompilation: 18
#WrongCompilation: 19
#FailingTestCaseExecution: 19
#RegressionTestExecution: 1
#TestcasesExecutedval1: 799
#TestcasesExecutedval2: 4112
#FailingTestCase: 47
#RegressionTestCases: 4112
#OfAppliedOp: 37
#NotAppliedOp: 0
#InmutatedGen: 2
#unfinishValidation: 0
#ing {CtLocalVariableImpl=6, CtForImpl=5, CtReturnImpl=5, CtAssignmentImpl=9, CtOperatorAssignmentImpl=2, CtInvocationImpl=2, CtBreakImpl=1, CtIfImpl=8, CtUnaryOperatorImpl=1}
#untilcompile {1=18, 2=2, 3=1, 4=1, 5=2, 6=1, 11=1, 14=1, 44=1}
2015-08-24 22:03:50,912 INFO main - Time Evolution(ms): 470424
2015-08-24 22:03:50,912 INFO fr.inria.main.AbstractMain - Time Total(ms): 972763


Node: graphene-53.nancy.grid5000.fr


Date: Tue Aug 25 00:03:51 CEST 2015


