export PATH="/home/tdurieux/defects4j/framework/bin:$PATH";export JAVA_TOOL_OPTIONS=-Dfile.encoding=UTF8;export PATH="/usr/lib/jvm/java-1.7.0-openjdk-amd64/bin/:$PATH";cp -r /home/tdurieux/projects/math/math_97 /tmp/math_97_Genprog;cd /tmp/math_97_Genprog;defects4j compile;mkdir lib/;cp -r /home/tdurieux/defects4j/framework/projects/lib/* lib/;cp -r /home/tdurieux/defects4j/framework/projects/Math/lib/* lib/;find . -type f -name "package-info.java" -delete;
/home/tdurieux/defects4j-repair/src/python/core/../../../results/2015-august/Math/97/Genprog/result
cd /tmp/math_97_Genprog;export JAVA_TOOL_OPTIONS=-Dfile.encoding=UTF8;export PATH="/usr/lib/jvm/java-1.7.0-openjdk-amd64/bin/:$PATH";time java  -cp /home/tdurieux/defects4j-repair/src/python/core/../../..//libs/astor.jar fr.inria.main.evolution.MainjGenProg -mode statement -location . -dependencies lib/ -failing org.apache.commons.math.analysis.BrentSolverTest: -package org.apache.commons -jvm4testexecution /usr/lib/jvm/java-1.7.0-openjdk-amd64/bin/ -javacompliancelevel 6 -maxgen 1000000 -seed 10 -maxtime 60  -scope local  -stopfirst true -flthreshold 0.1 -population 1 -srcjavafolder src/java/ -srctestfolder src/test/ -binjavafolder target/classes/ -bintestfolder target/test-classes/;echo "

Node: `hostname`
";echo "
Date: `date`
";rm -rf /tmp/math_97_Genprog;

2015-08-24 21:10:27,198 INFO main - End Repair Loops: NOT Found solution
2015-08-24 21:10:27,198 INFO main - 
Number solutions:0
2015-08-24 21:10:27,198 INFO main - 
All variants:
2015-08-24 21:10:27,198 INFO main - f 1.0, [Variant id: 46375, #gens: 4, #ops: 0, parent:-]
2015-08-24 21:10:27,198 INFO main - --Space: LOCAL
org.apache.commons.math.analysis.BrentSolver=83|,org.apache.commons.math.analysis.UnivariateRealSolverImpl=47|,
2015-08-24 21:10:27,198 INFO main - 
----stats: 
2015-08-24 21:10:27,198 INFO main - 
spaces navigation: [34]: {(CtReturnImpl| size: 47| alreadyanalyzed| LOCAL| INSERT_AFTER) =166975, (CtThrowImpl| size: 3| alreadyanalyzed| LOCAL| REPLACE) =13937, (CtReturnImpl| size: 83| alreadyanalyzed| LOCAL| INSERT_BEFORE) =306043, (CtReturnImpl| size: 8| compiles| LOCAL| REPLACE) =5, (CtReturnImpl| size: 8| alreadyanalyzed| LOCAL| REPLACE) =28859, (CtInvocationImpl| size: 8| compiles| LOCAL| REPLACE) =1, (CtInvocationImpl| size: 83| compiles| LOCAL| INSERT_BEFORE) =27, (CtInvocationImpl| size: 8| alreadyanalyzed| LOCAL| REPLACE) =30965, (CtReturnImpl| size: 83| compiles| LOCAL| INSERT_BEFORE) =28, (CtReturnImpl| size: 83| notcompiles| LOCAL| INSERT_AFTER) =39, (CtThrowImpl| size: 83| alreadyanalyzed| LOCAL| INSERT_AFTER) =381077, (CtInvocationImpl| size: 83| alreadyanalyzed| LOCAL| INSERT_AFTER) =313250, (CtInvocationImpl| size: 83| alreadyanalyzed| LOCAL| INSERT_BEFORE) =313356, (CtReturnImpl| size: 47| notcompiles| LOCAL| INSERT_AFTER) =15, (CtInvocationImpl| size: 8| notcompiles| LOCAL| REPLACE) =5, (CtThrowImpl| size: 83| alreadyanalyzed| LOCAL| INSERT_BEFORE) =375116, (CtReturnImpl| size: 83| notcompiles| LOCAL| INSERT_BEFORE) =39, (CtThrowImpl| size: 3| notcompiles| LOCAL| REPLACE) =1, (CtReturnImpl| size: 47| compiles| LOCAL| INSERT_AFTER) =30, (CtReturnImpl| size: 83| alreadyanalyzed| LOCAL| INSERT_AFTER) =321128, (CtReturnImpl| size: 9| notcompiles| LOCAL| REPLACE) =4, (CtReturnImpl| size: 8| notcompiles| LOCAL| REPLACE) =2, (CtReturnImpl| size: 83| compiles| LOCAL| INSERT_AFTER) =28, (CtInvocationImpl| size: 83| notcompiles| LOCAL| INSERT_AFTER) =40, (CtThrowImpl| size: 83| notcompiles| LOCAL| INSERT_BEFORE) =47, (CtReturnImpl| size: 47| notcompiles| LOCAL| INSERT_BEFORE) =15, (CtThrowImpl| size: 83| compiles| LOCAL| INSERT_AFTER) =19, (CtReturnImpl| size: 47| alreadyanalyzed| LOCAL| INSERT_BEFORE) =174275, (CtInvocationImpl| size: 83| notcompiles| LOCAL| INSERT_BEFORE) =40, (CtThrowImpl| size: 83| compiles| LOCAL| INSERT_BEFORE) =19, (CtInvocationImpl| size: 83| compiles| LOCAL| INSERT_AFTER) =27, (CtReturnImpl| size: 47| compiles| LOCAL| INSERT_BEFORE) =30, (CtReturnImpl| size: 9| alreadyanalyzed| LOCAL| REPLACE) =33908, (CtThrowImpl| size: 83| notcompiles| LOCAL| INSERT_AFTER) =47}
#gen: 23187
#patches: 0
#RightCompilation: 12221
#WrongCompilation: 3621
#FailingTestCaseExecution: 12222
#RegressionTestExecution: 0
#TestcasesExecutedval1: 61110
#TestcasesExecutedval2: 0
#FailingTestCase: 5
#RegressionTestCases: 0
#OfAppliedOp: 15842
#NotAppliedOp: 0
#InmutatedGen: 47354
#unfinishValidation: 0
#ing {CtReturnImpl=29618, CtInvocationImpl=15249, CtThrowImpl=18329}
#untilcompile {1=31, 139=131, 2=22, 138=137, 3=653, 141=371, 4=13, 5=16, 140=1, 6=7, 142=364, 7=3, 8=549, 9=288, 10=8, 130=549, 11=164, 133=209, 12=95, 13=4, 14=10, 15=3, 17=91, 16=43, 19=28, 257=749, 20=55, 23=2, 22=2, 25=11, 24=1, 147=364, 148=1, 29=1, 149=1, 28=93, 31=1, 30=1, 34=1, 169=116, 33=1, 175=125, 174=359, 173=1, 36=2, 172=1, 40=1, 47=490, 166=849, 50=154, 48=1, 55=55, 191=1, 59=40, 296=1430, 58=51, 56=52, 177=368, 182=343, 183=356, 64=11, 67=178, 78=1, 85=2, 221=780, 84=3, 222=728, 87=1, 86=420, 216=710, 83=2281, 93=4, 213=453, 92=252, 95=59, 94=172, 88=2, 91=515, 102=174, 103=170, 100=137, 98=2, 99=66, 96=3, 97=1, 108=171, 106=2, 249=241}
2015-08-24 21:10:27,198 INFO main - Time Evolution(ms): 3660102
2015-08-24 21:10:27,198 INFO fr.inria.main.AbstractMain - Time Total(ms): 3679496


Node: graphene-22.nancy.grid5000.fr


Date: Mon Aug 24 23:10:27 CEST 2015


