cd /tmp/closure_61_Brutpol;export JAVA_TOOL_OPTIONS=-Dfile.encoding=UTF8;TZ="America/New_York"; export TZexport PATH="/usr/lib/jvm/java-1.7.0-openjdk-amd64/bin/:$PATH";cp -r /home/tdurieux/dynamoth-experiments/src/python/core/../../../libs/z3 lib/z3;time java -d64 -Xmx4g -Xms1g -XX:MaxPermSize=1024m -XX:+UseConcMarkSweepGC -XX:+CMSPermGenSweepingEnabled -XX:+CMSClassUnloadingEnabled -cp /home/tdurieux/dynamoth-experiments/src/python/core/../../..//libs/nopol.jar:/usr/lib/jvm/java-1.7.0-openjdk-amd64/bin//../lib/tools.jar fr.inria.lille.repair.Main --flocal gzoltar  --maxTime 300  --json  --mode repair --type pre_then_cond --oracle angelic --synthesis dynamoth --solver z3 --solver-path /home/tdurieux/dynamoth-experiments/src/python/core/../../..//libs/z3/z3 --complianceLevel 6 --source /tmp/closure_61_Brutpol/src/ --classpath /tmp/closure_61_Brutpol/build/classes:/tmp/closure_61_Brutpol/build/test:/tmp/closure_61_Brutpol/build/lib/rhino.jar:/tmp/closure_61_Brutpol/lib/ant.jar:/tmp/closure_61_Brutpol/lib/ant-launcher.jar:/tmp/closure_61_Brutpol/lib/args4j.jar:/tmp/closure_61_Brutpol/lib/guava.jar:/tmp/closure_61_Brutpol/lib/jarjar.jar:/tmp/closure_61_Brutpol/lib/json.jar:/tmp/closure_61_Brutpol/lib/jsr305.jar:/tmp/closure_61_Brutpol/lib/junit.jar:/tmp/closure_61_Brutpol/lib/caja-r4314.jar:/tmp/closure_61_Brutpol/lib/protobuf-java.jar:/home/tdurieux/dynamoth-experiments/src/python/core/../../..//libs/nopol.jar;echo "

Node: `hostname`
";echo "
Date: `date`
";

06:02:44.278 [pool-2-thread-1] INFO  fr.inria.lille.repair.nopol.NoPol - Nb classes : 396
06:02:44.278 [pool-2-thread-1] INFO  fr.inria.lille.repair.nopol.NoPol - Nb methods : 4488
06:02:44.278 [pool-2-thread-1] INFO  fr.inria.lille.repair.nopol.NoPol - Nb Statements Analyzed : 1
06:02:44.278 [pool-2-thread-1] INFO  fr.inria.lille.repair.nopol.NoPol - Nb Statements with Angelic Value Found : 1
06:02:44.278 [pool-2-thread-1] INFO  fr.inria.lille.repair.nopol.NoPol - NoPol Execution time : 147356ms
06:02:44.278 [pool-2-thread-1] INFO  fr.inria.lille.repair.nopol.NoPol - ----PATCH FOUND----
06:02:44.278 [pool-2-thread-1] INFO  fr.inria.lille.repair.nopol.NoPol - this.getChildCount() == 0
06:02:46.904 [pool-2-thread-1] INFO  fr.inria.lille.repair.nopol.NoPol - Nb test that executes the patch: 4
06:02:46.905 [pool-2-thread-1] INFO  fr.inria.lille.repair.nopol.NoPol - com.google.javascript.rhino.Node:1461: PRECONDITION
06:02:47.003 [pool-2-thread-1] INFO  fr.inria.lille.repair.nopol.NoPol - --- /tmp/closure_61_Brutpol/src/com/google/javascript/rhino/Node.java
+++ /tmp/closure_61_Brutpol/src/com/google/javascript/rhino/Node.java
@@ -1460,7 +1460,9 @@
       if (diff != null) {
-        return "Node tree inequality:" +
-            "\nTree1:\n" + toStringTree() +
-            "\n\nTree2:\n" + node2.toStringTree() +
-            "\n\nSubtree1: " + diff.nodeA.toStringTree() +
-            "\n\nSubtree2: " + diff.nodeB.toStringTree();
+        if (this.getChildCount() == 0) {
+          return "Node tree inequality:" +
+          "\nTree1:\n" + toStringTree() +
+          "\n\nTree2:\n" + node2.toStringTree() +
+          "\n\nSubtree1: " + diff.nodeA.toStringTree() +
+          "\n\nSubtree2: " + diff.nodeB.toStringTree();
+        }
       }



Node: griffon-18.nancy.grid5000.fr


Date: Sat Mar  4 07:02:50 CET 2017


