cd /tmp/closure_129_Brutpol;export JAVA_TOOL_OPTIONS=-Dfile.encoding=UTF8;TZ="America/New_York"; export TZ;export PATH="/home/tdurieux/java-1.8.0-openjdk-amd64/bin/:$PATH";cp -r /home/tdurieux/dynamoth-experiments/src/python/core/../../../libs/z3 lib/z3;time java -d64 -Xmx4g -Xms1g -XX:MaxPermSize=1024m -XX:+UseConcMarkSweepGC -XX:+CMSPermGenSweepingEnabled -XX:+CMSClassUnloadingEnabled -cp /home/tdurieux/dynamoth-experiments/src/python/core/../../..//libs/nopol.jar:/usr/lib/jvm/java-1.7.0-openjdk-amd64/bin//../lib/tools.jar fr.inria.lille.repair.Main --flocal gzoltar  --maxTime 1000  --maxTimeType 20  --json  --mode repair --type pre_then_cond --oracle angelic --synthesis dynamoth --solver z3 --solver-path /home/tdurieux/dynamoth-experiments/src/python/core/../../..//libs/z3/z3 --complianceLevel 6 --source /tmp/closure_129_Brutpol/src/ --classpath /tmp/closure_129_Brutpol/build/classes:/tmp/closure_129_Brutpol/build/test:/tmp/closure_129_Brutpol/build/lib/rhino.jar:/tmp/closure_129_Brutpol/lib/ant.jar:/tmp/closure_129_Brutpol/lib/ant-launcher.jar:/tmp/closure_129_Brutpol/lib/args4j.jar:/tmp/closure_129_Brutpol/lib/guava.jar:/tmp/closure_129_Brutpol/lib/jarjar.jar:/tmp/closure_129_Brutpol/lib/json.jar:/tmp/closure_129_Brutpol/lib/jsr305.jar:/tmp/closure_129_Brutpol/lib/junit.jar:/tmp/closure_129_Brutpol/lib/caja-r4314.jar:/tmp/closure_129_Brutpol/lib/protobuf-java.jar:/home/tdurieux/dynamoth-experiments/src/python/core/../../..//libs/nopol.jar;echo "

Node: `hostname`
";echo "
Date: `date`
";

16:01:10.729 [pool-2-thread-1] INFO  fr.inria.lille.repair.nopol.NoPol - Nb classes : 414
16:01:10.730 [pool-2-thread-1] INFO  fr.inria.lille.repair.nopol.NoPol - Nb methods : 4913
16:01:10.730 [pool-2-thread-1] INFO  fr.inria.lille.repair.nopol.NoPol - Nb Statements Analyzed : 2
16:01:10.730 [pool-2-thread-1] INFO  fr.inria.lille.repair.nopol.NoPol - Nb Statements with Angelic Value Found : 1
16:01:10.730 [pool-2-thread-1] INFO  fr.inria.lille.repair.nopol.NoPol - NoPol Execution time : 194844ms
16:01:10.730 [pool-2-thread-1] INFO  fr.inria.lille.repair.nopol.NoPol - ----PATCH FOUND----
16:01:10.730 [pool-2-thread-1] INFO  fr.inria.lille.repair.nopol.NoPol - this.isAdd()
16:01:14.226 [pool-2-thread-1] INFO  fr.inria.lille.repair.nopol.NoPol - Nb test that executes the patch: 10
16:01:14.227 [pool-2-thread-1] INFO  fr.inria.lille.repair.nopol.NoPol - com.google.javascript.rhino.Node:1428: PRECONDITION
16:01:14.283 [pool-2-thread-1] INFO  fr.inria.lille.repair.nopol.NoPol - --- /tmp/closure_129_Brutpol/src/com/google/javascript/rhino/Node.java
+++ /tmp/closure_129_Brutpol/src/com/google/javascript/rhino/Node.java
@@ -1427,7 +1427,9 @@
       if (diff != null) {
-        return "Node tree inequality:" +
-            "\nTree1:\n" + toStringTree() +
-            "\n\nTree2:\n" + node2.toStringTree() +
-            "\n\nSubtree1: " + diff.nodeA.toStringTree() +
-            "\n\nSubtree2: " + diff.nodeB.toStringTree();
+        if (this.isAdd()) {
+          return "Node tree inequality:" +
+          "\nTree1:\n" + toStringTree() +
+          "\n\nTree2:\n" + node2.toStringTree() +
+          "\n\nSubtree1: " + diff.nodeA.toStringTree() +
+          "\n\nSubtree2: " + diff.nodeB.toStringTree();
+        }
       }

PATCH


Node: graphene-93.nancy.grid5000.fr


Date: Mon Nov 27 16:01:18 EST 2017


