export PATH="/home/tdurieux/defects4j/framework/bin:$PATH";export JAVA_TOOL_OPTIONS=-Dfile.encoding=UTF8;export PATH="/usr/lib/jvm/java-1.7.0-openjdk-amd64/bin/:$PATH";cp -r /home/tdurieux/projects/lang/lang_47 /tmp/lang_47_Genprog;cd /tmp/lang_47_Genprog;defects4j compile;mkdir lib/;cp -r /home/tdurieux/defects4j/framework/projects/lib/* lib/;cp -r /home/tdurieux/defects4j/framework/projects/Lang/lib/* lib/;find . -type f -name "package-info.java" -delete;
/home/tdurieux/defects4j-repair/src/python/core/../../../results/2015-august/Lang/47/Genprog/result
cd /tmp/lang_47_Genprog;export JAVA_TOOL_OPTIONS=-Dfile.encoding=UTF8;TZ="America/New_York"; export TZexport PATH="/usr/lib/jvm/java-1.7.0-openjdk-amd64/bin/:$PATH";time java  -cp /home/tdurieux/defects4j-repair/src/python/core/../../..//libs/astor.jar fr.inria.main.evolution.MainjGenProg -mode statement -location . -dependencies lib/ -failing org.apache.commons.lang.text.StrBuilderTest:org.apache.commons.lang.text.StrBuilderTest: -package org.apache.commons -jvm4testexecution /usr/lib/jvm/java-1.7.0-openjdk-amd64/bin/ -javacompliancelevel 3 -maxgen 1000000 -seed 10 -maxtime 60  -scope local  -stopfirst true -flthreshold 0.1 -population 1 -srcjavafolder src/java/ -srctestfolder src/test/ -binjavafolder target/classes/ -bintestfolder target/tests/;echo "

Node: `hostname`
";echo "
Date: `date`
";rm -rf /tmp/lang_47_Genprog;

2015-08-24 23:27:07,690 INFO main - End Repair Loops: NOT Found solution
2015-08-24 23:27:07,690 INFO main - 
Number solutions:0
2015-08-24 23:27:07,690 INFO main - 
All variants:
2015-08-24 23:27:07,690 INFO main - f 43.0, [Variant id: 753, #gens: 50, #ops: 0, parent:-]
2015-08-24 23:27:07,690 INFO main - --Space: LOCAL
org.apache.commons.lang.builder.ReflectionToStringBuilder=74|,org.apache.commons.lang.builder.ToStringBuilder=126|,org.apache.commons.lang.ObjectUtils=31|,org.apache.commons.lang.builder.ToStringStyle=395|,org.apache.commons.lang.time.DateUtils=271|,
2015-08-24 23:27:07,690 INFO main - 
----stats: 
2015-08-24 23:27:07,690 INFO main - 
spaces navigation: [83]: {(CtIfImpl| size: 31| compiles| LOCAL| INSERT_BEFORE) =1, (CtInvocationImpl| size: 74| notcompiles| LOCAL| INSERT_AFTER) =29, (CtReturnImpl| size: 74| notcompiles| LOCAL| INSERT_BEFORE) =39, (CtIfImpl| size: 51| compiles| LOCAL| REPLACE) =1, (CtIfImpl| size: 82| alreadyanalyzed| LOCAL| REPLACE) =17, (CtIfImpl| size: 10| notcompiles| LOCAL| REPLACE) =8, (CtInvocationImpl| size: 225| compiles| LOCAL| REPLACE) =18, (CtAssignmentImpl| size: 6| compiles| LOCAL| REPLACE) =9, (CtReturnImpl| size: 31| compiles| LOCAL| INSERT_AFTER) =1, (CtThrowImpl| size: 271| compiles| LOCAL| INSERT_AFTER) =2, (CtIfImpl| size: 395| notcompiles| LOCAL| INSERT_AFTER) =20, (CtReturnImpl| size: 74| compiles| LOCAL| INSERT_AFTER) =24, (CtAssignmentImpl| size: 74| alreadyanalyzed| LOCAL| INSERT_BEFORE) =2, (CtLocalVariableImpl| size: 74| compiles| LOCAL| INSERT_AFTER) =5, (CtIfImpl| size: 82| notcompiles| LOCAL| REPLACE) =40, (CtThrowImpl| size: 271| notcompiles| LOCAL| INSERT_BEFORE) =3, (CtForImpl| size: 74| compiles| LOCAL| INSERT_BEFORE) =2, (CtThrowImpl| size: 271| compiles| LOCAL| INSERT_BEFORE) =1, (CtReturnImpl| size: 16| alreadyanalyzed| LOCAL| REPLACE) =2, (CtInvocationImpl| size: 225| notcompiles| LOCAL| REPLACE) =29, (CtAssignmentImpl| size: 6| notcompiles| LOCAL| REPLACE) =4, (CtIfImpl| size: 395| notcompiles| LOCAL| INSERT_BEFORE) =12, (CtInvocationImpl| size: 395| alreadyanalyzed| LOCAL| INSERT_BEFORE) =4, (CtForImpl| size: 74| notcompiles| LOCAL| INSERT_AFTER) =8, (CtReturnImpl| size: 74| alreadyanalyzed| LOCAL| INSERT_AFTER) =4, (CtInvocationImpl| size: 74| compiles| LOCAL| INSERT_AFTER) =13, (CtInvocationImpl| size: 225| alreadyanalyzed| LOCAL| REPLACE) =10, (CtBreakImpl| size: 1| alreadyanalyzed| LOCAL| REPLACE) =1, (CtReturnImpl| size: 16| compiles| LOCAL| REPLACE) =2, (CtThrowImpl| size: 30| alreadyanalyzed| LOCAL| REPLACE) =11, (CtForImpl| size: 2| alreadyanalyzed| LOCAL| REPLACE) =1, (CtAssignmentImpl| size: 6| alreadyanalyzed| LOCAL| REPLACE) =8, (CtThrowImpl| size: 271| notcompiles| LOCAL| INSERT_AFTER) =8, (CtBreakImpl| size: 395| compiles| LOCAL| INSERT_BEFORE) =1, (CtReturnImpl| size: 27| compiles| LOCAL| REPLACE) =16, (CtIfImpl| size: 31| compiles| LOCAL| INSERT_AFTER) =1, (CtIfImpl| size: 74| compiles| LOCAL| INSERT_AFTER) =2, (CtInvocationImpl| size: 20| notcompiles| LOCAL| REPLACE) =20, (CtForImpl| size: 2| notcompiles| LOCAL| REPLACE) =1, (CtIfImpl| size: 74| alreadyanalyzed| LOCAL| INSERT_AFTER) =2, (CtReturnImpl| size: 74| alreadyanalyzed| LOCAL| INSERT_BEFORE) =15, (CtInvocationImpl| size: 395| notcompiles| LOCAL| INSERT_AFTER) =18, (CtForImpl| size: 74| compiles| LOCAL| INSERT_AFTER) =6, (CtReturnImpl| size: 74| notcompiles| LOCAL| INSERT_AFTER) =33, (CtInvocationImpl| size: 395| notcompiles| LOCAL| INSERT_BEFORE) =26, (CtLocalVariableImpl| size: 74| notcompiles| LOCAL| INSERT_BEFORE) =2, (CtAssignmentImpl| size: 74| compiles| LOCAL| INSERT_BEFORE) =11, (CtThrowImpl| size: 30| compiles| LOCAL| REPLACE) =1, (CtBreakImpl| size: 395| compiles| LOCAL| INSERT_AFTER) =1, (CtIfImpl| size: 51| notcompiles| LOCAL| REPLACE) =3, (CtLocalVariableImpl| size: 74| notcompiles| LOCAL| INSERT_AFTER) =5, (CtIfImpl| size: 74| notcompiles| LOCAL| INSERT_AFTER) =11, (CtIfImpl| size: 51| alreadyanalyzed| LOCAL| REPLACE) =1, (CtAssignmentImpl| size: 74| notcompiles| LOCAL| INSERT_AFTER) =11, (CtIfImpl| size: 395| compiles| LOCAL| INSERT_BEFORE) =19, (CtIfImpl| size: 74| compiles| LOCAL| INSERT_BEFORE) =2, (CtInvocationImpl| size: 395| compiles| LOCAL| INSERT_BEFORE) =17, (CtAssignmentImpl| size: 74| compiles| LOCAL| INSERT_AFTER) =11, (CtIfImpl| size: 395| alreadyanalyzed| LOCAL| INSERT_AFTER) =1, (CtInvocationImpl| size: 74| notcompiles| LOCAL| INSERT_BEFORE) =22, (CtIfImpl| size: 395| alreadyanalyzed| LOCAL| INSERT_BEFORE) =1, (CtLocalVariableImpl| size: 7| compiles| LOCAL| REPLACE) =2, (CtAssignmentImpl| size: 74| alreadyanalyzed| LOCAL| INSERT_AFTER) =1, (CtReturnImpl| size: 27| notcompiles| LOCAL| REPLACE) =6, (CtThrowImpl| size: 271| alreadyanalyzed| LOCAL| INSERT_AFTER) =3, (CtInvocationImpl| size: 74| alreadyanalyzed| LOCAL| INSERT_AFTER) =6, (CtIfImpl| size: 10| compiles| LOCAL| REPLACE) =1, (CtInvocationImpl| size: 74| alreadyanalyzed| LOCAL| INSERT_BEFORE) =1, (CtReturnImpl| size: 74| compiles| LOCAL| INSERT_BEFORE) =25, (CtLocalVariableImpl| size: 74| compiles| LOCAL| INSERT_BEFORE) =2, (CtThrowImpl| size: 30| notcompiles| LOCAL| REPLACE) =1, (CtInvocationImpl| size: 20| compiles| LOCAL| REPLACE) =6, (CtReturnImpl| size: 31| notcompiles| LOCAL| INSERT_AFTER) =1, (CtAssignmentImpl| size: 126| compiles| LOCAL| INSERT_AFTER) =1, (CtIfImpl| size: 82| compiles| LOCAL| REPLACE) =32, (CtInvocationImpl| size: 395| compiles| LOCAL| INSERT_AFTER) =15, (CtIfImpl| size: 395| compiles| LOCAL| INSERT_AFTER) =26, (CtReturnImpl| size: 27| alreadyanalyzed| LOCAL| REPLACE) =6, (CtAssignmentImpl| size: 74| notcompiles| LOCAL| INSERT_BEFORE) =9, (CtIfImpl| size: 10| alreadyanalyzed| LOCAL| REPLACE) =14, (CtInvocationImpl| size: 74| compiles| LOCAL| INSERT_BEFORE) =13, (CtInvocationImpl| size: 20| alreadyanalyzed| LOCAL| REPLACE) =81, (CtBreakImpl| size: 395| notcompiles| LOCAL| INSERT_AFTER) =4}
#gen: 376
#patches: 0
#RightCompilation: 225
#WrongCompilation: 151
#FailingTestCaseExecution: 226
#RegressionTestExecution: 226
#TestcasesExecutedval1: 34352
#TestcasesExecutedval2: 407867
#FailingTestCase: 152
#RegressionTestCases: 1829
#OfAppliedOp: 376
#NotAppliedOp: 0
#InmutatedGen: 8
#unfinishValidation: 3
#ing {CtLocalVariableImpl=9, CtForImpl=10, CtAssignmentImpl=45, CtReturnImpl=85, CtInvocationImpl=110, CtBreakImpl=3, CtThrowImpl=6, CtIfImpl=116}
#untilcompile {1=125, 2=69, 3=31, 4=15, 5=15, 6=11, 7=6, 8=5, 9=2, 10=4, 12=3, 13=2, 14=1, 18=1, 21=1, 20=1, 23=1}
2015-08-24 23:27:07,691 INFO main - Time Evolution(ms): 3665050
2015-08-24 23:27:07,691 INFO fr.inria.main.AbstractMain - Time Total(ms): 3691404


Node: graphene-5.nancy.grid5000.fr


Date: Tue Aug 25 01:27:08 CEST 2015


