export PATH="/home/tdurieux/defects4j/framework/bin:$PATH";export JAVA_TOOL_OPTIONS=-Dfile.encoding=UTF8;export PATH="/usr/lib/jvm/java-1.7.0-openjdk-amd64/bin/:$PATH";cp -r /home/tdurieux/projects/chart/chart_5 /tmp/chart_5_Genprog;cd /tmp/chart_5_Genprog;defects4j compile;mkdir lib/;cp -r /home/tdurieux/defects4j/framework/projects/lib/* lib/;cp -r /home/tdurieux/defects4j/framework/projects/Chart/lib/* lib/;find . -type f -name "package-info.java" -delete;
/home/tdurieux/defects4j-repair/src/python/core/../../../results/2015-august/Chart/5/Genprog/result
cd /tmp/chart_5_Genprog;export JAVA_TOOL_OPTIONS=-Dfile.encoding=UTF8;TZ="America/New_York"; export TZexport PATH="/usr/lib/jvm/java-1.7.0-openjdk-amd64/bin/:$PATH";time java  -cp /home/tdurieux/defects4j-repair/src/python/core/../../..//libs/astor.jar fr.inria.main.evolution.MainjGenProg -mode statement -location . -dependencies lib/ -failing org.jfree.data.xy.junit.XYSeriesTests: -package org.jfree -jvm4testexecution /usr/lib/jvm/java-1.7.0-openjdk-amd64/bin/ -javacompliancelevel 4 -maxgen 1000000 -seed 10 -maxtime 60  -scope local  -stopfirst true -flthreshold 0.1 -population 1 -srcjavafolder source/ -srctestfolder tests/ -binjavafolder build/ -bintestfolder build-tests/;echo "

Node: `hostname`
";echo "
Date: `date`
";rm -rf /tmp/chart_5_Genprog;

2015-08-24 23:41:00,905 INFO main - End Repair Loops: Found solution
2015-08-24 23:41:00,905 INFO main - Solution stored at: ./outputMutation//MainjGenProg-.//src/
2015-08-24 23:41:00,906 INFO main - 
Number solutions:1
2015-08-24 23:41:00,906 INFO main - f (sol): 0.0, [Variant id: 250 (SOL) , #gens: 19, #ops: 1, parent:249]
2015-08-24 23:41:00,906 INFO main - 
All variants:
2015-08-24 23:41:00,906 INFO main - f 1.0, [Variant id: 251, #gens: 19, #ops: 0, parent:-]
2015-08-24 23:41:00,906 INFO main - 
Solution details
2015-08-24 23:41:00,906 INFO main - 
 --SOLUTIONS DESCRIPTION--

 ----
ProgramVariant 250
 
operation: REPLACE
location= org.jfree.data.xy.XYSeries
line= 562
original statement= this.data.add(((-index) - 1), new org.jfree.data.xy.XYDataItem(x , y))
fixed statement= this.data.add(new org.jfree.data.xy.XYDataItem(x , y))
generation= 125
ingredientScope= LOCAL
 
2015-08-24 23:41:00,906 INFO main - --Space: LOCAL
org.jfree.data.xy.XYSeries=152|,org.jfree.data.xy.XYDataItem=45|,
2015-08-24 23:41:00,906 INFO main - 
----stats: 
2015-08-24 23:41:00,906 INFO main - 
spaces navigation: [39]: {(CtLocalVariableImpl| size: 152| compiles| LOCAL| INSERT_BEFORE) =2, (CtAssignmentImpl| size: 45| notcompiles| LOCAL| INSERT_BEFORE) =1, (CtIfImpl| size: 9| compiles| LOCAL| REPLACE) =2, (CtReturnImpl| size: 152| notcompiles| LOCAL| INSERT_BEFORE) =2, (CtReturnImpl| size: 45| compiles| LOCAL| INSERT_AFTER) =1, (CtIfImpl| size: 9| notcompiles| LOCAL| REPLACE) =2, (CtIfImpl| size: 152| notcompiles| LOCAL| INSERT_AFTER) =4, (CtIfImpl| size: 30| notcompiles| LOCAL| REPLACE) =1, (CtIfImpl| size: 45| notcompiles| LOCAL| INSERT_AFTER) =1, (CtIfImpl| size: 152| alreadyanalyzed| LOCAL| INSERT_BEFORE) =1, (CtIfImpl| size: 152| notcompiles| LOCAL| INSERT_BEFORE) =9, (CtLocalVariableImpl| size: 26| compiles| LOCAL| REPLACE) =2, (CtAssignmentImpl| size: 45| compiles| LOCAL| INSERT_AFTER) =1, (CtInvocationImpl| size: 35| alreadyanalyzed| LOCAL| REPLACE) =37, (CtReturnImpl| size: 152| notcompiles| LOCAL| INSERT_AFTER) =7, (CtIfImpl| size: 30| alreadyanalyzed| LOCAL| REPLACE) =1, (CtIfImpl| size: 152| compiles| LOCAL| INSERT_AFTER) =10, (CtReturnImpl| size: 152| compiles| LOCAL| INSERT_AFTER) =10, (CtAssignmentImpl| size: 45| alreadyanalyzed| LOCAL| INSERT_BEFORE) =1, (CtIfImpl| size: 152| compiles| LOCAL| INSERT_BEFORE) =9, (CtAssignmentImpl| size: 45| compiles| LOCAL| INSERT_BEFORE) =3, (CtReturnImpl| size: 45| notcompiles| LOCAL| INSERT_AFTER) =1, (CtReturnImpl| size: 27| notcompiles| LOCAL| REPLACE) =10, (CtReturnImpl| size: 152| compiles| LOCAL| INSERT_BEFORE) =9, (CtReturnImpl| size: 45| alreadyanalyzed| LOCAL| INSERT_AFTER) =1, (CtInvocationImpl| size: 35| compiles| LOCAL| REPLACE) =6, (CtInvocationImpl| size: 35| notcompiles| LOCAL| REPLACE) =26, (CtIfImpl| size: 45| compiles| LOCAL| INSERT_AFTER) =1, (CtInvocationImpl| size: 152| notcompiles| LOCAL| INSERT_BEFORE) =9, (CtIfImpl| size: 45| notcompiles| LOCAL| INSERT_BEFORE) =1, (CtIfImpl| size: 30| compiles| LOCAL| REPLACE) =11, (CtLocalVariableImpl| size: 6| compiles| LOCAL| REPLACE) =1, (CtIfImpl| size: 45| compiles| LOCAL| INSERT_BEFORE) =2, (CtLocalVariableImpl| size: 152| notcompiles| LOCAL| INSERT_BEFORE) =1, (CtLocalVariableImpl| size: 152| compiles| LOCAL| INSERT_AFTER) =3, (CtReturnImpl| size: 27| compiles| LOCAL| REPLACE) =8, (CtReturnImpl| size: 27| alreadyanalyzed| LOCAL| REPLACE) =26, (CtInvocationImpl| size: 152| compiles| LOCAL| INSERT_BEFORE) =9, (CtReturnImpl| size: 152| alreadyanalyzed| LOCAL| INSERT_AFTER) =1}
#gen: 125
#patches: 1
#RightCompilation: 37
#WrongCompilation: 88
#FailingTestCaseExecution: 38
#RegressionTestExecution: 1
#TestcasesExecutedval1: 798
#TestcasesExecutedval2: 2041
#FailingTestCase: 21
#RegressionTestCases: 2041
#OfAppliedOp: 125
#NotAppliedOp: 0
#InmutatedGen: 1
#unfinishValidation: 0
#ing {CtLocalVariableImpl=19, CtAssignmentImpl=5, CtReturnImpl=38, CtInvocationImpl=22, CtIfImpl=42}
#untilcompile {1=54, 2=19, 3=5, 4=5, 5=2, 23=1, 6=2, 24=1, 27=1, 10=1}
2015-08-24 23:41:00,906 INFO main - Time Evolution(ms): 20103
2015-08-24 23:41:00,906 INFO fr.inria.main.AbstractMain - Time Total(ms): 58380


Node: graphene-62.nancy.grid5000.fr


Date: Tue Aug 25 01:41:01 CEST 2015


