export PATH="/home/tdurieux/defects4j/framework/bin:$PATH";export JAVA_TOOL_OPTIONS=-Dfile.encoding=UTF8;export PATH="/usr/lib/jvm/java-1.7.0-openjdk-amd64/bin/:$PATH";cp -r /home/tdurieux/projects/math/math_61 /tmp/math_61_Genprog;cd /tmp/math_61_Genprog;defects4j compile;mkdir lib/;cp -r /home/tdurieux/defects4j/framework/projects/lib/* lib/;cp -r /home/tdurieux/defects4j/framework/projects/Math/lib/* lib/;find . -type f -name "package-info.java" -delete;
/home/tdurieux/defects4j-repair/src/python/core/../../../results/2015-august/Math/61/Genprog/result
cd /tmp/math_61_Genprog;export JAVA_TOOL_OPTIONS=-Dfile.encoding=UTF8;export PATH="/usr/lib/jvm/java-1.7.0-openjdk-amd64/bin/:$PATH";time java  -cp /home/tdurieux/defects4j-repair/src/python/core/../../..//libs/astor.jar fr.inria.main.evolution.MainjGenProg -mode statement -location . -dependencies lib/ -failing org.apache.commons.math.distribution.PoissonDistributionTest: -package org.apache.commons -jvm4testexecution /usr/lib/jvm/java-1.7.0-openjdk-amd64/bin/ -javacompliancelevel 5 -maxgen 1000000 -seed 10 -maxtime 60  -scope local  -stopfirst true -flthreshold 0.1 -population 1 -srcjavafolder src/main/java/ -srctestfolder src/test/java/ -binjavafolder target/classes/ -bintestfolder target/test-classes/;echo "

Node: `hostname`
";echo "
Date: `date`
";rm -rf /tmp/math_61_Genprog;

2015-08-24 22:12:59,648 INFO main - End Repair Loops: NOT Found solution
2015-08-24 22:12:59,648 INFO main - 
Number solutions:0
2015-08-24 22:12:59,648 INFO main - 
All variants:
2015-08-24 22:12:59,648 INFO main - f 1.0, [Variant id: 9539, #gens: 13, #ops: 0, parent:-]
2015-08-24 22:12:59,648 INFO main - --Space: LOCAL
org.apache.commons.math.exception.util.LocalizedFormats=6|,org.apache.commons.math.distribution.NormalDistributionImpl=47|,org.apache.commons.math.distribution.PoissonDistributionImpl=38|,
2015-08-24 22:12:59,648 INFO main - 
----stats: 
2015-08-24 22:12:59,648 INFO main - 
spaces navigation: [73]: {(CtInvocationImpl| size: 47| alreadyanalyzed| LOCAL| INSERT_AFTER) =28084, (CtLocalVariableImpl| size: 6| alreadyanalyzed| LOCAL| INSERT_BEFORE) =1594, (CtAssignmentImpl| size: 10| notcompiles| LOCAL| REPLACE) =14, (CtInvocationImpl| size: 47| alreadyanalyzed| LOCAL| INSERT_BEFORE) =26195, (CtAssignmentImpl| size: 9| notcompiles| LOCAL| REPLACE) =6, (CtAssignmentImpl| size: 10| alreadyanalyzed| LOCAL| REPLACE) =5706, (CtInvocationImpl| size: 7| alreadyanalyzed| LOCAL| REPLACE) =4550, (CtLocalVariableImpl| size: 6| notcompiles| LOCAL| INSERT_BEFORE) =3, (CtIfImpl| size: 47| notcompiles| LOCAL| INSERT_AFTER) =25, (CtAssignmentImpl| size: 38| compiles| LOCAL| INSERT_BEFORE) =30, (CtAssignmentImpl| size: 47| alreadyanalyzed| LOCAL| INSERT_BEFORE) =22767, (CtReturnImpl| size: 6| alreadyanalyzed| LOCAL| INSERT_BEFORE) =1525, (CtReturnImpl| size: 3| alreadyanalyzed| LOCAL| REPLACE) =857, (CtInvocationImpl| size: 13| notcompiles| LOCAL| REPLACE) =2, (CtIfImpl| size: 47| notcompiles| LOCAL| INSERT_BEFORE) =25, (CtInvocationImpl| size: 47| notcompiles| LOCAL| INSERT_AFTER) =54, (CtIfImpl| size: 38| compiles| LOCAL| INSERT_BEFORE) =15, (CtAssignmentImpl| size: 47| alreadyanalyzed| LOCAL| INSERT_AFTER) =22530, (CtAssignmentImpl| size: 38| notcompiles| LOCAL| INSERT_BEFORE) =28, (CtInvocationImpl| size: 7| compiles| LOCAL| REPLACE) =8, (CtLocalVariableImpl| size: 6| alreadyanalyzed| LOCAL| INSERT_AFTER) =1612, (CtAssignmentImpl| size: 47| compiles| LOCAL| INSERT_AFTER) =23, (CtReturnImpl| size: 6| notcompiles| LOCAL| INSERT_AFTER) =3, (CtThrowImpl| size: 38| alreadyanalyzed| LOCAL| INSERT_AFTER) =26847, (CtInvocationImpl| size: 38| alreadyanalyzed| LOCAL| INSERT_BEFORE) =24493, (CtThrowImpl| size: 38| notcompiles| LOCAL| INSERT_BEFORE) =13, (CtThrowImpl| size: 38| notcompiles| LOCAL| INSERT_AFTER) =13, (CtIfImpl| size: 38| compiles| LOCAL| INSERT_AFTER) =15, (CtReturnImpl| size: 6| notcompiles| LOCAL| INSERT_BEFORE) =3, (CtInvocationImpl| size: 38| notcompiles| LOCAL| INSERT_AFTER) =28, (CtAssignmentImpl| size: 38| alreadyanalyzed| LOCAL| INSERT_BEFORE) =24924, (CtInvocationImpl| size: 47| compiles| LOCAL| INSERT_BEFORE) =22, (CtReturnImpl| size: 6| compiles| LOCAL| INSERT_AFTER) =1, (CtIfImpl| size: 47| compiles| LOCAL| INSERT_AFTER) =13, (CtIfImpl| size: 38| alreadyanalyzed| LOCAL| INSERT_AFTER) =12232, (CtAssignmentImpl| size: 38| alreadyanalyzed| LOCAL| INSERT_AFTER) =24590, (CtInvocationImpl| size: 38| compiles| LOCAL| INSERT_BEFORE) =30, (CtInvocationImpl| size: 13| alreadyanalyzed| LOCAL| REPLACE) =8018, (CtInvocationImpl| size: 7| notcompiles| LOCAL| REPLACE) =3, (CtThrowImpl| size: 38| alreadyanalyzed| LOCAL| INSERT_BEFORE) =26227, (CtThrowImpl| size: 38| compiles| LOCAL| INSERT_BEFORE) =16, (CtIfImpl| size: 38| notcompiles| LOCAL| INSERT_AFTER) =14, (CtIfImpl| size: 47| alreadyanalyzed| LOCAL| INSERT_BEFORE) =11617, (CtLocalVariableImpl| size: 6| notcompiles| LOCAL| INSERT_AFTER) =3, (CtReturnImpl| size: 3| notcompiles| LOCAL| REPLACE) =1, (CtInvocationImpl| size: 38| notcompiles| LOCAL| INSERT_BEFORE) =28, (CtInvocationImpl| size: 47| notcompiles| LOCAL| INSERT_BEFORE) =54, (CtIfImpl| size: 5| alreadyanalyzed| LOCAL| REPLACE) =1681, (CtInvocationImpl| size: 38| alreadyanalyzed| LOCAL| INSERT_AFTER) =26625, (CtIfImpl| size: 9| alreadyanalyzed| LOCAL| REPLACE) =2476, (CtReturnImpl| size: 6| alreadyanalyzed| LOCAL| INSERT_AFTER) =1618, (CtIfImpl| size: 9| notcompiles| LOCAL| REPLACE) =8, (CtIfImpl| size: 5| notcompiles| LOCAL| REPLACE) =4, (CtAssignmentImpl| size: 38| compiles| LOCAL| INSERT_AFTER) =30, (CtIfImpl| size: 47| compiles| LOCAL| INSERT_BEFORE) =13, (CtAssignmentImpl| size: 47| notcompiles| LOCAL| INSERT_BEFORE) =53, (CtLocalVariableImpl| size: 6| compiles| LOCAL| INSERT_AFTER) =1, (CtAssignmentImpl| size: 38| notcompiles| LOCAL| INSERT_AFTER) =28, (CtAssignmentImpl| size: 47| notcompiles| LOCAL| INSERT_AFTER) =53, (CtLocalVariableImpl| size: 1| alreadyanalyzed| LOCAL| REPLACE) =289, (CtAssignmentImpl| size: 47| compiles| LOCAL| INSERT_BEFORE) =23, (CtThrowImpl| size: 38| compiles| LOCAL| INSERT_AFTER) =16, (CtReturnImpl| size: 6| compiles| LOCAL| INSERT_BEFORE) =1, (CtInvocationImpl| size: 47| compiles| LOCAL| INSERT_AFTER) =22, (CtLocalVariableImpl| size: 6| compiles| LOCAL| INSERT_BEFORE) =1, (CtAssignmentImpl| size: 9| compiles| LOCAL| REPLACE) =6, (CtIfImpl| size: 38| alreadyanalyzed| LOCAL| INSERT_BEFORE) =12004, (CtInvocationImpl| size: 13| compiles| LOCAL| REPLACE) =13, (CtInvocationImpl| size: 38| compiles| LOCAL| INSERT_AFTER) =30, (CtIfImpl| size: 38| notcompiles| LOCAL| INSERT_BEFORE) =14, (CtAssignmentImpl| size: 9| alreadyanalyzed| LOCAL| REPLACE) =5750, (CtThrowImpl| size: 1| alreadyanalyzed| LOCAL| REPLACE) =679, (CtIfImpl| size: 47| alreadyanalyzed| LOCAL| INSERT_AFTER) =11688}
#gen: 4769
#patches: 0
#RightCompilation: 3964
#WrongCompilation: 705
#FailingTestCaseExecution: 3965
#RegressionTestExecution: 0
#TestcasesExecutedval1: 47580
#TestcasesExecutedval2: 0
#FailingTestCase: 12
#RegressionTestCases: 0
#OfAppliedOp: 4669
#NotAppliedOp: 0
#InmutatedGen: 12667
#unfinishValidation: 0
#ing {CtLocalVariableImpl=1108, CtAssignmentImpl=4723, CtReturnImpl=1075, CtInvocationImpl=5170, CtThrowImpl=2836, CtIfImpl=2424}
#untilcompile {1=130, 2=42, 3=57, 4=25, 5=40, 6=59, 7=58, 8=19, 9=62, 10=54, 11=21, 12=18, 13=49, 14=18, 15=14, 17=7, 16=16, 19=10, 18=9, 21=5, 20=9, 23=8, 22=6, 25=4, 24=6, 27=4, 26=4, 29=4, 28=3, 31=1, 30=3, 34=4, 32=1, 33=2, 38=360, 39=45, 36=1, 42=3, 43=11, 40=10, 41=12, 46=4, 47=184, 44=50, 45=27, 51=37, 50=17, 49=9, 48=55, 55=11, 54=24, 53=17, 52=11, 59=8, 58=16, 57=25, 56=10, 63=8, 62=11, 61=18, 60=12, 68=5, 69=3, 70=5, 71=5, 64=10, 65=2, 66=7, 67=1, 76=90, 77=13, 78=1, 79=3, 72=1, 73=1, 74=3, 75=1, 85=114, 84=6, 87=8, 86=34, 81=8, 80=6, 83=18, 82=21, 93=6, 92=21, 95=29, 94=39, 89=22, 88=7, 91=34, 90=11, 102=7, 103=13, 100=10, 101=11, 98=13, 99=13, 96=12, 97=9, 110=5, 111=3, 108=7, 109=4, 106=4, 107=5, 104=8, 105=5, 119=3, 118=3, 117=2, 116=3, 115=6, 114=32, 113=3, 112=2, 127=3, 126=4, 125=4, 124=14, 123=41, 122=4, 121=8, 120=6, 137=10, 136=17, 139=15, 138=16, 141=11, 140=9, 143=8, 142=9, 129=13, 128=3, 131=4, 130=10, 133=27, 132=35, 135=3, 134=5, 152=10, 153=3, 154=3, 155=4, 156=2, 157=1, 158=5, 159=7, 144=4, 145=10, 146=8, 147=3, 148=4, 149=8, 150=5, 151=6, 171=12, 170=17, 169=2, 168=6, 175=10, 174=7, 173=4, 172=4, 163=3, 162=6, 161=19, 167=9, 166=5, 165=5, 164=6, 186=5, 187=4, 184=4, 185=5, 190=3, 191=4, 188=7, 189=6, 178=3, 179=9, 176=7, 177=13, 182=4, 183=11, 180=7, 181=6, 205=8, 204=3, 207=3, 206=8, 201=1, 200=4, 202=2, 197=5, 196=3, 199=6, 198=2, 193=6, 192=2, 195=3, 194=9, 220=3, 221=8, 223=3, 216=4, 217=8, 218=5, 219=4, 212=7, 213=3, 214=5, 215=6, 208=15, 209=3, 210=2, 211=6, 238=3, 237=4, 236=2, 235=2, 234=1, 233=3, 232=2, 231=5, 230=3, 229=3, 228=6, 227=6, 226=7, 225=3, 224=3, 254=2, 255=7, 252=4, 253=4, 250=4, 251=2, 248=5, 249=2, 246=3, 247=3, 244=3, 242=2, 243=2, 240=5, 241=6, 275=1, 274=2, 273=1, 272=2, 279=2, 278=3, 277=1, 276=5, 283=2, 282=3, 281=2, 280=1, 286=1, 285=2, 284=4, 258=4, 259=6, 256=4, 257=2, 262=5, 263=2, 260=1, 261=4, 266=3, 264=3, 265=3, 270=2, 271=1, 268=2, 305=1, 304=3, 307=2, 306=5, 309=2, 308=2, 311=2, 310=2, 313=3, 315=2, 314=1, 319=2, 288=3, 289=2, 290=1, 291=1, 292=1, 293=4, 294=2, 295=3, 297=3, 298=1, 299=1, 300=1, 301=1, 302=3, 303=1, 343=4, 342=1, 341=1, 340=6, 339=1, 338=3, 337=2, 336=2, 351=1, 350=1, 349=2, 345=1, 344=2, 326=1, 327=4, 324=1, 325=1, 320=3, 321=2, 335=1, 332=1, 333=3, 330=3, 331=3, 329=2, 373=2, 375=2, 369=3, 368=1, 370=1, 381=1, 383=1, 382=1, 376=2, 379=1, 356=1, 358=2, 359=2, 352=1, 353=2, 354=1, 355=5, 360=1, 361=4, 362=1, 363=2, 408=1, 409=2, 412=3, 413=1, 402=1, 403=1, 406=2, 407=1, 395=3, 392=1, 399=1, 398=1, 391=1, 389=2, 435=1, 437=1, 438=1, 425=1, 417=1, 418=1, 472=3}
2015-08-24 22:12:59,649 INFO main - Time Evolution(ms): 3660465
2015-08-24 22:12:59,649 INFO fr.inria.main.AbstractMain - Time Total(ms): 3718265


Node: griffon-34.nancy.grid5000.fr


Date: Tue Aug 25 00:13:00 CEST 2015


