export PATH="/home/tdurieux/defects4j/framework/bin:$PATH";export JAVA_TOOL_OPTIONS=-Dfile.encoding=UTF8;export PATH="/usr/lib/jvm/java-1.7.0-openjdk-amd64/bin/:$PATH";cp -r /home/tdurieux/projects/math/math_89 /tmp/math_89_Genprog;cd /tmp/math_89_Genprog;defects4j compile;mkdir lib/;cp -r /home/tdurieux/defects4j/framework/projects/lib/* lib/;cp -r /home/tdurieux/defects4j/framework/projects/Math/lib/* lib/;find . -type f -name "package-info.java" -delete;
/home/tdurieux/defects4j-repair/src/python/core/../../../results/2015-august/Math/89/Genprog/result
cd /tmp/math_89_Genprog;export JAVA_TOOL_OPTIONS=-Dfile.encoding=UTF8;export PATH="/usr/lib/jvm/java-1.7.0-openjdk-amd64/bin/:$PATH";time java  -cp /home/tdurieux/defects4j-repair/src/python/core/../../..//libs/astor.jar fr.inria.main.evolution.MainjGenProg -mode statement -location . -dependencies lib/ -failing org.apache.commons.math.stat.FrequencyTest: -package org.apache.commons -jvm4testexecution /usr/lib/jvm/java-1.7.0-openjdk-amd64/bin/ -javacompliancelevel 6 -maxgen 1000000 -seed 10 -maxtime 60  -scope local  -stopfirst true -flthreshold 0.1 -population 1 -srcjavafolder src/java/ -srctestfolder src/test/ -binjavafolder target/classes/ -bintestfolder target/test-classes/;echo "

Node: `hostname`
";echo "
Date: `date`
";rm -rf /tmp/math_89_Genprog;

2015-08-24 21:10:42,512 INFO main - End Repair Loops: NOT Found solution
2015-08-24 21:10:42,512 INFO main - 
Number solutions:0
2015-08-24 21:10:42,512 INFO main - 
All variants:
2015-08-24 21:10:42,512 INFO main - f 1.0, [Variant id: 111809, #gens: 1, #ops: 0, parent:-]
2015-08-24 21:10:42,513 INFO main - --Space: LOCAL
org.apache.commons.math.stat.Frequency=94|,
2015-08-24 21:10:42,513 INFO main - 
----stats: 
2015-08-24 21:10:42,513 INFO main - 
spaces navigation: [9]: {(CtInvocationImpl| size: 23| notcompiles| LOCAL| REPLACE) =15, (CtInvocationImpl| size: 94| alreadyanalyzed| LOCAL| INSERT_BEFORE) =1308011, (CtInvocationImpl| size: 94| alreadyanalyzed| LOCAL| INSERT_AFTER) =1306054, (CtInvocationImpl| size: 94| compiles| LOCAL| INSERT_BEFORE) =26, (CtInvocationImpl| size: 94| compiles| LOCAL| INSERT_AFTER) =26, (CtInvocationImpl| size: 23| compiles| LOCAL| REPLACE) =2, (CtInvocationImpl| size: 23| alreadyanalyzed| LOCAL| REPLACE) =321836, (CtInvocationImpl| size: 94| notcompiles| LOCAL| INSERT_AFTER) =48, (CtInvocationImpl| size: 94| notcompiles| LOCAL| INSERT_BEFORE) =48}
#gen: 55904
#patches: 0
#RightCompilation: 14081
#WrongCompilation: 25
#FailingTestCaseExecution: 14082
#RegressionTestExecution: 0
#TestcasesExecutedval1: 98574
#TestcasesExecutedval2: 0
#FailingTestCase: 7
#RegressionTestCases: 0
#OfAppliedOp: 14106
#NotAppliedOp: 0
#InmutatedGen: 41798
#unfinishValidation: 0
#ing {CtInvocationImpl=55904}
#untilcompile {1=9, 2=3, 71=1, 3=5, 4=5, 5=7, 6=2, 7=4, 8=5, 9=1, 11=1, 44=1, 74=1, 14=2, 18=2, 20=1, 23=13994, 22=1, 24=1, 94=27805, 30=1}
2015-08-24 21:10:42,513 INFO main - Time Evolution(ms): 3660021
2015-08-24 21:10:42,513 INFO fr.inria.main.AbstractMain - Time Total(ms): 3684578


Node: graphene-14.nancy.grid5000.fr


Date: Mon Aug 24 23:10:42 CEST 2015


