/tmp/closure_93_NopolPC
export PATH="/home/tdurieux/defects4j/framework/bin:$PATH";export JAVA_TOOL_OPTIONS=-Dfile.encoding=UTF8;export PATH="/usr/lib/jvm/java-1.7.0-openjdk-amd64/bin/:$PATH";cd /home/tdurieux/projects/closure/closure_93;defects4j compile;cp -r /home/tdurieux/projects/closure/closure_93 /tmp/closure_93_NopolPC;cd /tmp/closure_93_NopolPC;mkdir lib/;cp -r /home/tdurieux/defects4j/framework/projects/lib/* lib/;cp -r /home/tdurieux/defects4j/framework/projects/Closure/lib/* lib/;find . -type f -name "package-info.java" -delete;
cd /tmp/closure_93_NopolPC;export JAVA_TOOL_OPTIONS=-Dfile.encoding=UTF8;TZ="America/New_York"; export TZexport PATH="/usr/lib/jvm/java-1.7.0-openjdk-amd64/bin/:$PATH";cp -r /home/tdurieux/defects4j-repair/src/python/core/../../../libs/z3 lib/z3;time java -Xmx4096m -cp /home/tdurieux/defects4j-repair/src/python/core/../../..//libs/nopol.jar:/usr/lib/jvm/java-1.7.0-openjdk-amd64/bin//../lib/tools.jar fr.inria.lille.repair.Main --mode repair --type precondition --oracle angelic --synthesis smt --solver z3 --solver-path /home/tdurieux/defects4j-repair/src/python/core/../../..//libs/z3/z3 --complianceLevel 7 --source /tmp/closure_93_NopolPC/src/ --classpath /tmp/closure_93_NopolPC/build/classes:/tmp/closure_93_NopolPC/build/test:/tmp/closure_93_NopolPC/lib/ant_deploy.jar:/tmp/closure_93_NopolPC/lib/args4j_deploy.jar:/tmp/closure_93_NopolPC/lib/guava-r06.jar:/tmp/closure_93_NopolPC/lib/json.jar:/tmp/closure_93_NopolPC/lib/jsr305.jar:/tmp/closure_93_NopolPC/lib/junit.jar:/tmp/closure_93_NopolPC/lib/protobuf-java-2.3.0.jar:/tmp/closure_93_NopolPC/lib/hamcrest-core-1.1.jar:/tmp/closure_93_NopolPC/lib/libtrunk_rhino_parser_jarjared.jar:/home/tdurieux/defects4j-repair/src/python/core/../../..//libs/nopol.jar;echo "

Node: `hostname`
";echo "
Date: `date`
";rm -rf /tmp/closure_93_NopolPC;

Nb classes : 356
Nb methods : 3960
Nb statements: 11224
Nb unit tests : 6159
Nb Statements Analyzed : 0
Nb Statements with Angelic Value Found : 0
Nb inputs in SMT : 0
Nb SMT level: 0
Nb variables in SMT : 0
Nb run failing test  : []
Nb run passing test : []
NoPol Execution time : 32110ms


Node: grisou-2.nancy.grid5000.fr


Date: Tue May 17 00:09:38 CEST 2016


