export PATH="/home/tdurieux/defects4j/framework/bin:$PATH";export JAVA_TOOL_OPTIONS=-Dfile.encoding=UTF8;export PATH="/usr/lib/jvm/java-1.7.0-openjdk-amd64/bin/:$PATH";cp -r /home/tdurieux/projects/lang/lang_45 /tmp/lang_45_Genprog;cd /tmp/lang_45_Genprog;defects4j compile;mkdir lib/;cp -r /home/tdurieux/defects4j/framework/projects/lib/* lib/;cp -r /home/tdurieux/defects4j/framework/projects/Lang/lib/* lib/;find . -type f -name "package-info.java" -delete;
/home/tdurieux/defects4j-repair/src/python/core/../../../results/2015-august/Lang/45/Genprog/result
cd /tmp/lang_45_Genprog;export JAVA_TOOL_OPTIONS=-Dfile.encoding=UTF8;TZ="America/New_York"; export TZexport PATH="/usr/lib/jvm/java-1.7.0-openjdk-amd64/bin/:$PATH";time java  -cp /home/tdurieux/defects4j-repair/src/python/core/../../..//libs/astor.jar fr.inria.main.evolution.MainjGenProg -mode statement -location . -dependencies lib/ -failing org.apache.commons.lang.WordUtilsTest: -package org.apache.commons -jvm4testexecution /usr/lib/jvm/java-1.7.0-openjdk-amd64/bin/ -javacompliancelevel 3 -maxgen 1000000 -seed 10 -maxtime 60  -scope local  -stopfirst true -flthreshold 0.1 -population 1 -srcjavafolder src/java/ -srctestfolder src/test/ -binjavafolder target/classes/ -bintestfolder target/tests/;echo "

Node: `hostname`
";echo "
Date: `date`
";rm -rf /tmp/lang_45_Genprog;

2015-08-24 23:35:30,586 INFO main - End Repair Loops: NOT Found solution
2015-08-24 23:35:30,586 INFO main - 
Number solutions:0
2015-08-24 23:35:30,586 INFO main - 
All variants:
2015-08-24 23:35:30,586 INFO main - f 43.0, [Variant id: 567, #gens: 50, #ops: 0, parent:-]
2015-08-24 23:35:30,586 INFO main - --Space: LOCAL
org.apache.commons.lang.builder.ReflectionToStringBuilder=74|,org.apache.commons.lang.builder.ToStringBuilder=126|,org.apache.commons.lang.ObjectUtils=31|,org.apache.commons.lang.builder.ToStringStyle=395|,org.apache.commons.lang.time.DateUtils=271|,
2015-08-24 23:35:30,586 INFO main - 
----stats: 
2015-08-24 23:35:30,587 INFO main - 
spaces navigation: [71]: {(CtAssignmentImpl| size: 126| notcompiles| LOCAL| INSERT_AFTER) =4, (CtReturnImpl| size: 74| notcompiles| LOCAL| INSERT_BEFORE) =15, (CtInvocationImpl| size: 74| notcompiles| LOCAL| INSERT_AFTER) =5, (CtIfImpl| size: 82| alreadyanalyzed| LOCAL| REPLACE) =3, (CtInvocationImpl| size: 225| compiles| LOCAL| REPLACE) =18, (CtAssignmentImpl| size: 6| compiles| LOCAL| REPLACE) =9, (CtThrowImpl| size: 271| compiles| LOCAL| INSERT_AFTER) =1, (CtReturnImpl| size: 31| compiles| LOCAL| INSERT_AFTER) =3, (CtReturnImpl| size: 271| notcompiles| LOCAL| INSERT_BEFORE) =4, (CtReturnImpl| size: 271| notcompiles| LOCAL| INSERT_AFTER) =3, (CtIfImpl| size: 395| notcompiles| LOCAL| INSERT_AFTER) =9, (CtReturnImpl| size: 74| compiles| LOCAL| INSERT_AFTER) =13, (CtAssignmentImpl| size: 74| alreadyanalyzed| LOCAL| INSERT_BEFORE) =1, (CtIfImpl| size: 82| notcompiles| LOCAL| REPLACE) =12, (CtForImpl| size: 74| compiles| LOCAL| INSERT_BEFORE) =1, (CtAssignmentImpl| size: 126| alreadyanalyzed| LOCAL| INSERT_AFTER) =1, (CtInvocationImpl| size: 225| notcompiles| LOCAL| REPLACE) =29, (CtIfImpl| size: 395| notcompiles| LOCAL| INSERT_BEFORE) =6, (CtAssignmentImpl| size: 6| notcompiles| LOCAL| REPLACE) =6, (CtReturnImpl| size: 31| alreadyanalyzed| LOCAL| INSERT_AFTER) =1, (CtInvocationImpl| size: 395| alreadyanalyzed| LOCAL| INSERT_BEFORE) =2, (CtForImpl| size: 74| notcompiles| LOCAL| INSERT_AFTER) =1, (CtInvocationImpl| size: 74| compiles| LOCAL| INSERT_AFTER) =7, (CtReturnImpl| size: 74| alreadyanalyzed| LOCAL| INSERT_AFTER) =8, (CtInvocationImpl| size: 225| alreadyanalyzed| LOCAL| REPLACE) =14, (CtBreakImpl| size: 1| alreadyanalyzed| LOCAL| REPLACE) =1, (CtReturnImpl| size: 16| compiles| LOCAL| REPLACE) =1, (CtForImpl| size: 2| alreadyanalyzed| LOCAL| REPLACE) =1, (CtThrowImpl| size: 271| notcompiles| LOCAL| INSERT_AFTER) =2, (CtAssignmentImpl| size: 6| alreadyanalyzed| LOCAL| REPLACE) =27, (CtReturnImpl| size: 27| compiles| LOCAL| REPLACE) =15, (CtIfImpl| size: 31| compiles| LOCAL| INSERT_AFTER) =2, (CtIfImpl| size: 74| compiles| LOCAL| INSERT_AFTER) =5, (CtInvocationImpl| size: 20| notcompiles| LOCAL| REPLACE) =19, (CtForImpl| size: 2| notcompiles| LOCAL| REPLACE) =1, (CtInvocationImpl| size: 395| notcompiles| LOCAL| INSERT_AFTER) =4, (CtReturnImpl| size: 74| alreadyanalyzed| LOCAL| INSERT_BEFORE) =3, (CtIfImpl| size: 74| alreadyanalyzed| LOCAL| INSERT_AFTER) =2, (CtForImpl| size: 74| compiles| LOCAL| INSERT_AFTER) =3, (CtInvocationImpl| size: 395| notcompiles| LOCAL| INSERT_BEFORE) =12, (CtReturnImpl| size: 74| notcompiles| LOCAL| INSERT_AFTER) =21, (CtAssignmentImpl| size: 74| compiles| LOCAL| INSERT_BEFORE) =12, (CtIfImpl| size: 8| compiles| LOCAL| REPLACE) =1, (CtInvocationImpl| size: 395| alreadyanalyzed| LOCAL| INSERT_AFTER) =1, (CtIfImpl| size: 74| notcompiles| LOCAL| INSERT_AFTER) =4, (CtAssignmentImpl| size: 74| notcompiles| LOCAL| INSERT_AFTER) =23, (CtIfImpl| size: 395| compiles| LOCAL| INSERT_BEFORE) =17, (CtIfImpl| size: 74| compiles| LOCAL| INSERT_BEFORE) =3, (CtInvocationImpl| size: 395| compiles| LOCAL| INSERT_BEFORE) =15, (CtAssignmentImpl| size: 74| compiles| LOCAL| INSERT_AFTER) =11, (CtIfImpl| size: 395| alreadyanalyzed| LOCAL| INSERT_AFTER) =2, (CtInvocationImpl| size: 74| notcompiles| LOCAL| INSERT_BEFORE) =30, (CtAssignmentImpl| size: 74| alreadyanalyzed| LOCAL| INSERT_AFTER) =8, (CtReturnImpl| size: 27| notcompiles| LOCAL| REPLACE) =13, (CtIfImpl| size: 8| alreadyanalyzed| LOCAL| REPLACE) =3, (CtIfImpl| size: 8| notcompiles| LOCAL| REPLACE) =2, (CtReturnImpl| size: 74| compiles| LOCAL| INSERT_BEFORE) =10, (CtInvocationImpl| size: 74| alreadyanalyzed| LOCAL| INSERT_BEFORE) =4, (CtLocalVariableImpl| size: 74| compiles| LOCAL| INSERT_BEFORE) =1, (CtInvocationImpl| size: 20| compiles| LOCAL| REPLACE) =7, (CtReturnImpl| size: 31| notcompiles| LOCAL| INSERT_AFTER) =1, (CtAssignmentImpl| size: 126| compiles| LOCAL| INSERT_AFTER) =1, (CtIfImpl| size: 82| compiles| LOCAL| REPLACE) =14, (CtIfImpl| size: 395| compiles| LOCAL| INSERT_AFTER) =14, (CtInvocationImpl| size: 395| compiles| LOCAL| INSERT_AFTER) =8, (CtReturnImpl| size: 271| compiles| LOCAL| INSERT_BEFORE) =2, (CtReturnImpl| size: 27| alreadyanalyzed| LOCAL| REPLACE) =16, (CtAssignmentImpl| size: 74| notcompiles| LOCAL| INSERT_BEFORE) =6, (CtInvocationImpl| size: 74| compiles| LOCAL| INSERT_BEFORE) =18, (CtReturnImpl| size: 271| compiles| LOCAL| INSERT_AFTER) =1, (CtInvocationImpl| size: 20| alreadyanalyzed| LOCAL| REPLACE) =29}
#gen: 283
#patches: 0
#RightCompilation: 177
#WrongCompilation: 106
#FailingTestCaseExecution: 178
#RegressionTestExecution: 178
#TestcasesExecutedval1: 2314
#TestcasesExecutedval2: 326598
#FailingTestCase: 13
#RegressionTestCases: 1877
#OfAppliedOp: 283
#NotAppliedOp: 0
#InmutatedGen: 7
#unfinishValidation: 4
#ing {CtLocalVariableImpl=1, CtForImpl=6, CtAssignmentImpl=45, CtReturnImpl=59, CtInvocationImpl=95, CtThrowImpl=1, CtBreakImpl=2, CtIfImpl=81}
#untilcompile {1=96, 2=50, 33=1, 3=23, 4=13, 5=8, 6=13, 7=5, 8=2, 9=1, 24=1, 10=2}
2015-08-24 23:35:30,587 INFO main - Time Evolution(ms): 4121845
2015-08-24 23:35:30,587 INFO fr.inria.main.AbstractMain - Time Total(ms): 4151600


Node: graphene-49.nancy.grid5000.fr


Date: Tue Aug 25 01:35:31 CEST 2015


