export PATH="/home/tdurieux/defects4j/framework/bin:$PATH";export JAVA_TOOL_OPTIONS=-Dfile.encoding=UTF8;export PATH="/usr/lib/jvm/java-1.7.0-openjdk-amd64/bin/:$PATH";cp -r /home/tdurieux/projects/math/math_14 /tmp/math_14_Genprog;cd /tmp/math_14_Genprog;defects4j compile;mkdir lib/;cp -r /home/tdurieux/defects4j/framework/projects/lib/* lib/;cp -r /home/tdurieux/defects4j/framework/projects/Math/lib/* lib/;find . -type f -name "package-info.java" -delete;
/home/tdurieux/defects4j-repair/src/python/core/../../../results/2015-august/Math/14/Genprog/result
cd /tmp/math_14_Genprog;export JAVA_TOOL_OPTIONS=-Dfile.encoding=UTF8;TZ="America/New_York"; export TZexport PATH="/usr/lib/jvm/java-1.7.0-openjdk-amd64/bin/:$PATH";time java  -cp /home/tdurieux/defects4j-repair/src/python/core/../../..//libs/astor.jar fr.inria.main.evolution.MainjGenProg -mode statement -location . -dependencies lib/ -failing org.apache.commons.math3.fitting.PolynomialFitterTest: -package org.apache.commons -jvm4testexecution /usr/lib/jvm/java-1.7.0-openjdk-amd64/bin/ -javacompliancelevel 5 -maxgen 1000000 -seed 10 -maxtime 60  -scope local  -stopfirst true -flthreshold 0.1 -population 1 -srcjavafolder src/main/java/ -srctestfolder src/test/java/ -binjavafolder target/classes/ -bintestfolder target/test-classes/;echo "

Node: `hostname`
";echo "
Date: `date`
";rm -rf /tmp/math_14_Genprog;

2015-08-24 23:07:49,852 INFO main - End Repair Loops: NOT Found solution
2015-08-24 23:07:49,852 INFO main - 
Number solutions:0
2015-08-24 23:07:49,852 INFO main - 
All variants:
2015-08-24 23:07:49,852 INFO main - f 1.0, [Variant id: 3037, #gens: 25, #ops: 0, parent:-]
2015-08-24 23:07:49,852 INFO main - --Space: LOCAL
org.apache.commons.math3.fitting.CurveFitter=35|,org.apache.commons.math3.fitting.WeightedObservedPoint=7|,org.apache.commons.math3.analysis.polynomials.PolynomialFunction=116|,org.apache.commons.math3.fitting.PolynomialFitter=3|,
2015-08-24 23:07:49,852 INFO main - 
----stats: 
2015-08-24 23:07:49,852 INFO main - 
spaces navigation: [105]: {(CtReturnImpl| size: 2| notcompiles| LOCAL| REPLACE) =1, (CtLocalVariableImpl| size: 9| alreadyanalyzed| LOCAL| REPLACE) =1136, (CtForImpl| size: 116| alreadyanalyzed| LOCAL| INSERT_AFTER) =33, (CtReturnImpl| size: 35| notcompiles| LOCAL| INSERT_BEFORE) =12, (CtLocalVariableImpl| size: 116| notcompiles| LOCAL| INSERT_AFTER) =83, (CtIfImpl| size: 116| notcompiles| LOCAL| INSERT_BEFORE) =47, (CtReturnImpl| size: 3| alreadyanalyzed| LOCAL| INSERT_BEFORE) =148, (CtReturnImpl| size: 3| alreadyanalyzed| LOCAL| REPLACE) =166, (CtReturnImpl| size: 35| notcompiles| LOCAL| INSERT_AFTER) =12, (CtInvocationImpl| size: 35| notcompiles| LOCAL| INSERT_BEFORE) =11, (CtReturnImpl| size: 7| compiles| LOCAL| REPLACE) =3, (CtForImpl| size: 11| alreadyanalyzed| LOCAL| REPLACE) =188, (CtReturnImpl| size: 24| notcompiles| LOCAL| REPLACE) =17, (CtLocalVariableImpl| size: 23| alreadyanalyzed| LOCAL| REPLACE) =282, (CtLocalVariableImpl| size: 116| alreadyanalyzed| LOCAL| INSERT_AFTER) =124, (CtLocalVariableImpl| size: 116| notcompiles| LOCAL| INSERT_BEFORE) =82, (CtIfImpl| size: 116| alreadyanalyzed| LOCAL| INSERT_BEFORE) =65, (CtForEachImpl| size: 3| alreadyanalyzed| LOCAL| REPLACE) =121, (CtReturnImpl| size: 35| compiles| LOCAL| INSERT_BEFORE) =17, (CtForEachImpl| size: 35| compiles| LOCAL| INSERT_BEFORE) =17, (CtAssignmentImpl| size: 7| compiles| LOCAL| REPLACE) =4, (CtForImpl| size: 11| notcompiles| LOCAL| REPLACE) =10, (CtAssignmentImpl| size: 35| alreadyanalyzed| LOCAL| INSERT_BEFORE) =1590, (CtForEachImpl| size: 35| compiles| LOCAL| INSERT_AFTER) =17, (CtAssignmentImpl| size: 35| alreadyanalyzed| LOCAL| INSERT_AFTER) =938, (CtIfImpl| size: 18| notcompiles| LOCAL| REPLACE) =11, (CtLocalVariableImpl| size: 35| compiles| LOCAL| INSERT_BEFORE) =82, (CtReturnImpl| size: 35| alreadyanalyzed| LOCAL| INSERT_BEFORE) =469, (CtLocalVariableImpl| size: 35| compiles| LOCAL| INSERT_AFTER) =82, (CtAssignmentImpl| size: 35| notcompiles| LOCAL| INSERT_BEFORE) =22, (CtReturnImpl| size: 116| notcompiles| LOCAL| INSERT_BEFORE) =66, (CtInvocationImpl| size: 116| compiles| LOCAL| INSERT_BEFORE) =24, (CtInvocationImpl| size: 19| notcompiles| LOCAL| REPLACE) =14, (CtIfImpl| size: 116| notcompiles| LOCAL| INSERT_AFTER) =28, (CtInvocationImpl| size: 35| alreadyanalyzed| LOCAL| INSERT_AFTER) =809, (CtLocalVariableImpl| size: 116| compiles| LOCAL| INSERT_AFTER) =45, (CtForImpl| size: 116| notcompiles| LOCAL| INSERT_BEFORE) =17, (CtIfImpl| size: 116| alreadyanalyzed| LOCAL| INSERT_AFTER) =33, (CtLocalVariableImpl| size: 116| compiles| LOCAL| INSERT_BEFORE) =50, (CtLocalVariableImpl| size: 9| compiles| LOCAL| REPLACE) =30, (CtUnaryOperatorImpl| size: 35| notcompiles| LOCAL| INSERT_BEFORE) =12, (CtForEachImpl| size: 35| notcompiles| LOCAL| INSERT_AFTER) =12, (CtInvocationImpl| size: 35| alreadyanalyzed| LOCAL| INSERT_BEFORE) =566, (CtLocalVariableImpl| size: 23| compiles| LOCAL| REPLACE) =34, (CtReturnImpl| size: 116| notcompiles| LOCAL| INSERT_AFTER) =63, (CtUnaryOperatorImpl| size: 35| alreadyanalyzed| LOCAL| INSERT_AFTER) =671, (CtIfImpl| size: 116| compiles| LOCAL| INSERT_BEFORE) =22, (CtReturnImpl| size: 35| alreadyanalyzed| LOCAL| INSERT_AFTER) =709, (CtUnaryOperatorImpl| size: 1| alreadyanalyzed| LOCAL| REPLACE) =28, (CtLocalVariableImpl| size: 116| alreadyanalyzed| LOCAL| INSERT_BEFORE) =178, (CtIfImpl| size: 18| alreadyanalyzed| LOCAL| REPLACE) =353, (CtInvocationImpl| size: 116| notcompiles| LOCAL| INSERT_BEFORE) =47, (CtForEachImpl| size: 35| alreadyanalyzed| LOCAL| INSERT_BEFORE) =371, (CtUnaryOperatorImpl| size: 35| alreadyanalyzed| LOCAL| INSERT_BEFORE) =734, (CtReturnImpl| size: 116| compiles| LOCAL| INSERT_BEFORE) =46, (CtUnaryOperatorImpl| size: 35| notcompiles| LOCAL| INSERT_AFTER) =12, (CtInvocationImpl| size: 35| notcompiles| LOCAL| INSERT_AFTER) =11, (CtInvocationImpl| size: 19| compiles| LOCAL| REPLACE) =1, (CtUnaryOperatorImpl| size: 35| compiles| LOCAL| INSERT_BEFORE) =17, (CtReturnImpl| size: 7| alreadyanalyzed| LOCAL| REPLACE) =194, (CtUnaryOperatorImpl| size: 35| compiles| LOCAL| INSERT_AFTER) =17, (CtReturnImpl| size: 116| alreadyanalyzed| LOCAL| INSERT_BEFORE) =56, (CtForEachImpl| size: 35| alreadyanalyzed| LOCAL| INSERT_AFTER) =805, (CtAssignmentImpl| size: 35| notcompiles| LOCAL| INSERT_AFTER) =22, (CtForImpl| size: 116| alreadyanalyzed| LOCAL| INSERT_BEFORE) =13, (CtReturnImpl| size: 35| compiles| LOCAL| INSERT_AFTER) =17, (CtLocalVariableImpl| size: 35| notcompiles| LOCAL| INSERT_BEFORE) =63, (CtInvocationImpl| size: 116| notcompiles| LOCAL| INSERT_AFTER) =37, (CtReturnImpl| size: 24| alreadyanalyzed| LOCAL| REPLACE) =1034, (CtInvocationImpl| size: 35| compiles| LOCAL| INSERT_AFTER) =18, (CtAssignmentImpl| size: 35| compiles| LOCAL| INSERT_AFTER) =36, (CtAssignmentImpl| size: 35| compiles| LOCAL| INSERT_BEFORE) =36, (CtInvocationImpl| size: 116| alreadyanalyzed| LOCAL| INSERT_BEFORE) =82, (CtReturnImpl| size: 2| alreadyanalyzed| LOCAL| REPLACE) =113, (CtReturnImpl| size: 3| notcompiles| LOCAL| INSERT_BEFORE) =2, (CtReturnImpl| size: 3| compiles| LOCAL| REPLACE) =4, (CtReturnImpl| size: 7| alreadyanalyzed| LOCAL| INSERT_BEFORE) =472, (CtReturnImpl| size: 3| notcompiles| LOCAL| INSERT_AFTER) =2, (CtReturnImpl| size: 116| compiles| LOCAL| INSERT_AFTER) =40, (CtIfImpl| size: 116| compiles| LOCAL| INSERT_AFTER) =21, (CtReturnImpl| size: 116| alreadyanalyzed| LOCAL| INSERT_AFTER) =78, (CtInvocationImpl| size: 35| compiles| LOCAL| INSERT_BEFORE) =18, (CtForImpl| size: 116| compiles| LOCAL| INSERT_AFTER) =20, (CtInvocationImpl| size: 19| alreadyanalyzed| LOCAL| REPLACE) =386, (CtInvocationImpl| size: 8| compiles| LOCAL| REPLACE) =3, (CtInvocationImpl| size: 8| alreadyanalyzed| LOCAL| REPLACE) =178, (CtReturnImpl| size: 7| compiles| LOCAL| INSERT_BEFORE) =12, (CtReturnImpl| size: 7| alreadyanalyzed| LOCAL| INSERT_AFTER) =287, (CtIfImpl| size: 18| compiles| LOCAL| REPLACE) =3, (CtForEachImpl| size: 35| notcompiles| LOCAL| INSERT_BEFORE) =12, (CtInvocationImpl| size: 8| notcompiles| LOCAL| REPLACE) =1, (CtAssignmentImpl| size: 7| notcompiles| LOCAL| REPLACE) =8, (CtForImpl| size: 116| compiles| LOCAL| INSERT_BEFORE) =17, (CtInvocationImpl| size: 116| compiles| LOCAL| INSERT_AFTER) =16, (CtReturnImpl| size: 7| compiles| LOCAL| INSERT_AFTER) =12, (CtReturnImpl| size: 24| compiles| LOCAL| REPLACE) =14, (CtLocalVariableImpl| size: 35| alreadyanalyzed| LOCAL| INSERT_AFTER) =2987, (CtLocalVariableImpl| size: 35| notcompiles| LOCAL| INSERT_AFTER) =63, (CtForEachImpl| size: 3| compiles| LOCAL| REPLACE) =2, (CtInvocationImpl| size: 116| alreadyanalyzed| LOCAL| INSERT_AFTER) =25, (CtAssignmentImpl| size: 7| alreadyanalyzed| LOCAL| REPLACE) =375, (CtReturnImpl| size: 7| notcompiles| LOCAL| REPLACE) =3, (CtReturnImpl| size: 3| alreadyanalyzed| LOCAL| INSERT_AFTER) =124, (CtLocalVariableImpl| size: 35| alreadyanalyzed| LOCAL| INSERT_BEFORE) =2948, (CtForImpl| size: 116| notcompiles| LOCAL| INSERT_AFTER) =35}
#gen: 1518
#patches: 0
#RightCompilation: 464
#WrongCompilation: 1054
#FailingTestCaseExecution: 465
#RegressionTestExecution: 0
#TestcasesExecutedval1: 4185
#TestcasesExecutedval2: 0
#FailingTestCase: 9
#RegressionTestCases: 0
#OfAppliedOp: 1518
#NotAppliedOp: 0
#InmutatedGen: 1455
#unfinishValidation: 0
#ing {CtLocalVariableImpl=792, CtForImpl=80, CtForEachImpl=136, CtAssignmentImpl=250, CtReturnImpl=1025, CtInvocationImpl=481, CtIfImpl=88, CtUnaryOperatorImpl=121}
#untilcompile {1=183, 2=119, 3=97, 4=54, 5=43, 6=36, 7=51, 8=34, 9=37, 10=18, 11=24, 12=12, 13=6, 14=14, 15=9, 17=9, 16=12, 19=13, 18=8, 21=6, 20=8, 23=6, 22=4, 25=4, 24=5, 27=6, 26=5, 29=2, 28=5, 31=6, 30=3, 34=4, 35=55, 32=1, 33=5, 38=9, 39=3, 36=11, 37=7, 42=7, 43=7, 40=4, 41=4, 46=3, 47=7, 44=10, 45=6, 51=5, 50=5, 48=4, 55=3, 54=5, 53=1, 52=3, 59=3, 58=2, 57=1, 63=1, 61=1, 60=3, 68=2, 69=2, 70=11, 71=3, 64=1, 66=2, 77=3, 78=3, 79=1, 72=3, 73=1, 74=1, 75=1, 84=1, 87=1, 86=2, 81=3, 80=1, 83=3, 82=1, 93=1, 94=2, 89=1, 91=1, 103=2, 97=3, 111=1, 108=1, 109=1, 106=1, 107=1, 104=1, 105=3, 119=1, 118=1, 117=2, 115=1, 114=3, 112=1, 123=1, 121=1, 136=1, 144=1, 145=1, 162=1, 161=1, 166=1, 164=1, 185=2, 205=1, 202=1}
2015-08-24 23:07:49,853 INFO main - Time Evolution(ms): 3660726
2015-08-24 23:07:49,853 INFO fr.inria.main.AbstractMain - Time Total(ms): 4588088


Node: griffon-2.nancy.grid5000.fr


Date: Tue Aug 25 01:07:50 CEST 2015


