export PATH="/home/tdurieux/defects4j/framework/bin:$PATH";export JAVA_TOOL_OPTIONS=-Dfile.encoding=UTF8;export PATH="/usr/lib/jvm/java-1.7.0-openjdk-amd64/bin/:$PATH";cp -r /home/tdurieux/projects/chart/chart_3 /tmp/chart_3_Genprog;cd /tmp/chart_3_Genprog;defects4j compile;mkdir lib/;cp -r /home/tdurieux/defects4j/framework/projects/lib/* lib/;cp -r /home/tdurieux/defects4j/framework/projects/Chart/lib/* lib/;find . -type f -name "package-info.java" -delete;
/home/tdurieux/defects4j-repair/src/python/core/../../../results/2015-august/Chart/3/Genprog/result
cd /tmp/chart_3_Genprog;export JAVA_TOOL_OPTIONS=-Dfile.encoding=UTF8;TZ="America/New_York"; export TZexport PATH="/usr/lib/jvm/java-1.7.0-openjdk-amd64/bin/:$PATH";time java  -cp /home/tdurieux/defects4j-repair/src/python/core/../../..//libs/astor.jar fr.inria.main.evolution.MainjGenProg -mode statement -location . -dependencies lib/ -failing org.jfree.data.time.junit.TimeSeriesTests: -package org.jfree -jvm4testexecution /usr/lib/jvm/java-1.7.0-openjdk-amd64/bin/ -javacompliancelevel 4 -maxgen 1000000 -seed 10 -maxtime 60  -scope local  -stopfirst true -flthreshold 0.1 -population 1 -srcjavafolder source/ -srctestfolder tests/ -binjavafolder build/ -bintestfolder build-tests/;echo "

Node: `hostname`
";echo "
Date: `date`
";rm -rf /tmp/chart_3_Genprog;

2015-08-24 23:40:58,181 INFO main - End Repair Loops: Found solution
2015-08-24 23:40:58,181 INFO main - Solution stored at: ./outputMutation//MainjGenProg-.//src/
2015-08-24 23:40:58,181 INFO main - 
Number solutions:1
2015-08-24 23:40:58,182 INFO main - f (sol): 0.0, [Variant id: 208 (SOL) , #gens: 81, #ops: 1, parent:207]
2015-08-24 23:40:58,182 INFO main - 
All variants:
2015-08-24 23:40:58,182 INFO main - f 1.0, [Variant id: 209, #gens: 80, #ops: 0, parent:-]
2015-08-24 23:40:58,182 INFO main - 
Solution details
2015-08-24 23:40:58,182 INFO main - 
 --SOLUTIONS DESCRIPTION--

 ----
ProgramVariant 208
 
operation: INSERT_BEFORE
location= org.jfree.data.time.TimeSeries
line= 626
original statement= if (added) {
	updateBoundsForAddedItem(item);
	if ((getItemCount()) > (this.maximumItemCount)) {
		org.jfree.data.time.TimeSeriesDataItem d = ((org.jfree.data.time.TimeSeriesDataItem)(this.data.remove(0)));
		updateBoundsForRemovedItem(d);
	} 
	removeAgedItems(false);
	if (notify) {
		fireSeriesChanged();
	} 
} 
fixed statement= findBoundsByIteration()
generation= 104
ingredientScope= LOCAL
 
2015-08-24 23:40:58,182 INFO main - --Space: LOCAL
org.jfree.data.time.TimeSeriesDataItem=42|,org.jfree.data.time.Year=56|,org.jfree.data.general.Series=56|,org.jfree.data.time.TimeSeries=355|,
2015-08-24 23:40:58,182 INFO main - 
----stats: 
2015-08-24 23:40:58,182 INFO main - 
spaces navigation: [45]: {(CtIfImpl| size: 355| notcompiles| LOCAL| INSERT_BEFORE) =11, (CtReturnImpl| size: 355| compiles| LOCAL| INSERT_BEFORE) =4, (CtIfImpl| size: 74| alreadyanalyzed| LOCAL| REPLACE) =3, (CtAssignmentImpl| size: 54| alreadyanalyzed| LOCAL| REPLACE) =11, (CtReturnImpl| size: 56| compiles| LOCAL| INSERT_AFTER) =1, (CtIfImpl| size: 355| notcompiles| LOCAL| INSERT_AFTER) =8, (CtAssignmentImpl| size: 355| notcompiles| LOCAL| INSERT_BEFORE) =3, (CtLocalVariableImpl| size: 355| notcompiles| LOCAL| INSERT_BEFORE) =2, (CtInvocationImpl| size: 355| notcompiles| LOCAL| INSERT_AFTER) =1, (CtReturnImpl| size: 42| notcompiles| LOCAL| INSERT_BEFORE) =1, (CtForImpl| size: 5| notcompiles| LOCAL| REPLACE) =4, (CtForImpl| size: 5| alreadyanalyzed| LOCAL| REPLACE) =11, (CtReturnImpl| size: 42| alreadyanalyzed| LOCAL| INSERT_AFTER) =1, (CtReturnImpl| size: 42| alreadyanalyzed| LOCAL| INSERT_BEFORE) =2, (CtAssignmentImpl| size: 42| compiles| LOCAL| INSERT_BEFORE) =1, (CtAssignmentImpl| size: 54| compiles| LOCAL| REPLACE) =4, (CtAssignmentImpl| size: 355| notcompiles| LOCAL| INSERT_AFTER) =1, (CtReturnImpl| size: 42| compiles| LOCAL| INSERT_AFTER) =1, (CtIfImpl| size: 355| compiles| LOCAL| INSERT_BEFORE) =9, (CtLocalVariableImpl| size: 56| compiles| LOCAL| INSERT_AFTER) =1, (CtReturnImpl| size: 56| alreadyanalyzed| LOCAL| INSERT_BEFORE) =1, (CtReturnImpl| size: 56| notcompiles| LOCAL| INSERT_BEFORE) =5, (CtInvocationImpl| size: 355| compiles| LOCAL| INSERT_BEFORE) =1, (CtIfImpl| size: 74| notcompiles| LOCAL| REPLACE) =34, (CtReturnImpl| size: 49| compiles| LOCAL| REPLACE) =2, (CtLocalVariableImpl| size: 355| compiles| LOCAL| INSERT_AFTER) =3, (CtIfImpl| size: 74| compiles| LOCAL| REPLACE) =13, (CtAssignmentImpl| size: 54| notcompiles| LOCAL| REPLACE) =22, (CtInvocationImpl| size: 73| compiles| LOCAL| REPLACE) =3, (CtUnaryOperatorImpl| size: 355| compiles| LOCAL| INSERT_BEFORE) =1, (CtAssignmentImpl| size: 355| compiles| LOCAL| INSERT_AFTER) =1, (CtReturnImpl| size: 42| compiles| LOCAL| INSERT_BEFORE) =1, (CtIfImpl| size: 355| compiles| LOCAL| INSERT_AFTER) =7, (CtReturnImpl| size: 355| notcompiles| LOCAL| INSERT_BEFORE) =7, (CtUnaryOperatorImpl| size: 355| notcompiles| LOCAL| INSERT_BEFORE) =1, (CtReturnImpl| size: 56| compiles| LOCAL| INSERT_BEFORE) =3, (CtInvocationImpl| size: 355| compiles| LOCAL| INSERT_AFTER) =4, (CtLocalVariableImpl| size: 355| compiles| LOCAL| INSERT_BEFORE) =5, (CtAssignmentImpl| size: 12| compiles| LOCAL| REPLACE) =1, (CtReturnImpl| size: 49| alreadyanalyzed| LOCAL| REPLACE) =1, (CtLocalVariableImpl| size: 355| notcompiles| LOCAL| INSERT_AFTER) =9, (CtLocalVariableImpl| size: 72| compiles| LOCAL| REPLACE) =6, (CtReturnImpl| size: 42| notcompiles| LOCAL| INSERT_AFTER) =1, (CtReturnImpl| size: 355| compiles| LOCAL| INSERT_AFTER) =2, (CtAssignmentImpl| size: 355| compiles| LOCAL| INSERT_BEFORE) =5}
#gen: 104
#patches: 1
#RightCompilation: 43
#WrongCompilation: 61
#FailingTestCaseExecution: 44
#RegressionTestExecution: 1
#TestcasesExecutedval1: 1628
#TestcasesExecutedval2: 2195
#FailingTestCase: 37
#RegressionTestCases: 2195
#OfAppliedOp: 104
#NotAppliedOp: 0
#InmutatedGen: 3
#unfinishValidation: 0
#ing {CtLocalVariableImpl=21, CtForImpl=5, CtReturnImpl=17, CtAssignmentImpl=16, CtInvocationImpl=12, CtIfImpl=35, CtUnaryOperatorImpl=1}
#untilcompile {1=41, 2=9, 3=9, 4=9, 5=3, 6=3, 22=1, 7=2, 8=1, 9=1, 11=1}
2015-08-24 23:40:58,182 INFO main - Time Evolution(ms): 33763
2015-08-24 23:40:58,182 INFO fr.inria.main.AbstractMain - Time Total(ms): 80727


Node: griffon-71.nancy.grid5000.fr


Date: Tue Aug 25 01:40:58 CEST 2015


