cd /tmp/math_44_Brutpol;export JAVA_TOOL_OPTIONS=-Dfile.encoding=UTF8;TZ="America/New_York"; export TZexport PATH="/usr/lib/jvm/java-1.7.0-openjdk-amd64/bin/:$PATH";cp -r /home/tdurieux/dynamoth-experiments/src/python/core/../../../libs/z3 lib/z3;time java -d64 -Xmx4g -Xms1g -XX:MaxPermSize=1024m -XX:+UseConcMarkSweepGC -XX:+CMSPermGenSweepingEnabled -XX:+CMSClassUnloadingEnabled -cp /home/tdurieux/dynamoth-experiments/src/python/core/../../..//libs/nopol.jar:/usr/lib/jvm/java-1.7.0-openjdk-amd64/bin//../lib/tools.jar fr.inria.lille.repair.Main --flocal gzoltar  --maxTime 300  --json  --mode repair --type pre_then_cond --oracle angelic --synthesis dynamoth --solver z3 --solver-path /home/tdurieux/dynamoth-experiments/src/python/core/../../..//libs/z3/z3 --complianceLevel 5 --source /tmp/math_44_Brutpol/src/main/java/ --classpath /tmp/math_44_Brutpol/target/classes/:/tmp/math_44_Brutpol/target/test-classes/:/tmp/math_44_Brutpol/lib/commons-discovery-0.5.jar:/home/tdurieux/dynamoth-experiments/src/python/core/../../..//libs/nopol.jar;echo "

Node: `hostname`
";echo "
Date: `date`
";

17:32:18.679 [pool-2-thread-1] INFO  fr.inria.lille.repair.nopol.NoPol - Nb classes : 587
17:32:18.680 [pool-2-thread-1] INFO  fr.inria.lille.repair.nopol.NoPol - Nb methods : 3744
17:32:18.680 [pool-2-thread-1] INFO  fr.inria.lille.repair.nopol.NoPol - Nb Statements Analyzed : 255
17:32:18.680 [pool-2-thread-1] INFO  fr.inria.lille.repair.nopol.NoPol - Nb Statements with Angelic Value Found : 1
17:32:18.680 [pool-2-thread-1] INFO  fr.inria.lille.repair.nopol.NoPol - NoPol Execution time : 514855ms
17:32:18.680 [pool-2-thread-1] INFO  fr.inria.lille.repair.nopol.NoPol - ----PATCH FOUND----
17:32:18.680 [pool-2-thread-1] INFO  fr.inria.lille.repair.nopol.NoPol - currentT <= y.length
17:32:18.801 [pool-2-thread-1] INFO  fr.inria.lille.repair.nopol.NoPol - Nb test that executes the patch: 137
17:32:18.802 [pool-2-thread-1] INFO  fr.inria.lille.repair.nopol.NoPol - org.apache.commons.math.ode.AbstractIntegrator:287: PRECONDITION
17:32:18.826 [pool-2-thread-1] INFO  fr.inria.lille.repair.nopol.NoPol - --- /tmp/math_44_Brutpol/src/main/java/org/apache/commons/math/ode/AbstractIntegrator.java
+++ /tmp/math_44_Brutpol/src/main/java/org/apache/commons/math/ode/AbstractIntegrator.java
@@ -286,3 +286,5 @@
                 }
-                statesInitialized = true;
+                if (currentT <= y.length) {
+                    statesInitialized = true;
+                }
             }



Node: griffon-20.nancy.grid5000.fr


Date: Sat Mar  4 18:32:19 CET 2017


