export PATH="/home/tdurieux/defects4j/framework/bin:$PATH";export JAVA_TOOL_OPTIONS=-Dfile.encoding=UTF8;export PATH="/usr/lib/jvm/java-1.7.0-openjdk-amd64/bin/:$PATH";cp -r /home/tdurieux/projects/lang/lang_54 /tmp/lang_54_Genprog;cd /tmp/lang_54_Genprog;defects4j compile;mkdir lib/;cp -r /home/tdurieux/defects4j/framework/projects/lib/* lib/;cp -r /home/tdurieux/defects4j/framework/projects/Lang/lib/* lib/;find . -type f -name "package-info.java" -delete;
/home/tdurieux/defects4j-repair/src/python/core/../../../results/2015-august/Lang/54/Genprog/result
cd /tmp/lang_54_Genprog;export JAVA_TOOL_OPTIONS=-Dfile.encoding=UTF8;TZ="America/New_York"; export TZexport PATH="/usr/lib/jvm/java-1.7.0-openjdk-amd64/bin/:$PATH";time java  -cp /home/tdurieux/defects4j-repair/src/python/core/../../..//libs/astor.jar fr.inria.main.evolution.MainjGenProg -mode statement -location . -dependencies lib/ -failing org.apache.commons.lang.LocaleUtilsTest: -package org.apache.commons -jvm4testexecution /usr/lib/jvm/java-1.7.0-openjdk-amd64/bin/ -javacompliancelevel 3 -maxgen 1000000 -seed 10 -maxtime 60  -scope local  -stopfirst true -flthreshold 0.1 -population 1 -srcjavafolder src/java/ -srctestfolder src/test/ -binjavafolder target/classes/ -bintestfolder target/tests/;echo "

Node: `hostname`
";echo "
Date: `date`
";rm -rf /tmp/lang_54_Genprog;

2015-08-24 23:18:51,169 INFO main - End Repair Loops: NOT Found solution
2015-08-24 23:18:51,169 INFO main - 
Number solutions:0
2015-08-24 23:18:51,169 INFO main - 
All variants:
2015-08-24 23:18:51,169 INFO main - f 42.0, [Variant id: 39791, #gens: 14, #ops: 0, parent:-]
2015-08-24 23:18:51,169 INFO main - --Space: LOCAL
org.apache.commons.lang.LocaleUtils=70|,
2015-08-24 23:18:51,169 INFO main - 
----stats: 
2015-08-24 23:18:51,169 INFO main - 
spaces navigation: [33]: {(CtIfImpl| size: 19| alreadyanalyzed| LOCAL| REPLACE) =158488, (CtLocalVariableImpl| size: 14| compiles| LOCAL| REPLACE) =55, (CtReturnImpl| size: 70| alreadyanalyzed| LOCAL| INSERT_AFTER) =121020, (CtThrowImpl| size: 70| compiles| LOCAL| INSERT_AFTER) =26, (CtIfImpl| size: 70| compiles| LOCAL| INSERT_BEFORE) =146, (CtLocalVariableImpl| size: 14| alreadyanalyzed| LOCAL| REPLACE) =98590, (CtReturnImpl| size: 70| compiles| LOCAL| INSERT_AFTER) =33, (CtReturnImpl| size: 11| notcompiles| LOCAL| REPLACE) =16, (CtReturnImpl| size: 70| alreadyanalyzed| LOCAL| INSERT_BEFORE) =130700, (CtThrowImpl| size: 70| alreadyanalyzed| LOCAL| INSERT_AFTER) =117752, (CtThrowImpl| size: 5| alreadyanalyzed| LOCAL| REPLACE) =8310, (CtLocalVariableImpl| size: 70| alreadyanalyzed| LOCAL| INSERT_BEFORE) =494564, (CtThrowImpl| size: 70| alreadyanalyzed| LOCAL| INSERT_BEFORE) =123391, (CtIfImpl| size: 70| alreadyanalyzed| LOCAL| INSERT_AFTER) =583461, (CtIfImpl| size: 70| alreadyanalyzed| LOCAL| INSERT_BEFORE) =571864, (CtIfImpl| size: 70| notcompiles| LOCAL| INSERT_BEFORE) =232, (CtLocalVariableImpl| size: 70| notcompiles| LOCAL| INSERT_AFTER) =196, (CtLocalVariableImpl| size: 70| alreadyanalyzed| LOCAL| INSERT_AFTER) =494038, (CtLocalVariableImpl| size: 70| compiles| LOCAL| INSERT_AFTER) =119, (CtReturnImpl| size: 70| notcompiles| LOCAL| INSERT_AFTER) =93, (CtLocalVariableImpl| size: 70| notcompiles| LOCAL| INSERT_BEFORE) =196, (CtIfImpl| size: 70| notcompiles| LOCAL| INSERT_AFTER) =232, (CtReturnImpl| size: 70| compiles| LOCAL| INSERT_BEFORE) =33, (CtIfImpl| size: 19| compiles| LOCAL| REPLACE) =32, (CtThrowImpl| size: 70| notcompiles| LOCAL| INSERT_AFTER) =37, (CtReturnImpl| size: 11| compiles| LOCAL| REPLACE) =4, (CtReturnImpl| size: 11| alreadyanalyzed| LOCAL| REPLACE) =20789, (CtIfImpl| size: 70| compiles| LOCAL| INSERT_AFTER) =146, (CtIfImpl| size: 19| notcompiles| LOCAL| REPLACE) =76, (CtLocalVariableImpl| size: 70| compiles| LOCAL| INSERT_BEFORE) =119, (CtReturnImpl| size: 70| notcompiles| LOCAL| INSERT_BEFORE) =93, (CtThrowImpl| size: 70| compiles| LOCAL| INSERT_BEFORE) =26, (CtThrowImpl| size: 70| notcompiles| LOCAL| INSERT_BEFORE) =37}
#gen: 19895
#patches: 0
#RightCompilation: 8987
#WrongCompilation: 10542
#FailingTestCaseExecution: 8988
#RegressionTestExecution: 1
#TestcasesExecutedval1: 107856
#TestcasesExecutedval2: 1710
#FailingTestCase: 12
#RegressionTestCases: 1710
#OfAppliedOp: 19529
#NotAppliedOp: 0
#InmutatedGen: 56546
#unfinishValidation: 0
#ing {CtLocalVariableImpl=28311, CtReturnImpl=7311, CtThrowImpl=6908, CtIfImpl=33545}
#untilcompile {1=141, 2=78, 3=62, 4=46, 5=165, 6=31, 7=19, 8=18, 9=21, 10=11, 11=128, 12=11, 13=14, 14=527, 15=9, 17=6, 16=7, 19=555, 18=9, 21=11, 20=7, 23=7, 22=7, 25=23, 24=39, 27=8, 26=4, 29=5, 28=33, 31=3, 30=28, 34=4, 35=6, 32=2, 33=119, 38=71, 39=8, 36=3, 37=4, 42=4, 43=6, 40=1, 41=3, 46=2, 47=17, 44=13, 45=2, 51=1, 50=2, 49=7, 48=1, 52=19, 59=1, 58=2, 63=5, 62=1, 61=3, 68=1, 70=2356, 71=7, 66=9, 76=2, 77=2, 78=1, 79=1, 72=1, 73=2, 74=1, 75=111, 85=1, 84=490, 87=1, 86=9, 81=118, 83=1, 82=2, 93=2, 92=3, 95=28, 94=44, 89=554, 90=2, 103=168, 100=31, 101=1, 98=43, 96=1, 111=2, 108=96, 109=4, 106=1, 107=1, 104=1, 105=3, 119=9, 118=1, 117=35, 114=13, 113=8, 127=25, 122=34, 120=1, 137=1, 136=8, 141=6, 140=1146, 143=1, 142=1, 129=1, 128=4, 131=4, 130=1, 133=4, 132=3, 135=1, 154=340, 155=3, 156=9, 159=427, 144=1, 145=100, 146=2, 147=3, 149=1, 150=1, 151=77, 171=1, 170=33, 169=1, 168=40, 175=7, 173=155, 161=1, 160=1, 165=32, 164=42, 187=37, 184=25, 189=12, 178=92, 179=6, 176=2, 177=1, 182=5, 183=15, 205=1, 206=16, 201=6, 203=4, 202=1, 197=17, 196=2, 198=7, 192=45, 195=3, 194=2, 220=2, 221=54, 222=3, 216=5, 217=3, 219=1, 212=1, 214=2, 215=61, 208=2, 209=1, 210=586, 211=14, 238=43, 235=28, 234=27, 233=1, 231=1, 230=1, 229=293, 228=1, 226=5, 225=4, 224=221, 254=25, 255=1, 252=7, 253=10, 251=1, 248=77, 249=6, 246=4, 245=7, 243=139, 240=34, 275=1, 273=11, 278=3, 276=22, 282=2, 281=13, 280=275, 287=2, 286=4, 285=29, 284=1, 259=12, 257=36, 262=52, 263=3, 266=1, 267=25, 264=3, 265=4, 270=2, 271=11, 268=7, 305=24, 304=23, 306=1, 309=1, 308=28, 310=25, 313=104, 315=3, 314=1, 316=1, 319=8, 318=68, 290=4, 291=41, 292=2, 293=1, 294=123, 295=4, 296=10, 297=3, 299=197, 300=1, 301=1, 302=1, 343=5, 341=9, 340=1, 338=8, 337=25, 336=1, 351=9, 350=145, 349=1, 348=4, 346=11, 327=43, 324=26, 325=1, 322=1, 323=10, 321=4, 334=2, 335=2, 332=34, 333=3, 329=15, 375=20, 374=23, 369=113, 371=1, 370=2, 381=3, 380=17, 383=67, 376=1, 379=1, 378=24, 356=2, 357=9, 354=2, 355=20, 364=89, 365=7, 366=3, 360=4, 361=23, 362=8, 410=2, 411=3, 408=6, 414=1, 415=1, 412=3, 413=15, 402=26, 400=2, 407=19, 394=15, 393=8, 392=1, 399=11, 397=21, 385=8, 391=5, 390=2, 389=4, 388=47, 440=2, 441=3, 442=1, 443=1, 444=11, 445=10, 446=1, 447=1, 432=4, 434=58, 435=3, 436=2, 437=2, 438=1, 439=58, 425=19, 424=2, 427=8, 426=3, 431=13, 430=4, 417=1, 416=16, 419=1, 418=7, 421=16, 420=86, 422=2, 478=5, 476=2, 477=12, 474=1, 475=1, 472=31, 469=11, 467=15, 464=6, 465=1, 463=6, 462=2, 461=1, 460=2, 459=1, 458=36, 457=1, 455=6, 454=1, 453=48, 452=2, 451=3, 450=12, 449=3, 448=15, 508=2, 509=42, 510=3, 504=26, 505=6, 506=1, 500=1, 501=7, 502=4, 503=1, 496=2, 497=3, 498=1, 499=1, 493=1, 495=13, 489=1, 488=3, 491=8, 490=46, 484=3, 486=10, 481=3, 483=14, 482=5, 550=1, 551=2, 548=6, 549=2, 547=10, 544=2, 545=2, 558=3, 559=1, 556=10, 554=1, 552=2, 553=9, 567=7, 566=1, 565=6, 564=1, 562=2, 561=8, 560=20, 575=9, 574=19, 572=1, 571=8, 570=2, 569=1, 516=2, 518=9, 519=1, 514=9, 515=8, 524=2, 520=5, 523=36, 533=6, 532=3, 535=1, 534=5, 528=26, 531=1, 541=3, 540=2, 542=22, 537=18, 536=1, 539=7, 538=1, 610=1, 609=4, 614=1, 612=14, 618=7, 617=4, 623=6, 621=3, 626=10, 631=6, 630=9, 629=1, 628=5, 635=2, 634=1, 632=2, 639=1, 637=6, 636=4, 577=1, 578=1, 579=19, 580=1, 581=2, 583=5, 584=3, 585=4, 586=8, 588=6, 589=3, 590=2, 591=2, 593=23, 592=1, 595=3, 594=4, 597=1, 596=1, 599=2, 598=14, 601=1, 600=3, 603=3, 602=3, 605=5, 604=6, 607=7, 687=7, 685=1, 682=11, 679=2, 677=8, 674=3, 673=3, 702=3, 703=2, 700=6, 701=11, 698=4, 699=5, 696=7, 695=2, 692=1, 693=10, 690=1, 688=1, 652=2, 655=2, 654=3, 649=20, 648=5, 651=6, 650=5, 645=7, 644=3, 647=5, 646=2, 641=2, 640=5, 642=5, 668=12, 669=4, 664=4, 665=3, 666=1, 660=6, 661=5, 663=10, 656=6, 658=4, 659=3, 747=2, 744=3, 750=1, 749=3, 739=1, 738=10, 736=1, 743=1, 741=1, 762=1, 763=9, 760=2, 761=4, 766=14, 754=2, 755=3, 752=14, 753=3, 758=11, 757=9, 712=12, 715=6, 714=6, 717=1, 719=9, 705=3, 704=3, 707=14, 706=2, 709=1, 711=2, 710=3, 728=5, 730=3, 733=6, 735=1, 720=1, 722=1, 724=1, 725=3, 822=16, 817=9, 819=2, 827=3, 805=1, 806=3, 800=1, 803=7, 813=2, 814=11, 808=9, 809=2, 811=1, 789=5, 786=1, 784=2, 798=2, 795=1, 770=5, 771=9, 768=2, 781=2, 776=2, 864=1, 865=2, 868=7, 870=2, 873=7, 878=2, 854=1, 859=4, 856=1, 840=1, 929=6, 924=1, 921=4, 980=2}
2015-08-24 23:18:51,170 INFO main - Time Evolution(ms): 3660079
2015-08-24 23:18:51,170 INFO fr.inria.main.AbstractMain - Time Total(ms): 3693067


Node: graphene-6.nancy.grid5000.fr


Date: Tue Aug 25 01:18:51 CEST 2015


