Running ant (compile)...................................................... OK
Running ant (compile.tests)................................................ OK
Picked up JAVA_TOOL_OPTIONS: -Dfile.encoding=UTF8
Please use CMSClassUnloadingEnabled in place of CMSPermGenSweepingEnabled in the future


The system is out of resources.
Consult the following stack trace for details.
java.lang.OutOfMemoryError: Java heap space
	at com.sun.tools.javac.util.SharedNameTable.<init>(SharedNameTable.java:85)
	at com.sun.tools.javac.util.SharedNameTable.<init>(SharedNameTable.java:90)
	at com.sun.tools.javac.util.Names.createTable(Names.java:276)
	at com.sun.tools.javac.util.Names.<init>(Names.java:157)
	at com.sun.tools.javac.util.Names.instance(Names.java:44)
	at com.sun.tools.javac.main.JavaCompiler.<init>(JavaCompiler.java:328)
	at com.sun.tools.javac.main.JavaCompiler.instance(JavaCompiler.java:88)
	at com.sun.tools.javac.main.Main.compile(Main.java:424)
	at com.sun.tools.javac.api.JavacTaskImpl.call(JavacTaskImpl.java:132)
	at xxl.java.compiler.DynamicClassCompiler.runCompilationTask(DynamicClassCompiler.java:79)
	at xxl.java.compiler.DynamicClassCompiler.javaBytecodeFor(DynamicClassCompiler.java:54)
	at fr.inria.lille.commons.spoon.SpoonedFile.compilationFor(SpoonedFile.java:196)
	at fr.inria.lille.commons.spoon.SpoonedFile.compileModelledClasses(SpoonedFile.java:173)
	at fr.inria.lille.commons.spoon.SpoonedFile.processModelledClasses(SpoonedFile.java:157)
	at fr.inria.lille.commons.spoon.SpoonedFile.process(SpoonedFile.java:143)
	at fr.inria.lille.commons.spoon.SpoonedFile.process(SpoonedFile.java:139)
	at fr.inria.lille.repair.nopol.NoPol.runOnStatement(NoPol.java:181)
	at fr.inria.lille.repair.nopol.NoPol.solveWithMultipleBuild(NoPol.java:166)
	at fr.inria.lille.repair.nopol.NoPol.build(NoPol.java:133)
	at fr.inria.lille.repair.Main$1.call(Main.java:91)
	at java.util.concurrent.FutureTask.run(FutureTask.java:262)
	at java.util.concurrent.ThreadPoolExecutor.runWorker(ThreadPoolExecutor.java:1145)
	at java.util.concurrent.ThreadPoolExecutor$Worker.run(ThreadPoolExecutor.java:615)
	at java.lang.Thread.run(Thread.java:745)
## OAR [2017-03-03 02:20:21] Job 1200173 KILLED ##
