Running ant (compile)...................................................... OK
Running ant (compile.tests)................................................ OK
mkdir: cannot create directory ‘lib/’: File exists
cp: cannot stat ‘/home/tdurieux/defects4j/framework/projects/Closure/lib/*’: No such file or directory
Picked up JAVA_TOOL_OPTIONS: -Dfile.encoding=UTF8
xxl.java.compiler.DynamicCompilationException: Aborting: dynamic compilation failed
	at xxl.java.compiler.DynamicClassCompiler.runCompilationTask(DynamicClassCompiler.java:88)
	at xxl.java.compiler.DynamicClassCompiler.javaBytecodeFor(DynamicClassCompiler.java:56)
	at fr.inria.lille.commons.spoon.SpoonedFile.compilationFor(SpoonedFile.java:177)
	at fr.inria.lille.commons.spoon.SpoonedFile.compileModelledClasses(SpoonedFile.java:154)
	at fr.inria.lille.commons.spoon.SpoonedFile.processModelledClasses(SpoonedFile.java:138)
	at fr.inria.lille.commons.spoon.SpoonedFile.process(SpoonedFile.java:128)
	at fr.inria.lille.commons.spoon.SpoonedFile.processedAndDumpedToClassLoader(SpoonedFile.java:119)
	at fr.inria.lille.commons.spoon.SpoonedFile.processedAndDumpedToClassLoader(SpoonedFile.java:115)
	at fr.inria.lille.repair.nopol.synth.ConstraintModelBuilder.<init>(ConstraintModelBuilder.java:57)
	at fr.inria.lille.repair.nopol.synth.SynthesizerFactory.getFor(SynthesizerFactory.java:122)
	at fr.inria.lille.repair.nopol.NoPol.solveWithMultipleBuild(NoPol.java:164)
	at fr.inria.lille.repair.nopol.NoPol.build(NoPol.java:119)
	at fr.inria.lille.repair.nopol.NoPol.build(NoPol.java:89)
	at fr.inria.lille.repair.nopol.NoPolLauncher.launch(NoPolLauncher.java:84)
	at fr.inria.lille.repair.Main.main(Main.java:61)
xxl.java.compiler.DynamicCompilationException: Aborting: dynamic compilation failed
	at xxl.java.compiler.DynamicClassCompiler.runCompilationTask(DynamicClassCompiler.java:88)
	at xxl.java.compiler.DynamicClassCompiler.javaBytecodeFor(DynamicClassCompiler.java:56)
	at fr.inria.lille.commons.spoon.SpoonedFile.compilationFor(SpoonedFile.java:177)
	at fr.inria.lille.commons.spoon.SpoonedFile.compileModelledClasses(SpoonedFile.java:154)
	at fr.inria.lille.commons.spoon.SpoonedFile.processModelledClasses(SpoonedFile.java:138)
	at fr.inria.lille.commons.spoon.SpoonedFile.process(SpoonedFile.java:128)
	at fr.inria.lille.commons.spoon.SpoonedFile.processedAndDumpedToClassLoader(SpoonedFile.java:119)
	at fr.inria.lille.commons.spoon.SpoonedFile.processedAndDumpedToClassLoader(SpoonedFile.java:115)
	at fr.inria.lille.repair.nopol.synth.ConstraintModelBuilder.<init>(ConstraintModelBuilder.java:57)
	at fr.inria.lille.repair.nopol.synth.SynthesizerFactory.getFor(SynthesizerFactory.java:122)
	at fr.inria.lille.repair.nopol.NoPol.solveWithMultipleBuild(NoPol.java:164)
	at fr.inria.lille.repair.nopol.NoPol.build(NoPol.java:119)
	at fr.inria.lille.repair.nopol.NoPol.build(NoPol.java:89)
	at fr.inria.lille.repair.nopol.NoPolLauncher.launch(NoPolLauncher.java:84)
	at fr.inria.lille.repair.Main.main(Main.java:61)
xxl.java.compiler.DynamicCompilationException: Aborting: dynamic compilation failed
	at xxl.java.compiler.DynamicClassCompiler.runCompilationTask(DynamicClassCompiler.java:88)
	at xxl.java.compiler.DynamicClassCompiler.javaBytecodeFor(DynamicClassCompiler.java:56)
	at fr.inria.lille.commons.spoon.SpoonedFile.compilationFor(SpoonedFile.java:177)
	at fr.inria.lille.commons.spoon.SpoonedFile.compileModelledClasses(SpoonedFile.java:154)
	at fr.inria.lille.commons.spoon.SpoonedFile.processModelledClasses(SpoonedFile.java:138)
	at fr.inria.lille.commons.spoon.SpoonedFile.process(SpoonedFile.java:128)
	at fr.inria.lille.commons.spoon.SpoonedFile.processedAndDumpedToClassLoader(SpoonedFile.java:119)
	at fr.inria.lille.commons.spoon.SpoonedFile.processedAndDumpedToClassLoader(SpoonedFile.java:115)
	at fr.inria.lille.repair.nopol.synth.ConstraintModelBuilder.<init>(ConstraintModelBuilder.java:57)
	at fr.inria.lille.repair.nopol.synth.SynthesizerFactory.getFor(SynthesizerFactory.java:122)
	at fr.inria.lille.repair.nopol.NoPol.solveWithMultipleBuild(NoPol.java:164)
	at fr.inria.lille.repair.nopol.NoPol.build(NoPol.java:119)
	at fr.inria.lille.repair.nopol.NoPol.build(NoPol.java:89)
	at fr.inria.lille.repair.nopol.NoPolLauncher.launch(NoPolLauncher.java:84)
	at fr.inria.lille.repair.Main.main(Main.java:61)
xxl.java.compiler.DynamicCompilationException: Aborting: dynamic compilation failed
	at xxl.java.compiler.DynamicClassCompiler.runCompilationTask(DynamicClassCompiler.java:88)
	at xxl.java.compiler.DynamicClassCompiler.javaBytecodeFor(DynamicClassCompiler.java:56)
	at fr.inria.lille.commons.spoon.SpoonedFile.compilationFor(SpoonedFile.java:177)
	at fr.inria.lille.commons.spoon.SpoonedFile.compileModelledClasses(SpoonedFile.java:154)
	at fr.inria.lille.commons.spoon.SpoonedFile.processModelledClasses(SpoonedFile.java:138)
	at fr.inria.lille.commons.spoon.SpoonedFile.process(SpoonedFile.java:128)
	at fr.inria.lille.commons.spoon.SpoonedFile.processedAndDumpedToClassLoader(SpoonedFile.java:119)
	at fr.inria.lille.commons.spoon.SpoonedFile.processedAndDumpedToClassLoader(SpoonedFile.java:115)
	at fr.inria.lille.repair.nopol.synth.ConstraintModelBuilder.<init>(ConstraintModelBuilder.java:57)
	at fr.inria.lille.repair.nopol.synth.SynthesizerFactory.getFor(SynthesizerFactory.java:122)
	at fr.inria.lille.repair.nopol.NoPol.solveWithMultipleBuild(NoPol.java:164)
	at fr.inria.lille.repair.nopol.NoPol.build(NoPol.java:119)
	at fr.inria.lille.repair.nopol.NoPol.build(NoPol.java:89)
	at fr.inria.lille.repair.nopol.NoPolLauncher.launch(NoPolLauncher.java:84)
	at fr.inria.lille.repair.Main.main(Main.java:61)
xxl.java.compiler.DynamicCompilationException: Aborting: dynamic compilation failed
	at xxl.java.compiler.DynamicClassCompiler.runCompilationTask(DynamicClassCompiler.java:88)
	at xxl.java.compiler.DynamicClassCompiler.javaBytecodeFor(DynamicClassCompiler.java:56)
	at fr.inria.lille.commons.spoon.SpoonedFile.compilationFor(SpoonedFile.java:177)
	at fr.inria.lille.commons.spoon.SpoonedFile.compileModelledClasses(SpoonedFile.java:154)
	at fr.inria.lille.commons.spoon.SpoonedFile.processModelledClasses(SpoonedFile.java:138)
	at fr.inria.lille.commons.spoon.SpoonedFile.process(SpoonedFile.java:128)
	at fr.inria.lille.commons.spoon.SpoonedFile.processedAndDumpedToClassLoader(SpoonedFile.java:119)
	at fr.inria.lille.commons.spoon.SpoonedFile.processedAndDumpedToClassLoader(SpoonedFile.java:115)
	at fr.inria.lille.repair.nopol.synth.ConstraintModelBuilder.<init>(ConstraintModelBuilder.java:57)
	at fr.inria.lille.repair.nopol.synth.SynthesizerFactory.getFor(SynthesizerFactory.java:122)
	at fr.inria.lille.repair.nopol.NoPol.solveWithMultipleBuild(NoPol.java:164)
	at fr.inria.lille.repair.nopol.NoPol.build(NoPol.java:119)
	at fr.inria.lille.repair.nopol.NoPol.build(NoPol.java:89)
	at fr.inria.lille.repair.nopol.NoPolLauncher.launch(NoPolLauncher.java:84)
	at fr.inria.lille.repair.Main.main(Main.java:61)
xxl.java.compiler.DynamicCompilationException: Aborting: dynamic compilation failed
	at xxl.java.compiler.DynamicClassCompiler.runCompilationTask(DynamicClassCompiler.java:88)
	at xxl.java.compiler.DynamicClassCompiler.javaBytecodeFor(DynamicClassCompiler.java:56)
	at fr.inria.lille.commons.spoon.SpoonedFile.compilationFor(SpoonedFile.java:177)
	at fr.inria.lille.commons.spoon.SpoonedFile.compileModelledClasses(SpoonedFile.java:154)
	at fr.inria.lille.commons.spoon.SpoonedFile.processModelledClasses(SpoonedFile.java:138)
	at fr.inria.lille.commons.spoon.SpoonedFile.process(SpoonedFile.java:128)
	at fr.inria.lille.commons.spoon.SpoonedFile.processedAndDumpedToClassLoader(SpoonedFile.java:119)
	at fr.inria.lille.commons.spoon.SpoonedFile.processedAndDumpedToClassLoader(SpoonedFile.java:115)
	at fr.inria.lille.repair.nopol.synth.ConstraintModelBuilder.<init>(ConstraintModelBuilder.java:57)
	at fr.inria.lille.repair.nopol.synth.SynthesizerFactory.getFor(SynthesizerFactory.java:122)
	at fr.inria.lille.repair.nopol.NoPol.solveWithMultipleBuild(NoPol.java:164)
	at fr.inria.lille.repair.nopol.NoPol.build(NoPol.java:119)
	at fr.inria.lille.repair.nopol.NoPol.build(NoPol.java:89)
	at fr.inria.lille.repair.nopol.NoPolLauncher.launch(NoPolLauncher.java:84)
	at fr.inria.lille.repair.Main.main(Main.java:61)
xxl.java.compiler.DynamicCompilationException: Aborting: dynamic compilation failed
	at xxl.java.compiler.DynamicClassCompiler.runCompilationTask(DynamicClassCompiler.java:88)
	at xxl.java.compiler.DynamicClassCompiler.javaBytecodeFor(DynamicClassCompiler.java:56)
	at fr.inria.lille.commons.spoon.SpoonedFile.compilationFor(SpoonedFile.java:177)
	at fr.inria.lille.commons.spoon.SpoonedFile.compileModelledClasses(SpoonedFile.java:154)
	at fr.inria.lille.commons.spoon.SpoonedFile.processModelledClasses(SpoonedFile.java:138)
	at fr.inria.lille.commons.spoon.SpoonedFile.process(SpoonedFile.java:128)
	at fr.inria.lille.commons.spoon.SpoonedFile.processedAndDumpedToClassLoader(SpoonedFile.java:119)
	at fr.inria.lille.commons.spoon.SpoonedFile.processedAndDumpedToClassLoader(SpoonedFile.java:115)
	at fr.inria.lille.repair.nopol.synth.ConstraintModelBuilder.<init>(ConstraintModelBuilder.java:57)
	at fr.inria.lille.repair.nopol.synth.SynthesizerFactory.getFor(SynthesizerFactory.java:122)
	at fr.inria.lille.repair.nopol.NoPol.solveWithMultipleBuild(NoPol.java:164)
	at fr.inria.lille.repair.nopol.NoPol.build(NoPol.java:119)
	at fr.inria.lille.repair.nopol.NoPol.build(NoPol.java:89)
	at fr.inria.lille.repair.nopol.NoPolLauncher.launch(NoPolLauncher.java:84)
	at fr.inria.lille.repair.Main.main(Main.java:61)
xxl.java.compiler.DynamicCompilationException: Aborting: dynamic compilation failed
	at xxl.java.compiler.DynamicClassCompiler.runCompilationTask(DynamicClassCompiler.java:88)
	at xxl.java.compiler.DynamicClassCompiler.javaBytecodeFor(DynamicClassCompiler.java:56)
	at fr.inria.lille.commons.spoon.SpoonedFile.compilationFor(SpoonedFile.java:177)
	at fr.inria.lille.commons.spoon.SpoonedFile.compileModelledClasses(SpoonedFile.java:154)
	at fr.inria.lille.commons.spoon.SpoonedFile.processModelledClasses(SpoonedFile.java:138)
	at fr.inria.lille.commons.spoon.SpoonedFile.process(SpoonedFile.java:128)
	at fr.inria.lille.commons.spoon.SpoonedFile.processedAndDumpedToClassLoader(SpoonedFile.java:119)
	at fr.inria.lille.commons.spoon.SpoonedFile.processedAndDumpedToClassLoader(SpoonedFile.java:115)
	at fr.inria.lille.repair.nopol.synth.ConstraintModelBuilder.<init>(ConstraintModelBuilder.java:57)
	at fr.inria.lille.repair.nopol.synth.SynthesizerFactory.getFor(SynthesizerFactory.java:122)
	at fr.inria.lille.repair.nopol.NoPol.solveWithMultipleBuild(NoPol.java:164)
	at fr.inria.lille.repair.nopol.NoPol.build(NoPol.java:119)
	at fr.inria.lille.repair.nopol.NoPol.build(NoPol.java:89)
	at fr.inria.lille.repair.nopol.NoPolLauncher.launch(NoPolLauncher.java:84)
	at fr.inria.lille.repair.Main.main(Main.java:61)
xxl.java.compiler.DynamicCompilationException: Aborting: dynamic compilation failed
	at xxl.java.compiler.DynamicClassCompiler.runCompilationTask(DynamicClassCompiler.java:88)
	at xxl.java.compiler.DynamicClassCompiler.javaBytecodeFor(DynamicClassCompiler.java:56)
	at fr.inria.lille.commons.spoon.SpoonedFile.compilationFor(SpoonedFile.java:177)
	at fr.inria.lille.commons.spoon.SpoonedFile.compileModelledClasses(SpoonedFile.java:154)
	at fr.inria.lille.commons.spoon.SpoonedFile.processModelledClasses(SpoonedFile.java:138)
	at fr.inria.lille.commons.spoon.SpoonedFile.process(SpoonedFile.java:128)
	at fr.inria.lille.commons.spoon.SpoonedFile.processedAndDumpedToClassLoader(SpoonedFile.java:119)
	at fr.inria.lille.commons.spoon.SpoonedFile.processedAndDumpedToClassLoader(SpoonedFile.java:115)
	at fr.inria.lille.repair.nopol.synth.ConstraintModelBuilder.<init>(ConstraintModelBuilder.java:57)
	at fr.inria.lille.repair.nopol.synth.SynthesizerFactory.getFor(SynthesizerFactory.java:122)
	at fr.inria.lille.repair.nopol.NoPol.solveWithMultipleBuild(NoPol.java:164)
	at fr.inria.lille.repair.nopol.NoPol.build(NoPol.java:119)
	at fr.inria.lille.repair.nopol.NoPol.build(NoPol.java:89)
	at fr.inria.lille.repair.nopol.NoPolLauncher.launch(NoPolLauncher.java:84)
	at fr.inria.lille.repair.Main.main(Main.java:61)
xxl.java.compiler.DynamicCompilationException: Aborting: dynamic compilation failed
	at xxl.java.compiler.DynamicClassCompiler.runCompilationTask(DynamicClassCompiler.java:88)
	at xxl.java.compiler.DynamicClassCompiler.javaBytecodeFor(DynamicClassCompiler.java:56)
	at fr.inria.lille.commons.spoon.SpoonedFile.compilationFor(SpoonedFile.java:177)
	at fr.inria.lille.commons.spoon.SpoonedFile.compileModelledClasses(SpoonedFile.java:154)
	at fr.inria.lille.commons.spoon.SpoonedFile.processModelledClasses(SpoonedFile.java:138)
	at fr.inria.lille.commons.spoon.SpoonedFile.process(SpoonedFile.java:128)
	at fr.inria.lille.commons.spoon.SpoonedFile.processedAndDumpedToClassLoader(SpoonedFile.java:119)
	at fr.inria.lille.commons.spoon.SpoonedFile.processedAndDumpedToClassLoader(SpoonedFile.java:115)
	at fr.inria.lille.repair.nopol.synth.ConstraintModelBuilder.<init>(ConstraintModelBuilder.java:57)
	at fr.inria.lille.repair.nopol.synth.SynthesizerFactory.getFor(SynthesizerFactory.java:122)
	at fr.inria.lille.repair.nopol.NoPol.solveWithMultipleBuild(NoPol.java:164)
	at fr.inria.lille.repair.nopol.NoPol.build(NoPol.java:119)
	at fr.inria.lille.repair.nopol.NoPol.build(NoPol.java:89)
	at fr.inria.lille.repair.nopol.NoPolLauncher.launch(NoPolLauncher.java:84)
	at fr.inria.lille.repair.Main.main(Main.java:61)
java.lang.RuntimeException: java.util.concurrent.TimeoutException
	at xxl.java.junit.TestSuiteExecution.executionResult(TestSuiteExecution.java:97)
	at xxl.java.junit.TestSuiteExecution.runTestCase(TestSuiteExecution.java:36)
	at xxl.java.junit.TestSuiteExecution.runTestCases(TestSuiteExecution.java:81)
	at fr.inria.lille.repair.nopol.synth.ConstraintModelBuilder.buildFor(ConstraintModelBuilder.java:82)
	at fr.inria.lille.repair.nopol.synth.DefaultSynthesizer.buildPatch(DefaultSynthesizer.java:67)
	at fr.inria.lille.repair.nopol.NoPol.solveWithMultipleBuild(NoPol.java:185)
	at fr.inria.lille.repair.nopol.NoPol.build(NoPol.java:119)
	at fr.inria.lille.repair.nopol.NoPol.build(NoPol.java:89)
	at fr.inria.lille.repair.nopol.NoPolLauncher.launch(NoPolLauncher.java:84)
	at fr.inria.lille.repair.Main.main(Main.java:61)
Caused by: java.util.concurrent.TimeoutException
	at java.util.concurrent.FutureTask.get(FutureTask.java:201)
	at xxl.java.junit.TestSuiteExecution.executionResult(TestSuiteExecution.java:90)
	... 9 more
java.lang.IllegalArgumentException: should not happen
	at spoon.support.reflect.code.CtStatementImpl$InsertVisitor.visitCtIf(CtStatementImpl.java:119)
	at spoon.support.reflect.code.CtIfImpl.accept(CtIfImpl.java:37)
	at spoon.reflect.visitor.CtInheritanceScanner.scan(CtInheritanceScanner.java:169)
	at spoon.support.reflect.code.CtStatementImpl.insertBefore(CtStatementImpl.java:87)
	at spoon.support.reflect.code.CtStatementImpl.insertBefore(CtStatementImpl.java:68)
	at spoon.support.reflect.code.CtInvocationImpl.insertBefore(CtInvocationImpl.java:86)
	at fr.inria.lille.commons.spoon.util.SpoonStatementLibrary.insertBeforeUnderSameParent(SpoonStatementLibrary.java:37)
	at fr.inria.lille.repair.nopol.spoon.ConditionalLoggingInstrumenter.process(ConditionalLoggingInstrumenter.java:38)
	at fr.inria.lille.repair.nopol.spoon.ConditionalLoggingInstrumenter.process(ConditionalLoggingInstrumenter.java:21)
	at spoon.support.visitor.ProcessingVisitor.scan(ProcessingVisitor.java:92)
	at spoon.reflect.visitor.CtScanner.visitCtIf(CtScanner.java:466)
	at spoon.support.reflect.code.CtIfImpl.accept(CtIfImpl.java:37)
	at spoon.reflect.visitor.CtScanner.scan(CtScanner.java:147)
	at spoon.support.visitor.ProcessingVisitor.scan(ProcessingVisitor.java:88)
	at spoon.support.visitor.ProcessingVisitor.scan(ProcessingVisitor.java:64)
	at spoon.reflect.visitor.CtScanner.visitCtBlock(CtScanner.java:286)
	at spoon.support.reflect.code.CtBlockImpl.accept(CtBlockImpl.java:47)
	at spoon.reflect.visitor.CtScanner.scan(CtScanner.java:147)
	at spoon.support.visitor.ProcessingVisitor.scan(ProcessingVisitor.java:88)
	at spoon.reflect.visitor.CtScanner.visitCtMethod(CtScanner.java:545)
	at spoon.support.reflect.declaration.CtMethodImpl.accept(CtMethodImpl.java:60)
	at spoon.reflect.visitor.CtScanner.scan(CtScanner.java:147)
	at spoon.support.visitor.ProcessingVisitor.scan(ProcessingVisitor.java:88)
	at spoon.support.visitor.ProcessingVisitor.scan(ProcessingVisitor.java:64)
	at spoon.reflect.visitor.CtScanner.visitCtClass(CtScanner.java:326)
	at spoon.support.reflect.declaration.CtClassImpl.accept(CtClassImpl.java:58)
	at spoon.reflect.visitor.CtScanner.scan(CtScanner.java:147)
	at spoon.support.visitor.ProcessingVisitor.scan(ProcessingVisitor.java:88)
	at spoon.support.RuntimeProcessingManager.process(RuntimeProcessingManager.java:145)
	at spoon.support.RuntimeProcessingManager.process(RuntimeProcessingManager.java:133)
	at fr.inria.lille.commons.spoon.SpoonedFile.processModelledClasses(SpoonedFile.java:136)
	at fr.inria.lille.commons.spoon.SpoonedFile.process(SpoonedFile.java:128)
	at fr.inria.lille.commons.spoon.SpoonedFile.processedAndDumpedToClassLoader(SpoonedFile.java:119)
	at fr.inria.lille.commons.spoon.SpoonedFile.processedAndDumpedToClassLoader(SpoonedFile.java:115)
	at fr.inria.lille.repair.nopol.synth.ConstraintModelBuilder.<init>(ConstraintModelBuilder.java:57)
	at fr.inria.lille.repair.nopol.synth.SynthesizerFactory.getFor(SynthesizerFactory.java:122)
	at fr.inria.lille.repair.nopol.NoPol.solveWithMultipleBuild(NoPol.java:164)
	at fr.inria.lille.repair.nopol.NoPol.build(NoPol.java:119)
	at fr.inria.lille.repair.nopol.NoPol.build(NoPol.java:89)
	at fr.inria.lille.repair.nopol.NoPolLauncher.launch(NoPolLauncher.java:84)
	at fr.inria.lille.repair.Main.main(Main.java:61)
xxl.java.compiler.DynamicCompilationException: Aborting: dynamic compilation failed
	at xxl.java.compiler.DynamicClassCompiler.runCompilationTask(DynamicClassCompiler.java:88)
	at xxl.java.compiler.DynamicClassCompiler.javaBytecodeFor(DynamicClassCompiler.java:56)
	at fr.inria.lille.commons.spoon.SpoonedFile.compilationFor(SpoonedFile.java:177)
	at fr.inria.lille.commons.spoon.SpoonedFile.compileModelledClasses(SpoonedFile.java:154)
	at fr.inria.lille.commons.spoon.SpoonedFile.processModelledClasses(SpoonedFile.java:138)
	at fr.inria.lille.commons.spoon.SpoonedFile.process(SpoonedFile.java:128)
	at fr.inria.lille.commons.spoon.SpoonedFile.processedAndDumpedToClassLoader(SpoonedFile.java:119)
	at fr.inria.lille.commons.spoon.SpoonedFile.processedAndDumpedToClassLoader(SpoonedFile.java:115)
	at fr.inria.lille.repair.nopol.synth.ConstraintModelBuilder.<init>(ConstraintModelBuilder.java:57)
	at fr.inria.lille.repair.nopol.synth.SynthesizerFactory.getFor(SynthesizerFactory.java:122)
	at fr.inria.lille.repair.nopol.NoPol.solveWithMultipleBuild(NoPol.java:164)
	at fr.inria.lille.repair.nopol.NoPol.build(NoPol.java:119)
	at fr.inria.lille.repair.nopol.NoPol.build(NoPol.java:89)
	at fr.inria.lille.repair.nopol.NoPolLauncher.launch(NoPolLauncher.java:84)
	at fr.inria.lille.repair.Main.main(Main.java:61)
java.lang.RuntimeException: java.util.concurrent.TimeoutException
	at xxl.java.junit.TestSuiteExecution.executionResult(TestSuiteExecution.java:97)
	at xxl.java.junit.TestSuiteExecution.runTestCase(TestSuiteExecution.java:36)
	at xxl.java.junit.TestSuiteExecution.runTestCases(TestSuiteExecution.java:81)
	at fr.inria.lille.repair.nopol.synth.ConstraintModelBuilder.buildFor(ConstraintModelBuilder.java:78)
	at fr.inria.lille.repair.nopol.synth.DefaultSynthesizer.buildPatch(DefaultSynthesizer.java:67)
	at fr.inria.lille.repair.nopol.NoPol.solveWithMultipleBuild(NoPol.java:185)
	at fr.inria.lille.repair.nopol.NoPol.build(NoPol.java:119)
	at fr.inria.lille.repair.nopol.NoPol.build(NoPol.java:89)
	at fr.inria.lille.repair.nopol.NoPolLauncher.launch(NoPolLauncher.java:84)
	at fr.inria.lille.repair.Main.main(Main.java:61)
Caused by: java.util.concurrent.TimeoutException
	at java.util.concurrent.FutureTask.get(FutureTask.java:201)
	at xxl.java.junit.TestSuiteExecution.executionResult(TestSuiteExecution.java:90)
	... 9 more
java.lang.IllegalArgumentException: should not happen
	at spoon.support.reflect.code.CtStatementImpl$InsertVisitor.visitCtIf(CtStatementImpl.java:119)
	at spoon.support.reflect.code.CtIfImpl.accept(CtIfImpl.java:37)
	at spoon.reflect.visitor.CtInheritanceScanner.scan(CtInheritanceScanner.java:169)
	at spoon.support.reflect.code.CtStatementImpl.insertBefore(CtStatementImpl.java:87)
	at spoon.support.reflect.code.CtStatementImpl.insertBefore(CtStatementImpl.java:68)
	at spoon.support.reflect.code.CtInvocationImpl.insertBefore(CtInvocationImpl.java:86)
	at fr.inria.lille.commons.spoon.util.SpoonStatementLibrary.insertBeforeUnderSameParent(SpoonStatementLibrary.java:37)
	at fr.inria.lille.repair.nopol.spoon.ConditionalLoggingInstrumenter.process(ConditionalLoggingInstrumenter.java:38)
	at fr.inria.lille.repair.nopol.spoon.ConditionalLoggingInstrumenter.process(ConditionalLoggingInstrumenter.java:21)
	at spoon.support.visitor.ProcessingVisitor.scan(ProcessingVisitor.java:92)
	at spoon.reflect.visitor.CtScanner.visitCtIf(CtScanner.java:466)
	at spoon.support.reflect.code.CtIfImpl.accept(CtIfImpl.java:37)
	at spoon.reflect.visitor.CtScanner.scan(CtScanner.java:147)
	at spoon.support.visitor.ProcessingVisitor.scan(ProcessingVisitor.java:88)
	at spoon.support.visitor.ProcessingVisitor.scan(ProcessingVisitor.java:64)
	at spoon.reflect.visitor.CtScanner.visitCtBlock(CtScanner.java:286)
	at spoon.support.reflect.code.CtBlockImpl.accept(CtBlockImpl.java:47)
	at spoon.reflect.visitor.CtScanner.scan(CtScanner.java:147)
	at spoon.support.visitor.ProcessingVisitor.scan(ProcessingVisitor.java:88)
	at spoon.reflect.visitor.CtScanner.visitCtMethod(CtScanner.java:545)
	at spoon.support.reflect.declaration.CtMethodImpl.accept(CtMethodImpl.java:60)
	at spoon.reflect.visitor.CtScanner.scan(CtScanner.java:147)
	at spoon.support.visitor.ProcessingVisitor.scan(ProcessingVisitor.java:88)
	at spoon.support.visitor.ProcessingVisitor.scan(ProcessingVisitor.java:64)
	at spoon.reflect.visitor.CtScanner.visitCtClass(CtScanner.java:326)
	at spoon.support.reflect.declaration.CtClassImpl.accept(CtClassImpl.java:58)
	at spoon.reflect.visitor.CtScanner.scan(CtScanner.java:147)
	at spoon.support.visitor.ProcessingVisitor.scan(ProcessingVisitor.java:88)
	at spoon.support.RuntimeProcessingManager.process(RuntimeProcessingManager.java:145)
	at spoon.support.RuntimeProcessingManager.process(RuntimeProcessingManager.java:133)
	at fr.inria.lille.commons.spoon.SpoonedFile.processModelledClasses(SpoonedFile.java:136)
	at fr.inria.lille.commons.spoon.SpoonedFile.process(SpoonedFile.java:128)
	at fr.inria.lille.commons.spoon.SpoonedFile.processedAndDumpedToClassLoader(SpoonedFile.java:119)
	at fr.inria.lille.commons.spoon.SpoonedFile.processedAndDumpedToClassLoader(SpoonedFile.java:115)
	at fr.inria.lille.repair.nopol.synth.ConstraintModelBuilder.<init>(ConstraintModelBuilder.java:57)
	at fr.inria.lille.repair.nopol.synth.SynthesizerFactory.getFor(SynthesizerFactory.java:122)
	at fr.inria.lille.repair.nopol.NoPol.solveWithMultipleBuild(NoPol.java:164)
	at fr.inria.lille.repair.nopol.NoPol.build(NoPol.java:119)
	at fr.inria.lille.repair.nopol.NoPol.build(NoPol.java:89)
	at fr.inria.lille.repair.nopol.NoPolLauncher.launch(NoPolLauncher.java:84)
	at fr.inria.lille.repair.Main.main(Main.java:61)
java.lang.RuntimeException: java.util.concurrent.TimeoutException
	at xxl.java.junit.TestSuiteExecution.executionResult(TestSuiteExecution.java:97)
	at xxl.java.junit.TestSuiteExecution.runTestCase(TestSuiteExecution.java:36)
	at xxl.java.junit.TestSuiteExecution.runTestCases(TestSuiteExecution.java:81)
	at fr.inria.lille.repair.nopol.synth.ConstraintModelBuilder.buildFor(ConstraintModelBuilder.java:78)
	at fr.inria.lille.repair.nopol.synth.DefaultSynthesizer.buildPatch(DefaultSynthesizer.java:67)
	at fr.inria.lille.repair.nopol.NoPol.solveWithMultipleBuild(NoPol.java:185)
	at fr.inria.lille.repair.nopol.NoPol.build(NoPol.java:119)
	at fr.inria.lille.repair.nopol.NoPol.build(NoPol.java:89)
	at fr.inria.lille.repair.nopol.NoPolLauncher.launch(NoPolLauncher.java:84)
	at fr.inria.lille.repair.Main.main(Main.java:61)
Caused by: java.util.concurrent.TimeoutException
	at java.util.concurrent.FutureTask.get(FutureTask.java:201)
	at xxl.java.junit.TestSuiteExecution.executionResult(TestSuiteExecution.java:90)
	... 9 more
xxl.java.compiler.DynamicCompilationException: Aborting: dynamic compilation failed
	at xxl.java.compiler.DynamicClassCompiler.runCompilationTask(DynamicClassCompiler.java:88)
	at xxl.java.compiler.DynamicClassCompiler.javaBytecodeFor(DynamicClassCompiler.java:56)
	at fr.inria.lille.commons.spoon.SpoonedFile.compilationFor(SpoonedFile.java:177)
	at fr.inria.lille.commons.spoon.SpoonedFile.compileModelledClasses(SpoonedFile.java:154)
	at fr.inria.lille.commons.spoon.SpoonedFile.processModelledClasses(SpoonedFile.java:138)
	at fr.inria.lille.commons.spoon.SpoonedFile.process(SpoonedFile.java:128)
	at fr.inria.lille.commons.spoon.SpoonedFile.processedAndDumpedToClassLoader(SpoonedFile.java:119)
	at fr.inria.lille.commons.spoon.SpoonedFile.processedAndDumpedToClassLoader(SpoonedFile.java:115)
	at fr.inria.lille.repair.nopol.synth.ConstraintModelBuilder.<init>(ConstraintModelBuilder.java:57)
	at fr.inria.lille.repair.nopol.synth.SynthesizerFactory.getFor(SynthesizerFactory.java:122)
	at fr.inria.lille.repair.nopol.NoPol.solveWithMultipleBuild(NoPol.java:164)
	at fr.inria.lille.repair.nopol.NoPol.build(NoPol.java:119)
	at fr.inria.lille.repair.nopol.NoPol.build(NoPol.java:89)
	at fr.inria.lille.repair.nopol.NoPolLauncher.launch(NoPolLauncher.java:84)
	at fr.inria.lille.repair.Main.main(Main.java:61)
java.lang.NullPointerException
	at com.google.javascript.rhino.JSDocInfo.getImplementedInterfaces(JSDocInfo.java:718)
	at com.google.javascript.jscomp.FunctionTypeBuilder.inferInheritance(FunctionTypeBuilder.java:371)
	at com.google.javascript.jscomp.TypedScopeCreator$AbstractScopeBuilder.createFunctionTypeFromNodes(TypedScopeCreator.java:863)
	at com.google.javascript.jscomp.TypedScopeCreator$AbstractScopeBuilder.defineFunctionLiteral(TypedScopeCreator.java:718)
	at com.google.javascript.jscomp.TypedScopeCreator$AbstractScopeBuilder.shouldTraverse(TypedScopeCreator.java:455)
	at com.google.javascript.jscomp.NodeTraversal.traverseBranch(NodeTraversal.java:461)
	at com.google.javascript.jscomp.NodeTraversal.traverseBranch(NodeTraversal.java:473)
	at com.google.javascript.jscomp.NodeTraversal.traverse(NodeTraversal.java:259)
	at com.google.javascript.jscomp.NodeTraversal.traverse(NodeTraversal.java:437)
	at com.google.javascript.jscomp.TypedScopeCreator.createScope(TypedScopeCreator.java:196)
	at com.google.javascript.jscomp.MemoizedScopeCreator.createScope(MemoizedScopeCreator.java:79)
	at com.google.javascript.jscomp.TypeCheck.processForTesting(TypeCheck.java:370)
	at com.google.javascript.jscomp.TypeCheckTest.parseAndTypeCheckWithScope(TypeCheckTest.java:9275)
	at com.google.javascript.jscomp.TypeCheckTest.parseAndTypeCheck(TypeCheckTest.java:9247)
	at com.google.javascript.jscomp.TypeCheckTest.testTypes(TypeCheckTest.java:9214)
	at com.google.javascript.jscomp.TypeCheckTest.testTypes(TypeCheckTest.java:9209)
	at com.google.javascript.jscomp.TypeCheckTest.testTypes(TypeCheckTest.java:9150)
	at com.google.javascript.jscomp.TypeCheckTest.testIssue537a(TypeCheckTest.java:5264)
	at sun.reflect.NativeMethodAccessorImpl.invoke0(Native Method)
	at sun.reflect.NativeMethodAccessorImpl.invoke(NativeMethodAccessorImpl.java:57)
	at sun.reflect.DelegatingMethodAccessorImpl.invoke(DelegatingMethodAccessorImpl.java:43)
	at java.lang.reflect.Method.invoke(Method.java:606)
	at junit.framework.TestCase.runTest(TestCase.java:176)
	at junit.framework.TestCase.runBare(TestCase.java:141)
	at junit.framework.TestResult$1.protect(TestResult.java:122)
	at junit.framework.TestResult.runProtected(TestResult.java:142)
	at junit.framework.TestResult.run(TestResult.java:125)
	at junit.framework.TestCase.run(TestCase.java:129)
	at junit.framework.TestSuite.runTest(TestSuite.java:255)
	at junit.framework.TestSuite.run(TestSuite.java:250)
	at org.junit.internal.runners.JUnit38ClassRunner.run(JUnit38ClassRunner.java:84)
	at org.junit.runner.JUnitCore.run(JUnitCore.java:160)
	at org.junit.runner.JUnitCore.run(JUnitCore.java:138)
	at xxl.java.junit.JUnitSingleTestRunner.call(JUnitSingleTestRunner.java:23)
	at xxl.java.junit.JUnitSingleTestRunner.call(JUnitSingleTestRunner.java:10)
	at java.util.concurrent.FutureTask.run(FutureTask.java:262)
	at java.util.concurrent.ThreadPoolExecutor.runWorker(ThreadPoolExecutor.java:1145)
	at java.util.concurrent.ThreadPoolExecutor$Worker.run(ThreadPoolExecutor.java:615)
	at java.lang.Thread.run(Thread.java:745)
java.lang.NullPointerException
	at com.google.javascript.rhino.JSDocInfo.getImplementedInterfaces(JSDocInfo.java:718)
	at com.google.javascript.jscomp.FunctionTypeBuilder.inferInheritance(FunctionTypeBuilder.java:371)
	at com.google.javascript.jscomp.TypedScopeCreator$AbstractScopeBuilder.createFunctionTypeFromNodes(TypedScopeCreator.java:863)
	at com.google.javascript.jscomp.TypedScopeCreator$AbstractScopeBuilder.defineFunctionLiteral(TypedScopeCreator.java:718)
	at com.google.javascript.jscomp.TypedScopeCreator$AbstractScopeBuilder.shouldTraverse(TypedScopeCreator.java:455)
	at com.google.javascript.jscomp.NodeTraversal.traverseBranch(NodeTraversal.java:461)
	at com.google.javascript.jscomp.NodeTraversal.traverseBranch(NodeTraversal.java:473)
	at com.google.javascript.jscomp.NodeTraversal.traverse(NodeTraversal.java:259)
	at com.google.javascript.jscomp.NodeTraversal.traverse(NodeTraversal.java:437)
	at com.google.javascript.jscomp.TypedScopeCreator.createScope(TypedScopeCreator.java:196)
	at com.google.javascript.jscomp.MemoizedScopeCreator.createScope(MemoizedScopeCreator.java:79)
	at com.google.javascript.jscomp.TypeCheck.processForTesting(TypeCheck.java:370)
	at com.google.javascript.jscomp.TypeCheckTest.parseAndTypeCheckWithScope(TypeCheckTest.java:9275)
	at com.google.javascript.jscomp.TypeCheckTest.parseAndTypeCheck(TypeCheckTest.java:9247)
	at com.google.javascript.jscomp.TypeCheckTest.testTypes(TypeCheckTest.java:9214)
	at com.google.javascript.jscomp.TypeCheckTest.testTypes(TypeCheckTest.java:9209)
	at com.google.javascript.jscomp.TypeCheckTest.testTypes(TypeCheckTest.java:9150)
	at com.google.javascript.jscomp.TypeCheckTest.testIssue537b(TypeCheckTest.java:5287)
	at sun.reflect.NativeMethodAccessorImpl.invoke0(Native Method)
	at sun.reflect.NativeMethodAccessorImpl.invoke(NativeMethodAccessorImpl.java:57)
	at sun.reflect.DelegatingMethodAccessorImpl.invoke(DelegatingMethodAccessorImpl.java:43)
	at java.lang.reflect.Method.invoke(Method.java:606)
	at junit.framework.TestCase.runTest(TestCase.java:176)
	at junit.framework.TestCase.runBare(TestCase.java:141)
	at junit.framework.TestResult$1.protect(TestResult.java:122)
	at junit.framework.TestResult.runProtected(TestResult.java:142)
	at junit.framework.TestResult.run(TestResult.java:125)
	at junit.framework.TestCase.run(TestCase.java:129)
	at junit.framework.TestSuite.runTest(TestSuite.java:255)
	at junit.framework.TestSuite.run(TestSuite.java:250)
	at org.junit.internal.runners.JUnit38ClassRunner.run(JUnit38ClassRunner.java:84)
	at org.junit.runner.JUnitCore.run(JUnitCore.java:160)
	at org.junit.runner.JUnitCore.run(JUnitCore.java:138)
	at xxl.java.junit.JUnitSingleTestRunner.call(JUnitSingleTestRunner.java:23)
	at xxl.java.junit.JUnitSingleTestRunner.call(JUnitSingleTestRunner.java:10)
	at java.util.concurrent.FutureTask.run(FutureTask.java:262)
	at java.util.concurrent.ThreadPoolExecutor.runWorker(ThreadPoolExecutor.java:1145)
	at java.util.concurrent.ThreadPoolExecutor$Worker.run(ThreadPoolExecutor.java:615)
	at java.lang.Thread.run(Thread.java:745)
xxl.java.compiler.DynamicCompilationException: Aborting: dynamic compilation failed
	at xxl.java.compiler.DynamicClassCompiler.runCompilationTask(DynamicClassCompiler.java:88)
	at xxl.java.compiler.DynamicClassCompiler.javaBytecodeFor(DynamicClassCompiler.java:56)
	at fr.inria.lille.commons.spoon.SpoonedFile.compilationFor(SpoonedFile.java:177)
	at fr.inria.lille.commons.spoon.SpoonedFile.compileModelledClasses(SpoonedFile.java:154)
	at fr.inria.lille.commons.spoon.SpoonedFile.processModelledClasses(SpoonedFile.java:138)
	at fr.inria.lille.commons.spoon.SpoonedFile.process(SpoonedFile.java:128)
	at fr.inria.lille.commons.spoon.SpoonedFile.processedAndDumpedToClassLoader(SpoonedFile.java:119)
	at fr.inria.lille.commons.spoon.SpoonedFile.processedAndDumpedToClassLoader(SpoonedFile.java:115)
	at fr.inria.lille.repair.nopol.synth.ConstraintModelBuilder.<init>(ConstraintModelBuilder.java:57)
	at fr.inria.lille.repair.nopol.synth.SynthesizerFactory.getFor(SynthesizerFactory.java:122)
	at fr.inria.lille.repair.nopol.NoPol.solveWithMultipleBuild(NoPol.java:164)
	at fr.inria.lille.repair.nopol.NoPol.build(NoPol.java:119)
	at fr.inria.lille.repair.nopol.NoPol.build(NoPol.java:89)
	at fr.inria.lille.repair.nopol.NoPolLauncher.launch(NoPolLauncher.java:84)
	at fr.inria.lille.repair.Main.main(Main.java:61)
xxl.java.compiler.DynamicCompilationException: Aborting: dynamic compilation failed
	at xxl.java.compiler.DynamicClassCompiler.runCompilationTask(DynamicClassCompiler.java:88)
	at xxl.java.compiler.DynamicClassCompiler.javaBytecodeFor(DynamicClassCompiler.java:56)
	at fr.inria.lille.commons.spoon.SpoonedFile.compilationFor(SpoonedFile.java:177)
	at fr.inria.lille.commons.spoon.SpoonedFile.compileModelledClasses(SpoonedFile.java:154)
	at fr.inria.lille.commons.spoon.SpoonedFile.processModelledClasses(SpoonedFile.java:138)
	at fr.inria.lille.commons.spoon.SpoonedFile.process(SpoonedFile.java:128)
	at fr.inria.lille.commons.spoon.SpoonedFile.processedAndDumpedToClassLoader(SpoonedFile.java:119)
	at fr.inria.lille.commons.spoon.SpoonedFile.processedAndDumpedToClassLoader(SpoonedFile.java:115)
	at fr.inria.lille.repair.nopol.synth.ConstraintModelBuilder.<init>(ConstraintModelBuilder.java:57)
	at fr.inria.lille.repair.nopol.synth.SynthesizerFactory.getFor(SynthesizerFactory.java:122)
	at fr.inria.lille.repair.nopol.NoPol.solveWithMultipleBuild(NoPol.java:164)
	at fr.inria.lille.repair.nopol.NoPol.build(NoPol.java:119)
	at fr.inria.lille.repair.nopol.NoPol.build(NoPol.java:89)
	at fr.inria.lille.repair.nopol.NoPolLauncher.launch(NoPolLauncher.java:84)
	at fr.inria.lille.repair.Main.main(Main.java:61)
xxl.java.compiler.DynamicCompilationException: Aborting: dynamic compilation failed
	at xxl.java.compiler.DynamicClassCompiler.runCompilationTask(DynamicClassCompiler.java:88)
	at xxl.java.compiler.DynamicClassCompiler.javaBytecodeFor(DynamicClassCompiler.java:56)
	at fr.inria.lille.commons.spoon.SpoonedFile.compilationFor(SpoonedFile.java:177)
	at fr.inria.lille.commons.spoon.SpoonedFile.compileModelledClasses(SpoonedFile.java:154)
	at fr.inria.lille.commons.spoon.SpoonedFile.processModelledClasses(SpoonedFile.java:138)
	at fr.inria.lille.commons.spoon.SpoonedFile.process(SpoonedFile.java:128)
	at fr.inria.lille.commons.spoon.SpoonedFile.processedAndDumpedToClassLoader(SpoonedFile.java:119)
	at fr.inria.lille.commons.spoon.SpoonedFile.processedAndDumpedToClassLoader(SpoonedFile.java:115)
	at fr.inria.lille.repair.nopol.synth.ConstraintModelBuilder.<init>(ConstraintModelBuilder.java:57)
	at fr.inria.lille.repair.nopol.synth.SynthesizerFactory.getFor(SynthesizerFactory.java:122)
	at fr.inria.lille.repair.nopol.NoPol.solveWithMultipleBuild(NoPol.java:164)
	at fr.inria.lille.repair.nopol.NoPol.build(NoPol.java:119)
	at fr.inria.lille.repair.nopol.NoPol.build(NoPol.java:89)
	at fr.inria.lille.repair.nopol.NoPolLauncher.launch(NoPolLauncher.java:84)
	at fr.inria.lille.repair.Main.main(Main.java:61)
java.lang.RuntimeException: java.util.concurrent.TimeoutException
	at xxl.java.junit.TestSuiteExecution.executionResult(TestSuiteExecution.java:97)
	at xxl.java.junit.TestSuiteExecution.runTestCase(TestSuiteExecution.java:36)
	at xxl.java.junit.TestSuiteExecution.runTestCases(TestSuiteExecution.java:81)
	at fr.inria.lille.repair.nopol.synth.ConstraintModelBuilder.buildFor(ConstraintModelBuilder.java:82)
	at fr.inria.lille.repair.nopol.synth.DefaultSynthesizer.buildPatch(DefaultSynthesizer.java:67)
	at fr.inria.lille.repair.nopol.NoPol.solveWithMultipleBuild(NoPol.java:185)
	at fr.inria.lille.repair.nopol.NoPol.build(NoPol.java:119)
	at fr.inria.lille.repair.nopol.NoPol.build(NoPol.java:89)
	at fr.inria.lille.repair.nopol.NoPolLauncher.launch(NoPolLauncher.java:84)
	at fr.inria.lille.repair.Main.main(Main.java:61)
Caused by: java.util.concurrent.TimeoutException
	at java.util.concurrent.FutureTask.get(FutureTask.java:201)
	at xxl.java.junit.TestSuiteExecution.executionResult(TestSuiteExecution.java:90)
	... 9 more
xxl.java.compiler.DynamicCompilationException: Aborting: dynamic compilation failed
	at xxl.java.compiler.DynamicClassCompiler.runCompilationTask(DynamicClassCompiler.java:88)
	at xxl.java.compiler.DynamicClassCompiler.javaBytecodeFor(DynamicClassCompiler.java:56)
	at fr.inria.lille.commons.spoon.SpoonedFile.compilationFor(SpoonedFile.java:177)
	at fr.inria.lille.commons.spoon.SpoonedFile.compileModelledClasses(SpoonedFile.java:154)
	at fr.inria.lille.commons.spoon.SpoonedFile.processModelledClasses(SpoonedFile.java:138)
	at fr.inria.lille.commons.spoon.SpoonedFile.process(SpoonedFile.java:128)
	at fr.inria.lille.commons.spoon.SpoonedFile.processedAndDumpedToClassLoader(SpoonedFile.java:119)
	at fr.inria.lille.commons.spoon.SpoonedFile.processedAndDumpedToClassLoader(SpoonedFile.java:115)
	at fr.inria.lille.repair.nopol.synth.ConstraintModelBuilder.<init>(ConstraintModelBuilder.java:57)
	at fr.inria.lille.repair.nopol.synth.SynthesizerFactory.getFor(SynthesizerFactory.java:122)
	at fr.inria.lille.repair.nopol.NoPol.solveWithMultipleBuild(NoPol.java:164)
	at fr.inria.lille.repair.nopol.NoPol.build(NoPol.java:119)
	at fr.inria.lille.repair.nopol.NoPol.build(NoPol.java:89)
	at fr.inria.lille.repair.nopol.NoPolLauncher.launch(NoPolLauncher.java:84)
	at fr.inria.lille.repair.Main.main(Main.java:61)
xxl.java.compiler.DynamicCompilationException: Aborting: dynamic compilation failed
	at xxl.java.compiler.DynamicClassCompiler.runCompilationTask(DynamicClassCompiler.java:88)
	at xxl.java.compiler.DynamicClassCompiler.javaBytecodeFor(DynamicClassCompiler.java:56)
	at fr.inria.lille.commons.spoon.SpoonedFile.compilationFor(SpoonedFile.java:177)
	at fr.inria.lille.commons.spoon.SpoonedFile.compileModelledClasses(SpoonedFile.java:154)
	at fr.inria.lille.commons.spoon.SpoonedFile.processModelledClasses(SpoonedFile.java:138)
	at fr.inria.lille.commons.spoon.SpoonedFile.process(SpoonedFile.java:128)
	at fr.inria.lille.commons.spoon.SpoonedFile.processedAndDumpedToClassLoader(SpoonedFile.java:119)
	at fr.inria.lille.commons.spoon.SpoonedFile.processedAndDumpedToClassLoader(SpoonedFile.java:115)
	at fr.inria.lille.repair.nopol.synth.ConstraintModelBuilder.<init>(ConstraintModelBuilder.java:57)
	at fr.inria.lille.repair.nopol.synth.SynthesizerFactory.getFor(SynthesizerFactory.java:122)
	at fr.inria.lille.repair.nopol.NoPol.solveWithMultipleBuild(NoPol.java:164)
	at fr.inria.lille.repair.nopol.NoPol.build(NoPol.java:119)
	at fr.inria.lille.repair.nopol.NoPol.build(NoPol.java:89)
	at fr.inria.lille.repair.nopol.NoPolLauncher.launch(NoPolLauncher.java:84)
	at fr.inria.lille.repair.Main.main(Main.java:61)
java.lang.NullPointerException
	at com.google.javascript.rhino.JSDocInfo.getParameterNames(JSDocInfo.java:552)
	at com.google.javascript.jscomp.FunctionTypeBuilder.inferParameterTypes(FunctionTypeBuilder.java:469)
	at com.google.javascript.jscomp.TypedScopeCreator$AbstractScopeBuilder.createFunctionTypeFromNodes(TypedScopeCreator.java:888)
	at com.google.javascript.jscomp.TypedScopeCreator$AbstractScopeBuilder.defineFunctionLiteral(TypedScopeCreator.java:718)
	at com.google.javascript.jscomp.TypedScopeCreator$AbstractScopeBuilder.shouldTraverse(TypedScopeCreator.java:455)
	at com.google.javascript.jscomp.NodeTraversal.traverseBranch(NodeTraversal.java:461)
	at com.google.javascript.jscomp.NodeTraversal.traverseBranch(NodeTraversal.java:473)
	at com.google.javascript.jscomp.NodeTraversal.traverse(NodeTraversal.java:259)
	at com.google.javascript.jscomp.NodeTraversal.traverse(NodeTraversal.java:437)
	at com.google.javascript.jscomp.TypedScopeCreator.createScope(TypedScopeCreator.java:196)
	at com.google.javascript.jscomp.MemoizedScopeCreator.createScope(MemoizedScopeCreator.java:79)
	at com.google.javascript.jscomp.TypeCheck.processForTesting(TypeCheck.java:370)
	at com.google.javascript.jscomp.TypeCheckTest.parseAndTypeCheckWithScope(TypeCheckTest.java:9275)
	at com.google.javascript.jscomp.TypeCheckTest.parseAndTypeCheck(TypeCheckTest.java:9247)
	at com.google.javascript.jscomp.TypeCheckTest.testTypes(TypeCheckTest.java:9214)
	at com.google.javascript.jscomp.TypeCheckTest.testTypes(TypeCheckTest.java:9209)
	at com.google.javascript.jscomp.TypeCheckTest.testTypes(TypeCheckTest.java:9150)
	at com.google.javascript.jscomp.TypeCheckTest.testIssue537a(TypeCheckTest.java:5264)
	at sun.reflect.NativeMethodAccessorImpl.invoke0(Native Method)
	at sun.reflect.NativeMethodAccessorImpl.invoke(NativeMethodAccessorImpl.java:57)
	at sun.reflect.DelegatingMethodAccessorImpl.invoke(DelegatingMethodAccessorImpl.java:43)
	at java.lang.reflect.Method.invoke(Method.java:606)
	at junit.framework.TestCase.runTest(TestCase.java:176)
	at junit.framework.TestCase.runBare(TestCase.java:141)
	at junit.framework.TestResult$1.protect(TestResult.java:122)
	at junit.framework.TestResult.runProtected(TestResult.java:142)
	at junit.framework.TestResult.run(TestResult.java:125)
	at junit.framework.TestCase.run(TestCase.java:129)
	at junit.framework.TestSuite.runTest(TestSuite.java:255)
	at junit.framework.TestSuite.run(TestSuite.java:250)
	at org.junit.internal.runners.JUnit38ClassRunner.run(JUnit38ClassRunner.java:84)
	at org.junit.runner.JUnitCore.run(JUnitCore.java:160)
	at org.junit.runner.JUnitCore.run(JUnitCore.java:138)
	at xxl.java.junit.JUnitSingleTestRunner.call(JUnitSingleTestRunner.java:23)
	at xxl.java.junit.JUnitSingleTestRunner.call(JUnitSingleTestRunner.java:10)
	at java.util.concurrent.FutureTask.run(FutureTask.java:262)
	at java.util.concurrent.ThreadPoolExecutor.runWorker(ThreadPoolExecutor.java:1145)
	at java.util.concurrent.ThreadPoolExecutor$Worker.run(ThreadPoolExecutor.java:615)
	at java.lang.Thread.run(Thread.java:745)
java.lang.NullPointerException
	at com.google.javascript.rhino.JSDocInfo.getParameterNames(JSDocInfo.java:552)
	at com.google.javascript.jscomp.FunctionTypeBuilder.inferParameterTypes(FunctionTypeBuilder.java:469)
	at com.google.javascript.jscomp.TypedScopeCreator$AbstractScopeBuilder.createFunctionTypeFromNodes(TypedScopeCreator.java:888)
	at com.google.javascript.jscomp.TypedScopeCreator$AbstractScopeBuilder.defineFunctionLiteral(TypedScopeCreator.java:718)
	at com.google.javascript.jscomp.TypedScopeCreator$AbstractScopeBuilder.shouldTraverse(TypedScopeCreator.java:455)
	at com.google.javascript.jscomp.NodeTraversal.traverseBranch(NodeTraversal.java:461)
	at com.google.javascript.jscomp.NodeTraversal.traverseBranch(NodeTraversal.java:473)
	at com.google.javascript.jscomp.NodeTraversal.traverse(NodeTraversal.java:259)
	at com.google.javascript.jscomp.NodeTraversal.traverse(NodeTraversal.java:437)
	at com.google.javascript.jscomp.TypedScopeCreator.createScope(TypedScopeCreator.java:196)
	at com.google.javascript.jscomp.MemoizedScopeCreator.createScope(MemoizedScopeCreator.java:79)
	at com.google.javascript.jscomp.TypeCheck.processForTesting(TypeCheck.java:370)
	at com.google.javascript.jscomp.TypeCheckTest.parseAndTypeCheckWithScope(TypeCheckTest.java:9275)
	at com.google.javascript.jscomp.TypeCheckTest.parseAndTypeCheck(TypeCheckTest.java:9247)
	at com.google.javascript.jscomp.TypeCheckTest.testTypes(TypeCheckTest.java:9214)
	at com.google.javascript.jscomp.TypeCheckTest.testTypes(TypeCheckTest.java:9209)
	at com.google.javascript.jscomp.TypeCheckTest.testTypes(TypeCheckTest.java:9150)
	at com.google.javascript.jscomp.TypeCheckTest.testIssue537b(TypeCheckTest.java:5287)
	at sun.reflect.NativeMethodAccessorImpl.invoke0(Native Method)
	at sun.reflect.NativeMethodAccessorImpl.invoke(NativeMethodAccessorImpl.java:57)
	at sun.reflect.DelegatingMethodAccessorImpl.invoke(DelegatingMethodAccessorImpl.java:43)
	at java.lang.reflect.Method.invoke(Method.java:606)
	at junit.framework.TestCase.runTest(TestCase.java:176)
	at junit.framework.TestCase.runBare(TestCase.java:141)
	at junit.framework.TestResult$1.protect(TestResult.java:122)
	at junit.framework.TestResult.runProtected(TestResult.java:142)
	at junit.framework.TestResult.run(TestResult.java:125)
	at junit.framework.TestCase.run(TestCase.java:129)
	at junit.framework.TestSuite.runTest(TestSuite.java:255)
	at junit.framework.TestSuite.run(TestSuite.java:250)
	at org.junit.internal.runners.JUnit38ClassRunner.run(JUnit38ClassRunner.java:84)
	at org.junit.runner.JUnitCore.run(JUnitCore.java:160)
	at org.junit.runner.JUnitCore.run(JUnitCore.java:138)
	at xxl.java.junit.JUnitSingleTestRunner.call(JUnitSingleTestRunner.java:23)
	at xxl.java.junit.JUnitSingleTestRunner.call(JUnitSingleTestRunner.java:10)
	at java.util.concurrent.FutureTask.run(FutureTask.java:262)
	at java.util.concurrent.ThreadPoolExecutor.runWorker(ThreadPoolExecutor.java:1145)
	at java.util.concurrent.ThreadPoolExecutor$Worker.run(ThreadPoolExecutor.java:615)
	at java.lang.Thread.run(Thread.java:745)
java.lang.NullPointerException
	at com.google.javascript.rhino.JSDocInfo.getParameterNames(JSDocInfo.java:552)
	at com.google.javascript.jscomp.FunctionTypeBuilder.inferParameterTypes(FunctionTypeBuilder.java:469)
	at com.google.javascript.jscomp.TypedScopeCreator$AbstractScopeBuilder.createFunctionTypeFromNodes(TypedScopeCreator.java:888)
	at com.google.javascript.jscomp.TypedScopeCreator$AbstractScopeBuilder.defineFunctionLiteral(TypedScopeCreator.java:718)
	at com.google.javascript.jscomp.TypedScopeCreator$AbstractScopeBuilder.shouldTraverse(TypedScopeCreator.java:455)
	at com.google.javascript.jscomp.NodeTraversal.traverseBranch(NodeTraversal.java:461)
	at com.google.javascript.jscomp.NodeTraversal.traverseBranch(NodeTraversal.java:473)
	at com.google.javascript.jscomp.NodeTraversal.traverse(NodeTraversal.java:259)
	at com.google.javascript.jscomp.NodeTraversal.traverse(NodeTraversal.java:437)
	at com.google.javascript.jscomp.TypedScopeCreator.createScope(TypedScopeCreator.java:196)
	at com.google.javascript.jscomp.MemoizedScopeCreator.createScope(MemoizedScopeCreator.java:79)
	at com.google.javascript.jscomp.TypeCheck.processForTesting(TypeCheck.java:370)
	at com.google.javascript.jscomp.TypeCheckTest.parseAndTypeCheckWithScope(TypeCheckTest.java:9275)
	at com.google.javascript.jscomp.TypeCheckTest.parseAndTypeCheck(TypeCheckTest.java:9247)
	at com.google.javascript.jscomp.TypeCheckTest.testTypes(TypeCheckTest.java:9214)
	at com.google.javascript.jscomp.TypeCheckTest.testTypes(TypeCheckTest.java:9209)
	at com.google.javascript.jscomp.TypeCheckTest.testTypes(TypeCheckTest.java:9150)
	at com.google.javascript.jscomp.TypeCheckTest.testIssue537a(TypeCheckTest.java:5264)
	at sun.reflect.NativeMethodAccessorImpl.invoke0(Native Method)
	at sun.reflect.NativeMethodAccessorImpl.invoke(NativeMethodAccessorImpl.java:57)
	at sun.reflect.DelegatingMethodAccessorImpl.invoke(DelegatingMethodAccessorImpl.java:43)
	at java.lang.reflect.Method.invoke(Method.java:606)
	at junit.framework.TestCase.runTest(TestCase.java:176)
	at junit.framework.TestCase.runBare(TestCase.java:141)
	at junit.framework.TestResult$1.protect(TestResult.java:122)
	at junit.framework.TestResult.runProtected(TestResult.java:142)
	at junit.framework.TestResult.run(TestResult.java:125)
	at junit.framework.TestCase.run(TestCase.java:129)
	at junit.framework.TestSuite.runTest(TestSuite.java:255)
	at junit.framework.TestSuite.run(TestSuite.java:250)
	at org.junit.internal.runners.JUnit38ClassRunner.run(JUnit38ClassRunner.java:84)
	at org.junit.runner.JUnitCore.run(JUnitCore.java:160)
	at org.junit.runner.JUnitCore.run(JUnitCore.java:138)
	at xxl.java.junit.JUnitSingleTestRunner.call(JUnitSingleTestRunner.java:23)
	at xxl.java.junit.JUnitSingleTestRunner.call(JUnitSingleTestRunner.java:10)
	at java.util.concurrent.FutureTask.run(FutureTask.java:262)
	at java.util.concurrent.ThreadPoolExecutor.runWorker(ThreadPoolExecutor.java:1145)
	at java.util.concurrent.ThreadPoolExecutor$Worker.run(ThreadPoolExecutor.java:615)
	at java.lang.Thread.run(Thread.java:745)
java.lang.NullPointerException
	at com.google.javascript.rhino.JSDocInfo.getParameterNames(JSDocInfo.java:552)
	at com.google.javascript.jscomp.FunctionTypeBuilder.inferParameterTypes(FunctionTypeBuilder.java:469)
	at com.google.javascript.jscomp.TypedScopeCreator$AbstractScopeBuilder.createFunctionTypeFromNodes(TypedScopeCreator.java:888)
	at com.google.javascript.jscomp.TypedScopeCreator$AbstractScopeBuilder.defineFunctionLiteral(TypedScopeCreator.java:718)
	at com.google.javascript.jscomp.TypedScopeCreator$AbstractScopeBuilder.shouldTraverse(TypedScopeCreator.java:455)
	at com.google.javascript.jscomp.NodeTraversal.traverseBranch(NodeTraversal.java:461)
	at com.google.javascript.jscomp.NodeTraversal.traverseBranch(NodeTraversal.java:473)
	at com.google.javascript.jscomp.NodeTraversal.traverse(NodeTraversal.java:259)
	at com.google.javascript.jscomp.NodeTraversal.traverse(NodeTraversal.java:437)
	at com.google.javascript.jscomp.TypedScopeCreator.createScope(TypedScopeCreator.java:196)
	at com.google.javascript.jscomp.MemoizedScopeCreator.createScope(MemoizedScopeCreator.java:79)
	at com.google.javascript.jscomp.TypeCheck.processForTesting(TypeCheck.java:370)
	at com.google.javascript.jscomp.TypeCheckTest.parseAndTypeCheckWithScope(TypeCheckTest.java:9275)
	at com.google.javascript.jscomp.TypeCheckTest.parseAndTypeCheck(TypeCheckTest.java:9247)
	at com.google.javascript.jscomp.TypeCheckTest.testTypes(TypeCheckTest.java:9214)
	at com.google.javascript.jscomp.TypeCheckTest.testTypes(TypeCheckTest.java:9209)
	at com.google.javascript.jscomp.TypeCheckTest.testTypes(TypeCheckTest.java:9150)
	at com.google.javascript.jscomp.TypeCheckTest.testIssue537b(TypeCheckTest.java:5287)
	at sun.reflect.NativeMethodAccessorImpl.invoke0(Native Method)
	at sun.reflect.NativeMethodAccessorImpl.invoke(NativeMethodAccessorImpl.java:57)
	at sun.reflect.DelegatingMethodAccessorImpl.invoke(DelegatingMethodAccessorImpl.java:43)
	at java.lang.reflect.Method.invoke(Method.java:606)
	at junit.framework.TestCase.runTest(TestCase.java:176)
	at junit.framework.TestCase.runBare(TestCase.java:141)
	at junit.framework.TestResult$1.protect(TestResult.java:122)
	at junit.framework.TestResult.runProtected(TestResult.java:142)
	at junit.framework.TestResult.run(TestResult.java:125)
	at junit.framework.TestCase.run(TestCase.java:129)
	at junit.framework.TestSuite.runTest(TestSuite.java:255)
	at junit.framework.TestSuite.run(TestSuite.java:250)
	at org.junit.internal.runners.JUnit38ClassRunner.run(JUnit38ClassRunner.java:84)
	at org.junit.runner.JUnitCore.run(JUnitCore.java:160)
	at org.junit.runner.JUnitCore.run(JUnitCore.java:138)
	at xxl.java.junit.JUnitSingleTestRunner.call(JUnitSingleTestRunner.java:23)
	at xxl.java.junit.JUnitSingleTestRunner.call(JUnitSingleTestRunner.java:10)
	at java.util.concurrent.FutureTask.run(FutureTask.java:262)
	at java.util.concurrent.ThreadPoolExecutor.runWorker(ThreadPoolExecutor.java:1145)
	at java.util.concurrent.ThreadPoolExecutor$Worker.run(ThreadPoolExecutor.java:615)
	at java.lang.Thread.run(Thread.java:745)
java.lang.ClassCastException: spoon.support.reflect.code.CtIfImpl cannot be cast to spoon.reflect.code.CtExpression
	at spoon.support.visitor.replace.ReplacementVisitor$CtTargetedExpressionTargetReplaceListener.set(ReplacementVisitor.java:808)
	at spoon.support.visitor.replace.ReplacementVisitor.replaceElementIfExist(ReplacementVisitor.java:1173)
	at spoon.support.visitor.replace.ReplacementVisitor.visitCtInvocation(ReplacementVisitor.java:1428)
	at spoon.support.reflect.code.CtInvocationImpl.accept(CtInvocationImpl.java:48)
	at spoon.reflect.visitor.CtScanner.scan(CtScanner.java:147)
	at spoon.support.visitor.replace.ReplacementVisitor.replace(ReplacementVisitor.java:1096)
	at spoon.support.reflect.declaration.CtElementImpl.replace(CtElementImpl.java:386)
	at spoon.support.reflect.code.CtInvocationImpl.replace(CtInvocationImpl.java:144)
	at spoon.support.reflect.code.CtInvocationImpl.replace(CtInvocationImpl.java:136)
	at fr.inria.lille.repair.nopol.spoon.smt.ConditionalAdder.processCondition(ConditionalAdder.java:24)
	at fr.inria.lille.repair.nopol.spoon.ConditionalLoggingInstrumenter.process(ConditionalLoggingInstrumenter.java:46)
	at fr.inria.lille.repair.nopol.spoon.ConditionalLoggingInstrumenter.process(ConditionalLoggingInstrumenter.java:21)
	at spoon.support.visitor.ProcessingVisitor.scan(ProcessingVisitor.java:92)
	at spoon.reflect.visitor.CtScanner.visitCtInvocation(CtScanner.java:489)
	at spoon.support.reflect.code.CtInvocationImpl.accept(CtInvocationImpl.java:48)
	at spoon.reflect.visitor.CtScanner.scan(CtScanner.java:147)
	at spoon.support.visitor.ProcessingVisitor.scan(ProcessingVisitor.java:88)
	at spoon.support.visitor.ProcessingVisitor.scan(ProcessingVisitor.java:64)
	at spoon.reflect.visitor.CtScanner.visitCtBlock(CtScanner.java:286)
	at spoon.support.reflect.code.CtBlockImpl.accept(CtBlockImpl.java:47)
	at spoon.reflect.visitor.CtScanner.scan(CtScanner.java:147)
	at spoon.support.visitor.ProcessingVisitor.scan(ProcessingVisitor.java:88)
	at spoon.reflect.visitor.CtScanner.visitCtIf(CtScanner.java:467)
	at spoon.support.reflect.code.CtIfImpl.accept(CtIfImpl.java:37)
	at spoon.reflect.visitor.CtScanner.scan(CtScanner.java:147)
	at spoon.support.visitor.ProcessingVisitor.scan(ProcessingVisitor.java:88)
	at spoon.support.visitor.ProcessingVisitor.scan(ProcessingVisitor.java:64)
	at spoon.reflect.visitor.CtScanner.visitCtBlock(CtScanner.java:286)
	at spoon.support.reflect.code.CtBlockImpl.accept(CtBlockImpl.java:47)
	at spoon.reflect.visitor.CtScanner.scan(CtScanner.java:147)
	at spoon.support.visitor.ProcessingVisitor.scan(ProcessingVisitor.java:88)
	at spoon.reflect.visitor.CtScanner.visitCtIf(CtScanner.java:467)
	at spoon.support.reflect.code.CtIfImpl.accept(CtIfImpl.java:37)
	at spoon.reflect.visitor.CtScanner.scan(CtScanner.java:147)
	at spoon.support.visitor.ProcessingVisitor.scan(ProcessingVisitor.java:88)
	at spoon.support.visitor.ProcessingVisitor.scan(ProcessingVisitor.java:64)
	at spoon.reflect.visitor.CtScanner.visitCtBlock(CtScanner.java:286)
	at spoon.support.reflect.code.CtBlockImpl.accept(CtBlockImpl.java:47)
	at spoon.reflect.visitor.CtScanner.scan(CtScanner.java:147)
	at spoon.support.visitor.ProcessingVisitor.scan(ProcessingVisitor.java:88)
	at spoon.reflect.visitor.CtScanner.visitCtMethod(CtScanner.java:545)
	at spoon.support.reflect.declaration.CtMethodImpl.accept(CtMethodImpl.java:60)
	at spoon.reflect.visitor.CtScanner.scan(CtScanner.java:147)
	at spoon.support.visitor.ProcessingVisitor.scan(ProcessingVisitor.java:88)
	at spoon.support.visitor.ProcessingVisitor.scan(ProcessingVisitor.java:64)
	at spoon.reflect.visitor.CtScanner.visitCtClass(CtScanner.java:326)
	at spoon.support.reflect.declaration.CtClassImpl.accept(CtClassImpl.java:58)
	at spoon.reflect.visitor.CtScanner.scan(CtScanner.java:147)
	at spoon.support.visitor.ProcessingVisitor.scan(ProcessingVisitor.java:88)
	at spoon.support.RuntimeProcessingManager.process(RuntimeProcessingManager.java:145)
	at spoon.support.RuntimeProcessingManager.process(RuntimeProcessingManager.java:133)
	at fr.inria.lille.commons.spoon.SpoonedFile.processModelledClasses(SpoonedFile.java:136)
	at fr.inria.lille.commons.spoon.SpoonedFile.process(SpoonedFile.java:128)
	at fr.inria.lille.commons.spoon.SpoonedFile.processedAndDumpedToClassLoader(SpoonedFile.java:119)
	at fr.inria.lille.commons.spoon.SpoonedFile.processedAndDumpedToClassLoader(SpoonedFile.java:115)
	at fr.inria.lille.repair.nopol.synth.ConstraintModelBuilder.<init>(ConstraintModelBuilder.java:57)
	at fr.inria.lille.repair.nopol.synth.SynthesizerFactory.getFor(SynthesizerFactory.java:122)
	at fr.inria.lille.repair.nopol.NoPol.solveWithMultipleBuild(NoPol.java:164)
	at fr.inria.lille.repair.nopol.NoPol.build(NoPol.java:119)
	at fr.inria.lille.repair.nopol.NoPol.build(NoPol.java:89)
	at fr.inria.lille.repair.nopol.NoPolLauncher.launch(NoPolLauncher.java:84)
	at fr.inria.lille.repair.Main.main(Main.java:61)
java.lang.ClassCastException: spoon.support.reflect.code.CtIfImpl cannot be cast to spoon.reflect.code.CtExpression
	at spoon.support.visitor.replace.ReplacementVisitor$CtTargetedExpressionTargetReplaceListener.set(ReplacementVisitor.java:808)
	at spoon.support.visitor.replace.ReplacementVisitor.replaceElementIfExist(ReplacementVisitor.java:1173)
	at spoon.support.visitor.replace.ReplacementVisitor.visitCtInvocation(ReplacementVisitor.java:1428)
	at spoon.support.reflect.code.CtInvocationImpl.accept(CtInvocationImpl.java:48)
	at spoon.reflect.visitor.CtScanner.scan(CtScanner.java:147)
	at spoon.support.visitor.replace.ReplacementVisitor.replace(ReplacementVisitor.java:1096)
	at spoon.support.reflect.declaration.CtElementImpl.replace(CtElementImpl.java:386)
	at spoon.support.reflect.code.CtInvocationImpl.replace(CtInvocationImpl.java:144)
	at spoon.support.reflect.code.CtInvocationImpl.replace(CtInvocationImpl.java:136)
	at fr.inria.lille.repair.nopol.spoon.smt.ConditionalAdder.processCondition(ConditionalAdder.java:24)
	at fr.inria.lille.repair.nopol.spoon.ConditionalLoggingInstrumenter.process(ConditionalLoggingInstrumenter.java:46)
	at fr.inria.lille.repair.nopol.spoon.ConditionalLoggingInstrumenter.process(ConditionalLoggingInstrumenter.java:21)
	at spoon.support.visitor.ProcessingVisitor.scan(ProcessingVisitor.java:92)
	at spoon.reflect.visitor.CtScanner.visitCtInvocation(CtScanner.java:489)
	at spoon.support.reflect.code.CtInvocationImpl.accept(CtInvocationImpl.java:48)
	at spoon.reflect.visitor.CtScanner.scan(CtScanner.java:147)
	at spoon.support.visitor.ProcessingVisitor.scan(ProcessingVisitor.java:88)
	at spoon.support.visitor.ProcessingVisitor.scan(ProcessingVisitor.java:64)
	at spoon.reflect.visitor.CtScanner.visitCtBlock(CtScanner.java:286)
	at spoon.support.reflect.code.CtBlockImpl.accept(CtBlockImpl.java:47)
	at spoon.reflect.visitor.CtScanner.scan(CtScanner.java:147)
	at spoon.support.visitor.ProcessingVisitor.scan(ProcessingVisitor.java:88)
	at spoon.reflect.visitor.CtScanner.visitCtTry(CtScanner.java:695)
	at spoon.support.reflect.code.CtTryImpl.accept(CtTryImpl.java:43)
	at spoon.reflect.visitor.CtScanner.scan(CtScanner.java:147)
	at spoon.support.visitor.ProcessingVisitor.scan(ProcessingVisitor.java:88)
	at spoon.support.visitor.ProcessingVisitor.scan(ProcessingVisitor.java:64)
	at spoon.reflect.visitor.CtScanner.visitCtBlock(CtScanner.java:286)
	at spoon.support.reflect.code.CtBlockImpl.accept(CtBlockImpl.java:47)
	at spoon.reflect.visitor.CtScanner.scan(CtScanner.java:147)
	at spoon.support.visitor.ProcessingVisitor.scan(ProcessingVisitor.java:88)
	at spoon.reflect.visitor.CtScanner.visitCtMethod(CtScanner.java:545)
	at spoon.support.reflect.declaration.CtMethodImpl.accept(CtMethodImpl.java:60)
	at spoon.reflect.visitor.CtScanner.scan(CtScanner.java:147)
	at spoon.support.visitor.ProcessingVisitor.scan(ProcessingVisitor.java:88)
	at spoon.support.visitor.ProcessingVisitor.scan(ProcessingVisitor.java:64)
	at spoon.reflect.visitor.CtScanner.visitCtClass(CtScanner.java:326)
	at spoon.support.reflect.declaration.CtClassImpl.accept(CtClassImpl.java:58)
	at spoon.reflect.visitor.CtScanner.scan(CtScanner.java:147)
	at spoon.support.visitor.ProcessingVisitor.scan(ProcessingVisitor.java:88)
	at spoon.support.RuntimeProcessingManager.process(RuntimeProcessingManager.java:145)
	at spoon.support.RuntimeProcessingManager.process(RuntimeProcessingManager.java:133)
	at fr.inria.lille.commons.spoon.SpoonedFile.processModelledClasses(SpoonedFile.java:136)
	at fr.inria.lille.commons.spoon.SpoonedFile.process(SpoonedFile.java:128)
	at fr.inria.lille.commons.spoon.SpoonedFile.processedAndDumpedToClassLoader(SpoonedFile.java:119)
	at fr.inria.lille.commons.spoon.SpoonedFile.processedAndDumpedToClassLoader(SpoonedFile.java:115)
	at fr.inria.lille.repair.nopol.synth.ConstraintModelBuilder.<init>(ConstraintModelBuilder.java:57)
	at fr.inria.lille.repair.nopol.synth.SynthesizerFactory.getFor(SynthesizerFactory.java:122)
	at fr.inria.lille.repair.nopol.NoPol.solveWithMultipleBuild(NoPol.java:164)
	at fr.inria.lille.repair.nopol.NoPol.build(NoPol.java:119)
	at fr.inria.lille.repair.nopol.NoPol.build(NoPol.java:89)
	at fr.inria.lille.repair.nopol.NoPolLauncher.launch(NoPolLauncher.java:84)
	at fr.inria.lille.repair.Main.main(Main.java:61)
java.lang.ClassCastException: spoon.support.reflect.code.CtIfImpl cannot be cast to spoon.reflect.code.CtExpression
	at spoon.support.visitor.replace.ReplacementVisitor$CtForExpressionReplaceListener.set(ReplacementVisitor.java:522)
	at spoon.support.visitor.replace.ReplacementVisitor.replaceElementIfExist(ReplacementVisitor.java:1173)
	at spoon.support.visitor.replace.ReplacementVisitor.visitCtFor(ReplacementVisitor.java:1393)
	at spoon.support.reflect.code.CtForImpl.accept(CtForImpl.java:44)
	at spoon.reflect.visitor.CtScanner.scan(CtScanner.java:147)
	at spoon.support.visitor.replace.ReplacementVisitor.replace(ReplacementVisitor.java:1096)
	at spoon.support.reflect.declaration.CtElementImpl.replace(CtElementImpl.java:386)
	at spoon.support.reflect.code.CtInvocationImpl.replace(CtInvocationImpl.java:144)
	at spoon.support.reflect.code.CtInvocationImpl.replace(CtInvocationImpl.java:136)
	at fr.inria.lille.repair.nopol.spoon.smt.ConditionalAdder.processCondition(ConditionalAdder.java:24)
	at fr.inria.lille.repair.nopol.spoon.ConditionalLoggingInstrumenter.process(ConditionalLoggingInstrumenter.java:46)
	at fr.inria.lille.repair.nopol.spoon.ConditionalLoggingInstrumenter.process(ConditionalLoggingInstrumenter.java:21)
	at spoon.support.visitor.ProcessingVisitor.scan(ProcessingVisitor.java:92)
	at spoon.reflect.visitor.CtScanner.visitCtFor(CtScanner.java:446)
	at spoon.support.reflect.code.CtForImpl.accept(CtForImpl.java:44)
	at spoon.reflect.visitor.CtScanner.scan(CtScanner.java:147)
	at spoon.support.visitor.ProcessingVisitor.scan(ProcessingVisitor.java:88)
	at spoon.support.visitor.ProcessingVisitor.scan(ProcessingVisitor.java:64)
	at spoon.reflect.visitor.CtScanner.visitCtBlock(CtScanner.java:286)
	at spoon.support.reflect.code.CtBlockImpl.accept(CtBlockImpl.java:47)
	at spoon.reflect.visitor.CtScanner.scan(CtScanner.java:147)
	at spoon.support.visitor.ProcessingVisitor.scan(ProcessingVisitor.java:88)
	at spoon.reflect.visitor.CtScanner.visitCtMethod(CtScanner.java:545)
	at spoon.support.reflect.declaration.CtMethodImpl.accept(CtMethodImpl.java:60)
	at spoon.reflect.visitor.CtScanner.scan(CtScanner.java:147)
	at spoon.support.visitor.ProcessingVisitor.scan(ProcessingVisitor.java:88)
	at spoon.support.visitor.ProcessingVisitor.scan(ProcessingVisitor.java:64)
	at spoon.reflect.visitor.CtScanner.visitCtClass(CtScanner.java:326)
	at spoon.support.reflect.declaration.CtClassImpl.accept(CtClassImpl.java:58)
	at spoon.reflect.visitor.CtScanner.scan(CtScanner.java:147)
	at spoon.support.visitor.ProcessingVisitor.scan(ProcessingVisitor.java:88)
	at spoon.support.RuntimeProcessingManager.process(RuntimeProcessingManager.java:145)
	at spoon.support.RuntimeProcessingManager.process(RuntimeProcessingManager.java:133)
	at fr.inria.lille.commons.spoon.SpoonedFile.processModelledClasses(SpoonedFile.java:136)
	at fr.inria.lille.commons.spoon.SpoonedFile.process(SpoonedFile.java:128)
	at fr.inria.lille.commons.spoon.SpoonedFile.processedAndDumpedToClassLoader(SpoonedFile.java:119)
	at fr.inria.lille.commons.spoon.SpoonedFile.processedAndDumpedToClassLoader(SpoonedFile.java:115)
	at fr.inria.lille.repair.nopol.synth.ConstraintModelBuilder.<init>(ConstraintModelBuilder.java:57)
	at fr.inria.lille.repair.nopol.synth.SynthesizerFactory.getFor(SynthesizerFactory.java:122)
	at fr.inria.lille.repair.nopol.NoPol.solveWithMultipleBuild(NoPol.java:164)
	at fr.inria.lille.repair.nopol.NoPol.build(NoPol.java:119)
	at fr.inria.lille.repair.nopol.NoPol.build(NoPol.java:89)
	at fr.inria.lille.repair.nopol.NoPolLauncher.launch(NoPolLauncher.java:84)
	at fr.inria.lille.repair.Main.main(Main.java:61)
xxl.java.compiler.DynamicCompilationException: Aborting: dynamic compilation failed
	at xxl.java.compiler.DynamicClassCompiler.runCompilationTask(DynamicClassCompiler.java:88)
	at xxl.java.compiler.DynamicClassCompiler.javaBytecodeFor(DynamicClassCompiler.java:56)
	at fr.inria.lille.commons.spoon.SpoonedFile.compilationFor(SpoonedFile.java:177)
	at fr.inria.lille.commons.spoon.SpoonedFile.compileModelledClasses(SpoonedFile.java:154)
	at fr.inria.lille.commons.spoon.SpoonedFile.processModelledClasses(SpoonedFile.java:138)
	at fr.inria.lille.commons.spoon.SpoonedFile.process(SpoonedFile.java:128)
	at fr.inria.lille.commons.spoon.SpoonedFile.processedAndDumpedToClassLoader(SpoonedFile.java:119)
	at fr.inria.lille.commons.spoon.SpoonedFile.processedAndDumpedToClassLoader(SpoonedFile.java:115)
	at fr.inria.lille.repair.nopol.synth.ConstraintModelBuilder.<init>(ConstraintModelBuilder.java:57)
	at fr.inria.lille.repair.nopol.synth.SynthesizerFactory.getFor(SynthesizerFactory.java:122)
	at fr.inria.lille.repair.nopol.NoPol.solveWithMultipleBuild(NoPol.java:164)
	at fr.inria.lille.repair.nopol.NoPol.build(NoPol.java:119)
	at fr.inria.lille.repair.nopol.NoPol.build(NoPol.java:89)
	at fr.inria.lille.repair.nopol.NoPolLauncher.launch(NoPolLauncher.java:84)
	at fr.inria.lille.repair.Main.main(Main.java:61)
## OAR [2016-05-16 21:52:30] Job 990295 KILLED ##
