cd /tmp/closure_66_Brutpol;export JAVA_TOOL_OPTIONS=-Dfile.encoding=UTF8;TZ="America/New_York"; export TZexport PATH="/usr/lib/jvm/java-1.7.0-openjdk-amd64/bin/:$PATH";cp -r /home/tdurieux/dynamoth-experiments/src/python/core/../../../libs/z3 lib/z3;time java -d64 -Xmx4g -Xms1g -XX:MaxPermSize=1024m -XX:+UseConcMarkSweepGC -XX:+CMSPermGenSweepingEnabled -XX:+CMSClassUnloadingEnabled -cp /home/tdurieux/dynamoth-experiments/src/python/core/../../..//libs/nopol.jar:/usr/lib/jvm/java-1.7.0-openjdk-amd64/bin//../lib/tools.jar fr.inria.lille.repair.Main --flocal gzoltar  --maxTime 300  --json  --mode repair --type pre_then_cond --oracle angelic --synthesis dynamoth --solver z3 --solver-path /home/tdurieux/dynamoth-experiments/src/python/core/../../..//libs/z3/z3 --complianceLevel 6 --source /tmp/closure_66_Brutpol/src/ --classpath /tmp/closure_66_Brutpol/build/classes:/tmp/closure_66_Brutpol/build/test:/tmp/closure_66_Brutpol/lib/ant.jar:/tmp/closure_66_Brutpol/lib/ant-launcher.jar:/tmp/closure_66_Brutpol/lib/args4j.jar:/tmp/closure_66_Brutpol/lib/guava.jar:/tmp/closure_66_Brutpol/lib/json.jar:/tmp/closure_66_Brutpol/lib/jsr305.jar:/tmp/closure_66_Brutpol/lib/junit.jar:/tmp/closure_66_Brutpol/lib/caja-r4314.jar:/tmp/closure_66_Brutpol/lib/protobuf-java.jar:/tmp/closure_66_Brutpol/lib/libtrunk_rhino_parser_jarjared.jar:/home/tdurieux/dynamoth-experiments/src/python/core/../../..//libs/nopol.jar;echo "

Node: `hostname`
";echo "
Date: `date`
";

05:43:18.940 [pool-2-thread-1] INFO  fr.inria.lille.repair.nopol.NoPol - Nb classes : 391
05:43:18.940 [pool-2-thread-1] INFO  fr.inria.lille.repair.nopol.NoPol - Nb methods : 4433
05:43:18.940 [pool-2-thread-1] INFO  fr.inria.lille.repair.nopol.NoPol - Nb Statements Analyzed : 7
05:43:18.940 [pool-2-thread-1] INFO  fr.inria.lille.repair.nopol.NoPol - Nb Statements with Angelic Value Found : 1
05:43:18.940 [pool-2-thread-1] INFO  fr.inria.lille.repair.nopol.NoPol - NoPol Execution time : 197211ms
05:43:18.940 [pool-2-thread-1] INFO  fr.inria.lille.repair.nopol.NoPol - ----PATCH FOUND----
05:43:18.940 [pool-2-thread-1] INFO  fr.inria.lille.repair.nopol.NoPol - this.inExterns
05:43:21.523 [pool-2-thread-1] INFO  fr.inria.lille.repair.nopol.NoPol - Nb test that executes the patch: 166
05:43:21.524 [pool-2-thread-1] INFO  fr.inria.lille.repair.nopol.NoPol - com.google.javascript.jscomp.TypeCheck:822: PRECONDITION
05:43:21.621 [pool-2-thread-1] INFO  fr.inria.lille.repair.nopol.NoPol - --- /tmp/closure_66_Brutpol/src/com/google/javascript/jscomp/TypeCheck.java
+++ /tmp/closure_66_Brutpol/src/com/google/javascript/jscomp/TypeCheck.java
@@ -821,3 +821,5 @@
     if (type == null) {
-      nullCount++;
+      if (this.inExterns) {
+        nullCount++;
+      }
     } else if (type.isUnknownType()) {



Node: griffon-15.nancy.grid5000.fr


Date: Sat Mar  4 06:43:24 CET 2017


