export PATH="/home/tdurieux/defects4j/framework/bin:$PATH";export JAVA_TOOL_OPTIONS=-Dfile.encoding=UTF8;export PATH="/usr/lib/jvm/java-1.7.0-openjdk-amd64/bin/:$PATH";cp -r /home/tdurieux/projects/lang/lang_20 /tmp/lang_20_Genprog;cd /tmp/lang_20_Genprog;defects4j compile;mkdir lib/;cp -r /home/tdurieux/defects4j/framework/projects/lib/* lib/;cp -r /home/tdurieux/defects4j/framework/projects/Lang/lib/* lib/;find . -type f -name "package-info.java" -delete;
/home/tdurieux/defects4j-repair/src/python/core/../../../results/2015-august/Lang/20/Genprog/result
cd /tmp/lang_20_Genprog;export JAVA_TOOL_OPTIONS=-Dfile.encoding=UTF8;TZ="America/New_York"; export TZexport PATH="/usr/lib/jvm/java-1.7.0-openjdk-amd64/bin/:$PATH";time java  -cp /home/tdurieux/defects4j-repair/src/python/core/../../..//libs/astor.jar fr.inria.main.evolution.MainjGenProg -mode statement -location . -dependencies lib/ -failing org.apache.commons.lang3.StringUtilsTest:org.apache.commons.lang3.StringUtilsTest: -package org.apache.commons -jvm4testexecution /usr/lib/jvm/java-1.7.0-openjdk-amd64/bin/ -javacompliancelevel 5 -maxgen 1000000 -seed 10 -maxtime 60  -scope local  -stopfirst true -flthreshold 0.1 -population 1 -srcjavafolder src/main/java/ -srctestfolder src/test/java/ -binjavafolder target/classes/ -bintestfolder target/tests/;echo "

Node: `hostname`
";echo "
Date: `date`
";rm -rf /tmp/lang_20_Genprog;

2015-08-25 00:19:39,704 INFO main - End Repair Loops: NOT Found solution
2015-08-25 00:19:39,704 INFO main - 
Number solutions:0
2015-08-25 00:19:39,704 INFO main - 
All variants:
2015-08-25 00:19:39,704 INFO main - f 17.0, [Variant id: 11327, #gens: 31, #ops: 0, parent:-]
2015-08-25 00:19:39,704 INFO main - --Space: LOCAL
org.apache.commons.lang3.StringUtils=1319|,
2015-08-25 00:19:39,704 INFO main - 
----stats: 
2015-08-25 00:19:39,704 INFO main - 
spaces navigation: [61]: {(CtReturnImpl| size: 1319| notcompiles| LOCAL| INSERT_AFTER) =1449, (CtAssignmentImpl| size: 148| alreadyanalyzed| LOCAL| REPLACE) =5407, (CtInvocationImpl| size: 1319| notcompiles| LOCAL| INSERT_BEFORE) =300, (CtLocalVariableImpl| size: 1319| alreadyanalyzed| LOCAL| INSERT_AFTER) =825, (CtIfImpl| size: 1319| alreadyanalyzed| LOCAL| INSERT_AFTER) =80622, (CtReturnImpl| size: 399| alreadyanalyzed| LOCAL| REPLACE) =193126, (CtIfImpl| size: 1319| compiles| LOCAL| INSERT_AFTER) =607, (CtIfImpl| size: 1319| alreadyanalyzed| LOCAL| INSERT_BEFORE) =29497, (CtAssignmentImpl| size: 1319| compiles| LOCAL| INSERT_AFTER) =44, (CtReturnImpl| size: 399| compiles| LOCAL| REPLACE) =108, (CtLocalVariableImpl| size: 1319| alreadyanalyzed| LOCAL| INSERT_BEFORE) =804, (CtOperatorAssignmentImpl| size: 1319| notcompiles| LOCAL| INSERT_BEFORE) =345, (CtForImpl| size: 1319| alreadyanalyzed| LOCAL| INSERT_AFTER) =588, (CtAssignmentImpl| size: 1319| compiles| LOCAL| INSERT_BEFORE) =36, (CtAssignmentImpl| size: 148| notcompiles| LOCAL| REPLACE) =94, (CtIfImpl| size: 344| notcompiles| LOCAL| REPLACE) =1176, (CtAssignmentImpl| size: 1319| notcompiles| LOCAL| INSERT_AFTER) =115, (CtIfImpl| size: 1319| compiles| LOCAL| INSERT_BEFORE) =580, (CtReturnImpl| size: 1319| alreadyanalyzed| LOCAL| INSERT_AFTER) =1981, (CtOperatorAssignmentImpl| size: 1319| alreadyanalyzed| LOCAL| INSERT_AFTER) =110, (CtOperatorAssignmentImpl| size: 1319| compiles| LOCAL| INSERT_BEFORE) =118, (CtForImpl| size: 1319| compiles| LOCAL| INSERT_BEFORE) =122, (CtAssignmentImpl| size: 1319| alreadyanalyzed| LOCAL| INSERT_BEFORE) =39, (CtLocalVariableImpl| size: 1319| notcompiles| LOCAL| INSERT_AFTER) =678, (CtForImpl| size: 56| notcompiles| LOCAL| REPLACE) =54, (CtIfImpl| size: 344| alreadyanalyzed| LOCAL| REPLACE) =206920, (CtAssignmentImpl| size: 1319| alreadyanalyzed| LOCAL| INSERT_AFTER) =64, (CtLocalVariableImpl| size: 1319| notcompiles| LOCAL| INSERT_BEFORE) =618, (CtLocalVariableImpl| size: 1319| compiles| LOCAL| INSERT_BEFORE) =233, (CtForImpl| size: 1319| notcompiles| LOCAL| INSERT_AFTER) =381, (CtReturnImpl| size: 1319| alreadyanalyzed| LOCAL| INSERT_BEFORE) =2277, (CtReturnImpl| size: 1319| compiles| LOCAL| INSERT_AFTER) =523, (CtForImpl| size: 56| alreadyanalyzed| LOCAL| REPLACE) =7282, (CtForImpl| size: 1319| compiles| LOCAL| INSERT_AFTER) =122, (CtOperatorAssignmentImpl| size: 1319| alreadyanalyzed| LOCAL| INSERT_BEFORE) =290, (CtInvocationImpl| size: 1319| alreadyanalyzed| LOCAL| INSERT_BEFORE) =201, (CtInvocationImpl| size: 1319| compiles| LOCAL| INSERT_AFTER) =128, (CtLocalVariableImpl| size: 218| compiles| LOCAL| REPLACE) =229, (CtForImpl| size: 1319| notcompiles| LOCAL| INSERT_BEFORE) =317, (CtInvocationImpl| size: 1319| notcompiles| LOCAL| INSERT_AFTER) =305, (CtReturnImpl| size: 1319| notcompiles| LOCAL| INSERT_BEFORE) =1539, (CtLocalVariableImpl| size: 218| alreadyanalyzed| LOCAL| REPLACE) =379, (CtOperatorAssignmentImpl| size: 8| compiles| LOCAL| REPLACE) =1, (CtOperatorAssignmentImpl| size: 8| notcompiles| LOCAL| REPLACE) =11, (CtInvocationImpl| size: 76| notcompiles| LOCAL| REPLACE) =91, (CtIfImpl| size: 1319| notcompiles| LOCAL| INSERT_AFTER) =1823, (CtAssignmentImpl| size: 1319| notcompiles| LOCAL| INSERT_BEFORE) =87, (CtForImpl| size: 1319| alreadyanalyzed| LOCAL| INSERT_BEFORE) =502, (CtInvocationImpl| size: 76| alreadyanalyzed| LOCAL| REPLACE) =9675, (CtInvocationImpl| size: 1319| compiles| LOCAL| INSERT_BEFORE) =132, (CtInvocationImpl| size: 1319| alreadyanalyzed| LOCAL| INSERT_AFTER) =192, (CtAssignmentImpl| size: 148| compiles| LOCAL| REPLACE) =4, (CtOperatorAssignmentImpl| size: 1319| compiles| LOCAL| INSERT_AFTER) =92, (CtOperatorAssignmentImpl| size: 8| alreadyanalyzed| LOCAL| REPLACE) =890, (CtInvocationImpl| size: 76| compiles| LOCAL| REPLACE) =3, (CtIfImpl| size: 1319| notcompiles| LOCAL| INSERT_BEFORE) =1742, (CtReturnImpl| size: 1319| compiles| LOCAL| INSERT_BEFORE) =544, (CtLocalVariableImpl| size: 1319| compiles| LOCAL| INSERT_AFTER) =223, (CtReturnImpl| size: 399| notcompiles| LOCAL| REPLACE) =687, (CtOperatorAssignmentImpl| size: 1319| notcompiles| LOCAL| INSERT_AFTER) =223, (CtIfImpl| size: 344| compiles| LOCAL| REPLACE) =44}
#gen: 5663
#patches: 0
#RightCompilation: 2095
#WrongCompilation: 3568
#FailingTestCaseExecution: 2096
#RegressionTestExecution: 1
#TestcasesExecutedval1: 343744
#TestcasesExecutedval2: 1876
#FailingTestCase: 164
#RegressionTestCases: 1876
#OfAppliedOp: 5663
#NotAppliedOp: 0
#InmutatedGen: 1548
#unfinishValidation: 0
#ing {CtLocalVariableImpl=905, CtForImpl=489, CtAssignmentImpl=161, CtReturnImpl=2181, CtOperatorAssignmentImpl=439, CtInvocationImpl=512, CtIfImpl=2524}
#untilcompile {550=1, 1=571, 2=384, 3=305, 4=229, 2205=1, 5=196, 1098=1, 6=164, 7=176, 1092=1, 8=142, 9=119, 10=89, 1095=1, 11=92, 1088=1, 12=62, 1089=1, 13=60, 14=53, 15=42, 17=34, 16=36, 3809=1, 19=25, 18=23, 563=1, 1663=2, 21=27, 20=29, 23=18, 22=16, 25=16, 24=8, 27=8, 26=18, 29=5, 570=1, 28=10, 31=4, 2720=1, 30=9, 34=5, 35=4, 32=12, 33=2, 38=2, 39=8, 36=2, 514=1, 37=5, 42=6, 43=6, 40=6, 41=5, 46=3, 47=2, 44=3, 45=5, 51=2, 532=1, 50=2, 1149=1, 48=2, 54=5, 1146=1, 53=2, 1144=1, 52=5, 1143=1, 59=12, 58=11, 57=5, 543=1, 56=23, 63=1, 61=6, 60=3, 1032=1, 68=1, 70=2, 71=1, 64=3, 65=5, 66=5, 67=1, 76=23, 77=8, 78=8, 79=6, 73=2, 74=1, 85=1, 84=1, 87=2, 86=3, 1053=1, 81=8, 80=5, 83=1, 82=2, 93=3, 92=3, 95=1, 94=2, 89=2, 88=2, 91=3, 90=3, 103=1, 578=1, 101=1, 99=3, 110=1, 111=1, 108=1, 1537=1, 107=1, 105=1, 118=1, 116=1, 115=1, 1087=2, 114=1, 112=1, 126=1, 604=1, 122=1, 121=2, 1217=1, 140=2, 1228=1, 133=1, 135=1, 134=1, 152=1, 703=1, 700=1, 155=3, 156=1, 699=1, 697=1, 694=1, 695=2, 692=3, 693=1, 690=3, 148=8, 691=1, 149=5, 688=9, 150=4, 151=2, 689=2, 169=1, 168=1, 175=1, 174=1, 173=1, 163=1, 1739=1, 164=1, 188=1, 746=5, 745=2, 1700=1, 744=8, 751=3, 750=4, 748=1, 738=1, 196=1, 743=15, 1718=4, 762=1, 221=1, 763=1, 760=1, 761=1, 1724=2, 752=1, 753=1, 208=1, 758=1, 209=2, 759=2, 756=2, 757=3, 211=1, 2643=1, 714=1, 1665=1, 234=1, 231=1, 230=1, 706=2, 1673=1, 225=1, 1197=2, 710=1, 224=1, 244=1, 820=1, 277=1, 282=1, 2982=1, 827=1, 804=1, 805=1, 800=1, 801=2, 802=2, 1351=1, 264=1, 265=1, 270=1, 811=1, 799=3, 798=9, 1399=1, 315=1, 1392=1, 316=1, 775=1, 289=1, 773=1, 770=1, 1386=1, 768=1, 769=2, 1379=1, 351=9, 350=22, 349=19, 348=22, 347=24, 346=33, 345=40, 344=100, 330=1, 1337=1, 1336=1, 372=1, 375=2, 1338=1, 368=1, 371=1, 1343=1, 1342=1, 370=2, 1329=1, 1814=1, 377=1, 379=1, 1334=1, 378=2, 860=1, 1320=4, 356=5, 835=1, 1321=3, 357=8, 1322=1, 358=7, 1323=4, 359=7, 1324=2, 352=17, 1325=2, 353=9, 354=7, 3037=1, 1327=1, 355=9, 364=2, 366=2, 367=1, 360=5, 361=2, 362=5, 1319=18, 363=3, 410=2, 411=5, 408=10, 409=9, 1490=1, 414=4, 415=5, 412=5, 402=24, 403=17, 400=34, 401=27, 406=16, 1498=1, 407=11, 404=12, 405=4, 2018=1, 392=1, 399=113, 385=1, 440=1, 441=1, 444=1, 446=1, 447=1, 432=2, 433=2, 436=2, 437=1, 1530=1, 424=4, 426=3, 417=2, 416=1, 419=2, 418=2, 421=3, 420=5, 422=3, 478=1, 479=2, 476=4, 477=3, 474=1, 475=6, 467=1, 464=2, 465=2, 463=3, 462=1, 461=2, 1408=1, 460=2, 457=1, 456=2, 455=3, 451=1, 505=1, 507=1, 497=1, 498=1, 499=1, 492=3, 494=1, 491=1, 490=1, 485=1, 480=1, 483=1}
2015-08-25 00:19:39,705 INFO main - Time Evolution(ms): 3671672
2015-08-25 00:19:39,705 INFO fr.inria.main.AbstractMain - Time Total(ms): 3709442


Node: griffon-31.nancy.grid5000.fr


Date: Tue Aug 25 02:19:40 CEST 2015


