cd /tmp/closure_19_Brutpol;export JAVA_TOOL_OPTIONS=-Dfile.encoding=UTF8;TZ="America/New_York"; export TZexport PATH="/usr/lib/jvm/java-1.7.0-openjdk-amd64/bin/:$PATH";cp -r /home/tdurieux/dynamoth-experiments/src/python/core/../../../libs/z3 lib/z3;time java -d64 -Xmx4g -Xms1g -XX:MaxPermSize=1024m -XX:+UseConcMarkSweepGC -XX:+CMSPermGenSweepingEnabled -XX:+CMSClassUnloadingEnabled -cp /home/tdurieux/dynamoth-experiments/src/python/core/../../..//libs/nopol.jar:/usr/lib/jvm/java-1.7.0-openjdk-amd64/bin//../lib/tools.jar fr.inria.lille.repair.Main --flocal gzoltar  --maxTime 300  --json  --mode repair --type pre_then_cond --oracle angelic --synthesis dynamoth --solver z3 --solver-path /home/tdurieux/dynamoth-experiments/src/python/core/../../..//libs/z3/z3 --complianceLevel 6 --source /tmp/closure_19_Brutpol/src/ --classpath /tmp/closure_19_Brutpol/build/classes:/tmp/closure_19_Brutpol/build/test:/tmp/closure_19_Brutpol/build/lib/rhino.jar:/tmp/closure_19_Brutpol/lib/ant.jar:/tmp/closure_19_Brutpol/lib/ant-launcher.jar:/tmp/closure_19_Brutpol/lib/args4j.jar:/tmp/closure_19_Brutpol/lib/guava.jar:/tmp/closure_19_Brutpol/lib/jarjar.jar:/tmp/closure_19_Brutpol/lib/json.jar:/tmp/closure_19_Brutpol/lib/jsr305.jar:/tmp/closure_19_Brutpol/lib/junit.jar:/tmp/closure_19_Brutpol/lib/caja-r4314.jar:/tmp/closure_19_Brutpol/lib/protobuf-java.jar:/home/tdurieux/dynamoth-experiments/src/python/core/../../..//libs/nopol.jar;echo "

Node: `hostname`
";echo "
Date: `date`
";

09:46:54.591 [pool-2-thread-1] INFO  fr.inria.lille.repair.nopol.NoPol - Nb classes : 403
09:46:54.591 [pool-2-thread-1] INFO  fr.inria.lille.repair.nopol.NoPol - Nb methods : 4723
09:46:54.591 [pool-2-thread-1] INFO  fr.inria.lille.repair.nopol.NoPol - Nb Statements Analyzed : 21
09:46:54.591 [pool-2-thread-1] INFO  fr.inria.lille.repair.nopol.NoPol - Nb Statements with Angelic Value Found : 2
09:46:54.591 [pool-2-thread-1] INFO  fr.inria.lille.repair.nopol.NoPol - NoPol Execution time : 279815ms
09:46:54.591 [pool-2-thread-1] INFO  fr.inria.lille.repair.nopol.NoPol - ----PATCH FOUND----
09:46:54.591 [pool-2-thread-1] INFO  fr.inria.lille.repair.nopol.NoPol - parameter.hasChildren() || parameter.isUnscopedQualifiedName()
09:46:57.698 [pool-2-thread-1] INFO  fr.inria.lille.repair.nopol.NoPol - Nb test that executes the patch: 50
09:46:57.698 [pool-2-thread-1] INFO  fr.inria.lille.repair.nopol.NoPol - com.google.javascript.jscomp.type.ClosureReverseAbstractInterpreter:239: PRECONDITION
09:46:57.719 [pool-2-thread-1] INFO  fr.inria.lille.repair.nopol.NoPol - --- /tmp/closure_19_Brutpol/src/com/google/javascript/jscomp/type/ClosureReverseAbstractInterpreter.java
+++ /tmp/closure_19_Brutpol/src/com/google/javascript/jscomp/type/ClosureReverseAbstractInterpreter.java
@@ -238,3 +238,5 @@
       FlowScope informed = blindScope.createChildFlowScope();
-      declareNameInScope(informed, parameter, type);
+      if (parameter.hasChildren() || parameter.isUnscopedQualifiedName()) {
+        declareNameInScope(informed, parameter, type);
+      }
       return informed;



Node: griffon-14.nancy.grid5000.fr


Date: Sat Mar  4 10:47:01 CET 2017


