/tmp/closure_115_NopolC
export PATH="/home/tdurieux/defects4j/framework/bin:$PATH";export JAVA_TOOL_OPTIONS=-Dfile.encoding=UTF8;export PATH="/usr/lib/jvm/java-1.7.0-openjdk-amd64/bin/:$PATH";cd /home/tdurieux/projects/closure/closure_115;defects4j compile;cp -r /home/tdurieux/projects/closure/closure_115 /tmp/closure_115_NopolC;cd /tmp/closure_115_NopolC;mkdir lib/;cp -r /home/tdurieux/defects4j/framework/projects/lib/* lib/;cp -r /home/tdurieux/defects4j/framework/projects/Closure/lib/* lib/;find . -type f -name "package-info.java" -delete;
cd /tmp/closure_115_NopolC;export JAVA_TOOL_OPTIONS=-Dfile.encoding=UTF8;export PATH="/usr/lib/jvm/java-1.7.0-openjdk-amd64/bin/:$PATH";cp -r /home/tdurieux/defects4j-repair/src/python/core/../../../libs/z3 lib/z3;time java -Xmx4096m -cp /home/tdurieux/defects4j-repair/src/python/core/../../..//libs/nopol.jar:/usr/lib/jvm/java-1.7.0-openjdk-amd64/bin//../lib/tools.jar fr.inria.lille.repair.Main --mode repair --type condition --oracle angelic --synthesis smt --solver z3 --solver-path /home/tdurieux/defects4j-repair/src/python/core/../../..//libs/z3/z3 --complianceLevel 6 --source /tmp/closure_115_NopolC/src/ --classpath /tmp/closure_115_NopolC/build/classes:/tmp/closure_115_NopolC/build/test:/tmp/closure_115_NopolC/build/lib/rhino.jar:/tmp/closure_115_NopolC/lib/ant.jar:/tmp/closure_115_NopolC/lib/ant-launcher.jar:/tmp/closure_115_NopolC/lib/args4j.jar:/tmp/closure_115_NopolC/lib/guava.jar:/tmp/closure_115_NopolC/lib/jarjar.jar:/tmp/closure_115_NopolC/lib/json.jar:/tmp/closure_115_NopolC/lib/jsr305.jar:/tmp/closure_115_NopolC/lib/junit.jar:/tmp/closure_115_NopolC/lib/caja-r4314.jar:/tmp/closure_115_NopolC/lib/protobuf-java.jar:/home/tdurieux/defects4j-repair/src/python/core/../../..//libs/nopol.jar;echo "

Node: `hostname`
";echo "
Date: `date`
";rm -rf /tmp/closure_115_NopolC;

Nb classes : 256
Nb methods : 2913
Nb statement executed by the passing tests of the patched line: 0
Nb statement executed by the failing tests of the patched line: 0
Nb statements: 45661
Nb unit tests : 8289
Nb Statements Analyzed : 28
Nb Statements with Angelic Value Found : 4
Nb inputs in SMT : 3
Nb SMT level: 1
Nb SMT components: [0] []
Nb variables in SMT : 19
Nb run failing test  : [1, 1, 1, 2, 2, 1]
Nb run passing test : [96, 98, 166, 19, 19, 188]
NoPol Execution time : 1631175ms
----PATCH FOUND----
com.google.javascript.jscomp.FunctionInjector:698: CONDITIONAL com.google.javascript.jscomp.FunctionInjector.this.assumeMinimumCapture


Node: grisou-1.nancy.grid5000.fr


Date: Mon May 16 20:29:58 CEST 2016


