export PATH="/home/tdurieux/defects4j/framework/bin:$PATH";export JAVA_TOOL_OPTIONS=-Dfile.encoding=UTF8;export PATH="/usr/lib/jvm/java-1.7.0-openjdk-amd64/bin/:$PATH";cp -r /home/tdurieux/projects/math/math_10 /tmp/math_10_Genprog;cd /tmp/math_10_Genprog;defects4j compile;mkdir lib/;cp -r /home/tdurieux/defects4j/framework/projects/lib/* lib/;cp -r /home/tdurieux/defects4j/framework/projects/Math/lib/* lib/;find . -type f -name "package-info.java" -delete;
/home/tdurieux/defects4j-repair/src/python/core/../../../results/2015-august/Math/10/Genprog/result
cd /tmp/math_10_Genprog;export JAVA_TOOL_OPTIONS=-Dfile.encoding=UTF8;TZ="America/New_York"; export TZexport PATH="/usr/lib/jvm/java-1.7.0-openjdk-amd64/bin/:$PATH";time java  -cp /home/tdurieux/defects4j-repair/src/python/core/../../..//libs/astor.jar fr.inria.main.evolution.MainjGenProg -mode statement -location . -dependencies lib/ -failing org.apache.commons.math3.analysis.differentiation.DerivativeStructureTest: -package org.apache.commons -jvm4testexecution /usr/lib/jvm/java-1.7.0-openjdk-amd64/bin/ -javacompliancelevel 5 -maxgen 1000000 -seed 10 -maxtime 60  -scope local  -stopfirst true -flthreshold 0.1 -population 1 -srcjavafolder src/main/java/ -srctestfolder src/test/java/ -binjavafolder target/classes/ -bintestfolder target/test-classes/;echo "

Node: `hostname`
";echo "
Date: `date`
";rm -rf /tmp/math_10_Genprog;

2015-08-24 23:31:49,242 INFO main - End Repair Loops: NOT Found solution
2015-08-24 23:31:49,242 INFO main - 
Number solutions:0
2015-08-24 23:31:49,242 INFO main - 
All variants:
2015-08-24 23:31:49,242 INFO main - f 1.0, [Variant id: 5863, #gens: 116, #ops: 0, parent:-]
2015-08-24 23:31:49,242 INFO main - --Space: LOCAL
org.apache.commons.math3.analysis.differentiation.DerivativeStructure=207|,org.apache.commons.math3.util.FastMath=1538|,org.apache.commons.math3.analysis.differentiation.DSCompiler=511|,
2015-08-24 23:31:49,242 INFO main - 
----stats: 
2015-08-24 23:31:49,242 INFO main - 
spaces navigation: [111]: {(CtWhileImpl| size: 1538| compiles| LOCAL| INSERT_BEFORE) =2, (CtAssignmentImpl| size: 1538| compiles| LOCAL| INSERT_AFTER) =23, (CtIfImpl| size: 250| notcompiles| LOCAL| REPLACE) =162, (CtReturnImpl| size: 245| notcompiles| LOCAL| REPLACE) =21, (CtAssignmentImpl| size: 130| compiles| LOCAL| REPLACE) =108, (CtIfImpl| size: 511| compiles| LOCAL| INSERT_AFTER) =80, (CtWhileImpl| size: 1538| notcompiles| LOCAL| INSERT_AFTER) =3, (CtOperatorAssignmentImpl| size: 511| notcompiles| LOCAL| INSERT_AFTER) =70, (CtLocalVariableImpl| size: 511| alreadyanalyzed| LOCAL| INSERT_AFTER) =47, (CtIfImpl| size: 1538| compiles| LOCAL| INSERT_AFTER) =5, (CtLocalVariableImpl| size: 424| compiles| LOCAL| REPLACE) =62, (CtAssignmentImpl| size: 1538| notcompiles| LOCAL| INSERT_BEFORE) =74, (CtInvocationImpl| size: 58| alreadyanalyzed| LOCAL| REPLACE) =4333, (CtLocalVariableImpl| size: 207| notcompiles| LOCAL| INSERT_AFTER) =8, (CtReturnImpl| size: 1538| notcompiles| LOCAL| INSERT_AFTER) =19, (CtAssignmentImpl| size: 454| notcompiles| LOCAL| REPLACE) =1313, (CtAssignmentImpl| size: 1538| compiles| LOCAL| INSERT_BEFORE) =32, (CtLocalVariableImpl| size: 207| alreadyanalyzed| LOCAL| INSERT_AFTER) =18, (CtIfImpl| size: 511| notcompiles| LOCAL| INSERT_BEFORE) =128, (CtIfImpl| size: 1538| notcompiles| LOCAL| INSERT_BEFORE) =12, (CtReturnImpl| size: 1538| compiles| LOCAL| INSERT_AFTER) =11, (CtAssignmentImpl| size: 454| alreadyanalyzed| LOCAL| REPLACE) =1746, (CtIfImpl| size: 1538| notcompiles| LOCAL| INSERT_AFTER) =7, (CtIfImpl| size: 511| alreadyanalyzed| LOCAL| INSERT_AFTER) =35, (CtInvocationImpl| size: 207| notcompiles| LOCAL| INSERT_BEFORE) =20, (CtInvocationImpl| size: 207| compiles| LOCAL| INSERT_BEFORE) =29, (CtInvocationImpl| size: 207| alreadyanalyzed| LOCAL| INSERT_AFTER) =18, (CtReturnImpl| size: 245| alreadyanalyzed| LOCAL| REPLACE) =11, (CtAssignmentImpl| size: 511| compiles| LOCAL| INSERT_AFTER) =99, (CtLocalVariableImpl| size: 134| alreadyanalyzed| LOCAL| REPLACE) =42, (CtLocalVariableImpl| size: 511| compiles| LOCAL| INSERT_BEFORE) =163, (CtOperatorAssignmentImpl| size: 511| compiles| LOCAL| INSERT_AFTER) =46, (CtInvocationImpl| size: 511| alreadyanalyzed| LOCAL| INSERT_BEFORE) =74, (CtWhileImpl| size: 1538| notcompiles| LOCAL| INSERT_BEFORE) =6, (CtOperatorAssignmentImpl| size: 35| notcompiles| LOCAL| REPLACE) =130, (CtIfImpl| size: 511| notcompiles| LOCAL| INSERT_AFTER) =94, (CtAssignmentImpl| size: 130| alreadyanalyzed| LOCAL| REPLACE) =1814, (CtAssignmentImpl| size: 511| compiles| LOCAL| INSERT_BEFORE) =94, (CtInvocationImpl| size: 511| notcompiles| LOCAL| INSERT_AFTER) =218, (CtLocalVariableImpl| size: 45| alreadyanalyzed| LOCAL| REPLACE) =182, (CtReturnImpl| size: 207| compiles| LOCAL| INSERT_BEFORE) =21, (CtLocalVariableImpl| size: 207| compiles| LOCAL| INSERT_AFTER) =16, (CtAssignmentImpl| size: 511| alreadyanalyzed| LOCAL| INSERT_BEFORE) =27, (CtForImpl| size: 511| notcompiles| LOCAL| INSERT_BEFORE) =123, (CtInvocationImpl| size: 207| alreadyanalyzed| LOCAL| INSERT_BEFORE) =38, (CtReturnImpl| size: 1538| notcompiles| LOCAL| INSERT_BEFORE) =22, (CtReturnImpl| size: 207| alreadyanalyzed| LOCAL| INSERT_AFTER) =1, (CtForImpl| size: 511| alreadyanalyzed| LOCAL| INSERT_BEFORE) =23, (CtInvocationImpl| size: 58| notcompiles| LOCAL| REPLACE) =275, (CtIfImpl| size: 250| alreadyanalyzed| LOCAL| REPLACE) =55, (CtIfImpl| size: 511| alreadyanalyzed| LOCAL| INSERT_BEFORE) =20, (CtReturnImpl| size: 207| compiles| LOCAL| INSERT_AFTER) =13, (CtIfImpl| size: 1538| compiles| LOCAL| INSERT_BEFORE) =6, (CtReturnImpl| size: 207| notcompiles| LOCAL| INSERT_AFTER) =3, (CtForImpl| size: 63| compiles| LOCAL| REPLACE) =8, (CtInvocationImpl| size: 511| alreadyanalyzed| LOCAL| INSERT_AFTER) =57, (CtForImpl| size: 511| compiles| LOCAL| INSERT_BEFORE) =78, (CtLocalVariableImpl| size: 1538| alreadyanalyzed| LOCAL| INSERT_AFTER) =1, (CtIfImpl| size: 1538| alreadyanalyzed| LOCAL| INSERT_BEFORE) =2, (CtLocalVariableImpl| size: 134| compiles| LOCAL| REPLACE) =155, (CtLocalVariableImpl| size: 207| notcompiles| LOCAL| INSERT_BEFORE) =14, (CtIfImpl| size: 511| compiles| LOCAL| INSERT_BEFORE) =75, (CtLocalVariableImpl| size: 1538| notcompiles| LOCAL| INSERT_BEFORE) =144, (CtInvocationImpl| size: 511| compiles| LOCAL| INSERT_BEFORE) =146, (CtReturnImpl| size: 68| compiles| LOCAL| REPLACE) =17, (CtIfImpl| size: 63| compiles| LOCAL| REPLACE) =72, (CtInvocationImpl| size: 58| compiles| LOCAL| REPLACE) =126, (CtReturnImpl| size: 1538| compiles| LOCAL| INSERT_BEFORE) =9, (CtAssignmentImpl| size: 1538| notcompiles| LOCAL| INSERT_AFTER) =37, (CtReturnImpl| size: 68| notcompiles| LOCAL| REPLACE) =10, (CtLocalVariableImpl| size: 1538| compiles| LOCAL| INSERT_AFTER) =65, (CtOperatorAssignmentImpl| size: 511| alreadyanalyzed| LOCAL| INSERT_BEFORE) =14, (CtIfImpl| size: 63| notcompiles| LOCAL| REPLACE) =83, (CtAssignmentImpl| size: 511| alreadyanalyzed| LOCAL| INSERT_AFTER) =29, (CtForImpl| size: 511| notcompiles| LOCAL| INSERT_AFTER) =99, (CtOperatorAssignmentImpl| size: 511| compiles| LOCAL| INSERT_BEFORE) =62, (CtForImpl| size: 63| notcompiles| LOCAL| REPLACE) =409, (CtInvocationImpl| size: 511| compiles| LOCAL| INSERT_AFTER) =135, (CtInvocationImpl| size: 207| compiles| LOCAL| INSERT_AFTER) =23, (CtLocalVariableImpl| size: 45| compiles| LOCAL| REPLACE) =9, (CtAssignmentImpl| size: 511| notcompiles| LOCAL| INSERT_BEFORE) =123, (CtReturnImpl| size: 245| compiles| LOCAL| REPLACE) =8, (CtOperatorAssignmentImpl| size: 511| alreadyanalyzed| LOCAL| INSERT_AFTER) =12, (CtWhileImpl| size: 1538| compiles| LOCAL| INSERT_AFTER) =1, (CtInvocationImpl| size: 207| notcompiles| LOCAL| INSERT_AFTER) =15, (CtWhileImpl| size: 5| compiles| LOCAL| REPLACE) =1, (CtLocalVariableImpl| size: 511| notcompiles| LOCAL| INSERT_BEFORE) =248, (CtOperatorAssignmentImpl| size: 511| notcompiles| LOCAL| INSERT_BEFORE) =70, (CtWhileImpl| size: 5| notcompiles| LOCAL| REPLACE) =3, (CtReturnImpl| size: 68| alreadyanalyzed| LOCAL| REPLACE) =146, (CtOperatorAssignmentImpl| size: 35| alreadyanalyzed| LOCAL| REPLACE) =1611, (CtAssignmentImpl| size: 511| notcompiles| LOCAL| INSERT_AFTER) =160, (CtWhileImpl| size: 5| alreadyanalyzed| LOCAL| REPLACE) =15, (CtIfImpl| size: 250| compiles| LOCAL| REPLACE) =4, (CtForImpl| size: 63| alreadyanalyzed| LOCAL| REPLACE) =2869, (CtReturnImpl| size: 207| alreadyanalyzed| LOCAL| INSERT_BEFORE) =21, (CtLocalVariableImpl| size: 511| compiles| LOCAL| INSERT_AFTER) =163, (CtLocalVariableImpl| size: 207| alreadyanalyzed| LOCAL| INSERT_BEFORE) =15, (CtForImpl| size: 511| compiles| LOCAL| INSERT_AFTER) =55, (CtIfImpl| size: 63| alreadyanalyzed| LOCAL| REPLACE) =146, (CtReturnImpl| size: 207| notcompiles| LOCAL| INSERT_BEFORE) =11, (CtLocalVariableImpl| size: 511| notcompiles| LOCAL| INSERT_AFTER) =247, (CtAssignmentImpl| size: 130| notcompiles| LOCAL| REPLACE) =424, (CtLocalVariableImpl| size: 511| alreadyanalyzed| LOCAL| INSERT_BEFORE) =42, (CtInvocationImpl| size: 511| notcompiles| LOCAL| INSERT_BEFORE) =237, (CtOperatorAssignmentImpl| size: 35| compiles| LOCAL| REPLACE) =4, (CtLocalVariableImpl| size: 1538| notcompiles| LOCAL| INSERT_AFTER) =135, (CtLocalVariableImpl| size: 207| compiles| LOCAL| INSERT_BEFORE) =17, (CtLocalVariableImpl| size: 1538| compiles| LOCAL| INSERT_BEFORE) =63, (CtAssignmentImpl| size: 454| compiles| LOCAL| REPLACE) =37, (CtForImpl| size: 511| alreadyanalyzed| LOCAL| INSERT_AFTER) =10}
#gen: 2931
#patches: 0
#RightCompilation: 1298
#WrongCompilation: 1633
#FailingTestCaseExecution: 1299
#RegressionTestExecution: 0
#TestcasesExecutedval1: 85272
#TestcasesExecutedval2: 0
#FailingTestCase: 66
#RegressionTestCases: 0
#OfAppliedOp: 2931
#NotAppliedOp: 0
#InmutatedGen: 177
#unfinishValidation: 0
#ing {CtLocalVariableImpl=965, CtForImpl=260, CtReturnImpl=98, CtAssignmentImpl=543, CtOperatorAssignmentImpl=217, CtInvocationImpl=685, CtIfImpl=330, CtWhileImpl=10}
#untilcompile {1=778, 2=389, 272=1, 138=1, 3=229, 4=184, 5=89, 6=79, 142=1, 7=68, 8=31, 9=32, 10=16, 130=6, 11=11, 133=2, 12=16, 13=9, 132=2, 14=7, 134=2, 15=6, 17=3, 153=1, 16=4, 19=2, 18=4, 21=4, 20=4, 23=4, 22=4, 24=3, 27=1, 26=2, 28=3, 149=1, 31=1, 30=1, 35=15, 169=1, 32=1, 33=2, 38=6, 39=4, 36=15, 37=5, 42=4, 41=2, 46=1, 44=2, 45=1, 186=1, 54=1, 53=1, 52=1, 59=11, 58=13, 57=2, 56=1, 63=13, 62=5, 61=5, 60=9, 68=3, 69=2, 70=1, 71=3, 64=20, 65=5, 66=5, 67=3, 77=1, 346=1, 75=2, 81=2, 83=2, 95=1, 210=1, 237=1, 98=1, 99=1, 108=1, 104=1, 105=1, 118=1, 127=2, 126=1, 124=2, 123=1}
2015-08-24 23:31:49,243 INFO main - Time Evolution(ms): 3661623
2015-08-24 23:31:49,243 INFO fr.inria.main.AbstractMain - Time Total(ms): 4572704


Node: griffon-85.nancy.grid5000.fr


Date: Tue Aug 25 01:31:49 CEST 2015


