/tmp/chart_6_NopolC
export PATH="/home/tdurieux/defects4j/framework/bin:$PATH";export JAVA_TOOL_OPTIONS=-Dfile.encoding=UTF8;export PATH="/usr/lib/jvm/java-1.7.0-openjdk-amd64/bin/:$PATH";cd /home/tdurieux/projects/chart/chart_6;defects4j compile;cp -r /home/tdurieux/projects/chart/chart_6 /tmp/chart_6_NopolC;cd /tmp/chart_6_NopolC;mkdir lib/;cp -r /home/tdurieux/defects4j/framework/projects/lib/* lib/;cp -r /home/tdurieux/defects4j/framework/projects/Chart/lib/* lib/;find . -type f -name "package-info.java" -delete;
cd /tmp/chart_6_NopolC;export JAVA_TOOL_OPTIONS=-Dfile.encoding=UTF8;export PATH="/usr/lib/jvm/java-1.7.0-openjdk-amd64/bin/:$PATH";TZ="America/New_York"; export TZ;cp -r /home/tdurieux/defects4j-repair/src/python/core/../../../libs/z3 lib/z3;time java -Xmx8192m -cp /home/tdurieux/defects4j-repair/src/python/core/../../..//libs/nopol.jar:/usr/lib/jvm/java-1.7.0-openjdk-amd64/bin//../lib/tools.jar fr.inria.lille.repair.Main --mode repair --type condition --oracle angelic --synthesis smt --solver z3 --solver-path /home/tdurieux/defects4j-repair/src/python/core/../../..//libs/z3/z3 --complianceLevel 4 --source source/ --classpath build/:build-tests/:lib/cobertura-lib/servlet-api-2.5-6.1.14.jar:lib/servlet.jar:/home/tdurieux/defects4j-repair/src/python/core/../../..//libs/nopol.jar;echo "

Node: `hostname`
";echo "
Date: `date`
";rm -rf /tmp/chart_6_NopolC;

Nb classes : 583
Nb methods : 6314
Nb statement executed by the passing tests of the patched line: 0
Nb statement executed by the failing tests of the patched line: 0
Nb statements: 22189
Nb unit tests : 3789
Nb Statements Analyzed : 116
Nb Statements with Angelic Value Found : 4
Nb inputs in SMT : 125
Nb SMT level: 1
Nb SMT components: [0] []
Nb variables in SMT : 17
Nb run failing test  : [2, 2, 2, 2, 1, 2, 2, 2, 2, 1, 1, 2, 2, 2, 1, 2, 2, 2, 2, 2, 2, 2, 2, 2, 2, 1]
Nb run passing test : [4, 4, 4, 4, 133, 4, 4, 4, 4, 455, 487, 4, 4, 4, 531, 4, 4, 4, 4, 4, 4, 4, 4, 4, 4, 1384]
NoPol Execution time : 142881ms


Node: griffon-27.nancy.grid5000.fr


Date: Tue May 10 00:11:03 EDT 2016


