export PATH="/home/tdurieux/defects4j/framework/bin:$PATH";export JAVA_TOOL_OPTIONS=-Dfile.encoding=UTF8;export PATH="/usr/lib/jvm/java-1.7.0-openjdk-amd64/bin/:$PATH";cp -r /home/tdurieux/projects/chart/chart_9 /tmp/chart_9_NopolC;cd /tmp/chart_9_NopolC;defects4j compile;mkdir lib/;cp -r /home/tdurieux/defects4j/framework/projects/lib/* lib/;cp -r /home/tdurieux/defects4j/framework/projects/Chart/lib/* lib/;find . -type f -name "package-info.java" -delete;
cd /tmp/chart_9_NopolC;export JAVA_TOOL_OPTIONS=-Dfile.encoding=UTF8;export PATH="/usr/lib/jvm/java-1.7.0-openjdk-amd64/bin/:$PATH";cp -r /home/tdurieux/defects4j-repair/src/python/core/../../../libs/z3 lib/z3;time java  -cp /home/tdurieux/defects4j-repair/src/python/core/../../..//libs/nopol.jar:/usr/lib/jvm/java-1.7.0-openjdk-amd64/bin//../lib/tools.jar fr.inria.lille.repair.Main --mode repair --type condition --oracle angelic --synthesis smt --solver z3 --solver-path /home/tdurieux/defects4j-repair/src/python/core/../../..//libs/z3/z3 --complianceLevel 4 --source source/ --classpath build/:build-tests/:lib/cobertura-lib/servlet-api-2.5-6.1.14.jar:lib/servlet.jar:/home/tdurieux/defects4j-repair/src/python/core/../../..//libs/nopol.jar;echo "

Node: `hostname`
";echo "
Date: `date`
";rm -rf /tmp/chart_9_NopolC;

Nb classes : 580
Nb methods : 6290
Nb statements: 22093
Nb statement executed by the passing tests of the patched line: 0
Nb statement executed by the failing tests of the patched line: 0
Nb unit tests : 3641
Nb Statements Analyzed : 3
Nb Statements with Angelic Value Found : 1
Nb inputs in SMT : 8
Nb SMT level: 2
Nb SMT components: [4] [== of arity: 2, != of arity: 2, < of arity: 2, <= of arity: 2]
                  class java.lang.Boolean: 4
Nb variables in SMT : 27
Nb run failing test  : [2]
Nb run passing test : [7]
NoPol Execution time : 54036ms
----PATCH FOUND----
org.jfree.data.time.TimeSeries:947: CONDITIONAL endIndex < startIndex


Node: griffon-9.nancy.grid5000.fr


Date: Fri Aug 21 01:52:37 CEST 2015


