/tmp/closure_109_NopolC
export PATH="/home/tdurieux/defects4j/framework/bin:$PATH";export JAVA_TOOL_OPTIONS=-Dfile.encoding=UTF8;export PATH="/usr/lib/jvm/java-1.7.0-openjdk-amd64/bin/:$PATH";cd /home/tdurieux/projects/closure/closure_109;defects4j compile;cp -r /home/tdurieux/projects/closure/closure_109 /tmp/closure_109_NopolC;cd /tmp/closure_109_NopolC;mkdir lib/;cp -r /home/tdurieux/defects4j/framework/projects/lib/* lib/;cp -r /home/tdurieux/defects4j/framework/projects/Closure/lib/* lib/;find . -type f -name "package-info.java" -delete;
cd /tmp/closure_109_NopolC;export JAVA_TOOL_OPTIONS=-Dfile.encoding=UTF8;export PATH="/usr/lib/jvm/java-1.7.0-openjdk-amd64/bin/:$PATH";cp -r /home/tdurieux/defects4j-repair/src/python/core/../../../libs/z3 lib/z3;time java -Xmx4096m -cp /home/tdurieux/defects4j-repair/src/python/core/../../..//libs/nopol.jar:/usr/lib/jvm/java-1.7.0-openjdk-amd64/bin//../lib/tools.jar fr.inria.lille.repair.Main --mode repair --type condition --oracle angelic --synthesis smt --solver z3 --solver-path /home/tdurieux/defects4j-repair/src/python/core/../../..//libs/z3/z3 --complianceLevel 6 --source /tmp/closure_109_NopolC/src/ --classpath /tmp/closure_109_NopolC/build/classes:/tmp/closure_109_NopolC/build/test:/tmp/closure_109_NopolC/build/lib/rhino.jar:/tmp/closure_109_NopolC/lib/ant.jar:/tmp/closure_109_NopolC/lib/ant-launcher.jar:/tmp/closure_109_NopolC/lib/args4j.jar:/tmp/closure_109_NopolC/lib/guava.jar:/tmp/closure_109_NopolC/lib/jarjar.jar:/tmp/closure_109_NopolC/lib/json.jar:/tmp/closure_109_NopolC/lib/jsr305.jar:/tmp/closure_109_NopolC/lib/junit.jar:/tmp/closure_109_NopolC/lib/caja-r4314.jar:/tmp/closure_109_NopolC/lib/protobuf-java.jar:/home/tdurieux/defects4j-repair/src/python/core/../../..//libs/nopol.jar;echo "

Node: `hostname`
";echo "
Date: `date`
";rm -rf /tmp/closure_109_NopolC;

Nb classes : 361
Nb methods : 4373
Nb statements: 46242
Nb unit tests : 8392
Nb Statements Analyzed : 0
Nb Statements with Angelic Value Found : 0
Nb inputs in SMT : 0
Nb SMT level: 0
Nb variables in SMT : 0
Nb run failing test  : []
Nb run passing test : []
NoPol Execution time : 247468ms


Node: griffon-58.nancy.grid5000.fr


Date: Mon May 16 20:10:43 CEST 2016


