Running ant (compile)...................................................... OK
Running ant (compile.tests)................................................ OK
Picked up JAVA_TOOL_OPTIONS: -Dfile.encoding=UTF8
Exception in thread "Thread-3" java.lang.NullPointerException
	at org.joda.time.tz.ZoneInfoCompiler.verbose(ZoneInfoCompiler.java:78)
	at org.joda.time.tz.DateTimeZoneBuilder$PrecalculatedZone.create(DateTimeZoneBuilder.java:1460)
	at org.joda.time.tz.DateTimeZoneBuilder.toDateTimeZone(DateTimeZoneBuilder.java:396)
	at org.joda.time.tz.TestCompiler$1.run(TestCompiler.java:94)
	at java.lang.Thread.run(Thread.java:745)
xxl.java.compiler.DynamicCompilationException: Aborting: dynamic compilation failed
	at xxl.java.compiler.DynamicClassCompiler.runCompilationTask(DynamicClassCompiler.java:88)
	at xxl.java.compiler.DynamicClassCompiler.javaBytecodeFor(DynamicClassCompiler.java:56)
	at fr.inria.lille.commons.spoon.SpoonedFile.compilationFor(SpoonedFile.java:177)
	at fr.inria.lille.commons.spoon.SpoonedFile.compileModelledClasses(SpoonedFile.java:154)
	at fr.inria.lille.commons.spoon.SpoonedFile.processModelledClasses(SpoonedFile.java:138)
	at fr.inria.lille.commons.spoon.SpoonedFile.process(SpoonedFile.java:128)
	at fr.inria.lille.commons.spoon.SpoonedFile.processedAndDumpedToClassLoader(SpoonedFile.java:119)
	at fr.inria.lille.commons.spoon.SpoonedFile.processedAndDumpedToClassLoader(SpoonedFile.java:115)
	at fr.inria.lille.repair.nopol.synth.brutpol.BrutSynthesizer.buildPatch(BrutSynthesizer.java:73)
	at fr.inria.lille.repair.nopol.NoPol.solveWithMultipleBuild(NoPol.java:185)
	at fr.inria.lille.repair.nopol.NoPol.build(NoPol.java:119)
	at fr.inria.lille.repair.nopol.NoPol.build(NoPol.java:89)
	at fr.inria.lille.repair.nopol.NoPolLauncher.launch(NoPolLauncher.java:84)
	at fr.inria.lille.repair.Main.main(Main.java:61)
Exception in thread "Thread-5" java.lang.NullPointerException
	at org.joda.time.tz.ZoneInfoCompiler.verbose(ZoneInfoCompiler.java:78)
	at org.joda.time.tz.DateTimeZoneBuilder$PrecalculatedZone.create(DateTimeZoneBuilder.java:1460)
	at org.joda.time.tz.DateTimeZoneBuilder.toDateTimeZone(DateTimeZoneBuilder.java:396)
	at org.joda.time.tz.TestCompiler$1.run(TestCompiler.java:94)
	at java.lang.Thread.run(Thread.java:745)
xxl.java.compiler.DynamicCompilationException: Aborting: dynamic compilation failed
	at xxl.java.compiler.DynamicClassCompiler.runCompilationTask(DynamicClassCompiler.java:88)
	at xxl.java.compiler.DynamicClassCompiler.javaBytecodeFor(DynamicClassCompiler.java:56)
	at fr.inria.lille.commons.spoon.SpoonedFile.compilationFor(SpoonedFile.java:177)
	at fr.inria.lille.commons.spoon.SpoonedFile.compileModelledClasses(SpoonedFile.java:154)
	at fr.inria.lille.commons.spoon.SpoonedFile.processModelledClasses(SpoonedFile.java:138)
	at fr.inria.lille.commons.spoon.SpoonedFile.process(SpoonedFile.java:128)
	at fr.inria.lille.commons.spoon.SpoonedFile.processedAndDumpedToClassLoader(SpoonedFile.java:119)
	at fr.inria.lille.commons.spoon.SpoonedFile.processedAndDumpedToClassLoader(SpoonedFile.java:115)
	at fr.inria.lille.repair.nopol.synth.brutpol.BrutSynthesizer.buildPatch(BrutSynthesizer.java:73)
	at fr.inria.lille.repair.nopol.NoPol.solveWithMultipleBuild(NoPol.java:185)
	at fr.inria.lille.repair.nopol.NoPol.build(NoPol.java:119)
	at fr.inria.lille.repair.nopol.NoPol.build(NoPol.java:89)
	at fr.inria.lille.repair.nopol.NoPolLauncher.launch(NoPolLauncher.java:84)
	at fr.inria.lille.repair.Main.main(Main.java:61)
Exception in thread "Thread-7" java.lang.NullPointerException
	at org.joda.time.tz.ZoneInfoCompiler.verbose(ZoneInfoCompiler.java:78)
	at org.joda.time.tz.DateTimeZoneBuilder$PrecalculatedZone.create(DateTimeZoneBuilder.java:1460)
	at org.joda.time.tz.DateTimeZoneBuilder.toDateTimeZone(DateTimeZoneBuilder.java:396)
	at org.joda.time.tz.TestCompiler$1.run(TestCompiler.java:94)
	at java.lang.Thread.run(Thread.java:745)
xxl.java.compiler.DynamicCompilationException: Aborting: dynamic compilation failed
	at xxl.java.compiler.DynamicClassCompiler.runCompilationTask(DynamicClassCompiler.java:88)
	at xxl.java.compiler.DynamicClassCompiler.javaBytecodeFor(DynamicClassCompiler.java:56)
	at fr.inria.lille.commons.spoon.SpoonedFile.compilationFor(SpoonedFile.java:177)
	at fr.inria.lille.commons.spoon.SpoonedFile.compileModelledClasses(SpoonedFile.java:154)
	at fr.inria.lille.commons.spoon.SpoonedFile.processModelledClasses(SpoonedFile.java:138)
	at fr.inria.lille.commons.spoon.SpoonedFile.process(SpoonedFile.java:128)
	at fr.inria.lille.commons.spoon.SpoonedFile.processedAndDumpedToClassLoader(SpoonedFile.java:119)
	at fr.inria.lille.commons.spoon.SpoonedFile.processedAndDumpedToClassLoader(SpoonedFile.java:115)
	at fr.inria.lille.repair.nopol.synth.brutpol.BrutSynthesizer.buildPatch(BrutSynthesizer.java:73)
	at fr.inria.lille.repair.nopol.NoPol.solveWithMultipleBuild(NoPol.java:185)
	at fr.inria.lille.repair.nopol.NoPol.build(NoPol.java:119)
	at fr.inria.lille.repair.nopol.NoPol.build(NoPol.java:89)
	at fr.inria.lille.repair.nopol.NoPolLauncher.launch(NoPolLauncher.java:84)
	at fr.inria.lille.repair.Main.main(Main.java:61)
Exception in thread "Thread-9" java.lang.NullPointerException
	at org.joda.time.tz.ZoneInfoCompiler.verbose(ZoneInfoCompiler.java:78)
	at org.joda.time.tz.DateTimeZoneBuilder$PrecalculatedZone.create(DateTimeZoneBuilder.java:1460)
	at org.joda.time.tz.DateTimeZoneBuilder.toDateTimeZone(DateTimeZoneBuilder.java:396)
	at org.joda.time.tz.TestCompiler$1.run(TestCompiler.java:94)
	at java.lang.Thread.run(Thread.java:745)
Exception in thread "Thread-11" java.lang.NullPointerException
	at org.joda.time.tz.ZoneInfoCompiler.verbose(ZoneInfoCompiler.java:78)
	at org.joda.time.tz.DateTimeZoneBuilder$PrecalculatedZone.create(DateTimeZoneBuilder.java:984)
	at org.joda.time.tz.DateTimeZoneBuilder.toDateTimeZone(DateTimeZoneBuilder.java:176)
	at org.joda.time.tz.TestCompiler$1.run(TestCompiler.java:94)
	at java.lang.Thread.run(Thread.java:745)
Exception in thread "Thread-14" java.lang.NullPointerException
	at org.joda.time.tz.ZoneInfoCompiler.verbose(ZoneInfoCompiler.java:78)
	at org.joda.time.tz.DateTimeZoneBuilder$PrecalculatedZone.create(DateTimeZoneBuilder.java:1460)
	at org.joda.time.tz.DateTimeZoneBuilder.toDateTimeZone(DateTimeZoneBuilder.java:396)
	at org.joda.time.tz.TestCompiler$1.run(TestCompiler.java:94)
	at java.lang.Thread.run(Thread.java:745)
Exception in thread "Thread-16" java.lang.NullPointerException
	at org.joda.time.tz.ZoneInfoCompiler.verbose(ZoneInfoCompiler.java:78)
	at org.joda.time.tz.DateTimeZoneBuilder$PrecalculatedZone.create(DateTimeZoneBuilder.java:984)
	at org.joda.time.tz.DateTimeZoneBuilder.toDateTimeZone(DateTimeZoneBuilder.java:181)
	at org.joda.time.tz.TestCompiler$1.run(TestCompiler.java:94)
	at java.lang.Thread.run(Thread.java:745)
Exception in thread "Thread-19" java.lang.NullPointerException
	at org.joda.time.tz.ZoneInfoCompiler.verbose(ZoneInfoCompiler.java:78)
	at org.joda.time.tz.DateTimeZoneBuilder$PrecalculatedZone.create(DateTimeZoneBuilder.java:1460)
	at org.joda.time.tz.DateTimeZoneBuilder.toDateTimeZone(DateTimeZoneBuilder.java:396)
	at org.joda.time.tz.TestCompiler$1.run(TestCompiler.java:94)
	at java.lang.Thread.run(Thread.java:745)
xxl.java.compiler.DynamicCompilationException: Aborting: dynamic compilation failed
	at xxl.java.compiler.DynamicClassCompiler.runCompilationTask(DynamicClassCompiler.java:88)
	at xxl.java.compiler.DynamicClassCompiler.javaBytecodeFor(DynamicClassCompiler.java:56)
	at fr.inria.lille.commons.spoon.SpoonedFile.compilationFor(SpoonedFile.java:177)
	at fr.inria.lille.commons.spoon.SpoonedFile.compileModelledClasses(SpoonedFile.java:154)
	at fr.inria.lille.commons.spoon.SpoonedFile.processModelledClasses(SpoonedFile.java:138)
	at fr.inria.lille.commons.spoon.SpoonedFile.process(SpoonedFile.java:128)
	at fr.inria.lille.commons.spoon.SpoonedFile.processedAndDumpedToClassLoader(SpoonedFile.java:119)
	at fr.inria.lille.commons.spoon.SpoonedFile.processedAndDumpedToClassLoader(SpoonedFile.java:115)
	at fr.inria.lille.repair.nopol.synth.brutpol.BrutSynthesizer.buildPatch(BrutSynthesizer.java:73)
	at fr.inria.lille.repair.nopol.NoPol.solveWithMultipleBuild(NoPol.java:185)
	at fr.inria.lille.repair.nopol.NoPol.build(NoPol.java:119)
	at fr.inria.lille.repair.nopol.NoPol.build(NoPol.java:89)
	at fr.inria.lille.repair.nopol.NoPolLauncher.launch(NoPolLauncher.java:84)
	at fr.inria.lille.repair.Main.main(Main.java:61)
Exception in thread "Thread-21" java.lang.NullPointerException
	at org.joda.time.tz.ZoneInfoCompiler.verbose(ZoneInfoCompiler.java:78)
	at org.joda.time.tz.DateTimeZoneBuilder$PrecalculatedZone.create(DateTimeZoneBuilder.java:1460)
	at org.joda.time.tz.DateTimeZoneBuilder.toDateTimeZone(DateTimeZoneBuilder.java:396)
	at org.joda.time.tz.TestCompiler$1.run(TestCompiler.java:94)
	at java.lang.Thread.run(Thread.java:745)
xxl.java.compiler.DynamicCompilationException: Aborting: dynamic compilation failed
	at xxl.java.compiler.DynamicClassCompiler.runCompilationTask(DynamicClassCompiler.java:88)
	at xxl.java.compiler.DynamicClassCompiler.javaBytecodeFor(DynamicClassCompiler.java:56)
	at fr.inria.lille.commons.spoon.SpoonedFile.compilationFor(SpoonedFile.java:177)
	at fr.inria.lille.commons.spoon.SpoonedFile.compileModelledClasses(SpoonedFile.java:154)
	at fr.inria.lille.commons.spoon.SpoonedFile.processModelledClasses(SpoonedFile.java:138)
	at fr.inria.lille.commons.spoon.SpoonedFile.process(SpoonedFile.java:128)
	at fr.inria.lille.commons.spoon.SpoonedFile.processedAndDumpedToClassLoader(SpoonedFile.java:119)
	at fr.inria.lille.commons.spoon.SpoonedFile.processedAndDumpedToClassLoader(SpoonedFile.java:115)
	at fr.inria.lille.repair.nopol.synth.brutpol.BrutSynthesizer.buildPatch(BrutSynthesizer.java:73)
	at fr.inria.lille.repair.nopol.NoPol.solveWithMultipleBuild(NoPol.java:185)
	at fr.inria.lille.repair.nopol.NoPol.build(NoPol.java:119)
	at fr.inria.lille.repair.nopol.NoPol.build(NoPol.java:89)
	at fr.inria.lille.repair.nopol.NoPolLauncher.launch(NoPolLauncher.java:84)
	at fr.inria.lille.repair.Main.main(Main.java:61)
Exception in thread "Thread-23" java.lang.NullPointerException
	at org.joda.time.tz.ZoneInfoCompiler.verbose(ZoneInfoCompiler.java:78)
	at org.joda.time.tz.DateTimeZoneBuilder$PrecalculatedZone.create(DateTimeZoneBuilder.java:1460)
	at org.joda.time.tz.DateTimeZoneBuilder.toDateTimeZone(DateTimeZoneBuilder.java:396)
	at org.joda.time.tz.TestCompiler$1.run(TestCompiler.java:94)
	at java.lang.Thread.run(Thread.java:745)
xxl.java.compiler.DynamicCompilationException: Aborting: dynamic compilation failed
	at xxl.java.compiler.DynamicClassCompiler.runCompilationTask(DynamicClassCompiler.java:88)
	at xxl.java.compiler.DynamicClassCompiler.javaBytecodeFor(DynamicClassCompiler.java:56)
	at fr.inria.lille.commons.spoon.SpoonedFile.compilationFor(SpoonedFile.java:177)
	at fr.inria.lille.commons.spoon.SpoonedFile.compileModelledClasses(SpoonedFile.java:154)
	at fr.inria.lille.commons.spoon.SpoonedFile.processModelledClasses(SpoonedFile.java:138)
	at fr.inria.lille.commons.spoon.SpoonedFile.process(SpoonedFile.java:128)
	at fr.inria.lille.commons.spoon.SpoonedFile.processedAndDumpedToClassLoader(SpoonedFile.java:119)
	at fr.inria.lille.commons.spoon.SpoonedFile.processedAndDumpedToClassLoader(SpoonedFile.java:115)
	at fr.inria.lille.repair.nopol.synth.brutpol.BrutSynthesizer.buildPatch(BrutSynthesizer.java:73)
	at fr.inria.lille.repair.nopol.NoPol.solveWithMultipleBuild(NoPol.java:185)
	at fr.inria.lille.repair.nopol.NoPol.build(NoPol.java:119)
	at fr.inria.lille.repair.nopol.NoPol.build(NoPol.java:89)
	at fr.inria.lille.repair.nopol.NoPolLauncher.launch(NoPolLauncher.java:84)
	at fr.inria.lille.repair.Main.main(Main.java:61)
Exception in thread "Thread-25" java.lang.NullPointerException
	at org.joda.time.tz.ZoneInfoCompiler.verbose(ZoneInfoCompiler.java:78)
	at org.joda.time.tz.DateTimeZoneBuilder$PrecalculatedZone.create(DateTimeZoneBuilder.java:1460)
	at org.joda.time.tz.DateTimeZoneBuilder.toDateTimeZone(DateTimeZoneBuilder.java:396)
	at org.joda.time.tz.TestCompiler$1.run(TestCompiler.java:94)
	at java.lang.Thread.run(Thread.java:745)
Exception in thread "Thread-27" java.lang.NullPointerException
	at org.joda.time.tz.ZoneInfoCompiler.verbose(ZoneInfoCompiler.java:78)
	at org.joda.time.tz.DateTimeZoneBuilder$PrecalculatedZone.create(DateTimeZoneBuilder.java:984)
	at org.joda.time.tz.DateTimeZoneBuilder.toDateTimeZone(DateTimeZoneBuilder.java:176)
	at org.joda.time.tz.TestCompiler$1.run(TestCompiler.java:94)
	at java.lang.Thread.run(Thread.java:745)
Exception in thread "Thread-30" java.lang.NullPointerException
	at org.joda.time.tz.ZoneInfoCompiler.verbose(ZoneInfoCompiler.java:78)
	at org.joda.time.tz.DateTimeZoneBuilder$PrecalculatedZone.create(DateTimeZoneBuilder.java:1460)
	at org.joda.time.tz.DateTimeZoneBuilder.toDateTimeZone(DateTimeZoneBuilder.java:396)
	at org.joda.time.tz.TestCompiler$1.run(TestCompiler.java:94)
	at java.lang.Thread.run(Thread.java:745)
Exception in thread "Thread-32" java.lang.NullPointerException
	at org.joda.time.tz.ZoneInfoCompiler.verbose(ZoneInfoCompiler.java:78)
	at org.joda.time.tz.DateTimeZoneBuilder$PrecalculatedZone.create(DateTimeZoneBuilder.java:984)
	at org.joda.time.tz.DateTimeZoneBuilder.toDateTimeZone(DateTimeZoneBuilder.java:176)
	at org.joda.time.tz.TestCompiler$1.run(TestCompiler.java:94)
	at java.lang.Thread.run(Thread.java:745)
Exception in thread "Thread-35" java.lang.NullPointerException
	at org.joda.time.tz.ZoneInfoCompiler.verbose(ZoneInfoCompiler.java:78)
	at org.joda.time.tz.DateTimeZoneBuilder$PrecalculatedZone.create(DateTimeZoneBuilder.java:1460)
	at org.joda.time.tz.DateTimeZoneBuilder.toDateTimeZone(DateTimeZoneBuilder.java:396)
	at org.joda.time.tz.TestCompiler$1.run(TestCompiler.java:94)
	at java.lang.Thread.run(Thread.java:745)
Exception in thread "Thread-37" java.lang.NullPointerException
	at org.joda.time.tz.ZoneInfoCompiler.verbose(ZoneInfoCompiler.java:78)
	at org.joda.time.tz.DateTimeZoneBuilder$PrecalculatedZone.create(DateTimeZoneBuilder.java:984)
	at org.joda.time.tz.DateTimeZoneBuilder.toDateTimeZone(DateTimeZoneBuilder.java:176)
	at org.joda.time.tz.TestCompiler$1.run(TestCompiler.java:94)
	at java.lang.Thread.run(Thread.java:745)
Exception in thread "Thread-40" java.lang.NullPointerException
	at org.joda.time.tz.ZoneInfoCompiler.verbose(ZoneInfoCompiler.java:78)
	at org.joda.time.tz.DateTimeZoneBuilder$PrecalculatedZone.create(DateTimeZoneBuilder.java:1460)
	at org.joda.time.tz.DateTimeZoneBuilder.toDateTimeZone(DateTimeZoneBuilder.java:396)
	at org.joda.time.tz.TestCompiler$1.run(TestCompiler.java:94)
	at java.lang.Thread.run(Thread.java:745)
Exception in thread "Thread-42" java.lang.NullPointerException
	at org.joda.time.tz.ZoneInfoCompiler.verbose(ZoneInfoCompiler.java:78)
	at org.joda.time.tz.DateTimeZoneBuilder$PrecalculatedZone.create(DateTimeZoneBuilder.java:984)
	at org.joda.time.tz.DateTimeZoneBuilder.toDateTimeZone(DateTimeZoneBuilder.java:176)
	at org.joda.time.tz.TestCompiler$1.run(TestCompiler.java:94)
	at java.lang.Thread.run(Thread.java:745)
Exception in thread "Thread-45" java.lang.NullPointerException
	at org.joda.time.tz.ZoneInfoCompiler.verbose(ZoneInfoCompiler.java:78)
	at org.joda.time.tz.DateTimeZoneBuilder$PrecalculatedZone.create(DateTimeZoneBuilder.java:1460)
	at org.joda.time.tz.DateTimeZoneBuilder.toDateTimeZone(DateTimeZoneBuilder.java:396)
	at org.joda.time.tz.TestCompiler$1.run(TestCompiler.java:94)
	at java.lang.Thread.run(Thread.java:745)
Exception in thread "Thread-47" java.lang.NullPointerException
	at org.joda.time.tz.ZoneInfoCompiler.verbose(ZoneInfoCompiler.java:78)
	at org.joda.time.tz.DateTimeZoneBuilder$PrecalculatedZone.create(DateTimeZoneBuilder.java:984)
	at org.joda.time.tz.DateTimeZoneBuilder.toDateTimeZone(DateTimeZoneBuilder.java:176)
	at org.joda.time.tz.TestCompiler$1.run(TestCompiler.java:94)
	at java.lang.Thread.run(Thread.java:745)
Exception in thread "Thread-50" java.lang.NullPointerException
	at org.joda.time.tz.ZoneInfoCompiler.verbose(ZoneInfoCompiler.java:78)
	at org.joda.time.tz.DateTimeZoneBuilder$PrecalculatedZone.create(DateTimeZoneBuilder.java:1460)
	at org.joda.time.tz.DateTimeZoneBuilder.toDateTimeZone(DateTimeZoneBuilder.java:396)
	at org.joda.time.tz.TestCompiler$1.run(TestCompiler.java:94)
	at java.lang.Thread.run(Thread.java:745)
Exception in thread "Thread-52" java.lang.NullPointerException
	at org.joda.time.tz.ZoneInfoCompiler.verbose(ZoneInfoCompiler.java:78)
	at org.joda.time.tz.DateTimeZoneBuilder$PrecalculatedZone.create(DateTimeZoneBuilder.java:984)
	at org.joda.time.tz.DateTimeZoneBuilder.toDateTimeZone(DateTimeZoneBuilder.java:176)
	at org.joda.time.tz.TestCompiler$1.run(TestCompiler.java:94)
	at java.lang.Thread.run(Thread.java:745)
Exception in thread "Thread-55" java.lang.NullPointerException
	at org.joda.time.tz.ZoneInfoCompiler.verbose(ZoneInfoCompiler.java:78)
	at org.joda.time.tz.DateTimeZoneBuilder$PrecalculatedZone.create(DateTimeZoneBuilder.java:1460)
	at org.joda.time.tz.DateTimeZoneBuilder.toDateTimeZone(DateTimeZoneBuilder.java:396)
	at org.joda.time.tz.TestCompiler$1.run(TestCompiler.java:94)
	at java.lang.Thread.run(Thread.java:745)
Exception in thread "Thread-57" java.lang.NullPointerException
	at org.joda.time.tz.ZoneInfoCompiler.verbose(ZoneInfoCompiler.java:78)
	at org.joda.time.tz.DateTimeZoneBuilder$PrecalculatedZone.create(DateTimeZoneBuilder.java:984)
	at org.joda.time.tz.DateTimeZoneBuilder.toDateTimeZone(DateTimeZoneBuilder.java:176)
	at org.joda.time.tz.TestCompiler$1.run(TestCompiler.java:94)
	at java.lang.Thread.run(Thread.java:745)
Exception in thread "Thread-60" java.lang.NullPointerException
	at org.joda.time.tz.ZoneInfoCompiler.verbose(ZoneInfoCompiler.java:78)
	at org.joda.time.tz.DateTimeZoneBuilder$PrecalculatedZone.create(DateTimeZoneBuilder.java:1460)
	at org.joda.time.tz.DateTimeZoneBuilder.toDateTimeZone(DateTimeZoneBuilder.java:396)
	at org.joda.time.tz.TestCompiler$1.run(TestCompiler.java:94)
	at java.lang.Thread.run(Thread.java:745)
Exception in thread "Thread-64" java.lang.NullPointerException
	at org.joda.time.tz.ZoneInfoCompiler.verbose(ZoneInfoCompiler.java:78)
	at org.joda.time.tz.DateTimeZoneBuilder$PrecalculatedZone.create(DateTimeZoneBuilder.java:984)
	at org.joda.time.tz.DateTimeZoneBuilder.toDateTimeZone(DateTimeZoneBuilder.java:181)
	at org.joda.time.tz.TestCompiler$1.run(TestCompiler.java:94)
	at java.lang.Thread.run(Thread.java:745)

real	1m49.025s
user	3m6.988s
sys	0m5.268s
