export PATH="/home/tdurieux/defects4j/framework/bin:$PATH";export JAVA_TOOL_OPTIONS=-Dfile.encoding=UTF8;export PATH="/usr/lib/jvm/java-1.7.0-openjdk-amd64/bin/:$PATH";cp -r /home/tdurieux/projects/math/math_68 /tmp/math_68_Genprog;cd /tmp/math_68_Genprog;defects4j compile;mkdir lib/;cp -r /home/tdurieux/defects4j/framework/projects/lib/* lib/;cp -r /home/tdurieux/defects4j/framework/projects/Math/lib/* lib/;find . -type f -name "package-info.java" -delete;
/home/tdurieux/defects4j-repair/src/python/core/../../../results/2015-august/Math/68/Genprog/result
cd /tmp/math_68_Genprog;export JAVA_TOOL_OPTIONS=-Dfile.encoding=UTF8;export PATH="/usr/lib/jvm/java-1.7.0-openjdk-amd64/bin/:$PATH";time java  -cp /home/tdurieux/defects4j-repair/src/python/core/../../..//libs/astor.jar fr.inria.main.evolution.MainjGenProg -mode statement -location . -dependencies lib/ -failing org.apache.commons.math.optimization.general.MinpackTest:org.apache.commons.math.optimization.general.MinpackTest: -package org.apache.commons -jvm4testexecution /usr/lib/jvm/java-1.7.0-openjdk-amd64/bin/ -javacompliancelevel 5 -maxgen 1000000 -seed 10 -maxtime 60  -scope local  -stopfirst true -flthreshold 0.1 -population 1 -srcjavafolder src/main/java/ -srctestfolder src/test/java/ -binjavafolder target/classes/ -bintestfolder target/test-classes/;echo "

Node: `hostname`
";echo "
Date: `date`
";rm -rf /tmp/math_68_Genprog;

2015-08-24 22:12:44,739 INFO main - End Repair Loops: NOT Found solution
2015-08-24 22:12:44,739 INFO main - 
Number solutions:0
2015-08-24 22:12:44,739 INFO main - 
All variants:
2015-08-24 22:12:44,739 INFO main - f 4.0, [Variant id: 12613, #gens: 340, #ops: 0, parent:-]
2015-08-24 22:12:44,739 INFO main - --Space: LOCAL
org.apache.commons.math.optimization.VectorialPointValuePair=10|,org.apache.commons.math.optimization.general.AbstractLeastSquaresOptimizer=83|,org.apache.commons.math.optimization.general.LevenbergMarquardtOptimizer=320|,
2015-08-24 22:12:44,739 INFO main - 
----stats: 
2015-08-24 22:12:44,739 INFO main - 
spaces navigation: [120]: {(CtAssignmentImpl| size: 320| notcompiles| LOCAL| INSERT_BEFORE) =610, (CtIfImpl| size: 320| compiles| LOCAL| INSERT_AFTER) =172, (CtOperatorAssignmentImpl| size: 83| notcompiles| LOCAL| INSERT_AFTER) =14, (CtIfImpl| size: 320| notcompiles| LOCAL| INSERT_AFTER) =247, (CtOperatorAssignmentImpl| size: 6| alreadyanalyzed| LOCAL| REPLACE) =76, (CtLocalVariableImpl| size: 14| alreadyanalyzed| LOCAL| REPLACE) =7, (CtOperatorAssignmentImpl| size: 320| compiles| LOCAL| INSERT_BEFORE) =171, (CtUnaryOperatorImpl| size: 83| compiles| LOCAL| INSERT_BEFORE) =5, (CtReturnImpl| size: 4| compiles| LOCAL| REPLACE) =3, (CtForImpl| size: 83| compiles| LOCAL| INSERT_BEFORE) =14, (CtInvocationImpl| size: 15| notcompiles| LOCAL| REPLACE) =15, (CtOperatorAssignmentImpl| size: 320| notcompiles| LOCAL| INSERT_BEFORE) =229, (CtReturnImpl| size: 10| alreadyanalyzed| LOCAL| INSERT_BEFORE) =2, (CtForImpl| size: 83| notcompiles| LOCAL| INSERT_BEFORE) =15, (CtUnaryOperatorImpl| size: 83| notcompiles| LOCAL| INSERT_BEFORE) =5, (CtForImpl| size: 320| notcompiles| LOCAL| INSERT_AFTER) =387, (CtAssignmentImpl| size: 83| compiles| LOCAL| INSERT_AFTER) =61, (CtLocalVariableImpl| size: 83| alreadyanalyzed| LOCAL| INSERT_AFTER) =1, (CtForImpl| size: 83| compiles| LOCAL| INSERT_AFTER) =16, (CtReturnImpl| size: 5| compiles| LOCAL| REPLACE) =1, (CtIfImpl| size: 83| notcompiles| LOCAL| INSERT_BEFORE) =14, (CtReturnImpl| size: 320| alreadyanalyzed| LOCAL| INSERT_AFTER) =1, (CtOperatorAssignmentImpl| size: 83| alreadyanalyzed| LOCAL| INSERT_AFTER) =2, (CtAssignmentImpl| size: 320| compiles| LOCAL| INSERT_AFTER) =445, (CtReturnImpl| size: 11| compiles| LOCAL| REPLACE) =4, (CtAssignmentImpl| size: 83| notcompiles| LOCAL| INSERT_AFTER) =46, (CtInvocationImpl| size: 320| compiles| LOCAL| INSERT_BEFORE) =40, (CtUnaryOperatorImpl| size: 83| alreadyanalyzed| LOCAL| INSERT_BEFORE) =1, (CtOperatorAssignmentImpl| size: 83| compiles| LOCAL| INSERT_AFTER) =10, (CtLocalVariableImpl| size: 320| notcompiles| LOCAL| INSERT_BEFORE) =680, (CtReturnImpl| size: 320| compiles| LOCAL| INSERT_BEFORE) =14, (CtInvocationImpl| size: 320| notcompiles| LOCAL| INSERT_BEFORE) =56, (CtAssignmentImpl| size: 83| notcompiles| LOCAL| INSERT_BEFORE) =71, (CtOperatorAssignmentImpl| size: 30| compiles| LOCAL| REPLACE) =48, (CtReturnImpl| size: 10| compiles| LOCAL| INSERT_BEFORE) =4, (CtIfImpl| size: 6| alreadyanalyzed| LOCAL| REPLACE) =52, (CtLocalVariableImpl| size: 320| notcompiles| LOCAL| INSERT_AFTER) =733, (CtOperatorAssignmentImpl| size: 320| alreadyanalyzed| LOCAL| INSERT_AFTER) =12, (CtForImpl| size: 50| notcompiles| LOCAL| REPLACE) =2359, (CtIfImpl| size: 6| notcompiles| LOCAL| REPLACE) =9, (CtLocalVariableImpl| size: 83| compiles| LOCAL| INSERT_AFTER) =13, (CtForImpl| size: 83| alreadyanalyzed| LOCAL| INSERT_BEFORE) =1, (CtAssignmentImpl| size: 320| alreadyanalyzed| LOCAL| INSERT_BEFORE) =56, (CtInvocationImpl| size: 15| alreadyanalyzed| LOCAL| REPLACE) =47, (CtReturnImpl| size: 5| alreadyanalyzed| LOCAL| REPLACE) =79, (CtUnaryOperatorImpl| size: 83| compiles| LOCAL| INSERT_AFTER) =3, (CtForImpl| size: 83| alreadyanalyzed| LOCAL| INSERT_AFTER) =3, (CtOperatorAssignmentImpl| size: 83| alreadyanalyzed| LOCAL| INSERT_BEFORE) =2, (CtAssignmentImpl| size: 24| alreadyanalyzed| LOCAL| REPLACE) =17, (CtOperatorAssignmentImpl| size: 30| alreadyanalyzed| LOCAL| REPLACE) =2896, (CtIfImpl| size: 6| compiles| LOCAL| REPLACE) =11, (CtLocalVariableImpl| size: 320| compiles| LOCAL| INSERT_AFTER) =471, (CtUnaryOperatorImpl| size: 1| alreadyanalyzed| LOCAL| REPLACE) =3, (CtIfImpl| size: 320| compiles| LOCAL| INSERT_BEFORE) =186, (CtOperatorAssignmentImpl| size: 320| compiles| LOCAL| INSERT_AFTER) =172, (CtLocalVariableImpl| size: 83| alreadyanalyzed| LOCAL| INSERT_BEFORE) =3, (CtLocalVariableImpl| size: 320| alreadyanalyzed| LOCAL| INSERT_BEFORE) =830, (CtIfImpl| size: 320| alreadyanalyzed| LOCAL| INSERT_AFTER) =26, (CtLocalVariableImpl| size: 89| compiles| LOCAL| REPLACE) =413, (CtIfImpl| size: 83| notcompiles| LOCAL| INSERT_AFTER) =12, (CtLocalVariableImpl| size: 89| alreadyanalyzed| LOCAL| REPLACE) =2967, (CtIfImpl| size: 32| alreadyanalyzed| LOCAL| REPLACE) =2156, (CtInvocationImpl| size: 320| alreadyanalyzed| LOCAL| INSERT_AFTER) =2, (CtIfImpl| size: 320| notcompiles| LOCAL| INSERT_BEFORE) =241, (CtLocalVariableImpl| size: 14| compiles| LOCAL| REPLACE) =21, (CtIfImpl| size: 32| notcompiles| LOCAL| REPLACE) =597, (CtInvocationImpl| size: 15| compiles| LOCAL| REPLACE) =47, (CtReturnImpl| size: 11| notcompiles| LOCAL| REPLACE) =4, (CtOperatorAssignmentImpl| size: 320| alreadyanalyzed| LOCAL| INSERT_BEFORE) =19, (CtLocalVariableImpl| size: 320| alreadyanalyzed| LOCAL| INSERT_AFTER) =336, (CtAssignmentImpl| size: 94| notcompiles| LOCAL| REPLACE) =1859, (CtAssignmentImpl| size: 94| compiles| LOCAL| REPLACE) =432, (CtReturnImpl| size: 83| notcompiles| LOCAL| INSERT_AFTER) =5, (CtReturnImpl| size: 4| alreadyanalyzed| LOCAL| REPLACE) =1, (CtInvocationImpl| size: 320| notcompiles| LOCAL| INSERT_AFTER) =52, (CtOperatorAssignmentImpl| size: 83| notcompiles| LOCAL| INSERT_BEFORE) =24, (CtOperatorAssignmentImpl| size: 6| notcompiles| LOCAL| REPLACE) =15, (CtInvocationImpl| size: 320| compiles| LOCAL| INSERT_AFTER) =43, (CtAssignmentImpl| size: 83| alreadyanalyzed| LOCAL| INSERT_AFTER) =6, (CtIfImpl| size: 32| compiles| LOCAL| REPLACE) =154, (CtAssignmentImpl| size: 83| compiles| LOCAL| INSERT_BEFORE) =92, (CtReturnImpl| size: 83| notcompiles| LOCAL| INSERT_BEFORE) =4, (CtAssignmentImpl| size: 320| compiles| LOCAL| INSERT_BEFORE) =435, (CtAssignmentImpl| size: 320| notcompiles| LOCAL| INSERT_AFTER) =656, (CtForImpl| size: 83| notcompiles| LOCAL| INSERT_AFTER) =8, (CtForImpl| size: 320| compiles| LOCAL| INSERT_AFTER) =258, (CtOperatorAssignmentImpl| size: 83| compiles| LOCAL| INSERT_BEFORE) =14, (CtAssignmentImpl| size: 24| compiles| LOCAL| REPLACE) =63, (CtIfImpl| size: 320| alreadyanalyzed| LOCAL| INSERT_BEFORE) =18, (CtIfImpl| size: 83| compiles| LOCAL| INSERT_BEFORE) =17, (CtReturnImpl| size: 320| notcompiles| LOCAL| INSERT_AFTER) =19, (CtOperatorAssignmentImpl| size: 320| notcompiles| LOCAL| INSERT_AFTER) =206, (CtForImpl| size: 320| compiles| LOCAL| INSERT_BEFORE) =269, (CtOperatorAssignmentImpl| size: 30| notcompiles| LOCAL| REPLACE) =643, (CtForImpl| size: 320| notcompiles| LOCAL| INSERT_BEFORE) =419, (CtLocalVariableImpl| size: 83| notcompiles| LOCAL| INSERT_BEFORE) =7, (CtAssignmentImpl| size: 83| alreadyanalyzed| LOCAL| INSERT_BEFORE) =12, (CtAssignmentImpl| size: 94| alreadyanalyzed| LOCAL| REPLACE) =1403, (CtForImpl| size: 9| notcompiles| LOCAL| REPLACE) =32, (CtReturnImpl| size: 320| compiles| LOCAL| INSERT_AFTER) =19, (CtReturnImpl| size: 83| compiles| LOCAL| INSERT_BEFORE) =3, (CtOperatorAssignmentImpl| size: 6| compiles| LOCAL| REPLACE) =1, (CtForImpl| size: 320| alreadyanalyzed| LOCAL| INSERT_AFTER) =26, (CtReturnImpl| size: 10| compiles| LOCAL| INSERT_AFTER) =3, (CtIfImpl| size: 83| alreadyanalyzed| LOCAL| INSERT_BEFORE) =2, (CtAssignmentImpl| size: 24| notcompiles| LOCAL| REPLACE) =36, (CtLocalVariableImpl| size: 320| compiles| LOCAL| INSERT_BEFORE) =455, (CtForImpl| size: 320| alreadyanalyzed| LOCAL| INSERT_BEFORE) =40, (CtReturnImpl| size: 5| notcompiles| LOCAL| REPLACE) =1, (CtIfImpl| size: 83| compiles| LOCAL| INSERT_AFTER) =15, (CtReturnImpl| size: 320| notcompiles| LOCAL| INSERT_BEFORE) =18, (CtLocalVariableImpl| size: 83| compiles| LOCAL| INSERT_BEFORE) =16, (CtForImpl| size: 9| alreadyanalyzed| LOCAL| REPLACE) =166, (CtReturnImpl| size: 83| compiles| LOCAL| INSERT_AFTER) =4, (CtForImpl| size: 50| alreadyanalyzed| LOCAL| REPLACE) =10391, (CtAssignmentImpl| size: 320| alreadyanalyzed| LOCAL| INSERT_AFTER) =70, (CtReturnImpl| size: 11| alreadyanalyzed| LOCAL| REPLACE) =8, (CtReturnImpl| size: 320| alreadyanalyzed| LOCAL| INSERT_BEFORE) =2, (CtInvocationImpl| size: 320| alreadyanalyzed| LOCAL| INSERT_BEFORE) =10, (CtLocalVariableImpl| size: 83| notcompiles| LOCAL| INSERT_AFTER) =5}
#gen: 6306
#patches: 0
#RightCompilation: 3435
#WrongCompilation: 2871
#FailingTestCaseExecution: 3436
#RegressionTestExecution: 0
#TestcasesExecutedval1: 122616
#TestcasesExecutedval2: 0
#FailingTestCase: 36
#RegressionTestCases: 0
#OfAppliedOp: 6306
#NotAppliedOp: 0
#InmutatedGen: 503
#unfinishValidation: 0
#ing {CtLocalVariableImpl=1851, CtForImpl=1140, CtReturnImpl=98, CtAssignmentImpl=2036, CtOperatorAssignmentImpl=706, CtInvocationImpl=167, CtIfImpl=792, CtUnaryOperatorImpl=19}
#untilcompile {1=1738, 2=873, 3=523, 4=326, 5=220, 6=177, 7=98, 8=76, 9=66, 10=43, 11=34, 12=17, 133=1, 132=1, 13=16, 14=21, 15=14, 17=11, 16=16, 154=1, 19=10, 18=4, 21=7, 20=10, 23=6, 22=4, 25=2, 24=5, 27=3, 26=2, 29=5, 28=2, 31=30, 151=1, 30=36, 34=10, 35=6, 32=24, 33=21, 38=2, 39=4, 36=7, 37=6, 42=2, 40=2, 41=2, 46=2, 47=1, 44=4, 45=3, 51=60, 50=53, 48=1, 55=4, 54=14, 53=15, 52=34, 58=5, 57=4, 177=1, 56=10, 63=2, 61=2, 60=3, 68=1, 69=1, 71=1, 65=2, 66=1, 67=1, 76=2, 78=1, 84=2, 87=1, 81=2, 80=3, 83=2, 82=5, 92=3, 95=1, 94=1, 89=9, 91=5, 90=5, 102=1, 103=1, 100=2, 101=5, 96=2, 97=1, 109=1, 104=2, 120=2}
2015-08-24 22:12:44,740 INFO main - Time Evolution(ms): 3676913
2015-08-24 22:12:44,740 INFO fr.inria.main.AbstractMain - Time Total(ms): 3715287


Node: griffon-71.nancy.grid5000.fr


Date: Tue Aug 25 00:12:45 CEST 2015


