/tmp/math_69_NopolPC
export PATH="/home/tdurieux/defects4j/framework/bin:$PATH";export JAVA_TOOL_OPTIONS=-Dfile.encoding=UTF8;export PATH="/usr/lib/jvm/java-1.7.0-openjdk-amd64/bin/:$PATH";cd /home/tdurieux/projects/math/math_69;defects4j compile;cp -r /home/tdurieux/projects/math/math_69 /tmp/math_69_NopolPC;cd /tmp/math_69_NopolPC;mkdir lib/;cp -r /home/tdurieux/defects4j/framework/projects/lib/* lib/;cp -r /home/tdurieux/defects4j/framework/projects/Math/lib/* lib/;find . -type f -name "package-info.java" -delete;
cd /tmp/math_69_NopolPC;export JAVA_TOOL_OPTIONS=-Dfile.encoding=UTF8;export PATH="/usr/lib/jvm/java-1.7.0-openjdk-amd64/bin/:$PATH";TZ="America/New_York"; export TZ;cp -r /home/tdurieux/defects4j-repair/src/python/core/../../../libs/z3 lib/z3;time java  -cp /home/tdurieux/defects4j-repair/src/python/core/../../..//libs/nopol.jar:/usr/lib/jvm/java-1.7.0-openjdk-amd64/bin//../lib/tools.jar fr.inria.lille.repair.Main --mode repair --type precondition --oracle angelic --synthesis smt --solver z3 --solver-path /home/tdurieux/defects4j-repair/src/python/core/../../..//libs/z3/z3 --complianceLevel 5 --source src/main/java/ --classpath target/classes/:target/test-classes/:lib/commons-discovery-0.5.jar:/home/tdurieux/defects4j-repair/src/python/core/../../..//libs/nopol.jar;echo "

Node: `hostname`
";echo "
Date: `date`
";rm -rf /tmp/math_69_NopolPC;

Nb classes : 416
Nb methods : 3017
Nb statement executed by the passing tests of the patched line: 0
Nb statement executed by the failing tests of the patched line: 0
Nb statements: 16637
Nb unit tests : 2186
Nb Statements Analyzed : 15
Nb Statements with Angelic Value Found : 1
Nb inputs in SMT : 91
Nb SMT level: 4
Nb SMT components: [9] [== of arity: 2, != of arity: 2, < of arity: 2, <= of arity: 2, ! of arity: 1, || of arity: 2, && of arity: 2, + of arity: 2, - of arity: 2]
                  class java.lang.Boolean: 7
                  class java.lang.Number: 2
Nb variables in SMT : 10
Nb run failing test  : [2, 2, 2, 2, 2, 2, 2]
Nb run passing test : [4, 4, 4, 4, 4, 4, 19]
NoPol Execution time : 80935ms
----PATCH FOUND----
org.apache.commons.math.stat.correlation.PearsonsCorrelation:193: PRECONDITION (1) - (nVars) < -1


Node: griffon-14.nancy.grid5000.fr


Date: Sun May  8 15:51:35 EDT 2016


