/tmp/closure_49_NopolC
export PATH="/home/tdurieux/defects4j/framework/bin:$PATH";export JAVA_TOOL_OPTIONS=-Dfile.encoding=UTF8;export PATH="/usr/lib/jvm/java-1.7.0-openjdk-amd64/bin/:$PATH";cd /home/tdurieux/projects/closure/closure_49;defects4j compile;cp -r /home/tdurieux/projects/closure/closure_49 /tmp/closure_49_NopolC;cd /tmp/closure_49_NopolC;mkdir lib/;cp -r /home/tdurieux/defects4j/framework/projects/lib/* lib/;cp -r /home/tdurieux/defects4j/framework/projects/Closure/lib/* lib/;find . -type f -name "package-info.java" -delete;
cd /tmp/closure_49_NopolC;export JAVA_TOOL_OPTIONS=-Dfile.encoding=UTF8;export PATH="/usr/lib/jvm/java-1.7.0-openjdk-amd64/bin/:$PATH";cp -r /home/tdurieux/defects4j-repair/src/python/core/../../../libs/z3 lib/z3;time java -Xmx4096m -cp /home/tdurieux/defects4j-repair/src/python/core/../../..//libs/nopol.jar:/usr/lib/jvm/java-1.7.0-openjdk-amd64/bin//../lib/tools.jar fr.inria.lille.repair.Main --mode repair --type condition --oracle angelic --synthesis smt --solver z3 --solver-path /home/tdurieux/defects4j-repair/src/python/core/../../..//libs/z3/z3 --complianceLevel 6 --source /tmp/closure_49_NopolC/src/ --classpath /tmp/closure_49_NopolC/build/classes:/tmp/closure_49_NopolC/build/test:/tmp/closure_49_NopolC/build/lib/rhino.jar:/tmp/closure_49_NopolC/lib/ant.jar:/tmp/closure_49_NopolC/lib/ant-launcher.jar:/tmp/closure_49_NopolC/lib/args4j.jar:/tmp/closure_49_NopolC/lib/guava.jar:/tmp/closure_49_NopolC/lib/jarjar.jar:/tmp/closure_49_NopolC/lib/json.jar:/tmp/closure_49_NopolC/lib/jsr305.jar:/tmp/closure_49_NopolC/lib/junit.jar:/tmp/closure_49_NopolC/lib/caja-r4314.jar:/tmp/closure_49_NopolC/lib/protobuf-java.jar:/home/tdurieux/defects4j-repair/src/python/core/../../..//libs/nopol.jar;echo "

Node: `hostname`
";echo "
Date: `date`
";rm -rf /tmp/closure_49_NopolC;

Nb classes : 273
Nb methods : 3263
Nb statement executed by the passing tests of the patched line: 0
Nb statement executed by the failing tests of the patched line: 0
Nb statements: 41861
Nb unit tests : 7292
Nb Statements Analyzed : 219
Nb Statements with Angelic Value Found : 1
Nb inputs in SMT : 153
Nb SMT level: 3
Nb SMT components: [7] [== of arity: 2, != of arity: 2, < of arity: 2, <= of arity: 2, ! of arity: 1, || of arity: 2, && of arity: 2]
                  class java.lang.Boolean: 7
Nb variables in SMT : 105
Nb run failing test  : [2, 2, 2, 2, 2, 2, 2, 2, 2, 2, 2, 2, 2, 2, 2, 2, 2, 2, 2, 2, 2, 2, 2, 2, 2, 2, 2, 2, 2, 1]
Nb run passing test : [196, 196, 196, 196, 196, 196, 196, 196, 196, 196, 196, 196, 196, 196, 196, 196, 196, 196, 196, 196, 196, 196, 196, 196, 196, 196, 196, 196, 196, 3741]
NoPol Execution time : 1308068ms
----PATCH FOUND----
com.google.javascript.rhino.Node:1566: CONDITIONAL (!((node2.parent!=null) || (com.google.javascript.rhino.Node.this.parent!=null))) && (diff!=null)


Node: griffon-10.nancy.grid5000.fr


Date: Mon May 16 20:31:48 CEST 2016


