cd /tmp/time_7_Brutpol;export JAVA_TOOL_OPTIONS=-Dfile.encoding=UTF8;TZ="America/New_York"; export TZexport PATH="/usr/lib/jvm/java-1.7.0-openjdk-amd64/bin/:$PATH";cp -r /home/tdurieux/dynamoth-experiments/src/python/core/../../../libs/z3 lib/z3;time java -d64 -Xmx4g -Xms1g -XX:MaxPermSize=1024m -XX:+UseConcMarkSweepGC -XX:+CMSPermGenSweepingEnabled -XX:+CMSClassUnloadingEnabled -cp /home/tdurieux/dynamoth-experiments/src/python/core/../../..//libs/nopol.jar:/usr/lib/jvm/java-1.7.0-openjdk-amd64/bin//../lib/tools.jar fr.inria.lille.repair.Main --flocal gzoltar  --maxTime 300  --json  --mode repair --type pre_then_cond --oracle angelic --synthesis dynamoth --solver z3 --solver-path /home/tdurieux/dynamoth-experiments/src/python/core/../../..//libs/z3/z3 --complianceLevel 5 --source /tmp/time_7_Brutpol/src/main/java/ --classpath /tmp/time_7_Brutpol/target/classes/:/tmp/time_7_Brutpol/target/test-classes/:/tmp/time_7_Brutpol/lib/joda-convert-1.2.jar:/home/tdurieux/dynamoth-experiments/src/python/core/../../..//libs/nopol.jar;echo "

Node: `hostname`
";echo "
Date: `date`
";

13:07:43.344 [pool-2-thread-1] INFO  fr.inria.lille.repair.nopol.NoPol - Nb classes : 157
13:07:43.345 [pool-2-thread-1] INFO  fr.inria.lille.repair.nopol.NoPol - Nb methods : 2882
13:07:43.345 [pool-2-thread-1] INFO  fr.inria.lille.repair.nopol.NoPol - Nb Statements Analyzed : 14
13:07:43.345 [pool-2-thread-1] INFO  fr.inria.lille.repair.nopol.NoPol - Nb Statements with Angelic Value Found : 1
13:07:43.345 [pool-2-thread-1] INFO  fr.inria.lille.repair.nopol.NoPol - NoPol Execution time : 71043ms
13:07:43.345 [pool-2-thread-1] INFO  fr.inria.lille.repair.nopol.NoPol - ----PATCH FOUND----
13:07:43.345 [pool-2-thread-1] INFO  fr.inria.lille.repair.nopol.NoPol - resetFields
13:07:43.750 [pool-2-thread-1] INFO  fr.inria.lille.repair.nopol.NoPol - Nb test that executes the patch: 84
13:07:43.750 [pool-2-thread-1] INFO  fr.inria.lille.repair.nopol.NoPol - org.joda.time.format.DateTimeParserBucket:359: PRECONDITION
13:07:43.776 [pool-2-thread-1] INFO  fr.inria.lille.repair.nopol.NoPol - --- /tmp/time_7_Brutpol/src/main/java/org/joda/time/format/DateTimeParserBucket.java
+++ /tmp/time_7_Brutpol/src/main/java/org/joda/time/format/DateTimeParserBucket.java
@@ -358,3 +358,5 @@
                 saveField(DateTimeFieldType.year(), iDefaultYear);
-                return computeMillis(resetFields, text);
+                if (resetFields) {
+                    return computeMillis(resetFields, text);
+                }
             }



Node: griffon-23.nancy.grid5000.fr


Date: Sat Mar  4 14:07:44 CET 2017


