cd /tmp/lang_51_Brutpol;export JAVA_TOOL_OPTIONS=-Dfile.encoding=UTF8;TZ="America/New_York"; export TZexport PATH="/usr/lib/jvm/java-1.7.0-openjdk-amd64/bin/:$PATH";cp -r /home/tdurieux/dynamoth-experiments/src/python/core/../../../libs/z3 lib/z3;time java -d64 -Xmx4g -Xms1g -XX:MaxPermSize=1024m -XX:+UseConcMarkSweepGC -XX:+CMSPermGenSweepingEnabled -XX:+CMSClassUnloadingEnabled -cp /home/tdurieux/dynamoth-experiments/src/python/core/../../..//libs/nopol.jar:/usr/lib/jvm/java-1.7.0-openjdk-amd64/bin//../lib/tools.jar fr.inria.lille.repair.Main --flocal gzoltar  --maxTime 300  --json  --mode repair --type pre_then_cond --oracle angelic --synthesis dynamoth --solver z3 --solver-path /home/tdurieux/dynamoth-experiments/src/python/core/../../..//libs/z3/z3 --complianceLevel 3 --source /tmp/lang_51_Brutpol/src/java/ --classpath /tmp/lang_51_Brutpol/target/classes/:/tmp/lang_51_Brutpol/target/tests/:/tmp/lang_51_Brutpol/lib/asm.jar:/tmp/lang_51_Brutpol/lib/cglib.jar:/tmp/lang_51_Brutpol/lib/commons-io.jar:/tmp/lang_51_Brutpol/lib/easymock.jar:/home/tdurieux/dynamoth-experiments/src/python/core/../../..//libs/nopol.jar;echo "

Node: `hostname`
";echo "
Date: `date`
";

12:16:24.093 [pool-2-thread-1] INFO  fr.inria.lille.repair.nopol.NoPol - Nb classes : 77
12:16:24.093 [pool-2-thread-1] INFO  fr.inria.lille.repair.nopol.NoPol - Nb methods : 1734
12:16:24.094 [pool-2-thread-1] INFO  fr.inria.lille.repair.nopol.NoPol - Nb Statements Analyzed : 9
12:16:24.094 [pool-2-thread-1] INFO  fr.inria.lille.repair.nopol.NoPol - Nb Statements with Angelic Value Found : 1
12:16:24.094 [pool-2-thread-1] INFO  fr.inria.lille.repair.nopol.NoPol - NoPol Execution time : 34130ms
12:16:24.094 [pool-2-thread-1] INFO  fr.inria.lille.repair.nopol.NoPol - ----PATCH FOUND----
12:16:24.094 [pool-2-thread-1] INFO  fr.inria.lille.repair.nopol.NoPol - str != null
12:16:24.141 [pool-2-thread-1] INFO  fr.inria.lille.repair.nopol.NoPol - Nb test that executes the patch: 1
12:16:24.141 [pool-2-thread-1] INFO  fr.inria.lille.repair.nopol.NoPol - org.apache.commons.lang.BooleanUtils:677: CONDITIONAL
12:16:24.210 [pool-2-thread-1] INFO  fr.inria.lille.repair.nopol.NoPol - --- /tmp/lang_51_Brutpol/src/java/org/apache/commons/lang/BooleanUtils.java
+++ /tmp/lang_51_Brutpol/src/java/org/apache/commons/lang/BooleanUtils.java
@@ -676,6 +676,6 @@
                 }
-                if (ch == 'Y') {
-                    return 
-                        (str.charAt(1) == 'E' || str.charAt(1) == 'e') &&
-                        (str.charAt(2) == 'S' || str.charAt(2) == 's');
+                if (str != null) {
+                    return
+                    (str.charAt(1) == 'E' || str.charAt(1) == 'e') &&
+                    (str.charAt(2) == 'S' || str.charAt(2) == 's');
                 }

PATCH


Node: graphene-127.nancy.grid5000.fr


Date: Fri Mar 10 13:16:24 CET 2017


