cd /tmp/math_88_Brutpol;export JAVA_TOOL_OPTIONS=-Dfile.encoding=UTF8;TZ="America/New_York"; export TZexport PATH="/usr/lib/jvm/java-1.7.0-openjdk-amd64/bin/:$PATH";cp -r /home/tdurieux/dynamoth-experiments/src/python/core/../../../libs/z3 lib/z3;time java -d64 -Xmx4g -Xms1g -XX:MaxPermSize=1024m -XX:+UseConcMarkSweepGC -XX:+CMSPermGenSweepingEnabled -XX:+CMSClassUnloadingEnabled -cp /home/tdurieux/dynamoth-experiments/src/python/core/../../..//libs/nopol.jar:/usr/lib/jvm/java-1.7.0-openjdk-amd64/bin//../lib/tools.jar fr.inria.lille.repair.Main --flocal gzoltar  --maxTime 300  --json  --mode repair --type pre_then_cond --oracle angelic --synthesis dynamoth --solver z3 --solver-path /home/tdurieux/dynamoth-experiments/src/python/core/../../..//libs/z3/z3 --complianceLevel 5 --source /tmp/math_88_Brutpol/src/java/ --classpath /tmp/math_88_Brutpol/target/classes/:/tmp/math_88_Brutpol/target/test-classes/:/tmp/math_88_Brutpol/lib/commons-discovery-0.5.jar:/home/tdurieux/dynamoth-experiments/src/python/core/../../..//libs/nopol.jar;echo "

Node: `hostname`
";echo "
Date: `date`
";

14:40:17.597 [pool-2-thread-1] INFO  fr.inria.lille.repair.nopol.NoPol - Nb classes : 362
14:40:17.597 [pool-2-thread-1] INFO  fr.inria.lille.repair.nopol.NoPol - Nb methods : 2695
14:40:17.598 [pool-2-thread-1] INFO  fr.inria.lille.repair.nopol.NoPol - Nb Statements Analyzed : 1
14:40:17.598 [pool-2-thread-1] INFO  fr.inria.lille.repair.nopol.NoPol - Nb Statements with Angelic Value Found : 1
14:40:17.598 [pool-2-thread-1] INFO  fr.inria.lille.repair.nopol.NoPol - NoPol Execution time : 49081ms
14:40:17.598 [pool-2-thread-1] INFO  fr.inria.lille.repair.nopol.NoPol - ----PATCH FOUND----
14:40:17.598 [pool-2-thread-1] INFO  fr.inria.lille.repair.nopol.NoPol - basicRow == this.getBasicRow((int) i)
14:40:17.713 [pool-2-thread-1] INFO  fr.inria.lille.repair.nopol.NoPol - Nb test that executes the patch: 3
14:40:17.714 [pool-2-thread-1] INFO  fr.inria.lille.repair.nopol.NoPol - org.apache.commons.math.optimization.linear.SimplexTableau:339: PRECONDITION
14:40:17.746 [pool-2-thread-1] INFO  fr.inria.lille.repair.nopol.NoPol - --- /tmp/math_88_Brutpol/src/java/org/apache/commons/math/optimization/linear/SimplexTableau.java
+++ /tmp/math_88_Brutpol/src/java/org/apache/commons/math/optimization/linear/SimplexTableau.java
@@ -338,3 +338,5 @@
                     if (tableau.getEntry(basicRow, j) == 1) {
-                         coefficients[i] = 0;
+                         if (basicRow == this.getBasicRow((int) i)) {
+                             coefficients[i] = 0;
+                         }
                     }



Node: griffon-17.nancy.grid5000.fr


Date: Sat Mar  4 15:40:18 CET 2017


