export PATH="/home/tdurieux/defects4j/framework/bin:$PATH";export JAVA_TOOL_OPTIONS=-Dfile.encoding=UTF8;export PATH="/usr/lib/jvm/java-1.7.0-openjdk-amd64/bin/:$PATH";cp -r /home/tdurieux/projects/lang/lang_35 /tmp/lang_35_Genprog;cd /tmp/lang_35_Genprog;defects4j compile;mkdir lib/;cp -r /home/tdurieux/defects4j/framework/projects/lib/* lib/;cp -r /home/tdurieux/defects4j/framework/projects/Lang/lib/* lib/;find . -type f -name "package-info.java" -delete;
/home/tdurieux/defects4j-repair/src/python/core/../../../results/2015-august/Lang/35/Genprog/result
cd /tmp/lang_35_Genprog;export JAVA_TOOL_OPTIONS=-Dfile.encoding=UTF8;TZ="America/New_York"; export TZexport PATH="/usr/lib/jvm/java-1.7.0-openjdk-amd64/bin/:$PATH";time java  -cp /home/tdurieux/defects4j-repair/src/python/core/../../..//libs/astor.jar fr.inria.main.evolution.MainjGenProg -mode statement -location . -dependencies lib/ -failing org.apache.commons.lang3.ArrayUtilsAddTest: -package org.apache.commons -jvm4testexecution /usr/lib/jvm/java-1.7.0-openjdk-amd64/bin/ -javacompliancelevel 5 -maxgen 1000000 -seed 10 -maxtime 60  -scope local  -stopfirst true -flthreshold 0.1 -population 1 -srcjavafolder src/main/java/ -srctestfolder src/test/java/ -binjavafolder target/classes/ -bintestfolder target/test-classes/;echo "

Node: `hostname`
";echo "
Date: `date`
";rm -rf /tmp/lang_35_Genprog;

2015-08-24 23:38:23,760 INFO main - End Repair Loops: NOT Found solution
2015-08-24 23:38:23,760 INFO main - 
Number solutions:0
2015-08-24 23:38:23,760 INFO main - 
All variants:
2015-08-24 23:38:23,760 INFO main - f 189.0, [Variant id: 5231, #gens: 6, #ops: 0, parent:-]
2015-08-24 23:38:23,760 INFO main - --Space: LOCAL
org.apache.commons.lang3.ArrayUtils=951|,
2015-08-24 23:38:23,760 INFO main - 
----stats: 
2015-08-24 23:38:23,760 INFO main - 
spaces navigation: [34]: {(CtAssignmentImpl| size: 951| alreadyanalyzed| LOCAL| INSERT_BEFORE) =71932, (CtReturnImpl| size: 951| notcompiles| LOCAL| INSERT_BEFORE) =418, (CtIfImpl| size: 951| notcompiles| LOCAL| INSERT_BEFORE) =209, (CtReturnImpl| size: 352| alreadyanalyzed| LOCAL| REPLACE) =98775, (CtLocalVariableImpl| size: 951| compiles| LOCAL| INSERT_AFTER) =217, (CtReturnImpl| size: 951| compiles| LOCAL| INSERT_BEFORE) =230, (CtLocalVariableImpl| size: 951| notcompiles| LOCAL| INSERT_AFTER) =420, (CtAssignmentImpl| size: 951| compiles| LOCAL| INSERT_AFTER) =116, (CtReturnImpl| size: 352| compiles| LOCAL| REPLACE) =48, (CtAssignmentImpl| size: 100| notcompiles| LOCAL| REPLACE) =34, (CtIfImpl| size: 951| alreadyanalyzed| LOCAL| INSERT_AFTER) =17794, (CtIfImpl| size: 240| notcompiles| LOCAL| REPLACE) =75, (CtAssignmentImpl| size: 951| notcompiles| LOCAL| INSERT_AFTER) =209, (CtIfImpl| size: 240| compiles| LOCAL| REPLACE) =3, (CtReturnImpl| size: 951| alreadyanalyzed| LOCAL| INSERT_BEFORE) =77346, (CtReturnImpl| size: 951| compiles| LOCAL| INSERT_AFTER) =230, (CtLocalVariableImpl| size: 951| alreadyanalyzed| LOCAL| INSERT_BEFORE) =177282, (CtIfImpl| size: 951| alreadyanalyzed| LOCAL| INSERT_BEFORE) =21007, (CtLocalVariableImpl| size: 127| compiles| LOCAL| REPLACE) =157, (CtIfImpl| size: 951| compiles| LOCAL| INSERT_AFTER) =115, (CtIfImpl| size: 951| compiles| LOCAL| INSERT_BEFORE) =115, (CtAssignmentImpl| size: 951| alreadyanalyzed| LOCAL| INSERT_AFTER) =72126, (CtAssignmentImpl| size: 951| compiles| LOCAL| INSERT_BEFORE) =115, (CtLocalVariableImpl| size: 951| compiles| LOCAL| INSERT_BEFORE) =217, (CtLocalVariableImpl| size: 951| alreadyanalyzed| LOCAL| INSERT_AFTER) =158096, (CtReturnImpl| size: 951| alreadyanalyzed| LOCAL| INSERT_AFTER) =88855, (CtAssignmentImpl| size: 100| alreadyanalyzed| LOCAL| REPLACE) =22566, (CtReturnImpl| size: 951| notcompiles| LOCAL| INSERT_AFTER) =418, (CtIfImpl| size: 240| alreadyanalyzed| LOCAL| REPLACE) =28631, (CtReturnImpl| size: 352| notcompiles| LOCAL| REPLACE) =86, (CtLocalVariableImpl| size: 951| notcompiles| LOCAL| INSERT_BEFORE) =420, (CtIfImpl| size: 951| notcompiles| LOCAL| INSERT_AFTER) =209, (CtAssignmentImpl| size: 951| notcompiles| LOCAL| INSERT_BEFORE) =210, (CtLocalVariableImpl| size: 127| alreadyanalyzed| LOCAL| REPLACE) =26639}
#gen: 2615
#patches: 0
#RightCompilation: 622
#WrongCompilation: 1966
#FailingTestCaseExecution: 623
#RegressionTestExecution: 1
#TestcasesExecutedval1: 8099
#TestcasesExecutedval2: 1644
#FailingTestCase: 13
#RegressionTestCases: 1644
#OfAppliedOp: 2588
#NotAppliedOp: 0
#InmutatedGen: 1501
#unfinishValidation: 0
#ing {CtLocalVariableImpl=1530, CtAssignmentImpl=770, CtReturnImpl=1284, CtIfImpl=505}
#untilcompile {1=144, 1101=1, 2=109, 3=91, 4=73, 5=67, 6=68, 7=35, 8=33, 9=39, 10=37, 11=26, 12=28, 13=22, 1090=1, 14=20, 15=21, 17=11, 16=20, 1119=1, 19=15, 18=16, 21=18, 20=16, 23=12, 1115=1, 22=11, 25=7, 24=8, 27=8, 26=10, 3273=1, 29=2, 1105=2, 4396=1, 28=6, 31=7, 30=9, 34=6, 35=5, 32=2, 33=3, 1133=1, 38=6, 39=7, 36=10, 37=4, 42=5, 43=1, 40=3, 41=1, 46=4, 47=2, 44=4, 45=3, 51=4, 50=2, 49=2, 1148=1, 48=2, 55=2, 54=2, 53=3, 52=2, 59=1, 58=4, 56=3, 63=3, 62=1, 61=2, 60=1, 68=1, 69=1, 2269=4, 70=2, 71=1, 3220=1, 65=3, 66=3, 67=2, 76=2, 77=1, 79=1, 72=1, 73=3, 74=1, 75=1, 85=1, 1048=1, 84=1, 1051=11, 86=3, 2254=7, 3205=4, 80=1, 83=2, 82=1, 1041=1, 93=2, 94=2, 89=1, 2242=1, 1046=1, 102=4, 103=7, 100=46, 101=7, 99=2, 96=1, 97=1, 110=3, 111=3, 108=2, 2293=1, 109=3, 106=4, 107=4, 104=8, 105=3, 1061=1, 118=3, 1082=1, 117=3, 1081=1, 114=3, 1086=1, 113=1, 112=3, 1084=1, 127=28, 124=3, 2276=1, 123=2, 122=3, 1078=13, 137=6, 136=2, 139=4, 140=1, 143=2, 142=1, 129=2, 131=1, 130=3, 1224=1, 132=2, 135=2, 134=2, 152=2, 153=1, 155=1, 3145=1, 158=2, 145=2, 146=1, 147=2, 149=1, 150=1, 151=2, 169=1, 168=2, 174=1, 2101=1, 173=1, 1259=1, 166=1, 186=1, 184=1, 190=2, 188=1, 189=1, 176=1, 2095=1, 206=1, 201=1, 2129=1, 2130=1, 1158=1, 1162=1, 2142=1, 193=1, 194=1, 2138=1, 3080=1, 216=1, 1173=1, 218=1, 1175=1, 1178=4, 2121=1, 239=1, 236=1, 1191=7, 232=1, 230=1, 228=1, 1192=1, 227=4, 1202=1, 255=1, 252=2, 253=1, 2149=1, 250=1, 1206=1, 1207=1, 251=1, 1205=2, 247=2, 2156=1, 244=1, 245=2, 242=3, 240=20, 241=4, 1213=1, 273=1, 2441=1, 272=1, 1371=1, 278=2, 283=1, 258=1, 4144=2, 256=1, 1357=1, 257=1, 263=1, 260=2, 1348=1, 265=1, 268=1, 3545=3, 3557=2, 1403=3, 319=1, 3572=2, 2494=1, 1382=1, 302=1, 303=1, 3459=1, 1307=1, 1306=1, 2508=1, 340=2, 339=1, 1310=1, 351=2, 1303=9, 345=1, 1291=2, 1295=1, 323=1, 320=1, 1282=1, 330=1, 373=2, 372=1, 375=1, 369=1, 368=2, 371=2, 370=1, 381=3, 380=1, 383=1, 382=1, 377=2, 376=1, 379=2, 356=2, 1321=1, 358=2, 359=2, 352=34, 353=4, 354=8, 355=2, 365=1, 366=2, 367=5, 360=3, 361=2, 362=1, 363=1, 1495=1, 1488=1, 4256=1, 395=1, 2322=1, 394=1, 393=1, 2320=1, 385=1, 391=1, 389=1, 440=1, 3432=2, 2353=1, 2355=1, 3445=2, 419=1, 478=2, 479=3, 476=1, 1424=2, 1430=4, 472=1, 473=1, 2369=1, 471=1, 2381=4, 1438=1, 1439=1, 3333=2, 459=1, 454=2, 453=1, 452=9, 450=1, 2414=1, 497=2, 3367=1, 499=1, 493=1, 488=1, 490=2, 1454=1, 1643=2, 2748=1, 4882=1, 553=1, 1657=1, 569=1, 2721=1, 518=1, 3797=1, 514=1, 515=1, 524=1, 3804=2, 3805=1, 522=1, 532=1, 529=1, 1620=1, 608=1, 616=1, 579=1, 586=1, 1543=2, 592=1, 597=1, 602=1, 604=2, 606=1, 680=1, 2594=2, 1782=1, 2606=1, 694=1, 692=2, 1784=1, 3684=1, 651=1, 1754=1, 1755=1, 1699=1, 736=1, 740=1, 762=1, 3617=1, 1670=2, 704=2, 5107=3, 706=1, 1692=1, 727=1, 4071=1, 2980=5, 1907=1, 2982=1, 1909=1, 2976=1, 1902=18, 1903=1, 1889=1, 2992=1, 2953=2, 2951=1, 2946=2, 4044=1, 2973=2, 2964=1, 3053=1, 1851=1, 4013=1, 3041=1, 4031=1, 1827=1, 3968=1, 3008=1, 832=1, 3032=1, 846=1, 957=1, 2853=13, 2854=1, 959=2, 2855=1, 952=3, 953=1, 2037=2, 954=3, 955=1, 951=93, 2047=1, 2859=1, 2869=1, 942=1, 2866=1, 2024=1, 2029=5, 2002=1, 2007=1, 3904=1, 1995=1, 1019=1, 1010=1, 1012=2, 1014=1, 3874=1, 1015=1, 1001=1, 992=1, 995=1, 986=1, 1942=1, 987=1, 1943=1, 988=1, 978=1, 1948=1, 976=1, 977=2, 983=2, 1945=1, 1927=1, 970=2, 969=1, 974=1, 973=1, 1921=1, 1920=1, 972=1, 961=1, 960=2, 4855=1, 967=1, 966=2, 965=2, 964=1}
2015-08-24 23:38:23,761 INFO main - Time Evolution(ms): 3663986
2015-08-24 23:38:23,761 INFO fr.inria.main.AbstractMain - Time Total(ms): 3696920


Node: griffon-66.nancy.grid5000.fr


Date: Tue Aug 25 01:38:24 CEST 2015


