export PATH="/home/tdurieux/defects4j/framework/bin:$PATH";export JAVA_TOOL_OPTIONS=-Dfile.encoding=UTF8;export PATH="/usr/lib/jvm/java-1.7.0-openjdk-amd64/bin/:$PATH";cp -r /home/tdurieux/projects/math/math_63 /tmp/math_63_Kali;cd /tmp/math_63_Kali;defects4j compile;mkdir lib/;cp -r /home/tdurieux/defects4j/framework/projects/lib/* lib/;cp -r /home/tdurieux/defects4j/framework/projects/Math/lib/* lib/;find . -type f -name "package-info.java" -delete;
/home/tdurieux/defects4j-repair/src/python/core/../../../results/2015-august/Math/63/Kali/result
cd /tmp/math_63_Kali;export JAVA_TOOL_OPTIONS=-Dfile.encoding=UTF8;TZ="America/New_York"; export TZexport PATH="/usr/lib/jvm/java-1.7.0-openjdk-amd64/bin/:$PATH";time java  -cp /home/tdurieux/defects4j-repair/src/python/core/../../..//libs/astor.jar fr.inria.main.evolution.MainjGenProg -mode statement-remove -location . -dependencies lib/ -failing org.apache.commons.math.util.MathUtilsTest: -package org.apache.commons -jvm4testexecution /usr/lib/jvm/java-1.7.0-openjdk-amd64/bin/ -javacompliancelevel 5 -maxgen 1000000 -seed 10 -maxtime 60  -scope local  -stopfirst false -flthreshold 0 -population 1 -srcjavafolder src/main/java/ -srctestfolder src/test/java/ -binjavafolder target/classes/ -bintestfolder target/test-classes/;echo "

Node: `hostname`
";echo "
Date: `date`
";rm -rf /tmp/math_63_Kali;

2015-08-25 18:01:38,324 INFO main - End Repair Loops: NOT Found solution
2015-08-25 18:01:38,324 INFO main - 
Number solutions:0
2015-08-25 18:01:38,324 INFO main - 
All variants:
2015-08-25 18:01:38,324 INFO main - f 1.0, [Variant id: 1, #gens: 976, #ops: 0, parent:-]
2015-08-25 18:01:38,324 INFO main - 
----stats: 
2015-08-25 18:01:38,324 INFO main - 
spaces navigation: [0]: {}
#gen: 0
#patches: 0
#RightCompilation: 1768
#WrongCompilation: 390
#FailingTestCaseExecution: 1769
#RegressionTestExecution: 0
#TestcasesExecutedval1: 107848
#TestcasesExecutedval2: 0
#FailingTestCase: 61
#RegressionTestCases: 0
#OfAppliedOp: 0
#NotAppliedOp: 0
#InmutatedGen: 0
#unfinishValidation: 0
#ing {}
#untilcompile {}
2015-08-25 18:01:38,324 INFO fr.inria.main.AbstractMain - Time Total(ms): 1149077


Node: graphene-50.nancy.grid5000.fr


Date: Tue Aug 25 20:01:38 CEST 2015


