Picked up JAVA_TOOL_OPTIONS: -Dfile.encoding=UTF8
java.lang.RuntimeException: java.util.concurrent.TimeoutException
	at xxl.java.junit.TestSuiteExecution.executionResult(TestSuiteExecution.java:101)
	at xxl.java.junit.TestSuiteExecution.runTestCase(TestSuiteExecution.java:42)
	at xxl.java.junit.TestSuiteExecution.runTestCases(TestSuiteExecution.java:85)
	at fr.inria.lille.repair.nopol.synth.ConstraintModelBuilder.buildFor(ConstraintModelBuilder.java:84)
	at fr.inria.lille.repair.nopol.synth.brutpol.BrutSynthesizer.buildPatch(BrutSynthesizer.java:64)
	at fr.inria.lille.repair.nopol.NoPol.solveWithMultipleBuild(NoPol.java:185)
	at fr.inria.lille.repair.nopol.NoPol.build(NoPol.java:123)
	at fr.inria.lille.repair.nopol.NoPol.build(NoPol.java:93)
	at fr.inria.lille.repair.nopol.NoPolLauncher.launch(NoPolLauncher.java:85)
	at fr.inria.lille.repair.Main.main(Main.java:59)
Caused by: java.util.concurrent.TimeoutException
	at java.util.concurrent.FutureTask.get(FutureTask.java:201)
	at xxl.java.junit.TestSuiteExecution.executionResult(TestSuiteExecution.java:94)
	... 9 more


The system is out of resources.
Consult the following stack trace for details.
java.lang.OutOfMemoryError: GC overhead limit exceeded
	at com.sun.tools.javac.jvm.ClassReader.ensureCapacity(ClassReader.java:2283)
	at com.sun.tools.javac.jvm.ClassReader.readInputStream(ClassReader.java:2254)
	at com.sun.tools.javac.jvm.ClassReader.fillIn(ClassReader.java:2207)
	at com.sun.tools.javac.jvm.ClassReader.complete(ClassReader.java:2139)
	at com.sun.tools.javac.code.Symbol.complete(Symbol.java:421)
	at com.sun.tools.javac.code.Symbol$ClassSymbol.complete(Symbol.java:821)
	at com.sun.tools.javac.jvm.ClassReader.loadClass(ClassReader.java:2320)
	at com.sun.tools.javac.comp.Resolve.loadClass(Resolve.java:1062)
	at com.sun.tools.javac.comp.Resolve.findIdentInPackage(Resolve.java:1227)
	at com.sun.tools.javac.comp.Attr.selectSym(Attr.java:2392)
	at com.sun.tools.javac.comp.Attr.visitSelect(Attr.java:2283)
	at com.sun.tools.javac.tree.JCTree$JCFieldAccess.accept(JCTree.java:1677)
	at com.sun.tools.javac.comp.Attr.attribTree(Attr.java:431)
	at com.sun.tools.javac.comp.Attr.attribTree(Attr.java:418)
	at com.sun.tools.javac.comp.Attr.visitSelect(Attr.java:2247)
	at com.sun.tools.javac.tree.JCTree$JCFieldAccess.accept(JCTree.java:1677)
	at com.sun.tools.javac.comp.Attr.attribTree(Attr.java:431)
	at com.sun.tools.javac.comp.Attr.attribTree(Attr.java:418)
	at com.sun.tools.javac.comp.Attr.attribExpr(Attr.java:449)
	at com.sun.tools.javac.comp.Attr.visitApply(Attr.java:1521)
	at com.sun.tools.javac.tree.JCTree$JCMethodInvocation.accept(JCTree.java:1321)
	at com.sun.tools.javac.comp.Attr.attribTree(Attr.java:431)
	at com.sun.tools.javac.comp.Attr.attribTree(Attr.java:418)
	at com.sun.tools.javac.comp.Attr.attribExpr(Attr.java:449)
	at com.sun.tools.javac.comp.Attr.visitAssign(Attr.java:1993)
	at com.sun.tools.javac.tree.JCTree$JCAssign.accept(JCTree.java:1466)
	at com.sun.tools.javac.comp.Attr.attribTree(Attr.java:431)
	at com.sun.tools.javac.comp.Attr.attribTree(Attr.java:418)
	at com.sun.tools.javac.comp.Attr.attribExpr(Attr.java:460)
	at com.sun.tools.javac.comp.Attr.visitExec(Attr.java:1294)
	at com.sun.tools.javac.tree.JCTree$JCExpressionStatement.accept(JCTree.java:1167)
	at com.sun.tools.javac.comp.Attr.attribTree(Attr.java:431)
xxl.java.compiler.DynamicCompilationException: Aborting: dynamic compilation failed
	at xxl.java.compiler.DynamicClassCompiler.runCompilationTask(DynamicClassCompiler.java:95)
	at xxl.java.compiler.DynamicClassCompiler.javaBytecodeFor(DynamicClassCompiler.java:63)
	at fr.inria.lille.commons.spoon.SpoonedFile.compilationFor(SpoonedFile.java:177)
	at fr.inria.lille.commons.spoon.SpoonedFile.compileModelledClasses(SpoonedFile.java:154)
	at fr.inria.lille.commons.spoon.SpoonedFile.processModelledClasses(SpoonedFile.java:138)
	at fr.inria.lille.commons.spoon.SpoonedFile.process(SpoonedFile.java:128)
	at fr.inria.lille.commons.spoon.SpoonedFile.process(SpoonedFile.java:124)
	at fr.inria.lille.repair.nopol.synth.SynthesizerFactory.getFor(SynthesizerFactory.java:76)
	at fr.inria.lille.repair.nopol.NoPol.solveWithMultipleBuild(NoPol.java:164)
	at fr.inria.lille.repair.nopol.NoPol.build(NoPol.java:123)
	at fr.inria.lille.repair.nopol.NoPol.build(NoPol.java:93)
	at fr.inria.lille.repair.nopol.NoPolLauncher.launch(NoPolLauncher.java:85)
	at fr.inria.lille.repair.Main.main(Main.java:59)
Exception in thread "main" java.lang.OutOfMemoryError: GC overhead limit exceeded
	at java.util.zip.ZipCoder.toString(ZipCoder.java:59)
	at java.util.zip.ZipFile.getZipEntry(ZipFile.java:531)
	at java.util.zip.ZipFile.access$900(ZipFile.java:56)
	at java.util.zip.ZipFile$1.nextElement(ZipFile.java:513)
	at java.util.zip.ZipFile$1.nextElement(ZipFile.java:483)
	at org.eclipse.jdt.internal.compiler.batch.ClasspathJar.isPackage(ClasspathJar.java:155)
	at org.eclipse.jdt.internal.compiler.batch.ClasspathJar.findClass(ClasspathJar.java:94)
	at org.eclipse.jdt.internal.compiler.batch.FileSystem.findClass(FileSystem.java:262)
	at org.eclipse.jdt.internal.compiler.batch.FileSystem.findType(FileSystem.java:354)
	at org.eclipse.jdt.internal.compiler.lookup.LookupEnvironment.createPackage(LookupEnvironment.java:755)
	at org.eclipse.jdt.internal.compiler.lookup.CompilationUnitScope.buildTypeBindings(CompilationUnitScope.java:107)
	at org.eclipse.jdt.internal.compiler.lookup.LookupEnvironment.buildTypeBindings(LookupEnvironment.java:188)
	at org.eclipse.jdt.internal.compiler.Compiler.internalBeginToCompile(Compiler.java:723)
	at org.eclipse.jdt.internal.compiler.Compiler.beginToCompile(Compiler.java:383)
	at spoon.support.compiler.jdt.TreeBuilderCompiler.buildUnits(TreeBuilderCompiler.java:36)
	at spoon.support.compiler.jdt.JDTBatchCompiler.getUnits(JDTBatchCompiler.java:121)
	at spoon.support.compiler.jdt.JDTBasedSpoonCompiler.buildSources(JDTBasedSpoonCompiler.java:224)
	at spoon.support.compiler.jdt.JDTBasedSpoonCompiler.build(JDTBasedSpoonCompiler.java:505)
	at fr.inria.lille.commons.spoon.util.SpoonModelLibrary.modelFor(SpoonModelLibrary.java:56)
	at fr.inria.lille.commons.spoon.SpoonedFile.<init>(SpoonedFile.java:50)
	at fr.inria.lille.commons.spoon.SpoonedClass.<init>(SpoonedClass.java:13)
	at fr.inria.lille.commons.spoon.SpoonedProject.forked(SpoonedProject.java:42)
	at fr.inria.lille.repair.nopol.synth.SynthesizerFactory.getFor(SynthesizerFactory.java:68)
	at fr.inria.lille.repair.nopol.NoPol.solveWithMultipleBuild(NoPol.java:164)
	at fr.inria.lille.repair.nopol.NoPol.build(NoPol.java:123)
	at fr.inria.lille.repair.nopol.NoPol.build(NoPol.java:93)
	at fr.inria.lille.repair.nopol.NoPolLauncher.launch(NoPolLauncher.java:85)
	at fr.inria.lille.repair.Main.main(Main.java:59)

real	18m38.201s
user	47m54.480s
sys	0m10.141s
