/tmp/closure_113_NopolC
export PATH="/home/tdurieux/defects4j/framework/bin:$PATH";export JAVA_TOOL_OPTIONS=-Dfile.encoding=UTF8;export PATH="/usr/lib/jvm/java-1.7.0-openjdk-amd64/bin/:$PATH";cd /home/tdurieux/projects/closure/closure_113;defects4j compile;cp -r /home/tdurieux/projects/closure/closure_113 /tmp/closure_113_NopolC;cd /tmp/closure_113_NopolC;mkdir lib/;cp -r /home/tdurieux/defects4j/framework/projects/lib/* lib/;cp -r /home/tdurieux/defects4j/framework/projects/Closure/lib/* lib/;find . -type f -name "package-info.java" -delete;
cd /tmp/closure_113_NopolC;export JAVA_TOOL_OPTIONS=-Dfile.encoding=UTF8;export PATH="/usr/lib/jvm/java-1.7.0-openjdk-amd64/bin/:$PATH";cp -r /home/tdurieux/defects4j-repair/src/python/core/../../../libs/z3 lib/z3;time java -Xmx4096m -cp /home/tdurieux/defects4j-repair/src/python/core/../../..//libs/nopol.jar:/usr/lib/jvm/java-1.7.0-openjdk-amd64/bin//../lib/tools.jar fr.inria.lille.repair.Main --mode repair --type condition --oracle angelic --synthesis smt --solver z3 --solver-path /home/tdurieux/defects4j-repair/src/python/core/../../..//libs/z3/z3 --complianceLevel 6 --source /tmp/closure_113_NopolC/src/ --classpath /tmp/closure_113_NopolC/build/classes:/tmp/closure_113_NopolC/build/test:/tmp/closure_113_NopolC/build/lib/rhino.jar:/tmp/closure_113_NopolC/lib/ant.jar:/tmp/closure_113_NopolC/lib/ant-launcher.jar:/tmp/closure_113_NopolC/lib/args4j.jar:/tmp/closure_113_NopolC/lib/guava.jar:/tmp/closure_113_NopolC/lib/jarjar.jar:/tmp/closure_113_NopolC/lib/json.jar:/tmp/closure_113_NopolC/lib/jsr305.jar:/tmp/closure_113_NopolC/lib/junit.jar:/tmp/closure_113_NopolC/lib/caja-r4314.jar:/tmp/closure_113_NopolC/lib/protobuf-java.jar:/home/tdurieux/defects4j-repair/src/python/core/../../..//libs/nopol.jar;echo "

Node: `hostname`
";echo "
Date: `date`
";rm -rf /tmp/closure_113_NopolC;

Nb classes : 291
Nb methods : 3713
Nb statement executed by the passing tests of the patched line: 0
Nb statement executed by the failing tests of the patched line: 0
Nb statements: 45665
Nb unit tests : 8298
Nb Statements Analyzed : 7
Nb Statements with Angelic Value Found : 1
Nb inputs in SMT : 20
Nb SMT level: 4
Nb SMT components: [9] [== of arity: 2, != of arity: 2, < of arity: 2, <= of arity: 2, ! of arity: 1, || of arity: 2, && of arity: 2, + of arity: 2, - of arity: 2]
                  class java.lang.Boolean: 7
                  class java.lang.Number: 2
Nb variables in SMT : 51
Nb run failing test  : [2, 2]
Nb run passing test : [1, 29]
NoPol Execution time : 499834ms
----PATCH FOUND----
com.google.javascript.jscomp.ProcessClosurePrimitives:329: CONDITIONAL (provided != null) || (!(-1 <= (com.google.javascript.jscomp.ProcessClosurePrimitives.GOOG.length()) - (ns.length()) + com.google.javascript.jscomp.ProcessClosurePrimitives.GOOG.length()))


Node: grimoire-6.nancy.grid5000.fr


Date: Mon May 16 20:11:30 CEST 2016


