/tmp/math_32_BrutpolC
export PATH="/home/tdurieux/defects4j/framework/bin:$PATH";export JAVA_TOOL_OPTIONS=-Dfile.encoding=UTF8;export PATH="/usr/lib/jvm/java-1.7.0-openjdk-amd64/bin/:$PATH";cd /home/tdurieux/projects/math/math_32;defects4j compile;cp -r /home/tdurieux/projects/math/math_32 /tmp/math_32_BrutpolC;cd /tmp/math_32_BrutpolC;mkdir lib/;cp -r /home/tdurieux/defects4j/framework/projects/lib/* lib/;cp -r /home/tdurieux/defects4j/framework/projects/Math/lib/* lib/;find . -type f -name "package-info.java" -delete;
cd /tmp/math_32_BrutpolC;export JAVA_TOOL_OPTIONS=-Dfile.encoding=UTF8;export PATH="/usr/lib/jvm/java-1.7.0-openjdk-amd64/bin/:$PATH";TZ="America/New_York"; export TZ;cp -r /home/tdurieux/defects4j-repair/src/python/core/../../../libs/z3 lib/z3;time java  -cp /home/tdurieux/defects4j-repair/src/python/core/../../..//libs/nopol.jar:/usr/lib/jvm/java-1.7.0-openjdk-amd64/bin//../lib/tools.jar fr.inria.lille.repair.Main --mode repair --type condition --oracle angelic --synthesis brutpol --solver z3 --solver-path /home/tdurieux/defects4j-repair/src/python/core/../../..//libs/z3/z3 --complianceLevel 5 --source src/main/java/ --classpath target/classes/:target/test-classes/:lib/commons-discovery-0.5.jar:/home/tdurieux/defects4j-repair/src/python/core/../../..//libs/nopol.jar;echo "

Node: `hostname`
";echo "
Date: `date`
";rm -rf /tmp/math_32_BrutpolC;

Nb classes : 576
Nb methods : 3767
Nb statement executed by the passing tests of the patched line: 0
Nb statement executed by the failing tests of the patched line: 0
Nb statements: 25395
Nb unit tests : 3593
Nb Statements Analyzed : 4
Nb Statements with Angelic Value Found : 1
Nb run failing test  : [1]
Nb run passing test : [5]
NoPol Execution time : 887503ms
----PATCH FOUND----
org.apache.commons.math3.geometry.euclidean.twod.PolygonsSet:136: CONDITIONAL this.isEmpty((org.apache.commons.math3.geometry.partitioning.BSPTree) tree)


Node: griffon-11.nancy.grid5000.fr


Date: Sun May  8 16:14:22 EDT 2016


