Running ant (compile)...................................................... OK
Running ant (compile.tests)................................................ OK
Picked up JAVA_TOOL_OPTIONS: -Dfile.encoding=UTF8
xxl.java.compiler.DynamicCompilationException: Aborting: dynamic compilation failed
	at xxl.java.compiler.DynamicClassCompiler.runCompilationTask(DynamicClassCompiler.java:88)
	at xxl.java.compiler.DynamicClassCompiler.javaBytecodeFor(DynamicClassCompiler.java:56)
	at fr.inria.lille.commons.spoon.SpoonedFile.compilationFor(SpoonedFile.java:177)
	at fr.inria.lille.commons.spoon.SpoonedFile.compileModelledClasses(SpoonedFile.java:154)
	at fr.inria.lille.commons.spoon.SpoonedFile.processModelledClasses(SpoonedFile.java:138)
	at fr.inria.lille.commons.spoon.SpoonedFile.process(SpoonedFile.java:128)
	at fr.inria.lille.commons.spoon.SpoonedFile.processedAndDumpedToClassLoader(SpoonedFile.java:119)
	at fr.inria.lille.commons.spoon.SpoonedFile.processedAndDumpedToClassLoader(SpoonedFile.java:115)
	at fr.inria.lille.repair.nopol.synth.ConstraintModelBuilder.<init>(ConstraintModelBuilder.java:57)
	at fr.inria.lille.repair.nopol.synth.SynthesizerFactory.getFor(SynthesizerFactory.java:122)
	at fr.inria.lille.repair.nopol.NoPol.solveWithMultipleBuild(NoPol.java:164)
	at fr.inria.lille.repair.nopol.NoPol.build(NoPol.java:119)
	at fr.inria.lille.repair.nopol.NoPol.build(NoPol.java:89)
	at fr.inria.lille.repair.nopol.NoPolLauncher.launch(NoPolLauncher.java:84)
	at fr.inria.lille.repair.Main.main(Main.java:61)
java.lang.RuntimeException: java.util.concurrent.TimeoutException
	at xxl.java.junit.TestSuiteExecution.executionResult(TestSuiteExecution.java:97)
	at xxl.java.junit.TestSuiteExecution.runTestCase(TestSuiteExecution.java:36)
	at xxl.java.junit.TestSuiteExecution.runTestCases(TestSuiteExecution.java:81)
	at fr.inria.lille.repair.nopol.synth.ConstraintModelBuilder.buildFor(ConstraintModelBuilder.java:78)
	at fr.inria.lille.repair.nopol.synth.DefaultSynthesizer.buildPatch(DefaultSynthesizer.java:67)
	at fr.inria.lille.repair.nopol.NoPol.solveWithMultipleBuild(NoPol.java:185)
	at fr.inria.lille.repair.nopol.NoPol.build(NoPol.java:119)
	at fr.inria.lille.repair.nopol.NoPol.build(NoPol.java:89)
	at fr.inria.lille.repair.nopol.NoPolLauncher.launch(NoPolLauncher.java:84)
	at fr.inria.lille.repair.Main.main(Main.java:61)
Caused by: java.util.concurrent.TimeoutException
	at java.util.concurrent.FutureTask.get(FutureTask.java:201)
	at xxl.java.junit.TestSuiteExecution.executionResult(TestSuiteExecution.java:90)
	... 9 more
xxl.java.compiler.DynamicCompilationException: Aborting: dynamic compilation failed
	at xxl.java.compiler.DynamicClassCompiler.runCompilationTask(DynamicClassCompiler.java:88)
	at xxl.java.compiler.DynamicClassCompiler.javaBytecodeFor(DynamicClassCompiler.java:56)
	at fr.inria.lille.commons.spoon.SpoonedFile.compilationFor(SpoonedFile.java:177)
	at fr.inria.lille.commons.spoon.SpoonedFile.compileModelledClasses(SpoonedFile.java:154)
	at fr.inria.lille.commons.spoon.SpoonedFile.processModelledClasses(SpoonedFile.java:138)
	at fr.inria.lille.commons.spoon.SpoonedFile.process(SpoonedFile.java:128)
	at fr.inria.lille.commons.spoon.SpoonedFile.processedAndDumpedToClassLoader(SpoonedFile.java:119)
	at fr.inria.lille.commons.spoon.SpoonedFile.processedAndDumpedToClassLoader(SpoonedFile.java:115)
	at fr.inria.lille.repair.nopol.synth.ConstraintModelBuilder.<init>(ConstraintModelBuilder.java:57)
	at fr.inria.lille.repair.nopol.synth.SynthesizerFactory.getFor(SynthesizerFactory.java:122)
	at fr.inria.lille.repair.nopol.NoPol.solveWithMultipleBuild(NoPol.java:164)
	at fr.inria.lille.repair.nopol.NoPol.build(NoPol.java:119)
	at fr.inria.lille.repair.nopol.NoPol.build(NoPol.java:89)
	at fr.inria.lille.repair.nopol.NoPolLauncher.launch(NoPolLauncher.java:84)
	at fr.inria.lille.repair.Main.main(Main.java:61)
xxl.java.compiler.DynamicCompilationException: Aborting: dynamic compilation failed
	at xxl.java.compiler.DynamicClassCompiler.runCompilationTask(DynamicClassCompiler.java:88)
	at xxl.java.compiler.DynamicClassCompiler.javaBytecodeFor(DynamicClassCompiler.java:56)
	at fr.inria.lille.commons.spoon.SpoonedFile.compilationFor(SpoonedFile.java:177)
	at fr.inria.lille.commons.spoon.SpoonedFile.compileModelledClasses(SpoonedFile.java:154)
	at fr.inria.lille.commons.spoon.SpoonedFile.processModelledClasses(SpoonedFile.java:138)
	at fr.inria.lille.commons.spoon.SpoonedFile.process(SpoonedFile.java:128)
	at fr.inria.lille.commons.spoon.SpoonedFile.processedAndDumpedToClassLoader(SpoonedFile.java:119)
	at fr.inria.lille.commons.spoon.SpoonedFile.processedAndDumpedToClassLoader(SpoonedFile.java:115)
	at fr.inria.lille.repair.nopol.synth.ConstraintModelBuilder.<init>(ConstraintModelBuilder.java:57)
	at fr.inria.lille.repair.nopol.synth.SynthesizerFactory.getFor(SynthesizerFactory.java:122)
	at fr.inria.lille.repair.nopol.NoPol.solveWithMultipleBuild(NoPol.java:164)
	at fr.inria.lille.repair.nopol.NoPol.build(NoPol.java:119)
	at fr.inria.lille.repair.nopol.NoPol.build(NoPol.java:89)
	at fr.inria.lille.repair.nopol.NoPolLauncher.launch(NoPolLauncher.java:84)
	at fr.inria.lille.repair.Main.main(Main.java:61)
java.lang.RuntimeException: java.util.concurrent.TimeoutException
	at xxl.java.junit.TestSuiteExecution.executionResult(TestSuiteExecution.java:97)
	at xxl.java.junit.TestSuiteExecution.runTestCase(TestSuiteExecution.java:36)
	at xxl.java.junit.TestSuiteExecution.runTestCases(TestSuiteExecution.java:81)
	at fr.inria.lille.repair.nopol.synth.ConstraintModelBuilder.buildFor(ConstraintModelBuilder.java:78)
	at fr.inria.lille.repair.nopol.synth.DefaultSynthesizer.buildPatch(DefaultSynthesizer.java:67)
	at fr.inria.lille.repair.nopol.NoPol.solveWithMultipleBuild(NoPol.java:185)
	at fr.inria.lille.repair.nopol.NoPol.build(NoPol.java:119)
	at fr.inria.lille.repair.nopol.NoPol.build(NoPol.java:89)
	at fr.inria.lille.repair.nopol.NoPolLauncher.launch(NoPolLauncher.java:84)
	at fr.inria.lille.repair.Main.main(Main.java:61)
Caused by: java.util.concurrent.TimeoutException
	at java.util.concurrent.FutureTask.get(FutureTask.java:201)
	at xxl.java.junit.TestSuiteExecution.executionResult(TestSuiteExecution.java:90)
	... 9 more
Exception in thread "main" java.lang.OutOfMemoryError: Java heap space
	at java.util.zip.ZipCoder.toString(ZipCoder.java:49)
	at java.util.zip.ZipFile.getZipEntry(ZipFile.java:531)
	at java.util.zip.ZipFile.access$900(ZipFile.java:56)
	at java.util.zip.ZipFile$1.nextElement(ZipFile.java:513)
	at java.util.zip.ZipFile$1.nextElement(ZipFile.java:483)
	at org.eclipse.jdt.internal.compiler.batch.ClasspathJar.isPackage(ClasspathJar.java:179)
	at org.eclipse.jdt.internal.compiler.batch.ClasspathJar.findClass(ClasspathJar.java:101)
	at org.eclipse.jdt.internal.compiler.batch.FileSystem.internalFindClass(FileSystem.java:291)
	at org.eclipse.jdt.internal.compiler.batch.FileSystem.findClass(FileSystem.java:262)
	at org.eclipse.jdt.internal.compiler.batch.FileSystem.findType(FileSystem.java:383)
	at org.eclipse.jdt.internal.compiler.lookup.LookupEnvironment.createPackage(LookupEnvironment.java:770)
	at org.eclipse.jdt.internal.compiler.lookup.CompilationUnitScope.buildTypeBindings(CompilationUnitScope.java:107)
	at org.eclipse.jdt.internal.compiler.lookup.LookupEnvironment.buildTypeBindings(LookupEnvironment.java:203)
	at org.eclipse.jdt.internal.compiler.Compiler.internalBeginToCompile(Compiler.java:814)
	at org.eclipse.jdt.internal.compiler.Compiler.beginToCompile(Compiler.java:385)
	at spoon.support.compiler.jdt.TreeBuilderCompiler.buildUnits(TreeBuilderCompiler.java:47)
	at spoon.support.compiler.jdt.JDTBatchCompiler.getUnits(JDTBatchCompiler.java:199)
	at spoon.support.compiler.jdt.JDTBasedSpoonCompiler.buildSources(JDTBasedSpoonCompiler.java:431)
	at spoon.support.compiler.jdt.JDTBasedSpoonCompiler.build(JDTBasedSpoonCompiler.java:124)
	at spoon.support.compiler.jdt.JDTBasedSpoonCompiler.build(JDTBasedSpoonCompiler.java:107)
	at fr.inria.lille.commons.spoon.util.SpoonModelLibrary.modelFor(SpoonModelLibrary.java:44)
	at fr.inria.lille.commons.spoon.SpoonedFile.<init>(SpoonedFile.java:50)
	at fr.inria.lille.commons.spoon.SpoonedClass.<init>(SpoonedClass.java:13)
	at fr.inria.lille.commons.spoon.SpoonedProject.forked(SpoonedProject.java:42)
	at fr.inria.lille.repair.nopol.synth.SynthesizerFactory.getFor(SynthesizerFactory.java:65)
	at fr.inria.lille.repair.nopol.NoPol.solveWithMultipleBuild(NoPol.java:164)
	at fr.inria.lille.repair.nopol.NoPol.build(NoPol.java:119)
	at fr.inria.lille.repair.nopol.NoPol.build(NoPol.java:89)
	at fr.inria.lille.repair.nopol.NoPolLauncher.launch(NoPolLauncher.java:84)
	at fr.inria.lille.repair.Main.main(Main.java:61)

real	38m46.255s
user	438m38.740s
sys	0m19.304s
