/tmp/time_14_BrutpolC
export PATH="/home/tdurieux/defects4j/framework/bin:$PATH";export JAVA_TOOL_OPTIONS=-Dfile.encoding=UTF8;export PATH="/usr/lib/jvm/java-1.7.0-openjdk-amd64/bin/:$PATH";cd /home/tdurieux/projects/time/time_14;defects4j compile;cp -r /home/tdurieux/projects/time/time_14 /tmp/time_14_BrutpolC;cd /tmp/time_14_BrutpolC;mkdir lib/;cp -r /home/tdurieux/defects4j/framework/projects/lib/* lib/;cp -r /home/tdurieux/defects4j/framework/projects/Time/lib/* lib/;find . -type f -name "package-info.java" -delete;
cd /tmp/time_14_BrutpolC;export JAVA_TOOL_OPTIONS=-Dfile.encoding=UTF8;export PATH="/usr/lib/jvm/java-1.7.0-openjdk-amd64/bin/:$PATH";TZ="America/New_York"; export TZ;cp -r /home/tdurieux/defects4j-repair/src/python/core/../../../libs/z3 lib/z3;time java -Xmx4096m -cp /home/tdurieux/defects4j-repair/src/python/core/../../..//libs/nopol.jar:/usr/lib/jvm/java-1.7.0-openjdk-amd64/bin//../lib/tools.jar fr.inria.lille.repair.Main --mode repair --type condition --oracle angelic --synthesis brutpol --solver z3 --solver-path /home/tdurieux/defects4j-repair/src/python/core/../../..//libs/z3/z3 --complianceLevel 5 --source src/main/java/ --classpath build/classes/:build/tests/:lib/joda-convert-1.2.jar:/home/tdurieux/defects4j-repair/src/python/core/../../..//libs/nopol.jar;echo "

Node: `hostname`
";echo "
Date: `date`
";rm -rf /tmp/time_14_BrutpolC;

Nb classes : 157
Nb methods : 2915
Nb statement executed by the passing tests of the patched line: 0
Nb statement executed by the failing tests of the patched line: 0
Nb statements: 10347
Nb unit tests : 11723
Nb Statements Analyzed : 7
Nb Statements with Angelic Value Found : 1
Nb run failing test  : [1]
Nb run passing test : [102]
NoPol Execution time : 51981ms
----PATCH FOUND----
org.joda.time.chrono.BasicMonthOfYearDateTimeField:210: CONDITIONAL partial.getValue((int) 1) <= this.iMax


Node: grisou-48.nancy.grid5000.fr


Date: Mon May  9 02:47:21 EDT 2016


