export PATH="/home/tdurieux/defects4j/framework/bin:$PATH";export JAVA_TOOL_OPTIONS=-Dfile.encoding=UTF8;export PATH="/usr/lib/jvm/java-1.7.0-openjdk-amd64/bin/:$PATH";cp -r /home/tdurieux/projects/math/math_16 /tmp/math_16_Genprog;cd /tmp/math_16_Genprog;defects4j compile;mkdir lib/;cp -r /home/tdurieux/defects4j/framework/projects/lib/* lib/;cp -r /home/tdurieux/defects4j/framework/projects/Math/lib/* lib/;find . -type f -name "package-info.java" -delete;
/home/tdurieux/defects4j-repair/src/python/core/../../../results/2015-august/Math/16/Genprog/result
cd /tmp/math_16_Genprog;export JAVA_TOOL_OPTIONS=-Dfile.encoding=UTF8;TZ="America/New_York"; export TZexport PATH="/usr/lib/jvm/java-1.7.0-openjdk-amd64/bin/:$PATH";time java  -cp /home/tdurieux/defects4j-repair/src/python/core/../../..//libs/astor.jar fr.inria.main.evolution.MainjGenProg -mode statement -location . -dependencies lib/ -failing org.apache.commons.math3.util.FastMathTest:org.apache.commons.math3.util.FastMathTest: -package org.apache.commons -jvm4testexecution /usr/lib/jvm/java-1.7.0-openjdk-amd64/bin/ -javacompliancelevel 5 -maxgen 1000000 -seed 10 -maxtime 60  -scope local  -stopfirst true -flthreshold 0.1 -population 1 -srcjavafolder src/main/java/ -srctestfolder src/test/java/ -binjavafolder target/classes/ -bintestfolder target/test-classes/;echo "

Node: `hostname`
";echo "
Date: `date`
";rm -rf /tmp/math_16_Genprog;

2015-08-24 22:47:50,856 INFO main - End Repair Loops: NOT Found solution
2015-08-24 22:47:50,856 INFO main - 
Number solutions:0
2015-08-24 22:47:50,856 INFO main - 
All variants:
2015-08-24 22:47:50,856 INFO main - f 4.0, [Variant id: 659, #gens: 87, #ops: 0, parent:-]
2015-08-24 22:47:50,856 INFO main - --Space: LOCAL
org.apache.commons.math3.random.MersenneTwister=70|,org.apache.commons.math3.util.FastMath=1526|,org.apache.commons.math3.dfp.Dfp=1081|,org.apache.commons.math3.dfp.DfpField=162|,
2015-08-24 22:47:50,856 INFO main - 
----stats: 
2015-08-24 22:47:50,856 INFO main - 
spaces navigation: [127]: {(CtReturnImpl| size: 241| notcompiles| LOCAL| REPLACE) =1, (CtReturnImpl| size: 1526| notcompiles| LOCAL| INSERT_AFTER) =14, (CtIfImpl| size: 1526| compiles| LOCAL| INSERT_BEFORE) =3, (CtIfImpl| size: 1081| notcompiles| LOCAL| INSERT_AFTER) =4, (CtSwitchImpl| size: 1081| compiles| LOCAL| INSERT_BEFORE) =1, (CtAssignmentImpl| size: 25| notcompiles| LOCAL| REPLACE) =14, (CtIfImpl| size: 246| compiles| LOCAL| REPLACE) =5, (CtForImpl| size: 162| compiles| LOCAL| INSERT_AFTER) =2, (CtUnaryOperatorImpl| size: 3| alreadyanalyzed| LOCAL| REPLACE) =12, (CtAssignmentImpl| size: 70| notcompiles| LOCAL| INSERT_AFTER) =4, (CtForImpl| size: 5| alreadyanalyzed| LOCAL| REPLACE) =12, (CtReturnImpl| size: 162| alreadyanalyzed| LOCAL| INSERT_BEFORE) =2, (CtIfImpl| size: 1081| compiles| LOCAL| INSERT_AFTER) =5, (CtAssignmentImpl| size: 67| compiles| LOCAL| REPLACE) =5, (CtInvocationImpl| size: 1081| notcompiles| LOCAL| INSERT_BEFORE) =7, (CtInvocationImpl| size: 70| notcompiles| LOCAL| INSERT_AFTER) =8, (CtLocalVariableImpl| size: 33| compiles| LOCAL| REPLACE) =5, (CtInvocationImpl| size: 1081| compiles| LOCAL| INSERT_BEFORE) =3, (CtReturnImpl| size: 151| notcompiles| LOCAL| REPLACE) =1, (CtAssignmentImpl| size: 162| notcompiles| LOCAL| INSERT_BEFORE) =6, (CtReturnImpl| size: 1081| notcompiles| LOCAL| INSERT_AFTER) =6, (CtUnaryOperatorImpl| size: 162| notcompiles| LOCAL| INSERT_AFTER) =1, (CtBreakImpl| size: 162| compiles| LOCAL| INSERT_AFTER) =2, (CtIfImpl| size: 70| notcompiles| LOCAL| INSERT_BEFORE) =1, (CtUnaryOperatorImpl| size: 70| notcompiles| LOCAL| INSERT_BEFORE) =2, (CtForImpl| size: 1081| compiles| LOCAL| INSERT_BEFORE) =1, (CtLocalVariableImpl| size: 70| notcompiles| LOCAL| INSERT_AFTER) =4, (CtReturnImpl| size: 1081| compiles| LOCAL| INSERT_AFTER) =4, (CtLocalVariableImpl| size: 1081| notcompiles| LOCAL| INSERT_AFTER) =5, (CtInvocationImpl| size: 70| compiles| LOCAL| INSERT_AFTER) =6, (CtSwitchImpl| size: 5| alreadyanalyzed| LOCAL| REPLACE) =1, (CtAssignmentImpl| size: 70| alreadyanalyzed| LOCAL| INSERT_AFTER) =1, (CtReturnImpl| size: 241| alreadyanalyzed| LOCAL| REPLACE) =1, (CtOperatorAssignmentImpl| size: 162| compiles| LOCAL| INSERT_BEFORE) =2, (CtIfImpl| size: 70| compiles| LOCAL| INSERT_AFTER) =4, (CtLocalVariableImpl| size: 13| compiles| LOCAL| REPLACE) =6, (CtAssignmentImpl| size: 1081| notcompiles| LOCAL| INSERT_AFTER) =3, (CtForImpl| size: 36| notcompiles| LOCAL| REPLACE) =1, (CtUnaryOperatorImpl| size: 3| compiles| LOCAL| REPLACE) =2, (CtIfImpl| size: 162| compiles| LOCAL| INSERT_AFTER) =8, (CtOperatorAssignmentImpl| size: 162| notcompiles| LOCAL| INSERT_BEFORE) =2, (CtAssignmentImpl| size: 162| notcompiles| LOCAL| INSERT_AFTER) =1, (CtIfImpl| size: 5| alreadyanalyzed| LOCAL| REPLACE) =11, (CtReturnImpl| size: 1526| notcompiles| LOCAL| INSERT_BEFORE) =5, (CtUnaryOperatorImpl| size: 70| compiles| LOCAL| INSERT_AFTER) =1, (CtIfImpl| size: 162| notcompiles| LOCAL| INSERT_BEFORE) =4, (CtOperatorAssignmentImpl| size: 2| notcompiles| LOCAL| REPLACE) =1, (CtLocalVariableImpl| size: 1081| compiles| LOCAL| INSERT_BEFORE) =2, (CtReturnImpl| size: 241| compiles| LOCAL| REPLACE) =3, (CtInvocationImpl| size: 70| notcompiles| LOCAL| INSERT_BEFORE) =9, (CtInvocationImpl| size: 1081| compiles| LOCAL| INSERT_AFTER) =3, (CtLocalVariableImpl| size: 162| compiles| LOCAL| INSERT_AFTER) =5, (CtLocalVariableImpl| size: 133| compiles| LOCAL| REPLACE) =2, (CtInvocationImpl| size: 70| alreadyanalyzed| LOCAL| INSERT_AFTER) =1, (CtForImpl| size: 70| compiles| LOCAL| INSERT_AFTER) =1, (CtIfImpl| size: 1526| notcompiles| LOCAL| INSERT_AFTER) =26, (CtAssignmentImpl| size: 1081| alreadyanalyzed| LOCAL| INSERT_BEFORE) =1, (CtAssignmentImpl| size: 70| compiles| LOCAL| INSERT_AFTER) =10, (CtIfImpl| size: 10| compiles| LOCAL| REPLACE) =1, (CtForImpl| size: 36| alreadyanalyzed| LOCAL| REPLACE) =1, (CtInvocationImpl| size: 13| compiles| LOCAL| REPLACE) =4, (CtInvocationImpl| size: 70| compiles| LOCAL| INSERT_BEFORE) =5, (CtReturnImpl| size: 151| compiles| LOCAL| REPLACE) =3, (CtLocalVariableImpl| size: 13| alreadyanalyzed| LOCAL| REPLACE) =1, (CtIfImpl| size: 207| compiles| LOCAL| REPLACE) =2, (CtAssignmentImpl| size: 162| compiles| LOCAL| INSERT_BEFORE) =11, (CtAssignmentImpl| size: 1081| compiles| LOCAL| INSERT_AFTER) =5, (CtLocalVariableImpl| size: 70| compiles| LOCAL| INSERT_BEFORE) =10, (CtLocalVariableImpl| size: 1081| compiles| LOCAL| INSERT_AFTER) =4, (CtUnaryOperatorImpl| size: 70| compiles| LOCAL| INSERT_BEFORE) =4, (CtIfImpl| size: 10| alreadyanalyzed| LOCAL| REPLACE) =32, (CtForImpl| size: 5| compiles| LOCAL| REPLACE) =1, (CtOperatorAssignmentImpl| size: 162| compiles| LOCAL| INSERT_AFTER) =1, (CtIfImpl| size: 1526| notcompiles| LOCAL| INSERT_BEFORE) =1, (CtAssignmentImpl| size: 67| notcompiles| LOCAL| REPLACE) =3, (CtIfImpl| size: 10| notcompiles| LOCAL| REPLACE) =18, (CtBreakImpl| size: 1081| compiles| LOCAL| INSERT_AFTER) =1, (CtIfImpl| size: 1526| compiles| LOCAL| INSERT_AFTER) =6, (CtReturnImpl| size: 33| compiles| LOCAL| REPLACE) =3, (CtReturnImpl| size: 162| compiles| LOCAL| INSERT_BEFORE) =4, (CtForImpl| size: 5| notcompiles| LOCAL| REPLACE) =7, (CtForImpl| size: 70| notcompiles| LOCAL| INSERT_AFTER) =1, (CtIfImpl| size: 5| compiles| LOCAL| REPLACE) =3, (CtBreakImpl| size: 39| alreadyanalyzed| LOCAL| REPLACE) =39, (CtReturnImpl| size: 1526| compiles| LOCAL| INSERT_BEFORE) =3, (CtForImpl| size: 70| notcompiles| LOCAL| INSERT_BEFORE) =3, (CtInvocationImpl| size: 13| notcompiles| LOCAL| REPLACE) =1, (CtForImpl| size: 70| compiles| LOCAL| INSERT_BEFORE) =3, (CtOperatorAssignmentImpl| size: 162| notcompiles| LOCAL| INSERT_AFTER) =1, (CtSwitchImpl| size: 5| compiles| LOCAL| REPLACE) =1, (CtAssignmentImpl| size: 25| compiles| LOCAL| REPLACE) =14, (CtReturnImpl| size: 162| notcompiles| LOCAL| INSERT_BEFORE) =6, (CtLocalVariableImpl| size: 162| compiles| LOCAL| INSERT_BEFORE) =6, (CtIfImpl| size: 162| notcompiles| LOCAL| INSERT_AFTER) =1, (CtForImpl| size: 162| compiles| LOCAL| INSERT_BEFORE) =3, (CtIfImpl| size: 162| compiles| LOCAL| INSERT_BEFORE) =5, (CtIfImpl| size: 1081| compiles| LOCAL| INSERT_BEFORE) =6, (CtAssignmentImpl| size: 1081| notcompiles| LOCAL| INSERT_BEFORE) =1, (CtLocalVariableImpl| size: 162| notcompiles| LOCAL| INSERT_BEFORE) =4, (CtUnaryOperatorImpl| size: 162| compiles| LOCAL| INSERT_AFTER) =1, (CtLocalVariableImpl| size: 70| notcompiles| LOCAL| INSERT_BEFORE) =6, (CtIfImpl| size: 1081| notcompiles| LOCAL| INSERT_BEFORE) =8, (CtReturnImpl| size: 33| notcompiles| LOCAL| REPLACE) =2, (CtUnaryOperatorImpl| size: 162| compiles| LOCAL| INSERT_BEFORE) =2, (CtInvocationImpl| size: 13| alreadyanalyzed| LOCAL| REPLACE) =3, (CtAssignmentImpl| size: 162| alreadyanalyzed| LOCAL| INSERT_BEFORE) =2, (CtInvocationImpl| size: 93| compiles| LOCAL| REPLACE) =1, (CtIfImpl| size: 70| compiles| LOCAL| INSERT_BEFORE) =5, (CtIfImpl| size: 5| notcompiles| LOCAL| REPLACE) =1, (CtAssignmentImpl| size: 1081| compiles| LOCAL| INSERT_BEFORE) =5, (CtOperatorAssignmentImpl| size: 2| alreadyanalyzed| LOCAL| REPLACE) =7, (CtAssignmentImpl| size: 70| notcompiles| LOCAL| INSERT_BEFORE) =3, (CtInvocationImpl| size: 1081| notcompiles| LOCAL| INSERT_AFTER) =7, (CtAssignmentImpl| size: 162| compiles| LOCAL| INSERT_AFTER) =8, (CtLocalVariableImpl| size: 70| alreadyanalyzed| LOCAL| INSERT_BEFORE) =3, (CtForImpl| size: 162| notcompiles| LOCAL| INSERT_BEFORE) =3, (CtAssignmentImpl| size: 70| compiles| LOCAL| INSERT_BEFORE) =11, (CtIfImpl| size: 246| notcompiles| LOCAL| REPLACE) =12, (CtLocalVariableImpl| size: 70| alreadyanalyzed| LOCAL| INSERT_AFTER) =1, (CtLocalVariableImpl| size: 70| compiles| LOCAL| INSERT_AFTER) =4, (CtReturnImpl| size: 1526| compiles| LOCAL| INSERT_AFTER) =5, (CtIfImpl| size: 70| notcompiles| LOCAL| INSERT_AFTER) =1, (CtIfImpl| size: 207| notcompiles| LOCAL| REPLACE) =9, (CtAssignmentImpl| size: 25| alreadyanalyzed| LOCAL| REPLACE) =16, (CtReturnImpl| size: 151| alreadyanalyzed| LOCAL| REPLACE) =1, (CtAssignmentImpl| size: 358| compiles| LOCAL| REPLACE) =2, (CtForImpl| size: 36| compiles| LOCAL| REPLACE) =1}
#gen: 329
#patches: 0
#RightCompilation: 169
#WrongCompilation: 160
#FailingTestCaseExecution: 170
#RegressionTestExecution: 0
#TestcasesExecutedval1: 15180
#TestcasesExecutedval2: 0
#FailingTestCase: 92
#RegressionTestCases: 0
#OfAppliedOp: 329
#NotAppliedOp: 0
#InmutatedGen: 17
#unfinishValidation: 0
#ing {CtLocalVariableImpl=56, CtForImpl=22, CtSwitchImpl=4, CtReturnImpl=36, CtAssignmentImpl=99, CtOperatorAssignmentImpl=7, CtInvocationImpl=28, CtBreakImpl=4, CtIfImpl=75, CtUnaryOperatorImpl=15}
#untilcompile {1=122, 2=55, 3=30, 4=19, 5=7, 6=5, 7=4, 40=1, 10=3, 11=1, 12=2, 13=2}
2015-08-24 22:47:50,857 INFO main - Time Evolution(ms): 3667972
2015-08-24 22:47:50,857 INFO fr.inria.main.AbstractMain - Time Total(ms): 4324807


Node: griffon-5.nancy.grid5000.fr


Date: Tue Aug 25 00:47:51 CEST 2015


