Running ant (compile)...................................................... OK
Running ant (compile.tests)................................................ OK
mkdir: cannot create directory ‘lib/’: File exists
cp: cannot stat ‘/home/tdurieux/defects4j/framework/projects/Closure/lib/*’: No such file or directory
Picked up JAVA_TOOL_OPTIONS: -Dfile.encoding=UTF8
Exception in thread "main" java.lang.OutOfMemoryError: Java heap space
	at java.util.Arrays.copyOf(Arrays.java:2367)
	at java.lang.AbstractStringBuilder.expandCapacity(AbstractStringBuilder.java:130)
	at java.lang.AbstractStringBuilder.ensureCapacityInternal(AbstractStringBuilder.java:114)
	at java.lang.AbstractStringBuilder.append(AbstractStringBuilder.java:415)
	at java.lang.StringBuilder.append(StringBuilder.java:132)
	at fr.inria.lille.spirals.repair.expressionV2.combination.binary.BinaryExpressionImpl.asPatch(BinaryExpressionImpl.java:289)
	at fr.inria.lille.spirals.repair.expressionV2.combination.binary.BinaryExpressionImpl.toString(BinaryExpressionImpl.java:263)
	at fr.inria.lille.spirals.repair.synthesizer.SynthesizerImpl.checkExpression(SynthesizerImpl.java:556)
	at fr.inria.lille.spirals.repair.synthesizer.SynthesizerImpl.access$100(SynthesizerImpl.java:33)
	at fr.inria.lille.spirals.repair.synthesizer.SynthesizerImpl$2.check(SynthesizerImpl.java:528)
	at fr.inria.lille.spirals.repair.synthesizer.collect.DataCombiner.callListener(DataCombiner.java:325)
	at fr.inria.lille.spirals.repair.synthesizer.collect.DataCombiner.newCombiner(DataCombiner.java:137)
	at fr.inria.lille.spirals.repair.synthesizer.collect.DataCombiner.combine(DataCombiner.java:52)
	at fr.inria.lille.spirals.repair.synthesizer.SynthesizerImpl.combineValues(SynthesizerImpl.java:538)
	at fr.inria.lille.spirals.repair.synthesizer.SynthesizerImpl.run(SynthesizerImpl.java:156)
	at fr.inria.lille.repair.nopol.synth.brutpol.BrutSynthesizer.buildPatch(BrutSynthesizer.java:141)
	at fr.inria.lille.repair.nopol.NoPol.solveWithMultipleBuild(NoPol.java:185)
	at fr.inria.lille.repair.nopol.NoPol.build(NoPol.java:119)
	at fr.inria.lille.repair.nopol.NoPol.build(NoPol.java:89)
	at fr.inria.lille.repair.nopol.NoPolLauncher.launch(NoPolLauncher.java:84)
	at fr.inria.lille.repair.Main.main(Main.java:61)

real	24m50.869s
user	159m2.896s
sys	0m29.624s
