/tmp/closure_106_NopolC
export PATH="/home/tdurieux/defects4j/framework/bin:$PATH";export JAVA_TOOL_OPTIONS=-Dfile.encoding=UTF8;export PATH="/usr/lib/jvm/java-1.7.0-openjdk-amd64/bin/:$PATH";cd /home/tdurieux/projects/closure/closure_106;defects4j compile;cp -r /home/tdurieux/projects/closure/closure_106 /tmp/closure_106_NopolC;cd /tmp/closure_106_NopolC;mkdir lib/;cp -r /home/tdurieux/defects4j/framework/projects/lib/* lib/;cp -r /home/tdurieux/defects4j/framework/projects/Closure/lib/* lib/;find . -type f -name "package-info.java" -delete;
cd /tmp/closure_106_NopolC;export JAVA_TOOL_OPTIONS=-Dfile.encoding=UTF8;TZ="America/New_York"; export TZexport PATH="/usr/lib/jvm/java-1.7.0-openjdk-amd64/bin/:$PATH";cp -r /home/tdurieux/defects4j-repair/src/python/core/../../../libs/z3 lib/z3;time java -Xmx4096m -cp /home/tdurieux/defects4j-repair/src/python/core/../../..//libs/nopol.jar:/usr/lib/jvm/java-1.7.0-openjdk-amd64/bin//../lib/tools.jar fr.inria.lille.repair.Main --mode repair --type condition --oracle angelic --synthesis smt --solver z3 --solver-path /home/tdurieux/defects4j-repair/src/python/core/../../..//libs/z3/z3 --complianceLevel 7 --source /tmp/closure_106_NopolC/src/ --classpath /tmp/closure_106_NopolC/build/classes:/tmp/closure_106_NopolC/build/test:/tmp/closure_106_NopolC/lib/junit.jar:/tmp/closure_106_NopolC/lib/google_common_deploy.jar:/tmp/closure_106_NopolC/lib/libtrunk_rhino_parser_jarjared.jar:/tmp/closure_106_NopolC/lib/google_compiled_protos_deploy.jar:/home/tdurieux/defects4j-repair/src/python/core/../../..//libs/nopol.jar;echo "

Node: `hostname`
";echo "
Date: `date`
";rm -rf /tmp/closure_106_NopolC;

Nb classes : 300
Nb methods : 3131
Nb statements: 1442
Nb unit tests : 2595
Nb Statements Analyzed : 0
Nb Statements with Angelic Value Found : 0
Nb inputs in SMT : 0
Nb SMT level: 0
Nb variables in SMT : 0
Nb run failing test  : []
Nb run passing test : []
NoPol Execution time : 21028ms


Node: grisou-15.nancy.grid5000.fr


Date: Mon May 16 23:55:22 CEST 2016


