export PATH="/home/tdurieux/defects4j/framework/bin:$PATH";export JAVA_TOOL_OPTIONS=-Dfile.encoding=UTF8;export PATH="/usr/lib/jvm/java-1.7.0-openjdk-amd64/bin/:$PATH";cp -r /home/tdurieux/projects/chart/chart_24 /tmp/chart_24_Genprog;cd /tmp/chart_24_Genprog;defects4j compile;mkdir lib/;cp -r /home/tdurieux/defects4j/framework/projects/lib/* lib/;cp -r /home/tdurieux/defects4j/framework/projects/Chart/lib/* lib/;find . -type f -name "package-info.java" -delete;
/home/tdurieux/defects4j-repair/src/python/core/../../../results/2015-august/Chart/24/Genprog/result
cd /tmp/chart_24_Genprog;export JAVA_TOOL_OPTIONS=-Dfile.encoding=UTF8;TZ="America/New_York"; export TZexport PATH="/usr/lib/jvm/java-1.7.0-openjdk-amd64/bin/:$PATH";time java  -cp /home/tdurieux/defects4j-repair/src/python/core/../../..//libs/astor.jar fr.inria.main.evolution.MainjGenProg -mode statement -location . -dependencies lib/ -failing org.jfree.chart.renderer.junit.GrayPaintScaleTests: -package org.jfree -jvm4testexecution /usr/lib/jvm/java-1.7.0-openjdk-amd64/bin/ -javacompliancelevel 4 -maxgen 1000000 -seed 10 -maxtime 60  -scope local  -stopfirst true -flthreshold 0.1 -population 1 -srcjavafolder source/ -srctestfolder tests/ -binjavafolder build/ -bintestfolder build-tests/;echo "

Node: `hostname`
";echo "
Date: `date`
";rm -rf /tmp/chart_24_Genprog;

2015-08-25 00:31:20,194 INFO main - End Repair Loops: NOT Found solution
2015-08-25 00:31:20,194 INFO main - 
Number solutions:0
2015-08-25 00:31:20,194 INFO main - 
All variants:
2015-08-25 00:31:20,194 INFO main - f 1.0, [Variant id: 106071, #gens: 4, #ops: 0, parent:-]
2015-08-25 00:31:20,194 INFO main - --Space: LOCAL
org.jfree.chart.renderer.GrayPaintScale=24|,
2015-08-25 00:31:20,194 INFO main - 
----stats: 
2015-08-25 00:31:20,194 INFO main - 
spaces navigation: [25]: {(CtReturnImpl| size: 24| compiles| LOCAL| INSERT_BEFORE) =16, (CtAssignmentImpl| size: 24| alreadyanalyzed| LOCAL| INSERT_AFTER) =222032, (CtLocalVariableImpl| size: 24| alreadyanalyzed| LOCAL| INSERT_AFTER) =434436, (CtLocalVariableImpl| size: 24| notcompiles| LOCAL| INSERT_AFTER) =11, (CtAssignmentImpl| size: 24| notcompiles| LOCAL| INSERT_AFTER) =5, (CtReturnImpl| size: 9| compiles| LOCAL| REPLACE) =4, (CtAssignmentImpl| size: 24| compiles| LOCAL| INSERT_AFTER) =15, (CtAssignmentImpl| size: 3| alreadyanalyzed| LOCAL| REPLACE) =26813, (CtReturnImpl| size: 24| notcompiles| LOCAL| INSERT_BEFORE) =4, (CtAssignmentImpl| size: 3| compiles| LOCAL| REPLACE) =2, (CtReturnImpl| size: 9| notcompiles| LOCAL| REPLACE) =1, (CtLocalVariableImpl| size: 3| compiles| LOCAL| REPLACE) =4, (CtAssignmentImpl| size: 24| notcompiles| LOCAL| INSERT_BEFORE) =5, (CtLocalVariableImpl| size: 24| notcompiles| LOCAL| INSERT_BEFORE) =11, (CtReturnImpl| size: 24| alreadyanalyzed| LOCAL| INSERT_AFTER) =214947, (CtReturnImpl| size: 24| alreadyanalyzed| LOCAL| INSERT_BEFORE) =218945, (CtLocalVariableImpl| size: 3| alreadyanalyzed| LOCAL| REPLACE) =54196, (CtLocalVariableImpl| size: 24| compiles| LOCAL| INSERT_BEFORE) =29, (CtReturnImpl| size: 24| compiles| LOCAL| INSERT_AFTER) =16, (CtLocalVariableImpl| size: 24| alreadyanalyzed| LOCAL| INSERT_BEFORE) =431057, (CtLocalVariableImpl| size: 24| compiles| LOCAL| INSERT_AFTER) =29, (CtAssignmentImpl| size: 24| alreadyanalyzed| LOCAL| INSERT_BEFORE) =216905, (CtReturnImpl| size: 9| alreadyanalyzed| LOCAL| REPLACE) =81658, (CtReturnImpl| size: 24| notcompiles| LOCAL| INSERT_AFTER) =4, (CtAssignmentImpl| size: 24| compiles| LOCAL| INSERT_BEFORE) =15}
#gen: 53035
#patches: 0
#RightCompilation: 8917
#WrongCompilation: 27391
#FailingTestCaseExecution: 8918
#RegressionTestExecution: 0
#TestcasesExecutedval1: 44590
#TestcasesExecutedval2: 0
#FailingTestCase: 5
#RegressionTestCases: 0
#OfAppliedOp: 36308
#NotAppliedOp: 0
#InmutatedGen: 108491
#unfinishValidation: 0
#ing {CtLocalVariableImpl=72485, CtAssignmentImpl=36137, CtReturnImpl=36177}
#untilcompile {1=36, 2=18, 3=2457, 4=15, 5=12, 6=370, 7=3, 8=3, 9=895, 10=3, 11=1, 72=1617, 12=420, 13=1, 14=1, 75=4948, 15=156, 17=2, 16=1, 18=232, 81=1732, 24=6651, 27=2506, 26=1, 28=2, 30=610, 35=2, 33=1196, 39=1237, 36=607, 96=3302, 37=3, 42=2, 40=1, 51=1894, 50=1, 48=3313, 54=2506, 57=651, 60=2386}
2015-08-25 00:31:20,195 INFO main - Time Evolution(ms): 3660002
2015-08-25 00:31:20,195 INFO fr.inria.main.AbstractMain - Time Total(ms): 3693960


Node: graphene-39.nancy.grid5000.fr


Date: Tue Aug 25 02:31:20 CEST 2015


