cd /tmp/chart_13_Brutpol;export JAVA_TOOL_OPTIONS=-Dfile.encoding=UTF8;TZ="America/New_York"; export TZexport PATH="/usr/lib/jvm/java-1.7.0-openjdk-amd64/bin/:$PATH";cp -r /home/tdurieux/dynamoth-experiments/src/python/core/../../../libs/z3 lib/z3;time java -d64 -Xmx4g -Xms1g -XX:MaxPermSize=1024m -XX:+UseConcMarkSweepGC -XX:+CMSPermGenSweepingEnabled -XX:+CMSClassUnloadingEnabled -cp /home/tdurieux/dynamoth-experiments/src/python/core/../../..//libs/nopol.jar:/usr/lib/jvm/java-1.7.0-openjdk-amd64/bin//../lib/tools.jar fr.inria.lille.repair.Main --flocal gzoltar  --maxTime 300  --json  --mode repair --type pre_then_cond --oracle angelic --synthesis dynamoth --solver z3 --solver-path /home/tdurieux/dynamoth-experiments/src/python/core/../../..//libs/z3/z3 --complianceLevel 4 --source /tmp/chart_13_Brutpol/source/ --classpath /tmp/chart_13_Brutpol/build/:/tmp/chart_13_Brutpol/build-tests/:/tmp/chart_13_Brutpol/lib/cobertura-lib/servlet-api-2.5-6.1.14.jar:/tmp/chart_13_Brutpol/lib/servlet.jar:/home/tdurieux/dynamoth-experiments/src/python/core/../../..//libs/nopol.jar;echo "

Node: `hostname`
";echo "
Date: `date`
";

04:11:04.078 [pool-2-thread-1] INFO  fr.inria.lille.repair.nopol.NoPol - Nb classes : 580
04:11:04.078 [pool-2-thread-1] INFO  fr.inria.lille.repair.nopol.NoPol - Nb methods : 6277
04:11:04.079 [pool-2-thread-1] INFO  fr.inria.lille.repair.nopol.NoPol - Nb Statements Analyzed : 23
04:11:04.079 [pool-2-thread-1] INFO  fr.inria.lille.repair.nopol.NoPol - Nb Statements with Angelic Value Found : 1
04:11:04.079 [pool-2-thread-1] INFO  fr.inria.lille.repair.nopol.NoPol - NoPol Execution time : 66533ms
04:11:04.079 [pool-2-thread-1] INFO  fr.inria.lille.repair.nopol.NoPol - ----PATCH FOUND----
04:11:04.079 [pool-2-thread-1] INFO  fr.inria.lille.repair.nopol.NoPol - this.equals((java.lang.Object) container)
04:11:04.285 [pool-2-thread-1] INFO  fr.inria.lille.repair.nopol.NoPol - Nb test that executes the patch: 2
04:11:04.285 [pool-2-thread-1] INFO  fr.inria.lille.repair.nopol.NoPol - org.jfree.chart.block.BorderArrangement:453: PRECONDITION
04:11:04.321 [pool-2-thread-1] INFO  fr.inria.lille.repair.nopol.NoPol - --- /tmp/chart_13_Brutpol/source/org/jfree/chart/block/BorderArrangement.java
+++ /tmp/chart_13_Brutpol/source/org/jfree/chart/block/BorderArrangement.java
@@ -452,9 +452,11 @@
         h[3] = h[2];
-        if (this.rightBlock != null) {
-            RectangleConstraint c4 = new RectangleConstraint(0.0,
-                    new Range(0.0, constraint.getWidth() - w[2]),
-                    LengthConstraintType.RANGE, h[2], null,
-                    LengthConstraintType.FIXED);
-            Size2D size = this.rightBlock.arrange(g2, c4);
-            w[3] = size.width;
+        if (this.equals((java.lang.Object) container)) {
+            if (this.rightBlock != null) {
+                RectangleConstraint c4 = new RectangleConstraint(0.0,
+                new Range(0.0, constraint.getWidth() - w[2]),
+                LengthConstraintType.RANGE, h[2], null,
+                LengthConstraintType.FIXED);
+                Size2D size = this.rightBlock.arrange(g2, c4);
+                w[3] = size.width;
+            }
         }



Node: griffon-19.nancy.grid5000.fr


Date: Sun Mar  5 05:11:04 CET 2017


