export PATH="/home/tdurieux/defects4j/framework/bin:$PATH";export JAVA_TOOL_OPTIONS=-Dfile.encoding=UTF8;export PATH="/usr/lib/jvm/java-1.7.0-openjdk-amd64/bin/:$PATH";cp -r /home/tdurieux/projects/chart/chart_23 /tmp/chart_23_Genprog;cd /tmp/chart_23_Genprog;defects4j compile;mkdir lib/;cp -r /home/tdurieux/defects4j/framework/projects/lib/* lib/;cp -r /home/tdurieux/defects4j/framework/projects/Chart/lib/* lib/;find . -type f -name "package-info.java" -delete;
/home/tdurieux/defects4j-repair/src/python/core/../../../results/2015-august/Chart/23/Genprog/result
cd /tmp/chart_23_Genprog;export JAVA_TOOL_OPTIONS=-Dfile.encoding=UTF8;TZ="America/New_York"; export TZexport PATH="/usr/lib/jvm/java-1.7.0-openjdk-amd64/bin/:$PATH";time java  -cp /home/tdurieux/defects4j-repair/src/python/core/../../..//libs/astor.jar fr.inria.main.evolution.MainjGenProg -mode statement -location . -dependencies lib/ -failing org.jfree.chart.renderer.category.junit.MinMaxCategoryRendererTests: -package org.jfree -jvm4testexecution /usr/lib/jvm/java-1.7.0-openjdk-amd64/bin/ -javacompliancelevel 4 -maxgen 1000000 -seed 10 -maxtime 60  -scope local  -stopfirst true -flthreshold 0.1 -population 1 -srcjavafolder source/ -srctestfolder tests/ -binjavafolder build/ -bintestfolder build-tests/;echo "

Node: `hostname`
";echo "
Date: `date`
";rm -rf /tmp/chart_23_Genprog;

2015-08-25 00:31:53,028 INFO main - End Repair Loops: NOT Found solution
2015-08-25 00:31:53,028 INFO main - 
Number solutions:0
2015-08-25 00:31:53,028 INFO main - 
All variants:
2015-08-25 00:31:53,028 INFO main - f 1.0, [Variant id: 17175, #gens: 40, #ops: 0, parent:-]
2015-08-25 00:31:53,028 INFO main - --Space: LOCAL
org.jfree.chart.renderer.category.MinMaxCategoryRenderer=121|,org.jfree.chart.renderer.category.AbstractCategoryItemRenderer=442|,
2015-08-25 00:31:53,028 INFO main - 
----stats: 
2015-08-25 00:31:53,028 INFO main - 
spaces navigation: [78]: {(CtInvocationImpl| size: 121| alreadyanalyzed| LOCAL| INSERT_AFTER) =46674, (CtLocalVariableImpl| size: 24| alreadyanalyzed| LOCAL| REPLACE) =28100, (CtInvocationImpl| size: 38| compiles| LOCAL| REPLACE) =1, (CtReturnImpl| size: 121| notcompiles| LOCAL| INSERT_AFTER) =116, (CtInvocationImpl| size: 121| compiles| LOCAL| INSERT_AFTER) =36, (CtReturnImpl| size: 442| alreadyanalyzed| LOCAL| INSERT_BEFORE) =36, (CtIfImpl| size: 442| compiles| LOCAL| INSERT_AFTER) =674, (CtLocalVariableImpl| size: 442| alreadyanalyzed| LOCAL| INSERT_BEFORE) =38, (CtLocalVariableImpl| size: 121| notcompiles| LOCAL| INSERT_BEFORE) =178, (CtIfImpl| size: 95| compiles| LOCAL| REPLACE) =364, (CtUnaryOperatorImpl| size: 442| alreadyanalyzed| LOCAL| INSERT_AFTER) =459, (CtUnaryOperatorImpl| size: 442| compiles| LOCAL| INSERT_AFTER) =611, (CtLocalVariableImpl| size: 121| notcompiles| LOCAL| INSERT_AFTER) =176, (CtIfImpl| size: 442| alreadyanalyzed| LOCAL| INSERT_BEFORE) =504, (CtInvocationImpl| size: 121| notcompiles| LOCAL| INSERT_AFTER) =60, (CtReturnImpl| size: 12| compiles| LOCAL| REPLACE) =19, (CtLocalVariableImpl| size: 442| notcompiles| LOCAL| INSERT_AFTER) =51, (CtUnaryOperatorImpl| size: 16| notcompiles| LOCAL| REPLACE) =36, (CtLocalVariableImpl| size: 442| compiles| LOCAL| INSERT_BEFORE) =55, (CtIfImpl| size: 23| notcompiles| LOCAL| REPLACE) =19, (CtUnaryOperatorImpl| size: 442| alreadyanalyzed| LOCAL| INSERT_BEFORE) =410, (CtIfImpl| size: 121| notcompiles| LOCAL| INSERT_AFTER) =60, (CtIfImpl| size: 442| compiles| LOCAL| INSERT_BEFORE) =677, (CtReturnImpl| size: 442| alreadyanalyzed| LOCAL| INSERT_AFTER) =24, (CtUnaryOperatorImpl| size: 16| alreadyanalyzed| LOCAL| REPLACE) =8004, (CtIfImpl| size: 95| alreadyanalyzed| LOCAL| REPLACE) =32691, (CtInvocationImpl| size: 121| notcompiles| LOCAL| INSERT_BEFORE) =60, (CtIfImpl| size: 121| notcompiles| LOCAL| INSERT_BEFORE) =60, (CtLocalVariableImpl| size: 442| alreadyanalyzed| LOCAL| INSERT_AFTER) =41, (CtReturnImpl| size: 442| compiles| LOCAL| INSERT_AFTER) =41, (CtUnaryOperatorImpl| size: 16| compiles| LOCAL| REPLACE) =132, (CtLocalVariableImpl| size: 442| notcompiles| LOCAL| INSERT_BEFORE) =66, (CtIfImpl| size: 442| notcompiles| LOCAL| INSERT_AFTER) =713, (CtLocalVariableImpl| size: 121| compiles| LOCAL| INSERT_AFTER) =112, (CtReturnImpl| size: 121| compiles| LOCAL| INSERT_BEFORE) =78, (CtAssignmentImpl| size: 121| alreadyanalyzed| LOCAL| INSERT_BEFORE) =48016, (CtAssignmentImpl| size: 121| notcompiles| LOCAL| INSERT_AFTER) =60, (CtReturnImpl| size: 50| notcompiles| LOCAL| REPLACE) =12, (CtReturnImpl| size: 121| alreadyanalyzed| LOCAL| INSERT_BEFORE) =38730, (CtAssignmentImpl| size: 121| alreadyanalyzed| LOCAL| INSERT_AFTER) =48915, (CtLocalVariableImpl| size: 106| alreadyanalyzed| LOCAL| REPLACE) =29, (CtLocalVariableImpl| size: 121| alreadyanalyzed| LOCAL| INSERT_AFTER) =138965, (CtInvocationImpl| size: 38| notcompiles| LOCAL| REPLACE) =24, (CtAssignmentImpl| size: 20| compiles| LOCAL| REPLACE) =2, (CtReturnImpl| size: 442| notcompiles| LOCAL| INSERT_BEFORE) =62, (CtAssignmentImpl| size: 121| notcompiles| LOCAL| INSERT_BEFORE) =60, (CtReturnImpl| size: 121| notcompiles| LOCAL| INSERT_BEFORE) =116, (CtIfImpl| size: 121| alreadyanalyzed| LOCAL| INSERT_BEFORE) =44503, (CtInvocationImpl| size: 121| compiles| LOCAL| INSERT_BEFORE) =36, (CtIfImpl| size: 442| notcompiles| LOCAL| INSERT_BEFORE) =779, (CtReturnImpl| size: 442| compiles| LOCAL| INSERT_BEFORE) =62, (CtReturnImpl| size: 121| compiles| LOCAL| INSERT_AFTER) =78, (CtIfImpl| size: 95| notcompiles| LOCAL| REPLACE) =728, (CtAssignmentImpl| size: 20| alreadyanalyzed| LOCAL| REPLACE) =8051, (CtIfImpl| size: 442| alreadyanalyzed| LOCAL| INSERT_AFTER) =442, (CtReturnImpl| size: 50| alreadyanalyzed| LOCAL| REPLACE) =1936, (CtLocalVariableImpl| size: 442| compiles| LOCAL| INSERT_AFTER) =51, (CtIfImpl| size: 121| compiles| LOCAL| INSERT_AFTER) =36, (CtIfImpl| size: 23| compiles| LOCAL| REPLACE) =1, (CtAssignmentImpl| size: 20| notcompiles| LOCAL| REPLACE) =15, (CtIfImpl| size: 121| alreadyanalyzed| LOCAL| INSERT_AFTER) =45223, (CtReturnImpl| size: 442| notcompiles| LOCAL| INSERT_AFTER) =49, (CtAssignmentImpl| size: 121| compiles| LOCAL| INSERT_AFTER) =36, (CtLocalVariableImpl| size: 121| compiles| LOCAL| INSERT_BEFORE) =110, (CtAssignmentImpl| size: 121| compiles| LOCAL| INSERT_BEFORE) =36, (CtLocalVariableImpl| size: 106| compiles| LOCAL| REPLACE) =46, (CtUnaryOperatorImpl| size: 442| notcompiles| LOCAL| INSERT_BEFORE) =649, (CtIfImpl| size: 23| alreadyanalyzed| LOCAL| REPLACE) =9829, (CtLocalVariableImpl| size: 121| alreadyanalyzed| LOCAL| INSERT_BEFORE) =143454, (CtInvocationImpl| size: 121| alreadyanalyzed| LOCAL| INSERT_BEFORE) =49455, (CtLocalVariableImpl| size: 24| compiles| LOCAL| REPLACE) =57, (CtUnaryOperatorImpl| size: 442| compiles| LOCAL| INSERT_BEFORE) =552, (CtIfImpl| size: 121| compiles| LOCAL| INSERT_BEFORE) =36, (CtUnaryOperatorImpl| size: 442| notcompiles| LOCAL| INSERT_AFTER) =710, (CtReturnImpl| size: 121| alreadyanalyzed| LOCAL| INSERT_AFTER) =42568, (CtReturnImpl| size: 12| alreadyanalyzed| LOCAL| REPLACE) =4958, (CtReturnImpl| size: 50| compiles| LOCAL| REPLACE) =15, (CtInvocationImpl| size: 38| alreadyanalyzed| LOCAL| REPLACE) =16091}
#gen: 8587
#patches: 0
#RightCompilation: 4960
#WrongCompilation: 3627
#FailingTestCaseExecution: 4961
#RegressionTestExecution: 0
#TestcasesExecutedval1: 24805
#TestcasesExecutedval2: 0
#FailingTestCase: 5
#RegressionTestCases: 0
#OfAppliedOp: 8587
#NotAppliedOp: 0
#InmutatedGen: 10200
#unfinishValidation: 0
#ing {CtLocalVariableImpl=5161, CtAssignmentImpl=1678, CtReturnImpl=1875, CtInvocationImpl=3375, CtIfImpl=4338, CtUnaryOperatorImpl=2360}
#untilcompile {1=704, 2=390, 3=251, 4=171, 5=120, 6=81, 7=61, 8=45, 9=31, 10=16, 11=22, 12=68, 13=25, 14=14, 15=13, 17=11, 16=57, 19=9, 18=18, 21=17, 20=72, 23=79, 22=20, 25=52, 24=180, 27=23, 26=37, 29=13, 28=22, 31=6, 30=13, 34=11, 35=5, 32=10, 33=7, 38=76, 39=21, 36=10, 37=5, 42=10, 43=8, 40=19, 41=8, 46=5, 47=10, 1120=1, 44=18, 45=2, 51=7, 50=15, 49=4, 48=21, 55=4, 54=3, 53=1, 52=7, 59=4, 58=8, 57=1, 56=2, 63=2, 62=11, 61=7, 60=5, 68=4, 69=3, 70=3, 71=4, 64=4, 65=4, 66=2, 67=3, 76=1, 78=3, 1027=1, 79=1, 72=1, 73=2, 74=1, 75=1, 85=3, 87=3, 86=2, 80=2, 83=3, 82=3, 95=41, 94=1, 91=2, 103=2, 101=1, 98=4, 96=4, 97=2, 111=2, 108=2, 109=2, 106=3, 107=1, 119=6, 115=1, 113=1, 112=2, 127=18, 126=30, 125=51, 124=72, 123=92, 122=165, 121=690, 120=4, 137=36, 136=9, 139=7, 138=8, 141=34, 140=5, 143=5, 142=11, 129=11, 128=14, 131=7, 130=8, 133=32, 132=3, 135=11, 134=12, 152=3, 153=8, 154=1, 156=6, 157=16, 158=8, 159=41, 144=37, 145=94, 146=37, 147=20, 148=13, 149=5, 150=11, 151=2, 171=12, 170=9, 169=18, 168=8, 175=2, 174=3, 173=5, 172=3, 163=4, 162=11, 161=17, 160=18, 167=3, 166=7, 165=10, 164=9, 186=4, 187=1, 184=4, 185=2, 190=1, 191=2, 189=1, 178=2, 179=3, 176=3, 177=3, 182=6, 183=4, 180=4, 181=1, 205=1, 207=1, 206=2, 203=2, 202=2, 197=2, 196=4, 199=1, 193=3, 192=1, 195=5, 221=1, 223=1, 216=29, 217=5, 218=2, 219=2, 212=2, 214=2, 215=1, 209=1, 210=1, 211=2, 238=1, 236=1, 235=2, 233=3, 232=3, 229=2, 228=4, 225=1, 254=14, 255=6, 252=4, 253=1, 250=5, 251=1, 248=10, 249=7, 246=19, 247=8, 244=32, 245=22, 242=206, 243=55, 240=5, 241=3, 275=1, 274=4, 273=5, 272=3, 279=3, 278=10, 277=2, 276=1, 283=4, 282=7, 281=8, 280=14, 287=2, 286=9, 284=1, 258=17, 259=6, 256=4, 257=7, 262=19, 263=11, 260=3, 261=1, 266=46, 267=19, 264=6, 265=9, 270=6, 271=6, 268=13, 269=5, 305=4, 304=7, 306=1, 309=2, 311=2, 310=1, 313=2, 312=2, 315=2, 314=2, 317=1, 316=2, 319=1, 318=1, 289=6, 290=6, 291=2, 292=4, 294=3, 295=3, 296=1, 297=2, 299=2, 300=1, 301=3, 302=4, 303=3, 342=5, 341=1, 340=2, 339=4, 338=3, 337=14, 350=1, 349=2, 346=1, 344=1, 326=1, 327=3, 324=1, 325=2, 322=1, 323=2, 320=1, 321=2, 334=2, 335=2, 332=1, 330=1, 328=1, 373=2, 372=3, 375=14, 374=1, 369=2, 368=2, 371=1, 370=2, 381=4, 380=3, 383=4, 382=2, 376=5, 379=14, 378=1, 356=1, 357=1, 353=1, 354=2, 364=26, 365=15, 366=7, 367=7, 360=3, 361=5, 362=1, 363=70, 410=4, 411=3, 408=1, 414=1, 415=1, 413=1, 402=3, 403=4, 401=1, 406=1, 407=5, 404=1, 395=1, 394=3, 392=2, 399=8, 398=1, 397=1, 387=18, 386=11, 385=3, 384=1, 391=4, 390=4, 389=2, 388=8, 441=1, 444=2, 432=1, 434=2, 437=2, 438=1, 425=3, 427=1, 426=1, 428=1, 430=1, 417=3, 418=2, 421=2, 420=1, 423=1, 478=1, 479=1, 476=2, 474=3, 470=1, 468=1, 464=1, 465=1, 463=1, 461=2, 460=2, 458=6, 453=1, 448=1, 508=16, 509=1, 510=2, 511=1, 504=1, 505=2, 506=1, 507=3, 500=4, 501=4, 502=1, 496=2, 498=2, 495=1, 489=1, 488=5, 490=1, 485=9, 484=27, 487=6, 486=3, 482=2, 550=1, 551=2, 549=1, 546=2, 547=1, 544=2, 545=1, 558=1, 554=1, 562=1, 575=1, 571=1, 517=1, 519=2, 512=2, 514=1, 515=2, 524=3, 525=1, 527=1, 520=4, 521=1, 522=1, 523=2, 532=2, 529=2, 528=3, 531=2, 530=1, 612=2, 623=1, 621=1, 625=1, 629=3, 633=1, 632=1, 638=2, 576=1, 578=1, 581=1, 582=2, 584=1, 591=2, 595=3, 600=1, 605=4, 607=2, 606=5, 685=1, 702=1, 700=2, 689=2, 653=1, 654=1, 649=1, 648=1, 645=2, 641=1, 640=1, 668=2, 664=1, 661=1, 657=1, 658=1, 745=1, 750=1, 743=1, 742=2, 764=1, 729=1, 727=3, 821=1, 786=1, 883=1, 850=1, 859=1, 954=1, 929=1, 920=1, 1005=1}
2015-08-25 00:31:53,029 INFO main - Time Evolution(ms): 3660068
2015-08-25 00:31:53,029 INFO fr.inria.main.AbstractMain - Time Total(ms): 3695114


Node: graphene-41.nancy.grid5000.fr


Date: Tue Aug 25 02:31:53 CEST 2015


