/tmp/time_6_NopolC
export PATH="/home/tdurieux/defects4j/framework/bin:$PATH";export JAVA_TOOL_OPTIONS=-Dfile.encoding=UTF8;export PATH="/usr/lib/jvm/java-1.7.0-openjdk-amd64/bin/:$PATH";cd /home/tdurieux/projects/time/time_6;defects4j compile;cp -r /home/tdurieux/projects/time/time_6 /tmp/time_6_NopolC;cd /tmp/time_6_NopolC;mkdir lib/;cp -r /home/tdurieux/defects4j/framework/projects/lib/* lib/;cp -r /home/tdurieux/defects4j/framework/projects/Time/lib/* lib/;find . -type f -name "package-info.java" -delete;
cd /tmp/time_6_NopolC;export JAVA_TOOL_OPTIONS=-Dfile.encoding=UTF8;export PATH="/usr/lib/jvm/java-1.7.0-openjdk-amd64/bin/:$PATH";TZ="America/New_York"; export TZ;cp -r /home/tdurieux/defects4j-repair/src/python/core/../../../libs/z3 lib/z3;time java -Xmx8192m -cp /home/tdurieux/defects4j-repair/src/python/core/../../..//libs/nopol.jar:/usr/lib/jvm/java-1.7.0-openjdk-amd64/bin//../lib/tools.jar fr.inria.lille.repair.Main --mode repair --type condition --oracle angelic --synthesis smt --solver z3 --solver-path /home/tdurieux/defects4j-repair/src/python/core/../../..//libs/z3/z3 --complianceLevel 5 --source src/main/java/ --classpath target/classes/:target/test-classes/:lib/joda-convert-1.2.jar:/home/tdurieux/defects4j-repair/src/python/core/../../..//libs/nopol.jar;echo "

Node: `hostname`
";echo "
Date: `date`
";rm -rf /tmp/time_6_NopolC;

Nb classes : 158
Nb methods : 2889
Nb statement executed by the passing tests of the patched line: 0
Nb statement executed by the failing tests of the patched line: 0
Nb statements: 10522
Nb unit tests : 11999
Nb Statements Analyzed : 637
Nb Statements with Angelic Value Found : 0
Nb inputs in SMT : 0
Nb SMT level: 0
Nb variables in SMT : 0
Nb run failing test  : [2, 2, 2, 2, 2, 2, 2, 2, 2, 2, 2, 2, 2, 2, 2, 2, 2, 2, 2, 2, 2, 2, 2, 2, 2, 1, 2, 2, 2, 2, 2, 2, 2, 2, 2, 2, 2, 2, 2, 2, 2, 2, 2, 2, 2, 2, 2, 2, 2, 2, 2, 2, 2, 2, 2, 2, 2, 2, 2, 2, 2, 2, 2, 2, 2, 2, 2, 2, 2, 2, 2, 2, 2, 2, 2, 2, 2, 2, 2, 2, 2, 2, 2, 2, 2, 2, 2, 2, 2, 2, 2, 2, 2, 2, 2, 2, 2, 2, 2, 2, 2, 2, 2, 2, 2, 2, 2, 2, 2, 2, 2, 2, 2, 2, 2, 2, 2, 2, 2, 2, 2, 2, 2, 2, 2, 2, 2, 2, 2, 2, 2]
Nb run passing test : [13, 13, 13, 13, 13, 13, 13, 13, 13, 13, 13, 13, 13, 13, 13, 13, 13, 13, 13, 13, 13, 13, 13, 13, 13, 14, 13, 13, 13, 13, 13, 13, 13, 13, 13, 13, 13, 13, 13, 13, 13, 13, 13, 13, 13, 13, 13, 13, 13, 13, 13, 13, 13, 13, 13, 13, 13, 13, 13, 13, 13, 13, 13, 13, 13, 13, 13, 13, 13, 13, 13, 13, 13, 13, 13, 13, 13, 13, 13, 13, 13, 13, 13, 13, 13, 13, 13, 13, 13, 13, 13, 13, 13, 13, 13, 13, 13, 13, 13, 13, 13, 13, 13, 13, 13, 13, 13, 13, 13, 13, 13, 13, 13, 13, 13, 13, 13, 13, 13, 13, 13, 13, 13, 13, 13, 13, 13, 13, 13, 13, 13]
NoPol Execution time : 502140ms


Node: griffon-15.nancy.grid5000.fr


Date: Mon May  9 18:52:49 EDT 2016


