/tmp/chart_21_BrutpolPC
export PATH="/home/tdurieux/defects4j/framework/bin:$PATH";export JAVA_TOOL_OPTIONS=-Dfile.encoding=UTF8;export PATH="/usr/lib/jvm/java-1.7.0-openjdk-amd64/bin/:$PATH";cd /home/tdurieux/projects/chart/chart_21;defects4j compile;cp -r /home/tdurieux/projects/chart/chart_21 /tmp/chart_21_BrutpolPC;cd /tmp/chart_21_BrutpolPC;mkdir lib/;cp -r /home/tdurieux/defects4j/framework/projects/lib/* lib/;cp -r /home/tdurieux/defects4j/framework/projects/Chart/lib/* lib/;find . -type f -name "package-info.java" -delete;
cd /tmp/chart_21_BrutpolPC;export JAVA_TOOL_OPTIONS=-Dfile.encoding=UTF8;export PATH="/usr/lib/jvm/java-1.7.0-openjdk-amd64/bin/:$PATH";TZ="America/New_York"; export TZ;cp -r /home/tdurieux/defects4j-repair/src/python/core/../../../libs/z3 lib/z3;time java -Xmx4096m -cp /home/tdurieux/defects4j-repair/src/python/core/../../..//libs/nopol.jar:/usr/lib/jvm/java-1.7.0-openjdk-amd64/bin//../lib/tools.jar fr.inria.lille.repair.Main --mode repair --type precondition --oracle angelic --synthesis brutpol --solver z3 --solver-path /home/tdurieux/defects4j-repair/src/python/core/../../..//libs/z3/z3 --complianceLevel 4 --source source/ --classpath build/:build-tests/:lib/cobertura-lib/servlet-api-2.5-6.1.14.jar:lib/servlet.jar:/home/tdurieux/defects4j-repair/src/python/core/../../..//libs/nopol.jar;echo "

Node: `hostname`
";echo "
Date: `date`
";rm -rf /tmp/chart_21_BrutpolPC;

Nb classes : 562
Nb methods : 5886
Nb statement executed by the passing tests of the patched line: 0
Nb statement executed by the failing tests of the patched line: 0
Nb statements: 20619
Nb unit tests : 3303
Nb Statements Analyzed : 11
Nb Statements with Angelic Value Found : 1
Nb run failing test  : [2, 2, 2, 2, 2, 2, 2, 2, 1]
Nb run passing test : [1, 1, 1, 1, 1, 1, 1, 1, 16]
NoPol Execution time : 55418ms
----PATCH FOUND----
org.jfree.data.Range:335: PRECONDITION range.getLowerBound() == range.getLength()


Node: grisou-39.nancy.grid5000.fr


Date: Mon May  9 02:31:28 EDT 2016


