Running ant (compile)...................................................... OK
Running ant (compile.tests)................................................ OK
Picked up JAVA_TOOL_OPTIONS: -Dfile.encoding=UTF8
Please use CMSClassUnloadingEnabled in place of CMSPermGenSweepingEnabled in the future
SLF4J: Failed toString() invocation on an object of type [java.util.ArrayList]
java.lang.IndexOutOfBoundsException: Index: 0, Size: 0
	at java.util.ArrayList.rangeCheck(ArrayList.java:635)
	at java.util.ArrayList.get(ArrayList.java:411)
	at org.apache.commons.math3.exception.util.ExceptionContext.buildMessage(ExceptionContext.java:82)
	at org.apache.commons.math3.exception.util.ExceptionContext.getMessage(ExceptionContext.java:69)
	at org.apache.commons.math3.exception.util.ExceptionContext.getMessage(ExceptionContext.java:61)
	at org.apache.commons.math3.exception.MathIllegalStateException.getMessage(MathIllegalStateException.java:80)
	at org.junit.runner.notification.Failure.toString(Failure.java:59)
	at java.lang.String.valueOf(String.java:2849)
	at java.lang.StringBuilder.append(StringBuilder.java:128)
	at java.util.AbstractCollection.toString(AbstractCollection.java:458)
	at org.slf4j.helpers.MessageFormatter.safeObjectAppend(MessageFormatter.java:304)
	at org.slf4j.helpers.MessageFormatter.deeplyAppendParameter(MessageFormatter.java:276)
	at org.slf4j.helpers.MessageFormatter.arrayFormat(MessageFormatter.java:230)
	at ch.qos.logback.classic.spi.LoggingEvent.<init>(LoggingEvent.java:115)
	at ch.qos.logback.classic.Logger.buildLoggingEventAndAppend(Logger.java:439)
	at ch.qos.logback.classic.Logger.filterAndLog_1(Logger.java:413)
	at ch.qos.logback.classic.Logger.debug(Logger.java:506)
	at fr.inria.lille.repair.nopol.synth.ConstraintModelBuilder.determineViability(ConstraintModelBuilder.java:127)
	at fr.inria.lille.repair.nopol.synth.ConstraintModelBuilder.collectSpecifications(ConstraintModelBuilder.java:84)
	at fr.inria.lille.repair.nopol.synth.SMTNopolSynthesizer.buildPatch(SMTNopolSynthesizer.java:67)
	at fr.inria.lille.repair.nopol.NoPol.runNopolProcessor(NoPol.java:244)
	at fr.inria.lille.repair.nopol.NoPol.access$000(NoPol.java:68)
	at fr.inria.lille.repair.nopol.NoPol$1.call(NoPol.java:211)
	at java.util.concurrent.FutureTask.run(FutureTask.java:262)
	at java.util.concurrent.ThreadPoolExecutor.runWorker(ThreadPoolExecutor.java:1145)
	at java.util.concurrent.ThreadPoolExecutor$Worker.run(ThreadPoolExecutor.java:615)
	at java.lang.Thread.run(Thread.java:745)
## OAR [2017-03-03 05:11:54] Job 1200541 KILLED ##
