cd /tmp/closure_48_Brutpol;export JAVA_TOOL_OPTIONS=-Dfile.encoding=UTF8;TZ="America/New_York"; export TZexport PATH="/usr/lib/jvm/java-1.7.0-openjdk-amd64/bin/:$PATH";cp -r /home/tdurieux/dynamoth-experiments/src/python/core/../../../libs/z3 lib/z3;time java -d64 -Xmx4g -Xms1g -XX:MaxPermSize=1024m -XX:+UseConcMarkSweepGC -XX:+CMSPermGenSweepingEnabled -XX:+CMSClassUnloadingEnabled -cp /home/tdurieux/dynamoth-experiments/src/python/core/../../..//libs/nopol.jar:/usr/lib/jvm/java-1.7.0-openjdk-amd64/bin//../lib/tools.jar fr.inria.lille.repair.Main --flocal gzoltar  --maxTime 300  --json  --mode repair --type pre_then_cond --oracle angelic --synthesis dynamoth --solver z3 --solver-path /home/tdurieux/dynamoth-experiments/src/python/core/../../..//libs/z3/z3 --complianceLevel 6 --source /tmp/closure_48_Brutpol/src/ --classpath /tmp/closure_48_Brutpol/build/classes:/tmp/closure_48_Brutpol/build/test:/tmp/closure_48_Brutpol/build/lib/rhino.jar:/tmp/closure_48_Brutpol/lib/ant.jar:/tmp/closure_48_Brutpol/lib/ant-launcher.jar:/tmp/closure_48_Brutpol/lib/args4j.jar:/tmp/closure_48_Brutpol/lib/guava.jar:/tmp/closure_48_Brutpol/lib/jarjar.jar:/tmp/closure_48_Brutpol/lib/json.jar:/tmp/closure_48_Brutpol/lib/jsr305.jar:/tmp/closure_48_Brutpol/lib/junit.jar:/tmp/closure_48_Brutpol/lib/caja-r4314.jar:/tmp/closure_48_Brutpol/lib/protobuf-java.jar:/home/tdurieux/dynamoth-experiments/src/python/core/../../..//libs/nopol.jar;echo "

Node: `hostname`
";echo "
Date: `date`
";

06:44:10.815 [pool-2-thread-1] INFO  fr.inria.lille.repair.nopol.NoPol - Nb classes : 393
06:44:10.815 [pool-2-thread-1] INFO  fr.inria.lille.repair.nopol.NoPol - Nb methods : 4315
06:44:10.815 [pool-2-thread-1] INFO  fr.inria.lille.repair.nopol.NoPol - Nb Statements Analyzed : 26
06:44:10.815 [pool-2-thread-1] INFO  fr.inria.lille.repair.nopol.NoPol - Nb Statements with Angelic Value Found : 1
06:44:10.816 [pool-2-thread-1] INFO  fr.inria.lille.repair.nopol.NoPol - NoPol Execution time : 333012ms
06:44:10.816 [pool-2-thread-1] INFO  fr.inria.lille.repair.nopol.NoPol - ----PATCH FOUND----
06:44:10.816 [pool-2-thread-1] INFO  fr.inria.lille.repair.nopol.NoPol - n.getBooleanProp((int) 0)
06:44:13.560 [pool-2-thread-1] INFO  fr.inria.lille.repair.nopol.NoPol - Nb test that executes the patch: 430
06:44:13.561 [pool-2-thread-1] INFO  fr.inria.lille.repair.nopol.NoPol - com.google.javascript.jscomp.TypedScopeCreator$AbstractScopeBuilder:1441: PRECONDITION
06:44:13.702 [pool-2-thread-1] INFO  fr.inria.lille.repair.nopol.NoPol - --- /tmp/closure_48_Brutpol/src/com/google/javascript/jscomp/TypedScopeCreator.java
+++ /tmp/closure_48_Brutpol/src/com/google/javascript/jscomp/TypedScopeCreator.java
@@ -1440,3 +1440,5 @@
         // Determining type for #5
-        valueType = rhsValue.getJSType();
+        if (n.getBooleanProp((int) 0)) {
+          valueType = rhsValue.getJSType();
+        }
       }



Node: griffon-22.nancy.grid5000.fr


Date: Sat Mar  4 07:44:17 CET 2017


