export PATH="/home/tdurieux/defects4j/framework/bin:$PATH";export JAVA_TOOL_OPTIONS=-Dfile.encoding=UTF8;export PATH="/usr/lib/jvm/java-1.7.0-openjdk-amd64/bin/:$PATH";cp -r /home/tdurieux/projects/math/math_64 /tmp/math_64_Genprog;cd /tmp/math_64_Genprog;defects4j compile;mkdir lib/;cp -r /home/tdurieux/defects4j/framework/projects/lib/* lib/;cp -r /home/tdurieux/defects4j/framework/projects/Math/lib/* lib/;find . -type f -name "package-info.java" -delete;
/home/tdurieux/defects4j-repair/src/python/core/../../../results/2015-august/Math/64/Genprog/result
cd /tmp/math_64_Genprog;export JAVA_TOOL_OPTIONS=-Dfile.encoding=UTF8;export PATH="/usr/lib/jvm/java-1.7.0-openjdk-amd64/bin/:$PATH";time java  -cp /home/tdurieux/defects4j-repair/src/python/core/../../..//libs/astor.jar fr.inria.main.evolution.MainjGenProg -mode statement -location . -dependencies lib/ -failing org.apache.commons.math.optimization.general.MinpackTest:org.apache.commons.math.optimization.general.MinpackTest: -package org.apache.commons -jvm4testexecution /usr/lib/jvm/java-1.7.0-openjdk-amd64/bin/ -javacompliancelevel 5 -maxgen 1000000 -seed 10 -maxtime 60  -scope local  -stopfirst true -flthreshold 0.1 -population 1 -srcjavafolder src/main/java/ -srctestfolder src/test/java/ -binjavafolder target/classes/ -bintestfolder target/test-classes/;echo "

Node: `hostname`
";echo "
Date: `date`
";rm -rf /tmp/math_64_Genprog;

2015-08-24 22:12:36,217 INFO main - End Repair Loops: NOT Found solution
2015-08-24 22:12:36,217 INFO main - 
Number solutions:0
2015-08-24 22:12:36,217 INFO main - 
All variants:
2015-08-24 22:12:36,217 INFO main - f 4.0, [Variant id: 11101, #gens: 346, #ops: 0, parent:-]
2015-08-24 22:12:36,217 INFO main - --Space: LOCAL
org.apache.commons.math.optimization.VectorialPointValuePair=10|,org.apache.commons.math.optimization.general.AbstractLeastSquaresOptimizer=79|,org.apache.commons.math.optimization.general.LevenbergMarquardtOptimizer=330|,
2015-08-24 22:12:36,217 INFO main - 
----stats: 
2015-08-24 22:12:36,217 INFO main - 
spaces navigation: [123]: {(CtReturnImpl| size: 6| notcompiles| LOCAL| REPLACE) =1, (CtIfImpl| size: 330| compiles| LOCAL| INSERT_BEFORE) =175, (CtIfImpl| size: 330| alreadyanalyzed| LOCAL| INSERT_BEFORE) =19, (CtForImpl| size: 330| alreadyanalyzed| LOCAL| INSERT_BEFORE) =20, (CtReturnImpl| size: 330| notcompiles| LOCAL| INSERT_BEFORE) =15, (CtUnaryOperatorImpl| size: 79| notcompiles| LOCAL| INSERT_AFTER) =13, (CtLocalVariableImpl| size: 330| notcompiles| LOCAL| INSERT_BEFORE) =590, (CtReturnImpl| size: 4| compiles| LOCAL| REPLACE) =3, (CtReturnImpl| size: 79| compiles| LOCAL| INSERT_AFTER) =9, (CtOperatorAssignmentImpl| size: 330| notcompiles| LOCAL| INSERT_AFTER) =173, (CtReturnImpl| size: 10| alreadyanalyzed| LOCAL| INSERT_BEFORE) =4, (CtLocalVariableImpl| size: 79| compiles| LOCAL| INSERT_BEFORE) =19, (CtUnaryOperatorImpl| size: 79| compiles| LOCAL| INSERT_AFTER) =8, (CtOperatorAssignmentImpl| size: 5| alreadyanalyzed| LOCAL| REPLACE) =52, (CtForImpl| size: 79| compiles| LOCAL| INSERT_AFTER) =14, (CtReturnImpl| size: 6| alreadyanalyzed| LOCAL| REPLACE) =83, (CtAssignmentImpl| size: 79| compiles| LOCAL| INSERT_BEFORE) =62, (CtInvocationImpl| size: 18| compiles| LOCAL| REPLACE) =44, (CtOperatorAssignmentImpl| size: 330| alreadyanalyzed| LOCAL| INSERT_BEFORE) =17, (CtReturnImpl| size: 11| compiles| LOCAL| REPLACE) =11, (CtOperatorAssignmentImpl| size: 79| notcompiles| LOCAL| INSERT_AFTER) =19, (CtLocalVariableImpl| size: 330| compiles| LOCAL| INSERT_BEFORE) =364, (CtIfImpl| size: 34| notcompiles| LOCAL| REPLACE) =559, (CtOperatorAssignmentImpl| size: 79| compiles| LOCAL| INSERT_AFTER) =17, (CtOperatorAssignmentImpl| size: 330| alreadyanalyzed| LOCAL| INSERT_AFTER) =10, (CtIfImpl| size: 330| notcompiles| LOCAL| INSERT_BEFORE) =242, (CtIfImpl| size: 79| compiles| LOCAL| INSERT_AFTER) =11, (CtAssignmentImpl| size: 96| alreadyanalyzed| LOCAL| REPLACE) =1556, (CtOperatorAssignmentImpl| size: 30| compiles| LOCAL| REPLACE) =47, (CtAssignmentImpl| size: 330| notcompiles| LOCAL| INSERT_BEFORE) =654, (CtInvocationImpl| size: 330| notcompiles| LOCAL| INSERT_BEFORE) =30, (CtReturnImpl| size: 10| compiles| LOCAL| INSERT_BEFORE) =4, (CtIfImpl| size: 6| alreadyanalyzed| LOCAL| REPLACE) =49, (CtReturnImpl| size: 6| compiles| LOCAL| REPLACE) =1, (CtReturnImpl| size: 330| compiles| LOCAL| INSERT_BEFORE) =17, (CtForImpl| size: 50| notcompiles| LOCAL| REPLACE) =2310, (CtIfImpl| size: 6| notcompiles| LOCAL| REPLACE) =8, (CtIfImpl| size: 79| compiles| LOCAL| INSERT_BEFORE) =18, (CtIfImpl| size: 79| notcompiles| LOCAL| INSERT_AFTER) =6, (CtUnaryOperatorImpl| size: 79| alreadyanalyzed| LOCAL| INSERT_AFTER) =4, (CtLocalVariableImpl| size: 79| notcompiles| LOCAL| INSERT_BEFORE) =29, (CtLocalVariableImpl| size: 330| compiles| LOCAL| INSERT_AFTER) =414, (CtAssignmentImpl| size: 24| alreadyanalyzed| LOCAL| REPLACE) =55, (CtIfImpl| size: 6| compiles| LOCAL| REPLACE) =11, (CtOperatorAssignmentImpl| size: 30| alreadyanalyzed| LOCAL| REPLACE) =2175, (CtReturnImpl| size: 79| alreadyanalyzed| LOCAL| INSERT_AFTER) =1, (CtUnaryOperatorImpl| size: 79| notcompiles| LOCAL| INSERT_BEFORE) =8, (CtForImpl| size: 79| notcompiles| LOCAL| INSERT_BEFORE) =21, (CtUnaryOperatorImpl| size: 1| alreadyanalyzed| LOCAL| REPLACE) =5, (CtInvocationImpl| size: 330| compiles| LOCAL| INSERT_AFTER) =24, (CtLocalVariableImpl| size: 91| compiles| LOCAL| REPLACE) =384, (CtLocalVariableImpl| size: 79| notcompiles| LOCAL| INSERT_AFTER) =12, (CtInvocationImpl| size: 18| alreadyanalyzed| LOCAL| REPLACE) =42, (CtAssignmentImpl| size: 330| alreadyanalyzed| LOCAL| INSERT_BEFORE) =58, (CtUnaryOperatorImpl| size: 79| compiles| LOCAL| INSERT_BEFORE) =5, (CtForImpl| size: 79| notcompiles| LOCAL| INSERT_AFTER) =17, (CtIfImpl| size: 330| notcompiles| LOCAL| INSERT_AFTER) =222, (CtAssignmentImpl| size: 79| alreadyanalyzed| LOCAL| INSERT_BEFORE) =8, (CtForImpl| size: 330| alreadyanalyzed| LOCAL| INSERT_AFTER) =21, (CtAssignmentImpl| size: 330| notcompiles| LOCAL| INSERT_AFTER) =583, (CtReturnImpl| size: 11| notcompiles| LOCAL| REPLACE) =2, (CtAssignmentImpl| size: 96| notcompiles| LOCAL| REPLACE) =1774, (CtReturnImpl| size: 4| alreadyanalyzed| LOCAL| REPLACE) =13, (CtReturnImpl| size: 79| notcompiles| LOCAL| INSERT_AFTER) =8, (CtAssignmentImpl| size: 330| compiles| LOCAL| INSERT_AFTER) =392, (CtInvocationImpl| size: 330| alreadyanalyzed| LOCAL| INSERT_BEFORE) =3, (CtAssignmentImpl| size: 79| alreadyanalyzed| LOCAL| INSERT_AFTER) =9, (CtOperatorAssignmentImpl| size: 330| compiles| LOCAL| INSERT_AFTER) =143, (CtForImpl| size: 330| compiles| LOCAL| INSERT_BEFORE) =217, (CtReturnImpl| size: 330| notcompiles| LOCAL| INSERT_AFTER) =20, (CtOperatorAssignmentImpl| size: 79| alreadyanalyzed| LOCAL| INSERT_AFTER) =3, (CtForImpl| size: 79| alreadyanalyzed| LOCAL| INSERT_AFTER) =6, (CtForImpl| size: 79| compiles| LOCAL| INSERT_BEFORE) =17, (CtAssignmentImpl| size: 79| compiles| LOCAL| INSERT_AFTER) =72, (CtLocalVariableImpl| size: 12| compiles| LOCAL| REPLACE) =21, (CtLocalVariableImpl| size: 12| alreadyanalyzed| LOCAL| REPLACE) =8, (CtForImpl| size: 330| compiles| LOCAL| INSERT_AFTER) =234, (CtOperatorAssignmentImpl| size: 330| compiles| LOCAL| INSERT_BEFORE) =135, (CtOperatorAssignmentImpl| size: 79| compiles| LOCAL| INSERT_BEFORE) =19, (CtAssignmentImpl| size: 24| compiles| LOCAL| REPLACE) =71, (CtLocalVariableImpl| size: 330| alreadyanalyzed| LOCAL| INSERT_BEFORE) =258, (CtReturnImpl| size: 10| alreadyanalyzed| LOCAL| INSERT_AFTER) =1, (CtForImpl| size: 330| notcompiles| LOCAL| INSERT_AFTER) =284, (CtReturnImpl| size: 330| alreadyanalyzed| LOCAL| INSERT_AFTER) =3, (CtInvocationImpl| size: 18| notcompiles| LOCAL| REPLACE) =20, (CtAssignmentImpl| size: 79| notcompiles| LOCAL| INSERT_AFTER) =77, (CtOperatorAssignmentImpl| size: 30| notcompiles| LOCAL| REPLACE) =605, (CtOperatorAssignmentImpl| size: 79| notcompiles| LOCAL| INSERT_BEFORE) =12, (CtAssignmentImpl| size: 330| compiles| LOCAL| INSERT_BEFORE) =409, (CtIfImpl| size: 34| compiles| LOCAL| REPLACE) =120, (CtLocalVariableImpl| size: 330| alreadyanalyzed| LOCAL| INSERT_AFTER) =256, (CtForImpl| size: 8| notcompiles| LOCAL| REPLACE) =27, (CtOperatorAssignmentImpl| size: 5| compiles| LOCAL| REPLACE) =1, (CtIfImpl| size: 330| alreadyanalyzed| LOCAL| INSERT_AFTER) =17, (CtAssignmentImpl| size: 330| alreadyanalyzed| LOCAL| INSERT_AFTER) =53, (CtOperatorAssignmentImpl| size: 79| alreadyanalyzed| LOCAL| INSERT_BEFORE) =2, (CtForImpl| size: 8| alreadyanalyzed| LOCAL| REPLACE) =93, (CtReturnImpl| size: 10| compiles| LOCAL| INSERT_AFTER) =5, (CtIfImpl| size: 79| alreadyanalyzed| LOCAL| INSERT_BEFORE) =4, (CtForImpl| size: 330| notcompiles| LOCAL| INSERT_BEFORE) =313, (CtAssignmentImpl| size: 24| notcompiles| LOCAL| REPLACE) =53, (CtAssignmentImpl| size: 79| notcompiles| LOCAL| INSERT_BEFORE) =55, (CtIfImpl| size: 79| notcompiles| LOCAL| INSERT_BEFORE) =14, (CtForImpl| size: 79| alreadyanalyzed| LOCAL| INSERT_BEFORE) =3, (CtLocalVariableImpl| size: 79| alreadyanalyzed| LOCAL| INSERT_AFTER) =2, (CtIfImpl| size: 330| compiles| LOCAL| INSERT_AFTER) =144, (CtAssignmentImpl| size: 96| compiles| LOCAL| REPLACE) =388, (CtOperatorAssignmentImpl| size: 5| notcompiles| LOCAL| REPLACE) =15, (CtLocalVariableImpl| size: 79| compiles| LOCAL| INSERT_AFTER) =19, (CtOperatorAssignmentImpl| size: 330| notcompiles| LOCAL| INSERT_BEFORE) =202, (CtReturnImpl| size: 79| alreadyanalyzed| LOCAL| INSERT_BEFORE) =1, (CtLocalVariableImpl| size: 91| alreadyanalyzed| LOCAL| REPLACE) =1102, (CtUnaryOperatorImpl| size: 79| alreadyanalyzed| LOCAL| INSERT_BEFORE) =1, (CtForImpl| size: 50| alreadyanalyzed| LOCAL| REPLACE) =9790, (CtReturnImpl| size: 330| alreadyanalyzed| LOCAL| INSERT_BEFORE) =5, (CtReturnImpl| size: 79| notcompiles| LOCAL| INSERT_BEFORE) =6, (CtInvocationImpl| size: 330| compiles| LOCAL| INSERT_BEFORE) =31, (CtReturnImpl| size: 11| alreadyanalyzed| LOCAL| REPLACE) =7, (CtReturnImpl| size: 330| compiles| LOCAL| INSERT_AFTER) =11, (CtLocalVariableImpl| size: 330| notcompiles| LOCAL| INSERT_AFTER) =663, (CtIfImpl| size: 34| alreadyanalyzed| LOCAL| REPLACE) =1473, (CtInvocationImpl| size: 330| notcompiles| LOCAL| INSERT_AFTER) =25, (CtReturnImpl| size: 79| compiles| LOCAL| INSERT_BEFORE) =5}
#gen: 5550
#patches: 0
#RightCompilation: 3048
#WrongCompilation: 2502
#FailingTestCaseExecution: 3049
#RegressionTestExecution: 0
#TestcasesExecutedval1: 108612
#TestcasesExecutedval2: 0
#FailingTestCase: 36
#RegressionTestCases: 0
#OfAppliedOp: 5550
#NotAppliedOp: 0
#InmutatedGen: 420
#unfinishValidation: 0
#ing {CtLocalVariableImpl=1610, CtForImpl=981, CtReturnImpl=113, CtAssignmentImpl=1845, CtOperatorAssignmentImpl=599, CtInvocationImpl=136, CtIfImpl=660, CtUnaryOperatorImpl=26}
#untilcompile {1=1534, 2=766, 3=484, 4=316, 5=198, 6=139, 7=87, 8=61, 9=48, 10=45, 11=26, 12=28, 13=17, 135=1, 14=20, 15=9, 17=11, 16=12, 19=12, 18=10, 21=5, 20=7, 23=3, 22=5, 144=1, 25=3, 24=7, 27=4, 26=4, 28=2, 31=16, 30=18, 34=12, 35=17, 32=13, 33=4, 38=5, 39=2, 36=5, 37=4, 42=1, 40=1, 41=3, 46=1, 44=1, 45=1, 51=52, 50=61, 48=1, 55=10, 54=14, 53=24, 52=30, 57=5, 56=5, 63=1, 62=1, 61=3, 60=4, 70=1, 71=2, 65=1, 72=1, 75=2, 84=2, 81=4, 83=1, 82=2, 93=1, 92=2, 90=1, 102=1, 103=1, 100=4, 101=4, 98=1, 96=3, 97=3, 106=1, 104=1, 114=1, 112=1}
2015-08-24 22:12:36,218 INFO main - Time Evolution(ms): 3660275
2015-08-24 22:12:36,218 INFO fr.inria.main.AbstractMain - Time Total(ms): 3701029


Node: griffon-62.nancy.grid5000.fr


Date: Tue Aug 25 00:12:36 CEST 2015


