export PATH="/home/tdurieux/defects4j/framework/bin:$PATH";export JAVA_TOOL_OPTIONS=-Dfile.encoding=UTF8;export PATH="/usr/lib/jvm/java-1.7.0-openjdk-amd64/bin/:$PATH";cp -r /home/tdurieux/projects/math/math_3 /tmp/math_3_Genprog;cd /tmp/math_3_Genprog;defects4j compile;mkdir lib/;cp -r /home/tdurieux/defects4j/framework/projects/lib/* lib/;cp -r /home/tdurieux/defects4j/framework/projects/Math/lib/* lib/;find . -type f -name "package-info.java" -delete;
/home/tdurieux/defects4j-repair/src/python/core/../../../results/2015-august/Math/3/Genprog/result
cd /tmp/math_3_Genprog;export JAVA_TOOL_OPTIONS=-Dfile.encoding=UTF8;TZ="America/New_York"; export TZexport PATH="/usr/lib/jvm/java-1.7.0-openjdk-amd64/bin/:$PATH";time java  -cp /home/tdurieux/defects4j-repair/src/python/core/../../..//libs/astor.jar fr.inria.main.evolution.MainjGenProg -mode statement -location . -dependencies lib/ -failing org.apache.commons.math3.util.MathArraysTest: -package org.apache.commons -jvm4testexecution /usr/lib/jvm/java-1.7.0-openjdk-amd64/bin/ -javacompliancelevel 5 -maxgen 1000000 -seed 10 -maxtime 60  -scope local  -stopfirst true -flthreshold 0.1 -population 1 -srcjavafolder src/main/java/ -srctestfolder src/test/java/ -binjavafolder target/classes/ -bintestfolder target/test-classes/;echo "

Node: `hostname`
";echo "
Date: `date`
";rm -rf /tmp/math_3_Genprog;

2015-08-24 23:23:34,354 INFO main - End Repair Loops: NOT Found solution
2015-08-24 23:23:34,355 INFO main - 
Number solutions:0
2015-08-24 23:23:34,355 INFO main - 
All variants:
2015-08-24 23:23:34,355 INFO main - f 1.0, [Variant id: 18425, #gens: 18, #ops: 0, parent:-]
2015-08-24 23:23:34,355 INFO main - --Space: LOCAL
org.apache.commons.math3.util.MathArrays=422|,
2015-08-24 23:23:34,355 INFO main - 
----stats: 
2015-08-24 23:23:34,355 INFO main - 
spaces navigation: [40]: {(CtAssignmentImpl| size: 422| compiles| LOCAL| INSERT_AFTER) =125, (CtForImpl| size: 422| notcompiles| LOCAL| INSERT_AFTER) =166, (CtForImpl| size: 422| compiles| LOCAL| INSERT_AFTER) =125, (CtOperatorAssignmentImpl| size: 422| notcompiles| LOCAL| INSERT_AFTER) =166, (CtAssignmentImpl| size: 422| alreadyanalyzed| LOCAL| INSERT_BEFORE) =18391, (CtAssignmentImpl| size: 422| notcompiles| LOCAL| INSERT_BEFORE) =166, (CtLocalVariableImpl| size: 171| alreadyanalyzed| LOCAL| REPLACE) =152994, (CtAssignmentImpl| size: 31| notcompiles| LOCAL| REPLACE) =29, (CtIfImpl| size: 422| notcompiles| LOCAL| INSERT_BEFORE) =166, (CtOperatorAssignmentImpl| size: 422| alreadyanalyzed| LOCAL| INSERT_AFTER) =28693, (CtForImpl| size: 422| compiles| LOCAL| INSERT_BEFORE) =125, (CtIfImpl| size: 422| alreadyanalyzed| LOCAL| INSERT_BEFORE) =17501, (CtIfImpl| size: 58| alreadyanalyzed| LOCAL| REPLACE) =10223, (CtAssignmentImpl| size: 422| notcompiles| LOCAL| INSERT_AFTER) =166, (CtOperatorAssignmentImpl| size: 422| compiles| LOCAL| INSERT_AFTER) =125, (CtAssignmentImpl| size: 422| compiles| LOCAL| INSERT_BEFORE) =125, (CtLocalVariableImpl| size: 422| compiles| LOCAL| INSERT_AFTER) =1734, (CtAssignmentImpl| size: 31| alreadyanalyzed| LOCAL| REPLACE) =5644, (CtOperatorAssignmentImpl| size: 422| alreadyanalyzed| LOCAL| INSERT_BEFORE) =21672, (CtIfImpl| size: 422| alreadyanalyzed| LOCAL| INSERT_AFTER) =35678, (CtOperatorAssignmentImpl| size: 17| notcompiles| LOCAL| REPLACE) =14, (CtIfImpl| size: 422| notcompiles| LOCAL| INSERT_AFTER) =166, (CtForImpl| size: 422| alreadyanalyzed| LOCAL| INSERT_BEFORE) =21686, (CtIfImpl| size: 422| compiles| LOCAL| INSERT_AFTER) =125, (CtLocalVariableImpl| size: 422| notcompiles| LOCAL| INSERT_AFTER) =2338, (CtLocalVariableImpl| size: 422| alreadyanalyzed| LOCAL| INSERT_AFTER) =345266, (CtAssignmentImpl| size: 422| alreadyanalyzed| LOCAL| INSERT_AFTER) =25784, (CtForImpl| size: 36| alreadyanalyzed| LOCAL| REPLACE) =6414, (CtIfImpl| size: 58| notcompiles| LOCAL| REPLACE) =43, (CtLocalVariableImpl| size: 422| compiles| LOCAL| INSERT_BEFORE) =1734, (CtIfImpl| size: 422| compiles| LOCAL| INSERT_BEFORE) =125, (CtLocalVariableImpl| size: 422| notcompiles| LOCAL| INSERT_BEFORE) =2338, (CtLocalVariableImpl| size: 171| compiles| LOCAL| REPLACE) =1594, (CtForImpl| size: 422| alreadyanalyzed| LOCAL| INSERT_AFTER) =20597, (CtForImpl| size: 422| notcompiles| LOCAL| INSERT_BEFORE) =166, (CtOperatorAssignmentImpl| size: 422| notcompiles| LOCAL| INSERT_BEFORE) =166, (CtOperatorAssignmentImpl| size: 422| compiles| LOCAL| INSERT_BEFORE) =125, (CtLocalVariableImpl| size: 422| alreadyanalyzed| LOCAL| INSERT_BEFORE) =335888, (CtForImpl| size: 36| notcompiles| LOCAL| REPLACE) =30, (CtOperatorAssignmentImpl| size: 17| alreadyanalyzed| LOCAL| REPLACE) =2961}
#gen: 9212
#patches: 0
#RightCompilation: 1559
#WrongCompilation: 7651
#FailingTestCaseExecution: 1560
#RegressionTestExecution: 0
#TestcasesExecutedval1: 63960
#TestcasesExecutedval2: 0
#FailingTestCase: 41
#RegressionTestCases: 0
#OfAppliedOp: 9210
#NotAppliedOp: 0
#InmutatedGen: 3491
#unfinishValidation: 0
#ing {CtLocalVariableImpl=9887, CtForImpl=667, CtAssignmentImpl=711, CtOperatorAssignmentImpl=700, CtIfImpl=736}
#untilcompile {1100=1, 1=1555, 2201=5, 4402=1, 2=801, 3=571, 1103=1, 4=365, 5=316, 6=233, 7=166, 8=144, 9=111, 10=97, 11=96, 12=81, 13=72, 14=55, 15=53, 17=78, 16=32, 19=32, 18=56, 21=37, 20=34, 23=24, 22=29, 25=31, 24=27, 27=13, 26=21, 29=21, 28=25, 31=47, 30=13, 34=32, 35=16, 32=25, 4369=1, 33=21, 38=31, 39=19, 36=49, 2237=1, 37=31, 42=20, 1126=1, 43=8, 40=16, 41=3, 46=12, 47=8, 44=13, 45=9, 51=7, 50=12, 1150=1, 49=5, 48=6, 55=6, 54=5, 53=5, 52=4, 3296=2, 59=29, 58=35, 57=7, 56=3, 63=4, 62=9, 61=16, 60=22, 3216=1, 1032=3, 68=8, 69=7, 70=7, 71=3, 64=6, 65=5, 66=4, 67=3, 76=3, 77=5, 78=6, 79=4, 72=5, 73=1, 74=3, 75=4, 85=1, 1051=3, 87=5, 86=5, 4449=2, 81=2, 80=1, 83=2, 82=1, 93=1, 92=1, 95=7, 94=1, 89=2, 91=1, 1047=2, 90=2, 1046=4, 102=2, 103=2, 100=1, 2298=1, 98=3, 99=1, 1068=1, 111=3, 109=1, 106=1, 107=1, 104=3, 1060=1, 4422=1, 118=1, 3233=1, 117=1, 116=3, 114=1, 2281=8, 113=2, 112=4, 127=1, 126=3, 125=1, 1073=5, 124=1, 3247=1, 122=5, 120=2, 2272=1, 136=1, 138=1, 2066=1, 1217=1, 141=1, 140=1, 143=2, 129=3, 3156=1, 131=2, 130=3, 133=1, 132=3, 135=2, 1239=1, 155=2, 157=1, 158=1, 159=3, 5613=1, 145=1, 3142=1, 148=2, 2061=2, 149=1, 150=1, 171=62, 170=1, 174=2, 173=2, 172=1, 163=1, 161=1, 160=1, 5594=1, 166=1, 2110=5, 165=1, 164=1, 3183=1, 187=1, 185=3, 1266=23, 190=1, 188=2, 189=3, 178=1, 179=1, 2088=1, 177=1, 182=1, 180=1, 181=2, 1273=1, 205=1, 204=1, 207=1, 2135=1, 3098=1, 206=1, 201=1, 200=1, 3103=1, 2141=1, 197=2, 199=2, 198=1, 193=1, 192=1, 195=2, 194=1, 220=1, 3081=1, 216=2, 218=1, 213=3, 214=1, 215=1, 1180=1, 211=1, 2123=1, 1186=15, 1189=1, 231=2, 230=2, 229=4, 3120=1, 1192=1, 226=1, 3125=3, 2168=1, 224=1, 254=1, 1203=1, 252=1, 250=1, 1214=1, 2152=1, 241=1, 275=1, 1374=1, 274=1, 279=1, 3520=1, 276=1, 286=1, 4140=1, 258=1, 259=1, 1357=4, 257=1, 262=1, 261=1, 266=1, 3547=1, 5235=1, 2452=7, 1405=1, 307=1, 310=1, 2488=4, 290=1, 292=1, 295=1, 297=1, 2483=2, 301=1, 303=1, 1307=1, 2510=1, 342=13, 338=1, 336=1, 3467=1, 351=1, 1297=2, 1302=1, 2527=1, 3478=1, 335=1, 333=1, 372=1, 2543=1, 1341=1, 370=1, 2532=4, 359=1, 353=1, 366=1, 362=1, 363=1, 1489=1, 400=1, 407=2, 2317=1, 393=1, 1477=1, 1473=2, 396=1, 442=2, 1527=1, 446=1, 435=3, 1528=1, 436=2, 437=2, 438=1, 439=2, 425=5, 424=2, 427=4, 426=5, 429=3, 428=3, 431=2, 430=5, 3445=1, 419=1, 5337=1, 1512=1, 423=4, 422=162, 479=1, 476=1, 2372=4, 475=2, 470=1, 1432=1, 469=2, 1437=23, 463=2, 3354=1, 461=3, 458=7, 457=1, 455=1, 454=2, 453=5, 452=2, 451=2, 450=2, 449=4, 508=1, 510=1, 501=1, 2408=1, 1468=1, 497=1, 493=1, 489=1, 491=1, 485=1, 3376=1, 480=6, 4307=1, 1454=1, 482=1, 1642=1, 551=1, 549=1, 1644=1, 2739=1, 1639=2, 3809=1, 560=1, 571=1, 2720=2, 1608=9, 514=1, 3798=1, 526=1, 520=1, 1625=1, 2703=4, 528=1, 531=1, 2698=1, 610=2, 2811=1, 609=1, 613=1, 623=1, 2794=1, 624=3, 629=2, 639=1, 3754=1, 637=2, 579=1, 583=1, 593=61, 1564=1, 2760=1, 597=1, 1562=2, 598=1, 603=1, 1559=1, 605=1, 684=2, 1764=1, 2623=1, 677=1, 1769=1, 673=1, 702=1, 1779=4, 5001=1, 5051=1, 2590=1, 640=1, 643=1, 642=1, 1746=2, 1752=1, 661=1, 657=1, 1705=3, 763=1, 764=14, 2671=1, 1723=1, 759=1, 2654=1, 730=1, 732=1, 1688=15, 822=1, 1917=1, 800=1, 1890=3, 1895=1, 2954=2, 798=1, 795=2, 774=1, 2971=2, 769=2, 1859=7, 781=1, 778=1, 779=1, 4060=1, 884=1, 3052=1, 888=1, 3045=2, 895=1, 5661=1, 868=1, 873=1, 875=4, 876=1, 851=2, 859=1, 863=1, 5666=1, 1810=1, 861=2, 839=1, 846=2, 844=48, 845=1, 958=1, 952=1, 943=1, 935=2, 2030=7, 2874=7, 922=1, 912=1, 905=1, 902=3, 1017=1, 1021=1, 1015=32, 2932=1, 3889=2, 985=1, 1950=1, 1944=1, 973=2, 963=2, 961=1, 966=2, 964=1}
2015-08-24 23:23:34,356 INFO main - Time Evolution(ms): 3660897
2015-08-24 23:23:34,356 INFO fr.inria.main.AbstractMain - Time Total(ms): 4065147


Node: griffon-57.nancy.grid5000.fr


Date: Tue Aug 25 01:23:34 CEST 2015


