export PATH="/home/tdurieux/defects4j/framework/bin:$PATH";export JAVA_TOOL_OPTIONS=-Dfile.encoding=UTF8;export PATH="/usr/lib/jvm/java-1.7.0-openjdk-amd64/bin/:$PATH";cp -r /home/tdurieux/projects/math/math_70 /tmp/math_70_Genprog;cd /tmp/math_70_Genprog;defects4j compile;mkdir lib/;cp -r /home/tdurieux/defects4j/framework/projects/lib/* lib/;cp -r /home/tdurieux/defects4j/framework/projects/Math/lib/* lib/;find . -type f -name "package-info.java" -delete;
/home/tdurieux/defects4j-repair/src/python/core/../../../results/2015-august/Math/70/Genprog/result
cd /tmp/math_70_Genprog;export JAVA_TOOL_OPTIONS=-Dfile.encoding=UTF8;TZ="America/New_York"; export TZexport PATH="/usr/lib/jvm/java-1.7.0-openjdk-amd64/bin/:$PATH";time java  -cp /home/tdurieux/defects4j-repair/src/python/core/../../..//libs/astor.jar fr.inria.main.evolution.MainjGenProg -mode statement -location . -dependencies lib/ -failing org.apache.commons.math.analysis.solvers.BisectionSolverTest: -package org.apache.commons -jvm4testexecution /usr/lib/jvm/java-1.7.0-openjdk-amd64/bin/ -javacompliancelevel 5 -maxgen 1000000 -seed 10 -maxtime 60  -scope local  -stopfirst true -flthreshold 0 -population 1 -srcjavafolder src/main/java/ -srctestfolder src/test/java/ -binjavafolder target/classes/ -bintestfolder target/test-classes/;echo "

Node: `hostname`
";echo "
Date: `date`
";rm -rf /tmp/math_70_Genprog;

2015-08-25 06:01:31,146 INFO main - End Repair Loops: Found solution
2015-08-25 06:01:31,146 INFO main - Solution stored at: ./outputMutation//MainjGenProg-.//src/
2015-08-25 06:01:31,146 INFO main - 
Number solutions:1
2015-08-25 06:01:31,146 INFO main - f (sol): 0.0, [Variant id: 96 (SOL) , #gens: 946, #ops: 1, parent:95]
2015-08-25 06:01:31,146 INFO main - 
All variants:
2015-08-25 06:01:31,146 INFO main - f 1.0, [Variant id: 97, #gens: 946, #ops: 0, parent:-]
2015-08-25 06:01:31,146 INFO main - 
Solution details
2015-08-25 06:01:31,146 INFO main - 
 --SOLUTIONS DESCRIPTION--

 ----
ProgramVariant 96
 
operation: REPLACE
location= org.apache.commons.math.analysis.solvers.BisectionSolver
line= 72
original statement= return solve(min, max)
fixed statement= return solve(f, min, max)
generation= 48
ingredientScope= LOCAL
 
2015-08-25 06:01:31,147 INFO main - --Space: LOCAL
org.apache.commons.math.stat.descriptive.summary.SumOfLogs=25|,org.apache.commons.math.stat.descriptive.MultivariateSummaryStatistics=119|,org.apache.commons.math.linear.Array2DRowRealMatrix=185|,org.apache.commons.math.distribution.AbstractContinuousDistribution=25|,org.apache.commons.math.util.ContinuedFraction=54|,org.apache.commons.math.util.MathUtils=452|,org.apache.commons.math.optimization.general.AbstractLeastSquaresOptimizer=83|,org.apache.commons.math.analysis.solvers.BisectionSolver=24|,org.apache.commons.math.stat.descriptive.moment.FirstMoment=27|,org.apache.commons.math.optimization.fitting.WeightedObservedPoint=7|,org.apache.commons.math.special.Gamma=61|,org.apache.commons.math.complex.Complex=163|,org.apache.commons.math.stat.descriptive.moment.Mean=40|,org.apache.commons.math.analysis.interpolation.BicubicSplineInterpolator=45|,org.apache.commons.math.stat.descriptive.rank.Max=26|,org.apache.commons.math.analysis.interpolation.BicubicSplineInterpolatingFunction=87|,org.apache.commons.math.optimization.general.GaussNewtonOptimizer=32|,org.apache.commons.math.analysis.solvers.LaguerreSolver=125|,org.apache.commons.math.special.Beta=28|,org.apache.commons.math.stat.descriptive.summary.SumOfSquares=25|,org.apache.commons.math.stat.descriptive.moment.GeometricMean=22|,org.apache.commons.math.analysis.interpolation.SmoothingPolynomialBicubicSplineInterpolator=39|,org.apache.commons.math.linear.BlockRealMatrix=693|,org.apache.commons.math.optimization.VectorialPointValuePair=10|,org.apache.commons.math.analysis.interpolation.SplineInterpolator=39|,org.apache.commons.math.ConvergingAlgorithmImpl=18|,org.apache.commons.math.analysis.solvers.UnivariateRealSolverImpl=41|,org.apache.commons.math.optimization.fitting.CurveFitter=31|,org.apache.commons.math.analysis.interpolation.BicubicSplineFunction=85|,org.apache.commons.math.analysis.polynomials.PolynomialSplineFunction=37|,org.apache.commons.math.analysis.polynomials.PolynomialFunction=92|,org.apache.commons.math.stat.descriptive.SynchronizedMultivariateSummaryStatistics=31|,org.apache.commons.math.linear.AbstractRealMatrix=365|,org.apache.commons.math.stat.descriptive.summary.Sum=33|,org.apache.commons.math.stat.descriptive.AbstractUnivariateStatistic=34|,org.apache.commons.math.optimization.SimpleVectorialValueChecker=16|,org.apache.commons.math.linear.MatrixUtils=172|,org.apache.commons.math.linear.QRDecompositionImpl=153|,org.apache.commons.math.stat.descriptive.rank.Min=26|,org.apache.commons.math.analysis.solvers.UnivariateRealSolverUtils=32|,org.apache.commons.math.optimization.fitting.PolynomialFitter=18|,org.apache.commons.math.stat.descriptive.moment.VectorialCovariance=52|,
2015-08-25 06:01:31,147 INFO main - 
----stats: 
2015-08-25 06:01:31,147 INFO main - 
spaces navigation: [34]: {(CtReturnImpl| size: 24| compiles| LOCAL| INSERT_BEFORE) =5, (CtInvocationImpl| size: 24| compiles| LOCAL| INSERT_BEFORE) =1, (CtAssignmentImpl| size: 41| compiles| LOCAL| INSERT_AFTER) =1, (CtIfImpl| size: 5| alreadyanalyzed| LOCAL| REPLACE) =1, (CtAssignmentImpl| size: 24| compiles| LOCAL| INSERT_AFTER) =2, (CtReturnImpl| size: 24| notcompiles| LOCAL| INSERT_BEFORE) =3, (CtAssignmentImpl| size: 24| notcompiles| LOCAL| INSERT_BEFORE) =1, (CtLocalVariableImpl| size: 24| notcompiles| LOCAL| INSERT_BEFORE) =2, (CtAssignmentImpl| size: 6| compiles| LOCAL| REPLACE) =2, (CtReturnImpl| size: 4| compiles| LOCAL| REPLACE) =2, (CtIfImpl| size: 5| compiles| LOCAL| REPLACE) =1, (CtLocalVariableImpl| size: 24| compiles| LOCAL| INSERT_BEFORE) =4, (CtReturnImpl| size: 24| compiles| LOCAL| INSERT_AFTER) =7, (CtReturnImpl| size: 4| alreadyanalyzed| LOCAL| REPLACE) =1, (CtInvocationImpl| size: 5| compiles| LOCAL| REPLACE) =2, (CtInvocationImpl| size: 24| alreadyanalyzed| LOCAL| INSERT_BEFORE) =4, (CtLocalVariableImpl| size: 4| alreadyanalyzed| LOCAL| REPLACE) =3, (CtLocalVariableImpl| size: 24| alreadyanalyzed| LOCAL| INSERT_BEFORE) =1, (CtWhileImpl| size: 1| alreadyanalyzed| LOCAL| REPLACE) =1, (CtInvocationImpl| size: 24| notcompiles| LOCAL| INSERT_BEFORE) =4, (CtReturnImpl| size: 24| notcompiles| LOCAL| INSERT_AFTER) =10, (CtReturnImpl| size: 5| alreadyanalyzed| LOCAL| REPLACE) =3, (CtReturnImpl| size: 5| notcompiles| LOCAL| REPLACE) =2, (CtAssignmentImpl| size: 41| compiles| LOCAL| INSERT_BEFORE) =2, (CtLocalVariableImpl| size: 4| compiles| LOCAL| REPLACE) =3, (CtReturnImpl| size: 5| compiles| LOCAL| REPLACE) =1, (CtReturnImpl| size: 24| alreadyanalyzed| LOCAL| INSERT_AFTER) =9, (CtWhileImpl| size: 24| compiles| LOCAL| INSERT_AFTER) =2, (CtAssignmentImpl| size: 41| notcompiles| LOCAL| INSERT_BEFORE) =2, (CtWhileImpl| size: 24| compiles| LOCAL| INSERT_BEFORE) =2, (CtInvocationImpl| size: 5| alreadyanalyzed| LOCAL| REPLACE) =1, (CtInvocationImpl| size: 24| compiles| LOCAL| INSERT_AFTER) =1, (CtInvocationImpl| size: 24| notcompiles| LOCAL| INSERT_AFTER) =1, (CtAssignmentImpl| size: 24| compiles| LOCAL| INSERT_BEFORE) =4}
#gen: 48
#patches: 1
#RightCompilation: 12
#WrongCompilation: 36
#FailingTestCaseExecution: 13
#RegressionTestExecution: 1
#TestcasesExecutedval1: 156
#TestcasesExecutedval2: 2074
#FailingTestCase: 12
#RegressionTestCases: 2074
#OfAppliedOp: 48
#NotAppliedOp: 0
#InmutatedGen: 2
#unfinishValidation: 0
#ing {CtLocalVariableImpl=7, CtReturnImpl=20, CtAssignmentImpl=11, CtInvocationImpl=6, CtIfImpl=1, CtWhileImpl=5}
#untilcompile {1=23, 2=11, 3=3, 4=1, 6=1, 8=1, 9=1, 10=1}
2015-08-25 06:01:31,147 INFO main - Time Evolution(ms): 34870
2015-08-25 06:01:31,147 INFO fr.inria.main.AbstractMain - Time Total(ms): 74861


Node: griffon-62.nancy.grid5000.fr


Date: Tue Aug 25 08:01:31 CEST 2015


