export PATH="/home/tdurieux/defects4j/framework/bin:$PATH";export JAVA_TOOL_OPTIONS=-Dfile.encoding=UTF8;export PATH="/usr/lib/jvm/java-1.7.0-openjdk-amd64/bin/:$PATH";cp -r /home/tdurieux/projects/lang/lang_61 /tmp/lang_61_Genprog;cd /tmp/lang_61_Genprog;defects4j compile;mkdir lib/;cp -r /home/tdurieux/defects4j/framework/projects/lib/* lib/;cp -r /home/tdurieux/defects4j/framework/projects/Lang/lib/* lib/;find . -type f -name "package-info.java" -delete;
/home/tdurieux/defects4j-repair/src/python/core/../../../results/2015-august/Lang/61/Genprog/result
cd /tmp/lang_61_Genprog;export JAVA_TOOL_OPTIONS=-Dfile.encoding=UTF8;TZ="America/New_York"; export TZexport PATH="/usr/lib/jvm/java-1.7.0-openjdk-amd64/bin/:$PATH";time java  -cp /home/tdurieux/defects4j-repair/src/python/core/../../..//libs/astor.jar fr.inria.main.evolution.MainjGenProg -mode statement -location . -dependencies lib/ -failing org.apache.commons.lang.text.StrBuilderTest:org.apache.commons.lang.text.StrBuilderTest: -package org.apache.commons -jvm4testexecution /usr/lib/jvm/java-1.7.0-openjdk-amd64/bin/ -javacompliancelevel 3 -maxgen 1000000 -seed 10 -maxtime 60  -scope local  -stopfirst true -flthreshold 0.1 -population 1 -srcjavafolder src/java/ -srctestfolder src/test/ -binjavafolder target/classes/ -bintestfolder target/tests/;echo "

Node: `hostname`
";echo "
Date: `date`
";rm -rf /tmp/lang_61_Genprog;

2015-08-24 23:17:20,103 INFO main - End Repair Loops: NOT Found solution
2015-08-24 23:17:20,103 INFO main - 
Number solutions:0
2015-08-24 23:17:20,103 INFO main - 
All variants:
2015-08-24 23:17:20,103 INFO main - f 47.0, [Variant id: 1449, #gens: 29, #ops: 0, parent:-]
2015-08-24 23:17:20,103 INFO main - --Space: LOCAL
org.apache.commons.lang.builder.ReflectionToStringBuilder=94|,org.apache.commons.lang.builder.ToStringBuilder=126|,org.apache.commons.lang.ObjectUtils=20|,org.apache.commons.lang.builder.ToStringStyle=381|,org.apache.commons.lang.time.DateUtils=210|,
2015-08-24 23:17:20,103 INFO main - 
----stats: 
2015-08-24 23:17:20,103 INFO main - 
spaces navigation: [78]: {(CtAssignmentImpl| size: 126| notcompiles| LOCAL| INSERT_AFTER) =3, (CtReturnImpl| size: 31| alreadyanalyzed| LOCAL| REPLACE) =113, (CtAssignmentImpl| size: 210| notcompiles| LOCAL| INSERT_BEFORE) =3, (CtAssignmentImpl| size: 381| alreadyanalyzed| LOCAL| INSERT_BEFORE) =1, (CtInvocationImpl| size: 381| compiles| LOCAL| INSERT_BEFORE) =60, (CtReturnImpl| size: 94| compiles| LOCAL| INSERT_BEFORE) =20, (CtInvocationImpl| size: 381| alreadyanalyzed| LOCAL| INSERT_BEFORE) =8, (CtInvocationImpl| size: 94| compiles| LOCAL| INSERT_AFTER) =28, (CtInvocationImpl| size: 94| notcompiles| LOCAL| INSERT_BEFORE) =17, (CtAssignmentImpl| size: 28| compiles| LOCAL| REPLACE) =3, (CtAssignmentImpl| size: 6| compiles| LOCAL| REPLACE) =3, (CtReturnImpl| size: 126| compiles| LOCAL| INSERT_BEFORE) =13, (CtIfImpl| size: 48| compiles| LOCAL| REPLACE) =2, (CtIfImpl| size: 381| notcompiles| LOCAL| INSERT_BEFORE) =20, (CtAssignmentImpl| size: 28| alreadyanalyzed| LOCAL| REPLACE) =7, (CtAssignmentImpl| size: 126| alreadyanalyzed| LOCAL| INSERT_AFTER) =2, (CtIfImpl| size: 210| compiles| LOCAL| INSERT_AFTER) =1, (CtAssignmentImpl| size: 381| alreadyanalyzed| LOCAL| INSERT_AFTER) =7, (CtAssignmentImpl| size: 126| compiles| LOCAL| INSERT_BEFORE) =8, (CtAssignmentImpl| size: 34| notcompiles| LOCAL| REPLACE) =1, (CtAssignmentImpl| size: 34| alreadyanalyzed| LOCAL| REPLACE) =1, (CtInvocationImpl| size: 34| compiles| LOCAL| REPLACE) =29, (CtAssignmentImpl| size: 28| notcompiles| LOCAL| REPLACE) =10, (CtReturnImpl| size: 58| alreadyanalyzed| LOCAL| REPLACE) =122, (CtForImpl| size: 94| notcompiles| LOCAL| INSERT_BEFORE) =1, (CtReturnImpl| size: 94| alreadyanalyzed| LOCAL| INSERT_AFTER) =15, (CtForImpl| size: 2| alreadyanalyzed| LOCAL| REPLACE) =3, (CtReturnImpl| size: 126| alreadyanalyzed| LOCAL| INSERT_BEFORE) =66, (CtReturnImpl| size: 126| notcompiles| LOCAL| INSERT_AFTER) =8, (CtIfImpl| size: 48| alreadyanalyzed| LOCAL| REPLACE) =1, (CtIfImpl| size: 381| alreadyanalyzed| LOCAL| INSERT_BEFORE) =8, (CtInvocationImpl| size: 34| alreadyanalyzed| LOCAL| REPLACE) =158, (CtReturnImpl| size: 31| compiles| LOCAL| REPLACE) =16, (CtForImpl| size: 2| notcompiles| LOCAL| REPLACE) =1, (CtAssignmentImpl| size: 126| alreadyanalyzed| LOCAL| INSERT_BEFORE) =20, (CtAssignmentImpl| size: 210| compiles| LOCAL| INSERT_AFTER) =6, (CtIfImpl| size: 48| notcompiles| LOCAL| REPLACE) =4, (CtIfImpl| size: 381| compiles| LOCAL| INSERT_BEFORE) =49, (CtInvocationImpl| size: 216| notcompiles| LOCAL| REPLACE) =42, (CtAssignmentImpl| size: 381| compiles| LOCAL| INSERT_BEFORE) =4, (CtAssignmentImpl| size: 381| notcompiles| LOCAL| INSERT_BEFORE) =14, (CtAssignmentImpl| size: 126| notcompiles| LOCAL| INSERT_BEFORE) =9, (CtAssignmentImpl| size: 381| notcompiles| LOCAL| INSERT_AFTER) =18, (CtIfImpl| size: 81| compiles| LOCAL| REPLACE) =47, (CtReturnImpl| size: 94| notcompiles| LOCAL| INSERT_AFTER) =27, (CtInvocationImpl| size: 94| alreadyanalyzed| LOCAL| INSERT_AFTER) =14, (CtIfImpl| size: 381| alreadyanalyzed| LOCAL| INSERT_AFTER) =8, (CtReturnImpl| size: 94| alreadyanalyzed| LOCAL| INSERT_BEFORE) =9, (CtReturnImpl| size: 126| alreadyanalyzed| LOCAL| INSERT_AFTER) =46, (CtReturnImpl| size: 58| compiles| LOCAL| REPLACE) =8, (CtReturnImpl| size: 126| compiles| LOCAL| INSERT_AFTER) =10, (CtIfImpl| size: 81| notcompiles| LOCAL| REPLACE) =23, (CtForImpl| size: 94| notcompiles| LOCAL| INSERT_AFTER) =7, (CtInvocationImpl| size: 94| notcompiles| LOCAL| INSERT_AFTER) =22, (CtIfImpl| size: 381| compiles| LOCAL| INSERT_AFTER) =40, (CtInvocationImpl| size: 381| notcompiles| LOCAL| INSERT_BEFORE) =32, (CtAssignmentImpl| size: 210| notcompiles| LOCAL| INSERT_AFTER) =12, (CtIfImpl| size: 381| notcompiles| LOCAL| INSERT_AFTER) =20, (CtInvocationImpl| size: 34| notcompiles| LOCAL| REPLACE) =19, (CtIfImpl| size: 210| compiles| LOCAL| INSERT_BEFORE) =1, (CtInvocationImpl| size: 216| compiles| LOCAL| REPLACE) =56, (CtReturnImpl| size: 94| notcompiles| LOCAL| INSERT_BEFORE) =28, (CtForImpl| size: 94| compiles| LOCAL| INSERT_AFTER) =3, (CtInvocationImpl| size: 381| alreadyanalyzed| LOCAL| INSERT_AFTER) =23, (CtAssignmentImpl| size: 34| compiles| LOCAL| REPLACE) =3, (CtInvocationImpl| size: 381| compiles| LOCAL| INSERT_AFTER) =74, (CtForImpl| size: 94| compiles| LOCAL| INSERT_BEFORE) =3, (CtAssignmentImpl| size: 381| compiles| LOCAL| INSERT_AFTER) =11, (CtInvocationImpl| size: 216| alreadyanalyzed| LOCAL| REPLACE) =24, (CtInvocationImpl| size: 381| notcompiles| LOCAL| INSERT_AFTER) =54, (CtInvocationImpl| size: 94| alreadyanalyzed| LOCAL| INSERT_BEFORE) =4, (CtAssignmentImpl| size: 126| compiles| LOCAL| INSERT_AFTER) =4, (CtReturnImpl| size: 31| notcompiles| LOCAL| REPLACE) =22, (CtInvocationImpl| size: 94| compiles| LOCAL| INSERT_BEFORE) =22, (CtIfImpl| size: 81| alreadyanalyzed| LOCAL| REPLACE) =26, (CtReturnImpl| size: 126| notcompiles| LOCAL| INSERT_BEFORE) =8, (CtAssignmentImpl| size: 210| compiles| LOCAL| INSERT_BEFORE) =3, (CtReturnImpl| size: 94| compiles| LOCAL| INSERT_AFTER) =22}
#gen: 724
#patches: 0
#RightCompilation: 540
#WrongCompilation: 184
#FailingTestCaseExecution: 541
#RegressionTestExecution: 541
#TestcasesExecutedval1: 78986
#TestcasesExecutedval2: 910503
#FailingTestCase: 146
#RegressionTestCases: 1683
#OfAppliedOp: 724
#NotAppliedOp: 0
#InmutatedGen: 6
#unfinishValidation: 0
#ing {CtForImpl=9, CtReturnImpl=120, CtAssignmentImpl=58, CtInvocationImpl=354, CtIfImpl=189}
#untilcompile {1=264, 32=2, 2=122, 3=51, 4=24, 5=25, 6=15, 7=9, 8=5, 9=5, 10=7, 41=1, 11=1, 12=2, 13=3, 14=3, 15=2, 17=3, 16=1, 21=1, 23=2, 58=1, 27=1}
2015-08-24 23:17:20,104 INFO main - Time Evolution(ms): 3661236
2015-08-24 23:17:20,104 INFO fr.inria.main.AbstractMain - Time Total(ms): 3687504


Node: griffon-18.nancy.grid5000.fr


Date: Tue Aug 25 01:17:20 CEST 2015


