Running ant (compile)...................................................... OK
Running ant (compile.tests)................................................ OK
mkdir: cannot create directory ‘lib/’: File exists
cp: cannot stat ‘/home/tdurieux/defects4j/framework/projects/Chart/lib/*’: No such file or directory
Picked up JAVA_TOOL_OPTIONS: -Dfile.encoding=UTF8
Problem creating series.
Problem creating series.
Problem creating series.
Problem creating series.
Problem creating series.
Problem creating series.
Problem creating series.
Problem creating series.
Problem creating series.
Problem creating series.
Problem creating series.
Problem creating series.

real	2m10.003s
user	3m22.028s
sys	0m8.228s
