export PATH="/home/tdurieux/defects4j/framework/bin:$PATH";export JAVA_TOOL_OPTIONS=-Dfile.encoding=UTF8;export PATH="/usr/lib/jvm/java-1.7.0-openjdk-amd64/bin/:$PATH";cp -r /home/tdurieux/projects/math/math_49 /tmp/math_49_Genprog;cd /tmp/math_49_Genprog;defects4j compile;mkdir lib/;cp -r /home/tdurieux/defects4j/framework/projects/lib/* lib/;cp -r /home/tdurieux/defects4j/framework/projects/Math/lib/* lib/;find . -type f -name "package-info.java" -delete;
/home/tdurieux/defects4j-repair/src/python/core/../../../results/2015-august/Math/49/Genprog/result
cd /tmp/math_49_Genprog;export JAVA_TOOL_OPTIONS=-Dfile.encoding=UTF8;export PATH="/usr/lib/jvm/java-1.7.0-openjdk-amd64/bin/:$PATH";time java  -cp /home/tdurieux/defects4j-repair/src/python/core/../../..//libs/astor.jar fr.inria.main.evolution.MainjGenProg -mode statement -location . -dependencies lib/ -failing org.apache.commons.math.linear.SparseRealVectorTest: -package org.apache.commons -jvm4testexecution /usr/lib/jvm/java-1.7.0-openjdk-amd64/bin/ -javacompliancelevel 5 -maxgen 1000000 -seed 10 -maxtime 60  -scope local  -stopfirst true -flthreshold 0.1 -population 1 -srcjavafolder src/main/java/ -srctestfolder src/test/java/ -binjavafolder target/classes/ -bintestfolder target/test-classes/;echo "

Node: `hostname`
";echo "
Date: `date`
";rm -rf /tmp/math_49_Genprog;

2015-08-24 21:21:28,285 INFO main - End Repair Loops: Found solution
2015-08-24 21:21:28,285 INFO main - Solution stored at: ./outputMutation//MainjGenProg-.//src/
2015-08-24 21:21:28,285 INFO main - 
Number solutions:1
2015-08-24 21:21:28,285 INFO main - f (sol): 0.0, [Variant id: 638 (SOL) , #gens: 87, #ops: 1, parent:637]
2015-08-24 21:21:28,285 INFO main - 
All variants:
2015-08-24 21:21:28,285 INFO main - f 1.0, [Variant id: 639, #gens: 88, #ops: 0, parent:-]
2015-08-24 21:21:28,285 INFO main - 
Solution details
2015-08-24 21:21:28,285 INFO main - 
 --SOLUTIONS DESCRIPTION--

 ----
ProgramVariant 638
 
operation: DELETE
location= org.apache.commons.math.util.OpenIntToDoubleHashMap
line= 399
original statement= ++(count)
fixed statement= ++(count)
generation= 319
ingredientScope= -
 
2015-08-24 21:21:28,285 INFO main - --Space: LOCAL
org.apache.commons.math.linear.AbstractRealVector=228|,org.apache.commons.math.linear.OpenMapRealVector=383|,org.apache.commons.math.util.OpenIntToDoubleHashMap=181|,org.apache.commons.math.exception.util.LocalizedFormats=6|,
2015-08-24 21:21:28,285 INFO main - 
----stats: 
2015-08-24 21:21:28,285 INFO main - 
spaces navigation: [94]: {(CtReturnImpl| size: 63| compiles| LOCAL| REPLACE) =5, (CtIfImpl| size: 383| compiles| LOCAL| INSERT_BEFORE) =6, (CtInvocationImpl| size: 383| alreadyanalyzed| LOCAL| INSERT_AFTER) =1, (CtIfImpl| size: 383| notcompiles| LOCAL| INSERT_AFTER) =3, (CtAssignmentImpl| size: 181| notcompiles| LOCAL| INSERT_BEFORE) =9, (CtIfImpl| size: 13| alreadyanalyzed| LOCAL| REPLACE) =23, (CtWhileImpl| size: 383| notcompiles| LOCAL| INSERT_AFTER) =1, (CtIfImpl| size: 32| notcompiles| LOCAL| REPLACE) =2, (CtInvocationImpl| size: 383| compiles| LOCAL| INSERT_BEFORE) =19, (CtLocalVariableImpl| size: 181| alreadyanalyzed| LOCAL| INSERT_BEFORE) =2, (CtLocalVariableImpl| size: 181| compiles| LOCAL| INSERT_BEFORE) =9, (CtInvocationImpl| size: 383| compiles| LOCAL| INSERT_AFTER) =12, (CtReturnImpl| size: 383| alreadyanalyzed| LOCAL| INSERT_AFTER) =4, (CtReturnImpl| size: 3| alreadyanalyzed| LOCAL| REPLACE) =2, (CtReturnImpl| size: 383| notcompiles| LOCAL| INSERT_AFTER) =15, (CtReturnImpl| size: 383| compiles| LOCAL| INSERT_AFTER) =9, (CtUnaryOperatorImpl| size: 181| compiles| LOCAL| INSERT_BEFORE) =2, (CtIfImpl| size: 29| notcompiles| LOCAL| REPLACE) =15, (CtIfImpl| size: 228| compiles| LOCAL| INSERT_AFTER) =2, (CtInvocationImpl| size: 383| notcompiles| LOCAL| INSERT_BEFORE) =26, (CtIfImpl| size: 228| compiles| LOCAL| INSERT_BEFORE) =5, (CtIfImpl| size: 181| compiles| LOCAL| INSERT_BEFORE) =10, (CtWhileImpl| size: 383| alreadyanalyzed| LOCAL| INSERT_AFTER) =1, (CtLocalVariableImpl| size: 383| notcompiles| LOCAL| INSERT_AFTER) =10, (CtUnaryOperatorImpl| size: 4| compiles| LOCAL| REPLACE) =2, (CtInvocationImpl| size: 383| notcompiles| LOCAL| INSERT_AFTER) =15, (CtLocalVariableImpl| size: 6| alreadyanalyzed| LOCAL| INSERT_AFTER) =1, (CtIfImpl| size: 13| notcompiles| LOCAL| REPLACE) =17, (CtIfImpl| size: 32| compiles| LOCAL| REPLACE) =2, (CtReturnImpl| size: 181| notcompiles| LOCAL| INSERT_AFTER) =6, (CtIfImpl| size: 228| notcompiles| LOCAL| INSERT_BEFORE) =8, (CtReturnImpl| size: 383| notcompiles| LOCAL| INSERT_BEFORE) =15, (CtLocalVariableImpl| size: 75| alreadyanalyzed| LOCAL| REPLACE) =1, (CtUnaryOperatorImpl| size: 181| notcompiles| LOCAL| INSERT_AFTER) =1, (CtIfImpl| size: 13| compiles| LOCAL| REPLACE) =1, (CtInvocationImpl| size: 122| compiles| LOCAL| REPLACE) =16, (CtAssignmentImpl| size: 181| alreadyanalyzed| LOCAL| INSERT_BEFORE) =2, (CtReturnImpl| size: 6| compiles| LOCAL| INSERT_AFTER) =1, (CtLocalVariableImpl| size: 181| notcompiles| LOCAL| INSERT_BEFORE) =19, (CtReturnImpl| size: 36| compiles| LOCAL| REPLACE) =6, (CtIfImpl| size: 29| compiles| LOCAL| REPLACE) =11, (CtAssignmentImpl| size: 181| compiles| LOCAL| INSERT_AFTER) =4, (CtLocalVariableImpl| size: 383| compiles| LOCAL| INSERT_BEFORE) =2, (CtLocalVariableImpl| size: 34| compiles| LOCAL| REPLACE) =11, (CtReturnImpl| size: 383| compiles| LOCAL| INSERT_BEFORE) =5, (CtLocalVariableImpl| size: 383| compiles| LOCAL| INSERT_AFTER) =6, (CtAssignmentImpl| size: 181| notcompiles| LOCAL| INSERT_AFTER) =1, (CtAssignmentImpl| size: 43| notcompiles| LOCAL| REPLACE) =11, (CtLocalVariableImpl| size: 6| notcompiles| LOCAL| INSERT_AFTER) =3, (CtReturnImpl| size: 3| notcompiles| LOCAL| REPLACE) =1, (CtReturnImpl| size: 181| compiles| LOCAL| INSERT_BEFORE) =14, (CtLocalVariableImpl| size: 228| notcompiles| LOCAL| INSERT_AFTER) =2, (CtWhileImpl| size: 383| compiles| LOCAL| INSERT_AFTER) =2, (CtLocalVariableImpl| size: 181| notcompiles| LOCAL| INSERT_AFTER) =18, (CtReturnImpl| size: 6| alreadyanalyzed| LOCAL| INSERT_AFTER) =2, (CtReturnImpl| size: 63| notcompiles| LOCAL| REPLACE) =8, (CtLocalVariableImpl| size: 228| compiles| LOCAL| INSERT_AFTER) =2, (CtAssignmentImpl| size: 43| compiles| LOCAL| REPLACE) =5, (CtIfImpl| size: 181| notcompiles| LOCAL| INSERT_AFTER) =1, (CtIfImpl| size: 181| notcompiles| LOCAL| INSERT_BEFORE) =7, (CtInvocationImpl| size: 181| notcompiles| LOCAL| INSERT_BEFORE) =5, (CtInvocationImpl| size: 383| alreadyanalyzed| LOCAL| INSERT_BEFORE) =3, (CtReturnImpl| size: 36| notcompiles| LOCAL| REPLACE) =6, (CtAssignmentImpl| size: 181| compiles| LOCAL| INSERT_BEFORE) =5, (CtLocalVariableImpl| size: 6| compiles| LOCAL| INSERT_AFTER) =1, (CtIfImpl| size: 383| notcompiles| LOCAL| INSERT_BEFORE) =13, (CtInvocationImpl| size: 122| notcompiles| LOCAL| REPLACE) =86, (CtLocalVariableImpl| size: 1| alreadyanalyzed| LOCAL| REPLACE) =3, (CtLocalVariableImpl| size: 75| compiles| LOCAL| REPLACE) =4, (CtReturnImpl| size: 181| notcompiles| LOCAL| INSERT_BEFORE) =4, (CtUnaryOperatorImpl| size: 8| alreadyanalyzed| LOCAL| REPLACE) =22, (CtIfImpl| size: 181| compiles| LOCAL| INSERT_AFTER) =10, (CtReturnImpl| size: 63| alreadyanalyzed| LOCAL| REPLACE) =2, (CtIfImpl| size: 383| compiles| LOCAL| INSERT_AFTER) =4, (CtUnaryOperatorImpl| size: 181| notcompiles| LOCAL| INSERT_BEFORE) =1, (CtLocalVariableImpl| size: 383| alreadyanalyzed| LOCAL| INSERT_AFTER) =4, (CtReturnImpl| size: 6| compiles| LOCAL| INSERT_BEFORE) =1, (CtUnaryOperatorImpl| size: 8| notcompiles| LOCAL| REPLACE) =2, (CtLocalVariableImpl| size: 383| notcompiles| LOCAL| INSERT_BEFORE) =4, (CtIfImpl| size: 228| alreadyanalyzed| LOCAL| INSERT_BEFORE) =1, (CtLocalVariableImpl| size: 6| compiles| LOCAL| INSERT_BEFORE) =1, (CtIfImpl| size: 29| alreadyanalyzed| LOCAL| REPLACE) =17, (CtUnaryOperatorImpl| size: 181| compiles| LOCAL| INSERT_AFTER) =3, (CtInvocationImpl| size: 181| compiles| LOCAL| INSERT_BEFORE) =7, (CtAssignmentImpl| size: 43| alreadyanalyzed| LOCAL| REPLACE) =5, (CtReturnImpl| size: 181| compiles| LOCAL| INSERT_AFTER) =10, (CtLocalVariableImpl| size: 181| compiles| LOCAL| INSERT_AFTER) =10, (CtIfImpl| size: 32| alreadyanalyzed| LOCAL| REPLACE) =2, (CtWhileImpl| size: 23| compiles| LOCAL| REPLACE) =4, (CtIfImpl| size: 228| notcompiles| LOCAL| INSERT_AFTER) =1, (CtInvocationImpl| size: 122| alreadyanalyzed| LOCAL| REPLACE) =194, (CtUnaryOperatorImpl| size: 181| alreadyanalyzed| LOCAL| INSERT_AFTER) =1, (CtLocalVariableImpl| size: 34| alreadyanalyzed| LOCAL| REPLACE) =2, (CtLocalVariableImpl| size: 383| alreadyanalyzed| LOCAL| INSERT_BEFORE) =3}
#gen: 319
#patches: 1
#RightCompilation: 161
#WrongCompilation: 158
#FailingTestCaseExecution: 162
#RegressionTestExecution: 2
#TestcasesExecutedval1: 1458
#TestcasesExecutedval2: 5582
#FailingTestCase: 9
#RegressionTestCases: 2791
#OfAppliedOp: 319
#NotAppliedOp: 0
#InmutatedGen: 46
#unfinishValidation: 0
#ing {CtLocalVariableImpl=64, CtReturnImpl=76, CtAssignmentImpl=29, CtInvocationImpl=75, CtThrowImpl=12, CtIfImpl=84, CtWhileImpl=12, CtUnaryOperatorImpl=13}
#untilcompile {1=110, 70=1, 2=44, 3=26, 38=1, 4=15, 5=9, 6=10, 7=3, 8=3, 9=2, 10=1, 11=2, 12=1, 14=1, 16=1, 24=1, 123=1, 30=1}
2015-08-24 21:21:28,286 INFO main - Time Evolution(ms): 387051
2015-08-24 21:21:28,286 INFO fr.inria.main.AbstractMain - Time Total(ms): 607803


Node: griffon-10.nancy.grid5000.fr


Date: Mon Aug 24 23:21:28 CEST 2015


