export PATH="/home/tdurieux/defects4j/framework/bin:$PATH";export JAVA_TOOL_OPTIONS=-Dfile.encoding=UTF8;export PATH="/usr/lib/jvm/java-1.7.0-openjdk-amd64/bin/:$PATH";cp -r /home/tdurieux/projects/lang/lang_63 /tmp/lang_63_BrutpolPC;cd /tmp/lang_63_BrutpolPC;defects4j compile;mkdir lib/;cp -r /home/tdurieux/defects4j/framework/projects/lib/* lib/;cp -r /home/tdurieux/defects4j/framework/projects/Lang/lib/* lib/;find . -type f -name "package-info.java" -delete;
cd /tmp/lang_63_BrutpolPC;export JAVA_TOOL_OPTIONS=-Dfile.encoding=UTF8;export PATH="/usr/lib/jvm/java-1.7.0-openjdk-amd64/bin/:$PATH";cp -r /home/tdurieux/defects4j-repair/src/python/core/../../../libs/z3 lib/z3;time java  -cp /home/tdurieux/defects4j-repair/src/python/core/../../..//libs/nopol.jar:/usr/lib/jvm/java-1.7.0-openjdk-amd64/bin//../lib/tools.jar fr.inria.lille.repair.Main --mode repair --type precondition --oracle angelic --synthesis brutpol --solver z3 --solver-path /home/tdurieux/defects4j-repair/src/python/core/../../..//libs/z3/z3 --complianceLevel 3 --source src/java/ --classpath target/classes/:target/tests/:lib/asm.jar:lib/cglib.jar:lib/commons-io.jar:lib/easymock.jar:/home/tdurieux/defects4j-repair/src/python/core/../../..//libs/nopol.jar;echo "

Node: `hostname`
";echo "
Date: `date`
";rm -rf /tmp/lang_63_BrutpolPC;

Nb classes : 77
Nb methods : 1691
03:00:04.501 [Thread-19] DEBUG f.i.l.c.t.SpecificationTestCasesListener - [#2. FAILED]
Nb statements: 8331
Nb statement executed by the passing tests of the patched line: 0
Nb statement executed by the failing tests of the patched line: 0
Nb unit tests : 1671
Nb Statements Analyzed : 6
Nb Statements with Angelic Value Found : 1
Nb run failing test  : [2, 2]
Nb run passing test : [4, 1]
NoPol Execution time : 3103242ms
03:00:04.501 [Thread-19] DEBUG f.i.l.c.t.SpecificationTestCasesListener - Tests run finished (3083998 ms)
<> Total tests run: 1
<> Ignored tests: 0
<> Failed tests: 1
~ testJiraLang281(org.apache.commons.lang.time.DurationFormatUtilsTest)
[Java heap space]
java.lang.OutOfMemoryError: Java heap space
    at fr.inria.lille.commons.trace.collector.CharSequenceCollector.collectedValues(CharSequenceCollector.java:15)
    at fr.inria.lille.commons.trace.collector.ValueCollector.collectWith(ValueCollector.java:29)
    at fr.inria.lille.commons.trace.collector.ValueCollector.collectFrom(ValueCollector.java:21)
    at fr.inria.lille.commons.trace.RuntimeValues.collectInput(RuntimeValues.java:64)
    at org.apache.commons.lang.time.DurationFormatUtils.formatPeriod(DurationFormatUtils.java:147)
    at org.apache.commons.lang.time.DurationFormatUtils.formatPeriod(DurationFormatUtils.java:98)


Node: graphene-50.nancy.grid5000.fr


Date: Thu Aug 20 05:00:13 CEST 2015


