cd /tmp/math_58_Brutpol;export JAVA_TOOL_OPTIONS=-Dfile.encoding=UTF8;TZ="America/New_York"; export TZexport PATH="/usr/lib/jvm/java-1.7.0-openjdk-amd64/bin/:$PATH";cp -r /home/tdurieux/dynamoth-experiments/src/python/core/../../../libs/z3 lib/z3;time java -d64 -Xmx4g -Xms1g -XX:MaxPermSize=1024m -XX:+UseConcMarkSweepGC -XX:+CMSPermGenSweepingEnabled -XX:+CMSClassUnloadingEnabled -cp /home/tdurieux/dynamoth-experiments/src/python/core/../../..//libs/nopol.jar:/usr/lib/jvm/java-1.7.0-openjdk-amd64/bin//../lib/tools.jar fr.inria.lille.repair.Main --flocal gzoltar  --maxTime 300  --json  --mode repair --type pre_then_cond --oracle angelic --synthesis dynamoth --solver z3 --solver-path /home/tdurieux/dynamoth-experiments/src/python/core/../../..//libs/z3/z3 --complianceLevel 5 --source /tmp/math_58_Brutpol/src/main/java/ --classpath /tmp/math_58_Brutpol/target/classes/:/tmp/math_58_Brutpol/target/test-classes/:/tmp/math_58_Brutpol/lib/commons-discovery-0.5.jar:/home/tdurieux/dynamoth-experiments/src/python/core/../../..//libs/nopol.jar;echo "

Node: `hostname`
";echo "
Date: `date`
";

16:26:11.391 [pool-2-thread-1] INFO  fr.inria.lille.repair.nopol.NoPol - Nb classes : 499
16:26:11.392 [pool-2-thread-1] INFO  fr.inria.lille.repair.nopol.NoPol - Nb methods : 3178
16:26:11.392 [pool-2-thread-1] INFO  fr.inria.lille.repair.nopol.NoPol - Nb Statements Analyzed : 4
16:26:11.392 [pool-2-thread-1] INFO  fr.inria.lille.repair.nopol.NoPol - Nb Statements with Angelic Value Found : 1
16:26:11.392 [pool-2-thread-1] INFO  fr.inria.lille.repair.nopol.NoPol - NoPol Execution time : 178655ms
16:26:11.392 [pool-2-thread-1] INFO  fr.inria.lille.repair.nopol.NoPol - ----PATCH FOUND----
16:26:11.392 [pool-2-thread-1] INFO  fr.inria.lille.repair.nopol.NoPol - param[0] <= 0
16:26:11.544 [pool-2-thread-1] INFO  fr.inria.lille.repair.nopol.NoPol - Nb test that executes the patch: 3
16:26:11.544 [pool-2-thread-1] INFO  fr.inria.lille.repair.nopol.NoPol - org.apache.commons.math.analysis.function.Gaussian$Parametric:183: PRECONDITION
16:26:11.559 [pool-2-thread-1] INFO  fr.inria.lille.repair.nopol.NoPol - --- /tmp/math_58_Brutpol/src/main/java/org/apache/commons/math/analysis/function/Gaussian.java
+++ /tmp/math_58_Brutpol/src/main/java/org/apache/commons/math/analysis/function/Gaussian.java
@@ -182,3 +182,5 @@
             if (param[2] <= 0) {
-                throw new NotStrictlyPositiveException(param[2]);
+                if (param[0] <= 0) {
+                    throw new NotStrictlyPositiveException(param[2]);
+                }
             }



Node: griffon-5.nancy.grid5000.fr


Date: Sat Mar  4 17:26:12 CET 2017


