Picked up JAVA_TOOL_OPTIONS: -Dfile.encoding=UTF8
java.lang.ClassCastException: spoon.support.reflect.code.CtInvocationImpl cannot be cast to spoon.reflect.code.CtBlock
	at spoon.support.reflect.code.CtStatementImpl.insertBefore(CtStatementImpl.java:163)
	at spoon.support.reflect.code.CtStatementImpl.insertBefore(CtStatementImpl.java:80)
	at spoon.support.reflect.code.CtInvocationImpl.insertBefore(CtInvocationImpl.java:96)
	at fr.inria.lille.commons.spoon.util.SpoonStatementLibrary.insertBeforeUnderSameParent(SpoonStatementLibrary.java:40)
	at fr.inria.lille.repair.nopol.spoon.ConditionalLoggingInstrumenter.process(ConditionalLoggingInstrumenter.java:35)
	at fr.inria.lille.repair.nopol.spoon.ConditionalLoggingInstrumenter.process(ConditionalLoggingInstrumenter.java:18)
	at spoon.support.visitor.ProcessingVisitor.scan(ProcessingVisitor.java:94)
	at spoon.reflect.visitor.CtScanner.visitCtInvocation(CtScanner.java:454)
	at spoon.support.reflect.code.CtInvocationImpl.accept(CtInvocationImpl.java:51)
	at spoon.reflect.visitor.CtScanner.scan(CtScanner.java:153)
	at spoon.support.visitor.ProcessingVisitor.scan(ProcessingVisitor.java:90)
	at spoon.support.visitor.ProcessingVisitor.scan(ProcessingVisitor.java:66)
	at spoon.reflect.visitor.CtScanner.visitCtBlock(CtScanner.java:283)
	at spoon.support.reflect.code.CtBlockImpl.accept(CtBlockImpl.java:45)
	at spoon.reflect.visitor.CtScanner.scan(CtScanner.java:153)
	at spoon.support.visitor.ProcessingVisitor.scan(ProcessingVisitor.java:90)
	at spoon.reflect.visitor.CtScanner.visitCtMethod(CtScanner.java:503)
	at spoon.support.reflect.declaration.CtMethodImpl.accept(CtMethodImpl.java:51)
	at spoon.reflect.visitor.CtScanner.scan(CtScanner.java:153)
	at spoon.support.visitor.ProcessingVisitor.scan(ProcessingVisitor.java:90)
	at spoon.support.visitor.ProcessingVisitor.scan(ProcessingVisitor.java:66)
	at spoon.reflect.visitor.CtScanner.visitCtClass(CtScanner.java:319)
	at spoon.support.reflect.declaration.CtClassImpl.accept(CtClassImpl.java:59)
	at spoon.reflect.visitor.CtScanner.scan(CtScanner.java:153)
	at spoon.support.visitor.ProcessingVisitor.scan(ProcessingVisitor.java:90)
	at spoon.support.RuntimeProcessingManager.process(RuntimeProcessingManager.java:174)
	at spoon.support.RuntimeProcessingManager.process(RuntimeProcessingManager.java:156)
	at fr.inria.lille.commons.spoon.SpoonedFile.processModelledClasses(SpoonedFile.java:136)
	at fr.inria.lille.commons.spoon.SpoonedFile.process(SpoonedFile.java:128)
	at fr.inria.lille.commons.spoon.SpoonedFile.processedAndDumpedToClassLoader(SpoonedFile.java:119)
	at fr.inria.lille.commons.spoon.SpoonedFile.processedAndDumpedToClassLoader(SpoonedFile.java:115)
	at fr.inria.lille.repair.nopol.synth.ConstraintModelBuilder.<init>(ConstraintModelBuilder.java:59)
	at fr.inria.lille.repair.nopol.synth.SynthesizerFactory.getFor(SynthesizerFactory.java:125)
	at fr.inria.lille.repair.nopol.NoPol.solveWithMultipleBuild(NoPol.java:164)
	at fr.inria.lille.repair.nopol.NoPol.build(NoPol.java:123)
	at fr.inria.lille.repair.nopol.NoPol.build(NoPol.java:93)
	at fr.inria.lille.repair.nopol.NoPolLauncher.launch(NoPolLauncher.java:85)
	at fr.inria.lille.repair.Main.main(Main.java:59)
java.lang.RuntimeException: java.util.concurrent.TimeoutException
	at xxl.java.junit.TestSuiteExecution.executionResult(TestSuiteExecution.java:101)
	at xxl.java.junit.TestSuiteExecution.runTestCase(TestSuiteExecution.java:42)
	at xxl.java.junit.TestSuiteExecution.runTestCases(TestSuiteExecution.java:85)
	at fr.inria.lille.repair.nopol.synth.ConstraintModelBuilder.buildFor(ConstraintModelBuilder.java:80)
	at fr.inria.lille.repair.nopol.synth.DefaultSynthesizer.buildPatch(DefaultSynthesizer.java:69)
	at fr.inria.lille.repair.nopol.NoPol.solveWithMultipleBuild(NoPol.java:185)
	at fr.inria.lille.repair.nopol.NoPol.build(NoPol.java:123)
	at fr.inria.lille.repair.nopol.NoPol.build(NoPol.java:93)
	at fr.inria.lille.repair.nopol.NoPolLauncher.launch(NoPolLauncher.java:85)
	at fr.inria.lille.repair.Main.main(Main.java:59)
Caused by: java.util.concurrent.TimeoutException
	at java.util.concurrent.FutureTask.get(FutureTask.java:201)
	at xxl.java.junit.TestSuiteExecution.executionResult(TestSuiteExecution.java:94)
	... 9 more


The system is out of resources.
Consult the following stack trace for details.
java.lang.OutOfMemoryError: GC overhead limit exceeded
	at java.lang.String.toCharArray(String.java:2746)
	at com.sun.tools.javac.util.Name$Table.fromString(Name.java:203)
	at com.sun.tools.javac.util.Names.fromString(Names.java:288)
	at com.sun.tools.javac.jvm.ClassReader.includeClassFile(ClassReader.java:2377)
	at com.sun.tools.javac.jvm.ClassReader.fillIn(ClassReader.java:2528)
	at com.sun.tools.javac.jvm.ClassReader.fillIn(ClassReader.java:2446)
	at com.sun.tools.javac.jvm.ClassReader.complete(ClassReader.java:2143)
	at com.sun.tools.javac.code.Symbol.complete(Symbol.java:421)
	at com.sun.tools.javac.code.Symbol$PackageSymbol.flags(Symbol.java:662)
	at com.sun.tools.javac.comp.Attr.visitSelect(Attr.java:2343)
	at com.sun.tools.javac.tree.JCTree$JCFieldAccess.accept(JCTree.java:1677)
	at com.sun.tools.javac.comp.Attr.attribTree(Attr.java:431)
	at com.sun.tools.javac.comp.Attr.attribTree(Attr.java:418)
	at com.sun.tools.javac.comp.Attr.visitSelect(Attr.java:2247)
	at com.sun.tools.javac.tree.JCTree$JCFieldAccess.accept(JCTree.java:1677)
	at com.sun.tools.javac.comp.Attr.attribTree(Attr.java:431)
	at com.sun.tools.javac.comp.Attr.attribTree(Attr.java:418)
	at com.sun.tools.javac.comp.Attr.visitSelect(Attr.java:2247)
	at com.sun.tools.javac.tree.JCTree$JCFieldAccess.accept(JCTree.java:1677)
	at com.sun.tools.javac.comp.Attr.attribTree(Attr.java:431)
	at com.sun.tools.javac.comp.Attr.attribTree(Attr.java:418)
	at com.sun.tools.javac.comp.Attr.attribExpr(Attr.java:449)
	at com.sun.tools.javac.comp.Attr.visitApply(Attr.java:1521)
	at com.sun.tools.javac.tree.JCTree$JCMethodInvocation.accept(JCTree.java:1321)
	at com.sun.tools.javac.comp.Attr.attribTree(Attr.java:431)
	at com.sun.tools.javac.comp.Attr.attribTree(Attr.java:418)
	at com.sun.tools.javac.comp.Attr.attribExpr(Attr.java:460)
	at com.sun.tools.javac.comp.Attr.visitExec(Attr.java:1294)
	at com.sun.tools.javac.tree.JCTree$JCExpressionStatement.accept(JCTree.java:1167)
	at com.sun.tools.javac.comp.Attr.attribTree(Attr.java:431)
	at com.sun.tools.javac.comp.Attr.attribTree(Attr.java:418)
	at com.sun.tools.javac.comp.Attr.attribStat(Attr.java:480)
xxl.java.compiler.DynamicCompilationException: Aborting: dynamic compilation failed
	at xxl.java.compiler.DynamicClassCompiler.runCompilationTask(DynamicClassCompiler.java:95)
	at xxl.java.compiler.DynamicClassCompiler.javaBytecodeFor(DynamicClassCompiler.java:63)
	at fr.inria.lille.commons.spoon.SpoonedFile.compilationFor(SpoonedFile.java:177)
	at fr.inria.lille.commons.spoon.SpoonedFile.compileModelledClasses(SpoonedFile.java:154)
	at fr.inria.lille.commons.spoon.SpoonedFile.processModelledClasses(SpoonedFile.java:138)
	at fr.inria.lille.commons.spoon.SpoonedFile.process(SpoonedFile.java:128)
	at fr.inria.lille.commons.spoon.SpoonedFile.process(SpoonedFile.java:124)
	at fr.inria.lille.repair.nopol.synth.SynthesizerFactory.getFor(SynthesizerFactory.java:76)
	at fr.inria.lille.repair.nopol.NoPol.solveWithMultipleBuild(NoPol.java:164)
	at fr.inria.lille.repair.nopol.NoPol.build(NoPol.java:123)
	at fr.inria.lille.repair.nopol.NoPol.build(NoPol.java:93)
	at fr.inria.lille.repair.nopol.NoPolLauncher.launch(NoPolLauncher.java:85)
	at fr.inria.lille.repair.Main.main(Main.java:59)
Exception in thread "main" java.lang.OutOfMemoryError: GC overhead limit exceeded
	at java.util.Arrays.copyOfRange(Arrays.java:2694)
	at java.lang.String.<init>(String.java:203)
	at java.lang.String.substring(String.java:1913)
	at org.eclipse.jdt.internal.compiler.batch.ClasspathJar.isPackage(ClasspathJar.java:161)
	at org.eclipse.jdt.internal.compiler.batch.ClasspathJar.findClass(ClasspathJar.java:94)
	at org.eclipse.jdt.internal.compiler.batch.FileSystem.findClass(FileSystem.java:262)
	at org.eclipse.jdt.internal.compiler.batch.FileSystem.findType(FileSystem.java:354)
	at org.eclipse.jdt.internal.compiler.lookup.LookupEnvironment.createPackage(LookupEnvironment.java:755)
	at org.eclipse.jdt.internal.compiler.lookup.CompilationUnitScope.buildTypeBindings(CompilationUnitScope.java:107)
	at org.eclipse.jdt.internal.compiler.lookup.LookupEnvironment.buildTypeBindings(LookupEnvironment.java:188)
	at org.eclipse.jdt.internal.compiler.Compiler.internalBeginToCompile(Compiler.java:723)
	at org.eclipse.jdt.internal.compiler.Compiler.beginToCompile(Compiler.java:383)
	at spoon.support.compiler.jdt.TreeBuilderCompiler.buildUnits(TreeBuilderCompiler.java:36)
	at spoon.support.compiler.jdt.JDTBatchCompiler.getUnits(JDTBatchCompiler.java:121)
	at spoon.support.compiler.jdt.JDTBasedSpoonCompiler.buildSources(JDTBasedSpoonCompiler.java:224)
	at spoon.support.compiler.jdt.JDTBasedSpoonCompiler.build(JDTBasedSpoonCompiler.java:505)
	at fr.inria.lille.commons.spoon.util.SpoonModelLibrary.modelFor(SpoonModelLibrary.java:56)
	at fr.inria.lille.commons.spoon.SpoonedFile.<init>(SpoonedFile.java:50)
	at fr.inria.lille.commons.spoon.SpoonedClass.<init>(SpoonedClass.java:13)
	at fr.inria.lille.commons.spoon.SpoonedProject.forked(SpoonedProject.java:42)
	at fr.inria.lille.repair.nopol.synth.ConstraintModelBuilder.<init>(ConstraintModelBuilder.java:57)
	at fr.inria.lille.repair.nopol.synth.SynthesizerFactory.getFor(SynthesizerFactory.java:125)
	at fr.inria.lille.repair.nopol.NoPol.solveWithMultipleBuild(NoPol.java:164)
	at fr.inria.lille.repair.nopol.NoPol.build(NoPol.java:123)
	at fr.inria.lille.repair.nopol.NoPol.build(NoPol.java:93)
	at fr.inria.lille.repair.nopol.NoPolLauncher.launch(NoPolLauncher.java:85)
	at fr.inria.lille.repair.Main.main(Main.java:59)

real	25m17.069s
user	182m45.465s
sys	0m50.331s
