export PATH="/home/tdurieux/defects4j/framework/bin:$PATH";export JAVA_TOOL_OPTIONS=-Dfile.encoding=UTF8;export PATH="/usr/lib/jvm/java-1.7.0-openjdk-amd64/bin/:$PATH";cp -r /home/tdurieux/projects/lang/lang_63 /tmp/lang_63_Genprog;cd /tmp/lang_63_Genprog;defects4j compile;mkdir lib/;cp -r /home/tdurieux/defects4j/framework/projects/lib/* lib/;cp -r /home/tdurieux/defects4j/framework/projects/Lang/lib/* lib/;find . -type f -name "package-info.java" -delete;
/home/tdurieux/defects4j-repair/src/python/core/../../../results/2015-august/Lang/63/Genprog/result
cd /tmp/lang_63_Genprog;export JAVA_TOOL_OPTIONS=-Dfile.encoding=UTF8;TZ="America/New_York"; export TZexport PATH="/usr/lib/jvm/java-1.7.0-openjdk-amd64/bin/:$PATH";time java  -cp /home/tdurieux/defects4j-repair/src/python/core/../../..//libs/astor.jar fr.inria.main.evolution.MainjGenProg -mode statement -location . -dependencies lib/ -failing org.apache.commons.lang.time.DurationFormatUtilsTest: -package org.apache.commons -jvm4testexecution /usr/lib/jvm/java-1.7.0-openjdk-amd64/bin/ -javacompliancelevel 3 -maxgen 1000000 -seed 10 -maxtime 60  -scope local  -stopfirst true -flthreshold 0.1 -population 1 -srcjavafolder src/java/ -srctestfolder src/test/ -binjavafolder target/classes/ -bintestfolder target/tests/;echo "

Node: `hostname`
";echo "
Date: `date`
";rm -rf /tmp/lang_63_Genprog;

2015-08-24 23:17:29,323 INFO main - End Repair Loops: NOT Found solution
2015-08-24 23:17:29,323 INFO main - 
Number solutions:0
2015-08-24 23:17:29,323 INFO main - 
All variants:
2015-08-24 23:17:29,323 INFO main - f 41.0, [Variant id: 21753, #gens: 111, #ops: 0, parent:-]
2015-08-24 23:17:29,323 INFO main - --Space: LOCAL
org.apache.commons.lang.time.DurationFormatUtils=249|,org.apache.commons.lang.StringUtils=943|,
2015-08-24 23:17:29,323 INFO main - 
----stats: 
2015-08-24 23:17:29,323 INFO main - 
spaces navigation: [118]: {(CtIfImpl| size: 249| alreadyanalyzed| LOCAL| INSERT_BEFORE) =271, (CtIfImpl| size: 249| notcompiles| LOCAL| INSERT_BEFORE) =479, (CtForImpl| size: 249| notcompiles| LOCAL| INSERT_AFTER) =68, (CtInvocationImpl| size: 249| compiles| LOCAL| INSERT_AFTER) =231, (CtReturnImpl| size: 943| notcompiles| LOCAL| INSERT_AFTER) =33, (CtReturnImpl| size: 943| alreadyanalyzed| LOCAL| INSERT_BEFORE) =7, (CtAssignmentImpl| size: 249| alreadyanalyzed| LOCAL| INSERT_AFTER) =161, (CtUnaryOperatorImpl| size: 249| notcompiles| LOCAL| INSERT_AFTER) =215, (CtSwitchImpl| size: 1| alreadyanalyzed| LOCAL| REPLACE) =18, (CtReturnImpl| size: 318| alreadyanalyzed| LOCAL| REPLACE) =15, (CtReturnImpl| size: 249| alreadyanalyzed| LOCAL| INSERT_AFTER) =2348, (CtLocalVariableImpl| size: 249| notcompiles| LOCAL| INSERT_AFTER) =1612, (CtBreakImpl| size: 8| alreadyanalyzed| LOCAL| REPLACE) =160, (CtUnaryOperatorImpl| size: 249| alreadyanalyzed| LOCAL| INSERT_AFTER) =129, (CtIfImpl| size: 943| notcompiles| LOCAL| INSERT_BEFORE) =47, (CtInvocationImpl| size: 249| notcompiles| LOCAL| INSERT_AFTER) =489, (CtWhileImpl| size: 249| notcompiles| LOCAL| INSERT_BEFORE) =203, (CtIfImpl| size: 43| notcompiles| LOCAL| REPLACE) =414, (CtAssignmentImpl| size: 59| notcompiles| LOCAL| REPLACE) =300, (CtUnaryOperatorImpl| size: 249| notcompiles| LOCAL| INSERT_BEFORE) =185, (CtIfImpl| size: 254| compiles| LOCAL| REPLACE) =19, (CtUnaryOperatorImpl| size: 7| compiles| LOCAL| REPLACE) =30, (CtUnaryOperatorImpl| size: 7| notcompiles| LOCAL| REPLACE) =6, (CtIfImpl| size: 943| compiles| LOCAL| INSERT_BEFORE) =34, (CtIfImpl| size: 943| alreadyanalyzed| LOCAL| INSERT_AFTER) =12, (CtLocalVariableImpl| size: 249| compiles| LOCAL| INSERT_AFTER) =780, (CtReturnImpl| size: 318| compiles| LOCAL| REPLACE) =12, (CtForImpl| size: 3| alreadyanalyzed| LOCAL| REPLACE) =71, (CtReturnImpl| size: 943| compiles| LOCAL| INSERT_BEFORE) =15, (CtOperatorAssignmentImpl| size: 249| notcompiles| LOCAL| INSERT_AFTER) =705, (CtReturnImpl| size: 318| notcompiles| LOCAL| REPLACE) =12, (CtBreakImpl| size: 249| alreadyanalyzed| LOCAL| INSERT_AFTER) =22, (CtLocalVariableImpl| size: 943| alreadyanalyzed| LOCAL| INSERT_AFTER) =9, (CtReturnImpl| size: 249| compiles| LOCAL| INSERT_AFTER) =175, (CtLocalVariableImpl| size: 249| alreadyanalyzed| LOCAL| INSERT_BEFORE) =4818, (CtAssignmentImpl| size: 249| notcompiles| LOCAL| INSERT_AFTER) =280, (CtInvocationImpl| size: 28| notcompiles| LOCAL| REPLACE) =120, (CtSwitchImpl| size: 249| compiles| LOCAL| INSERT_AFTER) =19, (CtLocalVariableImpl| size: 943| notcompiles| LOCAL| INSERT_BEFORE) =24, (CtWhileImpl| size: 249| alreadyanalyzed| LOCAL| INSERT_BEFORE) =113, (CtLocalVariableImpl| size: 249| alreadyanalyzed| LOCAL| INSERT_AFTER) =3676, (CtInvocationImpl| size: 249| alreadyanalyzed| LOCAL| INSERT_AFTER) =2213, (CtBreakImpl| size: 249| compiles| LOCAL| INSERT_BEFORE) =14, (CtIfImpl| size: 43| alreadyanalyzed| LOCAL| REPLACE) =10643, (CtReturnImpl| size: 249| notcompiles| LOCAL| INSERT_BEFORE) =586, (CtAssignmentImpl| size: 249| notcompiles| LOCAL| INSERT_BEFORE) =256, (CtInvocationImpl| size: 249| compiles| LOCAL| INSERT_BEFORE) =230, (CtBreakImpl| size: 249| compiles| LOCAL| INSERT_AFTER) =26, (CtWhileImpl| size: 249| alreadyanalyzed| LOCAL| INSERT_AFTER) =116, (CtAssignmentImpl| size: 249| compiles| LOCAL| INSERT_BEFORE) =314, (CtOperatorAssignmentImpl| size: 249| compiles| LOCAL| INSERT_BEFORE) =669, (CtOperatorAssignmentImpl| size: 249| notcompiles| LOCAL| INSERT_BEFORE) =683, (CtOperatorAssignmentImpl| size: 249| alreadyanalyzed| LOCAL| INSERT_AFTER) =616, (CtAssignmentImpl| size: 249| alreadyanalyzed| LOCAL| INSERT_BEFORE) =191, (CtReturnImpl| size: 249| notcompiles| LOCAL| INSERT_AFTER) =500, (CtWhileImpl| size: 249| notcompiles| LOCAL| INSERT_AFTER) =221, (CtUnaryOperatorImpl| size: 249| compiles| LOCAL| INSERT_BEFORE) =208, (CtReturnImpl| size: 25| notcompiles| LOCAL| REPLACE) =101, (CtReturnImpl| size: 25| compiles| LOCAL| REPLACE) =25, (CtOperatorAssignmentImpl| size: 249| alreadyanalyzed| LOCAL| INSERT_BEFORE) =525, (CtIfImpl| size: 249| notcompiles| LOCAL| INSERT_AFTER) =579, (CtSwitchImpl| size: 249| notcompiles| LOCAL| INSERT_AFTER) =22, (CtLocalVariableImpl| size: 142| compiles| LOCAL| REPLACE) =14, (CtForImpl| size: 249| compiles| LOCAL| INSERT_BEFORE) =33, (CtIfImpl| size: 943| compiles| LOCAL| INSERT_AFTER) =30, (CtLocalVariableImpl| size: 943| notcompiles| LOCAL| INSERT_AFTER) =28, (CtForImpl| size: 249| alreadyanalyzed| LOCAL| INSERT_BEFORE) =9, (CtLocalVariableImpl| size: 249| notcompiles| LOCAL| INSERT_BEFORE) =1724, (CtLocalVariableImpl| size: 142| alreadyanalyzed| LOCAL| REPLACE) =1, (CtAssignmentImpl| size: 59| alreadyanalyzed| LOCAL| REPLACE) =14227, (CtBreakImpl| size: 249| notcompiles| LOCAL| INSERT_AFTER) =40, (CtIfImpl| size: 943| alreadyanalyzed| LOCAL| INSERT_BEFORE) =13, (CtIfImpl| size: 254| alreadyanalyzed| LOCAL| REPLACE) =4317, (CtLocalVariableImpl| size: 41| alreadyanalyzed| LOCAL| REPLACE) =3302, (CtIfImpl| size: 254| notcompiles| LOCAL| REPLACE) =313, (CtWhileImpl| size: 6| alreadyanalyzed| LOCAL| REPLACE) =1060, (CtReturnImpl| size: 249| compiles| LOCAL| INSERT_BEFORE) =214, (CtWhileImpl| size: 249| compiles| LOCAL| INSERT_BEFORE) =209, (CtIfImpl| size: 249| compiles| LOCAL| INSERT_BEFORE) =350, (CtAssignmentImpl| size: 59| compiles| LOCAL| REPLACE) =78, (CtLocalVariableImpl| size: 943| alreadyanalyzed| LOCAL| INSERT_BEFORE) =9, (CtUnaryOperatorImpl| size: 249| alreadyanalyzed| LOCAL| INSERT_BEFORE) =115, (CtForImpl| size: 3| notcompiles| LOCAL| REPLACE) =4, (CtSwitchImpl| size: 249| alreadyanalyzed| LOCAL| INSERT_AFTER) =5, (CtLocalVariableImpl| size: 41| compiles| LOCAL| REPLACE) =712, (CtIfImpl| size: 943| notcompiles| LOCAL| INSERT_AFTER) =46, (CtInvocationImpl| size: 249| notcompiles| LOCAL| INSERT_BEFORE) =537, (CtReturnImpl| size: 249| alreadyanalyzed| LOCAL| INSERT_BEFORE) =3472, (CtReturnImpl| size: 943| notcompiles| LOCAL| INSERT_BEFORE) =20, (CtLocalVariableImpl| size: 943| compiles| LOCAL| INSERT_AFTER) =14, (CtBreakImpl| size: 249| alreadyanalyzed| LOCAL| INSERT_BEFORE) =6, (CtBreakImpl| size: 249| notcompiles| LOCAL| INSERT_BEFORE) =30, (CtInvocationImpl| size: 249| alreadyanalyzed| LOCAL| INSERT_BEFORE) =5177, (CtForImpl| size: 249| compiles| LOCAL| INSERT_AFTER) =51, (CtReturnImpl| size: 25| alreadyanalyzed| LOCAL| REPLACE) =4275, (CtForImpl| size: 249| alreadyanalyzed| LOCAL| INSERT_AFTER) =21, (CtAssignmentImpl| size: 249| compiles| LOCAL| INSERT_AFTER) =277, (CtOperatorAssignmentImpl| size: 249| compiles| LOCAL| INSERT_AFTER) =692, (CtSwitchImpl| size: 249| alreadyanalyzed| LOCAL| INSERT_BEFORE) =10, (CtSwitchImpl| size: 249| compiles| LOCAL| INSERT_BEFORE) =21, (CtUnaryOperatorImpl| size: 7| alreadyanalyzed| LOCAL| REPLACE) =1169, (CtForImpl| size: 249| notcompiles| LOCAL| INSERT_BEFORE) =54, (CtIfImpl| size: 43| compiles| LOCAL| REPLACE) =151, (CtIfImpl| size: 249| alreadyanalyzed| LOCAL| INSERT_AFTER) =491, (CtIfImpl| size: 249| compiles| LOCAL| INSERT_AFTER) =400, (CtSwitchImpl| size: 249| notcompiles| LOCAL| INSERT_BEFORE) =22, (CtWhileImpl| size: 249| compiles| LOCAL| INSERT_AFTER) =202, (CtReturnImpl| size: 943| compiles| LOCAL| INSERT_AFTER) =20, (CtUnaryOperatorImpl| size: 249| compiles| LOCAL| INSERT_AFTER) =216, (CtOperatorAssignmentImpl| size: 27| notcompiles| LOCAL| REPLACE) =121, (CtLocalVariableImpl| size: 249| compiles| LOCAL| INSERT_BEFORE) =779, (CtLocalVariableImpl| size: 943| compiles| LOCAL| INSERT_BEFORE) =20, (CtOperatorAssignmentImpl| size: 27| alreadyanalyzed| LOCAL| REPLACE) =9850, (CtWhileImpl| size: 6| compiles| LOCAL| REPLACE) =30, (CtInvocationImpl| size: 28| alreadyanalyzed| LOCAL| REPLACE) =5699, (CtInvocationImpl| size: 28| compiles| LOCAL| REPLACE) =62, (CtReturnImpl| size: 943| alreadyanalyzed| LOCAL| INSERT_AFTER) =15, (CtOperatorAssignmentImpl| size: 27| compiles| LOCAL| REPLACE) =279}
#gen: 10876
#patches: 0
#RightCompilation: 979
#WrongCompilation: 9897
#FailingTestCaseExecution: 980
#RegressionTestExecution: 22
#TestcasesExecutedval1: 10505
#TestcasesExecutedval2: 36762
#FailingTestCase: 11
#RegressionTestCases: 1671
#OfAppliedOp: 10876
#NotAppliedOp: 0
#InmutatedGen: 2125
#unfinishValidation: 0
#ing {CtLocalVariableImpl=3210, CtForImpl=220, CtSwitchImpl=74, CtReturnImpl=1150, CtAssignmentImpl=1214, CtOperatorAssignmentImpl=2654, CtInvocationImpl=990, CtBreakImpl=78, CtIfImpl=1710, CtWhileImpl=813, CtUnaryOperatorImpl=888}
#untilcompile {1=2387, 2=1315, 272=1, 3=855, 4=543, 278=2, 5=361, 277=1, 6=308, 276=2, 7=239, 283=1, 8=179, 9=124, 281=1, 10=96, 11=86, 12=50, 286=1, 13=49, 14=37, 285=1, 284=2, 15=38, 258=2, 17=21, 16=35, 256=3, 19=19, 257=1, 18=20, 262=1, 21=18, 20=8, 23=12, 261=2, 22=8, 25=46, 267=1, 24=5, 27=99, 26=41, 29=79, 28=117, 31=36, 30=40, 34=25, 35=16, 32=27, 33=21, 309=1, 38=11, 39=10, 36=16, 37=8, 42=5, 43=53, 315=1, 40=11, 41=15, 46=26, 47=16, 44=57, 318=1, 45=31, 51=4, 50=13, 49=9, 48=13, 55=9, 54=7, 53=5, 52=7, 59=56, 58=5, 298=1, 57=5, 299=3, 56=11, 63=8, 62=19, 61=30, 60=38, 68=6, 69=9, 70=2, 340=1, 71=3, 64=6, 65=12, 66=9, 67=3, 76=2, 77=2, 79=3, 72=4, 346=1, 73=7, 75=2, 85=3, 84=6, 87=2, 86=7, 81=2, 80=1, 83=5, 82=5, 93=1, 95=2, 94=1, 89=1, 88=3, 328=1, 91=3, 90=4, 102=3, 100=4, 101=1, 99=1, 97=3, 110=1, 111=2, 108=1, 109=1, 106=2, 376=1, 107=1, 105=2, 118=3, 114=1, 113=1, 127=1, 125=1, 123=1, 120=1, 136=1, 409=1, 129=2, 131=2, 135=1, 158=1, 145=1, 147=1, 169=1, 163=1, 179=2, 235=1, 503=1, 498=1, 254=4, 255=4, 252=2, 253=1, 250=8, 251=3, 249=8, 240=1}
2015-08-24 23:17:29,324 INFO main - Time Evolution(ms): 3660155
2015-08-24 23:17:29,324 INFO fr.inria.main.AbstractMain - Time Total(ms): 3696724


Node: griffon-29.nancy.grid5000.fr


Date: Tue Aug 25 01:17:29 CEST 2015


