cd /tmp/math_97_Brutpol;export JAVA_TOOL_OPTIONS=-Dfile.encoding=UTF8;TZ="America/New_York"; export TZexport PATH="/usr/lib/jvm/java-1.7.0-openjdk-amd64/bin/:$PATH";cp -r /home/tdurieux/dynamoth-experiments/src/python/core/../../../libs/z3 lib/z3;time java -d64 -Xmx4g -Xms1g -XX:MaxPermSize=1024m -XX:+UseConcMarkSweepGC -XX:+CMSPermGenSweepingEnabled -XX:+CMSClassUnloadingEnabled -cp /home/tdurieux/dynamoth-experiments/src/python/core/../../..//libs/nopol.jar:/usr/lib/jvm/java-1.7.0-openjdk-amd64/bin//../lib/tools.jar fr.inria.lille.repair.Main --flocal gzoltar  --maxTime 300  --json  --mode repair --type pre_then_cond --oracle angelic --synthesis dynamoth --solver z3 --solver-path /home/tdurieux/dynamoth-experiments/src/python/core/../../..//libs/z3/z3 --complianceLevel 5 --source /tmp/math_97_Brutpol/src/java/ --classpath /tmp/math_97_Brutpol/target/classes/:/tmp/math_97_Brutpol/target/test-classes/:/tmp/math_97_Brutpol/lib/commons-discovery-0.5.jar:/home/tdurieux/dynamoth-experiments/src/python/core/../../..//libs/nopol.jar;echo "

Node: `hostname`
";echo "
Date: `date`
";

14:13:07.709 [pool-2-thread-1] INFO  fr.inria.lille.repair.nopol.NoPol - Nb classes : 231
14:13:07.709 [pool-2-thread-1] INFO  fr.inria.lille.repair.nopol.NoPol - Nb methods : 1420
14:13:07.709 [pool-2-thread-1] INFO  fr.inria.lille.repair.nopol.NoPol - Nb Statements Analyzed : 48
14:13:07.709 [pool-2-thread-1] INFO  fr.inria.lille.repair.nopol.NoPol - Nb Statements with Angelic Value Found : 1
14:13:07.709 [pool-2-thread-1] INFO  fr.inria.lille.repair.nopol.NoPol - NoPol Execution time : 53502ms
14:13:07.709 [pool-2-thread-1] INFO  fr.inria.lille.repair.nopol.NoPol - ----PATCH FOUND----
14:13:07.709 [pool-2-thread-1] INFO  fr.inria.lille.repair.nopol.NoPol - this.relativeAccuracy <= sign
14:13:07.758 [pool-2-thread-1] INFO  fr.inria.lille.repair.nopol.NoPol - Nb test that executes the patch: 32
14:13:07.758 [pool-2-thread-1] INFO  fr.inria.lille.repair.nopol.NoPol - org.apache.commons.math.analysis.BrentSolver:138: CONDITIONAL
14:13:07.775 [pool-2-thread-1] INFO  fr.inria.lille.repair.nopol.NoPol - --- /tmp/math_97_Brutpol/src/java/org/apache/commons/math/analysis/BrentSolver.java
+++ /tmp/math_97_Brutpol/src/java/org/apache/commons/math/analysis/BrentSolver.java
@@ -137,9 +137,9 @@
         double sign = yMin * yMax;
-        if (sign >= 0) {
+        if (this.relativeAccuracy <= sign) {
             // check if either value is close to a zero
-                // neither value is close to zero and min and max do not bracket root.
-                throw new IllegalArgumentException
-                ("Function values at endpoints do not have different signs." +
-                        "  Endpoints: [" + min + "," + max + "]" + 
-                        "  Values: [" + yMin + "," + yMax + "]");
+            // neither value is close to zero and min and max do not bracket root.
+            throw new IllegalArgumentException
+            ("Function values at endpoints do not have different signs." +
+            "  Endpoints: [" + min + "," + max + "]" +
+            "  Values: [" + yMin + "," + yMax + "]");
         } else {



Node: griffon-15.nancy.grid5000.fr


Date: Sat Mar  4 15:13:08 CET 2017


