cd /tmp/math_88_Nopol;export JAVA_TOOL_OPTIONS=-Dfile.encoding=UTF8;TZ="America/New_York"; export TZexport PATH="/usr/lib/jvm/java-1.7.0-openjdk-amd64/bin/:$PATH";cp -r /home/tdurieux/dynamoth-experiments/src/python/core/../../../libs/z3 lib/z3;time java -d64 -Xmx4g -Xms1g -XX:MaxPermSize=1024m -XX:+UseConcMarkSweepGC -XX:+CMSPermGenSweepingEnabled -XX:+CMSClassUnloadingEnabled -cp /home/tdurieux/dynamoth-experiments/src/python/core/../../..//libs/nopol.jar:/usr/lib/jvm/java-1.7.0-openjdk-amd64/bin//../lib/tools.jar fr.inria.lille.repair.Main --flocal gzoltar  --maxTime 300  --json  --mode repair --type pre_then_cond --oracle angelic --synthesis smt --solver z3 --solver-path /home/tdurieux/dynamoth-experiments/src/python/core/../../..//libs/z3/z3 --complianceLevel 5 --source /tmp/math_88_Nopol/src/java/ --classpath /tmp/math_88_Nopol/target/classes/:/tmp/math_88_Nopol/target/test-classes/:/tmp/math_88_Nopol/lib/commons-discovery-0.5.jar:/home/tdurieux/dynamoth-experiments/src/python/core/../../..//libs/nopol.jar;echo "

Node: `hostname`
";echo "
Date: `date`
";

14:37:30.167 [pool-2-thread-1] INFO  fr.inria.lille.repair.nopol.NoPol - Nb classes : 362
14:37:30.167 [pool-2-thread-1] INFO  fr.inria.lille.repair.nopol.NoPol - Nb methods : 2695
14:37:30.167 [pool-2-thread-1] INFO  fr.inria.lille.repair.nopol.NoPol - Nb Statements Analyzed : 1
14:37:30.167 [pool-2-thread-1] INFO  fr.inria.lille.repair.nopol.NoPol - Nb Statements with Angelic Value Found : 1
14:37:30.167 [pool-2-thread-1] INFO  fr.inria.lille.repair.nopol.NoPol - Nb inputs in SMT : 27
14:37:30.168 [pool-2-thread-1] INFO  fr.inria.lille.repair.nopol.NoPol - Nb SMT level: 2
14:37:30.168 [pool-2-thread-1] INFO  fr.inria.lille.repair.nopol.NoPol - Nb SMT components: [4] [== of arity: 2, != of arity: 2, < of arity: 2, <= of arity: 2]
14:37:30.168 [pool-2-thread-1] INFO  fr.inria.lille.repair.nopol.NoPol -                   class java.lang.Boolean: 4
14:37:30.168 [pool-2-thread-1] INFO  fr.inria.lille.repair.nopol.NoPol - Nb variables in SMT : 20
14:37:30.168 [pool-2-thread-1] INFO  fr.inria.lille.repair.nopol.NoPol - NoPol Execution time : 25077ms
14:37:30.168 [pool-2-thread-1] INFO  fr.inria.lille.repair.nopol.NoPol - ----PATCH FOUND----
14:37:30.168 [pool-2-thread-1] INFO  fr.inria.lille.repair.nopol.NoPol - org.apache.commons.math.optimization.linear.SimplexTableau.this.constraints.size() < org.apache.commons.math.optimization.linear.SimplexTableau.this.numDecisionVariables
14:37:30.289 [pool-2-thread-1] INFO  fr.inria.lille.repair.nopol.NoPol - Nb test that executes the patch: 3
14:37:30.289 [pool-2-thread-1] INFO  fr.inria.lille.repair.nopol.NoPol - org.apache.commons.math.optimization.linear.SimplexTableau:339: PRECONDITION
14:37:30.321 [pool-2-thread-1] INFO  fr.inria.lille.repair.nopol.NoPol - --- /tmp/math_88_Nopol/src/java/org/apache/commons/math/optimization/linear/SimplexTableau.java
+++ /tmp/math_88_Nopol/src/java/org/apache/commons/math/optimization/linear/SimplexTableau.java
@@ -338,3 +338,5 @@
                     if (tableau.getEntry(basicRow, j) == 1) {
-                         coefficients[i] = 0;
+                         if (org.apache.commons.math.optimization.linear.SimplexTableau.this.constraints.size() < org.apache.commons.math.optimization.linear.SimplexTableau.this.numDecisionVariables) {
+                             coefficients[i] = 0;
+                         }
                     }



Node: graphene-93.nancy.grid5000.fr


Date: Fri Mar  3 15:37:30 CET 2017


