export PATH="/home/tdurieux/defects4j/framework/bin:$PATH";export JAVA_TOOL_OPTIONS=-Dfile.encoding=UTF8;export PATH="/usr/lib/jvm/java-1.7.0-openjdk-amd64/bin/:$PATH";cp -r /home/tdurieux/projects/lang/lang_49 /tmp/lang_49_Genprog;cd /tmp/lang_49_Genprog;defects4j compile;mkdir lib/;cp -r /home/tdurieux/defects4j/framework/projects/lib/* lib/;cp -r /home/tdurieux/defects4j/framework/projects/Lang/lib/* lib/;find . -type f -name "package-info.java" -delete;
/home/tdurieux/defects4j-repair/src/python/core/../../../results/2015-august/Lang/49/Genprog/result
cd /tmp/lang_49_Genprog;export JAVA_TOOL_OPTIONS=-Dfile.encoding=UTF8;TZ="America/New_York"; export TZexport PATH="/usr/lib/jvm/java-1.7.0-openjdk-amd64/bin/:$PATH";time java  -cp /home/tdurieux/defects4j-repair/src/python/core/../../..//libs/astor.jar fr.inria.main.evolution.MainjGenProg -mode statement -location . -dependencies lib/ -failing org.apache.commons.lang.math.FractionTest: -package org.apache.commons -jvm4testexecution /usr/lib/jvm/java-1.7.0-openjdk-amd64/bin/ -javacompliancelevel 3 -maxgen 1000000 -seed 10 -maxtime 60  -scope local  -stopfirst true -flthreshold 0.1 -population 1 -srcjavafolder src/java/ -srctestfolder src/test/ -binjavafolder target/classes/ -bintestfolder target/tests/;echo "

Node: `hostname`
";echo "
Date: `date`
";rm -rf /tmp/lang_49_Genprog;

2015-08-24 23:25:11,241 INFO main - End Repair Loops: NOT Found solution
2015-08-24 23:25:11,241 INFO main - 
Number solutions:0
2015-08-24 23:25:11,242 INFO main - 
All variants:
2015-08-24 23:25:11,242 INFO main - f 42.0, [Variant id: 429, #gens: 60, #ops: 0, parent:-]
2015-08-24 23:25:11,242 INFO main - --Space: LOCAL
org.apache.commons.lang.builder.ReflectionToStringBuilder=74|,org.apache.commons.lang.builder.ToStringBuilder=126|,org.apache.commons.lang.ObjectUtils=31|,org.apache.commons.lang.builder.ToStringStyle=395|,org.apache.commons.lang.time.DateUtils=210|,
2015-08-24 23:25:11,242 INFO main - 
----stats: 
2015-08-24 23:25:11,242 INFO main - 
spaces navigation: [75]: {(CtInvocationImpl| size: 74| notcompiles| LOCAL| INSERT_AFTER) =6, (CtReturnImpl| size: 74| notcompiles| LOCAL| INSERT_BEFORE) =9, (CtIfImpl| size: 82| alreadyanalyzed| LOCAL| REPLACE) =11, (CtIfImpl| size: 10| notcompiles| LOCAL| REPLACE) =7, (CtInvocationImpl| size: 225| compiles| LOCAL| REPLACE) =7, (CtAssignmentImpl| size: 6| compiles| LOCAL| REPLACE) =7, (CtIfImpl| size: 74| notcompiles| LOCAL| INSERT_BEFORE) =5, (CtReturnImpl| size: 31| compiles| LOCAL| INSERT_AFTER) =1, (CtIfImpl| size: 395| notcompiles| LOCAL| INSERT_AFTER) =7, (CtReturnImpl| size: 31| alreadyanalyzed| LOCAL| INSERT_BEFORE) =1, (CtReturnImpl| size: 74| compiles| LOCAL| INSERT_AFTER) =8, (CtLocalVariableImpl| size: 74| compiles| LOCAL| INSERT_AFTER) =1, (CtIfImpl| size: 82| notcompiles| LOCAL| REPLACE) =17, (CtForImpl| size: 74| compiles| LOCAL| INSERT_BEFORE) =3, (CtInvocationImpl| size: 225| notcompiles| LOCAL| REPLACE) =4, (CtAssignmentImpl| size: 6| notcompiles| LOCAL| REPLACE) =3, (CtIfImpl| size: 395| notcompiles| LOCAL| INSERT_BEFORE) =6, (CtReturnImpl| size: 31| compiles| LOCAL| INSERT_BEFORE) =1, (CtInvocationImpl| size: 395| alreadyanalyzed| LOCAL| INSERT_BEFORE) =1, (CtForImpl| size: 74| notcompiles| LOCAL| INSERT_AFTER) =7, (CtInvocationImpl| size: 74| compiles| LOCAL| INSERT_AFTER) =6, (CtForImpl| size: 74| alreadyanalyzed| LOCAL| INSERT_BEFORE) =2, (CtBreakImpl| size: 1| alreadyanalyzed| LOCAL| REPLACE) =2, (CtForImpl| size: 2| alreadyanalyzed| LOCAL| REPLACE) =3, (CtAssignmentImpl| size: 6| alreadyanalyzed| LOCAL| REPLACE) =11, (CtBreakImpl| size: 395| compiles| LOCAL| INSERT_BEFORE) =2, (CtReturnImpl| size: 27| compiles| LOCAL| REPLACE) =14, (CtIfImpl| size: 74| compiles| LOCAL| INSERT_AFTER) =4, (CtInvocationImpl| size: 20| notcompiles| LOCAL| REPLACE) =23, (CtForImpl| size: 2| notcompiles| LOCAL| REPLACE) =1, (CtIfImpl| size: 74| alreadyanalyzed| LOCAL| INSERT_AFTER) =1, (CtReturnImpl| size: 74| alreadyanalyzed| LOCAL| INSERT_BEFORE) =2, (CtInvocationImpl| size: 395| notcompiles| LOCAL| INSERT_AFTER) =4, (CtForImpl| size: 74| compiles| LOCAL| INSERT_AFTER) =3, (CtInvocationImpl| size: 395| notcompiles| LOCAL| INSERT_BEFORE) =13, (CtReturnImpl| size: 74| notcompiles| LOCAL| INSERT_AFTER) =5, (CtAssignmentImpl| size: 74| compiles| LOCAL| INSERT_BEFORE) =2, (CtLocalVariableImpl| size: 74| notcompiles| LOCAL| INSERT_BEFORE) =1, (CtIfImpl| size: 8| compiles| LOCAL| REPLACE) =1, (CtBreakImpl| size: 395| compiles| LOCAL| INSERT_AFTER) =2, (CtInvocationImpl| size: 395| alreadyanalyzed| LOCAL| INSERT_AFTER) =1, (CtLocalVariableImpl| size: 74| alreadyanalyzed| LOCAL| INSERT_AFTER) =1, (CtLocalVariableImpl| size: 74| notcompiles| LOCAL| INSERT_AFTER) =6, (CtIfImpl| size: 74| notcompiles| LOCAL| INSERT_AFTER) =12, (CtIfImpl| size: 395| compiles| LOCAL| INSERT_BEFORE) =15, (CtAssignmentImpl| size: 74| notcompiles| LOCAL| INSERT_AFTER) =15, (CtForImpl| size: 74| notcompiles| LOCAL| INSERT_BEFORE) =6, (CtIfImpl| size: 74| compiles| LOCAL| INSERT_BEFORE) =5, (CtInvocationImpl| size: 395| compiles| LOCAL| INSERT_BEFORE) =9, (CtAssignmentImpl| size: 74| compiles| LOCAL| INSERT_AFTER) =8, (CtIfImpl| size: 395| alreadyanalyzed| LOCAL| INSERT_AFTER) =1, (CtReturnImpl| size: 31| notcompiles| LOCAL| INSERT_BEFORE) =1, (CtInvocationImpl| size: 74| notcompiles| LOCAL| INSERT_BEFORE) =16, (CtIfImpl| size: 395| alreadyanalyzed| LOCAL| INSERT_BEFORE) =1, (CtAssignmentImpl| size: 74| alreadyanalyzed| LOCAL| INSERT_AFTER) =1, (CtLocalVariableImpl| size: 7| compiles| LOCAL| REPLACE) =2, (CtReturnImpl| size: 27| notcompiles| LOCAL| REPLACE) =17, (CtForImpl| size: 74| alreadyanalyzed| LOCAL| INSERT_AFTER) =2, (CtInvocationImpl| size: 74| alreadyanalyzed| LOCAL| INSERT_AFTER) =1, (CtIfImpl| size: 10| compiles| LOCAL| REPLACE) =2, (CtIfImpl| size: 8| notcompiles| LOCAL| REPLACE) =1, (CtInvocationImpl| size: 74| alreadyanalyzed| LOCAL| INSERT_BEFORE) =2, (CtReturnImpl| size: 74| compiles| LOCAL| INSERT_BEFORE) =5, (CtBreakImpl| size: 395| notcompiles| LOCAL| INSERT_BEFORE) =2, (CtLocalVariableImpl| size: 74| compiles| LOCAL| INSERT_BEFORE) =1, (CtInvocationImpl| size: 20| compiles| LOCAL| REPLACE) =6, (CtIfImpl| size: 82| compiles| LOCAL| REPLACE) =13, (CtIfImpl| size: 395| compiles| LOCAL| INSERT_AFTER) =10, (CtInvocationImpl| size: 395| compiles| LOCAL| INSERT_AFTER) =4, (CtIfImpl| size: 10| alreadyanalyzed| LOCAL| REPLACE) =6, (CtAssignmentImpl| size: 74| notcompiles| LOCAL| INSERT_BEFORE) =2, (CtReturnImpl| size: 27| alreadyanalyzed| LOCAL| REPLACE) =12, (CtInvocationImpl| size: 74| compiles| LOCAL| INSERT_BEFORE) =11, (CtBreakImpl| size: 395| notcompiles| LOCAL| INSERT_AFTER) =3, (CtInvocationImpl| size: 20| alreadyanalyzed| LOCAL| REPLACE) =82}
#gen: 214
#patches: 0
#RightCompilation: 136
#WrongCompilation: 78
#FailingTestCaseExecution: 137
#RegressionTestExecution: 137
#TestcasesExecutedval1: 3425
#TestcasesExecutedval2: 232750
#FailingTestCase: 25
#RegressionTestCases: 1750
#OfAppliedOp: 214
#NotAppliedOp: 0
#InmutatedGen: 9
#unfinishValidation: 4
#ing {CtLocalVariableImpl=6, CtForImpl=11, CtAssignmentImpl=26, CtReturnImpl=42, CtInvocationImpl=63, CtBreakImpl=6, CtIfImpl=69}
#untilcompile {1=61, 2=38, 3=15, 21=2, 4=8, 20=1, 5=10, 6=8, 7=2, 8=5, 9=1, 10=2, 11=1, 28=1}
2015-08-24 23:25:11,242 INFO main - Time Evolution(ms): 3668192
2015-08-24 23:25:11,243 INFO fr.inria.main.AbstractMain - Time Total(ms): 3697711


Node: griffon-9.nancy.grid5000.fr


Date: Tue Aug 25 01:25:11 CEST 2015


