cd /tmp/math_71_Brutpol;export JAVA_TOOL_OPTIONS=-Dfile.encoding=UTF8;TZ="America/New_York"; export TZexport PATH="/usr/lib/jvm/java-1.7.0-openjdk-amd64/bin/:$PATH";cp -r /home/tdurieux/dynamoth-experiments/src/python/core/../../../libs/z3 lib/z3;time java -d64 -Xmx4g -Xms1g -XX:MaxPermSize=1024m -XX:+UseConcMarkSweepGC -XX:+CMSPermGenSweepingEnabled -XX:+CMSClassUnloadingEnabled -cp /home/tdurieux/dynamoth-experiments/src/python/core/../../..//libs/nopol.jar:/usr/lib/jvm/java-1.7.0-openjdk-amd64/bin//../lib/tools.jar fr.inria.lille.repair.Main --flocal gzoltar  --maxTime 300  --json  --mode repair --type pre_then_cond --oracle angelic --synthesis dynamoth --solver z3 --solver-path /home/tdurieux/dynamoth-experiments/src/python/core/../../..//libs/z3/z3 --complianceLevel 5 --source /tmp/math_71_Brutpol/src/main/java/ --classpath /tmp/math_71_Brutpol/target/classes/:/tmp/math_71_Brutpol/target/test-classes/:/tmp/math_71_Brutpol/lib/commons-discovery-0.5.jar:/home/tdurieux/dynamoth-experiments/src/python/core/../../..//libs/nopol.jar;echo "

Node: `hostname`
";echo "
Date: `date`
";

15:27:48.094 [pool-2-thread-1] INFO  fr.inria.lille.repair.nopol.NoPol - Nb classes : 409
15:27:48.094 [pool-2-thread-1] INFO  fr.inria.lille.repair.nopol.NoPol - Nb methods : 2990
15:27:48.095 [pool-2-thread-1] INFO  fr.inria.lille.repair.nopol.NoPol - Nb Statements Analyzed : 4
15:27:48.095 [pool-2-thread-1] INFO  fr.inria.lille.repair.nopol.NoPol - Nb Statements with Angelic Value Found : 2
15:27:48.095 [pool-2-thread-1] INFO  fr.inria.lille.repair.nopol.NoPol - NoPol Execution time : 60508ms
15:27:48.095 [pool-2-thread-1] INFO  fr.inria.lille.repair.nopol.NoPol - ----PATCH FOUND----
15:27:48.095 [pool-2-thread-1] INFO  fr.inria.lille.repair.nopol.NoPol - this.requiresDenseOutput()
15:27:48.214 [pool-2-thread-1] INFO  fr.inria.lille.repair.nopol.NoPol - Nb test that executes the patch: 2
15:27:48.215 [pool-2-thread-1] INFO  fr.inria.lille.repair.nopol.NoPol - org.apache.commons.math.ode.nonstiff.AdaptiveStepsizeIntegrator:153: PRECONDITION
15:27:48.233 [pool-2-thread-1] INFO  fr.inria.lille.repair.nopol.NoPol - --- /tmp/math_71_Brutpol/src/main/java/org/apache/commons/math/ode/nonstiff/AdaptiveStepsizeIntegrator.java
+++ /tmp/math_71_Brutpol/src/main/java/org/apache/commons/math/ode/nonstiff/AdaptiveStepsizeIntegrator.java
@@ -152,3 +152,5 @@
     } else {
-      initialStep = initialStepSize;
+      if (this.requiresDenseOutput()) {
+        initialStep = initialStepSize;
+      }
     }



Node: griffon-18.nancy.grid5000.fr


Date: Sat Mar  4 16:27:48 CET 2017


