export PATH="/home/tdurieux/defects4j/framework/bin:$PATH";export JAVA_TOOL_OPTIONS=-Dfile.encoding=UTF8;export PATH="/usr/lib/jvm/java-1.7.0-openjdk-amd64/bin/:$PATH";cp -r /home/tdurieux/projects/lang/lang_46 /tmp/lang_46_Genprog;cd /tmp/lang_46_Genprog;defects4j compile;mkdir lib/;cp -r /home/tdurieux/defects4j/framework/projects/lib/* lib/;cp -r /home/tdurieux/defects4j/framework/projects/Lang/lib/* lib/;find . -type f -name "package-info.java" -delete;
/home/tdurieux/defects4j-repair/src/python/core/../../../results/2015-august/Lang/46/Genprog/result
cd /tmp/lang_46_Genprog;export JAVA_TOOL_OPTIONS=-Dfile.encoding=UTF8;TZ="America/New_York"; export TZexport PATH="/usr/lib/jvm/java-1.7.0-openjdk-amd64/bin/:$PATH";time java  -cp /home/tdurieux/defects4j-repair/src/python/core/../../..//libs/astor.jar fr.inria.main.evolution.MainjGenProg -mode statement -location . -dependencies lib/ -failing org.apache.commons.lang.StringEscapeUtilsTest: -package org.apache.commons -jvm4testexecution /usr/lib/jvm/java-1.7.0-openjdk-amd64/bin/ -javacompliancelevel 3 -maxgen 1000000 -seed 10 -maxtime 60  -scope local  -stopfirst true -flthreshold 0.1 -population 1 -srcjavafolder src/java/ -srctestfolder src/test/ -binjavafolder target/classes/ -bintestfolder target/tests/;echo "

Node: `hostname`
";echo "
Date: `date`
";rm -rf /tmp/lang_46_Genprog;

2015-08-24 23:27:33,747 INFO main - End Repair Loops: NOT Found solution
2015-08-24 23:27:33,747 INFO main - 
Number solutions:0
2015-08-24 23:27:33,747 INFO main - 
All variants:
2015-08-24 23:27:33,747 INFO main - f 43.0, [Variant id: 11461, #gens: 19, #ops: 0, parent:-]
2015-08-24 23:27:33,747 INFO main - --Space: LOCAL
org.apache.commons.lang.StringEscapeUtils=206|,
2015-08-24 23:27:33,747 INFO main - 
----stats: 
2015-08-24 23:27:33,747 INFO main - 
spaces navigation: [66]: {(CtForImpl| size: 206| compiles| LOCAL| INSERT_BEFORE) =58, (CtBreakImpl| size: 206| alreadyanalyzed| LOCAL| INSERT_BEFORE) =35011, (CtBreakImpl| size: 206| notcompiles| LOCAL| INSERT_BEFORE) =37, (CtAssignmentImpl| size: 206| notcompiles| LOCAL| INSERT_AFTER) =49, (CtInvocationImpl| size: 69| alreadyanalyzed| LOCAL| REPLACE) =53911, (CtSwitchImpl| size: 206| alreadyanalyzed| LOCAL| INSERT_BEFORE) =20871, (CtIfImpl| size: 39| notcompiles| LOCAL| REPLACE) =76, (CtReturnImpl| size: 206| notcompiles| LOCAL| INSERT_BEFORE) =134, (CtSwitchImpl| size: 206| compiles| LOCAL| INSERT_BEFORE) =69, (CtForImpl| size: 206| notcompiles| LOCAL| INSERT_BEFORE) =48, (CtAssignmentImpl| size: 206| compiles| LOCAL| INSERT_BEFORE) =57, (CtIfImpl| size: 206| compiles| LOCAL| INSERT_BEFORE) =423, (CtInvocationImpl| size: 69| notcompiles| LOCAL| REPLACE) =86, (CtLocalVariableImpl| size: 206| alreadyanalyzed| LOCAL| INSERT_AFTER) =56700, (CtForImpl| size: 206| notcompiles| LOCAL| INSERT_AFTER) =48, (CtAssignmentImpl| size: 206| notcompiles| LOCAL| INSERT_BEFORE) =49, (CtLocalVariableImpl| size: 16| alreadyanalyzed| LOCAL| REPLACE) =4929, (CtSwitchImpl| size: 206| alreadyanalyzed| LOCAL| INSERT_AFTER) =22775, (CtForImpl| size: 3| notcompiles| LOCAL| REPLACE) =2, (CtReturnImpl| size: 206| alreadyanalyzed| LOCAL| INSERT_AFTER) =57204, (CtSwitchImpl| size: 206| compiles| LOCAL| INSERT_AFTER) =69, (CtBreakImpl| size: 21| alreadyanalyzed| LOCAL| REPLACE) =4977, (CtInvocationImpl| size: 206| notcompiles| LOCAL| INSERT_BEFORE) =174, (CtSwitchImpl| size: 3| compiles| LOCAL| REPLACE) =2, (CtInvocationImpl| size: 206| alreadyanalyzed| LOCAL| INSERT_BEFORE) =126329, (CtSwitchImpl| size: 3| alreadyanalyzed| LOCAL| REPLACE) =482, (CtForImpl| size: 3| alreadyanalyzed| LOCAL| REPLACE) =553, (CtIfImpl| size: 206| alreadyanalyzed| LOCAL| INSERT_BEFORE) =144596, (CtLocalVariableImpl| size: 206| alreadyanalyzed| LOCAL| INSERT_BEFORE) =55494, (CtReturnImpl| size: 38| notcompiles| LOCAL| REPLACE) =7, (CtInvocationImpl| size: 206| compiles| LOCAL| INSERT_BEFORE) =250, (CtBreakImpl| size: 206| compiles| LOCAL| INSERT_BEFORE) =69, (CtLocalVariableImpl| size: 206| notcompiles| LOCAL| INSERT_BEFORE) =120, (CtReturnImpl| size: 38| compiles| LOCAL| REPLACE) =13, (CtInvocationImpl| size: 206| alreadyanalyzed| LOCAL| INSERT_AFTER) =115550, (CtReturnImpl| size: 206| compiles| LOCAL| INSERT_AFTER) =78, (CtBreakImpl| size: 206| compiles| LOCAL| INSERT_AFTER) =69, (CtReturnImpl| size: 206| notcompiles| LOCAL| INSERT_AFTER) =134, (CtReturnImpl| size: 206| alreadyanalyzed| LOCAL| INSERT_BEFORE) =51969, (CtLocalVariableImpl| size: 206| compiles| LOCAL| INSERT_AFTER) =89, (CtReturnImpl| size: 206| compiles| LOCAL| INSERT_BEFORE) =78, (CtLocalVariableImpl| size: 206| compiles| LOCAL| INSERT_BEFORE) =89, (CtReturnImpl| size: 38| alreadyanalyzed| LOCAL| REPLACE) =11948, (CtInvocationImpl| size: 206| compiles| LOCAL| INSERT_AFTER) =250, (CtInvocationImpl| size: 206| notcompiles| LOCAL| INSERT_AFTER) =174, (CtSwitchImpl| size: 206| notcompiles| LOCAL| INSERT_AFTER) =37, (CtIfImpl| size: 206| alreadyanalyzed| LOCAL| INSERT_AFTER) =164733, (CtIfImpl| size: 39| compiles| LOCAL| REPLACE) =78, (CtAssignmentImpl| size: 206| compiles| LOCAL| INSERT_AFTER) =57, (CtForImpl| size: 206| alreadyanalyzed| LOCAL| INSERT_BEFORE) =22582, (CtBreakImpl| size: 206| alreadyanalyzed| LOCAL| INSERT_AFTER) =38523, (CtLocalVariableImpl| size: 16| compiles| LOCAL| REPLACE) =21, (CtAssignmentImpl| size: 7| notcompiles| LOCAL| REPLACE) =5, (CtInvocationImpl| size: 69| compiles| LOCAL| REPLACE) =82, (CtLocalVariableImpl| size: 206| notcompiles| LOCAL| INSERT_AFTER) =120, (CtIfImpl| size: 206| notcompiles| LOCAL| INSERT_BEFORE) =319, (CtIfImpl| size: 206| notcompiles| LOCAL| INSERT_AFTER) =319, (CtAssignmentImpl| size: 7| alreadyanalyzed| LOCAL| REPLACE) =1367, (CtAssignmentImpl| size: 206| alreadyanalyzed| LOCAL| INSERT_BEFORE) =20540, (CtSwitchImpl| size: 206| notcompiles| LOCAL| INSERT_BEFORE) =37, (CtIfImpl| size: 206| compiles| LOCAL| INSERT_AFTER) =423, (CtAssignmentImpl| size: 206| alreadyanalyzed| LOCAL| INSERT_AFTER) =22201, (CtBreakImpl| size: 206| notcompiles| LOCAL| INSERT_AFTER) =37, (CtForImpl| size: 206| alreadyanalyzed| LOCAL| INSERT_AFTER) =23748, (CtIfImpl| size: 39| alreadyanalyzed| LOCAL| REPLACE) =42747, (CtForImpl| size: 206| compiles| LOCAL| INSERT_AFTER) =58}
#gen: 5730
#patches: 0
#RightCompilation: 4169
#WrongCompilation: 1552
#FailingTestCaseExecution: 4170
#RegressionTestExecution: 1
#TestcasesExecutedval1: 75060
#TestcasesExecutedval2: 1829
#FailingTestCase: 18
#RegressionTestCases: 1829
#OfAppliedOp: 5721
#NotAppliedOp: 0
#InmutatedGen: 7903
#unfinishValidation: 0
#ing {CtLocalVariableImpl=1352, CtForImpl=666, CtSwitchImpl=666, CtAssignmentImpl=662, CtReturnImpl=1328, CtInvocationImpl=3341, CtBreakImpl=953, CtIfImpl=4656}
#untilcompile {1=435, 2=315, 3=188, 4=121, 1097=1, 5=114, 2206=1, 6=88, 7=76, 1099=12, 1092=2, 8=50, 9=45, 1094=1, 10=55, 11=39, 12=24, 13=24, 14=17, 15=17, 17=20, 16=45, 19=12, 18=16, 21=34, 20=12, 1115=2, 23=14, 22=18, 25=10, 1108=2, 24=18, 27=7, 1111=1, 1110=1, 26=12, 29=6, 28=8, 31=8, 30=5, 34=8, 35=1, 32=11, 1132=1, 33=5, 38=29, 1131=1, 39=118, 36=3, 1128=2, 1129=1, 37=5, 42=17, 1127=1, 43=12, 40=16, 1124=1, 41=21, 1122=1, 46=13, 1123=1, 47=5, 44=15, 45=6, 51=3, 1150=2, 50=7, 49=5, 48=5, 55=2, 54=6, 53=1, 1144=1, 52=5, 59=8, 58=4, 1141=1, 57=4, 56=3, 63=4, 62=3, 61=3, 60=9, 68=2, 69=80, 1033=3, 70=8, 71=21, 1037=1, 66=2, 67=2, 76=6, 77=8, 78=17, 79=5, 72=10, 73=4, 74=5, 1030=23, 75=6, 85=7, 1049=2, 84=5, 1051=1, 86=2, 81=4, 80=3, 83=3, 82=7, 2245=1, 93=5, 1040=2, 92=1, 95=2, 94=1, 88=2, 91=2, 1046=2, 90=5, 102=1, 2303=1, 100=1, 101=1, 98=1, 99=3, 96=2, 97=1, 1069=6, 1058=1, 111=2, 108=10, 109=3, 107=3, 105=1, 119=3, 118=3, 117=2, 116=3, 1087=1, 115=2, 1085=4, 113=2, 1084=1, 112=1, 127=2, 1074=1, 126=1, 124=2, 123=1, 1076=1, 120=2, 136=1, 139=1, 138=8, 141=2, 140=1, 142=1, 129=1, 128=1, 131=1, 130=1, 1225=1, 1226=1, 134=1, 152=2, 1236=6, 153=2, 154=1, 155=1, 156=1, 157=1, 1235=1, 159=2, 2057=1, 1246=2, 146=2, 147=1, 2060=2, 149=1, 151=1, 169=1, 1252=2, 2102=1, 172=1, 163=2, 2106=1, 162=1, 161=1, 160=1, 167=1, 1257=1, 190=1, 1278=2, 179=1, 177=2, 1277=2, 1274=2, 183=1, 1275=5, 180=2, 205=1, 207=8, 1154=1, 206=331, 1158=1, 196=1, 198=1, 1168=2, 220=4, 222=18, 223=3, 3084=1, 216=3, 217=2, 218=2, 219=4, 1176=2, 212=5, 1177=1, 213=12, 214=2, 215=2, 208=11, 209=19, 210=4, 211=8, 238=1, 236=1, 234=1, 2161=1, 1189=1, 233=2, 231=2, 230=6, 229=2, 228=2, 227=9, 225=2, 2168=1, 224=2, 254=1, 255=1, 252=5, 253=3, 250=1, 1207=1, 251=2, 2144=1, 248=11, 2145=1, 249=3, 246=3, 247=3, 244=19, 1209=2, 245=53, 1214=1, 242=1, 243=1, 240=1, 275=44, 274=2, 273=1, 279=1, 1370=1, 278=4, 277=1, 1368=1, 283=4, 282=3, 281=2, 1364=1, 286=1, 284=7, 1358=1, 258=1, 1359=1, 256=1, 260=2, 261=5, 266=5, 1351=2, 267=2, 265=1, 270=1, 1347=1, 271=2, 1344=1, 268=3, 269=1, 305=2, 304=1, 1406=1, 306=1, 308=1, 311=1, 313=3, 312=1, 315=1, 314=11, 317=2, 316=1, 1394=1, 289=1, 290=3, 291=3, 292=1, 1385=1, 1386=1, 294=1, 296=3, 1382=1, 299=1, 300=2, 303=1, 1306=1, 342=1, 1305=4, 341=1, 338=1, 337=1, 1308=2, 1299=1, 1296=2, 345=1, 344=8, 326=1, 1291=1, 320=1, 1283=1, 335=2, 330=4, 1341=1, 369=2, 1342=1, 370=1, 1328=2, 382=2, 1335=1, 352=1, 353=1, 1312=1, 2549=1, 1314=3, 367=1, 360=1, 2304=1, 414=1, 1490=1, 415=16, 412=136, 1488=2, 413=1, 1499=2, 1497=2, 2323=1, 1487=1, 387=1, 1484=1, 384=1, 391=1, 1481=1, 441=1, 1520=1, 1522=1, 1523=1, 433=9, 437=1, 439=1, 1511=1, 427=1, 2356=1, 428=8, 416=2, 1519=1, 419=10, 418=1, 1514=1, 422=3, 2373=1, 474=2, 472=3, 470=1, 471=1, 466=1, 467=4, 464=1, 465=2, 1410=1, 2389=1, 1415=1, 459=2, 458=3, 2385=1, 1413=1, 457=1, 456=2, 1419=1, 455=1, 454=4, 453=1, 452=1, 1423=1, 451=41, 450=11, 448=1, 508=1, 509=1, 1458=1, 510=3, 505=1, 500=1, 501=1, 502=7, 1468=2, 496=2, 497=4, 1470=1, 493=2, 1442=2, 1445=1, 489=3, 488=3, 1446=1, 490=5, 1448=1, 484=7, 481=33, 483=1, 2750=1, 550=3, 544=1, 559=2, 566=1, 562=1, 2726=2, 1648=3, 572=1, 571=1, 1610=1, 518=3, 519=3, 513=1, 515=1, 525=1, 1603=1, 527=1, 1604=1, 520=12, 1605=1, 522=2, 523=2, 3777=1, 529=1, 530=1, 541=1, 1616=1, 1619=1, 543=1, 537=1, 618=66, 1568=1, 621=6, 625=5, 624=1, 1596=1, 1592=1, 628=2, 634=5, 639=6, 637=1, 576=1, 1550=2, 579=1, 1541=1, 587=1, 592=1, 1566=1, 1561=1, 1560=1, 1562=1, 1557=1, 1556=1, 2757=1, 606=1, 687=15, 685=1, 682=1, 1765=1, 681=1, 1764=1, 678=1, 673=6, 1772=1, 672=2, 703=3, 698=2, 699=2, 1780=2, 696=7, 697=1, 694=4, 695=6, 690=4, 688=1, 653=1, 655=1, 1734=1, 646=1, 640=1, 642=1, 1742=1, 668=1, 669=1, 1746=1, 664=3, 667=1, 660=5, 663=2, 1756=2, 656=12, 657=19, 659=1, 747=1, 746=1, 748=1, 738=2, 1710=2, 743=1, 742=1, 740=1, 763=3, 1717=1, 764=1, 1726=2, 1724=1, 1669=3, 2640=1, 715=1, 717=1, 1667=1, 704=1, 711=2, 729=2, 1687=1, 732=2, 733=1, 734=1, 725=2, 1690=1, 726=6, 727=1, 831=3, 824=16, 827=7, 804=1, 806=1, 1893=1, 784=1, 798=1, 1873=1, 795=2, 793=1, 771=2, 780=1, 781=2, 1854=2, 882=1, 885=1, 884=1, 887=1, 893=15, 1837=1, 865=2, 866=2, 869=1, 1831=1, 1826=1, 878=3, 879=2, 3017=1, 863=11, 862=5, 861=1, 835=2, 832=1, 840=2, 841=1, 844=1, 845=5, 958=1, 953=2, 955=1, 948=2, 951=4, 2017=1, 940=1, 932=5, 935=2, 2873=1, 931=1, 930=2, 2001=1, 920=1, 921=1, 918=2, 2011=1, 2008=1, 914=2, 2014=1, 1991=1, 907=1, 904=1, 902=5, 901=2, 896=3, 1008=1, 1009=1, 1011=1, 1983=1, 1012=1, 1001=1, 1002=1, 1004=4, 999=1, 988=1, 979=1, 971=1, 1926=1, 968=1, 1923=1, 2901=1, 962=1, 961=2, 967=1, 1931=1, 965=2}
2015-08-24 23:27:33,748 INFO main - Time Evolution(ms): 3660697
2015-08-24 23:27:33,748 INFO fr.inria.main.AbstractMain - Time Total(ms): 3699603


Node: griffon-58.nancy.grid5000.fr


Date: Tue Aug 25 01:27:34 CEST 2015


