export PATH="/home/tdurieux/defects4j/framework/bin:$PATH";export JAVA_TOOL_OPTIONS=-Dfile.encoding=UTF8;export PATH="/usr/lib/jvm/java-1.7.0-openjdk-amd64/bin/:$PATH";cp -r /home/tdurieux/projects/chart/chart_10 /tmp/chart_10_Genprog;cd /tmp/chart_10_Genprog;defects4j compile;mkdir lib/;cp -r /home/tdurieux/defects4j/framework/projects/lib/* lib/;cp -r /home/tdurieux/defects4j/framework/projects/Chart/lib/* lib/;find . -type f -name "package-info.java" -delete;
/home/tdurieux/defects4j-repair/src/python/core/../../../results/2015-august/Chart/10/Genprog/result
cd /tmp/chart_10_Genprog;export JAVA_TOOL_OPTIONS=-Dfile.encoding=UTF8;TZ="America/New_York"; export TZexport PATH="/usr/lib/jvm/java-1.7.0-openjdk-amd64/bin/:$PATH";time java  -cp /home/tdurieux/defects4j-repair/src/python/core/../../..//libs/astor.jar fr.inria.main.evolution.MainjGenProg -mode statement -location . -dependencies lib/ -failing org.jfree.chart.imagemap.junit.StandardToolTipTagFragmentGeneratorTests: -package org.jfree -jvm4testexecution /usr/lib/jvm/java-1.7.0-openjdk-amd64/bin/ -javacompliancelevel 4 -maxgen 1000000 -seed 10 -maxtime 60  -scope local  -stopfirst true -flthreshold 0.1 -population 1 -srcjavafolder source/ -srctestfolder tests/ -binjavafolder build/ -bintestfolder build-tests/;echo "

Node: `hostname`
";echo "
Date: `date`
";rm -rf /tmp/chart_10_Genprog;

2015-08-25 00:38:04,242 INFO main - End Repair Loops: NOT Found solution
2015-08-25 00:38:04,242 INFO main - 
Number solutions:0
2015-08-25 00:38:04,242 INFO main - 
All variants:
2015-08-25 00:38:04,242 INFO main - f 1.0, [Variant id: 364413, #gens: 1, #ops: 0, parent:-]
2015-08-25 00:38:04,243 INFO main - --Space: LOCAL
org.jfree.chart.imagemap.StandardToolTipTagFragmentGenerator=2|,
2015-08-25 00:38:04,243 INFO main - 
----stats: 
2015-08-25 00:38:04,243 INFO main - 
spaces navigation: [5]: {(CtReturnImpl| size: 2| alreadyanalyzed| LOCAL| INSERT_AFTER) =91343, (CtReturnImpl| size: 2| compiles| LOCAL| INSERT_AFTER) =1, (CtReturnImpl| size: 1| alreadyanalyzed| LOCAL| REPLACE) =45333, (CtReturnImpl| size: 2| alreadyanalyzed| LOCAL| INSERT_BEFORE) =91710, (CtReturnImpl| size: 2| compiles| LOCAL| INSERT_BEFORE) =1}
#gen: 182206
#patches: 0
#RightCompilation: 2
#WrongCompilation: 45345
#FailingTestCaseExecution: 3
#RegressionTestExecution: 0
#TestcasesExecutedval1: 3
#TestcasesExecutedval2: 0
#FailingTestCase: 1
#RegressionTestCases: 0
#OfAppliedOp: 45347
#NotAppliedOp: 0
#InmutatedGen: 136859
#unfinishValidation: 0
#ing {CtReturnImpl=182206}
#untilcompile {1=45334, 2=91527}
2015-08-25 00:38:04,243 INFO main - Time Evolution(ms): 3660004
2015-08-25 00:38:04,243 INFO fr.inria.main.AbstractMain - Time Total(ms): 3704892


Node: griffon-23.nancy.grid5000.fr


Date: Tue Aug 25 02:38:04 CEST 2015


