export PATH="/home/tdurieux/defects4j/framework/bin:$PATH";export JAVA_TOOL_OPTIONS=-Dfile.encoding=UTF8;export PATH="/usr/lib/jvm/java-1.7.0-openjdk-amd64/bin/:$PATH";cp -r /home/tdurieux/projects/lang/lang_56 /tmp/lang_56_Genprog;cd /tmp/lang_56_Genprog;defects4j compile;mkdir lib/;cp -r /home/tdurieux/defects4j/framework/projects/lib/* lib/;cp -r /home/tdurieux/defects4j/framework/projects/Lang/lib/* lib/;find . -type f -name "package-info.java" -delete;
/home/tdurieux/defects4j-repair/src/python/core/../../../results/2015-august/Lang/56/Genprog/result
cd /tmp/lang_56_Genprog;export JAVA_TOOL_OPTIONS=-Dfile.encoding=UTF8;TZ="America/New_York"; export TZexport PATH="/usr/lib/jvm/java-1.7.0-openjdk-amd64/bin/:$PATH";time java  -cp /home/tdurieux/defects4j-repair/src/python/core/../../..//libs/astor.jar fr.inria.main.evolution.MainjGenProg -mode statement -location . -dependencies lib/ -failing org.apache.commons.lang.time.FastDateFormatTest: -package org.apache.commons -jvm4testexecution /usr/lib/jvm/java-1.7.0-openjdk-amd64/bin/ -javacompliancelevel 3 -maxgen 1000000 -seed 10 -maxtime 60  -scope local  -stopfirst true -flthreshold 0.1 -population 1 -srcjavafolder src/java/ -srctestfolder src/test/ -binjavafolder target/classes/ -bintestfolder target/tests/;echo "

Node: `hostname`
";echo "
Date: `date`
";rm -rf /tmp/lang_56_Genprog;

2015-08-24 23:18:01,560 INFO main - End Repair Loops: NOT Found solution
2015-08-24 23:18:01,560 INFO main - 
Number solutions:0
2015-08-24 23:18:01,560 INFO main - 
All variants:
2015-08-24 23:18:01,560 INFO main - f 47.0, [Variant id: 1349, #gens: 29, #ops: 0, parent:-]
2015-08-24 23:18:01,560 INFO main - --Space: LOCAL
org.apache.commons.lang.builder.ReflectionToStringBuilder=94|,org.apache.commons.lang.builder.ToStringBuilder=126|,org.apache.commons.lang.ObjectUtils=26|,org.apache.commons.lang.builder.ToStringStyle=381|,org.apache.commons.lang.time.DateUtils=210|,
2015-08-24 23:18:01,560 INFO main - 
----stats: 
2015-08-24 23:18:01,561 INFO main - 
spaces navigation: [78]: {(CtAssignmentImpl| size: 126| notcompiles| LOCAL| INSERT_AFTER) =3, (CtReturnImpl| size: 31| alreadyanalyzed| LOCAL| REPLACE) =53, (CtAssignmentImpl| size: 210| notcompiles| LOCAL| INSERT_BEFORE) =3, (CtAssignmentImpl| size: 381| alreadyanalyzed| LOCAL| INSERT_BEFORE) =1, (CtInvocationImpl| size: 381| compiles| LOCAL| INSERT_BEFORE) =58, (CtReturnImpl| size: 94| compiles| LOCAL| INSERT_BEFORE) =19, (CtInvocationImpl| size: 381| alreadyanalyzed| LOCAL| INSERT_BEFORE) =8, (CtInvocationImpl| size: 94| compiles| LOCAL| INSERT_AFTER) =27, (CtInvocationImpl| size: 94| notcompiles| LOCAL| INSERT_BEFORE) =16, (CtAssignmentImpl| size: 28| compiles| LOCAL| REPLACE) =3, (CtAssignmentImpl| size: 6| compiles| LOCAL| REPLACE) =3, (CtReturnImpl| size: 126| compiles| LOCAL| INSERT_BEFORE) =12, (CtIfImpl| size: 48| compiles| LOCAL| REPLACE) =2, (CtIfImpl| size: 381| notcompiles| LOCAL| INSERT_BEFORE) =16, (CtAssignmentImpl| size: 28| alreadyanalyzed| LOCAL| REPLACE) =7, (CtAssignmentImpl| size: 126| alreadyanalyzed| LOCAL| INSERT_AFTER) =2, (CtIfImpl| size: 210| compiles| LOCAL| INSERT_AFTER) =1, (CtAssignmentImpl| size: 381| alreadyanalyzed| LOCAL| INSERT_AFTER) =6, (CtAssignmentImpl| size: 126| compiles| LOCAL| INSERT_BEFORE) =7, (CtAssignmentImpl| size: 34| notcompiles| LOCAL| REPLACE) =1, (CtAssignmentImpl| size: 34| alreadyanalyzed| LOCAL| REPLACE) =1, (CtInvocationImpl| size: 34| compiles| LOCAL| REPLACE) =29, (CtAssignmentImpl| size: 28| notcompiles| LOCAL| REPLACE) =10, (CtReturnImpl| size: 58| alreadyanalyzed| LOCAL| REPLACE) =122, (CtForImpl| size: 94| notcompiles| LOCAL| INSERT_BEFORE) =1, (CtReturnImpl| size: 94| alreadyanalyzed| LOCAL| INSERT_AFTER) =11, (CtForImpl| size: 2| alreadyanalyzed| LOCAL| REPLACE) =3, (CtReturnImpl| size: 126| alreadyanalyzed| LOCAL| INSERT_BEFORE) =45, (CtReturnImpl| size: 126| notcompiles| LOCAL| INSERT_AFTER) =8, (CtIfImpl| size: 48| alreadyanalyzed| LOCAL| REPLACE) =1, (CtIfImpl| size: 381| alreadyanalyzed| LOCAL| INSERT_BEFORE) =7, (CtInvocationImpl| size: 34| alreadyanalyzed| LOCAL| REPLACE) =124, (CtReturnImpl| size: 31| compiles| LOCAL| REPLACE) =16, (CtForImpl| size: 2| notcompiles| LOCAL| REPLACE) =1, (CtAssignmentImpl| size: 126| alreadyanalyzed| LOCAL| INSERT_BEFORE) =12, (CtAssignmentImpl| size: 210| compiles| LOCAL| INSERT_AFTER) =6, (CtIfImpl| size: 48| notcompiles| LOCAL| REPLACE) =4, (CtIfImpl| size: 381| compiles| LOCAL| INSERT_BEFORE) =43, (CtInvocationImpl| size: 216| notcompiles| LOCAL| REPLACE) =37, (CtAssignmentImpl| size: 381| compiles| LOCAL| INSERT_BEFORE) =3, (CtAssignmentImpl| size: 381| notcompiles| LOCAL| INSERT_BEFORE) =11, (CtAssignmentImpl| size: 126| notcompiles| LOCAL| INSERT_BEFORE) =7, (CtAssignmentImpl| size: 381| notcompiles| LOCAL| INSERT_AFTER) =16, (CtIfImpl| size: 81| compiles| LOCAL| REPLACE) =43, (CtReturnImpl| size: 94| notcompiles| LOCAL| INSERT_AFTER) =22, (CtInvocationImpl| size: 94| alreadyanalyzed| LOCAL| INSERT_AFTER) =14, (CtIfImpl| size: 381| alreadyanalyzed| LOCAL| INSERT_AFTER) =5, (CtReturnImpl| size: 94| alreadyanalyzed| LOCAL| INSERT_BEFORE) =8, (CtReturnImpl| size: 126| alreadyanalyzed| LOCAL| INSERT_AFTER) =40, (CtReturnImpl| size: 58| compiles| LOCAL| REPLACE) =8, (CtReturnImpl| size: 126| compiles| LOCAL| INSERT_AFTER) =9, (CtIfImpl| size: 81| notcompiles| LOCAL| REPLACE) =23, (CtForImpl| size: 94| notcompiles| LOCAL| INSERT_AFTER) =7, (CtInvocationImpl| size: 94| notcompiles| LOCAL| INSERT_AFTER) =22, (CtIfImpl| size: 381| compiles| LOCAL| INSERT_AFTER) =33, (CtInvocationImpl| size: 381| notcompiles| LOCAL| INSERT_BEFORE) =31, (CtAssignmentImpl| size: 210| notcompiles| LOCAL| INSERT_AFTER) =12, (CtIfImpl| size: 381| notcompiles| LOCAL| INSERT_AFTER) =17, (CtInvocationImpl| size: 34| notcompiles| LOCAL| REPLACE) =19, (CtIfImpl| size: 210| compiles| LOCAL| INSERT_BEFORE) =1, (CtInvocationImpl| size: 216| compiles| LOCAL| REPLACE) =51, (CtReturnImpl| size: 94| notcompiles| LOCAL| INSERT_BEFORE) =26, (CtForImpl| size: 94| compiles| LOCAL| INSERT_AFTER) =3, (CtInvocationImpl| size: 381| alreadyanalyzed| LOCAL| INSERT_AFTER) =23, (CtAssignmentImpl| size: 34| compiles| LOCAL| REPLACE) =3, (CtInvocationImpl| size: 381| compiles| LOCAL| INSERT_AFTER) =71, (CtForImpl| size: 94| compiles| LOCAL| INSERT_BEFORE) =3, (CtAssignmentImpl| size: 381| compiles| LOCAL| INSERT_AFTER) =10, (CtInvocationImpl| size: 216| alreadyanalyzed| LOCAL| REPLACE) =22, (CtInvocationImpl| size: 381| notcompiles| LOCAL| INSERT_AFTER) =53, (CtInvocationImpl| size: 94| alreadyanalyzed| LOCAL| INSERT_BEFORE) =3, (CtAssignmentImpl| size: 126| compiles| LOCAL| INSERT_AFTER) =4, (CtReturnImpl| size: 31| notcompiles| LOCAL| REPLACE) =20, (CtInvocationImpl| size: 94| compiles| LOCAL| INSERT_BEFORE) =20, (CtIfImpl| size: 81| alreadyanalyzed| LOCAL| REPLACE) =23, (CtReturnImpl| size: 126| notcompiles| LOCAL| INSERT_BEFORE) =7, (CtAssignmentImpl| size: 210| compiles| LOCAL| INSERT_BEFORE) =3, (CtReturnImpl| size: 94| compiles| LOCAL| INSERT_AFTER) =20}
#gen: 674
#patches: 0
#RightCompilation: 500
#WrongCompilation: 174
#FailingTestCaseExecution: 501
#RegressionTestExecution: 501
#TestcasesExecutedval1: 5511
#TestcasesExecutedval2: 847191
#FailingTestCase: 11
#RegressionTestCases: 1691
#OfAppliedOp: 674
#NotAppliedOp: 0
#InmutatedGen: 3
#unfinishValidation: 0
#ing {CtForImpl=9, CtReturnImpl=112, CtAssignmentImpl=53, CtInvocationImpl=332, CtIfImpl=171}
#untilcompile {1=249, 2=114, 3=50, 4=20, 5=21, 6=14, 7=9, 8=5, 9=5, 10=7, 12=2, 13=3, 14=3, 15=2, 17=3, 16=1, 21=1, 23=1, 58=1, 27=1}
2015-08-24 23:18:01,561 INFO main - Time Evolution(ms): 3663874
2015-08-24 23:18:01,561 INFO fr.inria.main.AbstractMain - Time Total(ms): 3689589


Node: graphene-7.nancy.grid5000.fr


Date: Tue Aug 25 01:18:01 CEST 2015


