export PATH="/home/tdurieux/defects4j/framework/bin:$PATH";export JAVA_TOOL_OPTIONS=-Dfile.encoding=UTF8;export PATH="/usr/lib/jvm/java-1.7.0-openjdk-amd64/bin/:$PATH";cp -r /home/tdurieux/projects/lang/lang_52 /tmp/lang_52_Genprog;cd /tmp/lang_52_Genprog;defects4j compile;mkdir lib/;cp -r /home/tdurieux/defects4j/framework/projects/lib/* lib/;cp -r /home/tdurieux/defects4j/framework/projects/Lang/lib/* lib/;find . -type f -name "package-info.java" -delete;
/home/tdurieux/defects4j-repair/src/python/core/../../../results/2015-august/Lang/52/Genprog/result
cd /tmp/lang_52_Genprog;export JAVA_TOOL_OPTIONS=-Dfile.encoding=UTF8;TZ="America/New_York"; export TZexport PATH="/usr/lib/jvm/java-1.7.0-openjdk-amd64/bin/:$PATH";time java  -cp /home/tdurieux/defects4j-repair/src/python/core/../../..//libs/astor.jar fr.inria.main.evolution.MainjGenProg -mode statement -location . -dependencies lib/ -failing org.apache.commons.lang.StringEscapeUtilsTest: -package org.apache.commons -jvm4testexecution /usr/lib/jvm/java-1.7.0-openjdk-amd64/bin/ -javacompliancelevel 3 -maxgen 1000000 -seed 10 -maxtime 60  -scope local  -stopfirst true -flthreshold 0.1 -population 1 -srcjavafolder src/java/ -srctestfolder src/test/ -binjavafolder target/classes/ -bintestfolder target/tests/;echo "

Node: `hostname`
";echo "
Date: `date`
";rm -rf /tmp/lang_52_Genprog;

2015-08-24 23:19:19,804 INFO main - End Repair Loops: NOT Found solution
2015-08-24 23:19:19,804 INFO main - 
Number solutions:0
2015-08-24 23:19:19,804 INFO main - 
All variants:
2015-08-24 23:19:19,804 INFO main - f 42.0, [Variant id: 767, #gens: 47, #ops: 0, parent:-]
2015-08-24 23:19:19,804 INFO main - --Space: LOCAL
org.apache.commons.lang.builder.ReflectionToStringBuilder=74|,org.apache.commons.lang.builder.ToStringBuilder=126|,org.apache.commons.lang.ObjectUtils=26|,org.apache.commons.lang.builder.ToStringStyle=395|,org.apache.commons.lang.time.DateUtils=210|,
2015-08-24 23:19:19,804 INFO main - 
----stats: 
2015-08-24 23:19:19,804 INFO main - 
spaces navigation: [64]: {(CtReturnImpl| size: 74| notcompiles| LOCAL| INSERT_BEFORE) =46, (CtInvocationImpl| size: 74| notcompiles| LOCAL| INSERT_AFTER) =10, (CtIfImpl| size: 82| alreadyanalyzed| LOCAL| REPLACE) =13, (CtIfImpl| size: 10| notcompiles| LOCAL| REPLACE) =10, (CtInvocationImpl| size: 225| compiles| LOCAL| REPLACE) =27, (CtAssignmentImpl| size: 6| compiles| LOCAL| REPLACE) =8, (CtIfImpl| size: 74| notcompiles| LOCAL| INSERT_BEFORE) =4, (CtIfImpl| size: 395| notcompiles| LOCAL| INSERT_AFTER) =15, (CtLocalVariableImpl| size: 7| alreadyanalyzed| LOCAL| REPLACE) =2, (CtReturnImpl| size: 74| compiles| LOCAL| INSERT_AFTER) =24, (CtAssignmentImpl| size: 74| alreadyanalyzed| LOCAL| INSERT_BEFORE) =5, (CtLocalVariableImpl| size: 74| compiles| LOCAL| INSERT_AFTER) =2, (CtIfImpl| size: 82| notcompiles| LOCAL| REPLACE) =20, (CtForImpl| size: 74| compiles| LOCAL| INSERT_BEFORE) =1, (CtInvocationImpl| size: 225| notcompiles| LOCAL| REPLACE) =34, (CtAssignmentImpl| size: 126| compiles| LOCAL| INSERT_BEFORE) =1, (CtIfImpl| size: 395| notcompiles| LOCAL| INSERT_BEFORE) =10, (CtAssignmentImpl| size: 6| notcompiles| LOCAL| REPLACE) =6, (CtInvocationImpl| size: 395| alreadyanalyzed| LOCAL| INSERT_BEFORE) =2, (CtForImpl| size: 74| notcompiles| LOCAL| INSERT_AFTER) =2, (CtReturnImpl| size: 74| alreadyanalyzed| LOCAL| INSERT_AFTER) =6, (CtInvocationImpl| size: 74| compiles| LOCAL| INSERT_AFTER) =12, (CtInvocationImpl| size: 225| alreadyanalyzed| LOCAL| REPLACE) =17, (CtForImpl| size: 2| alreadyanalyzed| LOCAL| REPLACE) =9, (CtAssignmentImpl| size: 6| alreadyanalyzed| LOCAL| REPLACE) =11, (CtReturnImpl| size: 27| compiles| LOCAL| REPLACE) =27, (CtIfImpl| size: 74| compiles| LOCAL| INSERT_AFTER) =6, (CtInvocationImpl| size: 20| notcompiles| LOCAL| REPLACE) =23, (CtForImpl| size: 2| notcompiles| LOCAL| REPLACE) =1, (CtLocalVariableImpl| size: 74| alreadyanalyzed| LOCAL| INSERT_BEFORE) =1, (CtInvocationImpl| size: 395| notcompiles| LOCAL| INSERT_AFTER) =25, (CtReturnImpl| size: 74| alreadyanalyzed| LOCAL| INSERT_BEFORE) =9, (CtReturnImpl| size: 74| notcompiles| LOCAL| INSERT_AFTER) =34, (CtInvocationImpl| size: 395| notcompiles| LOCAL| INSERT_BEFORE) =7, (CtForImpl| size: 74| compiles| LOCAL| INSERT_AFTER) =3, (CtAssignmentImpl| size: 74| compiles| LOCAL| INSERT_BEFORE) =17, (CtLocalVariableImpl| size: 74| notcompiles| LOCAL| INSERT_BEFORE) =4, (CtInvocationImpl| size: 395| alreadyanalyzed| LOCAL| INSERT_AFTER) =6, (CtLocalVariableImpl| size: 74| notcompiles| LOCAL| INSERT_AFTER) =4, (CtIfImpl| size: 74| notcompiles| LOCAL| INSERT_AFTER) =3, (CtAssignmentImpl| size: 74| notcompiles| LOCAL| INSERT_AFTER) =21, (CtIfImpl| size: 395| compiles| LOCAL| INSERT_BEFORE) =10, (CtIfImpl| size: 74| compiles| LOCAL| INSERT_BEFORE) =4, (CtInvocationImpl| size: 395| compiles| LOCAL| INSERT_BEFORE) =23, (CtAssignmentImpl| size: 74| compiles| LOCAL| INSERT_AFTER) =15, (CtIfImpl| size: 395| alreadyanalyzed| LOCAL| INSERT_AFTER) =1, (CtInvocationImpl| size: 74| notcompiles| LOCAL| INSERT_BEFORE) =14, (CtIfImpl| size: 395| alreadyanalyzed| LOCAL| INSERT_BEFORE) =2, (CtLocalVariableImpl| size: 7| compiles| LOCAL| REPLACE) =6, (CtReturnImpl| size: 27| notcompiles| LOCAL| REPLACE) =19, (CtAssignmentImpl| size: 74| alreadyanalyzed| LOCAL| INSERT_AFTER) =6, (CtIfImpl| size: 10| compiles| LOCAL| REPLACE) =4, (CtReturnImpl| size: 74| compiles| LOCAL| INSERT_BEFORE) =26, (CtInvocationImpl| size: 74| alreadyanalyzed| LOCAL| INSERT_BEFORE) =4, (CtLocalVariableImpl| size: 74| compiles| LOCAL| INSERT_BEFORE) =4, (CtInvocationImpl| size: 20| compiles| LOCAL| REPLACE) =9, (CtIfImpl| size: 82| compiles| LOCAL| REPLACE) =8, (CtInvocationImpl| size: 395| compiles| LOCAL| INSERT_AFTER) =26, (CtIfImpl| size: 395| compiles| LOCAL| INSERT_AFTER) =11, (CtAssignmentImpl| size: 74| notcompiles| LOCAL| INSERT_BEFORE) =31, (CtReturnImpl| size: 27| alreadyanalyzed| LOCAL| REPLACE) =17, (CtIfImpl| size: 10| alreadyanalyzed| LOCAL| REPLACE) =55, (CtInvocationImpl| size: 74| compiles| LOCAL| INSERT_BEFORE) =18, (CtInvocationImpl| size: 20| alreadyanalyzed| LOCAL| REPLACE) =64}
#gen: 383
#patches: 0
#RightCompilation: 222
#WrongCompilation: 161
#FailingTestCaseExecution: 223
#RegressionTestExecution: 223
#TestcasesExecutedval1: 2899
#TestcasesExecutedval2: 379500
#FailingTestCase: 13
#RegressionTestCases: 1725
#OfAppliedOp: 383
#NotAppliedOp: 0
#InmutatedGen: 17
#unfinishValidation: 3
#ing {CtLocalVariableImpl=16, CtForImpl=12, CtReturnImpl=94, CtAssignmentImpl=59, CtInvocationImpl=156, CtIfImpl=63}
#untilcompile {1=118, 2=71, 3=40, 4=20, 5=12, 6=9, 7=6, 8=5, 9=3, 10=2, 11=3, 14=1, 17=1, 16=1, 21=2, 20=2}
2015-08-24 23:19:19,804 INFO main - Time Evolution(ms): 3663604
2015-08-24 23:19:19,804 INFO fr.inria.main.AbstractMain - Time Total(ms): 3690079


Node: graphene-55.nancy.grid5000.fr


Date: Tue Aug 25 01:19:20 CEST 2015


