/tmp/closure_77_BrutpolC
export PATH="/home/tdurieux/defects4j/framework/bin:$PATH";export JAVA_TOOL_OPTIONS=-Dfile.encoding=UTF8;export PATH="/usr/lib/jvm/java-1.7.0-openjdk-amd64/bin/:$PATH";cd /home/tdurieux/projects/closure/closure_77;defects4j compile;cp -r /home/tdurieux/projects/closure/closure_77 /tmp/closure_77_BrutpolC;cd /tmp/closure_77_BrutpolC;mkdir lib/;cp -r /home/tdurieux/defects4j/framework/projects/lib/* lib/;cp -r /home/tdurieux/defects4j/framework/projects/Closure/lib/* lib/;find . -type f -name "package-info.java" -delete;
cd /tmp/closure_77_BrutpolC;export JAVA_TOOL_OPTIONS=-Dfile.encoding=UTF8;TZ="America/New_York"; export TZexport PATH="/usr/lib/jvm/java-1.7.0-openjdk-amd64/bin/:$PATH";cp -r /home/tdurieux/defects4j-repair/src/python/core/../../../libs/z3 lib/z3;time java -Xmx4096m -cp /home/tdurieux/defects4j-repair/src/python/core/../../..//libs/nopol.jar:/usr/lib/jvm/java-1.7.0-openjdk-amd64/bin//../lib/tools.jar fr.inria.lille.repair.Main --mode repair --type condition --oracle angelic --synthesis brutpol --solver z3 --solver-path /home/tdurieux/defects4j-repair/src/python/core/../../..//libs/z3/z3 --complianceLevel 6 --source /tmp/closure_77_BrutpolC/src/ --classpath /tmp/closure_77_BrutpolC/build/classes:/tmp/closure_77_BrutpolC/build/test:/tmp/closure_77_BrutpolC/lib/ant.jar:/tmp/closure_77_BrutpolC/lib/ant-launcher.jar:/tmp/closure_77_BrutpolC/lib/args4j.jar:/tmp/closure_77_BrutpolC/lib/guava.jar:/tmp/closure_77_BrutpolC/lib/json.jar:/tmp/closure_77_BrutpolC/lib/jsr305.jar:/tmp/closure_77_BrutpolC/lib/junit.jar:/tmp/closure_77_BrutpolC/lib/caja-r4314.jar:/tmp/closure_77_BrutpolC/lib/protobuf-java.jar:/tmp/closure_77_BrutpolC/lib/libtrunk_rhino_parser_jarjared.jar:/home/tdurieux/defects4j-repair/src/python/core/../../..//libs/nopol.jar;echo "

Node: `hostname`
";echo "
Date: `date`
";rm -rf /tmp/closure_77_BrutpolC;

Nb classes : 369
Nb methods : 4183
Nb statement executed by the passing tests of the patched line: 0
Nb statement executed by the failing tests of the patched line: 0
Nb statements: 36836
Nb unit tests : 6740
Nb Statements Analyzed : 1226
Nb Statements with Angelic Value Found : 0
Nb run failing test  : []
Nb run passing test : []
NoPol Execution time : 517088ms


Node: griffon-4.nancy.grid5000.fr


Date: Tue May 17 00:27:51 CEST 2016


