export PATH="/home/tdurieux/defects4j/framework/bin:$PATH";export JAVA_TOOL_OPTIONS=-Dfile.encoding=UTF8;export PATH="/usr/lib/jvm/java-1.7.0-openjdk-amd64/bin/:$PATH";cp -r /home/tdurieux/projects/math/math_90 /tmp/math_90_Genprog;cd /tmp/math_90_Genprog;defects4j compile;mkdir lib/;cp -r /home/tdurieux/defects4j/framework/projects/lib/* lib/;cp -r /home/tdurieux/defects4j/framework/projects/Math/lib/* lib/;find . -type f -name "package-info.java" -delete;
/home/tdurieux/defects4j-repair/src/python/core/../../../results/2015-august/Math/90/Genprog/result
cd /tmp/math_90_Genprog;export JAVA_TOOL_OPTIONS=-Dfile.encoding=UTF8;export PATH="/usr/lib/jvm/java-1.7.0-openjdk-amd64/bin/:$PATH";time java  -cp /home/tdurieux/defects4j-repair/src/python/core/../../..//libs/astor.jar fr.inria.main.evolution.MainjGenProg -mode statement -location . -dependencies lib/ -failing org.apache.commons.math.stat.FrequencyTest: -package org.apache.commons -jvm4testexecution /usr/lib/jvm/java-1.7.0-openjdk-amd64/bin/ -javacompliancelevel 6 -maxgen 1000000 -seed 10 -maxtime 60  -scope local  -stopfirst true -flthreshold 0.1 -population 1 -srcjavafolder src/java/ -srctestfolder src/test/ -binjavafolder target/classes/ -bintestfolder target/test-classes/;echo "

Node: `hostname`
";echo "
Date: `date`
";rm -rf /tmp/math_90_Genprog;

2015-08-24 21:10:38,683 INFO main - End Repair Loops: NOT Found solution
2015-08-24 21:10:38,683 INFO main - 
Number solutions:0
2015-08-24 21:10:38,683 INFO main - 
All variants:
2015-08-24 21:10:38,683 INFO main - f 1.0, [Variant id: 62207, #gens: 4, #ops: 0, parent:-]
2015-08-24 21:10:38,683 INFO main - --Space: LOCAL
org.apache.commons.math.stat.Frequency=93|,
2015-08-24 21:10:38,683 INFO main - 
----stats: 
2015-08-24 21:10:38,683 INFO main - 
spaces navigation: [24]: {(CtIfImpl| size: 93| notcompiles| LOCAL| INSERT_BEFORE) =45, (CtIfImpl| size: 13| notcompiles| LOCAL| REPLACE) =8, (CtIfImpl| size: 93| alreadyanalyzed| LOCAL| INSERT_BEFORE) =454441, (CtIfImpl| size: 93| compiles| LOCAL| INSERT_BEFORE) =28, (CtThrowImpl| size: 93| notcompiles| LOCAL| INSERT_BEFORE) =45, (CtLocalVariableImpl| size: 93| notcompiles| LOCAL| INSERT_AFTER) =92, (CtLocalVariableImpl| size: 17| alreadyanalyzed| LOCAL| REPLACE) =164895, (CtIfImpl| size: 13| alreadyanalyzed| LOCAL| REPLACE) =61629, (CtThrowImpl| size: 93| alreadyanalyzed| LOCAL| INSERT_AFTER) =609507, (CtLocalVariableImpl| size: 93| alreadyanalyzed| LOCAL| INSERT_AFTER) =898294, (CtIfImpl| size: 13| compiles| LOCAL| REPLACE) =3, (CtThrowImpl| size: 93| alreadyanalyzed| LOCAL| INSERT_BEFORE) =612314, (CtLocalVariableImpl| size: 93| alreadyanalyzed| LOCAL| INSERT_BEFORE) =898273, (CtThrowImpl| size: 93| notcompiles| LOCAL| INSERT_AFTER) =45, (CtLocalVariableImpl| size: 17| compiles| LOCAL| REPLACE) =25, (CtThrowImpl| size: 93| compiles| LOCAL| INSERT_AFTER) =28, (CtIfImpl| size: 93| compiles| LOCAL| INSERT_AFTER) =28, (CtLocalVariableImpl| size: 93| notcompiles| LOCAL| INSERT_BEFORE) =92, (CtLocalVariableImpl| size: 93| compiles| LOCAL| INSERT_AFTER) =53, (CtIfImpl| size: 93| alreadyanalyzed| LOCAL| INSERT_AFTER) =451607, (CtThrowImpl| size: 93| compiles| LOCAL| INSERT_BEFORE) =28, (CtIfImpl| size: 93| notcompiles| LOCAL| INSERT_AFTER) =45, (CtThrowImpl| size: 1| alreadyanalyzed| LOCAL| REPLACE) =6684, (CtLocalVariableImpl| size: 93| compiles| LOCAL| INSERT_BEFORE) =53}
#gen: 31103
#patches: 0
#RightCompilation: 11458
#WrongCompilation: 9807
#FailingTestCaseExecution: 11459
#RegressionTestExecution: 0
#TestcasesExecutedval1: 80213
#TestcasesExecutedval2: 0
#FailingTestCase: 7
#RegressionTestCases: 0
#OfAppliedOp: 21265
#NotAppliedOp: 0
#InmutatedGen: 63306
#unfinishValidation: 0
#ing {CtLocalVariableImpl=38796, CtThrowImpl=26426, CtIfImpl=19349}
#untilcompile {136=1, 1=1163, 2=23, 3=20, 279=949, 141=1, 4=21, 5=9, 140=238, 6=11, 7=7, 129=1, 8=3, 128=265, 282=1, 9=4, 131=1, 10=4, 280=999, 11=5, 286=1, 13=269, 14=124, 15=5, 17=544, 16=6, 19=2, 18=263, 21=3, 263=1, 20=2, 23=3, 22=3, 25=1, 145=1, 24=1, 26=1, 29=1, 28=4, 31=81, 30=30, 34=29, 35=42, 32=2, 33=2, 37=2, 43=1, 47=5, 186=1845, 51=1, 187=450, 48=113, 292=959, 190=1, 294=1, 296=1972, 204=990, 206=1, 64=1, 200=502, 203=653, 77=1, 199=297, 192=1, 220=479, 216=958, 93=3917, 95=2, 94=763, 102=2, 372=1916, 103=2, 100=1, 101=2, 98=1, 99=2, 96=2, 97=2, 110=724, 111=345, 109=2, 106=385, 107=143, 104=1, 118=2, 115=1, 113=1, 112=3, 127=80, 124=450, 123=176, 120=1}
2015-08-24 21:10:38,683 INFO main - Time Evolution(ms): 3660172
2015-08-24 21:10:38,683 INFO fr.inria.main.AbstractMain - Time Total(ms): 3683478


Node: graphene-15.nancy.grid5000.fr


Date: Mon Aug 24 23:10:39 CEST 2015


