export PATH="/home/tdurieux/defects4j/framework/bin:$PATH";export JAVA_TOOL_OPTIONS=-Dfile.encoding=UTF8;export PATH="/usr/lib/jvm/java-1.7.0-openjdk-amd64/bin/:$PATH";cp -r /home/tdurieux/projects/math/math_28 /tmp/math_28_Genprog;cd /tmp/math_28_Genprog;defects4j compile;mkdir lib/;cp -r /home/tdurieux/defects4j/framework/projects/lib/* lib/;cp -r /home/tdurieux/defects4j/framework/projects/Math/lib/* lib/;find . -type f -name "package-info.java" -delete;
/home/tdurieux/defects4j-repair/src/python/core/../../../results/2015-august/Math/28/Genprog/result
cd /tmp/math_28_Genprog;export JAVA_TOOL_OPTIONS=-Dfile.encoding=UTF8;export PATH="/usr/lib/jvm/java-1.7.0-openjdk-amd64/bin/:$PATH";time java  -cp /home/tdurieux/defects4j-repair/src/python/core/../../..//libs/astor.jar fr.inria.main.evolution.MainjGenProg -mode statement -location . -dependencies lib/ -failing org.apache.commons.math3.optimization.linear.SimplexSolverTest: -package org.apache.commons -jvm4testexecution /usr/lib/jvm/java-1.7.0-openjdk-amd64/bin/ -javacompliancelevel 5 -maxgen 1000000 -seed 10 -maxtime 60  -scope local  -stopfirst true -flthreshold 0.1 -population 1 -srcjavafolder src/main/java/ -srctestfolder src/test/java/ -binjavafolder target/classes/ -bintestfolder target/test-classes/;echo "

Node: `hostname`
";echo "
Date: `date`
";rm -rf /tmp/math_28_Genprog;

2015-08-24 21:28:40,138 INFO main - End Repair Loops: Found solution
2015-08-24 21:28:40,138 INFO main - Solution stored at: ./outputMutation//MainjGenProg-.//src/
2015-08-24 21:28:40,138 INFO main - 
Number solutions:1
2015-08-24 21:28:40,138 INFO main - f (sol): 0.0, [Variant id: 8 (SOL) , #gens: 237, #ops: 1, parent:7]
2015-08-24 21:28:40,138 INFO main - 
All variants:
2015-08-24 21:28:40,138 INFO main - f 1.0, [Variant id: 9, #gens: 238, #ops: 0, parent:-]
2015-08-24 21:28:40,138 INFO main - 
Solution details
2015-08-24 21:28:40,138 INFO main - 
 --SOLUTIONS DESCRIPTION--

 ----
ProgramVariant 8
 
operation: DELETE
location= org.apache.commons.math3.optimization.linear.SimplexSolver
line= 123
original statement= if ((org.apache.commons.math3.util.Precision.equals(entry, 1.0, maxUlps)) && (row.equals(tableau.getBasicRow(column)))) {
	return row;
} 
fixed statement= if ((org.apache.commons.math3.util.Precision.equals(entry, 1.0, maxUlps)) && (row.equals(tableau.getBasicRow(column)))) {
	return row;
} 
generation= 4
ingredientScope= -
 
2015-08-24 21:28:40,138 INFO main - --Space: LOCAL
org.apache.commons.math3.linear.AbstractRealMatrix=365|,org.apache.commons.math3.util.Precision=91|,org.apache.commons.math3.exception.util.LocalizedFormats=7|,org.apache.commons.math3.linear.ArrayRealVector=335|,org.apache.commons.math3.linear.Array2DRowRealMatrix=183|,org.apache.commons.math3.optimization.linear.AbstractLinearOptimizer=17|,org.apache.commons.math3.optimization.linear.SimplexTableau=162|,org.apache.commons.math3.exception.util.ExceptionContext=70|,org.apache.commons.math3.optimization.linear.LinearObjectiveFunction=19|,org.apache.commons.math3.optimization.linear.LinearConstraint=30|,org.apache.commons.math3.optimization.linear.SimplexSolver=71|,
2015-08-24 21:28:40,138 INFO main - 
----stats: 
2015-08-24 21:28:40,138 INFO main - 
spaces navigation: [3]: {(CtInvocationImpl| size: 71| compiles| LOCAL| INSERT_AFTER) =1, (CtInvocationImpl| size: 11| compiles| LOCAL| REPLACE) =1, (CtInvocationImpl| size: 71| notcompiles| LOCAL| INSERT_AFTER) =1}
#gen: 4
#patches: 1
#RightCompilation: 3
#WrongCompilation: 1
#FailingTestCaseExecution: 4
#RegressionTestExecution: 1
#TestcasesExecutedval1: 104
#TestcasesExecutedval2: 3830
#FailingTestCase: 26
#RegressionTestCases: 3830
#OfAppliedOp: 4
#NotAppliedOp: 0
#InmutatedGen: 0
#unfinishValidation: 0
#ing {CtInvocationImpl=2, CtIfImpl=2}
#untilcompile {1=1, 2=1}
2015-08-24 21:28:40,138 INFO main - Time Evolution(ms): 223755
2015-08-24 21:28:40,138 INFO fr.inria.main.AbstractMain - Time Total(ms): 798285


Node: graphene-4.nancy.grid5000.fr


Date: Mon Aug 24 23:28:40 CEST 2015


