mkdir: cannot create directory ‘lib/’: File exists
cp: cannot stat ‘/home/tdurieux/defects4j/framework/projects/Closure/lib/*’: No such file or directory
Running ant (compile)...................................................... OK
Running ant (compile.tests)................................................ OK
Picked up JAVA_TOOL_OPTIONS: -Dfile.encoding=UTF8
Please use CMSClassUnloadingEnabled in place of CMSPermGenSweepingEnabled in the future
java.lang.NullPointerException
	at com.google.javascript.jscomp.TypedScopeCreator$AbstractScopeBuilder.defineSlot(TypedScopeCreator.java:693)
	at com.google.javascript.jscomp.TypedScopeCreator$AbstractScopeBuilder.defineSlot(TypedScopeCreator.java:609)
	at com.google.javascript.jscomp.TypedScopeCreator$AbstractScopeBuilder.defineSlot(TypedScopeCreator.java:599)
	at com.google.javascript.jscomp.TypedScopeCreator$AbstractScopeBuilder.defineFunctionLiteral(TypedScopeCreator.java:453)
	at com.google.javascript.jscomp.TypedScopeCreator$AbstractScopeBuilder.shouldTraverse(TypedScopeCreator.java:257)
	at com.google.javascript.jscomp.NodeTraversal.traverseBranch(NodeTraversal.java:485)
	at com.google.javascript.jscomp.NodeTraversal.traverseFunction(NodeTraversal.java:542)
	at com.google.javascript.jscomp.NodeTraversal.traverseBranch(NodeTraversal.java:489)
	at com.google.javascript.jscomp.NodeTraversal.traverse(NodeTraversal.java:277)
	at com.google.javascript.jscomp.NodeTraversal.traverse(NodeTraversal.java:455)
	at com.google.javascript.jscomp.TypedScopeCreator$LocalScopeBuilder.build(TypedScopeCreator.java:1085)
	at com.google.javascript.jscomp.TypedScopeCreator.createScope(TypedScopeCreator.java:79)
	at com.google.javascript.jscomp.TypeInferenceTest.inFunction(TypeInferenceTest.java:101)
	at com.google.javascript.jscomp.TypeInferenceTest.testBackwardsInferenceNew(TypeInferenceTest.java:881)
	at sun.reflect.NativeMethodAccessorImpl.invoke0(Native Method)
	at sun.reflect.NativeMethodAccessorImpl.invoke(NativeMethodAccessorImpl.java:57)
	at sun.reflect.DelegatingMethodAccessorImpl.invoke(DelegatingMethodAccessorImpl.java:43)
	at java.lang.reflect.Method.invoke(Method.java:606)
	at junit.framework.TestCase.runTest(TestCase.java:176)
	at junit.framework.TestCase.runBare(TestCase.java:141)
	at junit.framework.TestResult$1.protect(TestResult.java:122)
	at junit.framework.TestResult.runProtected(TestResult.java:142)
	at junit.framework.TestResult.run(TestResult.java:125)
	at junit.framework.TestCase.run(TestCase.java:129)
	at junit.framework.TestSuite.runTest(TestSuite.java:255)
	at junit.framework.TestSuite.run(TestSuite.java:250)
	at org.junit.internal.runners.JUnit38ClassRunner.run(JUnit38ClassRunner.java:84)
	at org.junit.runner.JUnitCore.run(JUnitCore.java:160)
	at org.junit.runner.JUnitCore.run(JUnitCore.java:138)
	at xxl.java.junit.JUnitSingleTestRunner.call(JUnitSingleTestRunner.java:23)
	at xxl.java.junit.JUnitSingleTestRunner.call(JUnitSingleTestRunner.java:10)
	at java.util.concurrent.FutureTask.run(FutureTask.java:262)
	at java.util.concurrent.ThreadPoolExecutor.runWorker(ThreadPoolExecutor.java:1145)
	at java.util.concurrent.ThreadPoolExecutor$Worker.run(ThreadPoolExecutor.java:615)
	at java.lang.Thread.run(Thread.java:745)
java.lang.NullPointerException
	at com.google.javascript.jscomp.TypedScopeCreator$AbstractScopeBuilder.defineSlot(TypedScopeCreator.java:693)
	at com.google.javascript.jscomp.TypedScopeCreator$AbstractScopeBuilder.defineSlot(TypedScopeCreator.java:609)
	at com.google.javascript.jscomp.TypedScopeCreator$AbstractScopeBuilder.defineSlot(TypedScopeCreator.java:599)
	at com.google.javascript.jscomp.TypedScopeCreator$AbstractScopeBuilder.defineFunctionLiteral(TypedScopeCreator.java:453)
	at com.google.javascript.jscomp.TypedScopeCreator$AbstractScopeBuilder.shouldTraverse(TypedScopeCreator.java:257)
	at com.google.javascript.jscomp.NodeTraversal.traverseBranch(NodeTraversal.java:485)
	at com.google.javascript.jscomp.NodeTraversal.traverseFunction(NodeTraversal.java:542)
	at com.google.javascript.jscomp.NodeTraversal.traverseBranch(NodeTraversal.java:489)
	at com.google.javascript.jscomp.NodeTraversal.traverse(NodeTraversal.java:277)
	at com.google.javascript.jscomp.NodeTraversal.traverse(NodeTraversal.java:455)
	at com.google.javascript.jscomp.TypedScopeCreator$LocalScopeBuilder.build(TypedScopeCreator.java:1085)
	at com.google.javascript.jscomp.TypedScopeCreator.createScope(TypedScopeCreator.java:79)
	at com.google.javascript.jscomp.TypeInferenceTest.inFunction(TypeInferenceTest.java:101)
	at com.google.javascript.jscomp.TypeInferenceTest.testBackwardsInferenceNew(TypeInferenceTest.java:881)
	at sun.reflect.NativeMethodAccessorImpl.invoke0(Native Method)
	at sun.reflect.NativeMethodAccessorImpl.invoke(NativeMethodAccessorImpl.java:57)
	at sun.reflect.DelegatingMethodAccessorImpl.invoke(DelegatingMethodAccessorImpl.java:43)
	at java.lang.reflect.Method.invoke(Method.java:606)
	at junit.framework.TestCase.runTest(TestCase.java:176)
	at junit.framework.TestCase.runBare(TestCase.java:141)
	at junit.framework.TestResult$1.protect(TestResult.java:122)
	at junit.framework.TestResult.runProtected(TestResult.java:142)
	at junit.framework.TestResult.run(TestResult.java:125)
	at junit.framework.TestCase.run(TestCase.java:129)
	at junit.framework.TestSuite.runTest(TestSuite.java:255)
	at junit.framework.TestSuite.run(TestSuite.java:250)
	at org.junit.internal.runners.JUnit38ClassRunner.run(JUnit38ClassRunner.java:84)
	at org.junit.runner.JUnitCore.run(JUnitCore.java:160)
	at org.junit.runner.JUnitCore.run(JUnitCore.java:138)
	at xxl.java.junit.JUnitSingleTestRunner.call(JUnitSingleTestRunner.java:23)
	at xxl.java.junit.JUnitSingleTestRunner.call(JUnitSingleTestRunner.java:10)
	at java.util.concurrent.FutureTask.run(FutureTask.java:262)
	at java.util.concurrent.ThreadPoolExecutor.runWorker(ThreadPoolExecutor.java:1145)
	at java.util.concurrent.ThreadPoolExecutor$Worker.run(ThreadPoolExecutor.java:615)
	at java.lang.Thread.run(Thread.java:745)
java.lang.NullPointerException
	at com.google.javascript.jscomp.TypedScopeCreator$AbstractScopeBuilder.defineSlot(TypedScopeCreator.java:693)
	at com.google.javascript.jscomp.TypedScopeCreator$AbstractScopeBuilder.defineSlot(TypedScopeCreator.java:609)
	at com.google.javascript.jscomp.TypedScopeCreator$AbstractScopeBuilder.defineSlot(TypedScopeCreator.java:599)
	at com.google.javascript.jscomp.TypedScopeCreator$AbstractScopeBuilder.defineFunctionLiteral(TypedScopeCreator.java:453)
	at com.google.javascript.jscomp.TypedScopeCreator$AbstractScopeBuilder.shouldTraverse(TypedScopeCreator.java:257)
	at com.google.javascript.jscomp.NodeTraversal.traverseBranch(NodeTraversal.java:485)
	at com.google.javascript.jscomp.NodeTraversal.traverseFunction(NodeTraversal.java:542)
	at com.google.javascript.jscomp.NodeTraversal.traverseBranch(NodeTraversal.java:489)
	at com.google.javascript.jscomp.NodeTraversal.traverse(NodeTraversal.java:277)
	at com.google.javascript.jscomp.NodeTraversal.traverse(NodeTraversal.java:455)
	at com.google.javascript.jscomp.TypedScopeCreator$LocalScopeBuilder.build(TypedScopeCreator.java:1085)
	at com.google.javascript.jscomp.TypedScopeCreator.createScope(TypedScopeCreator.java:79)
	at com.google.javascript.jscomp.TypeInferenceTest.inFunction(TypeInferenceTest.java:101)
	at com.google.javascript.jscomp.TypeInferenceTest.testBackwardsInferenceNew(TypeInferenceTest.java:881)
	at sun.reflect.NativeMethodAccessorImpl.invoke0(Native Method)
	at sun.reflect.NativeMethodAccessorImpl.invoke(NativeMethodAccessorImpl.java:57)
	at sun.reflect.DelegatingMethodAccessorImpl.invoke(DelegatingMethodAccessorImpl.java:43)
	at java.lang.reflect.Method.invoke(Method.java:606)
	at junit.framework.TestCase.runTest(TestCase.java:176)
	at junit.framework.TestCase.runBare(TestCase.java:141)
	at junit.framework.TestResult$1.protect(TestResult.java:122)
	at junit.framework.TestResult.runProtected(TestResult.java:142)
	at junit.framework.TestResult.run(TestResult.java:125)
	at junit.framework.TestCase.run(TestCase.java:129)
	at junit.framework.TestSuite.runTest(TestSuite.java:255)
	at junit.framework.TestSuite.run(TestSuite.java:250)
	at org.junit.internal.runners.JUnit38ClassRunner.run(JUnit38ClassRunner.java:84)
	at org.junit.runner.JUnitCore.run(JUnitCore.java:160)
	at org.junit.runner.JUnitCore.run(JUnitCore.java:138)
	at xxl.java.junit.JUnitSingleTestRunner.call(JUnitSingleTestRunner.java:23)
	at xxl.java.junit.JUnitSingleTestRunner.call(JUnitSingleTestRunner.java:10)
	at java.util.concurrent.FutureTask.run(FutureTask.java:262)
	at java.util.concurrent.ThreadPoolExecutor.runWorker(ThreadPoolExecutor.java:1145)
	at java.util.concurrent.ThreadPoolExecutor$Worker.run(ThreadPoolExecutor.java:615)
	at java.lang.Thread.run(Thread.java:745)
java.lang.NullPointerException
	at com.google.javascript.jscomp.TypedScopeCreator$AbstractScopeBuilder.defineSlot(TypedScopeCreator.java:693)
	at com.google.javascript.jscomp.TypedScopeCreator$AbstractScopeBuilder.defineSlot(TypedScopeCreator.java:609)
	at com.google.javascript.jscomp.TypedScopeCreator$AbstractScopeBuilder.defineSlot(TypedScopeCreator.java:599)
	at com.google.javascript.jscomp.TypedScopeCreator$AbstractScopeBuilder.defineFunctionLiteral(TypedScopeCreator.java:453)
	at com.google.javascript.jscomp.TypedScopeCreator$AbstractScopeBuilder.shouldTraverse(TypedScopeCreator.java:257)
	at com.google.javascript.jscomp.NodeTraversal.traverseBranch(NodeTraversal.java:485)
	at com.google.javascript.jscomp.NodeTraversal.traverseFunction(NodeTraversal.java:542)
	at com.google.javascript.jscomp.NodeTraversal.traverseBranch(NodeTraversal.java:489)
	at com.google.javascript.jscomp.NodeTraversal.traverse(NodeTraversal.java:277)
	at com.google.javascript.jscomp.NodeTraversal.traverse(NodeTraversal.java:455)
	at com.google.javascript.jscomp.TypedScopeCreator$LocalScopeBuilder.build(TypedScopeCreator.java:1085)
	at com.google.javascript.jscomp.TypedScopeCreator.createScope(TypedScopeCreator.java:79)
	at com.google.javascript.jscomp.TypeInferenceTest.inFunction(TypeInferenceTest.java:101)
	at com.google.javascript.jscomp.TypeInferenceTest.testBackwardsInferenceNew(TypeInferenceTest.java:881)
	at sun.reflect.NativeMethodAccessorImpl.invoke0(Native Method)
	at sun.reflect.NativeMethodAccessorImpl.invoke(NativeMethodAccessorImpl.java:57)
	at sun.reflect.DelegatingMethodAccessorImpl.invoke(DelegatingMethodAccessorImpl.java:43)
	at java.lang.reflect.Method.invoke(Method.java:606)
	at junit.framework.TestCase.runTest(TestCase.java:176)
	at junit.framework.TestCase.runBare(TestCase.java:141)
	at junit.framework.TestResult$1.protect(TestResult.java:122)
	at junit.framework.TestResult.runProtected(TestResult.java:142)
	at junit.framework.TestResult.run(TestResult.java:125)
	at junit.framework.TestCase.run(TestCase.java:129)
	at junit.framework.TestSuite.runTest(TestSuite.java:255)
	at junit.framework.TestSuite.run(TestSuite.java:250)
	at org.junit.internal.runners.JUnit38ClassRunner.run(JUnit38ClassRunner.java:84)
	at org.junit.runner.JUnitCore.run(JUnitCore.java:160)
	at org.junit.runner.JUnitCore.run(JUnitCore.java:138)
	at xxl.java.junit.JUnitSingleTestRunner.call(JUnitSingleTestRunner.java:23)
	at xxl.java.junit.JUnitSingleTestRunner.call(JUnitSingleTestRunner.java:10)
	at java.util.concurrent.FutureTask.run(FutureTask.java:262)
	at java.util.concurrent.ThreadPoolExecutor.runWorker(ThreadPoolExecutor.java:1145)
	at java.util.concurrent.ThreadPoolExecutor$Worker.run(ThreadPoolExecutor.java:615)
	at java.lang.Thread.run(Thread.java:745)
java.util.concurrent.ExecutionException: java.lang.OutOfMemoryError: Java heap space
	at java.util.concurrent.FutureTask.report(FutureTask.java:122)
	at java.util.concurrent.FutureTask.get(FutureTask.java:202)
	at fr.inria.lille.repair.Main.main(Main.java:98)
Caused by: java.lang.OutOfMemoryError: Java heap space
	at java.lang.StringCoding$StringDecoder.decode(StringCoding.java:149)
	at java.lang.StringCoding.decode(StringCoding.java:193)
	at java.lang.String.<init>(String.java:416)
	at java.lang.String.<init>(String.java:481)
	at java.io.UnixFileSystem.canonicalize0(Native Method)
	at java.io.UnixFileSystem.canonicalize(UnixFileSystem.java:172)
	at java.io.File.getCanonicalPath(File.java:618)
	at java.io.File.getCanonicalFile(File.java:643)
	at spoon.support.compiler.FileSystemFile.<init>(FileSystemFile.java:43)
	at spoon.support.compiler.FileSystemFolder.getFiles(FileSystemFolder.java:63)
	at spoon.support.compiler.FileSystemFolder.getAllJavaFiles(FileSystemFolder.java:108)
	at spoon.support.compiler.FileSystemFolder.getAllJavaFiles(FileSystemFolder.java:114)
	at spoon.support.compiler.FileSystemFolder.getAllJavaFiles(FileSystemFolder.java:114)
	at spoon.support.compiler.FileSystemFolder.getAllJavaFiles(FileSystemFolder.java:114)
	at spoon.support.compiler.FileSystemFolder.getAllJavaFiles(FileSystemFolder.java:114)
	at spoon.support.StandardEnvironment.verifySourceClasspath(StandardEnvironment.java:416)
	at spoon.support.StandardEnvironment.setSourceClasspath(StandardEnvironment.java:400)
	at spoon.support.compiler.jdt.JDTBasedSpoonCompiler.setSourceClasspath(JDTBasedSpoonCompiler.java:309)
	at fr.inria.lille.commons.spoon.util.SpoonModelLibrary.modelFor(SpoonModelLibrary.java:50)
	at fr.inria.lille.commons.spoon.SpoonedFile.<init>(SpoonedFile.java:62)
	at fr.inria.lille.commons.spoon.SpoonedClass.<init>(SpoonedClass.java:14)
	at fr.inria.lille.commons.spoon.SpoonedProject.forked(SpoonedProject.java:47)
	at fr.inria.lille.repair.nopol.NoPol.runOnStatement(NoPol.java:175)
	at fr.inria.lille.repair.nopol.NoPol.solveWithMultipleBuild(NoPol.java:166)
	at fr.inria.lille.repair.nopol.NoPol.build(NoPol.java:133)
	at fr.inria.lille.repair.Main$1.call(Main.java:91)
	at java.util.concurrent.FutureTask.run(FutureTask.java:262)
	at java.util.concurrent.ThreadPoolExecutor.runWorker(ThreadPoolExecutor.java:1145)
	at java.util.concurrent.ThreadPoolExecutor$Worker.run(ThreadPoolExecutor.java:615)
	at java.lang.Thread.run(Thread.java:745)

Usage: java -jar nopol.jar
                          [(-m|--mode) <repair|ranking>] [(-e|--type) <pre_then_cond|loop|condition|precondition|arithmetic>] [(-o|--oracle) <angelic|symbolic>] [(-y|--synthesis) <smt|dynamoth>] [(-l|--solver) <z3|cvc4>] [(-p|--solver-path) <solverPath>] (-s|--source) source1:source2:...:sourceN  (-c|--classpath) <classpath> [(-t|--test) test1:test2:...:testN ] [--complianceLevel <complianceLevel>] [--maxTime <maxTime>] [--maxTimeType <maxTimeType>] [(-z|--flocal) < ochiai|dumb|gzoltar>] [--output <outputFolder>] [--json[:<outputJson>]]

  [(-m|--mode) <repair|ranking>]
        Define the mode of execution. (default: repair)

  [(-e|--type) <pre_then_cond|loop|condition|precondition|arithmetic>]
        The type of statement to analyze (only used with repair mode). (default:
        pre_then_cond)

  [(-o|--oracle) <angelic|symbolic>]
        Define the oracle (only used with repair mode). (default: angelic)

  [(-y|--synthesis) <smt|dynamoth>]
        Define the patch synthesis. (default: smt)

  [(-l|--solver) <z3|cvc4>]
        Define the solver (only used with smt synthesis). (default: z3)

  [(-p|--solver-path) <solverPath>]
        Define the solver binary path (only used with smt synthesis).

  (-s|--source) source1:source2:...:sourceN 
        Define the path to the source code of the project.

  (-c|--classpath) <classpath>
        Define the classpath of the project.

  [(-t|--test) test1:test2:...:testN ]
        Define the tests of the project.

  [--complianceLevel <complianceLevel>]
        The compliance level of the project. (default: 7)

  [--maxTime <maxTime>]
        The maximum time execution in minute for the whole execution of
        Nopol.(default: 10)

  [--maxTimeType <maxTimeType>]
        The maximum time execution in minute for one type of patch. (default: 5)

  [(-z|--flocal) < ochiai|dumb|gzoltar>]
        Define the fault localizer to be used. (default: ochiai)

  [--output <outputFolder>]
        Define the location where the patches will be saved. (default: .)

  [--json[:<outputJson>]]
        Output a json file in the current working directory.

Command exited with non-zero status 255
5949.42user 149.26system 1:07:37elapsed 150%CPU (0avgtext+0avgdata 4794460maxresident)k
0inputs+35664outputs (0major+2231753minor)pagefaults 0swaps
