export PATH="/home/tdurieux/defects4j/framework/bin:$PATH";export JAVA_TOOL_OPTIONS=-Dfile.encoding=UTF8;export PATH="/usr/lib/jvm/java-1.7.0-openjdk-amd64/bin/:$PATH";cp -r /home/tdurieux/projects/lang/lang_48 /tmp/lang_48_Genprog;cd /tmp/lang_48_Genprog;defects4j compile;mkdir lib/;cp -r /home/tdurieux/defects4j/framework/projects/lib/* lib/;cp -r /home/tdurieux/defects4j/framework/projects/Lang/lib/* lib/;find . -type f -name "package-info.java" -delete;
/home/tdurieux/defects4j-repair/src/python/core/../../../results/2015-august/Lang/48/Genprog/result
cd /tmp/lang_48_Genprog;export JAVA_TOOL_OPTIONS=-Dfile.encoding=UTF8;TZ="America/New_York"; export TZexport PATH="/usr/lib/jvm/java-1.7.0-openjdk-amd64/bin/:$PATH";time java  -cp /home/tdurieux/defects4j-repair/src/python/core/../../..//libs/astor.jar fr.inria.main.evolution.MainjGenProg -mode statement -location . -dependencies lib/ -failing org.apache.commons.lang.builder.EqualsBuilderTest: -package org.apache.commons -jvm4testexecution /usr/lib/jvm/java-1.7.0-openjdk-amd64/bin/ -javacompliancelevel 3 -maxgen 1000000 -seed 10 -maxtime 60  -scope local  -stopfirst true -flthreshold 0.1 -population 1 -srcjavafolder src/java/ -srctestfolder src/test/ -binjavafolder target/classes/ -bintestfolder target/tests/;echo "

Node: `hostname`
";echo "
Date: `date`
";rm -rf /tmp/lang_48_Genprog;

2015-08-24 23:25:28,420 INFO main - End Repair Loops: NOT Found solution
2015-08-24 23:25:28,420 INFO main - 
Number solutions:0
2015-08-24 23:25:28,420 INFO main - 
All variants:
2015-08-24 23:25:28,420 INFO main - f 1.0, [Variant id: 11535, #gens: 10, #ops: 0, parent:-]
2015-08-24 23:25:28,421 INFO main - --Space: LOCAL
org.apache.commons.lang.builder.EqualsBuilder=225|,
2015-08-24 23:25:28,421 INFO main - 
----stats: 
2015-08-24 23:25:28,421 INFO main - 
spaces navigation: [44]: {(CtLocalVariableImpl| size: 8| compiles| LOCAL| REPLACE) =6, (CtIfImpl| size: 225| compiles| LOCAL| INSERT_BEFORE) =157, (CtUnaryOperatorImpl| size: 225| compiles| LOCAL| INSERT_BEFORE) =43, (CtAssignmentImpl| size: 225| compiles| LOCAL| INSERT_AFTER) =43, (CtLocalVariableImpl| size: 225| notcompiles| LOCAL| INSERT_AFTER) =33, (CtAssignmentImpl| size: 225| alreadyanalyzed| LOCAL| INSERT_AFTER) =130389, (CtLocalVariableImpl| size: 225| compiles| LOCAL| INSERT_BEFORE) =38, (CtIfImpl| size: 65| alreadyanalyzed| LOCAL| REPLACE) =118404, (CtIfImpl| size: 225| compiles| LOCAL| INSERT_AFTER) =157, (CtAssignmentImpl| size: 225| notcompiles| LOCAL| INSERT_AFTER) =27, (CtUnaryOperatorImpl| size: 3| alreadyanalyzed| LOCAL| REPLACE) =1390, (CtAssignmentImpl| size: 14| alreadyanalyzed| LOCAL| REPLACE) =8329, (CtReturnImpl| size: 225| compiles| LOCAL| INSERT_BEFORE) =55, (CtAssignmentImpl| size: 225| notcompiles| LOCAL| INSERT_BEFORE) =27, (CtReturnImpl| size: 225| alreadyanalyzed| LOCAL| INSERT_BEFORE) =324958, (CtReturnImpl| size: 78| alreadyanalyzed| LOCAL| REPLACE) =120971, (CtLocalVariableImpl| size: 225| alreadyanalyzed| LOCAL| INSERT_BEFORE) =97718, (CtUnaryOperatorImpl| size: 225| notcompiles| LOCAL| INSERT_BEFORE) =27, (CtUnaryOperatorImpl| size: 225| alreadyanalyzed| LOCAL| INSERT_AFTER) =92622, (CtReturnImpl| size: 78| compiles| LOCAL| REPLACE) =7, (CtReturnImpl| size: 225| notcompiles| LOCAL| INSERT_AFTER) =84, (CtReturnImpl| size: 225| alreadyanalyzed| LOCAL| INSERT_AFTER) =321784, (CtUnaryOperatorImpl| size: 225| alreadyanalyzed| LOCAL| INSERT_BEFORE) =90272, (CtLocalVariableImpl| size: 225| compiles| LOCAL| INSERT_AFTER) =37, (CtUnaryOperatorImpl| size: 225| compiles| LOCAL| INSERT_AFTER) =43, (CtLocalVariableImpl| size: 225| alreadyanalyzed| LOCAL| INSERT_AFTER) =100155, (CtIfImpl| size: 225| notcompiles| LOCAL| INSERT_BEFORE) =125, (CtReturnImpl| size: 225| notcompiles| LOCAL| INSERT_BEFORE) =85, (CtAssignmentImpl| size: 14| compiles| LOCAL| REPLACE) =1, (CtIfImpl| size: 65| notcompiles| LOCAL| REPLACE) =32, (CtIfImpl| size: 65| compiles| LOCAL| REPLACE) =49, (CtReturnImpl| size: 78| notcompiles| LOCAL| REPLACE) =15, (CtIfImpl| size: 225| alreadyanalyzed| LOCAL| INSERT_AFTER) =381520, (CtAssignmentImpl| size: 14| notcompiles| LOCAL| REPLACE) =5, (CtAssignmentImpl| size: 225| alreadyanalyzed| LOCAL| INSERT_BEFORE) =117855, (CtLocalVariableImpl| size: 8| alreadyanalyzed| LOCAL| REPLACE) =3506, (CtIfImpl| size: 225| alreadyanalyzed| LOCAL| INSERT_BEFORE) =381462, (CtUnaryOperatorImpl| size: 3| notcompiles| LOCAL| REPLACE) =1, (CtAssignmentImpl| size: 225| compiles| LOCAL| INSERT_BEFORE) =43, (CtUnaryOperatorImpl| size: 225| notcompiles| LOCAL| INSERT_AFTER) =27, (CtIfImpl| size: 225| notcompiles| LOCAL| INSERT_AFTER) =125, (CtReturnImpl| size: 225| compiles| LOCAL| INSERT_AFTER) =56, (CtLocalVariableImpl| size: 225| notcompiles| LOCAL| INSERT_BEFORE) =32, (CtUnaryOperatorImpl| size: 3| compiles| LOCAL| REPLACE) =1}
#gen: 5767
#patches: 0
#RightCompilation: 3931
#WrongCompilation: 1599
#FailingTestCaseExecution: 3932
#RegressionTestExecution: 0
#TestcasesExecutedval1: 176940
#TestcasesExecutedval2: 0
#FailingTestCase: 45
#RegressionTestCases: 0
#OfAppliedOp: 5530
#NotAppliedOp: 0
#InmutatedGen: 13863
#unfinishValidation: 0
#ing {CtLocalVariableImpl=1822, CtAssignmentImpl=2327, CtReturnImpl=6073, CtIfImpl=7348, CtUnaryOperatorImpl=1823}
#untilcompile {1=64, 2=61, 3=79, 4=25, 5=34, 6=17, 7=21, 8=49, 9=15, 10=13, 1095=1, 11=12, 12=13, 13=9, 14=65, 15=15, 17=16, 16=10, 1119=1, 19=11, 18=12, 21=6, 20=10, 23=4, 22=10, 1109=1, 25=7, 1108=9, 24=5, 27=2, 26=5, 29=3, 28=2, 31=2, 30=2, 34=2, 32=3, 33=4, 1133=5, 38=1, 36=1, 1128=6, 1129=1, 37=3, 43=3, 41=4, 1125=36, 46=1, 1122=1, 44=3, 1120=1, 45=1, 1121=4, 51=1, 49=2, 48=2, 55=2, 54=1, 58=2, 1142=1, 56=1, 1139=7, 1138=1, 62=3, 68=4, 1033=3, 69=2, 71=3, 64=1, 65=141, 1037=2, 1038=3, 66=1, 1039=2, 67=1, 76=2, 1026=1, 78=114, 79=20, 72=1, 73=4, 1030=7, 75=1, 85=4, 84=2, 1048=1, 87=3, 1051=3, 86=6, 81=14, 1052=1, 80=5, 83=1, 82=4, 2250=3, 1041=1, 93=1, 92=19, 1043=15, 95=5, 94=3, 89=2, 1044=1, 88=5, 90=4, 1046=3, 102=3, 103=1, 1064=2, 100=1, 1065=1, 101=1, 98=2, 99=4, 96=3, 97=1, 110=1, 111=2, 1059=1, 1056=9, 108=2, 1057=4, 107=1, 1060=2, 119=1, 116=1, 126=1, 125=1, 1078=1, 1220=1, 139=1, 138=1, 1217=3, 143=23, 1228=1, 128=2, 131=1, 130=9, 1225=1, 133=1, 152=2, 153=1, 155=1, 156=8, 1233=1, 157=1, 158=1, 144=1, 145=1, 146=7, 147=1, 150=2, 151=2, 1255=7, 1254=1, 170=1, 169=1, 175=1, 2103=8, 172=1, 1263=2, 162=1, 160=1, 1259=1, 166=1, 1271=4, 1268=10, 1269=1, 1267=1, 188=1, 1278=1, 2090=10, 1279=1, 179=1, 1276=2, 176=1, 1272=1, 180=1, 207=1, 221=2, 216=1, 1173=1, 219=1, 1176=2, 213=1, 214=1, 208=6, 1182=1, 239=46, 1187=2, 1186=1, 237=1, 236=4, 235=1, 234=1, 1190=22, 1189=1, 233=28, 232=2, 231=1, 230=2, 229=2, 1193=7, 228=27, 227=2, 226=4, 1198=6, 1197=2, 225=566, 1203=18, 1200=1, 1201=1, 250=2, 1206=4, 1207=1, 1204=3, 1210=1, 246=2, 1211=4, 247=2, 1208=2, 242=7, 243=1, 1215=1, 240=3, 1212=1, 1370=1, 276=1, 1364=6, 1363=2, 286=1, 1361=1, 284=1, 1358=8, 256=1, 1357=2, 1354=2, 1355=3, 261=2, 1353=7, 1350=21, 1349=1, 1346=3, 1347=2, 1344=2, 304=18, 307=2, 1406=2, 306=7, 309=1, 311=6, 312=1, 315=4, 1398=1, 314=1, 1393=1, 317=8, 318=1, 290=121, 293=6, 296=1, 298=6, 303=113, 339=1, 347=1, 1290=1, 325=3, 1295=1, 323=1, 1293=1, 321=1, 1282=3, 332=1, 1280=1, 1281=6, 330=1, 328=1, 1336=3, 369=2, 368=40, 371=1, 1342=1, 381=5, 380=1, 1331=1, 382=2, 1333=7, 377=1, 376=2, 379=1, 1323=1, 355=12, 363=1, 408=1, 1493=8, 1491=1, 1488=3, 1501=5, 404=1, 1496=4, 1497=1, 395=3, 393=1, 1476=2, 386=1, 384=1, 1483=4, 389=2, 1480=5, 1520=1, 444=1, 446=3, 1523=2, 447=1, 433=6, 1528=1, 436=1, 1510=4, 1504=4, 1507=5, 1506=3, 1515=3, 1426=1, 479=1, 1425=1, 1431=3, 1428=10, 1429=4, 470=1, 471=1, 1432=3, 1439=1, 467=5, 464=27, 1437=1, 1411=4, 463=3, 461=3, 460=2, 459=1, 1415=9, 458=25, 1414=3, 1412=4, 456=1, 1419=3, 454=2, 1418=4, 453=16, 1423=1, 450=288, 504=1, 1440=1, 1442=2, 484=1, 1450=3, 1453=1, 481=1, 550=1, 1643=1, 1640=8, 549=1, 545=1, 1636=8, 553=1, 1656=3, 1662=2, 1651=2, 1649=1, 572=1, 1654=3, 1653=3, 1610=1, 518=7, 514=1, 515=79, 525=1, 526=2, 527=1, 523=13, 532=2, 529=9, 528=84, 531=9, 542=11, 537=3, 536=9, 1623=3, 610=1, 1583=3, 609=2, 614=3, 1578=5, 615=2, 1579=4, 1574=4, 1575=4, 619=1, 1572=6, 617=1, 1571=2, 623=1, 620=1, 631=1, 1592=2, 1589=2, 1585=4, 1548=1, 577=1, 580=15, 583=2, 588=1, 593=28, 594=3, 1566=2, 1561=8, 596=4, 601=2, 600=1, 1559=1, 1558=1, 602=1, 1553=2, 605=1, 607=8, 606=10, 686=4, 685=2, 683=21, 680=1, 679=1, 1770=1, 678=14, 675=141, 674=2, 672=3, 1783=7, 699=1, 697=1, 692=5, 689=16, 1731=1, 648=1, 1732=9, 1734=2, 645=2, 1739=1, 646=1, 1745=1, 671=6, 666=1, 661=2, 656=1, 658=5, 744=1, 751=2, 748=8, 737=3, 743=1, 742=1, 1705=1, 740=60, 762=1, 1718=5, 1719=3, 761=8, 767=13, 764=1, 1713=6, 1726=2, 754=6, 752=2, 753=53, 756=4, 757=2, 1721=4, 1670=2, 1664=1, 1667=3, 731=1, 723=1, 821=7, 819=3, 818=19, 829=1, 831=7, 826=8, 805=15, 801=1, 813=2, 1881=3, 1886=3, 1873=6, 1879=5, 1878=6, 775=2, 1865=5, 770=1, 771=1, 1868=4, 883=10, 884=1, 886=5, 891=2, 894=1, 1825=1, 1822=2, 1817=2, 1814=1, 856=2, 835=2, 832=6, 1800=7, 843=1, 840=1, 1796=8, 845=2, 2033=2, 2039=2, 948=3, 951=1, 946=1, 2025=2, 2028=1, 922=2, 917=3, 914=17, 911=1, 910=1, 909=1, 908=9, 905=2, 904=1, 903=15, 900=67, 899=1, 897=2, 896=2, 1014=1, 1956=2, 1000=2, 992=6, 995=2, 986=6, 1943=9, 978=35, 979=5, 976=4, 982=2, 981=7, 968=3, 975=2, 974=1, 973=7, 972=1, 963=1, 961=4, 1930=9, 965=31}
2015-08-24 23:25:28,421 INFO main - Time Evolution(ms): 3660372
2015-08-24 23:25:28,421 INFO fr.inria.main.AbstractMain - Time Total(ms): 3690634


Node: griffon-77.nancy.grid5000.fr


Date: Tue Aug 25 01:25:28 CEST 2015


