export PATH="/home/tdurieux/defects4j/framework/bin:$PATH";export JAVA_TOOL_OPTIONS=-Dfile.encoding=UTF8;export PATH="/usr/lib/jvm/java-1.7.0-openjdk-amd64/bin/:$PATH";cp -r /home/tdurieux/projects/math/math_36 /tmp/math_36_Genprog;cd /tmp/math_36_Genprog;defects4j compile;mkdir lib/;cp -r /home/tdurieux/defects4j/framework/projects/lib/* lib/;cp -r /home/tdurieux/defects4j/framework/projects/Math/lib/* lib/;find . -type f -name "package-info.java" -delete;
/home/tdurieux/defects4j-repair/src/python/core/../../../results/2015-august/Math/36/Genprog/result
cd /tmp/math_36_Genprog;export JAVA_TOOL_OPTIONS=-Dfile.encoding=UTF8;export PATH="/usr/lib/jvm/java-1.7.0-openjdk-amd64/bin/:$PATH";time java  -cp /home/tdurieux/defects4j-repair/src/python/core/../../..//libs/astor.jar fr.inria.main.evolution.MainjGenProg -mode statement -location . -dependencies lib/ -failing org.apache.commons.math.fraction.BigFractionTest:org.apache.commons.math.fraction.BigFractionTest: -package org.apache.commons -jvm4testexecution /usr/lib/jvm/java-1.7.0-openjdk-amd64/bin/ -javacompliancelevel 5 -maxgen 1000000 -seed 10 -maxtime 60  -scope local  -stopfirst true -flthreshold 0.1 -population 1 -srcjavafolder src/main/java/ -srctestfolder src/test/java/ -binjavafolder target/classes/ -bintestfolder target/test-classes/;echo "

Node: `hostname`
";echo "
Date: `date`
";rm -rf /tmp/math_36_Genprog;

2015-08-24 22:23:30,249 INFO main - End Repair Loops: NOT Found solution
2015-08-24 22:23:30,249 INFO main - 
Number solutions:0
2015-08-24 22:23:30,249 INFO main - 
All variants:
2015-08-24 22:23:30,249 INFO main - f 4.0, [Variant id: 26861, #gens: 3, #ops: 0, parent:-]
2015-08-24 22:23:30,249 INFO main - --Space: LOCAL
org.apache.commons.math.util.MathUtils=36|,org.apache.commons.math.fraction.BigFraction=206|,
2015-08-24 22:23:30,249 INFO main - 
----stats: 
2015-08-24 22:23:30,249 INFO main - 
spaces navigation: [17]: {(CtReturnImpl| size: 52| alreadyanalyzed| LOCAL| REPLACE) =269602, (CtReturnImpl| size: 206| notcompiles| LOCAL| INSERT_AFTER) =246, (CtReturnImpl| size: 206| alreadyanalyzed| LOCAL| INSERT_AFTER) =1057375, (CtIfImpl| size: 36| alreadyanalyzed| LOCAL| INSERT_BEFORE) =86229, (CtReturnImpl| size: 206| alreadyanalyzed| LOCAL| INSERT_BEFORE) =1034814, (CtReturnImpl| size: 52| compiles| LOCAL| REPLACE) =40, (CtIfImpl| size: 36| notcompiles| LOCAL| INSERT_AFTER) =22, (CtIfImpl| size: 36| compiles| LOCAL| INSERT_BEFORE) =5, (CtReturnImpl| size: 206| compiles| LOCAL| INSERT_BEFORE) =110, (CtReturnImpl| size: 206| notcompiles| LOCAL| INSERT_BEFORE) =246, (CtIfImpl| size: 12| notcompiles| LOCAL| REPLACE) =10, (CtIfImpl| size: 12| alreadyanalyzed| LOCAL| REPLACE) =29522, (CtIfImpl| size: 36| compiles| LOCAL| INSERT_AFTER) =5, (CtReturnImpl| size: 52| notcompiles| LOCAL| REPLACE) =54, (CtReturnImpl| size: 206| compiles| LOCAL| INSERT_AFTER) =110, (CtIfImpl| size: 36| notcompiles| LOCAL| INSERT_BEFORE) =22, (CtIfImpl| size: 36| alreadyanalyzed| LOCAL| INSERT_AFTER) =90368}
#gen: 13430
#patches: 0
#RightCompilation: 2501
#WrongCompilation: 5471
#FailingTestCaseExecution: 2502
#RegressionTestExecution: 0
#TestcasesExecutedval1: 135108
#TestcasesExecutedval2: 0
#FailingTestCase: 54
#RegressionTestCases: 0
#OfAppliedOp: 7972
#NotAppliedOp: 0
#InmutatedGen: 22692
#unfinishValidation: 0
#ing {CtReturnImpl=20841, CtIfImpl=9823}
#untilcompile {1=38, 2=21, 3=14, 4=12, 278=1, 5=9, 6=13, 7=5, 8=6, 9=9, 10=2, 11=2, 287=1, 12=220, 13=5, 14=7, 15=1, 17=2, 258=288, 259=1, 16=3, 19=4, 18=4, 257=1, 21=3, 23=2, 260=1, 22=1, 25=1, 24=3, 29=1, 270=833, 28=2, 31=1, 30=1, 34=1, 304=2, 32=1, 38=1, 36=434, 37=2, 42=2, 43=3, 40=2, 41=4, 46=3, 51=1, 49=2, 290=1, 48=1, 55=3, 54=1, 53=3, 294=1607, 52=654, 59=1, 58=1, 57=3, 56=1, 62=1, 60=1, 68=1, 64=139, 65=1, 66=1, 336=1, 67=2, 72=1, 346=1, 75=1, 86=2, 80=1, 93=1, 92=1, 95=2, 94=1, 88=267, 91=3, 90=2, 103=1, 99=1, 97=1, 110=1, 111=1, 104=72, 116=208, 113=1, 140=400, 412=297, 129=1, 424=786, 207=1, 206=1202, 194=1, 222=1, 223=1, 218=254, 208=1, 209=1, 448=1624, 237=1, 229=1, 228=1, 227=1, 253=1, 250=2, 244=1, 245=1, 242=523, 240=1}
2015-08-24 22:23:30,250 INFO main - Time Evolution(ms): 3660260
2015-08-24 22:23:30,250 INFO fr.inria.main.AbstractMain - Time Total(ms): 4218424


Node: griffon-77.nancy.grid5000.fr


Date: Tue Aug 25 00:23:30 CEST 2015


