export PATH="/home/tdurieux/defects4j/framework/bin:$PATH";export JAVA_TOOL_OPTIONS=-Dfile.encoding=UTF8;export PATH="/usr/lib/jvm/java-1.7.0-openjdk-amd64/bin/:$PATH";cp -r /home/tdurieux/projects/math/math_63 /tmp/math_63_Genprog;cd /tmp/math_63_Genprog;defects4j compile;mkdir lib/;cp -r /home/tdurieux/defects4j/framework/projects/lib/* lib/;cp -r /home/tdurieux/defects4j/framework/projects/Math/lib/* lib/;find . -type f -name "package-info.java" -delete;
/home/tdurieux/defects4j-repair/src/python/core/../../../results/2015-august/Math/63/Genprog/result
cd /tmp/math_63_Genprog;export JAVA_TOOL_OPTIONS=-Dfile.encoding=UTF8;export PATH="/usr/lib/jvm/java-1.7.0-openjdk-amd64/bin/:$PATH";time java  -cp /home/tdurieux/defects4j-repair/src/python/core/../../..//libs/astor.jar fr.inria.main.evolution.MainjGenProg -mode statement -location . -dependencies lib/ -failing org.apache.commons.math.util.MathUtilsTest: -package org.apache.commons -jvm4testexecution /usr/lib/jvm/java-1.7.0-openjdk-amd64/bin/ -javacompliancelevel 5 -maxgen 1000000 -seed 10 -maxtime 60  -scope local  -stopfirst true -flthreshold 0.1 -population 1 -srcjavafolder src/main/java/ -srctestfolder src/test/java/ -binjavafolder target/classes/ -bintestfolder target/test-classes/;echo "

Node: `hostname`
";echo "
Date: `date`
";rm -rf /tmp/math_63_Genprog;

2015-08-24 22:12:50,961 INFO main - End Repair Loops: NOT Found solution
2015-08-24 22:12:50,961 INFO main - 
Number solutions:0
2015-08-24 22:12:50,961 INFO main - 
All variants:
2015-08-24 22:12:50,961 INFO main - f 1.0, [Variant id: 6241, #gens: 9, #ops: 0, parent:-]
2015-08-24 22:12:50,961 INFO main - --Space: LOCAL
org.apache.commons.math.util.MathUtils=498|,
2015-08-24 22:12:50,961 INFO main - 
----stats: 
2015-08-24 22:12:50,961 INFO main - 
spaces navigation: [34]: {(CtForImpl| size: 498| notcompiles| LOCAL| INSERT_AFTER) =260, (CtReturnImpl| size: 498| compiles| LOCAL| INSERT_BEFORE) =368, (CtForImpl| size: 498| notcompiles| LOCAL| INSERT_BEFORE) =260, (CtReturnImpl| size: 498| notcompiles| LOCAL| INSERT_AFTER) =1036, (CtUnaryOperatorImpl| size: 10| alreadyanalyzed| LOCAL| REPLACE) =1614, (CtForImpl| size: 498| compiles| LOCAL| INSERT_BEFORE) =91, (CtUnaryOperatorImpl| size: 498| compiles| LOCAL| INSERT_BEFORE) =91, (CtIfImpl| size: 115| compiles| LOCAL| REPLACE) =2, (CtForImpl| size: 19| alreadyanalyzed| LOCAL| REPLACE) =3120, (CtReturnImpl| size: 99| notcompiles| LOCAL| REPLACE) =200, (CtIfImpl| size: 498| notcompiles| LOCAL| INSERT_BEFORE) =781, (CtUnaryOperatorImpl| size: 498| notcompiles| LOCAL| INSERT_BEFORE) =260, (CtIfImpl| size: 498| alreadyanalyzed| LOCAL| INSERT_AFTER) =101946, (CtIfImpl| size: 498| notcompiles| LOCAL| INSERT_AFTER) =781, (CtForImpl| size: 498| alreadyanalyzed| LOCAL| INSERT_BEFORE) =18097, (CtReturnImpl| size: 498| notcompiles| LOCAL| INSERT_BEFORE) =1036, (CtIfImpl| size: 115| alreadyanalyzed| LOCAL| REPLACE) =49468, (CtUnaryOperatorImpl| size: 10| notcompiles| LOCAL| REPLACE) =6, (CtForImpl| size: 19| notcompiles| LOCAL| REPLACE) =15, (CtForImpl| size: 498| compiles| LOCAL| INSERT_AFTER) =91, (CtReturnImpl| size: 498| alreadyanalyzed| LOCAL| INSERT_BEFORE) =123841, (CtIfImpl| size: 115| notcompiles| LOCAL| REPLACE) =283, (CtUnaryOperatorImpl| size: 498| compiles| LOCAL| INSERT_AFTER) =91, (CtReturnImpl| size: 99| compiles| LOCAL| REPLACE) =76, (CtIfImpl| size: 498| compiles| LOCAL| INSERT_BEFORE) =272, (CtIfImpl| size: 498| alreadyanalyzed| LOCAL| INSERT_BEFORE) =107186, (CtReturnImpl| size: 498| alreadyanalyzed| LOCAL| INSERT_AFTER) =133835, (CtReturnImpl| size: 498| compiles| LOCAL| INSERT_AFTER) =368, (CtUnaryOperatorImpl| size: 498| alreadyanalyzed| LOCAL| INSERT_BEFORE) =18689, (CtForImpl| size: 498| alreadyanalyzed| LOCAL| INSERT_AFTER) =31548, (CtUnaryOperatorImpl| size: 498| notcompiles| LOCAL| INSERT_AFTER) =260, (CtReturnImpl| size: 99| alreadyanalyzed| LOCAL| REPLACE) =51892, (CtUnaryOperatorImpl| size: 498| alreadyanalyzed| LOCAL| INSERT_AFTER) =25962, (CtIfImpl| size: 498| compiles| LOCAL| INSERT_AFTER) =272}
#gen: 3120
#patches: 0
#RightCompilation: 1561
#WrongCompilation: 1529
#FailingTestCaseExecution: 1562
#RegressionTestExecution: 0
#TestcasesExecutedval1: 95282
#TestcasesExecutedval2: 0
#FailingTestCase: 61
#RegressionTestCases: 0
#OfAppliedOp: 3090
#NotAppliedOp: 0
#InmutatedGen: 2345
#unfinishValidation: 0
#ing {CtForImpl=589, CtReturnImpl=2428, CtIfImpl=1824, CtUnaryOperatorImpl=594}
#untilcompile {550=1, 551=1, 1=150, 2=136, 3=115, 4=91, 5=78, 2206=5, 6=57, 7=58, 8=57, 9=38, 10=50, 1095=14, 557=1, 11=31, 12=32, 13=37, 14=32, 1091=1, 15=20, 17=20, 16=23, 2733=1, 19=42, 18=15, 21=14, 20=20, 23=11, 1114=3, 2190=2, 560=2, 22=17, 575=1, 25=9, 1108=1, 24=18, 1111=7, 27=12, 26=12, 2723=1, 1105=2, 29=10, 570=1, 28=8, 569=1, 31=7, 30=10, 34=4, 1609=6, 517=3, 35=4, 518=1, 32=8, 3317=1, 519=1, 33=2, 1612=2, 1130=2, 38=8, 39=6, 1614=1, 514=1, 36=3, 515=1, 37=5, 42=2, 43=1, 40=4, 527=1, 1603=1, 41=4, 2704=6, 520=1, 46=2, 47=4, 521=1, 44=4, 1121=2, 45=5, 51=3, 50=1, 3301=1, 2216=2, 48=8, 55=2, 529=1, 1628=3, 54=4, 53=1, 531=1, 530=2, 52=1, 59=4, 2209=1, 57=2, 56=2, 537=1, 63=3, 1620=1, 1138=1, 62=1, 61=2, 538=1, 60=1, 1136=1, 68=1, 611=1, 70=1, 71=4, 64=1, 3221=2, 66=3, 2813=1, 613=12, 67=3, 1025=2, 77=1, 78=1, 79=1, 617=2, 1570=1, 75=1, 85=1, 84=1, 87=3, 3202=1, 3205=1, 2249=1, 81=2, 80=1, 1593=7, 82=2, 93=3, 95=1, 632=2, 94=1, 2241=1, 89=2, 3212=1, 90=1, 102=4, 103=5, 100=7, 101=3, 98=2, 99=73, 110=5, 111=12, 108=5, 109=9, 588=1, 106=5, 107=7, 104=6, 105=1, 119=10, 118=16, 117=11, 116=10, 597=21, 115=66, 114=3, 113=5, 112=3, 127=6, 126=1, 125=8, 124=6, 123=4, 122=8, 607=2, 121=10, 120=5, 137=6, 1220=1, 136=3, 139=1, 141=1, 140=1, 143=1, 142=2, 1229=2, 129=4, 128=8, 131=5, 1230=1, 130=4, 133=2, 132=4, 673=1, 135=3, 1226=1, 3700=1, 134=7, 152=1, 2599=1, 153=2, 155=1, 156=1, 696=2, 158=1, 697=1, 159=1, 144=3, 145=1, 146=1, 2605=1, 147=1, 3684=3, 150=3, 1243=1, 653=1, 171=1, 169=1, 654=1, 168=2, 175=1, 648=1, 2589=3, 2107=3, 163=1, 162=1, 2110=1, 3186=1, 166=1, 640=1, 186=1, 184=1, 185=1, 190=1, 191=1, 665=1, 188=3, 189=1, 2091=1, 182=1, 1757=1, 183=1, 180=1, 747=1, 204=2, 201=1, 200=1, 3103=1, 2130=1, 748=1, 202=1, 1160=1, 196=1, 1708=3, 198=7, 1165=1, 2136=1, 192=1, 195=1, 1718=3, 2117=1, 221=2, 222=1, 223=2, 216=2, 217=4, 218=1, 3087=3, 219=5, 212=1, 1727=3, 213=1, 3620=1, 2126=3, 1724=2, 214=16, 215=2, 208=1, 211=1, 712=11, 238=1, 715=1, 236=1, 234=1, 3611=1, 233=2, 1194=2, 230=3, 229=1, 227=4, 226=2, 711=1, 710=1, 2624=1, 728=1, 254=3, 730=1, 252=1, 250=1, 3116=1, 1204=1, 248=1, 3595=1, 3106=2, 1210=3, 1692=4, 246=1, 722=2, 244=1, 3585=1, 243=1, 240=5, 241=1, 2988=1, 279=1, 830=1, 2439=1, 1362=1, 285=1, 1360=1, 257=1, 260=1, 265=2, 811=2, 4099=5, 785=1, 313=4, 795=1, 2490=5, 299=1, 301=1, 2509=1, 340=1, 1309=1, 351=1, 349=1, 2500=1, 1303=1, 345=3, 344=1, 324=1, 325=1, 334=1, 329=1, 1823=1, 374=1, 368=1, 856=1, 1807=2, 354=1, 366=1, 3994=2, 846=1, 1494=16, 2305=1, 946=1, 2324=1, 2334=2, 2823=1, 2340=1, 1523=1, 2829=1, 2350=1, 910=1, 1504=1, 416=1, 1992=9, 1513=1, 1996=1, 1016=1, 2918=1, 472=1, 1012=1, 1015=2, 1002=1, 1006=3, 996=29, 508=11, 509=1, 1941=1, 504=1, 506=1, 507=2, 1948=1, 498=85, 499=1, 2902=1, 480=1}
2015-08-24 22:12:50,962 INFO main - Time Evolution(ms): 3667108
2015-08-24 22:12:50,962 INFO fr.inria.main.AbstractMain - Time Total(ms): 3714725


Node: griffon-57.nancy.grid5000.fr


Date: Tue Aug 25 00:12:51 CEST 2015


