/tmp/lang_5_BrutpolC
export PATH="/home/tdurieux/defects4j/framework/bin:$PATH";export JAVA_TOOL_OPTIONS=-Dfile.encoding=UTF8;export PATH="/usr/lib/jvm/java-1.7.0-openjdk-amd64/bin/:$PATH";cd /home/tdurieux/projects/lang/lang_5;defects4j compile;cp -r /home/tdurieux/projects/lang/lang_5 /tmp/lang_5_BrutpolC;cd /tmp/lang_5_BrutpolC;mkdir lib/;cp -r /home/tdurieux/defects4j/framework/projects/lib/* lib/;cp -r /home/tdurieux/defects4j/framework/projects/Lang/lib/* lib/;find . -type f -name "package-info.java" -delete;
cd /tmp/lang_5_BrutpolC;export JAVA_TOOL_OPTIONS=-Dfile.encoding=UTF8;export PATH="/usr/lib/jvm/java-1.7.0-openjdk-amd64/bin/:$PATH";TZ="America/New_York"; export TZ;cp -r /home/tdurieux/defects4j-repair/src/python/core/../../../libs/z3 lib/z3;time java -Xmx8192m -cp /home/tdurieux/defects4j-repair/src/python/core/../../..//libs/nopol.jar:/usr/lib/jvm/java-1.7.0-openjdk-amd64/bin//../lib/tools.jar fr.inria.lille.repair.Main --mode repair --type condition --oracle angelic --synthesis brutpol --solver z3 --solver-path /home/tdurieux/defects4j-repair/src/python/core/../../..//libs/z3/z3 --complianceLevel 6 --source src/main/java/ --classpath target/classes/:target/tests/:lib/asm.jar:lib/cglib.jar:lib/commons-io.jar:lib/easymock.jar:/home/tdurieux/defects4j-repair/src/python/core/../../..//libs/nopol.jar;echo "

Node: `hostname`
";echo "
Date: `date`
";rm -rf /tmp/lang_5_BrutpolC;

Nb classes : 108
Nb methods : 2064
Nb statement executed by the passing tests of the patched line: 0
Nb statement executed by the failing tests of the patched line: 0
Nb statements: 11128
Nb unit tests : 2271
Nb Statements Analyzed : 10
Nb Statements with Angelic Value Found : 0
Nb run failing test  : []
Nb run passing test : []
NoPol Execution time : 46583ms


Node: griffon-60.nancy.grid5000.fr


Date: Mon May  9 17:51:33 EDT 2016


