mkdir: cannot create directory ‘lib/’: File exists
cp: cannot stat ‘/home/tdurieux/defects4j/framework/projects/Closure/lib/*’: No such file or directory
Running ant (compile)...................................................... OK
Running ant (compile.tests)................................................ OK
Picked up JAVA_TOOL_OPTIONS: -Dfile.encoding=UTF8
Please use CMSClassUnloadingEnabled in place of CMSPermGenSweepingEnabled in the future
java.lang.IllegalStateException: FAILED ASSERTION
	at com.google.javascript.jscomp.mozilla.rhino.Kit.codeBug(Kit.java:449)
	at com.google.javascript.jscomp.mozilla.rhino.TokenStream.<init>(TokenStream.java:85)
	at com.google.javascript.jscomp.mozilla.rhino.Parser.parse(Parser.java:516)
	at com.google.javascript.jscomp.parsing.ParserRunner.parse(ParserRunner.java:119)
	at com.google.javascript.jscomp.JsAst.parse(JsAst.java:88)
	at com.google.javascript.jscomp.JsAst.createAst(JsAst.java:77)
	at com.google.javascript.jscomp.JsAst.getAstRoot(JsAst.java:50)
	at com.google.javascript.jscomp.CompilerInput.getAstRoot(CompilerInput.java:105)
	at com.google.javascript.jscomp.Compiler.parseTestCode(Compiler.java:1268)
	at com.google.javascript.jscomp.CodePrinterTest.parse(CodePrinterTest.java:36)
	at com.google.javascript.jscomp.CodePrinterTest.parse(CodePrinterTest.java:27)
	at com.google.javascript.jscomp.CodePrinterTest.assertPrint(CodePrinterTest.java:386)
	at com.google.javascript.jscomp.CodePrinterTest.testZero(CodePrinterTest.java:1231)
	at sun.reflect.NativeMethodAccessorImpl.invoke0(Native Method)
	at sun.reflect.NativeMethodAccessorImpl.invoke(NativeMethodAccessorImpl.java:57)
	at sun.reflect.DelegatingMethodAccessorImpl.invoke(DelegatingMethodAccessorImpl.java:43)
	at java.lang.reflect.Method.invoke(Method.java:606)
	at junit.framework.TestCase.runTest(TestCase.java:176)
	at junit.framework.TestCase.runBare(TestCase.java:141)
	at junit.framework.TestResult$1.protect(TestResult.java:122)
	at junit.framework.TestResult.runProtected(TestResult.java:142)
	at junit.framework.TestResult.run(TestResult.java:125)
	at junit.framework.TestCase.run(TestCase.java:129)
	at junit.framework.TestSuite.runTest(TestSuite.java:255)
	at junit.framework.TestSuite.run(TestSuite.java:250)
	at org.junit.internal.runners.JUnit38ClassRunner.run(JUnit38ClassRunner.java:84)
	at org.junit.runner.JUnitCore.run(JUnitCore.java:160)
	at org.junit.runner.JUnitCore.run(JUnitCore.java:138)
	at xxl.java.junit.JUnitSingleTestRunner.call(JUnitSingleTestRunner.java:23)
	at xxl.java.junit.JUnitSingleTestRunner.call(JUnitSingleTestRunner.java:10)
	at java.util.concurrent.FutureTask.run(FutureTask.java:262)
	at java.util.concurrent.ThreadPoolExecutor.runWorker(ThreadPoolExecutor.java:1145)
	at java.util.concurrent.ThreadPoolExecutor$Worker.run(ThreadPoolExecutor.java:615)
	at java.lang.Thread.run(Thread.java:745)
java.lang.NullPointerException
	at com.google.javascript.rhino.Node.removeProp(Node.java:745)
	at com.google.javascript.rhino.Node.removeProp(Node.java:711)
	at com.google.javascript.rhino.Node.putProp(Node.java:904)
	at com.google.javascript.jscomp.parsing.IRFactory.createTemplateNode(IRFactory.java:153)
	at com.google.javascript.jscomp.parsing.IRFactory.<init>(IRFactory.java:129)
	at com.google.javascript.jscomp.parsing.IRFactory.transformTree(IRFactory.java:161)
	at com.google.javascript.jscomp.parsing.ParserRunner.parse(ParserRunner.java:127)
	at com.google.javascript.jscomp.JsAst.parse(JsAst.java:88)
	at com.google.javascript.jscomp.JsAst.createAst(JsAst.java:77)
	at com.google.javascript.jscomp.JsAst.getAstRoot(JsAst.java:50)
	at com.google.javascript.jscomp.CompilerInput.getAstRoot(CompilerInput.java:105)
	at com.google.javascript.jscomp.Compiler.parseTestCode(Compiler.java:1268)
	at com.google.javascript.jscomp.CodePrinterTest.parse(CodePrinterTest.java:36)
	at com.google.javascript.jscomp.CodePrinterTest.parse(CodePrinterTest.java:27)
	at com.google.javascript.jscomp.CodePrinterTest.assertPrint(CodePrinterTest.java:386)
	at com.google.javascript.jscomp.CodePrinterTest.testZero(CodePrinterTest.java:1231)
	at sun.reflect.NativeMethodAccessorImpl.invoke0(Native Method)
	at sun.reflect.NativeMethodAccessorImpl.invoke(NativeMethodAccessorImpl.java:57)
	at sun.reflect.DelegatingMethodAccessorImpl.invoke(DelegatingMethodAccessorImpl.java:43)
	at java.lang.reflect.Method.invoke(Method.java:606)
	at junit.framework.TestCase.runTest(TestCase.java:176)
	at junit.framework.TestCase.runBare(TestCase.java:141)
	at junit.framework.TestResult$1.protect(TestResult.java:122)
	at junit.framework.TestResult.runProtected(TestResult.java:142)
	at junit.framework.TestResult.run(TestResult.java:125)
	at junit.framework.TestCase.run(TestCase.java:129)
	at junit.framework.TestSuite.runTest(TestSuite.java:255)
	at junit.framework.TestSuite.run(TestSuite.java:250)
	at org.junit.internal.runners.JUnit38ClassRunner.run(JUnit38ClassRunner.java:84)
	at org.junit.runner.JUnitCore.run(JUnitCore.java:160)
	at org.junit.runner.JUnitCore.run(JUnitCore.java:138)
	at xxl.java.junit.JUnitSingleTestRunner.call(JUnitSingleTestRunner.java:23)
	at xxl.java.junit.JUnitSingleTestRunner.call(JUnitSingleTestRunner.java:10)
	at java.util.concurrent.FutureTask.run(FutureTask.java:262)
	at java.util.concurrent.ThreadPoolExecutor.runWorker(ThreadPoolExecutor.java:1145)
	at java.util.concurrent.ThreadPoolExecutor$Worker.run(ThreadPoolExecutor.java:615)
	at java.lang.Thread.run(Thread.java:745)
java.lang.NullPointerException
	at com.google.javascript.rhino.Node.removeProp(Node.java:793)
	at com.google.javascript.rhino.Node.removeProp(Node.java:711)
	at com.google.javascript.rhino.Node.putProp(Node.java:904)
	at com.google.javascript.jscomp.parsing.IRFactory.createTemplateNode(IRFactory.java:153)
	at com.google.javascript.jscomp.parsing.IRFactory.<init>(IRFactory.java:129)
	at com.google.javascript.jscomp.parsing.IRFactory.transformTree(IRFactory.java:161)
	at com.google.javascript.jscomp.parsing.ParserRunner.parse(ParserRunner.java:127)
	at com.google.javascript.jscomp.JsAst.parse(JsAst.java:88)
	at com.google.javascript.jscomp.JsAst.createAst(JsAst.java:77)
	at com.google.javascript.jscomp.JsAst.getAstRoot(JsAst.java:50)
	at com.google.javascript.jscomp.CompilerInput.getAstRoot(CompilerInput.java:105)
	at com.google.javascript.jscomp.Compiler.parseTestCode(Compiler.java:1268)
	at com.google.javascript.jscomp.CodePrinterTest.parse(CodePrinterTest.java:36)
	at com.google.javascript.jscomp.CodePrinterTest.parse(CodePrinterTest.java:27)
	at com.google.javascript.jscomp.CodePrinterTest.assertPrint(CodePrinterTest.java:386)
	at com.google.javascript.jscomp.CodePrinterTest.testZero(CodePrinterTest.java:1231)
	at sun.reflect.NativeMethodAccessorImpl.invoke0(Native Method)
	at sun.reflect.NativeMethodAccessorImpl.invoke(NativeMethodAccessorImpl.java:57)
	at sun.reflect.DelegatingMethodAccessorImpl.invoke(DelegatingMethodAccessorImpl.java:43)
	at java.lang.reflect.Method.invoke(Method.java:606)
	at junit.framework.TestCase.runTest(TestCase.java:176)
	at junit.framework.TestCase.runBare(TestCase.java:141)
	at junit.framework.TestResult$1.protect(TestResult.java:122)
	at junit.framework.TestResult.runProtected(TestResult.java:142)
	at junit.framework.TestResult.run(TestResult.java:125)
	at junit.framework.TestCase.run(TestCase.java:129)
	at junit.framework.TestSuite.runTest(TestSuite.java:255)
	at junit.framework.TestSuite.run(TestSuite.java:250)
	at org.junit.internal.runners.JUnit38ClassRunner.run(JUnit38ClassRunner.java:84)
	at org.junit.runner.JUnitCore.run(JUnitCore.java:160)
	at org.junit.runner.JUnitCore.run(JUnitCore.java:138)
	at xxl.java.junit.JUnitSingleTestRunner.call(JUnitSingleTestRunner.java:23)
	at xxl.java.junit.JUnitSingleTestRunner.call(JUnitSingleTestRunner.java:10)
	at java.util.concurrent.FutureTask.run(FutureTask.java:262)
	at java.util.concurrent.ThreadPoolExecutor.runWorker(ThreadPoolExecutor.java:1145)
	at java.util.concurrent.ThreadPoolExecutor$Worker.run(ThreadPoolExecutor.java:615)
	at java.lang.Thread.run(Thread.java:745)
java.lang.NullPointerException
	at com.google.javascript.rhino.Node.removeProp(Node.java:806)
	at com.google.javascript.rhino.Node.removeProp(Node.java:711)
	at com.google.javascript.rhino.Node.putProp(Node.java:904)
	at com.google.javascript.jscomp.parsing.IRFactory.createTemplateNode(IRFactory.java:153)
	at com.google.javascript.jscomp.parsing.IRFactory.<init>(IRFactory.java:129)
	at com.google.javascript.jscomp.parsing.IRFactory.transformTree(IRFactory.java:161)
	at com.google.javascript.jscomp.parsing.ParserRunner.parse(ParserRunner.java:127)
	at com.google.javascript.jscomp.JsAst.parse(JsAst.java:88)
	at com.google.javascript.jscomp.JsAst.createAst(JsAst.java:77)
	at com.google.javascript.jscomp.JsAst.getAstRoot(JsAst.java:50)
	at com.google.javascript.jscomp.CompilerInput.getAstRoot(CompilerInput.java:105)
	at com.google.javascript.jscomp.Compiler.parseTestCode(Compiler.java:1268)
	at com.google.javascript.jscomp.CodePrinterTest.parse(CodePrinterTest.java:36)
	at com.google.javascript.jscomp.CodePrinterTest.parse(CodePrinterTest.java:27)
	at com.google.javascript.jscomp.CodePrinterTest.assertPrint(CodePrinterTest.java:386)
	at com.google.javascript.jscomp.CodePrinterTest.testZero(CodePrinterTest.java:1231)
	at sun.reflect.NativeMethodAccessorImpl.invoke0(Native Method)
	at sun.reflect.NativeMethodAccessorImpl.invoke(NativeMethodAccessorImpl.java:57)
	at sun.reflect.DelegatingMethodAccessorImpl.invoke(DelegatingMethodAccessorImpl.java:43)
	at java.lang.reflect.Method.invoke(Method.java:606)
	at junit.framework.TestCase.runTest(TestCase.java:176)
	at junit.framework.TestCase.runBare(TestCase.java:141)
	at junit.framework.TestResult$1.protect(TestResult.java:122)
	at junit.framework.TestResult.runProtected(TestResult.java:142)
	at junit.framework.TestResult.run(TestResult.java:125)
	at junit.framework.TestCase.run(TestCase.java:129)
	at junit.framework.TestSuite.runTest(TestSuite.java:255)
	at junit.framework.TestSuite.run(TestSuite.java:250)
	at org.junit.internal.runners.JUnit38ClassRunner.run(JUnit38ClassRunner.java:84)
	at org.junit.runner.JUnitCore.run(JUnitCore.java:160)
	at org.junit.runner.JUnitCore.run(JUnitCore.java:138)
	at xxl.java.junit.JUnitSingleTestRunner.call(JUnitSingleTestRunner.java:23)
	at xxl.java.junit.JUnitSingleTestRunner.call(JUnitSingleTestRunner.java:10)
	at java.util.concurrent.FutureTask.run(FutureTask.java:262)
	at java.util.concurrent.ThreadPoolExecutor.runWorker(ThreadPoolExecutor.java:1145)
	at java.util.concurrent.ThreadPoolExecutor$Worker.run(ThreadPoolExecutor.java:615)
	at java.lang.Thread.run(Thread.java:745)
java.lang.NullPointerException
	at com.google.javascript.rhino.Node.removeProp(Node.java:808)
	at com.google.javascript.rhino.Node.removeProp(Node.java:711)
	at com.google.javascript.rhino.Node.putProp(Node.java:904)
	at com.google.javascript.jscomp.parsing.IRFactory.createTemplateNode(IRFactory.java:153)
	at com.google.javascript.jscomp.parsing.IRFactory.<init>(IRFactory.java:129)
	at com.google.javascript.jscomp.parsing.IRFactory.transformTree(IRFactory.java:161)
	at com.google.javascript.jscomp.parsing.ParserRunner.parse(ParserRunner.java:127)
	at com.google.javascript.jscomp.JsAst.parse(JsAst.java:88)
	at com.google.javascript.jscomp.JsAst.createAst(JsAst.java:77)
	at com.google.javascript.jscomp.JsAst.getAstRoot(JsAst.java:50)
	at com.google.javascript.jscomp.CompilerInput.getAstRoot(CompilerInput.java:105)
	at com.google.javascript.jscomp.Compiler.parseTestCode(Compiler.java:1268)
	at com.google.javascript.jscomp.CodePrinterTest.parse(CodePrinterTest.java:36)
	at com.google.javascript.jscomp.CodePrinterTest.parse(CodePrinterTest.java:27)
	at com.google.javascript.jscomp.CodePrinterTest.assertPrint(CodePrinterTest.java:386)
	at com.google.javascript.jscomp.CodePrinterTest.testZero(CodePrinterTest.java:1231)
	at sun.reflect.NativeMethodAccessorImpl.invoke0(Native Method)
	at sun.reflect.NativeMethodAccessorImpl.invoke(NativeMethodAccessorImpl.java:57)
	at sun.reflect.DelegatingMethodAccessorImpl.invoke(DelegatingMethodAccessorImpl.java:43)
	at java.lang.reflect.Method.invoke(Method.java:606)
	at junit.framework.TestCase.runTest(TestCase.java:176)
	at junit.framework.TestCase.runBare(TestCase.java:141)
	at junit.framework.TestResult$1.protect(TestResult.java:122)
	at junit.framework.TestResult.runProtected(TestResult.java:142)
	at junit.framework.TestResult.run(TestResult.java:125)
	at junit.framework.TestCase.run(TestCase.java:129)
	at junit.framework.TestSuite.runTest(TestSuite.java:255)
	at junit.framework.TestSuite.run(TestSuite.java:250)
	at org.junit.internal.runners.JUnit38ClassRunner.run(JUnit38ClassRunner.java:84)
	at org.junit.runner.JUnitCore.run(JUnitCore.java:160)
	at org.junit.runner.JUnitCore.run(JUnitCore.java:138)
	at xxl.java.junit.JUnitSingleTestRunner.call(JUnitSingleTestRunner.java:23)
	at xxl.java.junit.JUnitSingleTestRunner.call(JUnitSingleTestRunner.java:10)
	at java.util.concurrent.FutureTask.run(FutureTask.java:262)
	at java.util.concurrent.ThreadPoolExecutor.runWorker(ThreadPoolExecutor.java:1145)
	at java.util.concurrent.ThreadPoolExecutor$Worker.run(ThreadPoolExecutor.java:615)
	at java.lang.Thread.run(Thread.java:745)
java.lang.NullPointerException
	at com.google.javascript.rhino.Node.removeProp(Node.java:745)
	at com.google.javascript.rhino.Node.removeProp(Node.java:711)
	at com.google.javascript.rhino.Node.putIntProp(Node.java:915)
	at com.google.javascript.rhino.Node.putBooleanProp(Node.java:911)
	at com.google.javascript.rhino.Node.setIsSyntheticBlock(Node.java:1970)
	at com.google.javascript.jscomp.parsing.ParserRunner.parse(ParserRunner.java:129)
	at com.google.javascript.jscomp.JsAst.parse(JsAst.java:88)
	at com.google.javascript.jscomp.JsAst.createAst(JsAst.java:77)
	at com.google.javascript.jscomp.JsAst.getAstRoot(JsAst.java:50)
	at com.google.javascript.jscomp.CompilerInput.getAstRoot(CompilerInput.java:105)
	at com.google.javascript.jscomp.Compiler.parseTestCode(Compiler.java:1268)
	at com.google.javascript.jscomp.CodePrinterTest.parse(CodePrinterTest.java:36)
	at com.google.javascript.jscomp.CodePrinterTest.parse(CodePrinterTest.java:27)
	at com.google.javascript.jscomp.CodePrinterTest.assertPrint(CodePrinterTest.java:386)
	at com.google.javascript.jscomp.CodePrinterTest.testZero(CodePrinterTest.java:1231)
	at sun.reflect.NativeMethodAccessorImpl.invoke0(Native Method)
	at sun.reflect.NativeMethodAccessorImpl.invoke(NativeMethodAccessorImpl.java:57)
	at sun.reflect.DelegatingMethodAccessorImpl.invoke(DelegatingMethodAccessorImpl.java:43)
	at java.lang.reflect.Method.invoke(Method.java:606)
	at junit.framework.TestCase.runTest(TestCase.java:176)
	at junit.framework.TestCase.runBare(TestCase.java:141)
	at junit.framework.TestResult$1.protect(TestResult.java:122)
	at junit.framework.TestResult.runProtected(TestResult.java:142)
	at junit.framework.TestResult.run(TestResult.java:125)
	at junit.framework.TestCase.run(TestCase.java:129)
	at junit.framework.TestSuite.runTest(TestSuite.java:255)
	at junit.framework.TestSuite.run(TestSuite.java:250)
	at org.junit.internal.runners.JUnit38ClassRunner.run(JUnit38ClassRunner.java:84)
	at org.junit.runner.JUnitCore.run(JUnitCore.java:160)
	at org.junit.runner.JUnitCore.run(JUnitCore.java:138)
	at xxl.java.junit.JUnitSingleTestRunner.call(JUnitSingleTestRunner.java:23)
	at xxl.java.junit.JUnitSingleTestRunner.call(JUnitSingleTestRunner.java:10)
	at java.util.concurrent.FutureTask.run(FutureTask.java:262)
	at java.util.concurrent.ThreadPoolExecutor.runWorker(ThreadPoolExecutor.java:1145)
	at java.util.concurrent.ThreadPoolExecutor$Worker.run(ThreadPoolExecutor.java:615)
	at java.lang.Thread.run(Thread.java:745)
java.lang.NullPointerException
	at com.google.javascript.rhino.Node.removeProp(Node.java:793)
	at com.google.javascript.rhino.Node.removeProp(Node.java:711)
	at com.google.javascript.rhino.Node.putIntProp(Node.java:915)
	at com.google.javascript.rhino.Node.putBooleanProp(Node.java:911)
	at com.google.javascript.rhino.Node.setIsSyntheticBlock(Node.java:1970)
	at com.google.javascript.jscomp.parsing.ParserRunner.parse(ParserRunner.java:129)
	at com.google.javascript.jscomp.JsAst.parse(JsAst.java:88)
	at com.google.javascript.jscomp.JsAst.createAst(JsAst.java:77)
	at com.google.javascript.jscomp.JsAst.getAstRoot(JsAst.java:50)
	at com.google.javascript.jscomp.CompilerInput.getAstRoot(CompilerInput.java:105)
	at com.google.javascript.jscomp.Compiler.parseTestCode(Compiler.java:1268)
	at com.google.javascript.jscomp.CodePrinterTest.parse(CodePrinterTest.java:36)
	at com.google.javascript.jscomp.CodePrinterTest.parse(CodePrinterTest.java:27)
	at com.google.javascript.jscomp.CodePrinterTest.assertPrint(CodePrinterTest.java:386)
	at com.google.javascript.jscomp.CodePrinterTest.testZero(CodePrinterTest.java:1231)
	at sun.reflect.NativeMethodAccessorImpl.invoke0(Native Method)
	at sun.reflect.NativeMethodAccessorImpl.invoke(NativeMethodAccessorImpl.java:57)
	at sun.reflect.DelegatingMethodAccessorImpl.invoke(DelegatingMethodAccessorImpl.java:43)
	at java.lang.reflect.Method.invoke(Method.java:606)
	at junit.framework.TestCase.runTest(TestCase.java:176)
	at junit.framework.TestCase.runBare(TestCase.java:141)
	at junit.framework.TestResult$1.protect(TestResult.java:122)
	at junit.framework.TestResult.runProtected(TestResult.java:142)
	at junit.framework.TestResult.run(TestResult.java:125)
	at junit.framework.TestCase.run(TestCase.java:129)
	at junit.framework.TestSuite.runTest(TestSuite.java:255)
	at junit.framework.TestSuite.run(TestSuite.java:250)
	at org.junit.internal.runners.JUnit38ClassRunner.run(JUnit38ClassRunner.java:84)
	at org.junit.runner.JUnitCore.run(JUnitCore.java:160)
	at org.junit.runner.JUnitCore.run(JUnitCore.java:138)
	at xxl.java.junit.JUnitSingleTestRunner.call(JUnitSingleTestRunner.java:23)
	at xxl.java.junit.JUnitSingleTestRunner.call(JUnitSingleTestRunner.java:10)
	at java.util.concurrent.FutureTask.run(FutureTask.java:262)
	at java.util.concurrent.ThreadPoolExecutor.runWorker(ThreadPoolExecutor.java:1145)
	at java.util.concurrent.ThreadPoolExecutor$Worker.run(ThreadPoolExecutor.java:615)
	at java.lang.Thread.run(Thread.java:745)
java.lang.NullPointerException
	at com.google.javascript.rhino.Node.removeProp(Node.java:806)
	at com.google.javascript.rhino.Node.removeProp(Node.java:711)
	at com.google.javascript.rhino.Node.putIntProp(Node.java:915)
	at com.google.javascript.rhino.Node.putBooleanProp(Node.java:911)
	at com.google.javascript.rhino.Node.setIsSyntheticBlock(Node.java:1970)
	at com.google.javascript.jscomp.parsing.ParserRunner.parse(ParserRunner.java:129)
	at com.google.javascript.jscomp.JsAst.parse(JsAst.java:88)
	at com.google.javascript.jscomp.JsAst.createAst(JsAst.java:77)
	at com.google.javascript.jscomp.JsAst.getAstRoot(JsAst.java:50)
	at com.google.javascript.jscomp.CompilerInput.getAstRoot(CompilerInput.java:105)
	at com.google.javascript.jscomp.Compiler.parseTestCode(Compiler.java:1268)
	at com.google.javascript.jscomp.CodePrinterTest.parse(CodePrinterTest.java:36)
	at com.google.javascript.jscomp.CodePrinterTest.parse(CodePrinterTest.java:27)
	at com.google.javascript.jscomp.CodePrinterTest.assertPrint(CodePrinterTest.java:386)
	at com.google.javascript.jscomp.CodePrinterTest.testZero(CodePrinterTest.java:1231)
	at sun.reflect.NativeMethodAccessorImpl.invoke0(Native Method)
	at sun.reflect.NativeMethodAccessorImpl.invoke(NativeMethodAccessorImpl.java:57)
	at sun.reflect.DelegatingMethodAccessorImpl.invoke(DelegatingMethodAccessorImpl.java:43)
	at java.lang.reflect.Method.invoke(Method.java:606)
	at junit.framework.TestCase.runTest(TestCase.java:176)
	at junit.framework.TestCase.runBare(TestCase.java:141)
	at junit.framework.TestResult$1.protect(TestResult.java:122)
	at junit.framework.TestResult.runProtected(TestResult.java:142)
	at junit.framework.TestResult.run(TestResult.java:125)
	at junit.framework.TestCase.run(TestCase.java:129)
	at junit.framework.TestSuite.runTest(TestSuite.java:255)
	at junit.framework.TestSuite.run(TestSuite.java:250)
	at org.junit.internal.runners.JUnit38ClassRunner.run(JUnit38ClassRunner.java:84)
	at org.junit.runner.JUnitCore.run(JUnitCore.java:160)
	at org.junit.runner.JUnitCore.run(JUnitCore.java:138)
	at xxl.java.junit.JUnitSingleTestRunner.call(JUnitSingleTestRunner.java:23)
	at xxl.java.junit.JUnitSingleTestRunner.call(JUnitSingleTestRunner.java:10)
	at java.util.concurrent.FutureTask.run(FutureTask.java:262)
	at java.util.concurrent.ThreadPoolExecutor.runWorker(ThreadPoolExecutor.java:1145)
	at java.util.concurrent.ThreadPoolExecutor$Worker.run(ThreadPoolExecutor.java:615)
	at java.lang.Thread.run(Thread.java:745)
java.lang.NullPointerException
	at com.google.javascript.rhino.Node.removeProp(Node.java:808)
	at com.google.javascript.rhino.Node.removeProp(Node.java:711)
	at com.google.javascript.rhino.Node.putIntProp(Node.java:915)
	at com.google.javascript.rhino.Node.putBooleanProp(Node.java:911)
	at com.google.javascript.rhino.Node.setIsSyntheticBlock(Node.java:1970)
	at com.google.javascript.jscomp.parsing.ParserRunner.parse(ParserRunner.java:129)
	at com.google.javascript.jscomp.JsAst.parse(JsAst.java:88)
	at com.google.javascript.jscomp.JsAst.createAst(JsAst.java:77)
	at com.google.javascript.jscomp.JsAst.getAstRoot(JsAst.java:50)
	at com.google.javascript.jscomp.CompilerInput.getAstRoot(CompilerInput.java:105)
	at com.google.javascript.jscomp.Compiler.parseTestCode(Compiler.java:1268)
	at com.google.javascript.jscomp.CodePrinterTest.parse(CodePrinterTest.java:36)
	at com.google.javascript.jscomp.CodePrinterTest.parse(CodePrinterTest.java:27)
	at com.google.javascript.jscomp.CodePrinterTest.assertPrint(CodePrinterTest.java:386)
	at com.google.javascript.jscomp.CodePrinterTest.testZero(CodePrinterTest.java:1231)
	at sun.reflect.NativeMethodAccessorImpl.invoke0(Native Method)
	at sun.reflect.NativeMethodAccessorImpl.invoke(NativeMethodAccessorImpl.java:57)
	at sun.reflect.DelegatingMethodAccessorImpl.invoke(DelegatingMethodAccessorImpl.java:43)
	at java.lang.reflect.Method.invoke(Method.java:606)
	at junit.framework.TestCase.runTest(TestCase.java:176)
	at junit.framework.TestCase.runBare(TestCase.java:141)
	at junit.framework.TestResult$1.protect(TestResult.java:122)
	at junit.framework.TestResult.runProtected(TestResult.java:142)
	at junit.framework.TestResult.run(TestResult.java:125)
	at junit.framework.TestCase.run(TestCase.java:129)
	at junit.framework.TestSuite.runTest(TestSuite.java:255)
	at junit.framework.TestSuite.run(TestSuite.java:250)
	at org.junit.internal.runners.JUnit38ClassRunner.run(JUnit38ClassRunner.java:84)
	at org.junit.runner.JUnitCore.run(JUnitCore.java:160)
	at org.junit.runner.JUnitCore.run(JUnitCore.java:138)
	at xxl.java.junit.JUnitSingleTestRunner.call(JUnitSingleTestRunner.java:23)
	at xxl.java.junit.JUnitSingleTestRunner.call(JUnitSingleTestRunner.java:10)
	at java.util.concurrent.FutureTask.run(FutureTask.java:262)
	at java.util.concurrent.ThreadPoolExecutor.runWorker(ThreadPoolExecutor.java:1145)
	at java.util.concurrent.ThreadPoolExecutor$Worker.run(ThreadPoolExecutor.java:615)
	at java.lang.Thread.run(Thread.java:745)
java.lang.NullPointerException
	at com.google.javascript.rhino.Node.removeProp(Node.java:745)
	at com.google.javascript.rhino.Node.removeProp(Node.java:711)
	at com.google.javascript.rhino.Node.putProp(Node.java:904)
	at com.google.javascript.jscomp.parsing.IRFactory.createTemplateNode(IRFactory.java:153)
	at com.google.javascript.jscomp.parsing.IRFactory.<init>(IRFactory.java:129)
	at com.google.javascript.jscomp.parsing.IRFactory.transformTree(IRFactory.java:161)
	at com.google.javascript.jscomp.parsing.ParserRunner.parse(ParserRunner.java:127)
	at com.google.javascript.jscomp.JsAst.parse(JsAst.java:88)
	at com.google.javascript.jscomp.JsAst.createAst(JsAst.java:77)
	at com.google.javascript.jscomp.JsAst.getAstRoot(JsAst.java:50)
	at com.google.javascript.jscomp.CompilerInput.getAstRoot(CompilerInput.java:105)
	at com.google.javascript.jscomp.Compiler.parseTestCode(Compiler.java:1268)
	at com.google.javascript.jscomp.CodePrinterTest.parse(CodePrinterTest.java:36)
	at com.google.javascript.jscomp.CodePrinterTest.parse(CodePrinterTest.java:27)
	at com.google.javascript.jscomp.CodePrinterTest.parsePrint(CodePrinterTest.java:70)
	at com.google.javascript.jscomp.CodePrinterTest.assertPrint(CodePrinterTest.java:387)
	at com.google.javascript.jscomp.CodePrinterTest.testZero(CodePrinterTest.java:1231)
	at sun.reflect.NativeMethodAccessorImpl.invoke0(Native Method)
	at sun.reflect.NativeMethodAccessorImpl.invoke(NativeMethodAccessorImpl.java:57)
	at sun.reflect.DelegatingMethodAccessorImpl.invoke(DelegatingMethodAccessorImpl.java:43)
	at java.lang.reflect.Method.invoke(Method.java:606)
	at junit.framework.TestCase.runTest(TestCase.java:176)
	at junit.framework.TestCase.runBare(TestCase.java:141)
	at junit.framework.TestResult$1.protect(TestResult.java:122)
	at junit.framework.TestResult.runProtected(TestResult.java:142)
	at junit.framework.TestResult.run(TestResult.java:125)
	at junit.framework.TestCase.run(TestCase.java:129)
	at junit.framework.TestSuite.runTest(TestSuite.java:255)
	at junit.framework.TestSuite.run(TestSuite.java:250)
	at org.junit.internal.runners.JUnit38ClassRunner.run(JUnit38ClassRunner.java:84)
	at org.junit.runner.JUnitCore.run(JUnitCore.java:160)
	at org.junit.runner.JUnitCore.run(JUnitCore.java:138)
	at xxl.java.junit.JUnitSingleTestRunner.call(JUnitSingleTestRunner.java:23)
	at xxl.java.junit.JUnitSingleTestRunner.call(JUnitSingleTestRunner.java:10)
	at java.util.concurrent.FutureTask.run(FutureTask.java:262)
	at java.util.concurrent.ThreadPoolExecutor.runWorker(ThreadPoolExecutor.java:1145)
	at java.util.concurrent.ThreadPoolExecutor$Worker.run(ThreadPoolExecutor.java:615)
	at java.lang.Thread.run(Thread.java:745)
java.lang.NullPointerException
	at com.google.javascript.rhino.Node.removeProp(Node.java:793)
	at com.google.javascript.rhino.Node.removeProp(Node.java:711)
	at com.google.javascript.rhino.Node.putProp(Node.java:904)
	at com.google.javascript.jscomp.parsing.IRFactory.createTemplateNode(IRFactory.java:153)
	at com.google.javascript.jscomp.parsing.IRFactory.<init>(IRFactory.java:129)
	at com.google.javascript.jscomp.parsing.IRFactory.transformTree(IRFactory.java:161)
	at com.google.javascript.jscomp.parsing.ParserRunner.parse(ParserRunner.java:127)
	at com.google.javascript.jscomp.JsAst.parse(JsAst.java:88)
	at com.google.javascript.jscomp.JsAst.createAst(JsAst.java:77)
	at com.google.javascript.jscomp.JsAst.getAstRoot(JsAst.java:50)
	at com.google.javascript.jscomp.CompilerInput.getAstRoot(CompilerInput.java:105)
	at com.google.javascript.jscomp.Compiler.parseTestCode(Compiler.java:1268)
	at com.google.javascript.jscomp.CodePrinterTest.parse(CodePrinterTest.java:36)
	at com.google.javascript.jscomp.CodePrinterTest.parse(CodePrinterTest.java:27)
	at com.google.javascript.jscomp.CodePrinterTest.parsePrint(CodePrinterTest.java:70)
	at com.google.javascript.jscomp.CodePrinterTest.assertPrint(CodePrinterTest.java:387)
	at com.google.javascript.jscomp.CodePrinterTest.testZero(CodePrinterTest.java:1231)
	at sun.reflect.NativeMethodAccessorImpl.invoke0(Native Method)
	at sun.reflect.NativeMethodAccessorImpl.invoke(NativeMethodAccessorImpl.java:57)
	at sun.reflect.DelegatingMethodAccessorImpl.invoke(DelegatingMethodAccessorImpl.java:43)
	at java.lang.reflect.Method.invoke(Method.java:606)
	at junit.framework.TestCase.runTest(TestCase.java:176)
	at junit.framework.TestCase.runBare(TestCase.java:141)
	at junit.framework.TestResult$1.protect(TestResult.java:122)
	at junit.framework.TestResult.runProtected(TestResult.java:142)
	at junit.framework.TestResult.run(TestResult.java:125)
	at junit.framework.TestCase.run(TestCase.java:129)
	at junit.framework.TestSuite.runTest(TestSuite.java:255)
	at junit.framework.TestSuite.run(TestSuite.java:250)
	at org.junit.internal.runners.JUnit38ClassRunner.run(JUnit38ClassRunner.java:84)
	at org.junit.runner.JUnitCore.run(JUnitCore.java:160)
	at org.junit.runner.JUnitCore.run(JUnitCore.java:138)
	at xxl.java.junit.JUnitSingleTestRunner.call(JUnitSingleTestRunner.java:23)
	at xxl.java.junit.JUnitSingleTestRunner.call(JUnitSingleTestRunner.java:10)
	at java.util.concurrent.FutureTask.run(FutureTask.java:262)
	at java.util.concurrent.ThreadPoolExecutor.runWorker(ThreadPoolExecutor.java:1145)
	at java.util.concurrent.ThreadPoolExecutor$Worker.run(ThreadPoolExecutor.java:615)
	at java.lang.Thread.run(Thread.java:745)
java.lang.NullPointerException
	at com.google.javascript.rhino.Node.removeProp(Node.java:806)
	at com.google.javascript.rhino.Node.removeProp(Node.java:711)
	at com.google.javascript.rhino.Node.putProp(Node.java:904)
	at com.google.javascript.jscomp.parsing.IRFactory.createTemplateNode(IRFactory.java:153)
	at com.google.javascript.jscomp.parsing.IRFactory.<init>(IRFactory.java:129)
	at com.google.javascript.jscomp.parsing.IRFactory.transformTree(IRFactory.java:161)
	at com.google.javascript.jscomp.parsing.ParserRunner.parse(ParserRunner.java:127)
	at com.google.javascript.jscomp.JsAst.parse(JsAst.java:88)
	at com.google.javascript.jscomp.JsAst.createAst(JsAst.java:77)
	at com.google.javascript.jscomp.JsAst.getAstRoot(JsAst.java:50)
	at com.google.javascript.jscomp.CompilerInput.getAstRoot(CompilerInput.java:105)
	at com.google.javascript.jscomp.Compiler.parseTestCode(Compiler.java:1268)
	at com.google.javascript.jscomp.CodePrinterTest.parse(CodePrinterTest.java:36)
	at com.google.javascript.jscomp.CodePrinterTest.parse(CodePrinterTest.java:27)
	at com.google.javascript.jscomp.CodePrinterTest.parsePrint(CodePrinterTest.java:70)
	at com.google.javascript.jscomp.CodePrinterTest.assertPrint(CodePrinterTest.java:387)
	at com.google.javascript.jscomp.CodePrinterTest.testZero(CodePrinterTest.java:1231)
	at sun.reflect.NativeMethodAccessorImpl.invoke0(Native Method)
	at sun.reflect.NativeMethodAccessorImpl.invoke(NativeMethodAccessorImpl.java:57)
	at sun.reflect.DelegatingMethodAccessorImpl.invoke(DelegatingMethodAccessorImpl.java:43)
	at java.lang.reflect.Method.invoke(Method.java:606)
	at junit.framework.TestCase.runTest(TestCase.java:176)
	at junit.framework.TestCase.runBare(TestCase.java:141)
	at junit.framework.TestResult$1.protect(TestResult.java:122)
	at junit.framework.TestResult.runProtected(TestResult.java:142)
	at junit.framework.TestResult.run(TestResult.java:125)
	at junit.framework.TestCase.run(TestCase.java:129)
	at junit.framework.TestSuite.runTest(TestSuite.java:255)
	at junit.framework.TestSuite.run(TestSuite.java:250)
	at org.junit.internal.runners.JUnit38ClassRunner.run(JUnit38ClassRunner.java:84)
	at org.junit.runner.JUnitCore.run(JUnitCore.java:160)
	at org.junit.runner.JUnitCore.run(JUnitCore.java:138)
	at xxl.java.junit.JUnitSingleTestRunner.call(JUnitSingleTestRunner.java:23)
	at xxl.java.junit.JUnitSingleTestRunner.call(JUnitSingleTestRunner.java:10)
	at java.util.concurrent.FutureTask.run(FutureTask.java:262)
	at java.util.concurrent.ThreadPoolExecutor.runWorker(ThreadPoolExecutor.java:1145)
	at java.util.concurrent.ThreadPoolExecutor$Worker.run(ThreadPoolExecutor.java:615)
	at java.lang.Thread.run(Thread.java:745)
java.lang.NullPointerException
	at com.google.javascript.rhino.Node.removeProp(Node.java:808)
	at com.google.javascript.rhino.Node.removeProp(Node.java:711)
	at com.google.javascript.rhino.Node.putProp(Node.java:904)
	at com.google.javascript.jscomp.parsing.IRFactory.createTemplateNode(IRFactory.java:153)
	at com.google.javascript.jscomp.parsing.IRFactory.<init>(IRFactory.java:129)
	at com.google.javascript.jscomp.parsing.IRFactory.transformTree(IRFactory.java:161)
	at com.google.javascript.jscomp.parsing.ParserRunner.parse(ParserRunner.java:127)
	at com.google.javascript.jscomp.JsAst.parse(JsAst.java:88)
	at com.google.javascript.jscomp.JsAst.createAst(JsAst.java:77)
	at com.google.javascript.jscomp.JsAst.getAstRoot(JsAst.java:50)
	at com.google.javascript.jscomp.CompilerInput.getAstRoot(CompilerInput.java:105)
	at com.google.javascript.jscomp.Compiler.parseTestCode(Compiler.java:1268)
	at com.google.javascript.jscomp.CodePrinterTest.parse(CodePrinterTest.java:36)
	at com.google.javascript.jscomp.CodePrinterTest.parse(CodePrinterTest.java:27)
	at com.google.javascript.jscomp.CodePrinterTest.parsePrint(CodePrinterTest.java:70)
	at com.google.javascript.jscomp.CodePrinterTest.assertPrint(CodePrinterTest.java:387)
	at com.google.javascript.jscomp.CodePrinterTest.testZero(CodePrinterTest.java:1231)
	at sun.reflect.NativeMethodAccessorImpl.invoke0(Native Method)
	at sun.reflect.NativeMethodAccessorImpl.invoke(NativeMethodAccessorImpl.java:57)
	at sun.reflect.DelegatingMethodAccessorImpl.invoke(DelegatingMethodAccessorImpl.java:43)
	at java.lang.reflect.Method.invoke(Method.java:606)
	at junit.framework.TestCase.runTest(TestCase.java:176)
	at junit.framework.TestCase.runBare(TestCase.java:141)
	at junit.framework.TestResult$1.protect(TestResult.java:122)
	at junit.framework.TestResult.runProtected(TestResult.java:142)
	at junit.framework.TestResult.run(TestResult.java:125)
	at junit.framework.TestCase.run(TestCase.java:129)
	at junit.framework.TestSuite.runTest(TestSuite.java:255)
	at junit.framework.TestSuite.run(TestSuite.java:250)
	at org.junit.internal.runners.JUnit38ClassRunner.run(JUnit38ClassRunner.java:84)
	at org.junit.runner.JUnitCore.run(JUnitCore.java:160)
	at org.junit.runner.JUnitCore.run(JUnitCore.java:138)
	at xxl.java.junit.JUnitSingleTestRunner.call(JUnitSingleTestRunner.java:23)
	at xxl.java.junit.JUnitSingleTestRunner.call(JUnitSingleTestRunner.java:10)
	at java.util.concurrent.FutureTask.run(FutureTask.java:262)
	at java.util.concurrent.ThreadPoolExecutor.runWorker(ThreadPoolExecutor.java:1145)
	at java.util.concurrent.ThreadPoolExecutor$Worker.run(ThreadPoolExecutor.java:615)
	at java.lang.Thread.run(Thread.java:745)
java.lang.NullPointerException
	at com.google.javascript.rhino.Node.removeProp(Node.java:745)
	at com.google.javascript.rhino.Node.removeProp(Node.java:711)
	at com.google.javascript.rhino.Node.putIntProp(Node.java:915)
	at com.google.javascript.rhino.Node.putBooleanProp(Node.java:911)
	at com.google.javascript.rhino.Node.setIsSyntheticBlock(Node.java:1970)
	at com.google.javascript.jscomp.parsing.ParserRunner.parse(ParserRunner.java:129)
	at com.google.javascript.jscomp.JsAst.parse(JsAst.java:88)
	at com.google.javascript.jscomp.JsAst.createAst(JsAst.java:77)
	at com.google.javascript.jscomp.JsAst.getAstRoot(JsAst.java:50)
	at com.google.javascript.jscomp.CompilerInput.getAstRoot(CompilerInput.java:105)
	at com.google.javascript.jscomp.Compiler.parseTestCode(Compiler.java:1268)
	at com.google.javascript.jscomp.CodePrinterTest.parse(CodePrinterTest.java:36)
	at com.google.javascript.jscomp.CodePrinterTest.parse(CodePrinterTest.java:27)
	at com.google.javascript.jscomp.CodePrinterTest.parsePrint(CodePrinterTest.java:70)
	at com.google.javascript.jscomp.CodePrinterTest.assertPrint(CodePrinterTest.java:387)
	at com.google.javascript.jscomp.CodePrinterTest.testZero(CodePrinterTest.java:1231)
	at sun.reflect.NativeMethodAccessorImpl.invoke0(Native Method)
	at sun.reflect.NativeMethodAccessorImpl.invoke(NativeMethodAccessorImpl.java:57)
	at sun.reflect.DelegatingMethodAccessorImpl.invoke(DelegatingMethodAccessorImpl.java:43)
	at java.lang.reflect.Method.invoke(Method.java:606)
	at junit.framework.TestCase.runTest(TestCase.java:176)
	at junit.framework.TestCase.runBare(TestCase.java:141)
	at junit.framework.TestResult$1.protect(TestResult.java:122)
	at junit.framework.TestResult.runProtected(TestResult.java:142)
	at junit.framework.TestResult.run(TestResult.java:125)
	at junit.framework.TestCase.run(TestCase.java:129)
	at junit.framework.TestSuite.runTest(TestSuite.java:255)
	at junit.framework.TestSuite.run(TestSuite.java:250)
	at org.junit.internal.runners.JUnit38ClassRunner.run(JUnit38ClassRunner.java:84)
	at org.junit.runner.JUnitCore.run(JUnitCore.java:160)
	at org.junit.runner.JUnitCore.run(JUnitCore.java:138)
	at xxl.java.junit.JUnitSingleTestRunner.call(JUnitSingleTestRunner.java:23)
	at xxl.java.junit.JUnitSingleTestRunner.call(JUnitSingleTestRunner.java:10)
	at java.util.concurrent.FutureTask.run(FutureTask.java:262)
	at java.util.concurrent.ThreadPoolExecutor.runWorker(ThreadPoolExecutor.java:1145)
	at java.util.concurrent.ThreadPoolExecutor$Worker.run(ThreadPoolExecutor.java:615)
	at java.lang.Thread.run(Thread.java:745)
java.lang.NullPointerException
	at com.google.javascript.rhino.Node.removeProp(Node.java:793)
	at com.google.javascript.rhino.Node.removeProp(Node.java:711)
	at com.google.javascript.rhino.Node.putIntProp(Node.java:915)
	at com.google.javascript.rhino.Node.putBooleanProp(Node.java:911)
	at com.google.javascript.rhino.Node.setIsSyntheticBlock(Node.java:1970)
	at com.google.javascript.jscomp.parsing.ParserRunner.parse(ParserRunner.java:129)
	at com.google.javascript.jscomp.JsAst.parse(JsAst.java:88)
	at com.google.javascript.jscomp.JsAst.createAst(JsAst.java:77)
	at com.google.javascript.jscomp.JsAst.getAstRoot(JsAst.java:50)
	at com.google.javascript.jscomp.CompilerInput.getAstRoot(CompilerInput.java:105)
	at com.google.javascript.jscomp.Compiler.parseTestCode(Compiler.java:1268)
	at com.google.javascript.jscomp.CodePrinterTest.parse(CodePrinterTest.java:36)
	at com.google.javascript.jscomp.CodePrinterTest.parse(CodePrinterTest.java:27)
	at com.google.javascript.jscomp.CodePrinterTest.parsePrint(CodePrinterTest.java:70)
	at com.google.javascript.jscomp.CodePrinterTest.assertPrint(CodePrinterTest.java:387)
	at com.google.javascript.jscomp.CodePrinterTest.testZero(CodePrinterTest.java:1231)
	at sun.reflect.NativeMethodAccessorImpl.invoke0(Native Method)
	at sun.reflect.NativeMethodAccessorImpl.invoke(NativeMethodAccessorImpl.java:57)
	at sun.reflect.DelegatingMethodAccessorImpl.invoke(DelegatingMethodAccessorImpl.java:43)
	at java.lang.reflect.Method.invoke(Method.java:606)
	at junit.framework.TestCase.runTest(TestCase.java:176)
	at junit.framework.TestCase.runBare(TestCase.java:141)
	at junit.framework.TestResult$1.protect(TestResult.java:122)
	at junit.framework.TestResult.runProtected(TestResult.java:142)
	at junit.framework.TestResult.run(TestResult.java:125)
	at junit.framework.TestCase.run(TestCase.java:129)
	at junit.framework.TestSuite.runTest(TestSuite.java:255)
	at junit.framework.TestSuite.run(TestSuite.java:250)
	at org.junit.internal.runners.JUnit38ClassRunner.run(JUnit38ClassRunner.java:84)
	at org.junit.runner.JUnitCore.run(JUnitCore.java:160)
	at org.junit.runner.JUnitCore.run(JUnitCore.java:138)
	at xxl.java.junit.JUnitSingleTestRunner.call(JUnitSingleTestRunner.java:23)
	at xxl.java.junit.JUnitSingleTestRunner.call(JUnitSingleTestRunner.java:10)
	at java.util.concurrent.FutureTask.run(FutureTask.java:262)
	at java.util.concurrent.ThreadPoolExecutor.runWorker(ThreadPoolExecutor.java:1145)
	at java.util.concurrent.ThreadPoolExecutor$Worker.run(ThreadPoolExecutor.java:615)
	at java.lang.Thread.run(Thread.java:745)
java.lang.NullPointerException
	at com.google.javascript.rhino.Node.removeProp(Node.java:806)
	at com.google.javascript.rhino.Node.removeProp(Node.java:711)
	at com.google.javascript.rhino.Node.putIntProp(Node.java:915)
	at com.google.javascript.rhino.Node.putBooleanProp(Node.java:911)
	at com.google.javascript.rhino.Node.setIsSyntheticBlock(Node.java:1970)
	at com.google.javascript.jscomp.parsing.ParserRunner.parse(ParserRunner.java:129)
	at com.google.javascript.jscomp.JsAst.parse(JsAst.java:88)
	at com.google.javascript.jscomp.JsAst.createAst(JsAst.java:77)
	at com.google.javascript.jscomp.JsAst.getAstRoot(JsAst.java:50)
	at com.google.javascript.jscomp.CompilerInput.getAstRoot(CompilerInput.java:105)
	at com.google.javascript.jscomp.Compiler.parseTestCode(Compiler.java:1268)
	at com.google.javascript.jscomp.CodePrinterTest.parse(CodePrinterTest.java:36)
	at com.google.javascript.jscomp.CodePrinterTest.parse(CodePrinterTest.java:27)
	at com.google.javascript.jscomp.CodePrinterTest.parsePrint(CodePrinterTest.java:70)
	at com.google.javascript.jscomp.CodePrinterTest.assertPrint(CodePrinterTest.java:387)
	at com.google.javascript.jscomp.CodePrinterTest.testZero(CodePrinterTest.java:1231)
	at sun.reflect.NativeMethodAccessorImpl.invoke0(Native Method)
	at sun.reflect.NativeMethodAccessorImpl.invoke(NativeMethodAccessorImpl.java:57)
	at sun.reflect.DelegatingMethodAccessorImpl.invoke(DelegatingMethodAccessorImpl.java:43)
	at java.lang.reflect.Method.invoke(Method.java:606)
	at junit.framework.TestCase.runTest(TestCase.java:176)
	at junit.framework.TestCase.runBare(TestCase.java:141)
	at junit.framework.TestResult$1.protect(TestResult.java:122)
	at junit.framework.TestResult.runProtected(TestResult.java:142)
	at junit.framework.TestResult.run(TestResult.java:125)
	at junit.framework.TestCase.run(TestCase.java:129)
	at junit.framework.TestSuite.runTest(TestSuite.java:255)
	at junit.framework.TestSuite.run(TestSuite.java:250)
	at org.junit.internal.runners.JUnit38ClassRunner.run(JUnit38ClassRunner.java:84)
	at org.junit.runner.JUnitCore.run(JUnitCore.java:160)
	at org.junit.runner.JUnitCore.run(JUnitCore.java:138)
	at xxl.java.junit.JUnitSingleTestRunner.call(JUnitSingleTestRunner.java:23)
	at xxl.java.junit.JUnitSingleTestRunner.call(JUnitSingleTestRunner.java:10)
	at java.util.concurrent.FutureTask.run(FutureTask.java:262)
	at java.util.concurrent.ThreadPoolExecutor.runWorker(ThreadPoolExecutor.java:1145)
	at java.util.concurrent.ThreadPoolExecutor$Worker.run(ThreadPoolExecutor.java:615)
	at java.lang.Thread.run(Thread.java:745)
java.lang.NullPointerException
	at com.google.javascript.rhino.Node.removeProp(Node.java:808)
	at com.google.javascript.rhino.Node.removeProp(Node.java:711)
	at com.google.javascript.rhino.Node.putIntProp(Node.java:915)
	at com.google.javascript.rhino.Node.putBooleanProp(Node.java:911)
	at com.google.javascript.rhino.Node.setIsSyntheticBlock(Node.java:1970)
	at com.google.javascript.jscomp.parsing.ParserRunner.parse(ParserRunner.java:129)
	at com.google.javascript.jscomp.JsAst.parse(JsAst.java:88)
	at com.google.javascript.jscomp.JsAst.createAst(JsAst.java:77)
	at com.google.javascript.jscomp.JsAst.getAstRoot(JsAst.java:50)
	at com.google.javascript.jscomp.CompilerInput.getAstRoot(CompilerInput.java:105)
	at com.google.javascript.jscomp.Compiler.parseTestCode(Compiler.java:1268)
	at com.google.javascript.jscomp.CodePrinterTest.parse(CodePrinterTest.java:36)
	at com.google.javascript.jscomp.CodePrinterTest.parse(CodePrinterTest.java:27)
	at com.google.javascript.jscomp.CodePrinterTest.parsePrint(CodePrinterTest.java:70)
	at com.google.javascript.jscomp.CodePrinterTest.assertPrint(CodePrinterTest.java:387)
	at com.google.javascript.jscomp.CodePrinterTest.testZero(CodePrinterTest.java:1231)
	at sun.reflect.NativeMethodAccessorImpl.invoke0(Native Method)
	at sun.reflect.NativeMethodAccessorImpl.invoke(NativeMethodAccessorImpl.java:57)
	at sun.reflect.DelegatingMethodAccessorImpl.invoke(DelegatingMethodAccessorImpl.java:43)
	at java.lang.reflect.Method.invoke(Method.java:606)
	at junit.framework.TestCase.runTest(TestCase.java:176)
	at junit.framework.TestCase.runBare(TestCase.java:141)
	at junit.framework.TestResult$1.protect(TestResult.java:122)
	at junit.framework.TestResult.runProtected(TestResult.java:142)
	at junit.framework.TestResult.run(TestResult.java:125)
	at junit.framework.TestCase.run(TestCase.java:129)
	at junit.framework.TestSuite.runTest(TestSuite.java:255)
	at junit.framework.TestSuite.run(TestSuite.java:250)
	at org.junit.internal.runners.JUnit38ClassRunner.run(JUnit38ClassRunner.java:84)
	at org.junit.runner.JUnitCore.run(JUnitCore.java:160)
	at org.junit.runner.JUnitCore.run(JUnitCore.java:138)
	at xxl.java.junit.JUnitSingleTestRunner.call(JUnitSingleTestRunner.java:23)
	at xxl.java.junit.JUnitSingleTestRunner.call(JUnitSingleTestRunner.java:10)
	at java.util.concurrent.FutureTask.run(FutureTask.java:262)
	at java.util.concurrent.ThreadPoolExecutor.runWorker(ThreadPoolExecutor.java:1145)
	at java.util.concurrent.ThreadPoolExecutor$Worker.run(ThreadPoolExecutor.java:615)
	at java.lang.Thread.run(Thread.java:745)
java.lang.NullPointerException
	at com.google.javascript.rhino.Node.removeProp(Node.java:745)
	at com.google.javascript.rhino.Node.removeProp(Node.java:711)
	at com.google.javascript.rhino.Node.putProp(Node.java:904)
	at com.google.javascript.jscomp.parsing.IRFactory.createTemplateNode(IRFactory.java:153)
	at com.google.javascript.jscomp.parsing.IRFactory.<init>(IRFactory.java:129)
	at com.google.javascript.jscomp.parsing.IRFactory.transformTree(IRFactory.java:161)
	at com.google.javascript.jscomp.parsing.ParserRunner.parse(ParserRunner.java:127)
	at com.google.javascript.jscomp.JsAst.parse(JsAst.java:88)
	at com.google.javascript.jscomp.JsAst.createAst(JsAst.java:77)
	at com.google.javascript.jscomp.JsAst.getAstRoot(JsAst.java:50)
	at com.google.javascript.jscomp.CompilerInput.getAstRoot(CompilerInput.java:105)
	at com.google.javascript.jscomp.Compiler.parseTestCode(Compiler.java:1268)
	at com.google.javascript.jscomp.CodePrinterTest.parse(CodePrinterTest.java:36)
	at com.google.javascript.jscomp.CodePrinterTest.parse(CodePrinterTest.java:27)
	at com.google.javascript.jscomp.CodePrinterTest.assertPrint(CodePrinterTest.java:386)
	at com.google.javascript.jscomp.CodePrinterTest.testZero(CodePrinterTest.java:1231)
	at sun.reflect.NativeMethodAccessorImpl.invoke0(Native Method)
	at sun.reflect.NativeMethodAccessorImpl.invoke(NativeMethodAccessorImpl.java:57)
	at sun.reflect.DelegatingMethodAccessorImpl.invoke(DelegatingMethodAccessorImpl.java:43)
	at java.lang.reflect.Method.invoke(Method.java:606)
	at junit.framework.TestCase.runTest(TestCase.java:176)
	at junit.framework.TestCase.runBare(TestCase.java:141)
	at junit.framework.TestResult$1.protect(TestResult.java:122)
	at junit.framework.TestResult.runProtected(TestResult.java:142)
	at junit.framework.TestResult.run(TestResult.java:125)
	at junit.framework.TestCase.run(TestCase.java:129)
	at junit.framework.TestSuite.runTest(TestSuite.java:255)
	at junit.framework.TestSuite.run(TestSuite.java:250)
	at org.junit.internal.runners.JUnit38ClassRunner.run(JUnit38ClassRunner.java:84)
	at org.junit.runner.JUnitCore.run(JUnitCore.java:160)
	at org.junit.runner.JUnitCore.run(JUnitCore.java:138)
	at xxl.java.junit.JUnitSingleTestRunner.call(JUnitSingleTestRunner.java:23)
	at xxl.java.junit.JUnitSingleTestRunner.call(JUnitSingleTestRunner.java:10)
	at java.util.concurrent.FutureTask.run(FutureTask.java:262)
	at java.util.concurrent.ThreadPoolExecutor.runWorker(ThreadPoolExecutor.java:1145)
	at java.util.concurrent.ThreadPoolExecutor$Worker.run(ThreadPoolExecutor.java:615)
	at java.lang.Thread.run(Thread.java:745)
java.lang.NullPointerException
	at com.google.javascript.rhino.Node.removeProp(Node.java:793)
	at com.google.javascript.rhino.Node.removeProp(Node.java:711)
	at com.google.javascript.rhino.Node.putProp(Node.java:904)
	at com.google.javascript.jscomp.parsing.IRFactory.createTemplateNode(IRFactory.java:153)
	at com.google.javascript.jscomp.parsing.IRFactory.<init>(IRFactory.java:129)
	at com.google.javascript.jscomp.parsing.IRFactory.transformTree(IRFactory.java:161)
	at com.google.javascript.jscomp.parsing.ParserRunner.parse(ParserRunner.java:127)
	at com.google.javascript.jscomp.JsAst.parse(JsAst.java:88)
	at com.google.javascript.jscomp.JsAst.createAst(JsAst.java:77)
	at com.google.javascript.jscomp.JsAst.getAstRoot(JsAst.java:50)
	at com.google.javascript.jscomp.CompilerInput.getAstRoot(CompilerInput.java:105)
	at com.google.javascript.jscomp.Compiler.parseTestCode(Compiler.java:1268)
	at com.google.javascript.jscomp.CodePrinterTest.parse(CodePrinterTest.java:36)
	at com.google.javascript.jscomp.CodePrinterTest.parse(CodePrinterTest.java:27)
	at com.google.javascript.jscomp.CodePrinterTest.assertPrint(CodePrinterTest.java:386)
	at com.google.javascript.jscomp.CodePrinterTest.testZero(CodePrinterTest.java:1231)
	at sun.reflect.NativeMethodAccessorImpl.invoke0(Native Method)
	at sun.reflect.NativeMethodAccessorImpl.invoke(NativeMethodAccessorImpl.java:57)
	at sun.reflect.DelegatingMethodAccessorImpl.invoke(DelegatingMethodAccessorImpl.java:43)
	at java.lang.reflect.Method.invoke(Method.java:606)
	at junit.framework.TestCase.runTest(TestCase.java:176)
	at junit.framework.TestCase.runBare(TestCase.java:141)
	at junit.framework.TestResult$1.protect(TestResult.java:122)
	at junit.framework.TestResult.runProtected(TestResult.java:142)
	at junit.framework.TestResult.run(TestResult.java:125)
	at junit.framework.TestCase.run(TestCase.java:129)
	at junit.framework.TestSuite.runTest(TestSuite.java:255)
	at junit.framework.TestSuite.run(TestSuite.java:250)
	at org.junit.internal.runners.JUnit38ClassRunner.run(JUnit38ClassRunner.java:84)
	at org.junit.runner.JUnitCore.run(JUnitCore.java:160)
	at org.junit.runner.JUnitCore.run(JUnitCore.java:138)
	at xxl.java.junit.JUnitSingleTestRunner.call(JUnitSingleTestRunner.java:23)
	at xxl.java.junit.JUnitSingleTestRunner.call(JUnitSingleTestRunner.java:10)
	at java.util.concurrent.FutureTask.run(FutureTask.java:262)
	at java.util.concurrent.ThreadPoolExecutor.runWorker(ThreadPoolExecutor.java:1145)
	at java.util.concurrent.ThreadPoolExecutor$Worker.run(ThreadPoolExecutor.java:615)
	at java.lang.Thread.run(Thread.java:745)
java.lang.NullPointerException
	at com.google.javascript.rhino.Node.removeProp(Node.java:806)
	at com.google.javascript.rhino.Node.removeProp(Node.java:711)
	at com.google.javascript.rhino.Node.putProp(Node.java:904)
	at com.google.javascript.jscomp.parsing.IRFactory.createTemplateNode(IRFactory.java:153)
	at com.google.javascript.jscomp.parsing.IRFactory.<init>(IRFactory.java:129)
	at com.google.javascript.jscomp.parsing.IRFactory.transformTree(IRFactory.java:161)
	at com.google.javascript.jscomp.parsing.ParserRunner.parse(ParserRunner.java:127)
	at com.google.javascript.jscomp.JsAst.parse(JsAst.java:88)
	at com.google.javascript.jscomp.JsAst.createAst(JsAst.java:77)
	at com.google.javascript.jscomp.JsAst.getAstRoot(JsAst.java:50)
	at com.google.javascript.jscomp.CompilerInput.getAstRoot(CompilerInput.java:105)
	at com.google.javascript.jscomp.Compiler.parseTestCode(Compiler.java:1268)
	at com.google.javascript.jscomp.CodePrinterTest.parse(CodePrinterTest.java:36)
	at com.google.javascript.jscomp.CodePrinterTest.parse(CodePrinterTest.java:27)
	at com.google.javascript.jscomp.CodePrinterTest.assertPrint(CodePrinterTest.java:386)
	at com.google.javascript.jscomp.CodePrinterTest.testZero(CodePrinterTest.java:1231)
	at sun.reflect.NativeMethodAccessorImpl.invoke0(Native Method)
	at sun.reflect.NativeMethodAccessorImpl.invoke(NativeMethodAccessorImpl.java:57)
	at sun.reflect.DelegatingMethodAccessorImpl.invoke(DelegatingMethodAccessorImpl.java:43)
	at java.lang.reflect.Method.invoke(Method.java:606)
	at junit.framework.TestCase.runTest(TestCase.java:176)
	at junit.framework.TestCase.runBare(TestCase.java:141)
	at junit.framework.TestResult$1.protect(TestResult.java:122)
	at junit.framework.TestResult.runProtected(TestResult.java:142)
	at junit.framework.TestResult.run(TestResult.java:125)
	at junit.framework.TestCase.run(TestCase.java:129)
	at junit.framework.TestSuite.runTest(TestSuite.java:255)
	at junit.framework.TestSuite.run(TestSuite.java:250)
	at org.junit.internal.runners.JUnit38ClassRunner.run(JUnit38ClassRunner.java:84)
	at org.junit.runner.JUnitCore.run(JUnitCore.java:160)
	at org.junit.runner.JUnitCore.run(JUnitCore.java:138)
	at xxl.java.junit.JUnitSingleTestRunner.call(JUnitSingleTestRunner.java:23)
	at xxl.java.junit.JUnitSingleTestRunner.call(JUnitSingleTestRunner.java:10)
	at java.util.concurrent.FutureTask.run(FutureTask.java:262)
	at java.util.concurrent.ThreadPoolExecutor.runWorker(ThreadPoolExecutor.java:1145)
	at java.util.concurrent.ThreadPoolExecutor$Worker.run(ThreadPoolExecutor.java:615)
	at java.lang.Thread.run(Thread.java:745)
java.lang.NullPointerException
	at com.google.javascript.rhino.Node.removeProp(Node.java:808)
	at com.google.javascript.rhino.Node.removeProp(Node.java:711)
	at com.google.javascript.rhino.Node.putProp(Node.java:904)
	at com.google.javascript.jscomp.parsing.IRFactory.createTemplateNode(IRFactory.java:153)
	at com.google.javascript.jscomp.parsing.IRFactory.<init>(IRFactory.java:129)
	at com.google.javascript.jscomp.parsing.IRFactory.transformTree(IRFactory.java:161)
	at com.google.javascript.jscomp.parsing.ParserRunner.parse(ParserRunner.java:127)
	at com.google.javascript.jscomp.JsAst.parse(JsAst.java:88)
	at com.google.javascript.jscomp.JsAst.createAst(JsAst.java:77)
	at com.google.javascript.jscomp.JsAst.getAstRoot(JsAst.java:50)
	at com.google.javascript.jscomp.CompilerInput.getAstRoot(CompilerInput.java:105)
	at com.google.javascript.jscomp.Compiler.parseTestCode(Compiler.java:1268)
	at com.google.javascript.jscomp.CodePrinterTest.parse(CodePrinterTest.java:36)
	at com.google.javascript.jscomp.CodePrinterTest.parse(CodePrinterTest.java:27)
	at com.google.javascript.jscomp.CodePrinterTest.assertPrint(CodePrinterTest.java:386)
	at com.google.javascript.jscomp.CodePrinterTest.testZero(CodePrinterTest.java:1231)
	at sun.reflect.NativeMethodAccessorImpl.invoke0(Native Method)
	at sun.reflect.NativeMethodAccessorImpl.invoke(NativeMethodAccessorImpl.java:57)
	at sun.reflect.DelegatingMethodAccessorImpl.invoke(DelegatingMethodAccessorImpl.java:43)
	at java.lang.reflect.Method.invoke(Method.java:606)
	at junit.framework.TestCase.runTest(TestCase.java:176)
	at junit.framework.TestCase.runBare(TestCase.java:141)
	at junit.framework.TestResult$1.protect(TestResult.java:122)
	at junit.framework.TestResult.runProtected(TestResult.java:142)
	at junit.framework.TestResult.run(TestResult.java:125)
	at junit.framework.TestCase.run(TestCase.java:129)
	at junit.framework.TestSuite.runTest(TestSuite.java:255)
	at junit.framework.TestSuite.run(TestSuite.java:250)
	at org.junit.internal.runners.JUnit38ClassRunner.run(JUnit38ClassRunner.java:84)
	at org.junit.runner.JUnitCore.run(JUnitCore.java:160)
	at org.junit.runner.JUnitCore.run(JUnitCore.java:138)
	at xxl.java.junit.JUnitSingleTestRunner.call(JUnitSingleTestRunner.java:23)
	at xxl.java.junit.JUnitSingleTestRunner.call(JUnitSingleTestRunner.java:10)
	at java.util.concurrent.FutureTask.run(FutureTask.java:262)
	at java.util.concurrent.ThreadPoolExecutor.runWorker(ThreadPoolExecutor.java:1145)
	at java.util.concurrent.ThreadPoolExecutor$Worker.run(ThreadPoolExecutor.java:615)
	at java.lang.Thread.run(Thread.java:745)
## OAR [2017-03-02 22:58:51] Job 1199538 KILLED ##
