cd /tmp/math_42_Brutpol;export JAVA_TOOL_OPTIONS=-Dfile.encoding=UTF8;TZ="America/New_York"; export TZexport PATH="/usr/lib/jvm/java-1.7.0-openjdk-amd64/bin/:$PATH";cp -r /home/tdurieux/dynamoth-experiments/src/python/core/../../../libs/z3 lib/z3;time java -d64 -Xmx4g -Xms1g -XX:MaxPermSize=1024m -XX:+UseConcMarkSweepGC -XX:+CMSPermGenSweepingEnabled -XX:+CMSClassUnloadingEnabled -cp /home/tdurieux/dynamoth-experiments/src/python/core/../../..//libs/nopol.jar:/usr/lib/jvm/java-1.7.0-openjdk-amd64/bin//../lib/tools.jar fr.inria.lille.repair.Main --flocal gzoltar  --maxTime 300  --json  --mode repair --type pre_then_cond --oracle angelic --synthesis dynamoth --solver z3 --solver-path /home/tdurieux/dynamoth-experiments/src/python/core/../../..//libs/z3/z3 --complianceLevel 5 --source /tmp/math_42_Brutpol/src/main/java/ --classpath /tmp/math_42_Brutpol/target/classes/:/tmp/math_42_Brutpol/target/test-classes/:/tmp/math_42_Brutpol/lib/commons-discovery-0.5.jar:/home/tdurieux/dynamoth-experiments/src/python/core/../../..//libs/nopol.jar;echo "

Node: `hostname`
";echo "
Date: `date`
";

17:34:01.660 [pool-2-thread-1] INFO  fr.inria.lille.repair.nopol.NoPol - Nb classes : 578
17:34:01.661 [pool-2-thread-1] INFO  fr.inria.lille.repair.nopol.NoPol - Nb methods : 3768
17:34:01.661 [pool-2-thread-1] INFO  fr.inria.lille.repair.nopol.NoPol - Nb Statements Analyzed : 1
17:34:01.661 [pool-2-thread-1] INFO  fr.inria.lille.repair.nopol.NoPol - Nb Statements with Angelic Value Found : 1
17:34:01.661 [pool-2-thread-1] INFO  fr.inria.lille.repair.nopol.NoPol - NoPol Execution time : 326509ms
17:34:01.661 [pool-2-thread-1] INFO  fr.inria.lille.repair.nopol.NoPol - ----PATCH FOUND----
17:34:01.661 [pool-2-thread-1] INFO  fr.inria.lille.repair.nopol.NoPol - this.numSlackVariables != 0
17:34:01.838 [pool-2-thread-1] INFO  fr.inria.lille.repair.nopol.NoPol - Nb test that executes the patch: 16
17:34:01.838 [pool-2-thread-1] INFO  fr.inria.lille.repair.nopol.NoPol - org.apache.commons.math.optimization.linear.SimplexTableau:347: PRECONDITION
17:34:01.874 [pool-2-thread-1] INFO  fr.inria.lille.repair.nopol.NoPol - --- /tmp/math_42_Brutpol/src/main/java/org/apache/commons/math/optimization/linear/SimplexTableau.java
+++ /tmp/math_42_Brutpol/src/main/java/org/apache/commons/math/optimization/linear/SimplexTableau.java
@@ -346,3 +346,5 @@
           if (getBasicRow(col) == null) {
-            columnsToDrop.add(col);
+            if (this.numSlackVariables != 0) {
+                columnsToDrop.add(col);
+            }
           }



Node: griffon-14.nancy.grid5000.fr


Date: Sat Mar  4 18:34:02 CET 2017


