cd /tmp/math_24_Brutpol;export JAVA_TOOL_OPTIONS=-Dfile.encoding=UTF8;TZ="America/New_York"; export TZexport PATH="/usr/lib/jvm/java-1.7.0-openjdk-amd64/bin/:$PATH";cp -r /home/tdurieux/dynamoth-experiments/src/python/core/../../../libs/z3 lib/z3;time java -d64 -Xmx4g -Xms1g -XX:MaxPermSize=1024m -XX:+UseConcMarkSweepGC -XX:+CMSPermGenSweepingEnabled -XX:+CMSClassUnloadingEnabled -cp /home/tdurieux/dynamoth-experiments/src/python/core/../../..//libs/nopol.jar:/usr/lib/jvm/java-1.7.0-openjdk-amd64/bin//../lib/tools.jar fr.inria.lille.repair.Main --flocal gzoltar  --maxTime 300  --json  --mode repair --type pre_then_cond --oracle angelic --synthesis dynamoth --solver z3 --solver-path /home/tdurieux/dynamoth-experiments/src/python/core/../../..//libs/z3/z3 --complianceLevel 5 --source /tmp/math_24_Brutpol/src/main/java/ --classpath /tmp/math_24_Brutpol/target/classes/:/tmp/math_24_Brutpol/target/test-classes/:/tmp/math_24_Brutpol/lib/commons-discovery-0.5.jar:/home/tdurieux/dynamoth-experiments/src/python/core/../../..//libs/nopol.jar;echo "

Node: `hostname`
";echo "
Date: `date`
";

19:37:32.781 [pool-2-thread-1] INFO  fr.inria.lille.repair.nopol.NoPol - Nb classes : 601
19:37:32.782 [pool-2-thread-1] INFO  fr.inria.lille.repair.nopol.NoPol - Nb methods : 4022
19:37:32.782 [pool-2-thread-1] INFO  fr.inria.lille.repair.nopol.NoPol - Nb Statements Analyzed : 1
19:37:32.782 [pool-2-thread-1] INFO  fr.inria.lille.repair.nopol.NoPol - Nb Statements with Angelic Value Found : 1
19:37:32.782 [pool-2-thread-1] INFO  fr.inria.lille.repair.nopol.NoPol - NoPol Execution time : 583774ms
19:37:32.782 [pool-2-thread-1] INFO  fr.inria.lille.repair.nopol.NoPol - ----PATCH FOUND----
19:37:32.782 [pool-2-thread-1] INFO  fr.inria.lille.repair.nopol.NoPol - (i != 1) || (0 <= r)
19:37:32.970 [pool-2-thread-1] INFO  fr.inria.lille.repair.nopol.NoPol - Nb test that executes the patch: 2
19:37:32.971 [pool-2-thread-1] INFO  fr.inria.lille.repair.nopol.NoPol - org.apache.commons.math3.analysis.FunctionUtils$4:146: PRECONDITION
19:37:32.994 [pool-2-thread-1] INFO  fr.inria.lille.repair.nopol.NoPol - --- /tmp/math_24_Brutpol/src/main/java/org/apache/commons/math3/analysis/FunctionUtils.java
+++ /tmp/math_24_Brutpol/src/main/java/org/apache/commons/math3/analysis/FunctionUtils.java
@@ -145,3 +145,5 @@
                 for (int i = 1; i < f.length; i++) {
-                    r += f[i].value(x);
+                    if ((i != 1) || (0 <= r)) {
+                        r += f[i].value(x);
+                    }
                 }



Node: griffon-14.nancy.grid5000.fr


Date: Sat Mar  4 20:37:33 CET 2017


