Running ant (compile)...................................................... OK
Running ant (compile.tests)................................................ OK
Picked up JAVA_TOOL_OPTIONS: -Dfile.encoding=UTF8
Exception in thread "Thread-11728" java.io.IOException: Resource not found: "org/joda/time/tz/data/UTC" ClassLoader: xxl.java.compiler.BytecodeClassLoader@625e04b5
	at org.joda.time.tz.ZoneInfoProvider.openResource(ZoneInfoProvider.java:114)
	at org.joda.time.tz.ZoneInfoProvider.loadZoneData(ZoneInfoProvider.java:123)
	at org.joda.time.tz.ZoneInfoProvider.getZone(ZoneInfoProvider.java:87)
	at org.joda.time.DateTimeZone.setProvider0(DateTimeZone.java:426)
	at org.joda.time.DateTimeZone.<clinit>(DateTimeZone.java:115)
	at org.joda.time.TestDateTimeZoneCutover.<clinit>(TestDateTimeZoneCutover.java:58)
	at sun.reflect.NativeMethodAccessorImpl.invoke0(Native Method)
	at sun.reflect.NativeMethodAccessorImpl.invoke(NativeMethodAccessorImpl.java:57)
	at sun.reflect.DelegatingMethodAccessorImpl.invoke(DelegatingMethodAccessorImpl.java:43)
	at java.lang.reflect.Method.invoke(Method.java:606)
	at org.junit.internal.runners.SuiteMethod.testFromSuiteMethod(SuiteMethod.java:35)
	at org.junit.internal.runners.SuiteMethod.<init>(SuiteMethod.java:24)
	at org.junit.internal.builders.SuiteMethodBuilder.runnerForClass(SuiteMethodBuilder.java:11)
	at org.junit.runners.model.RunnerBuilder.safeRunnerForClass(RunnerBuilder.java:59)
	at org.junit.internal.builders.AllDefaultPossibilitiesBuilder.runnerForClass(AllDefaultPossibilitiesBuilder.java:26)
	at org.junit.runners.model.RunnerBuilder.safeRunnerForClass(RunnerBuilder.java:59)
	at org.junit.internal.requests.ClassRequest.getRunner(ClassRequest.java:26)
	at org.junit.internal.requests.FilterRequest.getRunner(FilterRequest.java:31)
	at org.junit.runner.JUnitCore.run(JUnitCore.java:138)
	at xxl.java.junit.JUnitSingleTestRunner.call(JUnitSingleTestRunner.java:23)
	at xxl.java.junit.JUnitSingleTestRunner.call(JUnitSingleTestRunner.java:10)
	at java.util.concurrent.FutureTask.run(FutureTask.java:262)
	at java.util.concurrent.ThreadPoolExecutor.runWorker(ThreadPoolExecutor.java:1145)
	at java.util.concurrent.ThreadPoolExecutor$Worker.run(ThreadPoolExecutor.java:615)
	at java.lang.Thread.run(Thread.java:745)
Exception in thread "Thread-11737" java.io.IOException: Resource not found: "org/joda/time/tz/data/UTC" ClassLoader: xxl.java.compiler.BytecodeClassLoader@7f56486d
	at org.joda.time.tz.ZoneInfoProvider.openResource(ZoneInfoProvider.java:110)
	at org.joda.time.tz.ZoneInfoProvider.loadZoneData(ZoneInfoProvider.java:119)
	at org.joda.time.tz.ZoneInfoProvider.getZone(ZoneInfoProvider.java:74)
	at org.joda.time.DateTimeZone.setProvider0(DateTimeZone.java:426)
	at org.joda.time.DateTimeZone.<clinit>(DateTimeZone.java:115)
	at org.joda.time.TestDateTimeZoneCutover.<clinit>(TestDateTimeZoneCutover.java:58)
	at sun.reflect.NativeMethodAccessorImpl.invoke0(Native Method)
	at sun.reflect.NativeMethodAccessorImpl.invoke(NativeMethodAccessorImpl.java:57)
	at sun.reflect.DelegatingMethodAccessorImpl.invoke(DelegatingMethodAccessorImpl.java:43)
	at java.lang.reflect.Method.invoke(Method.java:606)
	at org.junit.internal.runners.SuiteMethod.testFromSuiteMethod(SuiteMethod.java:35)
	at org.junit.internal.runners.SuiteMethod.<init>(SuiteMethod.java:24)
	at org.junit.internal.builders.SuiteMethodBuilder.runnerForClass(SuiteMethodBuilder.java:11)
	at org.junit.runners.model.RunnerBuilder.safeRunnerForClass(RunnerBuilder.java:59)
	at org.junit.internal.builders.AllDefaultPossibilitiesBuilder.runnerForClass(AllDefaultPossibilitiesBuilder.java:26)
	at org.junit.runners.model.RunnerBuilder.safeRunnerForClass(RunnerBuilder.java:59)
	at org.junit.internal.requests.ClassRequest.getRunner(ClassRequest.java:26)
	at org.junit.internal.requests.FilterRequest.getRunner(FilterRequest.java:31)
	at org.junit.runner.JUnitCore.run(JUnitCore.java:138)
	at xxl.java.junit.JUnitSingleTestRunner.call(JUnitSingleTestRunner.java:23)
	at xxl.java.junit.JUnitSingleTestRunner.call(JUnitSingleTestRunner.java:10)
	at java.util.concurrent.FutureTask.run(FutureTask.java:262)
	at java.util.concurrent.ThreadPoolExecutor.runWorker(ThreadPoolExecutor.java:1145)
	at java.util.concurrent.ThreadPoolExecutor$Worker.run(ThreadPoolExecutor.java:615)
	at java.lang.Thread.run(Thread.java:745)
xxl.java.compiler.DynamicCompilationException: Aborting: dynamic compilation failed
	at xxl.java.compiler.DynamicClassCompiler.runCompilationTask(DynamicClassCompiler.java:88)
	at xxl.java.compiler.DynamicClassCompiler.javaBytecodeFor(DynamicClassCompiler.java:56)
	at fr.inria.lille.commons.spoon.SpoonedFile.compilationFor(SpoonedFile.java:177)
	at fr.inria.lille.commons.spoon.SpoonedFile.compileModelledClasses(SpoonedFile.java:154)
	at fr.inria.lille.commons.spoon.SpoonedFile.processModelledClasses(SpoonedFile.java:138)
	at fr.inria.lille.commons.spoon.SpoonedFile.process(SpoonedFile.java:128)
	at fr.inria.lille.commons.spoon.SpoonedFile.processedAndDumpedToClassLoader(SpoonedFile.java:119)
	at fr.inria.lille.commons.spoon.SpoonedFile.processedAndDumpedToClassLoader(SpoonedFile.java:115)
	at fr.inria.lille.repair.nopol.synth.ConstraintModelBuilder.<init>(ConstraintModelBuilder.java:57)
	at fr.inria.lille.repair.nopol.synth.SynthesizerFactory.getFor(SynthesizerFactory.java:122)
	at fr.inria.lille.repair.nopol.NoPol.solveWithMultipleBuild(NoPol.java:164)
	at fr.inria.lille.repair.nopol.NoPol.build(NoPol.java:119)
	at fr.inria.lille.repair.nopol.NoPol.build(NoPol.java:89)
	at fr.inria.lille.repair.nopol.NoPolLauncher.launch(NoPolLauncher.java:84)
	at fr.inria.lille.repair.Main.main(Main.java:61)
xxl.java.compiler.DynamicCompilationException: Aborting: dynamic compilation failed
	at xxl.java.compiler.DynamicClassCompiler.runCompilationTask(DynamicClassCompiler.java:88)
	at xxl.java.compiler.DynamicClassCompiler.javaBytecodeFor(DynamicClassCompiler.java:56)
	at fr.inria.lille.commons.spoon.SpoonedFile.compilationFor(SpoonedFile.java:177)
	at fr.inria.lille.commons.spoon.SpoonedFile.compileModelledClasses(SpoonedFile.java:154)
	at fr.inria.lille.commons.spoon.SpoonedFile.processModelledClasses(SpoonedFile.java:138)
	at fr.inria.lille.commons.spoon.SpoonedFile.process(SpoonedFile.java:128)
	at fr.inria.lille.commons.spoon.SpoonedFile.processedAndDumpedToClassLoader(SpoonedFile.java:119)
	at fr.inria.lille.commons.spoon.SpoonedFile.processedAndDumpedToClassLoader(SpoonedFile.java:115)
	at fr.inria.lille.repair.nopol.synth.ConstraintModelBuilder.<init>(ConstraintModelBuilder.java:57)
	at fr.inria.lille.repair.nopol.synth.SynthesizerFactory.getFor(SynthesizerFactory.java:122)
	at fr.inria.lille.repair.nopol.NoPol.solveWithMultipleBuild(NoPol.java:164)
	at fr.inria.lille.repair.nopol.NoPol.build(NoPol.java:119)
	at fr.inria.lille.repair.nopol.NoPol.build(NoPol.java:89)
	at fr.inria.lille.repair.nopol.NoPolLauncher.launch(NoPolLauncher.java:84)
	at fr.inria.lille.repair.Main.main(Main.java:61)
java.lang.NullPointerException
	at org.joda.time.tz.CachedDateTimeZone$Info.getOffset(CachedDateTimeZone.java:153)
	at org.joda.time.tz.CachedDateTimeZone$Info.getOffset(CachedDateTimeZone.java:165)
	at org.joda.time.tz.CachedDateTimeZone.getOffset(CachedDateTimeZone.java:55)
	at org.joda.time.DateTimeZone.getOffsetFromLocal(DateTimeZone.java:882)
	at org.joda.time.chrono.ZonedChronology.localToUTC(ZonedChronology.java:140)
	at org.joda.time.chrono.ZonedChronology.getDateTimeMillis(ZonedChronology.java:119)
	at org.joda.time.chrono.AssembledChronology.getDateTimeMillis(AssembledChronology.java:133)
	at org.joda.time.base.BaseDateTime.<init>(BaseDateTime.java:254)
	at org.joda.time.base.BaseDateTime.<init>(BaseDateTime.java:223)
	at org.joda.time.DateTime.<init>(DateTime.java:331)
	at org.joda.time.TestDateTimeZoneCutover.testBug3476684_adjustOffset(TestDateTimeZoneCutover.java:1251)
	at sun.reflect.NativeMethodAccessorImpl.invoke0(Native Method)
	at sun.reflect.NativeMethodAccessorImpl.invoke(NativeMethodAccessorImpl.java:57)
	at sun.reflect.DelegatingMethodAccessorImpl.invoke(DelegatingMethodAccessorImpl.java:43)
	at java.lang.reflect.Method.invoke(Method.java:606)
	at junit.framework.TestCase.runTest(TestCase.java:176)
	at junit.framework.TestCase.runBare(TestCase.java:141)
	at junit.framework.TestResult$1.protect(TestResult.java:122)
	at junit.framework.TestResult.runProtected(TestResult.java:142)
	at junit.framework.TestResult.run(TestResult.java:125)
	at junit.framework.TestCase.run(TestCase.java:129)
	at junit.framework.TestSuite.runTest(TestSuite.java:255)
	at junit.framework.TestSuite.run(TestSuite.java:250)
	at org.junit.internal.runners.JUnit38ClassRunner.run(JUnit38ClassRunner.java:84)
	at org.junit.runner.JUnitCore.run(JUnitCore.java:160)
	at org.junit.runner.JUnitCore.run(JUnitCore.java:138)
	at xxl.java.junit.JUnitSingleTestRunner.call(JUnitSingleTestRunner.java:23)
	at xxl.java.junit.JUnitSingleTestRunner.call(JUnitSingleTestRunner.java:10)
	at java.util.concurrent.FutureTask.run(FutureTask.java:262)
	at java.util.concurrent.ThreadPoolExecutor.runWorker(ThreadPoolExecutor.java:1145)
	at java.util.concurrent.ThreadPoolExecutor$Worker.run(ThreadPoolExecutor.java:615)
	at java.lang.Thread.run(Thread.java:745)
java.lang.NullPointerException
	at org.joda.time.tz.CachedDateTimeZone.getInfo(CachedDateTimeZone.java:110)
	at org.joda.time.tz.CachedDateTimeZone.getOffset(CachedDateTimeZone.java:55)
	at org.joda.time.DateTimeZone.getOffsetFromLocal(DateTimeZone.java:882)
	at org.joda.time.chrono.ZonedChronology.localToUTC(ZonedChronology.java:140)
	at org.joda.time.chrono.ZonedChronology.getDateTimeMillis(ZonedChronology.java:119)
	at org.joda.time.chrono.AssembledChronology.getDateTimeMillis(AssembledChronology.java:133)
	at org.joda.time.base.BaseDateTime.<init>(BaseDateTime.java:254)
	at org.joda.time.base.BaseDateTime.<init>(BaseDateTime.java:223)
	at org.joda.time.DateTime.<init>(DateTime.java:331)
	at org.joda.time.TestDateTimeZoneCutover.testBug3476684_adjustOffset(TestDateTimeZoneCutover.java:1251)
	at sun.reflect.NativeMethodAccessorImpl.invoke0(Native Method)
	at sun.reflect.NativeMethodAccessorImpl.invoke(NativeMethodAccessorImpl.java:57)
	at sun.reflect.DelegatingMethodAccessorImpl.invoke(DelegatingMethodAccessorImpl.java:43)
	at java.lang.reflect.Method.invoke(Method.java:606)
	at junit.framework.TestCase.runTest(TestCase.java:176)
	at junit.framework.TestCase.runBare(TestCase.java:141)
	at junit.framework.TestResult$1.protect(TestResult.java:122)
	at junit.framework.TestResult.runProtected(TestResult.java:142)
	at junit.framework.TestResult.run(TestResult.java:125)
	at junit.framework.TestCase.run(TestCase.java:129)
	at junit.framework.TestSuite.runTest(TestSuite.java:255)
	at junit.framework.TestSuite.run(TestSuite.java:250)
	at org.junit.internal.runners.JUnit38ClassRunner.run(JUnit38ClassRunner.java:84)
	at org.junit.runner.JUnitCore.run(JUnitCore.java:160)
	at org.junit.runner.JUnitCore.run(JUnitCore.java:138)
	at xxl.java.junit.JUnitSingleTestRunner.call(JUnitSingleTestRunner.java:23)
	at xxl.java.junit.JUnitSingleTestRunner.call(JUnitSingleTestRunner.java:10)
	at java.util.concurrent.FutureTask.run(FutureTask.java:262)
	at java.util.concurrent.ThreadPoolExecutor.runWorker(ThreadPoolExecutor.java:1145)
	at java.util.concurrent.ThreadPoolExecutor$Worker.run(ThreadPoolExecutor.java:615)
	at java.lang.Thread.run(Thread.java:745)
java.lang.NullPointerException
	at org.joda.time.tz.CachedDateTimeZone.getInfo(CachedDateTimeZone.java:111)
	at org.joda.time.tz.CachedDateTimeZone.getOffset(CachedDateTimeZone.java:55)
	at org.joda.time.DateTimeZone.getOffsetFromLocal(DateTimeZone.java:882)
	at org.joda.time.chrono.ZonedChronology.localToUTC(ZonedChronology.java:140)
	at org.joda.time.chrono.ZonedChronology.getDateTimeMillis(ZonedChronology.java:119)
	at org.joda.time.chrono.AssembledChronology.getDateTimeMillis(AssembledChronology.java:133)
	at org.joda.time.base.BaseDateTime.<init>(BaseDateTime.java:254)
	at org.joda.time.base.BaseDateTime.<init>(BaseDateTime.java:223)
	at org.joda.time.DateTime.<init>(DateTime.java:331)
	at org.joda.time.TestDateTimeZoneCutover.testBug3476684_adjustOffset(TestDateTimeZoneCutover.java:1251)
	at sun.reflect.NativeMethodAccessorImpl.invoke0(Native Method)
	at sun.reflect.NativeMethodAccessorImpl.invoke(NativeMethodAccessorImpl.java:57)
	at sun.reflect.DelegatingMethodAccessorImpl.invoke(DelegatingMethodAccessorImpl.java:43)
	at java.lang.reflect.Method.invoke(Method.java:606)
	at junit.framework.TestCase.runTest(TestCase.java:176)
	at junit.framework.TestCase.runBare(TestCase.java:141)
	at junit.framework.TestResult$1.protect(TestResult.java:122)
	at junit.framework.TestResult.runProtected(TestResult.java:142)
	at junit.framework.TestResult.run(TestResult.java:125)
	at junit.framework.TestCase.run(TestCase.java:129)
	at junit.framework.TestSuite.runTest(TestSuite.java:255)
	at junit.framework.TestSuite.run(TestSuite.java:250)
	at org.junit.internal.runners.JUnit38ClassRunner.run(JUnit38ClassRunner.java:84)
	at org.junit.runner.JUnitCore.run(JUnitCore.java:160)
	at org.junit.runner.JUnitCore.run(JUnitCore.java:138)
	at xxl.java.junit.JUnitSingleTestRunner.call(JUnitSingleTestRunner.java:23)
	at xxl.java.junit.JUnitSingleTestRunner.call(JUnitSingleTestRunner.java:10)
	at java.util.concurrent.FutureTask.run(FutureTask.java:262)
	at java.util.concurrent.ThreadPoolExecutor.runWorker(ThreadPoolExecutor.java:1145)
	at java.util.concurrent.ThreadPoolExecutor$Worker.run(ThreadPoolExecutor.java:615)
	at java.lang.Thread.run(Thread.java:745)
java.lang.NullPointerException
	at org.joda.time.chrono.BasicChronology.getYearInfo(BasicChronology.java:414)
	at org.joda.time.chrono.BasicChronology.getYearMillis(BasicChronology.java:205)
	at org.joda.time.chrono.BasicChronology.getYearMonthDayMillis(BasicChronology.java:215)
	at org.joda.time.chrono.BasicChronology.getDateMidnightMillis(BasicChronology.java:345)
	at org.joda.time.chrono.BasicChronology.getDateTimeMillis(BasicChronology.java:104)
	at org.joda.time.chrono.GregorianChronology.getDateTimeMillis(GregorianChronology.java:45)
	at org.joda.time.chrono.AssembledChronology.getDateTimeMillis(AssembledChronology.java:133)
	at org.joda.time.chrono.ZonedChronology.getDateTimeMillis(ZonedChronology.java:119)
	at org.joda.time.chrono.AssembledChronology.getDateTimeMillis(AssembledChronology.java:133)
	at org.joda.time.base.BaseDateTime.<init>(BaseDateTime.java:254)
	at org.joda.time.base.BaseDateTime.<init>(BaseDateTime.java:223)
	at org.joda.time.DateTime.<init>(DateTime.java:331)
	at org.joda.time.TestDateTimeZoneCutover.testBug3476684_adjustOffset(TestDateTimeZoneCutover.java:1251)
	at sun.reflect.NativeMethodAccessorImpl.invoke0(Native Method)
	at sun.reflect.NativeMethodAccessorImpl.invoke(NativeMethodAccessorImpl.java:57)
	at sun.reflect.DelegatingMethodAccessorImpl.invoke(DelegatingMethodAccessorImpl.java:43)
	at java.lang.reflect.Method.invoke(Method.java:606)
	at junit.framework.TestCase.runTest(TestCase.java:176)
	at junit.framework.TestCase.runBare(TestCase.java:141)
	at junit.framework.TestResult$1.protect(TestResult.java:122)
	at junit.framework.TestResult.runProtected(TestResult.java:142)
	at junit.framework.TestResult.run(TestResult.java:125)
	at junit.framework.TestCase.run(TestCase.java:129)
	at junit.framework.TestSuite.runTest(TestSuite.java:255)
	at junit.framework.TestSuite.run(TestSuite.java:250)
	at org.junit.internal.runners.JUnit38ClassRunner.run(JUnit38ClassRunner.java:84)
	at org.junit.runner.JUnitCore.run(JUnitCore.java:160)
	at org.junit.runner.JUnitCore.run(JUnitCore.java:138)
	at xxl.java.junit.JUnitSingleTestRunner.call(JUnitSingleTestRunner.java:23)
	at xxl.java.junit.JUnitSingleTestRunner.call(JUnitSingleTestRunner.java:10)
	at java.util.concurrent.FutureTask.run(FutureTask.java:262)
	at java.util.concurrent.ThreadPoolExecutor.runWorker(ThreadPoolExecutor.java:1145)
	at java.util.concurrent.ThreadPoolExecutor$Worker.run(ThreadPoolExecutor.java:615)
	at java.lang.Thread.run(Thread.java:745)
java.lang.NullPointerException
	at org.joda.time.chrono.BasicChronology.getYearInfo(BasicChronology.java:414)
	at org.joda.time.chrono.BasicChronology.getYearMillis(BasicChronology.java:205)
	at org.joda.time.chrono.BasicChronology.getYearMonthDayMillis(BasicChronology.java:215)
	at org.joda.time.chrono.BasicChronology.getDateMidnightMillis(BasicChronology.java:345)
	at org.joda.time.chrono.BasicChronology.getDateTimeMillis(BasicChronology.java:104)
	at org.joda.time.chrono.GregorianChronology.getDateTimeMillis(GregorianChronology.java:45)
	at org.joda.time.chrono.AssembledChronology.getDateTimeMillis(AssembledChronology.java:133)
	at org.joda.time.chrono.ZonedChronology.getDateTimeMillis(ZonedChronology.java:119)
	at org.joda.time.chrono.AssembledChronology.getDateTimeMillis(AssembledChronology.java:133)
	at org.joda.time.base.BaseDateTime.<init>(BaseDateTime.java:254)
	at org.joda.time.base.BaseDateTime.<init>(BaseDateTime.java:223)
	at org.joda.time.DateTime.<init>(DateTime.java:331)
	at org.joda.time.TestDateTimeZoneCutover.testBug3476684_adjustOffset(TestDateTimeZoneCutover.java:1251)
	at sun.reflect.NativeMethodAccessorImpl.invoke0(Native Method)
	at sun.reflect.NativeMethodAccessorImpl.invoke(NativeMethodAccessorImpl.java:57)
	at sun.reflect.DelegatingMethodAccessorImpl.invoke(DelegatingMethodAccessorImpl.java:43)
	at java.lang.reflect.Method.invoke(Method.java:606)
	at junit.framework.TestCase.runTest(TestCase.java:176)
	at junit.framework.TestCase.runBare(TestCase.java:141)
	at junit.framework.TestResult$1.protect(TestResult.java:122)
	at junit.framework.TestResult.runProtected(TestResult.java:142)
	at junit.framework.TestResult.run(TestResult.java:125)
	at junit.framework.TestCase.run(TestCase.java:129)
	at junit.framework.TestSuite.runTest(TestSuite.java:255)
	at junit.framework.TestSuite.run(TestSuite.java:250)
	at org.junit.internal.runners.JUnit38ClassRunner.run(JUnit38ClassRunner.java:84)
	at org.junit.runner.JUnitCore.run(JUnitCore.java:160)
	at org.junit.runner.JUnitCore.run(JUnitCore.java:138)
	at xxl.java.junit.JUnitSingleTestRunner.call(JUnitSingleTestRunner.java:23)
	at xxl.java.junit.JUnitSingleTestRunner.call(JUnitSingleTestRunner.java:10)
	at java.util.concurrent.FutureTask.run(FutureTask.java:262)
	at java.util.concurrent.ThreadPoolExecutor.runWorker(ThreadPoolExecutor.java:1145)
	at java.util.concurrent.ThreadPoolExecutor$Worker.run(ThreadPoolExecutor.java:615)
	at java.lang.Thread.run(Thread.java:745)
xxl.java.compiler.DynamicCompilationException: Aborting: dynamic compilation failed
	at xxl.java.compiler.DynamicClassCompiler.runCompilationTask(DynamicClassCompiler.java:88)
	at xxl.java.compiler.DynamicClassCompiler.javaBytecodeFor(DynamicClassCompiler.java:56)
	at fr.inria.lille.commons.spoon.SpoonedFile.compilationFor(SpoonedFile.java:177)
	at fr.inria.lille.commons.spoon.SpoonedFile.compileModelledClasses(SpoonedFile.java:154)
	at fr.inria.lille.commons.spoon.SpoonedFile.processModelledClasses(SpoonedFile.java:138)
	at fr.inria.lille.commons.spoon.SpoonedFile.process(SpoonedFile.java:128)
	at fr.inria.lille.commons.spoon.SpoonedFile.processedAndDumpedToClassLoader(SpoonedFile.java:119)
	at fr.inria.lille.commons.spoon.SpoonedFile.processedAndDumpedToClassLoader(SpoonedFile.java:115)
	at fr.inria.lille.repair.nopol.synth.ConstraintModelBuilder.<init>(ConstraintModelBuilder.java:57)
	at fr.inria.lille.repair.nopol.synth.SynthesizerFactory.getFor(SynthesizerFactory.java:122)
	at fr.inria.lille.repair.nopol.NoPol.solveWithMultipleBuild(NoPol.java:164)
	at fr.inria.lille.repair.nopol.NoPol.build(NoPol.java:119)
	at fr.inria.lille.repair.nopol.NoPol.build(NoPol.java:89)
	at fr.inria.lille.repair.nopol.NoPolLauncher.launch(NoPolLauncher.java:84)
	at fr.inria.lille.repair.Main.main(Main.java:61)

real	2m9.485s
user	3m13.320s
sys	0m5.572s
