export PATH="/home/tdurieux/defects4j/framework/bin:$PATH";export JAVA_TOOL_OPTIONS=-Dfile.encoding=UTF8;export PATH="/usr/lib/jvm/java-1.7.0-openjdk-amd64/bin/:$PATH";cp -r /home/tdurieux/projects/math/math_26 /tmp/math_26_Genprog;cd /tmp/math_26_Genprog;defects4j compile;mkdir lib/;cp -r /home/tdurieux/defects4j/framework/projects/lib/* lib/;cp -r /home/tdurieux/defects4j/framework/projects/Math/lib/* lib/;find . -type f -name "package-info.java" -delete;
/home/tdurieux/defects4j-repair/src/python/core/../../../results/2015-august/Math/26/Genprog/result
cd /tmp/math_26_Genprog;export JAVA_TOOL_OPTIONS=-Dfile.encoding=UTF8;export PATH="/usr/lib/jvm/java-1.7.0-openjdk-amd64/bin/:$PATH";time java  -cp /home/tdurieux/defects4j-repair/src/python/core/../../..//libs/astor.jar fr.inria.main.evolution.MainjGenProg -mode statement -location . -dependencies lib/ -failing org.apache.commons.math3.fraction.FractionTest: -package org.apache.commons -jvm4testexecution /usr/lib/jvm/java-1.7.0-openjdk-amd64/bin/ -javacompliancelevel 5 -maxgen 1000000 -seed 10 -maxtime 60  -scope local  -stopfirst true -flthreshold 0.1 -population 1 -srcjavafolder src/main/java/ -srctestfolder src/test/java/ -binjavafolder target/classes/ -bintestfolder target/test-classes/;echo "

Node: `hostname`
";echo "
Date: `date`
";rm -rf /tmp/math_26_Genprog;

2015-08-24 22:25:51,091 INFO main - End Repair Loops: NOT Found solution
2015-08-24 22:25:51,091 INFO main - 
Number solutions:0
2015-08-24 22:25:51,091 INFO main - 
All variants:
2015-08-24 22:25:51,091 INFO main - f 1.7976931348623157E308, [Variant id: 1984265, #gens: 0, #ops: 0, parent:-]
2015-08-24 22:25:51,092 INFO main - --Space: LOCAL

2015-08-24 22:25:51,092 INFO main - 
----stats: 
2015-08-24 22:25:51,092 INFO main - 
spaces navigation: [0]: {}
#gen: 992132
#patches: 0
#RightCompilation: 0
#WrongCompilation: 0
#FailingTestCaseExecution: 0
#RegressionTestExecution: 0
#TestcasesExecutedval1: 0
#TestcasesExecutedval2: 0
#FailingTestCase: 0
#RegressionTestCases: 0
#OfAppliedOp: 0
#NotAppliedOp: 0
#InmutatedGen: 0
#unfinishValidation: 0
#ing {}
#untilcompile {}
2015-08-24 22:25:51,092 INFO main - Time Evolution(ms): 3660002
2015-08-24 22:25:51,092 INFO fr.inria.main.AbstractMain - Time Total(ms): 4212691


Node: graphene-38.nancy.grid5000.fr


Date: Tue Aug 25 00:25:51 CEST 2015


