export PATH="/home/tdurieux/defects4j/framework/bin:$PATH";export JAVA_TOOL_OPTIONS=-Dfile.encoding=UTF8;export PATH="/usr/lib/jvm/java-1.7.0-openjdk-amd64/bin/:$PATH";cp -r /home/tdurieux/projects/chart/chart_1 /tmp/chart_1_Genprog;cd /tmp/chart_1_Genprog;defects4j compile;mkdir lib/;cp -r /home/tdurieux/defects4j/framework/projects/lib/* lib/;cp -r /home/tdurieux/defects4j/framework/projects/Chart/lib/* lib/;find . -type f -name "package-info.java" -delete;
/home/tdurieux/defects4j-repair/src/python/core/../../../results/2015-august/Chart/1/Genprog/result
cd /tmp/chart_1_Genprog;export JAVA_TOOL_OPTIONS=-Dfile.encoding=UTF8;TZ="America/New_York"; export TZexport PATH="/usr/lib/jvm/java-1.7.0-openjdk-amd64/bin/:$PATH";time java  -cp /home/tdurieux/defects4j-repair/src/python/core/../../..//libs/astor.jar fr.inria.main.evolution.MainjGenProg -mode statement -location . -dependencies lib/ -failing org.jfree.chart.renderer.category.junit.AbstractCategoryItemRendererTests: -package org.jfree -jvm4testexecution /usr/lib/jvm/java-1.7.0-openjdk-amd64/bin/ -javacompliancelevel 4 -maxgen 1000000 -seed 10 -maxtime 60  -scope local  -stopfirst true -flthreshold 0.1 -population 1 -srcjavafolder source/ -srctestfolder tests/ -binjavafolder build/ -bintestfolder build-tests/;echo "

Node: `hostname`
";echo "
Date: `date`
";rm -rf /tmp/chart_1_Genprog;

2015-08-24 23:42:06,030 INFO main - End Repair Loops: Found solution
2015-08-24 23:42:06,030 INFO main - Solution stored at: ./outputMutation//MainjGenProg-.//src/
2015-08-24 23:42:06,030 INFO main - 
Number solutions:1
2015-08-24 23:42:06,030 INFO main - f (sol): 0.0, [Variant id: 338 (SOL) , #gens: 30, #ops: 1, parent:337]
2015-08-24 23:42:06,030 INFO main - 
All variants:
2015-08-24 23:42:06,030 INFO main - f 1.0, [Variant id: 339, #gens: 31, #ops: 0, parent:-]
2015-08-24 23:42:06,030 INFO main - 
Solution details
2015-08-24 23:42:06,030 INFO main - 
 --SOLUTIONS DESCRIPTION--

 ----
ProgramVariant 338
 
operation: DELETE
location= org.jfree.chart.renderer.category.AbstractCategoryItemRenderer
line= 1798
original statement= return result
fixed statement= return result
generation= 169
ingredientScope= -
 
2015-08-24 23:42:06,030 INFO main - --Space: LOCAL
org.jfree.chart.LegendItemCollection=20|,org.jfree.chart.plot.CategoryPlot=1438|,org.jfree.chart.renderer.category.AbstractCategoryItemRenderer=514|,org.jfree.data.category.DefaultCategoryDataset=85|,
2015-08-24 23:42:06,030 INFO main - 
----stats: 
2015-08-24 23:42:06,030 INFO main - 
spaces navigation: [41]: {(CtLocalVariableImpl| size: 514| compiles| LOCAL| INSERT_AFTER) =4, (CtReturnImpl| size: 8| compiles| LOCAL| REPLACE) =1, (CtReturnImpl| size: 514| notcompiles| LOCAL| INSERT_BEFORE) =4, (CtLocalVariableImpl| size: 122| compiles| LOCAL| REPLACE) =7, (CtIfImpl| size: 514| compiles| LOCAL| INSERT_AFTER) =3, (CtLocalVariableImpl| size: 1438| notcompiles| LOCAL| INSERT_AFTER) =3, (CtLocalVariableImpl| size: 280| compiles| LOCAL| REPLACE) =7, (CtIfImpl| size: 296| alreadyanalyzed| LOCAL| REPLACE) =2, (CtIfImpl| size: 514| compiles| LOCAL| INSERT_BEFORE) =2, (CtIfImpl| size: 1438| notcompiles| LOCAL| INSERT_BEFORE) =4, (CtReturnImpl| size: 514| notcompiles| LOCAL| INSERT_AFTER) =12, (CtLocalVariableImpl| size: 514| notcompiles| LOCAL| INSERT_BEFORE) =3, (CtInvocationImpl| size: 345| alreadyanalyzed| LOCAL| REPLACE) =22, (CtInvocationImpl| size: 345| notcompiles| LOCAL| REPLACE) =89, (CtReturnImpl| size: 1438| notcompiles| LOCAL| INSERT_BEFORE) =1, (CtReturnImpl| size: 60| alreadyanalyzed| LOCAL| REPLACE) =13, (CtReturnImpl| size: 514| compiles| LOCAL| INSERT_BEFORE) =4, (CtReturnImpl| size: 1438| compiles| LOCAL| INSERT_BEFORE) =1, (CtLocalVariableImpl| size: 122| alreadyanalyzed| LOCAL| REPLACE) =1, (CtIfImpl| size: 296| notcompiles| LOCAL| REPLACE) =34, (CtLocalVariableImpl| size: 1438| notcompiles| LOCAL| INSERT_BEFORE) =5, (CtReturnImpl| size: 514| compiles| LOCAL| INSERT_AFTER) =6, (CtLocalVariableImpl| size: 1438| compiles| LOCAL| INSERT_AFTER) =2, (CtIfImpl| size: 296| compiles| LOCAL| REPLACE) =9, (CtIfImpl| size: 1438| notcompiles| LOCAL| INSERT_AFTER) =8, (CtInvocationImpl| size: 1438| notcompiles| LOCAL| INSERT_AFTER) =26, (CtLocalVariableImpl| size: 514| compiles| LOCAL| INSERT_BEFORE) =2, (CtIfImpl| size: 514| notcompiles| LOCAL| INSERT_BEFORE) =8, (CtInvocationImpl| size: 1438| notcompiles| LOCAL| INSERT_BEFORE) =20, (CtReturnImpl| size: 20| alreadyanalyzed| LOCAL| INSERT_BEFORE) =1, (CtLocalVariableImpl| size: 1438| compiles| LOCAL| INSERT_BEFORE) =7, (CtReturnImpl| size: 60| notcompiles| LOCAL| REPLACE) =7, (CtIfImpl| size: 1438| compiles| LOCAL| INSERT_AFTER) =10, (CtInvocationImpl| size: 1438| compiles| LOCAL| INSERT_BEFORE) =15, (CtInvocationImpl| size: 1438| compiles| LOCAL| INSERT_AFTER) =23, (CtInvocationImpl| size: 345| compiles| LOCAL| REPLACE) =14, (CtReturnImpl| size: 60| compiles| LOCAL| REPLACE) =6, (CtLocalVariableImpl| size: 514| notcompiles| LOCAL| INSERT_AFTER) =1, (CtIfImpl| size: 1438| compiles| LOCAL| INSERT_BEFORE) =8, (CtReturnImpl| size: 20| compiles| LOCAL| INSERT_BEFORE) =2, (CtReturnImpl| size: 167| compiles| LOCAL| REPLACE) =1}
#gen: 169
#patches: 1
#RightCompilation: 67
#WrongCompilation: 102
#FailingTestCaseExecution: 68
#RegressionTestExecution: 1
#TestcasesExecutedval1: 680
#TestcasesExecutedval2: 2201
#FailingTestCase: 10
#RegressionTestCases: 2201
#OfAppliedOp: 169
#NotAppliedOp: 0
#InmutatedGen: 0
#unfinishValidation: 0
#ing {CtLocalVariableImpl=33, CtReturnImpl=30, CtInvocationImpl=67, CtIfImpl=39}
#untilcompile {1=62, 2=26, 3=17, 4=11, 5=4, 6=3, 8=3, 9=1, 11=2, 41=1, 13=2, 14=1, 15=1}
2015-08-24 23:42:06,030 INFO main - Time Evolution(ms): 93672
2015-08-24 23:42:06,030 INFO fr.inria.main.AbstractMain - Time Total(ms): 141511


Node: griffon-66.nancy.grid5000.fr


Date: Tue Aug 25 01:42:06 CEST 2015


